@ GetLLMVersion %s "V3.0.0 Dev"
@ Command %s "/afs/cern.ch/work/o/omc/anaconda/bin/python '/afs/cern.ch/work/e/efol/public/Beta-Beat.src/GetLLM/GetLLM.py' '--accel=LHCB1' '--model=/afs/cern.ch/work/e/efol/public/betabeatGui/temp/2017-12-20/models/LHCB1/Multiturn-model_40cm_2041/twiss.dat' '--files=/afs/cern.ch/work/e/efol/public/betabeatGui/temp/2017-12-20/LHCB1/Measurements/Beam1@Turn@2017_09_11@19_02_33_250_dbscanOnCleaned/Beam1@Turn@2017_09_11@19_02_33_250_dbscanOnCleaned.sdds' '--output=/afs/cern.ch/work/e/efol/public/betabeatGui/temp/2017-12-20/LHCB1/Results/40cm_dbscanOnCleanedData' '--tbtana=SUSSIX' '--bpmu=mm' '--lhcphase=1' '--errordefs=/afs/cern.ch/work/e/efol/public/betabeatGui/temp/2017-12-20/models/LHCB1/Multiturn-model_40cm_2041/error_deff.txt'"
@ CWD %s "/home/efol/Workspaces/Accsoft-Eclipse-Pro/lhc-app-beta-beating"
@ Date %s "21. December 2017, 14:57:29"
@ Q1 %le 0.299853386094
@ Q2 %le 0.331421650825
@ RMSbetabeat %le 1.87422084546
@ RescalingFactor %le 1.10951702125
@ FILES %s "/afs/cern.ch/work/e/efol/public/betabeatGui/temp/2017-12-20/LHCB1/Measurements/Beam1@Turn@2017_09_11@19_02_33_250_dbscanOnCleaned/Beam1@Turn@2017_09_11@19_02_33_250_dbscanOnCleaned.sdds.linx"
*            NAME                 S             COUNT              BETX           BETXSTD           BETXMDL            MUXMDL           BETXRES        BETXSTDRES
$              %s               %le               %le               %le               %le               %le               %le               %le               %le
   "BPMYB.5L2.B1"            28.288                 1     139.190165839 1.48323969742e-08       177.1517339      0.0307105773     154.433858189 1.64567969088e-08
   "BPMYB.4L2.B1"            48.858                 1     68.2274077232 1.48323969742e-08       83.42430573     0.05777070718     75.6994701848 1.64567969088e-08
   "BPMWI.4L2.B1"           73.3255                 1     64.9374344126 1.48323969742e-08       79.46384864      0.1106630256     72.0491887973 1.64567969088e-08
   "BPMSX.4L2.B1"          123.4825                 1     140.434590258 1.48323969742e-08       159.6296909      0.1841212942     155.814568264 1.64567969088e-08
    "BPMS.2L2.B1"           161.394                 1     59.2055845057 1.48323969742e-08       60.51586181      0.2375585824     65.6896037623 1.64567969088e-08
   "BPMSW.1L2.B1"           171.328                 1     49.1997949127 1.48323969742e-08       54.94020744      0.2619098945     54.5880098978 1.64567969088e-08
   "BPMSW.1R2.B1"           214.518                 1     48.2002008769 1.48323969742e-08       53.78132057      0.6157627793     53.4789433007 1.64567969088e-08
    "BPMS.2R2.B1"           224.452                 1     142.505968567 1.48323969742e-08       163.3198522      0.6347445753     158.112797756 1.64567969088e-08
   "BPMSX.4R2.B1"          262.3635                 1     70.9718567723 1.48323969742e-08       93.77997746      0.6811952369     78.7444831188 1.64567969088e-08
   "BPMWB.4R2.B1"          312.5965                 1     86.1725279916 1.48323969742e-08       102.1823307      0.7669564086      95.609886571 1.64567969088e-08
   "BPMYB.4R2.B1"           336.988                 1     88.2243059332 1.48323969742e-08       101.4268726      0.8022192363     97.8863691211 1.64567969088e-08
     "BPM.6R2.B1"           439.818                 1     152.233395762 1.48323969742e-08       183.0161833       1.035300704     168.905543801 1.64567969088e-08
   "BPM_A.7R2.B1"           452.693                 1     74.5925257331 1.48323969742e-08       84.69129598       1.051789175     82.7616769591 1.64567969088e-08
     "BPM.8R2.B1"       494.1300106                 1     93.9964519822 1.48323969742e-08       106.4141936       1.137043441     104.290663412 1.64567969088e-08
     "BPM.9R2.B1"       533.1950212                 1     14.9042612814 1.48323969742e-08        15.9858868       1.302613849     16.5365315809 1.64567969088e-08
    "BPM.10R2.B1"       573.6580318                 1     164.173611857 1.48323969742e-08       181.9953665       1.462134842     182.153416796 1.64567969088e-08
    "BPM.11R2.B1"       625.4967424                 1     29.6812653588 1.48323969742e-08       32.31860712       1.566060696     32.9318691279 1.64567969088e-08
    "BPM.14R2.B1"       787.1172901                 1     166.926508563 1.48323969742e-08       180.5063043       1.962332305     185.207802548 1.64567969088e-08
    "BPM.15R2.B1"        840.565806                 1     30.8617756526 1.48323969742e-08       33.77617929       2.072199532     34.2416653926 1.64567969088e-08
    "BPM.16R2.B1"       894.0143219                 1     142.592603976 1.48323969742e-08       159.3057621       2.214397629     158.208921216 1.64567969088e-08
    "BPM.17R2.B1"       947.4628378                 1     32.2657246276 1.48323969742e-08       34.00358741       2.332446493     35.7993706774 1.64567969088e-08
    "BPM.18R2.B1"       1000.911354                 1     166.920286923 1.48323969742e-08       180.4990122       2.462596989     185.200899533 1.64567969088e-08
    "BPM.19R2.B1"        1054.35987                 1      30.530674871 1.48323969742e-08       33.76856551       2.572481689     33.8743034397 1.64567969088e-08
    "BPM.20R2.B1"       1107.808386                 1     142.996592839 1.48323969742e-08       159.3131206       2.714697524     158.657153736 1.64567969088e-08
    "BPM.21R2.B1"       1161.256901                 1     31.4735339737 1.48323969742e-08       34.01120045         2.8327267     34.9204216627 1.64567969088e-08
    "BPM.22R2.B1"       1214.705417                 1     164.368793904 1.48323969742e-08       180.4915873       2.962861683     182.369974599 1.64567969088e-08
    "BPM.23R2.B1"       1268.153933                 1     29.9271644235 1.48323969742e-08       32.28357935       3.075737078     33.2046983257 1.64567969088e-08
    "BPM.27R2.B1"       1481.947997                 1     29.1404227319 1.48323969742e-08        32.1444477       3.581464712     32.3317950275 1.64567969088e-08
    "BPM.28R2.B1"       1535.396513                 1     155.414389025 1.48323969742e-08       161.6924597       3.727213292     172.434909971 1.64567969088e-08
    "BPM.29R2.B1"       1588.845029                 1     32.3155698444 1.48323969742e-08       34.30419083       3.843527967     35.8546747938 1.64567969088e-08
    "BPM.30R2.B1"       1642.293545                 1       169.0084238 1.48323969742e-08       179.5702099       3.973406065     187.517722941 1.64567969088e-08
    "BPM.34R2.B1"       1856.087608                 1     168.630112295 1.48323969742e-08       179.0435469        4.47869988     187.097979887 1.64567969088e-08
    "BPM.33L3.B1"       1909.536124                 1     30.0503403146 1.48323969742e-08        31.8822171       4.592992385     33.3413640735 1.64567969088e-08
    "BPM.32L3.B1"        1962.98464                 1     147.497588826 1.48323969742e-08       162.7451403       4.738917489     163.651085396 1.64567969088e-08
    "BPM.31L3.B1"       2016.433156                 1     31.9192198859 1.48323969742e-08       34.56048233       4.854244488     35.4149177685 1.64567969088e-08
    "BPM.30L3.B1"       2069.881672                 1     161.403777392 1.48323969742e-08       178.4762713         4.9840099     179.080238311 1.64567969088e-08
    "BPM.29L3.B1"       2123.330188                 1     28.1615308122 1.48323969742e-08       31.76040305       5.098790731     31.2456977807 1.64567969088e-08
    "BPM.28L3.B1"       2176.778704                 1     147.067420014 1.48323969742e-08       163.3316918       5.244739765     163.173805778 1.64567969088e-08
    "BPM.27L3.B1"        2230.22722                 1     32.4469252233 1.48323969742e-08       34.67886535       5.359573959     36.0004158225 1.64567969088e-08
    "BPM.26L3.B1"       2283.675735                 1     163.432507404 1.48323969742e-08       177.8711626       5.489337398      181.33114879 1.64567969088e-08
    "BPM.25L3.B1"       2337.124251                 1     30.7591525248 1.48323969742e-08       31.64559612       5.604610723     34.1278032855 1.64567969088e-08
    "BPM.24L3.B1"       2390.572767                 1     149.863808149 1.48323969742e-08       163.9546162       5.750540516     166.276446011 1.64567969088e-08
    "BPM.23L3.B1"       2444.021283                 1     32.4947285871 1.48323969742e-08       34.78995551       5.864885818     36.0534544683 1.64567969088e-08
    "BPM.22L3.B1"       2497.469799                 1     166.862419953 1.48323969742e-08       177.2311858       5.994683583     185.136695145 1.64567969088e-08
    "BPM.21L3.B1"       2550.918315                 1     29.1925078958 1.48323969742e-08       31.53835885       6.110451177     32.3895844034 1.64567969088e-08
    "BPM.20L3.B1"       2604.366831                 1     146.109288945 1.48323969742e-08       163.1672425       6.257193088     162.110743047 1.64567969088e-08
    "BPM.19L3.B1"       2657.815347                 1     31.8299119695 1.48323969742e-08       36.36702505         6.3688608     35.3158291151 1.64567969088e-08
    "BPM.18L3.B1"       2711.263863                 1     172.387163361 1.48323969742e-08       177.2510812       6.494953214     191.266491995 1.64567969088e-08
    "BPM.17L3.B1"       2764.712379                 1     32.4277500778 1.48323969742e-08       31.53213964        6.61075335     35.9791406722 1.64567969088e-08
    "BPM.16L3.B1"       2818.160894                 1     145.455765394 1.48323969742e-08       163.2140611        6.75748585     161.385647544 1.64567969088e-08
    "BPM.13L3.B1"       2978.506442                 1      30.203073999 1.48323969742e-08       31.52595076       7.111055582      33.510824696 1.64567969088e-08
    "BPM.12L3.B1"       3031.954958                 1     160.508717558 1.48323969742e-08       165.7149525       7.256303633      178.08715419 1.64567969088e-08
    "BPM.11L3.B1"       3085.403474                 1     27.1104337265 1.48323969742e-08       29.93219266       7.380910847      30.079487673 1.64567969088e-08
    "BPM.10L3.B1"       3138.184185                 1     164.600186088 1.48323969742e-08       175.9864401       7.522174718     182.626708166 1.64567969088e-08
     "BPM.9L3.B1"       3177.249195                 1     47.6471143515 1.48323969742e-08       53.24474648       7.583522769     52.8652843865 1.64567969088e-08
     "BPM.8L3.B1"       3217.712206                 1     148.421579169 1.48323969742e-08       164.2959028       7.664417355     164.676268409 1.64567969088e-08
     "BPM.7L3.B1"       3256.776216                 1     49.4937934572 1.48323969742e-08       55.13891143       7.727166632     54.9142062871 1.64567969088e-08
     "BPM.6L3.B1"       3329.415216                 1      186.82953453 1.48323969742e-08       213.7359192       7.840624224     207.290548634 1.64567969088e-08
  "BPMWG.A5L3.B1"       3371.119716                 1     58.0088891709 1.48323969742e-08       72.68014082        7.89492617     64.3618499191 1.64567969088e-08
    "BPMW.5L3.B1"       3400.089716                 1     45.1946984098 1.48323969742e-08       59.65413939        7.97317682      50.144287156 1.64567969088e-08
   "BPMWE.4L3.B1"       3475.217716                 1     219.935054087 1.48323969742e-08       265.9798231       8.074883532      244.02168608 1.64567969088e-08
    "BPMW.4L3.B1"       3502.762716                 1     211.536554979 1.48323969742e-08       241.6652601        8.09056014     234.703408366 1.64567969088e-08
    "BPMW.4R3.B1"       3547.727716                 1     37.4159225753 1.48323969742e-08       41.47047719       8.164697911     41.5136029632 1.64567969088e-08
   "BPMWE.4R3.B1"       3575.272716                 1     25.6590475028 1.48323969742e-08         31.195122       8.317993867     28.4691499534 1.64567969088e-08
    "BPMW.5R3.B1"       3650.400716                 1     298.202974896 1.48323969742e-08       370.9335428        8.44104824     330.861276435 1.64567969088e-08
  "BPMWJ.A5R3.B1"       3679.118716                 1     259.041687451 1.48323969742e-08       321.7697782       8.452900622     287.411161441 1.64567969088e-08
   "BPMWC.6R3.B1"       3718.936716                 1      56.559053858 1.48323969742e-08       67.31857841       8.496502549     62.7532329614 1.64567969088e-08
    "BPMR.6R3.B1"       3731.015216                 1     34.5279475659 1.48323969742e-08       40.00073496       8.535692106     38.3093455333 1.64567969088e-08
     "BPM.8R3.B1"       3825.903227                 1     29.5071257081 1.48323969742e-08       36.56673345       8.844918955     32.7386582214 1.64567969088e-08
     "BPM.9R3.B1"       3864.968238                 1     117.787689117 1.48323969742e-08       137.0512693       8.943146289     130.687445969 1.64567969088e-08
    "BPM.10R3.B1"       3905.431248                 1     48.9715028952 1.48323969742e-08       56.04345033       9.014379317     54.3347160185 1.64567969088e-08
    "BPM.11R3.B1"       3958.211959                 1     164.045398198 1.48323969742e-08       174.9530542       9.108657306     182.011161559 1.64567969088e-08
    "BPM.12R3.B1"       4012.935475                 1     42.4890087513 1.48323969742e-08       40.18104704       9.215857112     47.1422784257 1.64567969088e-08
    "BPM.13R3.B1"       4066.383991                 1     165.889347423 1.48323969742e-08       175.7486142       9.334770036      184.05705461 1.64567969088e-08
    "BPM.14R3.B1"       4119.832506                 1     30.8614728656 1.48323969742e-08       35.31549583       9.443591792     34.2413294453 1.64567969088e-08
    "BPM.15R3.B1"       4173.281022                 1     148.561644335 1.48323969742e-08       164.1278919       9.578755936     164.831673095 1.64567969088e-08
    "BPM.16R3.B1"       4226.729538                 1     20.7576093196 1.48323969742e-08       32.41322503        9.69813407     23.0309208606 1.64567969088e-08
    "BPM.18R3.B1"        4333.62657                 1     31.7533628777 1.48323969742e-08       35.31217894       9.943861633     35.2308965948 1.64567969088e-08
    "BPM.19R3.B1"       4387.075086                 1     153.671090008 1.48323969742e-08       164.1047179       10.07904705     170.500690038 1.64567969088e-08
    "BPM.20R3.B1"       4440.523602                 1     31.3745176443 1.48323969742e-08       32.41655101       10.19842804     34.8105613599 1.64567969088e-08
    "BPM.22R3.B1"       4547.420634                 1     29.9698102453 1.48323969742e-08       35.30884388        10.4441315     33.2520145908 1.64567969088e-08
    "BPM.25R3.B1"       4707.766181                 1     163.592442906 1.48323969742e-08       176.1204225       10.84071451     181.508599952 1.64567969088e-08
    "BPM.30R3.B1"       4975.008761                 1     31.3994275667 1.48323969742e-08       35.19795088       11.45459801     34.8381993428 1.64567969088e-08
    "BPM.31R3.B1"       5028.457277                 1     162.146388592 1.48323969742e-08       164.3653558       11.58997198     179.904178078 1.64567969088e-08
    "BPM.32R3.B1"       5081.905793                 1     29.0760242783 1.48323969742e-08       31.21695227       11.71204874     32.2603438471 1.64567969088e-08
    "BPM.33R3.B1"       5135.354309                 1     154.471613935 1.48323969742e-08       177.4707782       11.85145219     171.388884961 1.64567969088e-08
    "BPM.34R3.B1"       5188.802825                 1     31.7316444161 1.48323969742e-08       35.12760163       11.95984513     35.2067995919 1.64567969088e-08
    "BPM.33L4.B1"        5242.25134                 1     152.268148026 1.48323969742e-08       163.7210719       12.09575858     168.944102029 1.64567969088e-08
    "BPM.32L4.B1"       5295.699856                 1     28.5947195588 1.48323969742e-08       31.29209337       12.21795228     31.7263280685 1.64567969088e-08
    "BPM.31L4.B1"       5349.148372                 1     166.747790337 1.48323969742e-08        178.098214       12.35679135     185.009511635 1.64567969088e-08
    "BPM.30L4.B1"       5402.596888                 1     31.7934506239 1.48323969742e-08       35.04776075       12.46510348     35.2753746316 1.64567969088e-08
    "BPM.29L4.B1"       5456.045404                 1     158.784085776 1.48323969742e-08       163.1112529       12.60156739     176.173645872 1.64567969088e-08
    "BPM.28L4.B1"        5509.49392                 1     27.9221883938 1.48323969742e-08        31.3765362       12.72384078     30.9801432936 1.64567969088e-08
    "BPM.27L4.B1"       5562.942436                 1     165.082003394 1.48323969742e-08       178.6896691       12.86211227     183.161292668 1.64567969088e-08
    "BPM.26L4.B1"       5616.390952                 1     31.3034864695 1.48323969742e-08       34.95881945       12.97037452     34.7317510625 1.64567969088e-08
    "BPM.25L4.B1"       5669.839468                 1     148.638076102 1.48323969742e-08       162.5388866        13.1073973     164.916475442 1.64567969088e-08
    "BPM.24L4.B1"       5723.287984                 1     29.5138008463 1.48323969742e-08         31.469867       13.22971261     32.7460644008 1.64567969088e-08
    "BPM.23L4.B1"         5776.7365                 1     162.610244978 1.48323969742e-08       179.2422452       13.36741618     180.418834633 1.64567969088e-08
    "BPM.22L4.B1"       5830.185015                 1     31.9391302014 1.48323969742e-08       34.86121351       13.47565965     35.4370086025 1.64567969088e-08
    "BPM.21L4.B1"       5883.633531                 1      152.78235354 1.48323969742e-08       162.0067777       13.61324706       169.5146218 1.64567969088e-08
    "BPM.20L4.B1"       5937.082047                 1     30.2485758565 1.48323969742e-08       32.88428042       13.73251994     33.5613097815 1.64567969088e-08
    "BPM.19L4.B1"       5990.530563                 1     163.444058929 1.48323969742e-08       177.5667392       13.86701995     181.343965404 1.64567969088e-08
    "BPM.18L4.B1"       6043.979079                 1     30.8882322479 1.48323969742e-08       34.84092437       13.97593236     34.2710194354 1.64567969088e-08
    "BPM.17L4.B1"       6097.427595                 1     153.778918509 1.48323969742e-08       161.9930993       14.11354197     170.620327596 1.64567969088e-08
    "BPM.16L4.B1"       6150.876111                 1     32.9525370019 1.48323969742e-08       32.88934887        14.2328097     36.5614006971 1.64567969088e-08
    "BPM.15L4.B1"       6204.324627                 1     166.073144258 1.48323969742e-08       177.5803688         14.367289     184.260980327 1.64567969088e-08
    "BPM.14L4.B1"       6257.773143                 1     32.2793670635 1.48323969742e-08        34.8358498       14.47620588     35.8145071922 1.64567969088e-08
    "BPM.13L4.B1"       6311.221659                 1     157.003693907 1.48323969742e-08       161.9795185       14.61383691      174.19827079 1.64567969088e-08
    "BPM.12L4.B1"       6364.670174                 1     30.5895342485 1.48323969742e-08       32.08291075       14.73495331     33.9396089209 1.64567969088e-08
    "BPM.11L4.B1"        6418.11869                 1     161.763655275 1.48323969742e-08       175.7375792       14.87260648     179.479528947 1.64567969088e-08
    "BPM.10L4.B1"       6469.957401                 1     33.4201610915 1.48323969742e-08       33.06663816       14.98203498      37.080237584 1.64567969088e-08
     "BPM.9L4.B1"       6509.022412                 1     94.2570893467 1.48323969742e-08       105.8483827       15.10815527     104.579845004 1.64567969088e-08
     "BPM.8L4.B1"       6549.485422                 1     21.3355476475 1.48323969742e-08       20.19056672       15.24715149     23.6721532726 1.64567969088e-08
     "BPM.7L4.B1"       6588.549433                 1     92.5820755461 1.48323969742e-08       110.5800885        15.4185443     102.721388681 1.64567969088e-08
   "BPMYB.6L4.B1"       6685.153433                 1     104.707755424 1.48323969742e-08       133.8799566       15.55303491       116.1750369 1.64567969088e-08
   "BPMYA.5L4.B1"       6722.153433                 1     354.198516188 1.48323969742e-08         424.29007       15.57904232     392.989282613 1.64567969088e-08
  "BPMWI.A5L4.B1"       6798.755933                 1     262.435268725 1.48323969742e-08       318.5810442       15.61111939     291.176397627 1.64567969088e-08
  "BPMWA.B5L4.B1"       6824.619933                 1     241.083764347 1.48323969742e-08       283.4316006       15.62483513      267.48654009 1.64567969088e-08
  "BPMWA.A5L4.B1"       6833.504933                 1     224.314302335 1.48323969742e-08       272.8601656       15.62992091     248.880536551 1.64567969088e-08
  "BPMWA.A5R4.B1"       6881.553933                 1     185.421049802 1.48323969742e-08       229.0117166       15.66070432     205.727810854 1.64567969088e-08
  "BPMWA.B5R4.B1"       6890.438933                 1     178.702599768 1.48323969742e-08       223.3666447       15.66695823     198.273576185 1.64567969088e-08
   "BPMYB.5R4.B1"       6992.829433                 1     194.634286756 1.48323969742e-08       231.6295468       15.74447957     215.950054075 1.64567969088e-08
   "BPMYA.6R4.B1"       7024.393433                 1     428.017250559 1.48323969742e-08        515.870197       15.75903249     474.892424884 1.64567969088e-08
     "BPM.7R4.B1"       7120.909433                 1     19.9091489365 1.48323969742e-08       21.54511547       15.92616669     22.0895396237 1.64567969088e-08
     "BPM.8R4.B1"       7158.698443                 1     101.588341793 1.48323969742e-08       111.1705448       16.07955285      112.71399438 1.64567969088e-08
     "BPM.9R4.B1"       7197.763454                 1     17.9964102616 1.48323969742e-08       19.84176826       16.21148303     19.9673235067 1.64567969088e-08
    "BPM.10R4.B1"       7238.226465                 1     141.113177137 1.48323969742e-08       148.9304019       16.37108623     156.567471956 1.64567969088e-08
    "BPM.11R4.B1"       7290.065175                 1     29.6616886031 1.48323969742e-08       32.50178677       16.48830677     32.9101483842 1.64567969088e-08
    "BPM.12R4.B1"       7344.788691                 1     151.616533384 1.48323969742e-08       174.4131392       16.62792159     168.221124493 1.64567969088e-08
    "BPM.13R4.B1"       7398.237207                 1     31.7762680261 1.48323969742e-08       35.75236044       16.73639002     35.2563102468 1.64567969088e-08
    "BPM.14R4.B1"       7451.685723                 1     158.959788355 1.48323969742e-08       168.3439607       16.86842681     176.368590875 1.64567969088e-08
    "BPM.15R4.B1"       7505.134239                 1     30.4954540758 1.48323969742e-08       31.36606306       16.98837996     33.8352253679 1.64567969088e-08
    "BPM.16R4.B1"       7558.582755                 1     159.013365393 1.48323969742e-08        175.774888       17.12847014      176.42803551 1.64567969088e-08
    "BPM.17R4.B1"       7612.031271                 1     35.6594073122 1.48323969742e-08       35.76582385       17.23636302     39.5647193806 1.64567969088e-08
    "BPM.18R4.B1"       7665.479786                 1     154.581160568 1.48323969742e-08       168.3479905       17.36839671     171.510428815 1.64567969088e-08
    "BPM.19R4.B1"       7718.928302                 1      29.136602575 1.48323969742e-08       31.36590685       17.48834844     32.3275564984 1.64567969088e-08
    "BPM.20R4.B1"       7772.376818                 1     159.219511588 1.48323969742e-08       175.7708579       17.62844131     176.656758222 1.64567969088e-08
    "BPM.21R4.B1"       7825.825334                 1     31.5385445697 1.48323969742e-08        35.7659799       17.73633538     34.9925520256 1.64567969088e-08
    "BPM.22R4.B1"        7879.27385                 1     155.962034787 1.48323969742e-08       168.3520209       17.86836661     173.042532265 1.64567969088e-08
    "BPM.23R4.B1"       7932.722366                 1     29.4088083126 1.48323969742e-08        31.3665894       17.98831494     32.6295733975 1.64567969088e-08
    "BPM.24R4.B1"       7986.170882                 1     150.197564021 1.48323969742e-08       175.7685136       18.12840706     166.646753832 1.64567969088e-08
    "BPM.25R4.B1"       8039.619398                 1     35.9191547303 1.48323969742e-08       35.76619259       18.23630162     39.8529135623 1.64567969088e-08
    "BPM.26R4.B1"       8093.067914                 1     162.187792515 1.48323969742e-08       168.3569433       18.36832984     179.950116435 1.64567969088e-08
    "BPM.27R4.B1"        8146.51643                 1     28.8767537995 1.48323969742e-08       31.36639928       18.48827645      32.039249859 1.64567969088e-08
    "BPM.28R4.B1"       8199.964946                 1     160.751472102 1.48323969742e-08       175.7635908       18.62837185     178.356494488 1.64567969088e-08
    "BPM.29R4.B1"       8253.413461                 1     32.7323956164 1.48323969742e-08       35.76638249       18.73626786     36.3171500827 1.64567969088e-08
    "BPM.31R4.B1"       8360.310493                 1     31.9648141598 1.48323969742e-08        31.3662096       18.98823795     35.4655053915 1.64567969088e-08
    "BPM.32R4.B1"       8413.759009                 1     153.842053857 1.48323969742e-08       175.7586672       19.12833663     170.690377339 1.64567969088e-08
    "BPM.33R4.B1"       8467.207525                 1     30.3855426088 1.48323969742e-08       35.76657194        19.2362341     33.7132767244 1.64567969088e-08
    "BPM.34R4.B1"       8520.656041                 1     156.234250869 1.48323969742e-08       168.3667905       19.36825631     173.344560642 1.64567969088e-08
    "BPM.33L5.B1"       8574.104557                 1      28.848740878 1.48323969742e-08       31.36602038       19.48819945     32.0081690458 1.64567969088e-08
    "BPM.32L5.B1"       8627.553073                 1     151.601664588 1.48323969742e-08       175.7537429       19.62830141     168.204627311 1.64567969088e-08
    "BPM.31L5.B1"       8681.001589                 1      32.083561603 1.48323969742e-08       35.76676093       19.73620034     35.5972577009 1.64567969088e-08
    "BPM.30L5.B1"       8734.450105                 1     156.238384176 1.48323969742e-08       168.3717152       19.86821955     173.349146616 1.64567969088e-08
    "BPM.29L5.B1"        8787.89862                 1     28.0716398613 1.48323969742e-08       31.36583161       19.98816096     31.1459622405 1.64567969088e-08
    "BPM.28L5.B1"       8841.347136                 1     159.621547805 1.48323969742e-08       175.7488178       20.12826619     177.102824248 1.64567969088e-08
    "BPM.27L5.B1"       8894.795652                 1     30.6925360994 1.48323969742e-08       35.76694948       20.23616658     34.0538912276 1.64567969088e-08
    "BPM.26L5.B1"       8948.244168                 1     160.538921489 1.48323969742e-08       168.3766406       20.36818279     178.120665965 1.64567969088e-08
    "BPM.25L5.B1"       9001.692684                 1      20.309710457 1.48323969742e-08        31.3656433       20.48812246     22.5339694487 1.64567969088e-08
    "BPM.24L5.B1"         9055.1412                 1     155.896815553 1.48323969742e-08        175.743892       20.62823098     172.970170415 1.64567969088e-08
    "BPM.23L5.B1"       9108.589716                 1     31.9060906185 1.48323969742e-08       35.76713757       20.73613282     35.4003506228 1.64567969088e-08
    "BPM.22L5.B1"       9162.038232                 1     163.445168141 1.48323969742e-08       168.3815669       20.86814603     181.345196093 1.64567969088e-08
    "BPM.21L5.B1"       9215.486748                 1     29.0393179027 1.48323969742e-08       31.36545543       20.98808396     32.2196174986 1.64567969088e-08
    "BPM.20L5.B1"       9268.935264                 1     163.155766754 1.48323969742e-08       175.7367281       21.12819692     181.024100329 1.64567969088e-08
    "BPM.19L5.B1"       9322.383779                 1     30.4998932909 1.48323969742e-08       35.76631454       21.23610284     33.8401507526 1.64567969088e-08
    "BPM.17L5.B1"       9429.280811                 1     31.4936738268 1.48323969742e-08       31.36530202       21.48805244     34.9427671725 1.64567969088e-08
    "BPM.16L5.B1"       9482.729327                 1     157.926095897 1.48323969742e-08       175.7326949       21.62816809     175.221691497 1.64567969088e-08
    "BPM.15L5.B1"       9536.177843                 1     33.2691913409 1.48323969742e-08        35.7664678        21.7360752      36.912734076 1.64567969088e-08
    "BPM.14L5.B1"       9589.626359                 1     165.809980944 1.48323969742e-08       168.3895931       21.86808584     183.968996151 1.64567969088e-08
    "BPM.13L5.B1"       9643.074875                 1     30.8515569257 1.48323969742e-08       31.36514891       21.98802093     34.2303275412 1.64567969088e-08
    "BPM.12L5.B1"       9696.523391                 1     160.178446886 1.48323969742e-08       172.3651049       22.12993182     177.720713257 1.64567969088e-08
    "BPM.11L5.B1"       9749.971907                 1     35.1823363034 1.48323969742e-08       40.09649446        22.2320436      39.035400976 1.64567969088e-08
    "BPM.10L5.B1"       9802.752617                 1     145.420578888 1.48323969742e-08       148.5657784       22.35895129     161.346607516 1.64567969088e-08
     "BPM.9L5.B1"       9841.817628                 1     18.0226752351 1.48323969742e-08       19.94999097       22.47176515     19.9964649418 1.64567969088e-08
     "BPM.8L5.B1"       9882.280639                 1     117.405728528 1.48323969742e-08       123.6463183       22.65981144     130.263654195 1.64567969088e-08
    "BPMR.5L5.B1"       9990.140649                 1     375.022208552 1.48323969742e-08       452.1118489       22.87128183     416.093523736 1.64567969088e-08
   "BPMYA.4L5.B1"       10017.54665                 1     814.486783465 1.48323969742e-08       1026.060262       22.87781266     903.686949839 1.64567969088e-08
   "BPMWB.4L5.B1"       10038.68115                 1      1039.1908655 1.48323969742e-08       1278.157626       22.88069495      1152.9999536 1.64567969088e-08
   "BPMSY.4L5.B1"       10131.46115                 1      2024.0900115 1.48323969742e-08       2399.160588       22.88913132     2245.76232031 1.64567969088e-08
    "BPMS.2L5.B1"       10158.24665                 1     2944.41027655 1.48323969742e-08       3752.328769       22.89031483     3266.87331939 1.64567969088e-08
   "BPMSW.1L5.B1"       10168.21165                 1     965.917949452 1.48323969742e-08       1121.108197        22.8911824     1071.70240605 1.64567969088e-08
   "BPMSW.1R5.B1"       10211.33965                 1     989.862974272 1.48323969742e-08       1125.962039       23.38507157     1098.26981866 1.64567969088e-08
   "BPMWB.4R5.B1"       10340.87015                 1     679.148124612 1.48323969742e-08       785.7236725       23.39536389     753.526404208 1.64567969088e-08
   "BPMYA.4R5.B1"       10362.00265                 1     295.338677119 1.48323969742e-08       353.8292001       23.40186474     327.683289297 1.64567969088e-08
     "BPM.5R5.B1"       10383.12065                 1     146.492643176 1.48323969742e-08       159.9402018       23.41601191     162.536081092 1.64567969088e-08
    "BPMR.6R5.B1"       10415.02065                 1     7.18323612371 1.48323969742e-08       8.300261333         23.581167     7.96992274693 1.64567969088e-08
   "BPM_A.7R5.B1"       10449.03465                 1     125.139991782 1.48323969742e-08       141.4078201       23.84321808     138.844950921 1.64567969088e-08
     "BPM.8R5.B1"       10490.47364                 1     18.1124139557 1.48323969742e-08       17.30997942       23.96315398     20.0960315798 1.64567969088e-08
     "BPM.9R5.B1"       10529.54063                 1     97.6267352758 1.48323969742e-08        116.202738       24.16977302     108.318524518 1.64567969088e-08
    "BPM.10R5.B1"       10570.00562                 1     34.9430688448 1.48323969742e-08       40.40930468       24.25605254     38.7699296581 1.64567969088e-08
    "BPM.11R5.B1"       10622.78831                 1     171.121982631 1.48323969742e-08       177.3831489       24.37468068     189.862752439 1.64567969088e-08
    "BPM.12R5.B1"       10677.51479                 1     31.6196202653 1.48323969742e-08       32.60852176       24.49276643     35.0825068899 1.64567969088e-08
    "BPM.13R5.B1"       10730.96627                 1     157.928535187 1.48323969742e-08       175.9434467       24.62914192     175.224397931 1.64567969088e-08
    "BPM.14R5.B1"       10784.41776                 1     31.6312392876 1.48323969742e-08       35.75922259        24.7370135     35.0953983929 1.64567969088e-08
    "BPM.15R5.B1"       10837.86924                 1     158.735252014 1.48323969742e-08       168.2627331         24.869117     176.119463983 1.64567969088e-08
    "BPM.16R5.B1"       10891.32073                 1     31.0875602119 1.48323969742e-08       31.36724834       24.98911164     34.4921772043 1.64567969088e-08
    "BPM.17R5.B1"       10944.77221                 1     161.707557427 1.48323969742e-08       175.8858141       25.12914818     179.417287431 1.64567969088e-08
    "BPM.18R5.B1"        10998.2237                 1     30.6319704018 1.48323969742e-08       35.75918637       25.23701962     33.9866925553 1.64567969088e-08
    "BPM.19R5.B1"       11051.67518                 1     156.799592395 1.48323969742e-08       168.2618434       25.36912367     173.971816687 1.64567969088e-08
    "BPM.20R5.B1"       11105.12666                 1     28.7244103061 1.48323969742e-08       31.36728456       25.48911862     31.8702221601 1.64567969088e-08
    "BPM.21R5.B1"       11158.57815                 1     155.881300651 1.48323969742e-08       175.8867038       25.62915456     172.952956367 1.64567969088e-08
    "BPM.22R5.B1"       11212.02963                 1     32.0876764463 1.48323969742e-08       35.75915015       25.73702574     35.6018231896 1.64567969088e-08
    "BPM.23R5.B1"       11265.48112                 1     162.708506613 1.48323969742e-08       168.2634146       25.86912912     180.527857589 1.64567969088e-08
    "BPM.24R5.B1"        11318.9326                 1     29.1295915834 1.48323969742e-08       31.36816637       25.98912128     32.3197776839 1.64567969088e-08
    "BPM.25R5.B1"       11372.38408                 1     150.964231106 1.48323969742e-08       175.8867456       26.12915456     167.497384013 1.64567969088e-08
    "BPM.26R5.B1"       11425.83557                 1     32.5873127187 1.48323969742e-08       35.75915015       26.23702574     36.1561781382 1.64567969088e-08
    "BPM.27R5.B1"       11479.28705                 1      162.41944812 1.48323969742e-08       168.2634146       26.36912912     180.207142271 1.64567969088e-08
    "BPM.28R5.B1"       11532.73854                 1     29.3105479096 1.48323969742e-08       31.36816637       26.48912128      32.520551808 1.64567969088e-08
    "BPM.29R5.B1"       11586.19002                 1     166.783032069 1.48323969742e-08       175.8867456       26.62915456     185.048612937 1.64567969088e-08
    "BPM.30R5.B1"        11639.6415                 1     33.7223626933 1.48323969742e-08       35.75915015       26.73702574     37.4155354051 1.64567969088e-08
    "BPM.31R5.B1"       11693.09299                 1     161.769253416 1.48323969742e-08       168.2634146       26.86912912     179.485740181 1.64567969088e-08
    "BPM.32R5.B1"       11746.54447                 1     27.9882454678 1.48323969742e-08       31.36816637       26.98912128     31.0534347415 1.64567969088e-08
    "BPM.33R5.B1"       11799.99596                 1     157.084173313 1.48323969742e-08       175.8867456       27.12915456      174.28756406 1.64567969088e-08
    "BPM.34R5.B1"       11853.44744                 1     33.8878456601 1.48323969742e-08       35.75915015       27.23702574     37.5991415734 1.64567969088e-08
    "BPM.33L6.B1"       11906.89893                 1      160.71643907 1.48323969742e-08       168.2634146       27.36912912     178.317624743 1.64567969088e-08
    "BPM.32L6.B1"       11960.35041                 1     29.9771277678 1.48323969742e-08       31.36816637       27.48912128     33.2601335067 1.64567969088e-08
    "BPM.29L6.B1"       12120.70486                 1     167.029176206 1.48323969742e-08       168.2634146       27.86912912     185.321714047 1.64567969088e-08
    "BPM.28L6.B1"       12174.15635                 1     30.4342758912 1.48323969742e-08       31.36816637       27.98912128     33.7673471308 1.64567969088e-08
    "BPM.27L6.B1"       12227.60783                 1      161.54738206 1.48323969742e-08       175.8867456       28.12915456     179.239570134 1.64567969088e-08
    "BPM.26L6.B1"       12281.05931                 1      32.044930905 1.48323969742e-08       35.75915015       28.23702574     35.5543962839 1.64567969088e-08
    "BPM.25L6.B1"        12334.5108                 1     156.736782761 1.48323969742e-08       168.2634146       28.36912912     173.902128329 1.64567969088e-08
    "BPM.24L6.B1"       12387.96228                 1      29.373402018 1.48323969742e-08       31.36816637       28.48912128      32.590289511 1.64567969088e-08
    "BPM.22L6.B1"       12494.86525                 1     32.2752909774 1.48323969742e-08       35.75915015       28.73702574     35.8099847053 1.64567969088e-08
    "BPM.21L6.B1"       12548.31673                 1     161.974373426 1.48323969742e-08       168.2634146       28.86912912     179.713324322 1.64567969088e-08
    "BPM.20L6.B1"       12601.76822                 1     30.9596399014 1.48323969742e-08       31.36732828       28.98912326     34.3502474424 1.64567969088e-08
    "BPM.19L6.B1"        12655.2197                 1     156.933327112 1.48323969742e-08       175.8850565       29.12915998     174.120197633 1.64567969088e-08
    "BPM.18L6.B1"       12708.67119                 1     33.2488648027 1.48323969742e-08       35.75909161       29.23703186     36.8901814359 1.64567969088e-08
    "BPM.17L6.B1"       12762.12267                 1     161.713061527 1.48323969742e-08        168.262525       29.36913579     179.423394323 1.64567969088e-08
    "BPM.16L6.B1"       12815.57415                 1     28.0259478413 1.48323969742e-08       31.36736448       29.48913024     31.0952661667 1.64567969088e-08
    "BPM.15L6.B1"       12869.02564                 1     157.564251271 1.48323969742e-08       175.8859462       29.62916636     174.820218726 1.64567969088e-08
    "BPM.14L6.B1"       12922.47712                 1     31.4019886425 1.48323969742e-08        35.7590554       29.73703798        34.8410409 1.64567969088e-08
    "BPM.13L6.B1"       12975.92861                 1     157.892513587 1.48323969742e-08       168.2616353       29.86914246     175.184431353 1.64567969088e-08
    "BPM.12L6.B1"       13029.38009                 1     29.0374866052 1.48323969742e-08       30.78067222       29.99054813     32.2175856429 1.64567969088e-08
    "BPM.11L6.B1"       13082.83158                 1     158.126914851 1.48323969742e-08       181.7925202       30.12937556     175.444503545 1.64567969088e-08
    "BPM.10L6.B1"       13134.67226                 1     25.7283910128 1.48323969742e-08       31.60928228       30.23918814     28.5460877581 1.64567969088e-08
     "BPM.9L6.B1"       13173.73925                 1     122.949083351 1.48323969742e-08       134.0627938       30.35483346     136.414100725 1.64567969088e-08
     "BPM.8L6.B1"       13214.20424                 1     15.3100712798 1.48323969742e-08       17.65558322       30.48355616     16.9867846815 1.64567969088e-08
   "BPMYA.5L6.B1"       13311.29423                 1     522.305700638 1.48323969742e-08       616.5545995       30.72800304     579.507065155 1.64567969088e-08
   "BPMYB.4L6.B1"       13347.69423                 1     200.860155739 1.48323969742e-08       240.3899517       30.74225348     222.857761684 1.64567969088e-08
   "BPMSA.4R6.B1"       13568.51473                 1     206.910973916 1.48323969742e-08       238.7515706       30.94882731     229.571247444 1.64567969088e-08
   "BPMYA.4R6.B1"       13691.29423                 1     443.074027919 1.48323969742e-08       539.4498459       31.00439961     491.598175651 1.64567969088e-08
   "BPMYB.5R6.B1"       13727.69423                 1     98.1597649837 1.48323969742e-08       114.5906637       31.02665116     108.909930052 1.64567969088e-08
    "BPM.11R6.B1"       13954.79389                 1     35.4147947691 1.48323969742e-08       37.60485249       31.75018016     39.2933176004 1.64567969088e-08
    "BPM.12R6.B1"       14009.52037                 1      152.17253436 1.48323969742e-08        165.208622       31.88340212      168.83801704 1.64567969088e-08
    "BPM.13R6.B1"       14062.97186                 1     27.1337345651 1.48323969742e-08       30.92113284       32.00585345     30.1053403501 1.64567969088e-08
    "BPM.14R6.B1"       14116.42334                 1     167.819893337 1.48323969742e-08        180.174393       32.14513714     186.199028162 1.64567969088e-08
    "BPM.17R6.B1"       14276.77779                 1      28.862597626 1.48323969742e-08       31.06505389       32.51529848     32.0235433436 1.64567969088e-08
    "BPM.20R6.B1"       14437.13225                 1     156.881939875 1.48323969742e-08       166.8548466       32.90378165     174.063182618 1.64567969088e-08
    "BPM.21R6.B1"       14490.58373                 1     29.5582539926 1.48323969742e-08       31.19560573       33.02470436     32.7953859232 1.64567969088e-08
    "BPM.22R6.B1"       14544.03522                 1     176.770161697 1.48323969742e-08       181.3783926       33.16260999     196.129503252 1.64567969088e-08
    "BPM.23R6.B1"        14597.4867                 1     31.4439063249 1.48323969742e-08       34.73445384       33.27029924     34.8875492822 1.64567969088e-08
    "BPM.24R6.B1"       14650.93818                 1     152.119313833 1.48323969742e-08       165.0172788       33.40696396     168.778967959 1.64567969088e-08
    "BPM.25R6.B1"       14704.38967                 1     27.5747207776 1.48323969742e-08       31.24358054        33.5286392      30.594622059 1.64567969088e-08
    "BPM.26R6.B1"       14757.84115                 1     167.107543409 1.48323969742e-08        181.757115       33.66616571     185.408663792 1.64567969088e-08
    "BPM.27R6.B1"       14811.29264                 1     32.1231804195 1.48323969742e-08       34.67069092       33.77383909     35.6412154521 1.64567969088e-08
    "BPM.29R6.B1"        14918.1956                 1     29.7799732512 1.48323969742e-08       31.30922962       34.03256689     33.0413872146 1.64567969088e-08
    "BPM.30R6.B1"       14971.64709                 1     174.743602805 1.48323969742e-08       182.1172079       34.16971421     193.881001667 1.64567969088e-08
    "BPM.31R6.B1"       15025.09857                 1     31.6015690946 1.48323969742e-08        34.6031918       34.27738565     35.0624788088 1.64567969088e-08
    "BPM.32R6.B1"       15078.55006                 1     145.301506231 1.48323969742e-08       164.2972912       34.41480614     161.214494377 1.64567969088e-08
    "BPM.33R6.B1"       15132.00154                 1     27.7368641413 1.48323969742e-08       31.37854163       34.53648613     30.7745228809 1.64567969088e-08
    "BPM.34R6.B1"       15185.45302                 1     171.878711797 1.48323969742e-08       182.4578788       34.67325589      190.70235633 1.64567969088e-08
    "BPM.33L7.B1"       15238.90451                 1     33.5393769773 1.48323969742e-08       34.53210505       34.78093931     37.2125096385 1.64567969088e-08
    "BPM.32L7.B1"       15292.35599                 1     151.316432662 1.48323969742e-08       163.9666154       34.91873966     167.888157634 1.64567969088e-08
    "BPM.31L7.B1"       15345.80748                 1     28.1479112113 1.48323969742e-08       31.45136399        35.0403965     31.2305866016 1.64567969088e-08
    "BPM.30L7.B1"       15399.25896                 1     169.162808066 1.48323969742e-08       182.7783776       35.17679116     187.689014912 1.64567969088e-08
    "BPM.29L7.B1"       15452.71045                 1     33.8963803802 1.48323969742e-08       34.45758715       35.28450048     37.6086109906 1.64567969088e-08
    "BPM.28L7.B1"       15506.16193                 1     151.561769433 1.48323969742e-08       163.6564699       35.42268088     168.160362958 1.64567969088e-08
    "BPM.27L7.B1"       15559.61341                 1     29.9248985524 1.48323969742e-08       31.52753642       35.54429762     33.2021843032 1.64567969088e-08
    "BPM.26L7.B1"        15613.0649                 1     166.280346843 1.48323969742e-08       183.0779991       35.68032044     184.490875122 1.64567969088e-08
    "BPM.25L7.B1"       15666.51638                 1     32.4120715969 1.48323969742e-08       34.37980212       35.78806953     35.9617451308 1.64567969088e-08
    "BPM.24L7.B1"       15719.96787                 1     145.917965372 1.48323969742e-08       163.3675374       35.92662932     161.898466287 1.64567969088e-08
    "BPM.23L7.B1"       15773.41935                 1     29.5543360989 1.48323969742e-08       31.60689124       36.04818912     32.7910389535 1.64567969088e-08
    "BPM.22L7.B1"       15826.87083                 1     168.182729053 1.48323969742e-08       183.3560835       36.18384415     186.601600565 1.64567969088e-08
    "BPM.21L7.B1"       15880.32232                 1     32.6793996126 1.48323969742e-08       34.29892118       36.29164683     36.2583501145 1.64567969088e-08
    "BPM.16L7.B1"       16147.57974                 1     165.809108375 1.48323969742e-08       163.7301776       36.93931177     183.968028021 1.64567969088e-08
    "BPM.15L7.B1"       16201.03122                 1     26.7000282958 1.48323969742e-08       30.58503181       37.06321315     29.6241358621 1.64567969088e-08
    "BPM.14L7.B1"       16254.48271                 1     168.209741157 1.48323969742e-08       185.2663559       37.20098379     186.631570954 1.64567969088e-08
    "BPM.13L7.B1"       16307.93419                 1     32.4495563421 1.48323969742e-08        33.9196374       37.30881116     36.0033350937 1.64567969088e-08
    "BPM.12L7.B1"       16361.38567                 1     142.743339777 1.48323969742e-08       157.7552839       37.45198433     158.376165153 1.64567969088e-08
    "BPM.11L7.B1"       16414.83716                 1     27.2839390171 1.48323969742e-08        30.8553783       37.57814193     30.2719947463 1.64567969088e-08
    "BPM.10L7.B1"       16467.61985                 1     148.164301163 1.48323969742e-08       170.4940859       37.71716338     164.390814083 1.64567969088e-08
     "BPM.9L7.B1"       16506.68684                 1     25.9423008793 1.48323969742e-08       26.66375875       37.80578493      28.783424396 1.64567969088e-08
     "BPM.7L7.B1"       16586.21782                 1     58.3311448895 1.48323969742e-08       66.70885309       38.09104468      64.719398124 1.64567969088e-08
     "BPM.6L7.B1"       16621.03582                 1     219.049780952 1.48323969742e-08       247.8545208       38.13718886     243.039460467 1.64567969088e-08
   "BPMWC.6L7.B1"       16633.13832                 1     214.012674243 1.48323969742e-08       247.1202554       38.14450228     237.450704836 1.64567969088e-08
   "BPMWE.5L7.B1"       16710.19232                 1     24.4082438951 1.48323969742e-08       29.43295422       38.32400472     27.0813620605 1.64567969088e-08
    "BPMW.5L7.B1"       16733.39732                 1     52.2838092722 1.48323969742e-08       62.30021128       38.42324199     58.0097763234 1.64567969088e-08
   "BPMWE.4L7.B1"       16768.48232                 1     216.220576963 1.48323969742e-08       259.6044069       38.46772666     239.900410486 1.64567969088e-08
    "BPMW.4L7.B1"       16796.58732                 1      279.78349675 1.48323969742e-08       320.5143308        38.4819178     310.424551909 1.64567969088e-08
    "BPMW.4R7.B1"       16912.63432                 1     42.3842786607 1.48323969742e-08       48.45390015       38.67253895     47.0260786076 1.64567969088e-08
    "BPMW.5R7.B1"       16975.82432                 1      287.06186451 1.48323969742e-08       325.7181849       38.77511741     318.500024826 1.64567969088e-08
   "BPMWE.5R7.B1"       16999.02932                 1     302.118553268 1.48323969742e-08       366.4415632       38.78503605     335.205677286 1.64567969088e-08
    "BPMR.6R7.B1"       17078.24482                 1     53.6418142069 1.48323969742e-08       57.75897841       38.87667637     59.5165059134 1.64567969088e-08
   "BPM_A.7R7.B1"       17116.28082                 1     111.015356182 1.48323969742e-08       119.6841796        38.9609361     123.173427304 1.64567969088e-08
     "BPM.9R7.B1"        17194.4138                 1     106.386167095 1.48323969742e-08       114.3210552       39.27604755     118.037263218 1.64567969088e-08
    "BPM.10R7.B1"       17234.87878                 1     32.4944302661 1.48323969742e-08       33.98479034       39.37414015     36.0531234761 1.64567969088e-08
    "BPM.11R7.B1"       17287.66147                 1     155.654363155 1.48323969742e-08       169.0736537       39.50824619     172.701165352 1.64567969088e-08
    "BPM.12R7.B1"       17342.38796                 1     30.5362211308 1.48323969742e-08       31.79964567        39.6312589     33.8804571094 1.64567969088e-08
    "BPM.13R7.B1"       17395.83944                 1     165.476937341 1.48323969742e-08       181.8565373       39.76702564     183.599478604 1.64567969088e-08
    "BPM.14R7.B1"       17449.29093                 1     29.7621134651 1.48323969742e-08       31.89532697       39.88014641      33.021571478 1.64567969088e-08
    "BPM.15R7.B1"       17502.74241                 1     150.538464636 1.48323969742e-08       166.2318675       40.02439181     167.024988867 1.64567969088e-08
    "BPM.16R7.B1"       17556.19389                 1     30.1308452126 1.48323969742e-08       32.68635289       40.14213283     33.4306856281 1.64567969088e-08
    "BPM.17R7.B1"       17609.64538                 1     160.049879199 1.48323969742e-08       181.5111463       40.27571873     177.578065221 1.64567969088e-08
    "BPM.18R7.B1"       17663.09686                 1     28.7248327232 1.48323969742e-08       31.72444772       40.38935114      31.870690839 1.64567969088e-08
    "BPM.19R7.B1"       17716.54835                 1     162.482808148 1.48323969742e-08       166.6584227       40.53388246     180.277441301 1.64567969088e-08
    "BPM.24R7.B1"       17983.80577                 1     32.2796448432 1.48323969742e-08       34.42545946        41.1585411     35.8148153935 1.64567969088e-08
    "BPM.25R7.B1"       18037.25725                 1     167.274355702 1.48323969742e-08       180.6948446       41.28800121      185.59374487 1.64567969088e-08
    "BPM.26R7.B1"       18090.70874                 1     29.6174551484 1.48323969742e-08       31.48284302       41.40250177     32.8610706134 1.64567969088e-08
    "BPM.27R7.B1"       18144.16022                 1     158.308690396 1.48323969742e-08        166.103156       41.54811612     175.646186607 1.64567969088e-08
    "BPM.28R7.B1"        18197.6117                 1     33.3792208476 1.48323969742e-08       34.50138657       41.66210552     37.0348136866 1.64567969088e-08
    "BPM.29R7.B1"       18251.06319                 1     171.165689688 1.48323969742e-08       180.2700031       41.79157832     189.911246163 1.64567969088e-08
    "BPM.30R7.B1"       18304.51467                 1     28.6312073294 1.48323969742e-08       31.40857721       41.90640831      31.766811871 1.64567969088e-08
    "BPM.31R7.B1"       18357.96616                 1     156.187727242 1.48323969742e-08       166.5357945        42.0519979     173.292941886 1.64567969088e-08
    "BPM.32R7.B1"       18411.41764                 1     33.3994168811 1.48323969742e-08        34.5739502       42.16566227     37.0572215294 1.64567969088e-08
    "BPM.33R7.B1"       18464.86912                 1     171.490428285 1.48323969742e-08       179.8298058       42.29516402     190.271549164 1.64567969088e-08
    "BPM.34R7.B1"       18518.32061                 1     29.1149961251 1.48323969742e-08        31.3377557       42.41032389     32.3035837745 1.64567969088e-08
    "BPM.33L8.B1"       18571.77209                 1     153.867651575 1.48323969742e-08       166.9833084       42.55586943     170.718778442 1.64567969088e-08
    "BPM.32L8.B1"       18625.22358                 1     32.8091972933 1.48323969742e-08       34.64299061       42.66921175     36.4023628505 1.64567969088e-08
    "BPM.31L8.B1"       18678.67506                 1     165.303281355 1.48323969742e-08       179.3752216       42.79875866     183.406804332 1.64567969088e-08
    "BPM.30L8.B1"       18732.12654                 1     29.4113825706 1.48323969742e-08       31.27053438       42.91424811     32.6324295806 1.64567969088e-08
    "BPM.29L8.B1"       18785.57803                 1      157.39970744 1.48323969742e-08       167.4447128       43.05973044     174.637654545 1.64567969088e-08
    "BPM.28L8.B1"       18839.02951                 1     32.7300298751 1.48323969742e-08       34.70835585       43.17275434     36.3145252525 1.64567969088e-08
    "BPM.25L8.B1"       18999.38397                 1     163.092214825 1.48323969742e-08       167.9189918       43.56358068     180.953588382 1.64567969088e-08
    "BPM.22L8.B1"       19159.73842                 1     30.0769122533 1.48323969742e-08        31.1474759       43.92212072     33.3708460918 1.64567969088e-08
    "BPM.21L8.B1"        19213.1899                 1     159.108853652 1.48323969742e-08       168.4051017       44.06741991     176.533981358 1.64567969088e-08
    "BPM.20L8.B1"       19266.64139                 1     31.3797640292 1.48323969742e-08       33.41318129       44.18266011     34.8163823132 1.64567969088e-08
    "BPM.19L8.B1"       19320.09287                 1     159.884863795 1.48323969742e-08       179.1839366       44.31544428     177.394977821 1.64567969088e-08
    "BPM.14L8.B1"       19587.35029                 1     28.8397566752 1.48323969742e-08       30.90751204       44.94099408     31.9982009199 1.64567969088e-08
    "BPM.13L8.B1"       19640.80177                 1     149.892117794 1.48323969742e-08        170.128478        45.0860863     166.307856044 1.64567969088e-08
    "BPM.12L8.B1"       19694.25326                 1     29.6648402006 1.48323969742e-08       33.45229143       45.20052808     32.9136451352 1.64567969088e-08
    "BPM.11L8.B1"       19747.70474                 1     159.986162811 1.48323969742e-08       173.7999312       45.33584777     177.507370804 1.64567969088e-08
    "BPM.10L8.B1"       19799.54543                 1     34.4583976849 1.48323969742e-08       34.49607754        45.4435696     38.2321787564 1.64567969088e-08
     "BPM.9L8.B1"       19838.61242                 1      104.27897244 1.48323969742e-08       113.1403981       45.56186395      115.69929488 1.64567969088e-08
     "BPM.8L8.B1"       19879.07741                 1      13.683273064 1.48323969742e-08       15.71458834       45.71904613      15.181824371 1.64567969088e-08
     "BPM.7L8.B1"        19918.1454                 1     136.166702247 1.48323969742e-08       151.8152984        45.8896479     151.079273871 1.64567969088e-08
    "BPMR.6L8.B1"        19950.6144                 1     12.4527049238 1.48323969742e-08       14.29912146       46.00867957     13.8164880736 1.64567969088e-08
   "BPMYB.4L8.B1"        20031.8004                 1     134.443991088 1.48323969742e-08       155.7587187       46.27344261     149.167896518 1.64567969088e-08
   "BPMWB.4L8.B1"        20056.1919                 1      195.40159435 1.48323969742e-08       236.1358085       46.29520455     216.801394911 1.64567969088e-08
    "BPMS.2L8.B1"        20144.3364                 1     171.781868437 1.48323969742e-08       198.0621234         46.332066     190.594906973 1.64567969088e-08
   "BPMSW.1L8.B1"        20154.2704                 1     140.825610524 1.48323969742e-08       159.0713072       46.33994893     156.248411904 1.64567969088e-08
   "BPMSW.1R8.B1"        20197.4604                 1     130.555001396 1.48323969742e-08       164.5874465       46.79694516     144.852996258 1.64567969088e-08
    "BPMS.2R8.B1"        20207.3944                 1     489.652736433 1.48323969742e-08       543.7863244       46.80287893     543.278045575 1.64567969088e-08
   "BPMSX.4R8.B1"        20245.3059                 1       273.7424019 1.48323969742e-08       341.3521851       46.81604825     303.721854346 1.64567969088e-08
   "BPMWB.4R8.B1"        20295.4629                 1     259.186931361 1.48323969742e-08       286.6764719       46.84167732     287.572312031 1.64567969088e-08
   "BPMYB.4R8.B1"        20319.9304                 1     192.221930986 1.48323969742e-08       221.1122661       46.85608363     213.273504287 1.64567969088e-08
   "BPMYB.5R8.B1"        20340.5074                 1     55.5248499813 1.48323969742e-08       63.35812232       46.88389401     61.6057661567 1.64567969088e-08
     "BPM.6R8.B1"        20424.6154                 1      138.39246145 1.48323969742e-08       151.2086882       47.24248404     153.548791592 1.64567969088e-08
   "BPM_A.7R8.B1"        20446.8554                 1      50.311152563 1.48323969742e-08       51.94011794       47.28285626     55.8210801274 1.64567969088e-08
    "BPM.10R8.B1"       20567.82043                 1     167.890235434 1.48323969742e-08       183.5078849       47.72021445     186.277073916 1.64567969088e-08
    "BPM.11R8.B1"       20619.65914                 1     35.7471149864 1.48323969742e-08       38.23914355       47.81399887      39.662032538 1.64567969088e-08
    "BPM.12R8.B1"       20674.38266                 1     143.891664608 1.48323969742e-08       153.5340576       47.95223819     159.650251099 1.64567969088e-08
    "BPM.13R8.B1"       20727.83117                 1      28.923931542 1.48323969742e-08       32.76559303       48.07598801     32.0915943674 1.64567969088e-08
    "BPM.14R8.B1"       20781.27969                 1     164.224534643 1.48323969742e-08       183.3333075       48.20803824     182.209916493 1.64567969088e-08
    "BPM.15R8.B1"       20834.72821                 1     29.7130560699 1.48323969742e-08       34.29450056        48.3159251     32.9671414629 1.64567969088e-08
    "BPM.16R8.B1"       20888.17672                 1     140.480911943 1.48323969742e-08       160.7879665       48.45600172     155.865962962 1.64567969088e-08
    "BPM.17R8.B1"       20941.62524                 1      31.791361117 1.48323969742e-08       32.83691656       48.57596202      35.273056288 1.64567969088e-08
    "BPM.18R8.B1"       20995.07375                 1     159.929400715 1.48323969742e-08       183.3324982       48.70801059     177.444392292 1.64567969088e-08
    "BPM.23R8.B1"       21262.31633                 1     31.5664665563 1.48323969742e-08       34.29704845       49.31586564      35.023531945 1.64567969088e-08
    "BPM.24R8.B1"       21315.76485                 1     146.060986346 1.48323969742e-08       160.7919766       49.45593276     162.057150492 1.64567969088e-08
    "BPM.25R8.B1"       21369.21337                 1     31.4718976527 1.48323969742e-08       32.83519232       49.57589514     34.9186061368 1.64567969088e-08
    "BPM.26R8.B1"       21422.66188                 1     171.698874396 1.48323969742e-08       183.3306935       49.70794919     190.502823673 1.64567969088e-08
    "BPM.29R8.B1"       21583.00743                 1     30.7771814963 1.48323969742e-08       32.83423323       50.07585837     34.1478067363 1.64567969088e-08
    "BPM.30R8.B1"       21636.45594                 1     171.766714255 1.48323969742e-08       183.3296974       50.20791543     190.578093151 1.64567969088e-08
    "BPM.31R8.B1"       21689.90446                 1     33.5225634879 1.48323969742e-08       34.29896662       50.31579523     37.1938547858 1.64567969088e-08
    "BPM.32R8.B1"       21743.35298                 1     157.469205037 1.48323969742e-08       160.7939688       50.45585577     174.714763311 1.64567969088e-08
    "BPM.33R8.B1"       21796.80149                 1     30.5842943309 1.48323969742e-08        32.8332743       50.57582159     33.9337951431 1.64567969088e-08
    "BPM.34R8.B1"       21850.25001                 1     174.225422272 1.48323969742e-08       183.3286991       50.70788167     193.306071546 1.64567969088e-08
    "BPM.33L1.B1"       21903.69852                 1     30.9631373169 1.48323969742e-08       34.29992548       50.81576002     34.3541278845 1.64567969088e-08
    "BPM.32L1.B1"       21957.14704                 1     157.135229833 1.48323969742e-08       160.7949683       50.95581728     174.344212138 1.64567969088e-08
    "BPM.31L1.B1"       22010.59556                 1       30.01826975 1.48323969742e-08       32.83231551       51.07578482     33.3057812362 1.64567969088e-08
    "BPM.28L1.B1"        22170.9411                 1     153.376916039 1.48323969742e-08       160.7959701       51.45577878     170.174299013 1.64567969088e-08
    "BPM.27L1.B1"       22224.38962                 1     30.9326755276 1.48323969742e-08       32.83135688       51.57574804     34.3203300107 1.64567969088e-08
    "BPM.26L1.B1"       22277.83814                 1      168.60132778 1.48323969742e-08       183.3266954       51.70781414     187.066042978 1.64567969088e-08
    "BPM.25L1.B1"       22331.28665                 1     33.4656492733 1.48323969742e-08       34.30184275       51.81568962      37.130707496 1.64567969088e-08
    "BPM.24L1.B1"       22384.73517                 1     158.517247385 1.48323969742e-08       160.7969743       51.95574029     175.877584135 1.64567969088e-08
    "BPM.22L1.B1"        22491.6322                 1     170.978176679 1.48323969742e-08         183.32569       52.20778038     189.703197288 1.64567969088e-08
    "BPM.21L1.B1"       22545.08071                 1     33.6727356379 1.48323969742e-08       34.30280116       52.31565442     37.3604733424 1.64567969088e-08
    "BPM.20L1.B1"       22598.52923                 1     149.288077683 1.48323969742e-08       160.7957509       52.45570307     165.637663259 1.64567969088e-08
    "BPM.19L1.B1"       22651.97775                 1     31.1426224548 1.48323969742e-08       32.82947747       52.57567671        34.5532697 1.64567969088e-08
    "BPM.18L1.B1"       22705.42626                 1     169.889835775 1.48323969742e-08       183.3247436       52.70774866      188.49566453 1.64567969088e-08
    "BPM.17L1.B1"       22758.87478                 1     32.7765076325 1.48323969742e-08       34.30370148       52.81562135     36.3660931154 1.64567969088e-08
    "BPM.16L1.B1"       22812.32329                 1     148.853848787 1.48323969742e-08       160.7966984       52.95566691     165.155878908 1.64567969088e-08
    "BPM.15L1.B1"       22865.77181                 1     29.8741910543 1.48323969742e-08       32.82857721       53.07564215     33.1459234708 1.64567969088e-08
    "BPM.14L1.B1"       22919.22033                 1      168.00995833 1.48323969742e-08        183.323795       53.20771694     186.409908507 1.64567969088e-08
    "BPM.13L1.B1"       22972.66884                 1     31.7438421268 1.48323969742e-08       34.30460166       53.31558828     35.2203331596 1.64567969088e-08
    "BPM.12L1.B1"       23026.11736                 1     147.829092815 1.48323969742e-08       157.4482936       53.45759147     164.018894715 1.64567969088e-08
    "BPM.11L1.B1"       23079.56587                 1     31.6959279856 1.48323969742e-08       36.65524126       53.57123821     35.1671716044 1.64567969088e-08
     "BPM.9L1.B1"        23171.4116                 1     21.5747081818 1.48323969742e-08       22.09359526       53.80082234     23.9375059562 1.64567969088e-08
    "BPMR.7L1.B1"       23250.94062                 1     27.9046294037 1.48323969742e-08       30.19851435       54.09384246     30.9606612951 1.64567969088e-08
    "BPMR.5L1.B1"       23326.02462                 1     24203.7991632 1.48323969742e-08       596.0015265       54.21251061     26854.5271505 1.64567969088e-08
   "BPMYA.4L1.B1"       23347.14262                 1     958.119638522 1.48323969742e-08       1126.744993        54.2166125     1063.05004734 1.64567969088e-08
   "BPMWB.4L1.B1"       23368.27512                 1     1205.22221363 1.48323969742e-08       1406.733828       54.21923405     1337.21456042 1.64567969088e-08
   "BPMSY.4L1.B1"       23461.05512                 1     2201.91856241 1.48323969742e-08       2656.503969       54.22687558     2443.06612441 1.64567969088e-08
    "BPMS.2L1.B1"       23487.84062                 1     3553.95052628 1.48323969742e-08       4157.995798       54.22794403     3943.16860159 1.64567969088e-08
   "BPMSW.1L1.B1"       23497.79062                 1     1063.10615173 1.48323969742e-08        1244.72144       54.22872482     1179.53437074 1.64567969088e-08
   "BPMSW.1R1.B1"       23540.93362                 1     1076.65109172 1.48323969742e-08       1243.277489       54.72320408     1194.56271221 1.64567969088e-08
    "BPMS.2R1.B1"       23550.89862                 1     1490.04443925 1.48323969742e-08       1567.899171       54.72420953     1653.22966776 1.64567969088e-08
   "BPMSY.4R1.B1"       23577.68412                 1     4544.86860352 1.48323969742e-08       5509.374366       54.72575951     5042.60907496 1.64567969088e-08
   "BPMWB.4R1.B1"       23670.46412                 1     713.625894957 1.48323969742e-08       873.3076785       54.73249345     791.780077261 1.64567969088e-08
   "BPMYA.4R1.B1"       23691.59662                 1     307.138096091 1.48323969742e-08       394.5799829       54.73833231     340.774945488 1.64567969088e-08
     "BPM.5R1.B1"       23719.00462                 1     106.965742523 1.48323969742e-08       126.6633837       54.75757997      118.68031202 1.64567969088e-08
    "BPMR.6R1.B1"       23750.90462                 1     8.06161318667 1.48323969742e-08       8.524410772       55.04325612     8.94449704936 1.64567969088e-08
   "BPMSX.7R1.B1"       23757.12012                 1     19.7226934998 1.48323969742e-08       20.50565354       55.12115048     21.8826641429 1.64567969088e-08
     "BPM.8R1.B1"       23820.06761                 1     18.9982675817 1.48323969742e-08       19.26695895       55.29306698     21.0789012562 1.64567969088e-08
     "BPM.9R1.B1"        23859.1346                 1     95.2048321882 1.48323969742e-08       103.6328435       55.50184133     105.631381818 1.64567969088e-08
    "BPM.10R1.B1"       23899.59958                 1     35.3685560116 1.48323969742e-08       37.94897859       55.59716646      39.242014912 1.64567969088e-08
    "BPM.11R1.B1"       23952.38227                 1     184.595454325 1.48323969742e-08       194.2686184       55.71375625     204.811798619 1.64567969088e-08
    "BPM.12R1.B1"       24007.10876                 1     35.9487862116 1.48323969742e-08       35.51057049       55.81993645     39.8857901951 1.64567969088e-08
    "BPM.13R1.B1"       24060.56024                 1     145.387066574 1.48323969742e-08       160.8381018       55.95672705     161.309425033 1.64567969088e-08
    "BPM.14R1.B1"       24114.01173                 1     30.6248680167 1.48323969742e-08       32.85258835       56.07666141     33.9788123382 1.64567969088e-08
    "BPM.15R1.B1"       24167.46321                 1     175.378287586 1.48323969742e-08       183.3631992       56.20866364     194.585195235 1.64567969088e-08
    "BPM.16R1.B1"       24220.91469                 1     33.3388407207 1.48323969742e-08       34.27370559       56.31658601     36.9900112484 1.64567969088e-08
    "BPM.17R1.B1"       24274.36618                 1     152.429367036 1.48323969742e-08         160.78445       56.45673391     169.122977265 1.64567969088e-08
    "BPM.18R1.B1"       24327.81766                 1     31.6896701935 1.48323969742e-08       32.85276278       56.57666808     35.1602284775 1.64567969088e-08
    "BPM.19R1.B1"       24381.26915                 1     167.943160338 1.48323969742e-08       183.3633705       56.70866976     186.335794998 1.64567969088e-08
    "BPM.20R1.B1"       24434.72063                 1     31.7874297258 1.48323969742e-08       34.27353117        56.8165924     35.2686943426 1.64567969088e-08
    "BPM.21R1.B1"       24488.17211                 1     158.412893647 1.48323969742e-08       160.7842788       56.95674089     175.761801888 1.64567969088e-08
    "BPM.23R1.B1"       24595.07508                 1     173.746223198 1.48323969742e-08       183.3660149       57.20867476     192.774392017 1.64567969088e-08
    "BPM.24R1.B1"       24648.52657                 1     31.2606039112 1.48323969742e-08       34.27441281       57.31659484     34.6841721341 1.64567969088e-08
    "BPM.25R1.B1"       24701.97805                 1     147.359399614 1.48323969742e-08        160.784317       57.45674089     163.497762114 1.64567969088e-08
    "BPM.26R1.B1"       24755.42954                 1     30.4690175091 1.48323969742e-08        32.8529372       57.57667474     33.8058935472 1.64567969088e-08
    "BPM.27R1.B1"       24808.88102                 1     176.265630093 1.48323969742e-08       183.3660149       57.70867476      195.56971685 1.64567969088e-08
    "BPM.28R1.B1"        24862.3325                 1     29.1527778456 1.48323969742e-08       34.27441281       57.81659484     32.3455032365 1.64567969088e-08
    "BPM.29R1.B1"       24915.78399                 1     145.100674981 1.48323969742e-08        160.784317       57.95674089     160.991668686 1.64567969088e-08
    "BPM.30R1.B1"       24969.23547                 1     32.4727869112 1.48323969742e-08        32.8529372       58.07667474     36.0291098055 1.64567969088e-08
    "BPM.32L2.B1"       25289.94438                 1     31.5198545518 1.48323969742e-08       34.27441281       58.81659484     34.9718151326 1.64567969088e-08
    "BPM.31L2.B1"       25343.39586                 1     141.463793963 1.48323969742e-08        160.784317       58.95674089     156.956487292 1.64567969088e-08
    "BPM.30L2.B1"       25396.84734                 1     31.0033319655 1.48323969742e-08        32.8529372       59.07667474     34.3987245313 1.64567969088e-08
    "BPM.29L2.B1"       25450.29883                 1      166.00876485 1.48323969742e-08       183.3660149       59.20867476     184.189550278 1.64567969088e-08
    "BPM.28L2.B1"       25503.75031                 1     30.7700455536 1.48323969742e-08       34.27441281       59.31659484     34.1398892864 1.64567969088e-08
    "BPM.27L2.B1"        25557.2018                 1     149.510022113 1.48323969742e-08        160.784317       59.45674089     165.883914382 1.64567969088e-08
    "BPM.26L2.B1"       25610.65328                 1     31.1062090358 1.48323969742e-08        32.8529372       59.57667474     34.5128683919 1.64567969088e-08
    "BPM.25L2.B1"       25664.10477                 1     172.138597009 1.48323969742e-08       183.3660149       59.70867476     190.990703395 1.64567969088e-08
    "BPM.24L2.B1"       25717.55625                 1      31.142201134 1.48323969742e-08       34.27441281       59.81659484     34.5528022374 1.64567969088e-08
    "BPM.23L2.B1"       25771.00773                 1     146.656850612 1.48323969742e-08        160.784317       59.95674089     162.718272037 1.64567969088e-08
    "BPM.22L2.B1"       25824.45922                 1     31.3035308568 1.48323969742e-08        32.8529372       60.07667474     34.7318003109 1.64567969088e-08
    "BPM.21L2.B1"        25877.9107                 1     167.860600679 1.48323969742e-08       183.3660149       60.20867476     186.244193651 1.64567969088e-08
    "BPM.16L2.B1"       26145.16812                 1     33.1099279478 1.48323969742e-08       34.27326192       60.81660304     36.7360286305 1.64567969088e-08
    "BPM.15L2.B1"       26198.61961                 1      152.34952522 1.48323969742e-08       160.7817664       60.95675379     169.034391412 1.64567969088e-08
    "BPM.14L2.B1"       26252.07109                 1      31.679380897 1.48323969742e-08       32.85326558       61.07668806     35.1488123279 1.64567969088e-08
    "BPM.13L2.B1"       26305.52257                 1     167.924220042 1.48323969742e-08       183.3663571         61.208687     186.314780417 1.64567969088e-08
    "BPM.12L2.B1"       26358.97406                 1     28.7114589717 1.48323969742e-08       32.10686703       61.32087451     31.8558524341 1.64567969088e-08
    "BPM.11L2.B1"       26412.42554                 1      158.89282443 1.48323969742e-08       163.4255268       61.46596462      176.29429326 1.64567969088e-08
    "BPM.10L2.B1"       26464.26623                 1     30.5051643749 1.48323969742e-08       31.78444102       61.58286953       33.84599911 1.64567969088e-08
     "BPM.9L2.B1"       26503.33322                 1     116.627936585 1.48323969742e-08       123.2972355       61.70154111     129.400680795 1.64567969088e-08
     "BPM.8L2.B1"       26543.79821                 1      17.702421459 1.48323969742e-08       18.51206702       61.83382504     19.6411379261 1.64567969088e-08
     "BPM.7L2.B1"        26582.8662                 1     97.4260159655 1.48323969742e-08       109.8850023       62.02411283     108.095823026 1.64567969088e-08
    "BPMR.6L2.B1"        26614.9722                 1     22.6200845596 1.48323969742e-08       24.54569767        62.1243505     25.0973688411 1.64567969088e-08