@ GetLLMVersion %s "V3.0.0 Dev"
@ Command %s "/afs/cern.ch/work/o/omc/anaconda/bin/python '/afs/cern.ch/work/e/efol/public/Beta-Beat.src/GetLLM/GetLLM.py' '--accel=LHCB1' '--model=/afs/cern.ch/work/e/efol/public/betabeatGui/temp/2017-12-20/models/LHCB1/Multiturn-model_40cm_2041/twiss.dat' '--files=/afs/cern.ch/work/e/efol/public/betabeatGui/temp/2017-12-20/LHCB1/Measurements/Beam1@Turn@2017_09_11@19_02_33_250_dbscanOnCleaned/Beam1@Turn@2017_09_11@19_02_33_250_dbscanOnCleaned.sdds' '--output=/afs/cern.ch/work/e/efol/public/betabeatGui/temp/2017-12-20/LHCB1/Results/40cm_dbscanOnCleanedData' '--tbtana=SUSSIX' '--bpmu=mm' '--lhcphase=1' '--errordefs=/afs/cern.ch/work/e/efol/public/betabeatGui/temp/2017-12-20/models/LHCB1/Multiturn-model_40cm_2041/error_deff.txt'"
@ CWD %s "/home/efol/Workspaces/Accsoft-Eclipse-Pro/lhc-app-beta-beating"
@ Date %s "21. December 2017, 14:57:29"
@ Q1 %le 0.299853386094
@ Q2 %le 0.331421650825
@ RMSbetabeat %le 0.0661746435064
@ RescalingFactor %le 1.02054700127
@ FILES %s "/afs/cern.ch/work/e/efol/public/betabeatGui/temp/2017-12-20/LHCB1/Measurements/Beam1@Turn@2017_09_11@19_02_33_250_dbscanOnCleaned/Beam1@Turn@2017_09_11@19_02_33_250_dbscanOnCleaned.sdds.liny"
*            NAME                 S             COUNT              BETY           BETYSTD           BETYMDL            MUYMDL           BETYRES        BETYSTDRES
$              %s               %le               %le               %le               %le               %le               %le               %le               %le
   "BPMYB.5L2.B1"            28.288                 1     36.6431112057 1.48323969742e-08       36.79270806      0.1253734494     37.3960172583 1.51371582537e-08
   "BPMYB.4L2.B1"            48.858                 1     98.0532270542 1.48323969742e-08       101.7337616      0.1799473837     100.067926835 1.51371582537e-08
   "BPMWI.4L2.B1"           73.3255                 1     104.307843448 1.48323969742e-08       109.1955534      0.2140933253      106.45105684 1.51371582537e-08
   "BPMSX.4L2.B1"          123.4825                 1     104.894469133 1.48323969742e-08       109.0509593      0.2901034415     107.049735924 1.51371582537e-08
    "BPMS.2L2.B1"           161.394                 1     190.099641537 1.48323969742e-08       187.2656009      0.3301845247     194.005619114 1.51371582537e-08
   "BPMSW.1L2.B1"           171.328                 1     57.4158594961 1.48323969742e-08       60.57107152      0.3468791826     58.5955832343 1.51371582537e-08
   "BPMSW.1R2.B1"           214.518                 1     59.2462895233 1.48323969742e-08       59.21667092      0.7186849694     60.4636231096 1.51371582537e-08
    "BPMS.2R2.B1"           224.452                 1     65.2921422077 1.48323969742e-08       67.53675791       0.740873163     66.6336999368 1.51371582537e-08
   "BPMSX.4R2.B1"          262.3635                 1     178.695713634 1.48323969742e-08       185.5131129      0.7875864765      182.36737469 1.51371582537e-08
   "BPMWB.4R2.B1"          312.5965                 1      81.505898814 1.48323969742e-08       88.87633786      0.8515579821     83.1806006207 1.51371582537e-08
   "BPMYB.4R2.B1"           336.988                 1     81.5332436269 1.48323969742e-08       85.96644093      0.9005400248     83.2085072875 1.51371582537e-08
    "BPMR.5R2.B1"           366.522                 1     165.673327158 1.48323969742e-08       174.5396444      0.9352754339     169.077417222 1.51371582537e-08
     "BPM.6R2.B1"           439.818                 1     40.9531960659 1.48323969742e-08       43.11908205       1.212247596     41.7946614377 1.51371582537e-08
   "BPM_A.7R2.B1"           452.693                 1     106.041775466 1.48323969742e-08       111.4300463       1.241982113     108.220615962 1.51371582537e-08
     "BPM.8R2.B1"       494.1300106                 1     43.0567906138 1.48323969742e-08       40.18921261       1.329086933     43.9414785454 1.51371582537e-08
     "BPM.9R2.B1"       533.1950212                 1     133.925562615 1.48323969742e-08       127.8156363       1.430560351      136.67733132 1.51371582537e-08
    "BPM.10R2.B1"       573.6580318                 1     22.1344712261 1.48323969742e-08       21.70338425       1.549002685     22.5892682346 1.51371582537e-08
    "BPM.11R2.B1"       625.4967424                 1     195.820763733 1.48323969742e-08       187.1609046       1.726662106     199.844293215 1.51371582537e-08
    "BPM.14R2.B1"       787.1172901                 1     33.3810215641 1.48323969742e-08       32.62744691       2.100287046     34.0669014566 1.51371582537e-08
    "BPM.15R2.B1"        840.565806                 1     184.462662599 1.48323969742e-08       183.4556299       2.232860629     188.252817163 1.51371582537e-08
    "BPM.16R2.B1"       894.0143219                 1     41.8481343821 1.48323969742e-08       39.66783428       2.332083326     42.7079880525 1.51371582537e-08
    "BPM.17R2.B1"       947.4628378                 1     163.029916205 1.48323969742e-08       164.6514988       2.457365183     166.379692101 1.51371582537e-08
    "BPM.18R2.B1"       1000.911354                 1     32.6023069585 1.48323969742e-08       32.23318057        2.57716969     33.2721866011 1.51371582537e-08
    "BPM.19R2.B1"        1054.35987                 1     178.899052605 1.48323969742e-08       179.0138669       2.713019887     182.574891667 1.51371582537e-08
    "BPM.20R2.B1"       1107.808386                 1      42.003753191 1.48323969742e-08       39.93386784       2.813269589     42.8668043613 1.51371582537e-08
    "BPM.21R2.B1"       1161.256901                 1     171.806434606 1.48323969742e-08       169.3409837       2.935822271     175.336541636 1.51371582537e-08
    "BPM.22R2.B1"       1214.705417                 1     30.8614695035 1.48323969742e-08       32.09996833       3.053861814     31.4955801567 1.51371582537e-08
    "BPM.23R2.B1"       1268.153933                 1     178.583720742 1.48323969742e-08       175.5018563       3.191962427     182.253080679 1.51371582537e-08
    "BPM.24R2.B1"       1321.602449                 1     40.6303377454 1.48323969742e-08       38.01840941       3.296294469     41.4651693468 1.51371582537e-08
    "BPM.25R2.B1"       1375.050965                 1     176.571526356 1.48323969742e-08       171.8112234       3.421597518     180.199541733 1.51371582537e-08
    "BPM.26R2.B1"       1428.499481                 1     33.2764284996 1.48323969742e-08       32.10343822       3.538548466     33.9601593184 1.51371582537e-08
    "BPM.27R2.B1"       1481.947997                 1     171.489410098 1.48323969742e-08       172.9271282        3.67803878     175.013003225 1.51371582537e-08
    "BPM.28R2.B1"       1535.396513                 1     38.1864458295 1.48323969742e-08       37.96873847       3.783361568     38.9710627806 1.51371582537e-08
    "BPM.29R2.B1"       1588.845029                 1     185.207707949 1.48323969742e-08       174.3946677       3.907584224      189.01317096 1.51371582537e-08
    "BPM.30R2.B1"       1642.293545                 1     32.3563074293 1.48323969742e-08       32.19892224       4.023258739     33.0211325192 1.51371582537e-08
    "BPM.31R2.B1"        1695.74206                 1     163.564370496 1.48323969742e-08       170.3551466       4.163905823     166.925127825 1.51371582537e-08
    "BPM.32R2.B1"       1749.190576                 1     37.4110909455 1.48323969742e-08       37.82818718       4.270396119     38.1797766787 1.51371582537e-08
    "BPM.33R2.B1"       1802.639092                 1     180.762916788 1.48323969742e-08       176.9350971       4.393775845     184.477052669 1.51371582537e-08
    "BPM.33L3.B1"       1909.536124                 1       165.6602272 1.48323969742e-08       167.8661122        4.64956083       169.0640481 1.51371582537e-08
    "BPM.32L3.B1"        1962.98464                 1     38.0668503848 1.48323969742e-08       37.60113828       4.757367307     38.8490100081 1.51371582537e-08
    "BPM.31L3.B1"       2016.433156                 1     173.726473431 1.48323969742e-08       179.3532948       4.880160159     177.296031502 1.51371582537e-08
    "BPM.30L3.B1"       2069.881672                 1       32.03731437 1.48323969742e-08        32.6512466       4.992918316     32.6955851092 1.51371582537e-08
    "BPM.29L3.B1"       2123.330188                 1     169.326423322 1.48323969742e-08       165.5376394       5.135008023     172.805573557 1.51371582537e-08
    "BPM.26L3.B1"       2283.675735                 1     34.8996774932 1.48323969742e-08       32.99398235       5.477942111     35.6167612111 1.51371582537e-08
    "BPM.25L3.B1"       2337.124251                 1     177.380941069 1.48323969742e-08       163.4423356       5.620259028     181.025587491 1.51371582537e-08
    "BPM.24L3.B1"       2390.572767                 1     34.0012768135 1.48323969742e-08       36.91834384       5.731002475     34.6999010915 1.51371582537e-08
    "BPM.23L3.B1"       2444.021283                 1     175.288254546 1.48323969742e-08       183.5275363        5.85343381     178.889902536 1.51371582537e-08
    "BPM.22L3.B1"       2497.469799                 1     33.5324878944 1.48323969742e-08       33.40096287        5.96313543     34.2214799658 1.51371582537e-08
    "BPM.21L3.B1"       2550.918315                 1     162.904413959 1.48323969742e-08       161.6455375       6.105333009      166.25161116 1.51371582537e-08
    "BPM.20L3.B1"       2604.366831                 1     39.9771331555 1.48323969742e-08       38.26126251       6.214482444     40.7985433613 1.51371582537e-08
    "BPM.19L3.B1"       2657.815347                 1     184.969626149 1.48323969742e-08        185.636807       6.333334423     188.770197293 1.51371582537e-08
    "BPM.18L3.B1"       2711.263863                 1     33.7505669244 1.48323969742e-08       34.12812293       6.440932002      34.444039866 1.51371582537e-08
    "BPM.17L3.B1"       2764.712379                 1     160.215352734 1.48323969742e-08       158.5783161       6.582858936      163.50729779 1.51371582537e-08
    "BPM.16L3.B1"       2818.160894                 1     38.6098953423 1.48323969742e-08        37.4505488       6.694696187     39.4032129111 1.51371582537e-08
    "BPM.14L3.B1"       2925.057926                 1     36.7272408184 1.48323969742e-08       34.99614179       6.919248412     37.4818754823 1.51371582537e-08
    "BPM.13L3.B1"       2978.506442                 1     157.083666796 1.48323969742e-08       156.4893572       7.060015092     160.311265097 1.51371582537e-08
    "BPM.12L3.B1"       3031.954958                 1     36.2722918209 1.48323969742e-08       33.76910971       7.180083936     37.0175786472 1.51371582537e-08
    "BPM.11L3.B1"       3085.403474                 1     200.107648206 1.48323969742e-08       195.3527263       7.304706215     204.219260308 1.51371582537e-08
    "BPM.10L3.B1"       3138.184185                 1     36.4176543729 1.48323969742e-08       34.94476338       7.406561521     37.1659279637 1.51371582537e-08
     "BPM.9L3.B1"       3177.249195                 1     102.301683322 1.48323969742e-08        102.722325       7.529425938     104.403676139 1.51371582537e-08
     "BPM.8L3.B1"       3217.712206                 1     15.8321029094 1.48323969742e-08       15.64879804       7.703674744     16.1574051481 1.51371582537e-08
     "BPM.7L3.B1"       3256.776216                 1     152.365295942 1.48323969742e-08       153.2825682       7.865284043     155.495945872 1.51371582537e-08
     "BPM.6L3.B1"       3329.415216                 1     68.9617102138 1.48323969742e-08       75.35505915       7.985334437     70.3786665614 1.51371582537e-08
  "BPMWG.A5L3.B1"       3371.119716                 1     220.389311025 1.48323969742e-08       237.5739559       8.035782471     224.917650479 1.51371582537e-08
    "BPMW.5L3.B1"       3400.089716                 1     244.123586667 1.48323969742e-08       269.6061169       8.052759551     249.139594313 1.51371582537e-08
   "BPMWE.4L3.B1"       3475.217716                 1     87.8228069518 1.48323969742e-08       92.91685615       8.131475434     89.6273022781 1.51371582537e-08
    "BPMW.4L3.B1"       3502.762716                 1     104.812194429 1.48323969742e-08        118.717368       8.178067814     106.965770721 1.51371582537e-08
    "BPMW.4R3.B1"       3547.727716                 1     343.200603001 1.48323969742e-08       370.1926369       8.212472002     350.252346228 1.51371582537e-08
   "BPMWE.4R3.B1"       3575.272716                 1     358.919638721 1.48323969742e-08       385.8362615       8.223277026     366.294360995 1.51371582537e-08
    "BPMW.5R3.B1"       3650.400716                 1     77.9755594563 1.48323969742e-08       84.44063974       8.291599988     79.5777233758 1.51371582537e-08
  "BPMWJ.A5R3.B1"       3679.118716                 1     96.1280670939 1.48323969742e-08       93.37258999       8.350167019     98.1032106109 1.51371582537e-08
   "BPMWC.6R3.B1"       3718.936716                 1     229.342737254 1.48323969742e-08       239.5404082       8.393058404     234.055042768 1.51371582537e-08
    "BPMR.6R3.B1"       3731.015216                 1     253.983743121 1.48323969742e-08       249.6601964       8.400559925     259.202347414 1.51371582537e-08
   "BPM_A.7R3.B1"       3786.839216                 1     70.4066529912 1.48323969742e-08       63.91364884       8.473412226     71.8532985798 1.51371582537e-08
     "BPM.8R3.B1"       3825.903227                 1       168.9418952 1.48323969742e-08       164.9490712        8.54012691     172.413144536 1.51371582537e-08
     "BPM.9R3.B1"       3864.968238                 1     71.7007018511 1.48323969742e-08       67.79374017       8.597298184     73.1739362633 1.51371582537e-08
    "BPM.10R3.B1"       3905.431248                 1     163.062745187 1.48323969742e-08       168.2508684       8.663319209      166.41319562 1.51371582537e-08
    "BPM.11R3.B1"       3958.211959                 1     42.4027950146 1.48323969742e-08       45.02422489       8.761362748     43.2740452977 1.51371582537e-08
    "BPM.12R3.B1"       4012.935475                 1     177.178731449 1.48323969742e-08       169.9287435       8.874684343      180.81922307 1.51371582537e-08
    "BPM.13R3.B1"       4066.383991                 1     36.4083769574 1.48323969742e-08       32.74165054       8.991187548     37.1564599251 1.51371582537e-08
    "BPM.14R3.B1"       4119.832506                 1     162.608295209 1.48323969742e-08       167.1087129       9.131872637     165.949408057 1.51371582537e-08
    "BPM.15R3.B1"       4173.281022                 1      37.399482793 1.48323969742e-08       38.96235047       9.237745192     38.1679300135 1.51371582537e-08
    "BPM.17R3.B1"       4280.178054                 1     35.2928772757 1.48323969742e-08       33.26966495       9.468499714       36.01804007 1.51371582537e-08
    "BPM.19R3.B1"       4387.075086                 1     37.0397341141 1.48323969742e-08       38.39542165       9.718382637     37.8007895781 1.51371582537e-08
    "BPM.20R3.B1"       4440.523602                 1     183.708266045 1.48323969742e-08       183.9864421        9.83763556     187.482920021 1.51371582537e-08
    "BPM.21R3.B1"       4493.972118                 1     39.6975526636 1.48323969742e-08       33.92500273       9.946190096     40.5132183288 1.51371582537e-08
    "BPM.22R3.B1"       4547.420634                 1     154.128659023 1.48323969742e-08       159.9995713        10.0878264     157.295540776 1.51371582537e-08
    "BPM.23R3.B1"        4600.86915                 1     36.0430607976 1.48323969742e-08       35.92439726       10.20186687     36.7836376137 1.51371582537e-08
    "BPM.24R3.B1"       4654.317666                 1     183.813419022 1.48323969742e-08       186.5725389       10.32513756     187.590233576 1.51371582537e-08
    "BPM.25R3.B1"       4707.766181                 1      33.660362882 1.48323969742e-08       34.43812937       10.43181406      34.351982401 1.51371582537e-08
    "BPM.26R3.B1"       4761.214697                 1     164.753286166 1.48323969742e-08       159.0246356       10.57261599     168.138472147 1.51371582537e-08
    "BPM.27R3.B1"       4814.663213                 1      39.194777383 1.48323969742e-08       35.41212191       10.68808844     40.0001125238 1.51371582537e-08
    "BPM.28R3.B1"       4868.111729                 1     197.696959685 1.48323969742e-08       187.3323016       10.81216511     201.759039368 1.51371582537e-08
    "BPM.29R3.B1"       4921.560245                 1     33.9585437851 1.48323969742e-08       34.95801245       10.91764933     34.6562900275 1.51371582537e-08
    "BPM.30R3.B1"       4975.008761                 1     156.321030915 1.48323969742e-08       158.4859803       11.05733289     159.532959337 1.51371582537e-08
    "BPM.31R3.B1"       5028.457277                 1     35.3837389748 1.48323969742e-08       34.88869184       11.17410646     36.1107687046 1.51371582537e-08
    "BPM.32R3.B1"       5081.905793                 1      184.47786892 1.48323969742e-08       187.6456421       11.29922989     188.268335928 1.51371582537e-08
    "BPM.33R3.B1"       5135.354309                 1     37.6910695713 1.48323969742e-08       35.48090106       11.40369485     38.4655080258 1.51371582537e-08
    "BPM.34R3.B1"       5188.802825                 1     160.013335689 1.48323969742e-08        158.400402       11.54201962     163.301129901 1.51371582537e-08
    "BPM.33L4.B1"        5242.25134                 1     35.9536029552 1.48323969742e-08       34.37042889       11.65991364     36.6923416809 1.51371582537e-08
    "BPM.32L4.B1"       5295.699856                 1      192.50786702 1.48323969742e-08       187.5027897       11.78630056     196.463326409 1.51371582537e-08
    "BPM.31L4.B1"       5349.148372                 1     36.4526400454 1.48323969742e-08       35.99049026       11.88994249     37.2016324869 1.51371582537e-08
    "BPM.30L4.B1"       5402.596888                 1     169.431899482 1.48323969742e-08       158.7705693       12.02672012     172.913216936 1.51371582537e-08
    "BPM.29L4.B1"       5456.045404                 1      34.080707755 1.48323969742e-08       33.87349378       12.14550913     34.7809641007 1.51371582537e-08
    "BPM.28L4.B1"        5509.49392                 1     193.083141854 1.48323969742e-08       186.9081989       12.27334569     197.050421416 1.51371582537e-08
    "BPM.27L4.B1"       5562.942436                 1     34.8965661856 1.48323969742e-08       36.47088979       12.37637852     35.6135859754 1.51371582537e-08
    "BPM.26L4.B1"       5616.390952                 1     167.723746667 1.48323969742e-08       159.5849394       12.51147768     171.169966704 1.51371582537e-08
    "BPM.25L4.B1"       5669.839468                 1     34.8107093764 1.48323969742e-08       33.41338216       12.63089921     35.5259650662 1.51371582537e-08
    "BPM.24L4.B1"       5723.287984                 1       189.5303933 1.48323969742e-08       185.8804104       12.76033428     193.424674533 1.51371582537e-08
    "BPM.23L4.B1"         5776.7365                 1     36.0944572594 1.48323969742e-08       36.90711963       12.86298445     36.8360901187 1.51371582537e-08
    "BPM.22L4.B1"       5830.185015                 1      159.42815427 1.48323969742e-08       160.8181183       12.99633288     162.703924759 1.51371582537e-08
    "BPM.21L4.B1"       5883.633531                 1     34.0868639982 1.48323969742e-08       33.00444145       13.11609764     34.7872468362 1.51371582537e-08
    "BPM.20L4.B1"       5937.082047                 1      181.15148413 1.48323969742e-08       182.9855105       13.24789401     184.873603906 1.51371582537e-08
    "BPM.19L4.B1"       5990.530563                 1     38.5743609208 1.48323969742e-08       39.21279242       13.34792812     39.3669483638 1.51371582537e-08
    "BPM.17L4.B1"       6097.427595                 1     32.0990054748 1.48323969742e-08       32.60437068       13.59324574     32.7585437812 1.51371582537e-08
    "BPM.16L4.B1"       6150.876111                 1     184.249847323 1.48323969742e-08       179.0683217       13.72803071     188.035629171 1.51371582537e-08
    "BPM.15L4.B1"       6204.324627                 1     39.6089601736 1.48323969742e-08       39.49888125       13.82890062     40.4228055287 1.51371582537e-08
    "BPM.14L4.B1"       6257.773143                 1     167.099535787 1.48323969742e-08       168.6568284       13.95261937     170.532930161 1.51371582537e-08
    "BPM.13L4.B1"       6311.221659                 1     31.8427026151 1.48323969742e-08       32.43719825        14.0701935     32.4969746663 1.51371582537e-08
    "BPM.12L4.B1"       6364.670174                 1     176.059456178 1.48323969742e-08       175.5566068       14.20727716     179.676950048 1.51371582537e-08
    "BPM.11L4.B1"        6418.11869                 1     43.3551647572 1.48323969742e-08       42.26546525       14.30542978     44.2459833827 1.51371582537e-08
    "BPM.10L4.B1"       6469.957401                 1     174.040973827 1.48323969742e-08       175.6574743       14.41649855     177.616993938 1.51371582537e-08
     "BPM.9L4.B1"       6509.022412                 1      48.947810294 1.48323969742e-08       50.70740069       14.47893491     49.9535410145 1.51371582537e-08
     "BPM.7L4.B1"       6588.549433                 1     82.3506932101 1.48323969742e-08       80.16518377       14.62716277     84.0427530084 1.51371582537e-08
   "BPMYB.6L4.B1"       6685.153433                 1     533.475998111 1.48323969742e-08       584.9008385       14.70547257     544.437330123 1.51371582537e-08
   "BPMYA.5L4.B1"       6722.153433                 1     247.514204324 1.48323969742e-08       254.5795686       14.72004294     252.599878995 1.51371582537e-08
  "BPMWI.A5L4.B1"       6798.755933                 1     189.429253431 1.48323969742e-08        209.293857       14.77610729     193.321456542 1.51371582537e-08
  "BPMWA.B5L4.B1"       6824.619933                 1     200.725691115 1.48323969742e-08       213.3257673       14.79563746     204.850002146 1.51371582537e-08
  "BPMWA.A5L4.B1"       6833.504933                 1     198.800699157 1.48323969742e-08       216.1861308       14.80222413     202.885457376 1.51371582537e-08
  "BPMWA.A5R4.B1"       6881.553933                 1      230.81727418 1.48323969742e-08       244.7287019       14.83571747     235.559877007 1.51371582537e-08
  "BPMWA.B5R4.B1"       6890.438933                 1     233.094549273 1.48323969742e-08       252.4242602       14.84140812     237.883943274 1.51371582537e-08
   "BPMYB.5R4.B1"       6992.829433                 1     341.861148676 1.48323969742e-08       364.3593943       14.89398032     348.885370133 1.51371582537e-08
   "BPMYA.6R4.B1"       7024.393433                 1     135.659516174 1.48323969742e-08       130.6858935       14.91708282     138.446912425 1.51371582537e-08
     "BPM.7R4.B1"       7120.909433                 1     161.900951855 1.48323969742e-08       163.6375311       15.03941322     165.227530919 1.51371582537e-08
     "BPM.8R4.B1"       7158.698443                 1     16.6635532842 1.48323969742e-08       15.68439859       15.16266639     17.0059393348 1.51371582537e-08
     "BPM.9R4.B1"       7197.763454                 1      136.16967844 1.48323969742e-08       132.0582103       15.36741389     138.967556997 1.51371582537e-08
    "BPM.10R4.B1"       7238.226465                 1     40.5441301512 1.48323969742e-08       43.58913477       15.44452368      41.377190445 1.51371582537e-08
    "BPM.11R4.B1"       7290.065175                 1     187.798822089 1.48323969742e-08       187.9747962       15.55319686     191.657524726 1.51371582537e-08
    "BPM.12R4.B1"       7344.788691                 1     39.7992565751 1.48323969742e-08       37.80653187       15.65801489     40.6170119506 1.51371582537e-08
    "BPM.13R4.B1"       7398.237207                 1     162.470373734 1.48323969742e-08        165.432673       15.78675325      165.80865271 1.51371582537e-08
    "BPM.14R4.B1"       7451.685723                 1     31.2662397159 1.48323969742e-08       30.94738201       15.90908263     31.9086671831 1.51371582537e-08
    "BPM.15R4.B1"       7505.134239                 1     181.835107851 1.48323969742e-08       179.2461074       16.04859403     185.571274044 1.51371582537e-08
    "BPM.16R4.B1"       7558.582755                 1     35.9762713107 1.48323969742e-08       36.27999783       16.15435421     36.7154758031 1.51371582537e-08
    "BPM.17R4.B1"       7612.031271                 1     161.937458091 1.48323969742e-08       165.3775587       16.28670269     165.264787249 1.51371582537e-08
    "BPM.18R4.B1"       7665.479786                 1      31.206339516 1.48323969742e-08        30.9467779       16.40903006     31.8475362138 1.51371582537e-08
    "BPM.19R4.B1"       7718.928302                 1     179.471774994 1.48323969742e-08       179.2382788        16.5485475     183.159381783 1.51371582537e-08
    "BPM.20R4.B1"       7772.376818                 1     38.3472901162 1.48323969742e-08       36.28060145       16.65430937     39.1352119351 1.51371582537e-08
    "BPM.21R4.B1"       7825.825334                 1     167.587105256 1.48323969742e-08       165.3853886       16.78665227     171.030517721 1.51371582537e-08
    "BPM.22R4.B1"        7879.27385                 1     30.4137688074 1.48323969742e-08       30.94617477        16.9089775     31.0386805539 1.51371582537e-08
    "BPM.23R4.B1"       7932.722366                 1     187.871871531 1.48323969742e-08       179.2296084       17.04850141     191.732075115 1.51371582537e-08
    "BPM.24R4.B1"       7986.170882                 1     35.4380648486 1.48323969742e-08       36.27848657       17.15426988     36.1662108122 1.51371582537e-08
    "BPM.25R4.B1"       8039.619398                 1     158.081382723 1.48323969742e-08       165.3910947       17.28661484     161.329481096 1.51371582537e-08
    "BPM.26R4.B1"       8093.067914                 1      32.777658541 1.48323969742e-08       30.94572763       17.40893848     33.4511411328 1.51371582537e-08
    "BPM.27R4.B1"        8146.51643                 1      181.70078643 1.48323969742e-08       179.2237959       17.54846686      185.43419272 1.51371582537e-08
    "BPM.28R4.B1"       8199.964946                 1      34.761155974 1.48323969742e-08       36.27893344        17.6542366       35.47539349 1.51371582537e-08
    "BPM.29R4.B1"       8253.413461                 1     160.755498892 1.48323969742e-08       165.3969079       17.78657741     164.058542332 1.51371582537e-08
    "BPM.30R4.B1"       8306.861977                 1     30.7590437468 1.48323969742e-08       30.94528104       17.90889945     31.3910498578 1.51371582537e-08
    "BPM.31R4.B1"       8360.310493                 1     166.972963465 1.48323969742e-08        179.217982       18.04843232     170.403757158 1.51371582537e-08
    "BPM.32R4.B1"       8413.759009                 1     35.6896216372 1.48323969742e-08       36.27937975       18.15420331     36.4229363384 1.51371582537e-08
    "BPM.33R4.B1"       8467.207525                 1     164.333849569 1.48323969742e-08       165.4027225       18.28653998     167.710417386 1.51371582537e-08
    "BPM.34R4.B1"       8520.656041                 1     30.6483670875 1.48323969742e-08         30.944835       18.40886043     31.2780991251 1.51371582537e-08
    "BPM.33L5.B1"       8574.104557                 1     183.917760629 1.48323969742e-08       179.2121667       18.54839778     187.696719091 1.51371582537e-08
    "BPM.32L5.B1"       8627.553073                 1     37.8614952108 1.48323969742e-08       36.27982553       18.65417002     38.6394354011 1.51371582537e-08
    "BPM.31L5.B1"       8681.001589                 1     166.265447409 1.48323969742e-08       165.4085386       18.78650255     169.681703769 1.51371582537e-08
    "BPM.30L5.B1"       8734.450105                 1     29.5492608631 1.48323969742e-08        30.9443895        18.9088214     30.1564095637 1.51371582537e-08
    "BPM.29L5.B1"        8787.89862                 1     184.676123235 1.48323969742e-08       179.2063499       19.04836323     188.470663774 1.51371582537e-08
    "BPM.28L5.B1"       8841.347136                 1     36.5667681046 1.48323969742e-08       36.28027075       19.15413674     37.3181055354 1.51371582537e-08
    "BPM.27L5.B1"       8894.795652                 1     167.456308713 1.48323969742e-08        165.414356       19.28646512     170.897033701 1.51371582537e-08
    "BPM.26L5.B1"       8948.244168                 1     30.6215953857 1.48323969742e-08       30.94394455       19.40878238     31.2507773451 1.51371582537e-08
    "BPM.25L5.B1"       9001.692684                 1     180.054879149 1.48323969742e-08       179.2005318       19.54832869      183.75446698 1.51371582537e-08
    "BPM.24L5.B1"         9055.1412                 1     35.0577414252 1.48323969742e-08       36.28071543       19.65410345     35.7780728829 1.51371582537e-08
    "BPM.23L5.B1"       9108.589716                 1     159.668899082 1.48323969742e-08       165.4201749        19.7864277     162.949616154 1.51371582537e-08
    "BPM.22L5.B1"       9162.038232                 1     31.4057377542 1.48323969742e-08       30.94350015       19.90874335     32.0510314879 1.51371582537e-08
    "BPM.21L5.B1"       9215.486748                 1     179.493159133 1.48323969742e-08       179.1947122       20.04829414     183.181205303 1.51371582537e-08
    "BPM.20L5.B1"       9268.935264                 1     35.7941655255 1.48323969742e-08       36.28385824       20.15406557     36.5296282901 1.51371582537e-08
    "BPM.19L5.B1"       9322.383779                 1     175.445717193 1.48323969742e-08       165.4289058       20.28637767     179.050600568 1.51371582537e-08
    "BPM.18L5.B1"       9375.832295                 1     31.3874740744 1.48323969742e-08       30.94290974       20.40869078     32.0323925442 1.51371582537e-08
    "BPM.17L5.B1"       9429.280811                 1     183.085099066 1.48323969742e-08        179.186867        20.5482476     186.846948829 1.51371582537e-08
    "BPM.16L5.B1"       9482.729327                 1     38.3230072098 1.48323969742e-08       36.28445535       20.65402073     39.1104300877 1.51371582537e-08
    "BPM.15L5.B1"       9536.177843                 1     163.060758657 1.48323969742e-08       165.4367523       20.78632727     166.411168273 1.51371582537e-08
    "BPM.14L5.B1"       9589.626359                 1     31.4642946463 1.48323969742e-08       30.94231313       20.90863821     32.1107915484 1.51371582537e-08
    "BPM.13L5.B1"       9643.074875                 1     178.045499826 1.48323969742e-08       179.1790193       21.04820107     181.703800938 1.51371582537e-08
    "BPM.12L5.B1"       9696.523391                 1     39.5158254786 1.48323969742e-08       40.57508799       21.14736228     40.3277571951 1.51371582537e-08
    "BPM.11L5.B1"       9749.971907                 1     171.984263636 1.48323969742e-08       166.2227861       21.27002798      175.51802452 1.51371582537e-08
    "BPM.10L5.B1"       9802.752617                 1     53.0848336231 1.48323969742e-08       54.44482325       21.35878388     54.1755677672 1.51371582537e-08
     "BPM.9L5.B1"       9841.817628                 1     208.807943926 1.48323969742e-08       204.5086662       21.42526921     213.098321015 1.51371582537e-08
     "BPM.8L5.B1"       9882.280639                 1     10.5484145708 1.48323969742e-08       11.61188095       21.55384212     10.7651528584 1.51371582537e-08
    "BPMR.5L5.B1"       9990.140649                 1      111.66871027 1.48323969742e-08       119.2054184       22.24218454     113.963167402 1.51371582537e-08
   "BPMYA.4L5.B1"       10017.54665                 1     330.544411449 1.48323969742e-08        364.590906       22.26275902     337.336107891 1.51371582537e-08
   "BPMWB.4L5.B1"       10038.68115                 1     713.636860963 1.48323969742e-08       801.0322376       22.26910232     728.299958454 1.51371582537e-08
   "BPMSY.4L5.B1"       10131.46115                 1     4722.34353613 1.48323969742e-08       5013.434616        22.2764735     4819.37353478 1.51371582537e-08
    "BPMS.2L5.B1"       10158.24665                 1     1319.26395596 1.48323969742e-08       1424.287612       22.27817828     1346.37087415 1.51371582537e-08
   "BPMSW.1L5.B1"       10168.21165                 1     1057.04874664 1.48323969742e-08       1128.152508       22.27928573     1078.76792858 1.51371582537e-08
   "BPMSW.1R5.B1"       10211.33965                 1       1086.609668 1.48323969742e-08       1134.983162       22.77321828     1108.93623824 1.51371582537e-08
    "BPMS.2R5.B1"       10221.30465                 1     882.937392139 1.48323969742e-08       3793.210267       22.77407587      901.07910786 1.51371582537e-08
   "BPMSY.4R5.B1"       10248.09015                 1     2172.82356011 1.48323969742e-08       2420.451069        22.7752478     2217.46856856 1.51371582537e-08
   "BPMWB.4R5.B1"       10340.87015                 1     1175.26854056 1.48323969742e-08       1271.107986       22.78367023     1199.41678476 1.51371582537e-08
   "BPMYA.4R5.B1"       10362.00265                 1      945.05098542 1.48323969742e-08        1015.43527       22.78657535     964.468949221 1.51371582537e-08
     "BPM.5R5.B1"       10383.12065                 1     502.581028585 1.48323969742e-08       535.0446065       22.79113583     512.907561619 1.51371582537e-08
    "BPMR.6R5.B1"       10415.02065                 1     191.340104842 1.48323969742e-08       189.0883721       22.80738778      195.27157022 1.51371582537e-08
   "BPM_A.7R5.B1"       10449.03465                 1     19.3740805645 1.48323969742e-08       19.67997882       22.90106191     19.7721598225 1.51371582537e-08
     "BPM.8R5.B1"       10490.47364                 1     140.532421676 1.48323969742e-08       133.4144604       23.11022989     143.419941524 1.51371582537e-08
     "BPM.9R5.B1"       10529.54063                 1     47.6869402046 1.48323969742e-08       45.76759963       23.18433345     48.6667638257 1.51371582537e-08
    "BPM.10R5.B1"       10570.00562                 1     166.778275242 1.48323969742e-08       162.2757464       23.27353126     170.205068675 1.51371582537e-08
    "BPM.11R5.B1"       10622.78831                 1     20.4793243857 1.48323969742e-08        28.8241163        23.3982446     20.9001130899 1.51371582537e-08
    "BPM.12R5.B1"       10677.51479                 1     188.944132747 1.48323969742e-08       178.0009517       23.54887318     192.826368083 1.51371582537e-08
    "BPM.13R5.B1"       10730.96627                 1     36.6146178205 1.48323969742e-08       36.25232534       23.65511137     37.3669384195 1.51371582537e-08
    "BPM.14R5.B1"       10784.41776                 1      166.47682095 1.48323969742e-08       165.2559444       23.78757266     169.897420402 1.51371582537e-08
    "BPM.15R5.B1"       10837.86924                 1     29.2662491691 1.48323969742e-08        30.9571451       23.90993939     29.8675828281 1.51371582537e-08
    "BPM.16R5.B1"       10891.32073                 1     179.617217793 1.48323969742e-08       179.3881394       24.04935563     183.307812996 1.51371582537e-08
    "BPM.17R5.B1"       10944.77221                 1     36.8903759077 1.48323969742e-08       36.26426915       24.15510037     37.6483625085 1.51371582537e-08
    "BPM.18R5.B1"        10998.2237                 1     169.804933241 1.48323969742e-08       165.2579479       24.28755966     173.293915421 1.51371582537e-08
    "BPM.19R5.B1"       11051.67518                 1     30.7876691268 1.48323969742e-08       30.95698517       24.40992585     31.4202634036 1.51371582537e-08
    "BPM.20R5.B1"       11105.12666                 1     185.745537224 1.48323969742e-08       179.3861357       24.54934366     189.562051014 1.51371582537e-08
    "BPM.21R5.B1"       11158.57815                 1     36.0882387511 1.48323969742e-08       36.26442904       24.65508881     36.8297438387 1.51371582537e-08
    "BPM.22R5.B1"       11212.02963                 1      159.08051992 1.48323969742e-08       165.2599516       24.78754666     162.349147566 1.51371582537e-08
    "BPM.23R5.B1"       11265.48112                 1     32.2358828356 1.48323969742e-08       30.95463855       24.90991771     32.8982335613 1.51371582537e-08
    "BPM.24R5.B1"        11318.9326                 1     183.619584952 1.48323969742e-08       179.3850505       25.04934331     187.392416798 1.51371582537e-08
    "BPM.25R5.B1"       11372.38408                 1     36.7860480717 1.48323969742e-08       36.26442062       25.15508881     37.5418910483 1.51371582537e-08
    "BPM.26R5.B1"       11425.83557                 1     172.036068202 1.48323969742e-08       165.2599516       25.28754666     175.570893514 1.51371582537e-08
    "BPM.27R5.B1"       11479.28705                 1     30.2428358846 1.48323969742e-08       30.95463855       25.40991771      30.864235472 1.51371582537e-08
    "BPM.28R5.B1"       11532.73854                 1     184.442047879 1.48323969742e-08       179.3850505       25.54934331     188.231778872 1.51371582537e-08
    "BPM.29R5.B1"       11586.19002                 1     37.3117079065 1.48323969742e-08       36.26442062       25.65508881     38.0783516164 1.51371582537e-08
    "BPM.30R5.B1"        11639.6415                 1     164.354531574 1.48323969742e-08       165.2599516       25.78754666     167.731524344 1.51371582537e-08
    "BPM.31R5.B1"       11693.09299                 1     30.9031323869 1.48323969742e-08       30.95463855       25.90991771     31.5380990875 1.51371582537e-08
    "BPM.32R5.B1"       11746.54447                 1     182.938246959 1.48323969742e-08       179.3850505       26.04934331     186.697079352 1.51371582537e-08
    "BPM.33R5.B1"       11799.99596                 1      35.456992093 1.48323969742e-08       36.26442062       26.15508881     36.1855269547 1.51371582537e-08
    "BPM.34R5.B1"       11853.44744                 1     153.718223704 1.48323969742e-08       165.2599516       26.28754666     156.876672242 1.51371582537e-08
    "BPM.33L6.B1"       11906.89893                 1     32.8808757098 1.48323969742e-08       30.95463855       26.40991771     33.5564791049 1.51371582537e-08
    "BPM.32L6.B1"       11960.35041                 1     186.208067608 1.48323969742e-08       179.3850505       26.54934331      190.03408501 1.51371582537e-08
    "BPM.31L6.B1"       12013.80189                 1     39.4258411132 1.48323969742e-08       36.26442062       26.65508881     40.2359239208 1.51371582537e-08
    "BPM.30L6.B1"       12067.25338                 1     166.437356546 1.48323969742e-08       165.2599516       26.78754666     169.857145123 1.51371582537e-08
    "BPM.29L6.B1"       12120.70486                 1     29.7401632451 1.48323969742e-08       30.95463855       26.90991771     30.3512344172 1.51371582537e-08
    "BPM.28L6.B1"       12174.15635                 1     199.552208454 1.48323969742e-08       179.3850505       27.04934331     203.652407935 1.51371582537e-08
    "BPM.27L6.B1"       12227.60783                 1     37.8272091867 1.48323969742e-08       36.26442062       27.15508881      38.604444902 1.51371582537e-08
    "BPM.26L6.B1"       12281.05931                 1     159.641578485 1.48323969742e-08       165.2599516       27.28754666     162.921734201 1.51371582537e-08
    "BPM.25L6.B1"        12334.5108                 1     32.9066664812 1.48323969742e-08       30.95463855       27.40991771     33.5827997993 1.51371582537e-08
    "BPM.24L6.B1"       12387.96228                 1     191.704657421 1.48323969742e-08       179.3850505       27.54934331     195.643613261 1.51371582537e-08
    "BPM.23L6.B1"       12441.41377                 1     37.2336719669 1.48323969742e-08       36.26442062       27.65508881     37.9987122722 1.51371582537e-08
    "BPM.22L6.B1"       12494.86525                 1     167.293471377 1.48323969742e-08       165.2599516       27.78754666     170.730850546 1.51371582537e-08
    "BPM.21L6.B1"       12548.31673                 1      31.306249388 1.48323969742e-08       30.95463855       27.90991771      31.949498934 1.51371582537e-08
    "BPM.20L6.B1"       12601.76822                 1     188.157726111 1.48323969742e-08       179.3858909       28.04934288     192.023803149 1.51371582537e-08
    "BPM.19L6.B1"        12655.2197                 1     34.6959001536 1.48323969742e-08       36.26713947       28.15508346     35.4087968583 1.51371582537e-08
    "BPM.18L6.B1"       12708.67119                 1     160.460698761 1.48323969742e-08        165.262063       28.28753366     163.757684943 1.51371582537e-08
    "BPM.17L6.B1"       12762.12267                 1     32.9322723464 1.48323969742e-08       30.95447878       28.40990417     33.6089317882 1.51371582537e-08
    "BPM.16L6.B1"       12815.57415                 1     189.632517388 1.48323969742e-08        179.383885        28.5493309     193.528896965 1.51371582537e-08
    "BPM.15L6.B1"       12869.02564                 1      37.203673262 1.48323969742e-08        36.2672992       28.65507191     37.9680971839 1.51371582537e-08
    "BPM.14L6.B1"       12922.47712                 1     165.472026899 1.48323969742e-08       165.2640689       28.78752066     168.871980847 1.51371582537e-08
    "BPM.13L6.B1"       12975.92861                 1      31.337550456 1.48323969742e-08       30.95431908       28.90989063     31.9814431451 1.51371582537e-08
    "BPM.12L6.B1"       13029.38009                 1     186.102750628 1.48323969742e-08       179.9765749       29.04901881     189.926604082 1.51371582537e-08
    "BPM.11L6.B1"       13082.83158                 1     31.3753961014 1.48323969742e-08       30.15913995       29.16683987      32.020066405 1.51371582537e-08
    "BPM.10L6.B1"       13134.67226                 1     163.773123031 1.48323969742e-08       163.3486252       29.31201997     167.138169598 1.51371582537e-08
     "BPM.9L6.B1"       13173.73925                 1     17.2546168477 1.48323969742e-08       15.54383698       29.43437245      17.609147482 1.51371582537e-08
     "BPM.8L6.B1"       13214.20424                 1     143.363624633 1.48323969742e-08       141.2600439       29.65356784     146.309317211 1.51371582537e-08
   "BPMYA.5L6.B1"       13311.29423                 1     165.896257533 1.48323969742e-08       173.5885274       29.75110552     169.304928148 1.51371582537e-08
   "BPMYB.4L6.B1"       13347.69423                 1     542.046245718 1.48323969742e-08        589.428629       29.77026231     553.183670619 1.51371582537e-08
   "BPMSA.4R6.B1"       13568.51473                 1     115.055759823 1.48323969742e-08       121.7422348       29.91467846     117.419810666 1.51371582537e-08
   "BPMYA.4R6.B1"       13691.29423                 1     185.181126814 1.48323969742e-08       195.5239563       30.06115376     188.986043663 1.51371582537e-08
   "BPMYB.5R6.B1"       13727.69423                 1     620.240577411 1.48323969742e-08       659.3114758       30.07810951     632.984661345 1.51371582537e-08
    "BPM.11R6.B1"       13954.79389                 1     200.258827778 1.48323969742e-08       192.9538073       30.63075208     204.373546167 1.51371582537e-08
    "BPM.12R6.B1"       14009.52037                 1     38.6102597858 1.48323969742e-08       34.63275591       30.73795226     39.4035848428 1.51371582537e-08
    "BPM.13R6.B1"       14062.97186                 1     160.373029056 1.48323969742e-08       156.3547172       30.87983371     163.668213888 1.51371582537e-08
    "BPM.14R6.B1"       14116.42334                 1     34.2195263029 1.48323969742e-08        31.8047457       31.00424465     34.9226349534 1.51371582537e-08
    "BPM.17R6.B1"       14276.77779                 1     172.452527566 1.48323969742e-08       157.6319651       31.40177809      175.99590987 1.51371582537e-08
    "BPM.19R6.B1"       14383.68076                 1      192.39601686 1.48323969742e-08       189.2269245       31.65365725     196.349178063 1.51371582537e-08
    "BPM.20R6.B1"       14437.13225                 1     28.2850863644 1.48323969742e-08       29.93590822       31.76832623       28.86626007 1.51371582537e-08
    "BPM.21R6.B1"       14490.58373                 1     157.949041414 1.48323969742e-08       160.0740134       31.92345439     161.194420569 1.51371582537e-08
    "BPM.22R6.B1"       14544.03522                 1     32.2353935737 1.48323969742e-08       33.32334608       32.04243857     32.8977342465 1.51371582537e-08
    "BPM.23R6.B1"        14597.4867                 1     196.563104677 1.48323969742e-08       184.8534027       32.17262135      200.60188704 1.51371582537e-08
    "BPM.24R6.B1"       14650.93818                 1     32.2596424962 1.48323969742e-08       30.92749836       32.28668133     32.9224814117 1.51371582537e-08
    "BPM.25R6.B1"       14704.38967                 1     162.302745226 1.48323969742e-08       161.4712771       32.43707934     165.637579939 1.51371582537e-08
    "BPM.26R6.B1"       14757.84115                 1     35.2016433617 1.48323969742e-08       33.70641718       32.55462552     35.9249315727 1.51371582537e-08
    "BPM.27R6.B1"       14811.29264                 1     187.224894122 1.48323969742e-08       183.3796212       32.68451789      191.07180426 1.51371582537e-08
    "BPM.29R6.B1"        14918.1956                 1     167.640783066 1.48323969742e-08       163.0849679       32.95058052     171.085298449 1.51371582537e-08
    "BPM.30R6.B1"       14971.64709                 1     34.7065566161 1.48323969742e-08       34.05166226       33.06668118     35.4196722791 1.51371582537e-08
    "BPM.31R6.B1"       15025.09857                 1      182.44241842 1.48323969742e-08       181.6363264       33.19651952     186.191063024 1.51371582537e-08
    "BPM.33R6.B1"       15132.00154                 1     173.612630583 1.48323969742e-08       164.9467339       33.46393838     177.179849525 1.51371582537e-08
    "BPM.34R6.B1"       15185.45302                 1     36.7869885654 1.48323969742e-08       34.35027631       33.57862311     37.5428508662 1.51371582537e-08
    "BPM.33L7.B1"       15238.90451                 1     185.880904483 1.48323969742e-08       179.6679787       33.70864472     189.700199664 1.51371582537e-08
    "BPM.32L7.B1"       15292.35599                 1      31.585361716 1.48323969742e-08       29.96685266       33.82697824     32.2343461834 1.51371582537e-08
    "BPM.31L7.B1"       15345.80748                 1     174.201500839 1.48323969742e-08       167.0090932         33.977138     177.780819299 1.51371582537e-08
    "BPM.30L7.B1"       15399.25896                 1     35.2216446926 1.48323969742e-08       34.59464356       34.09047077     35.9453438709 1.51371582537e-08
    "BPM.29L7.B1"       15452.71045                 1     176.080373711 1.48323969742e-08       177.5247783       34.22090981     179.698297374 1.51371582537e-08
    "BPM.28L7.B1"       15506.16193                 1      31.196524374 1.48323969742e-08       29.75203902       34.34066048        31.8375194 1.51371582537e-08
    "BPM.27L7.B1"       15559.61341                 1     174.890190115 1.48323969742e-08        169.219448       34.49016954     178.483659074 1.51371582537e-08
    "BPM.26L7.B1"        15613.0649                 1     36.4457966697 1.48323969742e-08       34.77853176       34.60224513     37.1946485003 1.51371582537e-08
    "BPM.25L7.B1"       15666.51638                 1     194.300792591 1.48323969742e-08       175.2613847       34.73332844     198.293091224 1.51371582537e-08
    "BPM.24L7.B1"       15719.96787                 1     27.5187458677 1.48323969742e-08        29.6002506        34.8544274     28.0841735741 1.51371582537e-08
    "BPM.23L7.B1"       15773.41935                 1     172.223119158 1.48323969742e-08       171.5214261       35.00302814     175.761787807 1.51371582537e-08
    "BPM.22L7.B1"       15826.87083                 1     37.2455400682 1.48323969742e-08       34.89725107       35.11396824     38.0108242274 1.51371582537e-08
    "BPM.21L7.B1"       15880.32232                 1     174.168528898 1.48323969742e-08       172.9355227       35.24591111     177.747169883 1.51371582537e-08
    "BPM.20L7.B1"        15933.7738                 1     29.4273431138 1.48323969742e-08       28.00243639       35.37236911     30.0319867702 1.51371582537e-08
    "BPM.17L7.B1"       16094.12825                 1     170.593967421 1.48323969742e-08        168.226346        35.7660901     174.099161887 1.51371582537e-08
    "BPM.16L7.B1"       16147.57974                 1     28.4695769331 1.48323969742e-08       28.08579987        35.8945703     29.0545413666 1.51371582537e-08
    "BPM.15L7.B1"       16201.03122                 1     181.725830142 1.48323969742e-08       182.2056069       36.04236317     185.459751005 1.51371582537e-08
    "BPM.14L7.B1"       16254.48271                 1     37.9473779731 1.48323969742e-08       34.74449797       36.14962713     38.7270827966 1.51371582537e-08
    "BPM.13L7.B1"       16307.93419                 1     168.162307373 1.48323969742e-08       163.8820808       36.28682206     171.617538516 1.51371582537e-08
    "BPM.12L7.B1"       16361.38567                 1     35.2108383795 1.48323969742e-08       33.43099641       36.40396499     35.9343155205 1.51371582537e-08
    "BPM.11L7.B1"       16414.83716                 1     181.623858608 1.48323969742e-08       182.4026106       36.53504529     185.355684262 1.51371582537e-08
    "BPM.10L7.B1"       16467.61985                 1     51.1575563613 1.48323969742e-08       51.55625808        36.6212456      52.208690737 1.51371582537e-08
     "BPM.9L7.B1"       16506.68684                 1     188.298451387 1.48323969742e-08       175.6909606       36.69511988     192.167419908 1.51371582537e-08
     "BPM.7L7.B1"       16586.21782                 1     122.945983686 1.48323969742e-08       125.2656564        36.8344051     125.472154969 1.51371582537e-08
     "BPM.6L7.B1"       16621.03582                 1      47.866648017 1.48323969742e-08        45.9751557       36.90577333     48.8501640947 1.51371582537e-08
   "BPMWC.6L7.B1"       16633.13832                 1     39.3734470652 1.48323969742e-08       47.05357784       36.95036354     40.1824533322 1.51371582537e-08
   "BPMWE.5L7.B1"       16710.19232                 1     309.806319138 1.48323969742e-08       330.2868589       37.05641054     316.171909972 1.51371582537e-08
    "BPMW.5L7.B1"       16733.39732                 1     278.702536947 1.48323969742e-08       303.0192869       37.06723013     284.429038329 1.51371582537e-08
   "BPMWE.4L7.B1"       16768.48232                 1     91.9858318389 1.48323969742e-08       100.8602164       37.09938938     93.8758648428 1.51371582537e-08
    "BPMW.4R7.B1"       16912.63432                 1     338.564059469 1.48323969742e-08       353.8206897       37.31363667      345.52053563 1.51371582537e-08
   "BPMWE.4R7.B1"       16940.73932                 1     274.795627087 1.48323969742e-08       296.7412916       37.32643837     280.441853186 1.51371582537e-08
    "BPMW.5R7.B1"       16975.82432                 1     87.1969002742 1.48323969742e-08       85.61461859       37.36176074     88.9885350951 1.51371582537e-08
   "BPMWE.5R7.B1"       16999.02932                 1     41.8696136168 1.48323969742e-08       44.36348662       37.42816614     42.7299086211 1.51371582537e-08
    "BPMR.6R7.B1"       17078.24482                 1     179.833792336 1.48323969742e-08       182.7988004       37.59927807     183.528837496 1.51371582537e-08
   "BPM_A.7R7.B1"       17116.28082                 1     57.2608527818 1.48323969742e-08       62.08670576       37.65134073     58.4373915968 1.51371582537e-08
     "BPM.8R7.B1"       17155.34681                 1     145.488335995 1.48323969742e-08       136.6250496       37.72810681      148.47768502 1.51371582537e-08
     "BPM.9R7.B1"        17194.4138                 1     42.6428505747 1.48323969742e-08       42.14203665       37.80860272     43.5190332798 1.51371582537e-08
    "BPM.10R7.B1"       17234.87878                 1     168.819608602 1.48323969742e-08         160.96515       37.90081838     172.288345314 1.51371582537e-08
    "BPM.11R7.B1"       17287.66147                 1     35.8816575246 1.48323969742e-08       34.73345448       38.01474782     36.6189179875 1.51371582537e-08
    "BPM.12R7.B1"       17342.38796                 1      196.91095535 1.48323969742e-08        186.964359       38.14353274     200.956885001 1.51371582537e-08
    "BPM.13R7.B1"       17395.83944                 1     32.8423139357 1.48323969742e-08       31.85074271       38.25487886     33.5171250019 1.51371582537e-08
    "BPM.14R7.B1"       17449.29093                 1      168.78727794 1.48323969742e-08       160.8438246       38.40257288     172.255350355 1.51371582537e-08
    "BPM.15R7.B1"       17502.74241                 1     33.0465181158 1.48323969742e-08       31.17121992       38.52626557     33.7255249656 1.51371582537e-08
    "BPM.16R7.B1"       17556.19389                 1     182.841504085 1.48323969742e-08       186.0442378       38.66177907     186.598348702 1.51371582537e-08
    "BPM.17R7.B1"       17609.64538                 1     33.3799756997 1.48323969742e-08       31.27724607       38.77459285     34.0658341029 1.51371582537e-08
    "BPM.18R7.B1"       17663.09686                 1     169.801956294 1.48323969742e-08       161.2476391       38.92395162     173.290877306 1.51371582537e-08
    "BPM.19R7.B1"       17716.54835                 1     31.8023504186 1.48323969742e-08       31.74101821       39.04604617     32.4557933532 1.51371582537e-08
    "BPM.20R7.B1"       17769.99983                 1     177.741397709 1.48323969742e-08       185.2536703       39.18031074     181.393450434 1.51371582537e-08
    "BPM.23R7.B1"       17930.35428                 1     34.8628461532 1.48323969742e-08       33.91862896       39.56190136     35.5791730975 1.51371582537e-08
    "BPM.24R7.B1"       17983.80577                 1     185.012835347 1.48323969742e-08       182.3572211       39.69173576      188.81429431 1.51371582537e-08
    "BPM.25R7.B1"       18037.25725                 1     32.4397365109 1.48323969742e-08       30.36276624       39.80804768     33.1062758182 1.51371582537e-08
    "BPM.26R7.B1"       18090.70874                 1     163.989172693 1.48323969742e-08       164.1803692       39.95864306     167.358658434 1.51371582537e-08
    "BPM.28R7.B1"        18197.6117                 1     197.483274037 1.48323969742e-08       180.4734015       40.20380984     201.540963121 1.51371582537e-08
    "BPM.29R7.B1"       18251.06319                 1       29.83994906 1.48323969742e-08       30.06942553        40.3215681     30.4530705313 1.51371582537e-08
    "BPM.30R7.B1"       18304.51467                 1     172.356414002 1.48323969742e-08        166.168238       40.47190704      175.89782146 1.51371582537e-08
    "BPM.31R7.B1"       18357.96616                 1     36.2076434864 1.48323969742e-08       34.50343706       40.58576963     36.9516019832 1.51371582537e-08
    "BPM.32R7.B1"       18411.41764                 1     182.277450111 1.48323969742e-08       178.3941783       40.71601756     186.022705111 1.51371582537e-08
    "BPM.33R7.B1"       18464.86912                 1     38.7582576845 1.48323969742e-08        29.8310137       40.83520879     39.5546236545 1.51371582537e-08
    "BPM.34R7.B1"       18518.32061                 1     171.276944879 1.48323969742e-08       168.3255375        40.9850063     174.796172483 1.51371582537e-08
    "BPM.33L8.B1"       18571.77209                 1     35.1694535265 1.48323969742e-08       34.71201024       41.09757088     35.8920803329 1.51371582537e-08
    "BPM.32L8.B1"       18625.22358                 1     168.435710952 1.48323969742e-08       176.1725792       41.22837369     171.896559719 1.51371582537e-08
    "BPM.31L8.B1"       18678.67506                 1     29.9426726624 1.48323969742e-08       29.65361114       41.34894502     30.5579047958 1.51371582537e-08
    "BPM.30L8.B1"       18732.12654                 1     170.165589392 1.48323969742e-08       170.5972487       41.49793403     173.661981974 1.51371582537e-08
    "BPM.29L8.B1"       18785.57803                 1     36.9487865271 1.48323969742e-08       34.85710927         41.609312     37.7079732909 1.51371582537e-08
    "BPM.28L8.B1"       18839.02951                 1     170.001991916 1.48323969742e-08       173.8652633       41.74089004     173.495023061 1.51371582537e-08
    "BPM.27L8.B1"         18892.481                 1      29.714805873 1.48323969742e-08       29.54174226       41.86274851     30.3253560271 1.51371582537e-08
    "BPM.25L8.B1"       18999.38397                 1     36.2671084111 1.48323969742e-08       34.93503359       42.12101552     37.0122887338 1.51371582537e-08
    "BPM.22L8.B1"       19159.73842                 1     186.755223594 1.48323969742e-08       175.2507177       42.52327171     190.592483411 1.51371582537e-08
    "BPM.21L8.B1"        19213.1899                 1      37.188241739 1.48323969742e-08       34.94379584       42.63270448     37.9523485894 1.51371582537e-08
    "BPM.20L8.B1"       19266.64139                 1     179.974436628 1.48323969742e-08       170.6395677       42.76573053     183.672371607 1.51371582537e-08
    "BPM.19L8.B1"       19320.09287                 1     27.3616407693 1.48323969742e-08       28.01976726       42.89322839     27.9238404371 1.51371582537e-08
    "BPM.18L8.B1"       19373.54435                 1     192.595431258 1.48323969742e-08       179.8778621       43.04265712     196.552689829 1.51371582537e-08
    "BPM.15L8.B1"       19533.89881                 1     27.4168705727 1.48323969742e-08       28.20592487       43.41537505     27.9802050473 1.51371582537e-08
    "BPM.14L8.B1"       19587.35029                 1     194.076263689 1.48323969742e-08       184.2253439       43.56155801     198.063948926 1.51371582537e-08
    "BPM.13L8.B1"       19640.80177                 1     35.2874909089 1.48323969742e-08       34.57438413       43.66843422     36.0125430295 1.51371582537e-08
    "BPM.12L8.B1"       19694.25326                 1     162.385938488 1.48323969742e-08       162.1984555       43.80706074     165.722482573 1.51371582537e-08
    "BPM.11L8.B1"       19747.70474                 1     29.1869509994 1.48323969742e-08       31.68741996       43.92890662     29.7866553187 1.51371582537e-08
    "BPM.10L8.B1"       19799.54543                 1     182.392588758 1.48323969742e-08       174.4318474       44.06223292     186.140209511 1.51371582537e-08
     "BPM.9L8.B1"       19838.61242                 1     53.2326323143 1.48323969742e-08       52.56137068       44.12347982     54.3264032782 1.51371582537e-08
     "BPM.8L8.B1"       19879.07741                 1     153.254189523 1.48323969742e-08        155.662235       44.20835684      156.40310355 1.51371582537e-08
     "BPM.7L8.B1"        19918.1454                 1     23.2249399381 1.48323969742e-08       23.77664533       44.30709437     23.7021428086 1.51371582537e-08
    "BPMR.6L8.B1"        19950.6144                 1      65.750749373 1.48323969742e-08       68.37271868       44.45172553     67.1017301041 1.51371582537e-08
     "BPM.5L8.B1"        20011.0334                 1     64.7920618297 1.48323969742e-08       66.13705855       44.72456585     66.1233444066 1.51371582537e-08
   "BPMYB.4L8.B1"        20031.8004                 1     193.931982795 1.48323969742e-08       222.7645034       44.75193053     197.916703493 1.51371582537e-08
   "BPMWB.4L8.B1"        20056.1919                 1     242.048535203 1.48323969742e-08       281.0053314        44.7663835     247.021906764 1.51371582537e-08
   "BPMSX.4L8.B1"        20106.4249                 1     228.672496014 1.48323969742e-08       319.2272314       44.79320354     233.371030081 1.51371582537e-08
    "BPMS.2L8.B1"        20144.3364                 1     462.885562535 1.48323969742e-08       497.4210596       44.80744487     472.396472778 1.51371582537e-08
   "BPMSW.1L8.B1"        20154.2704                 1     137.388427251 1.48323969742e-08       149.1743582       44.81396197     140.211347441 1.51371582537e-08
   "BPMSW.1R8.B1"        20197.4604                 1      151.74826221 1.48323969742e-08       155.4434362       45.26819284     154.866233947 1.51371582537e-08
    "BPMS.2R8.B1"        20207.3944                 1     181.756614926 1.48323969742e-08       190.6957642       45.27631999     185.491168324 1.51371582537e-08
   "BPMWB.4R8.B1"        20295.4629                 1     175.646458454 1.48323969742e-08       213.8318977       45.31582891      179.25546646 1.51371582537e-08
   "BPMYB.4R8.B1"        20319.9304                 1     125.124628492 1.48323969742e-08       136.9429481       45.34031598     127.695564393 1.51371582537e-08
   "BPMYB.5R8.B1"        20340.5074                 1     164.719034115 1.48323969742e-08       179.4702428       45.36126632     168.103516318 1.51371582537e-08
     "BPM.6R8.B1"        20424.6154                 1     45.6047567976 1.48323969742e-08       46.19667213       45.60300575     46.5417977935 1.51371582537e-08
   "BPM_A.7R8.B1"        20446.8554                 1     175.236827971 1.48323969742e-08       174.5797427       45.64283436     178.837419298 1.51371582537e-08
    "BPM.10R8.B1"       20567.82043                 1     29.3841343192 1.48323969742e-08       26.72543439       46.09277457     29.9878901644 1.51371582537e-08
    "BPM.11R8.B1"       20619.65914                 1     178.406964757 1.48323969742e-08       184.2047037       46.24489157     182.072692889 1.51371582537e-08
    "BPM.12R8.B1"       20674.38266                 1     38.2506711762 1.48323969742e-08       40.00840998       46.34619626     39.0366077656 1.51371582537e-08
    "BPM.13R8.B1"       20727.83117                 1     164.694173356 1.48323969742e-08       165.7790188       46.47015232     168.078144745 1.51371582537e-08
    "BPM.14R8.B1"       20781.27969                 1     35.9709056247 1.48323969742e-08       35.90292924       46.58178842     36.7099998683 1.51371582537e-08
    "BPM.15R8.B1"       20834.72821                 1     116.383058342 1.48323969742e-08       179.2139814       46.70825849      118.77438119 1.51371582537e-08
    "BPM.16R8.B1"       20888.17672                 1     33.3226658753 1.48323969742e-08       31.32422911       46.82377119     34.0073467335 1.51371582537e-08
    "BPM.17R8.B1"       20941.62524                 1     173.433492311 1.48323969742e-08        165.399637       46.97010109     176.997030498 1.51371582537e-08
    "BPM.18R8.B1"       20995.07375                 1     35.2290293384 1.48323969742e-08       35.90190156       47.08174312     35.9528802491 1.51371582537e-08
    "BPM.19R8.B1"       21048.52227                 1      183.64631221 1.48323969742e-08       179.2218085       47.20821196     187.419693221 1.51371582537e-08
    "BPM.22R8.B1"       21208.86782                 1     24.2487764189 1.48323969742e-08       35.90087302        47.5816978     24.7470160589 1.51371582537e-08
    "BPM.23R8.B1"       21262.31633                 1     180.396700271 1.48323969742e-08       179.2286504       47.70816586     184.103311502 1.51371582537e-08
    "BPM.24R8.B1"       21315.76485                 1     31.5702969399 1.48323969742e-08       31.32387905       47.82367352     32.2189718713 1.51371582537e-08
    "BPM.25R8.B1"       21369.21337                 1     169.841384029 1.48323969742e-08       165.3858946       47.97001324     173.331115163 1.51371582537e-08
    "BPM.26R8.B1"       21422.66188                 1     36.7415884613 1.48323969742e-08       35.90010886       48.08166417     37.4965179262 1.51371582537e-08
    "BPM.27R8.B1"        21476.1104                 1     179.665897433 1.48323969742e-08       179.2344606       48.20813132     183.357492856 1.51371582537e-08
    "BPM.29R8.B1"       21583.00743                 1     163.524031429 1.48323969742e-08       165.3800851        48.4699758     166.883959911 1.51371582537e-08
    "BPM.30R8.B1"       21636.45594                 1     36.5369513068 1.48323969742e-08       35.89934424       48.58163053     37.2876760918 1.51371582537e-08
    "BPM.31R8.B1"       21689.90446                 1     177.518412233 1.48323969742e-08       179.2402694       48.70809678     181.165883275 1.51371582537e-08
    "BPM.32R8.B1"       21743.35298                 1     32.3943596407 1.48323969742e-08        31.3254083       48.82359642     33.0599665895 1.51371582537e-08
    "BPM.33R8.B1"       21796.80149                 1     164.189001751 1.48323969742e-08        165.374277       48.96993837     167.562593379 1.51371582537e-08
    "BPM.34R8.B1"       21850.25001                 1     37.3893610817 1.48323969742e-08       35.89857914       49.08159689     38.1576003314 1.51371582537e-08
    "BPM.33L1.B1"       21903.69852                 1     174.424336206 1.48323969742e-08       179.2460767       49.20806224     178.008233265 1.51371582537e-08
    "BPM.32L1.B1"       21957.14704                 1     31.7068207396 1.48323969742e-08       31.32617363       49.32355787     32.3583008257 1.51371582537e-08
    "BPM.31L1.B1"       22010.59556                 1     169.826073998 1.48323969742e-08       165.3684703       49.46990094     173.315490557 1.51371582537e-08
    "BPM.30L1.B1"       22064.04407                 1     37.5499276907 1.48323969742e-08       35.89781358       49.58156325     38.3214661027 1.51371582537e-08
    "BPM.29L1.B1"       22117.49259                 1     183.993116178 1.48323969742e-08       179.2518827        49.7080277     187.773622971 1.51371582537e-08
    "BPM.28L1.B1"        22170.9411                 1     32.3504775587 1.48323969742e-08       31.32693943       49.82351932     33.0151828622 1.51371582537e-08
    "BPM.27L1.B1"       22224.38962                 1     173.883270748 1.48323969742e-08       165.3626651        49.9698635     177.456050533 1.51371582537e-08
    "BPM.26L1.B1"       22277.83814                 1     36.6637515213 1.48323969742e-08       35.89704754       50.08152961     37.4170816705 1.51371582537e-08
    "BPM.25L1.B1"       22331.28665                 1     187.626161942 1.48323969742e-08       179.2576872       50.20799317     191.481316931 1.51371582537e-08
    "BPM.24L1.B1"       22384.73517                 1     31.3073120648 1.48323969742e-08        31.3277057       50.32348077     31.9505834456 1.51371582537e-08
    "BPM.23L1.B1"       22438.18368                 1     162.487154784 1.48323969742e-08       165.3568613       50.46982606      165.82577856 1.51371582537e-08
    "BPM.22L1.B1"        22491.6322                 1     35.9086532097 1.48323969742e-08       35.89628104       50.58149597      36.646468353 1.51371582537e-08
    "BPM.21L1.B1"       22545.08071                 1      187.52677133 1.48323969742e-08       179.2634903       50.70795863      191.37988414 1.51371582537e-08
    "BPM.20L1.B1"       22598.52923                 1     31.3662729597 1.48323969742e-08       31.33085575        50.8234369     32.0107558102 1.51371582537e-08
    "BPM.19L1.B1"       22651.97775                 1     166.953084007 1.48323969742e-08        165.349286       50.96977647     170.383469237 1.51371582537e-08
    "BPM.18L1.B1"       22705.42626                 1     35.5559510962 1.48323969742e-08        35.8952652       51.08145141     36.2865192686 1.51371582537e-08
    "BPM.17L1.B1"       22758.87478                 1     177.589906586 1.48323969742e-08         179.27117       51.20791289     181.238846622 1.51371582537e-08
    "BPM.16L1.B1"       22812.32329                 1     33.1812686847 1.48323969742e-08         31.331872       51.32338585     33.8630442546 1.51371582537e-08
    "BPM.15L1.B1"       22865.77181                 1      170.90056999 1.48323969742e-08       165.3416076       51.46972689     174.412064219 1.51371582537e-08
    "BPM.14L1.B1"       22919.22033                 1     37.2591451962 1.48323969742e-08       35.89424855       51.58140685     38.0247088999 1.51371582537e-08
    "BPM.13L1.B1"       22972.66884                 1     183.055815648 1.48323969742e-08       179.2788473       51.70786716     186.817063725 1.51371582537e-08
    "BPM.12L1.B1"       23026.11736                 1     34.0151789014 1.48323969742e-08       35.14385176       51.81568676     34.7140888256 1.51371582537e-08
    "BPM.11L1.B1"       23079.56587                 1     162.600150725 1.48323969742e-08       161.1192213       51.95316619     165.941096229 1.51371582537e-08
    "BPM.10L1.B1"       23132.34658                 1      60.377845517 1.48323969742e-08        61.0834308       52.03787714     61.6184291857 1.51371582537e-08
     "BPM.9L1.B1"        23171.4116                 1     238.471716251 1.48323969742e-08       237.2868492       52.09573524     243.371594909 1.51371582537e-08
    "BPMR.7L1.B1"       23250.94062                 1     182.465030257 1.48323969742e-08        168.908329       52.49132195     186.214139466 1.51371582537e-08
   "BPMYA.4L1.B1"       23347.14262                 1     309.195834142 1.48323969742e-08       348.6982491        52.9456171      315.54888134 1.51371582537e-08
   "BPMWB.4L1.B1"       23368.27512                 1     709.250328318 1.48323969742e-08       775.0999514       52.95221039     723.823295717 1.51371582537e-08
   "BPMSY.4L1.B1"       23461.05512                 1     4556.53306743 1.48323969742e-08       4918.544457       52.95977594     4650.15615817 1.51371582537e-08
    "BPMS.2L1.B1"       23487.84062                 1     1335.94133722 1.48323969742e-08       1401.817578       52.96151083     1363.39092558 1.51371582537e-08
   "BPMSW.1L1.B1"       23497.79062                 1     1094.88957222 1.48323969742e-08       1114.216932       52.96263271     1117.38626966 1.51371582537e-08
   "BPMSW.1R1.B1"       23540.93362                 1      1035.6382786 1.48323969742e-08       1106.717546       53.45644776     1056.91753963 1.51371582537e-08
    "BPMS.2R1.B1"       23550.89862                 1     3791.81302525 1.48323969742e-08       3704.696295       53.45732655     3869.72341231 1.51371582537e-08
   "BPMSY.4R1.B1"       23577.68412                 1     2325.41434917 1.48323969742e-08       2369.175985       53.45852515     2373.19464076 1.51371582537e-08
   "BPMWB.4R1.B1"       23670.46412                 1     1215.03290591 1.48323969742e-08       1264.054348       53.46706207     1239.99818857 1.51371582537e-08
   "BPMYA.4R1.B1"       23691.59662                 1     983.557499923 1.48323969742e-08       1015.329665       53.46997543     1003.76665713 1.51371582537e-08
     "BPM.5R1.B1"       23719.00462                 1     450.216675666 1.48323969742e-08       444.1600354       53.47657723     459.467278274 1.51371582537e-08
    "BPMR.6R1.B1"       23750.90462                 1     140.377441272 1.48323969742e-08       149.9387752       53.49621618     143.261776737 1.51371582537e-08
   "BPMSX.7R1.B1"       23757.12012                 1     105.349884552 1.48323969742e-08       109.2895351       53.50394691     107.514508764 1.51371582537e-08
   "BPM_A.7R1.B1"       23778.62862                 1      21.947797085 1.48323969742e-08       22.78487989          53.57487     22.3987584997 1.51371582537e-08
     "BPM.8R1.B1"       23820.06761                 1     126.677681503 1.48323969742e-08        119.882739       53.77348455     129.280527986 1.51371582537e-08
     "BPM.9R1.B1"        23859.1346                 1     42.1785811523 1.48323969742e-08       39.57322314       53.85854105      43.045224513 1.51371582537e-08
    "BPM.10R1.B1"       23899.59958                 1     160.528599693 1.48323969742e-08       158.3272843       53.95676864     163.826981035 1.51371582537e-08
    "BPM.11R1.B1"       23952.38227                 1     33.7225431838 1.48323969742e-08       33.33756428        54.0724354     34.4154403215 1.51371582537e-08
    "BPM.12R1.B1"       24007.10876                 1      175.31150662 1.48323969742e-08       177.8755211       54.20853932      178.91363237 1.51371582537e-08
    "BPM.13R1.B1"       24060.56024                 1      30.868846123 1.48323969742e-08       31.29200574       54.32464999     31.5031083436 1.51371582537e-08
    "BPM.14R1.B1"       24114.01173                 1     168.736222092 1.48323969742e-08       165.5483072       54.47097192     172.203245462 1.51371582537e-08
    "BPM.15R1.B1"       24167.46321                 1     35.4895979278 1.48323969742e-08       35.91933462       54.58252839     36.2188027417 1.51371582537e-08
    "BPM.16R1.B1"       24220.91469                 1     179.613602025 1.48323969742e-08       179.0993427       54.70902234     183.304122934 1.51371582537e-08
    "BPM.17R1.B1"       24274.36618                 1     31.5187800896 1.48323969742e-08       31.30243243       54.82463725     32.1663965043 1.51371582537e-08
    "BPM.18R1.B1"       24327.81766                 1     166.344296152 1.48323969742e-08       165.5462775       54.97095894     169.762172617 1.51371582537e-08
    "BPM.19R1.B1"       24381.26915                 1     35.1360036566 1.48323969742e-08       35.91907352       55.08251673     35.8579431684 1.51371582537e-08
    "BPM.20R1.B1"       24434.72063                 1     185.368148638 1.48323969742e-08       179.1013724       55.20901034     189.176908224 1.51371582537e-08
    "BPM.21R1.B1"       24488.17211                 1     31.7979156458 1.48323969742e-08       31.30269356       55.32462386      32.451267459 1.51371582537e-08
    "BPM.22R1.B1"        24541.6236                 1     167.822998774 1.48323969742e-08       165.5442479       55.47094596     171.271258143 1.51371582537e-08
    "BPM.23R1.B1"       24595.07508                 1     36.6854520362 1.48323969742e-08       35.91630523        55.5825097     37.4392280659 1.51371582537e-08
    "BPM.24R1.B1"       24648.52657                 1     181.850362232 1.48323969742e-08       179.1004074       55.70900999     185.586841857 1.51371582537e-08
    "BPM.25R1.B1"       24701.97805                 1     30.1390888229 1.48323969742e-08        31.3026863       55.82462386     30.7583567193 1.51371582537e-08
    "BPM.26R1.B1"       24755.42954                 1     168.040203777 1.48323969742e-08       165.5442479       55.97094596     171.492926058 1.51371582537e-08
    "BPM.27R1.B1"       24808.88102                 1     36.2361889597 1.48323969742e-08       35.91630523        56.0825097     36.9807339804 1.51371582537e-08
    "BPM.28R1.B1"        24862.3325                 1     176.002563512 1.48323969742e-08       179.1004074       56.20900999     179.618888409 1.51371582537e-08
    "BPM.29R1.B1"       24915.78399                 1     32.0750326042 1.48323969742e-08        31.3026863       56.32462386     32.7340783399 1.51371582537e-08
    "BPM.30R1.B1"       24969.23547                 1     168.966069971 1.48323969742e-08       165.5442479       56.47094596     172.437816026 1.51371582537e-08
    "BPM.31R1.B1"       25022.68696                 1     37.3740719703 1.48323969742e-08       35.91630523        56.5825097     38.1419970747 1.51371582537e-08
    "BPM.34R1.B1"       25183.04141                 1     172.422384883 1.48323969742e-08       165.5442479       56.97094596     175.965147845 1.51371582537e-08
    "BPM.33L2.B1"       25236.49289                 1     36.7735381917 1.48323969742e-08       35.91630523        57.0825097     37.5291241278 1.51371582537e-08
    "BPM.32L2.B1"       25289.94438                 1     179.970847216 1.48323969742e-08       179.1004074       57.20900999     183.668708443 1.51371582537e-08
    "BPM.31L2.B1"       25343.39586                 1     31.9606455992 1.48323969742e-08        31.3026863       57.32462386      32.617341025 1.51371582537e-08
    "BPM.30L2.B1"       25396.84734                 1     167.148972523 1.48323969742e-08       165.5442479       57.47094596     170.583382674 1.51371582537e-08
    "BPM.29L2.B1"       25450.29883                 1     37.2526872064 1.48323969742e-08       35.91630523        57.5825097     38.0181182178 1.51371582537e-08
    "BPM.28L2.B1"       25503.75031                 1     185.437628377 1.48323969742e-08       179.1004074       57.70900999     189.247815563 1.51371582537e-08
    "BPM.27L2.B1"        25557.2018                 1     31.5818610627 1.48323969742e-08        31.3026863       57.82462386     32.2307736022 1.51371582537e-08
    "BPM.26L2.B1"       25610.65328                 1     169.951393749 1.48323969742e-08       165.5442479       57.97094596     173.443385252 1.51371582537e-08
    "BPM.25L2.B1"       25664.10477                 1     37.6547455676 1.48323969742e-08       35.91630523        58.0825097     38.4284376728 1.51371582537e-08
    "BPM.24L2.B1"       25717.55625                 1      184.87583237 1.48323969742e-08       179.1004074       58.20900999     188.674476333 1.51371582537e-08
    "BPM.23L2.B1"       25771.00773                 1     30.5792095396 1.48323969742e-08        31.3026863       58.32462386      31.207520597 1.51371582537e-08
    "BPM.22L2.B1"       25824.45922                 1     165.881554678 1.48323969742e-08       165.5442479       58.47094596     169.289923193 1.51371582537e-08
    "BPM.21L2.B1"        25877.9107                 1     40.1329426234 1.48323969742e-08       35.91630523        58.5825097     40.9575542466 1.51371582537e-08
    "BPM.20L2.B1"       25931.36219                 1      182.43088676 1.48323969742e-08       179.1013897       58.70900956     186.179294422 1.51371582537e-08
    "BPM.17L2.B1"       26091.71664                 1     35.4270181093 1.48323969742e-08        35.9160441       59.08249804     36.1549370955 1.51371582537e-08
    "BPM.16L2.B1"       26145.16812                 1      186.80022167 1.48323969742e-08       179.1034171       59.20899757     190.638406062 1.51371582537e-08
    "BPM.15L2.B1"       26198.61961                 1       32.59990367 1.48323969742e-08       31.30535136       59.32460428     33.2697339323 1.51371582537e-08
    "BPM.14L2.B1"       26252.07109                 1     171.940445306 1.48323969742e-08       165.5402989       59.47092001     175.473305855 1.51371582537e-08
    "BPM.13L2.B1"       26305.52257                 1     37.8465663218 1.48323969742e-08       35.91578291       59.58248637     38.6241997682 1.51371582537e-08
    "BPM.12L2.B1"       26358.97406                 1     185.431807339 1.48323969742e-08        181.357995       59.70802005     189.241874921 1.51371582537e-08
    "BPM.11L2.B1"       26412.42554                 1     29.1320597422 1.48323969742e-08       28.82302132       59.82869241     29.7306362108 1.51371582537e-08
    "BPM.10L2.B1"       26464.26623                 1     173.776168849 1.48323969742e-08       162.6958127       59.97888877     177.346748012 1.51371582537e-08
     "BPM.9L2.B1"       26503.33322                 1     45.9101506462 1.48323969742e-08       44.24993661       60.04812905       46.85346657 1.51371582537e-08
     "BPM.8L2.B1"       26543.79821                 1     119.637613433 1.48323969742e-08       131.7227629       60.15073079     122.095807628 1.51371582537e-08
     "BPM.7L2.B1"        26582.8662                 1     64.5459645419 1.48323969742e-08       63.31468691       60.21567867     65.8721905576 1.51371582537e-08
    "BPMR.6L2.B1"        26614.9722                 1     201.215524766 1.48323969742e-08        203.011592        60.2622214     205.349900409 1.51371582537e-08