@ GetLLMVersion %s "V3.0.0 Dev"
@ Command %s "/afs/cern.ch/work/o/omc/anaconda/bin/python '/afs/cern.ch/work/e/efol/public/Beta-Beat.src/GetLLM/GetLLM.py' '--accel=LHCB1' '--model=/afs/cern.ch/work/e/efol/public/betabeatGui/temp/2017-12-20/models/LHCB1/Multiturn-model_40cm_2041/twiss.dat' '--files=/afs/cern.ch/work/e/efol/public/betabeatGui/temp/2017-12-20/LHCB1/Measurements/Beam1@Turn@2017_09_11@19_02_33_250_dbscanOnCleaned/Beam1@Turn@2017_09_11@19_02_33_250_dbscanOnCleaned.sdds' '--output=/afs/cern.ch/work/e/efol/public/betabeatGui/temp/2017-12-20/LHCB1/Results/40cm_dbscanOnCleanedData' '--tbtana=SUSSIX' '--bpmu=mm' '--lhcphase=1' '--errordefs=/afs/cern.ch/work/e/efol/public/betabeatGui/temp/2017-12-20/models/LHCB1/Multiturn-model_40cm_2041/error_deff.txt'"
@ CWD %s "/home/efol/Workspaces/Accsoft-Eclipse-Pro/lhc-app-beta-beating"
@ Date %s "21. December 2017, 14:57:29"
@ Q1 %le 0.309853386094
@ Q2 %le 0.319421650825
@ RMSbetabeat %le 1.87422084546
@ RescalingFactor %le 1.10951702125
@ FILES %s "/afs/cern.ch/work/e/efol/public/betabeatGui/temp/2017-12-20/LHCB1/Measurements/Beam1@Turn@2017_09_11@19_02_33_250_dbscanOnCleaned/Beam1@Turn@2017_09_11@19_02_33_250_dbscanOnCleaned.sdds.linx"
*            NAME                 S             COUNT              BETX           BETXSTD           BETXMDL            MUXMDL           BETXRES        BETXSTDRES
$              %s               %le               %le               %le               %le               %le               %le               %le               %le
   "BPMYB.5L2.B1"            28.288                 1     137.600538639 1.48323969742e-08        175.128565     0.03145312858     152.670139753 1.64567969088e-08
   "BPMYB.4L2.B1"            48.858                 1     68.9912791246 1.48323969742e-08       84.35832101     0.05851807485     76.5469985067 1.64567969088e-08
   "BPMWI.4L2.B1"           73.3255                 1     68.1949134739 1.48323969742e-08       83.45002126      0.1097876872     75.6634172621 1.64567969088e-08
   "BPMSX.4L2.B1"          123.4825                 1     150.032217093 1.48323969742e-08       170.5391556      0.1788502064     166.463298601 1.64567969088e-08
    "BPMS.2L2.B1"           161.394                 1     62.0305070753 1.48323969742e-08       63.40330267       0.229253766     68.8239034369 1.64567969088e-08
   "BPMSW.1L2.B1"           171.328                 1     50.7166924383 1.48323969742e-08        56.6340898      0.2526788187     56.2710335219 1.64567969088e-08
   "BPMSW.1R2.B1"           214.518                 1     50.7572957174 1.48323969742e-08        56.6345024      0.6146370966     56.3160835512 1.64567969088e-08
    "BPMS.2R2.B1"           224.452                 1     151.324747603 1.48323969742e-08       173.4266688       0.632582971     167.897383202 1.64567969088e-08
   "BPMSX.4R2.B1"          262.3635                 1     75.8453815572 1.48323969742e-08       100.2196997      0.6761117673      84.151741821 1.64567969088e-08
   "BPMWB.4R2.B1"          312.5965                 1     88.4942669617 1.48323969742e-08       104.9354204      0.7575836096     98.1858954772 1.64567969088e-08
   "BPMYB.4R2.B1"           336.988                 1     88.0401236873 1.48323969742e-08       101.2151279      0.7924101326     97.6820157842 1.64567969088e-08
     "BPM.6R2.B1"           439.818                 1     151.072794289 1.48323969742e-08       181.6208991       1.036087404     167.617836712 1.64567969088e-08
   "BPM_A.7R2.B1"           452.693                 1     75.0545556712 1.48323969742e-08       85.21587822        1.05258811     83.2743070397 1.64567969088e-08
     "BPM.8R2.B1"       494.1300106                 1     99.8930297294 1.48323969742e-08       113.0897601       1.134746992     110.833016789 1.64567969088e-08
     "BPM.9R2.B1"       533.1950212                 1     14.8682149033 1.48323969742e-08       15.94722448       1.292805637     16.4965375109 1.64567969088e-08
    "BPM.10R2.B1"       573.6580318                 1     154.923495896 1.48323969742e-08       171.7411105       1.460281322     171.890255689 1.64567969088e-08
    "BPM.11R2.B1"       625.4967424                 1     30.2166743773 1.48323969742e-08       32.90159014       1.566688573     33.5259145473 1.64567969088e-08
    "BPM.14R2.B1"       787.1172901                 1     157.534677929 1.48323969742e-08         170.35043       1.960490566       174.7874066 1.64567969088e-08
    "BPM.15R2.B1"        840.565806                 1     31.5715756749 1.48323969742e-08       34.55300863       2.072703938      35.029200599 1.64567969088e-08
    "BPM.16R2.B1"       894.0143219                 1     151.129578263 1.48323969742e-08       168.8433479       2.207282493     167.680839497 1.64567969088e-08
    "BPM.17R2.B1"       947.4628378                 1      31.409935935 1.48323969742e-08       33.10170512       2.323083936     34.8498585563 1.64567969088e-08
    "BPM.18R2.B1"       1000.911354                 1     157.546852622 1.48323969742e-08       170.3630625       2.460771013     174.800914629 1.64567969088e-08
    "BPM.19R2.B1"        1054.35987                 1     31.2397371608 1.48323969742e-08       34.55282647       2.572979721     34.6610201194 1.64567969088e-08
    "BPM.20R2.B1"       1107.808386                 1     151.539419128 1.48323969742e-08       168.8307202       2.707565464     168.135564913 1.64567969088e-08
    "BPM.21R2.B1"       1161.256901                 1     30.6320712977 1.48323969742e-08       33.10189183       2.823371809      33.986804501 1.64567969088e-08
    "BPM.22R2.B1"       1214.705417                 1     155.156516371 1.48323969742e-08       170.3756854        2.96105144     172.148795871 1.64567969088e-08
    "BPM.23R2.B1"       1268.153933                 1     30.6993970098 1.48323969742e-08       33.11661624       3.076157208     34.0615035246 1.64567969088e-08
    "BPM.27R2.B1"       1481.947997                 1     30.0217227538 1.48323969742e-08       33.11659909       3.581728657     33.3096124027 1.64567969088e-08
    "BPM.28R2.B1"       1535.396513                 1     163.757919787 1.48323969742e-08       170.3730331       3.719408284     181.692199368 1.64567969088e-08
    "BPM.29R2.B1"       1588.845029                 1     31.1966401463 1.48323969742e-08       33.11640494       3.834515594     34.6132032482 1.64567969088e-08
    "BPM.30R2.B1"       1642.293545                 1     160.354741248 1.48323969742e-08       170.3757357       3.972194287     177.916314853 1.64567969088e-08
    "BPM.34R2.B1"       1856.087608                 1      160.46644799 1.48323969742e-08       170.3757509        4.47776571     178.040255385 1.64567969088e-08
    "BPM.33L3.B1"       1909.536124                 1     31.2137639863 1.48323969742e-08       33.11656339       4.592871563     34.6322024402 1.64567969088e-08
    "BPM.32L3.B1"        1962.98464                 1     154.410798707 1.48323969742e-08       170.3730027       4.730551308      171.32140943 1.64567969088e-08
    "BPM.31L3.B1"       2016.433156                 1     30.5855385148 1.48323969742e-08       33.11644104       4.845658554     33.9351755863 1.64567969088e-08
    "BPM.30L3.B1"       2069.881672                 1      154.07813567 1.48323969742e-08       170.3757594       4.983337132     170.952314129 1.64567969088e-08
    "BPM.29L3.B1"       2123.330188                 1     29.3640040066 1.48323969742e-08         33.116545       5.098443021     32.5798622575 1.64567969088e-08
    "BPM.28L3.B1"       2176.778704                 1     153.407565433 1.48323969742e-08       170.3729976        5.23612282     170.208305037 1.64567969088e-08
    "BPM.27L3.B1"        2230.22722                 1     30.9850762369 1.48323969742e-08       33.11645955       5.351230029     34.3784694896 1.64567969088e-08
    "BPM.26L3.B1"       2283.675735                 1     156.545543586 1.48323969742e-08       170.3757611       5.488908554     173.689945209 1.64567969088e-08
    "BPM.25L3.B1"       2337.124251                 1      32.188879693 1.48323969742e-08       33.11652639       5.604014482     35.7141099144 1.64567969088e-08
    "BPM.24L3.B1"       2390.572767                 1     155.730573849 1.48323969742e-08       170.3729992       5.741694333     172.785722414 1.64567969088e-08
    "BPM.23L3.B1"       2444.021283                 1      30.931657037 1.48323969742e-08       33.11647824       5.856801501     34.3191999781 1.64567969088e-08
    "BPM.22L3.B1"       2497.469799                 1     160.408061571 1.48323969742e-08       170.3757561       5.994479976     177.975474659 1.64567969088e-08
    "BPM.21L3.B1"       2550.918315                 1     30.6532725866 1.48323969742e-08       33.11650764       6.109585946     34.0103276919 1.64567969088e-08
    "BPM.20L3.B1"       2604.366831                 1     151.129918013 1.48323969742e-08       168.7740195       6.248110946     167.681216456 1.64567969088e-08
    "BPM.19L3.B1"       2657.815347                 1       30.23084658 1.48323969742e-08       34.54002499       6.360982089     33.5416388473 1.64567969088e-08
    "BPM.18L3.B1"       2711.263863                 1     165.750041495 1.48323969742e-08       170.4266924       6.494760431     183.902492312 1.64567969088e-08
    "BPM.17L3.B1"       2764.712379                 1     34.0561500546 1.48323969742e-08       33.11556542       6.609873695     37.7858781639 1.64567969088e-08
    "BPM.16L3.B1"       2818.160894                 1     150.422521192 1.48323969742e-08       168.7871945       6.748394012     166.896347643 1.64567969088e-08
    "BPM.13L3.B1"       2978.506442                 1     31.7250919057 1.48323969742e-08       33.11463215       7.110161452     35.1995294701 1.64567969088e-08
    "BPM.12L3.B1"       3031.954958                 1     166.129038434 1.48323969742e-08       171.5175732       7.247251311     184.322995867 1.64567969088e-08
    "BPM.11L3.B1"       3085.403474                 1      25.595194349 1.48323969742e-08        28.2592413       7.373708861     28.3983037924 1.64567969088e-08
    "BPM.10L3.B1"       3138.184185                 1     161.579658731 1.48323969742e-08       172.7569671       7.522788108      179.27538165 1.64567969088e-08
     "BPM.9L3.B1"       3177.249195                 1     49.1624911075 1.48323969742e-08       54.93815126       7.583724784     54.5466206909 1.64567969088e-08
     "BPM.8L3.B1"       3217.712206                 1     158.632686593 1.48323969742e-08       175.5991319       7.660416551     176.005665902 1.64567969088e-08
     "BPM.7L3.B1"       3256.776216                 1     52.1521417869 1.48323969742e-08       58.10046323       7.719364003     57.8636890073 1.64567969088e-08
     "BPM.6L3.B1"       3329.415216                 1     180.745443333 1.48323969742e-08       206.7756234       7.831510896     200.540145892 1.64567969088e-08
  "BPMWG.A5L3.B1"       3371.119716                 1     54.4827377994 1.48323969742e-08       68.26217692       7.888594994     60.4495249528 1.64567969088e-08
    "BPMW.5L3.B1"       3400.089716                 1     42.8753843195 1.48323969742e-08       56.59279169       7.971952656     47.5709686952 1.64567969088e-08
   "BPMWE.4L3.B1"       3475.217716                 1     225.462271506 1.48323969742e-08       272.6641978        8.07532486     250.154227886 1.64567969088e-08
    "BPMW.4L3.B1"       3502.762716                 1     219.360453958 1.48323969742e-08       250.6035005       8.090528029     243.384157456 1.64567969088e-08
    "BPMW.4R3.B1"       3547.727716                 1     39.9908950462 1.48323969742e-08       44.32448505       8.160679045     44.3705787489 1.64567969088e-08
   "BPMWE.4R3.B1"       3575.272716                 1     25.2704353083 1.48323969742e-08       30.72266468       8.308322669      28.037978109 1.64567969088e-08
    "BPMW.5R3.B1"       3650.400716                 1     279.491305399 1.48323969742e-08       347.6581685       8.437850831     310.100360632 1.64567969088e-08
  "BPMWJ.A5R3.B1"       3679.118716                 1     243.580825242 1.48323969742e-08       302.5649998       8.450477678     270.257071656 1.64567969088e-08
   "BPMWC.6R3.B1"       3718.936716                 1     54.4402938777 1.48323969742e-08       64.79675564       8.496370937     60.4024326992 1.64567969088e-08
    "BPMR.6R3.B1"       3731.015216                 1     34.2759492889 1.48323969742e-08       39.70879417       8.536481749     38.0297491556 1.64567969088e-08
     "BPM.8R3.B1"       3825.903227                 1     28.4568265301 1.48323969742e-08        35.2651492       8.835957198      31.573333406 1.64567969088e-08
     "BPM.9R3.B1"       3864.968238                 1     110.448440301 1.48323969742e-08       128.5117235       8.940088827     122.544424485 1.64567969088e-08
    "BPM.10R3.B1"       3905.431248                 1     47.7729288893 1.48323969742e-08       54.67179092       9.014821952     53.0048777577 1.64567969088e-08
    "BPM.11R3.B1"       3958.211959                 1      172.07916552 1.48323969742e-08       183.5210003       9.107876696     190.924763147 1.64567969088e-08
    "BPM.12R3.B1"       4012.935475                 1     45.0059738312 1.48323969742e-08       42.56129302       9.208659941     49.9348940238 1.64567969088e-08
    "BPM.13R3.B1"       4066.383991                 1     161.199074339 1.48323969742e-08       170.7795851       9.325472939     178.853116789 1.64567969088e-08
    "BPM.14R3.B1"       4119.832506                 1     28.9415764052 1.48323969742e-08       33.11851399       9.440563908     32.1111716435 1.64567969088e-08
    "BPM.15R3.B1"       4173.281022                 1     152.745189628 1.48323969742e-08       168.7497879       9.579096744     169.473387807 1.64567969088e-08
    "BPM.16R3.B1"       4226.729538                 1     22.1183369113 1.48323969742e-08       34.53801546       9.691981666     24.5406712848 1.64567969088e-08
    "BPM.18R3.B1"        4333.62657                 1     29.7799169946 1.48323969742e-08       33.11755551        9.94085164      33.041324797 1.64567969088e-08
    "BPM.19R3.B1"       4387.075086                 1      158.03314567 1.48323969742e-08        168.762939       10.07937985     175.340465043 1.64567969088e-08
    "BPM.20R3.B1"       4440.523602                 1      33.428710764 1.48323969742e-08       34.53896949       10.19225756     37.0897235912 1.64567969088e-08
    "BPM.22R3.B1"       4547.420634                 1      28.109059562 1.48323969742e-08       33.11660593       10.44113938     31.1874800355 1.64567969088e-08
    "BPM.25R3.B1"       4707.766181                 1     158.254469968 1.48323969742e-08       170.3736653       10.83160423     175.586028119 1.64567969088e-08
    "BPM.30R3.B1"       4975.008761                 1     29.5427183477 1.48323969742e-08       33.11662759       11.45228227     32.7781488609 1.64567969088e-08
    "BPM.31R3.B1"       5028.457277                 1     168.074916314 1.48323969742e-08       170.3750152       11.58996073     186.481980496 1.64567969088e-08
    "BPM.32R3.B1"       5081.905793                 1     30.8451688621 1.48323969742e-08       33.11636264       11.70506732     34.2232398759 1.64567969088e-08
    "BPM.33R3.B1"       5135.354309                 1     148.294337022 1.48323969742e-08       170.3737711       11.84274721     164.535091081 1.64567969088e-08
    "BPM.34R3.B1"       5188.802825                 1      29.915090024 1.48323969742e-08       33.11663749       11.95785372     33.1913015739 1.64567969088e-08
    "BPM.33L4.B1"        5242.25134                 1     158.456570013 1.48323969742e-08       170.3749591       12.09553218     175.810261559 1.64567969088e-08
    "BPM.32L4.B1"       5295.699856                 1     30.2617283522 1.48323969742e-08       33.11635308       12.21063881     33.5759026992 1.64567969088e-08
    "BPM.31L4.B1"       5349.148372                 1     159.515689849 1.48323969742e-08       170.3738287       12.34831869     176.985373044 1.64567969088e-08
    "BPM.30L4.B1"       5402.596888                 1     30.0416474397 1.48323969742e-08       33.11664671       12.46342516     33.3317191808 1.64567969088e-08
    "BPM.29L4.B1"       5456.045404                 1      165.85503628 1.48323969742e-08       170.3749002       12.60110363     184.018985813 1.64567969088e-08
    "BPM.28L4.B1"        5509.49392                 1     29.4704551392 1.48323969742e-08       33.11634423        12.7162103      32.697971601 1.64567969088e-08
    "BPM.27L4.B1"       5562.942436                 1     157.399490678 1.48323969742e-08       170.3738889       12.85389018     174.637414043 1.64567969088e-08
    "BPM.26L4.B1"       5616.390952                 1     29.6539409501 1.48323969742e-08       33.11665519        12.9689966     32.9015522314 1.64567969088e-08
    "BPM.25L4.B1"       5669.839468                 1     155.803874201 1.48323969742e-08       170.3748387       13.10667508     172.867050403 1.64567969088e-08
    "BPM.24L4.B1"       5723.287984                 1     31.0579307185 1.48323969742e-08       33.11633612       13.22178179      34.459302777 1.64567969088e-08
    "BPM.23L4.B1"         5776.7365                 1     154.564845806 1.48323969742e-08       170.3739515       13.35946166     171.492327309 1.64567969088e-08
    "BPM.22L4.B1"       5830.185015                 1     30.3408086439 1.48323969742e-08        33.1166629       13.47456804     33.6636436289 1.64567969088e-08
    "BPM.21L4.B1"       5883.633531                 1     160.673889562 1.48323969742e-08        170.374775       13.61224654      178.27041534 1.64567969088e-08
    "BPM.20L4.B1"       5937.082047                 1     31.7829298589 1.48323969742e-08        34.5523301       13.72445156     35.2637016637 1.64567969088e-08
    "BPM.19L4.B1"       5990.530563                 1     155.392019404 1.48323969742e-08       168.8189486       13.85904485     172.410090496 1.64567969088e-08
    "BPM.18L4.B1"       6043.979079                 1     29.3469245443 1.48323969742e-08       33.10237926        13.9748551     32.5609123033 1.64567969088e-08
    "BPM.17L4.B1"       6097.427595                 1     161.747553721 1.48323969742e-08       170.3873833       14.11252694        179.461664 1.64567969088e-08
    "BPM.16L4.B1"       6150.876111                 1     34.6185129638 1.48323969742e-08       34.55213024       14.22472735     38.4098293838 1.64567969088e-08
    "BPM.15L4.B1"       6204.324627                 1     157.867678303 1.48323969742e-08       168.8063453       14.35932787     175.156876182 1.64567969088e-08
    "BPM.14L4.B1"       6257.773143                 1     30.6732993595 1.48323969742e-08       33.10258368       14.47514296     34.0325477373 1.64567969088e-08
    "BPM.13L4.B1"       6311.221659                 1     165.165490158 1.48323969742e-08       170.3999817       14.61280733     183.253922654 1.64567969088e-08
    "BPM.12L4.B1"       6364.670174                 1      32.097421145 1.48323969742e-08       33.66441246       14.72676903     35.6126350987 1.64567969088e-08
    "BPM.11L4.B1"        6418.11869                 1     153.330844131 1.48323969742e-08       166.5763012       14.86492988     170.123181446 1.64567969088e-08
    "BPM.10L4.B1"       6469.957401                 1     31.8648713083 1.48323969742e-08       31.52780044       14.98126706     35.3546170965 1.64567969088e-08
     "BPM.9L4.B1"       6509.022412                 1     98.8445974813 1.48323969742e-08        111.000041       15.10739803     109.669763364 1.64567969088e-08
     "BPM.8L4.B1"       6549.485422                 1     22.2207154406 1.48323969742e-08       21.02823162       15.23843666     24.6542620058 1.64567969088e-08
     "BPM.7L4.B1"       6588.549433                 1     86.6036431206 1.48323969742e-08       103.4394451       15.41380548     96.0882161447 1.64567969088e-08
   "BPMYB.6L4.B1"       6685.153433                 1     105.465687622 1.48323969742e-08       134.8490532       15.55382553     117.015975575 1.64567969088e-08
   "BPMYA.5L4.B1"       6722.153433                 1     360.368895499 1.48323969742e-08       431.6814919       15.57941125     399.835423486 1.64567969088e-08
  "BPMWI.A5L4.B1"       6798.755933                 1     259.983254453 1.48323969742e-08       315.6044425        15.6113604     288.455846056 1.64567969088e-08
  "BPMWA.B5L4.B1"       6824.619933                 1     236.149312469 1.48323969742e-08       277.6303821       15.62528443     262.011681741 1.64567969088e-08
  "BPMWA.A5L4.B1"       6833.504933                 1     218.832329811 1.48323969742e-08       266.1917904       15.63048707     242.798194726 1.64567969088e-08
  "BPMWA.A5R4.B1"       6881.553933                 1     176.965267364 1.48323969742e-08       218.5680628       15.66240457     196.345976311 1.64567969088e-08
  "BPMWA.B5R4.B1"       6890.438933                 1     169.923974578 1.48323969742e-08       212.3939333       15.66896959     188.533542114 1.64567969088e-08
   "BPMYB.5R4.B1"       6992.829433                 1      182.55657895 1.48323969742e-08       217.2561595       15.75149725     202.549631687 1.64567969088e-08
   "BPMYA.6R4.B1"       7024.393433                 1     403.349973519 1.48323969742e-08       486.1398227       15.76697937     447.523661141 1.64567969088e-08
     "BPM.7R4.B1"       7120.909433                 1     21.0677228773 1.48323969742e-08       22.79889128       15.93450269     23.3749971314 1.64567969088e-08
     "BPM.8R4.B1"       7158.698443                 1     103.315602611 1.48323969742e-08       113.0607275       16.07991314     114.630419658 1.64567969088e-08
     "BPM.9R4.B1"       7197.763454                 1     16.8441665607 1.48323969742e-08        18.5713731       16.21624484     18.6888895078 1.64567969088e-08
    "BPM.10R4.B1"       7238.226465                 1     144.210252437 1.48323969742e-08       152.1990454        16.3816195     160.003729718 1.64567969088e-08
    "BPM.11R4.B1"       7290.065175                 1     31.6714020569 1.48323969742e-08       34.70392971       16.49278171     35.1399596691 1.64567969088e-08
    "BPM.12R4.B1"       7344.788691                 1     148.146057498 1.48323969742e-08        170.420853        16.6284393     164.370572425 1.64567969088e-08
    "BPM.13R4.B1"       7398.237207                 1     29.7555922297 1.48323969742e-08       33.47884206       16.74286491     33.0143360563 1.64567969088e-08
    "BPM.14R4.B1"       7451.685723                 1     162.107397425 1.48323969742e-08       171.6773885       16.87901446     179.860916714 1.64567969088e-08
    "BPM.15R4.B1"       7505.134239                 1     32.5612827125 1.48323969742e-08       33.49086865       16.99285025     36.1272974034 1.64567969088e-08
    "BPM.16R4.B1"       7558.582755                 1     155.305741002 1.48323969742e-08       171.6764447       17.12900082      172.31436314 1.64567969088e-08
    "BPM.17R4.B1"       7612.031271                 1     33.3916572522 1.48323969742e-08       33.49130626       17.24283608     37.0486120892 1.64567969088e-08
    "BPM.18R4.B1"       7665.479786                 1     157.638293992 1.48323969742e-08       171.6773889       17.37898495     174.902370386 1.64567969088e-08
    "BPM.19R4.B1"       7718.928302                 1     31.1105346283 1.48323969742e-08        33.4908687       17.49282073     34.5176677103 1.64567969088e-08
    "BPM.20R4.B1"       7772.376818                 1      155.51064564 1.48323969742e-08       171.6764442        17.6289713     172.541708323 1.64567969088e-08
    "BPM.21R4.B1"       7825.825334                 1     29.5327307366 1.48323969742e-08       33.49130622       17.74280656     32.7670674363 1.64567969088e-08
    "BPM.22R4.B1"        7879.27385                 1     159.042670439 1.48323969742e-08       171.6773894       17.87895543     176.460549957 1.64567969088e-08
    "BPM.23R4.B1"       7932.722366                 1     31.4013475385 1.48323969742e-08       33.49177445       17.99278936     34.8403295842 1.64567969088e-08
    "BPM.24R4.B1"       7986.170882                 1     146.702851591 1.48323969742e-08       171.6788307       18.12893623     162.769310907 1.64567969088e-08
    "BPM.25R4.B1"       8039.619398                 1     33.6345603886 1.48323969742e-08       33.49132722       18.24277051     37.3181172535 1.64567969088e-08
    "BPM.26R4.B1"       8093.067914                 1     165.386565998 1.48323969742e-08       171.6773888       18.37891937     183.499210061 1.64567969088e-08
    "BPM.27R4.B1"        8146.51643                 1     30.8334314742 1.48323969742e-08       33.49177437       18.49275331     34.2102170442 1.64567969088e-08
    "BPM.28R4.B1"       8199.964946                 1     157.015595406 1.48323969742e-08       171.6788313       18.62890018     174.211475705 1.64567969088e-08
    "BPM.29R4.B1"       8253.413461                 1      30.650328565 1.48323969742e-08        33.4913273       18.74273446     34.0070612499 1.64567969088e-08
    "BPM.31R4.B1"       8360.310493                 1     34.1309439372 1.48323969742e-08        33.4917743       18.99271725     37.8688632498 1.64567969088e-08
    "BPM.32R4.B1"       8413.759009                 1       150.2709625 1.48323969742e-08       171.6788318       19.12886413     166.728190694 1.64567969088e-08
    "BPM.33R4.B1"       8467.207525                 1      28.452605322 1.48323969742e-08       33.49132738        19.2426984     31.5686499037 1.64567969088e-08
    "BPM.34R4.B1"       8520.656041                 1      159.30628587 1.48323969742e-08       171.6773877       19.37884727     176.753035766 1.64567969088e-08
    "BPM.33L5.B1"       8574.104557                 1     30.8038923749 1.48323969742e-08       33.49177422        19.4926812     34.1774429108 1.64567969088e-08
    "BPM.32L5.B1"       8627.553073                 1     148.086728265 1.48323969742e-08       171.6788324       19.62882807     164.304745632 1.64567969088e-08
    "BPM.31L5.B1"       8681.001589                 1     30.0424483456 1.48323969742e-08       33.49132746       19.74266235     33.3326077996 1.64567969088e-08
    "BPM.30L5.B1"       8734.450105                 1     159.305840225 1.48323969742e-08       171.6773871       19.87881121     176.752541315 1.64567969088e-08
    "BPM.29L5.B1"        8787.89862                 1     29.9743055967 1.48323969742e-08       33.49177414       19.99264515     33.2570022597 1.64567969088e-08
    "BPM.28L5.B1"       8841.347136                 1     155.925037743 1.48323969742e-08        171.678833       20.12879202     173.001483416 1.64567969088e-08
    "BPM.27L5.B1"       8894.795652                 1     28.7397665857 1.48323969742e-08       33.49132754       20.24262629     31.8872602136 1.64567969088e-08
    "BPM.26L5.B1"       8948.244168                 1     163.686021852 1.48323969742e-08       171.6773865       20.37877516     181.612427386 1.64567969088e-08
    "BPM.25L5.B1"       9001.692684                 1     21.6864110627 1.48323969742e-08       33.49177406       20.49260909     24.0614422039 1.64567969088e-08
    "BPM.24L5.B1"         9055.1412                 1     152.290831482 1.48323969742e-08       171.6788335       20.62875597      168.96926971 1.64567969088e-08
    "BPM.23L5.B1"       9108.589716                 1     29.8759533632 1.48323969742e-08       33.49132762       20.74259024     33.1478787826 1.64567969088e-08
    "BPM.22L5.B1"       9162.038232                 1     166.644364566 1.48323969742e-08        171.677386       20.87873911     184.894758982 1.64567969088e-08
    "BPM.21L5.B1"       9215.486748                 1     31.0079435607 1.48323969742e-08       33.49177398       20.99257304     34.4038411746 1.64567969088e-08
    "BPM.20L5.B1"       9268.935264                 1     159.386199455 1.48323969742e-08        171.676489       21.12872111     176.841701248 1.64567969088e-08
    "BPM.19L5.B1"       9322.383779                 1     28.5590972762 1.48323969742e-08       33.49040098       21.24255822     31.6868045395 1.64567969088e-08
    "BPM.17L5.B1"       9429.280811                 1     33.6288490043 1.48323969742e-08       33.49177398       21.49254352     37.3117803754 1.64567969088e-08
    "BPM.16L5.B1"       9482.729327                 1     154.280897392 1.48323969742e-08       171.6764903       21.62869159     171.177281711 1.64567969088e-08
    "BPM.15L5.B1"       9536.177843                 1     31.1520434312 1.48323969742e-08       33.49040098        21.7425287     34.5637224337 1.64567969088e-08
    "BPM.14L5.B1"       9589.626359                 1     169.047364296 1.48323969742e-08       171.6773425       21.87868007     187.560928084 1.64567969088e-08
    "BPM.13L5.B1"       9643.074875                 1     32.9433593363 1.48323969742e-08       33.49177397       21.99251401     36.5512179209 1.64567969088e-08
    "BPM.12L5.B1"       9696.523391                 1       156.2625304 1.48323969742e-08       168.1512586       22.13049826     173.375937263 1.64567969088e-08
    "BPM.11L5.B1"       9749.971907                 1     32.9258543505 1.48323969742e-08        37.5248342        22.2382219     36.5317958411 1.64567969088e-08
    "BPM.10L5.B1"       9802.752617                 1     147.167352156 1.48323969742e-08       150.3503314       22.36968741      163.28468219 1.64567969088e-08
     "BPM.9L5.B1"       9841.817628                 1     19.2681484629 1.48323969742e-08       21.32865309       22.47730301     21.3783386875 1.64567969088e-08
     "BPM.8L5.B1"       9882.280639                 1      112.11356998 1.48323969742e-08       118.0728601       22.66146928     124.391914206 1.64567969088e-08
    "BPMR.5L5.B1"       9990.140649                 1     383.311873553 1.48323969742e-08       462.1055391       22.88181088     425.291048155 1.64567969088e-08
   "BPMYA.4L5.B1"       10017.54665                 1     836.699520633 1.48323969742e-08       1054.043045        22.8881843     928.332359815 1.64567969088e-08
   "BPMWB.4L5.B1"       10038.68115                 1     1069.84816927 1.48323969742e-08       1315.864719       22.89098702     1187.01475396 1.64567969088e-08
   "BPMSY.4L5.B1"       10131.46115                 1     2096.57144504 1.48323969742e-08       2485.073071       22.89915642     2326.18170454 1.64567969088e-08
    "BPMS.2L5.B1"       10158.24665                 1     3052.36936568 1.48323969742e-08       3889.910817       22.90029854     3386.65576637 1.64567969088e-08
   "BPMSW.1L5.B1"       10168.21165                 1     1001.93579285 1.48323969742e-08       1162.912886       22.90113517     1111.66481637 1.64567969088e-08
   "BPMSW.1R5.B1"       10211.33965                 1     1022.34682289 1.48323969742e-08       1162.912184       23.39523136     1134.31120162 1.64567969088e-08
   "BPMWB.4R5.B1"       10340.87015                 1      706.47122145 1.48323969742e-08       817.3344555        23.4051606     783.841845224 1.64567969088e-08
   "BPMYA.4R5.B1"       10362.00265                 1     308.509362369 1.48323969742e-08       369.6082815       23.41139683     342.296388764 1.64567969088e-08
     "BPM.5R5.B1"       10383.12065                 1     154.268233244 1.48323969742e-08       168.4295663       23.42488375     171.163230622 1.64567969088e-08
    "BPMR.6R5.B1"       10415.02065                 1     7.29584504493 1.48323969742e-08       8.430381443       23.58150134     8.09486426177 1.64567969088e-08
   "BPM_A.7R5.B1"       10449.03465                 1     124.993198919 1.48323969742e-08       141.2419446       23.85403894     138.682081742 1.64567969088e-08
     "BPM.8R5.B1"       10490.47364                 1     19.3561683547 1.48323969742e-08       18.49863175       23.96924729     21.4759982558 1.64567969088e-08
     "BPM.9R5.B1"       10529.54063                 1     92.6861613155 1.48323969742e-08       110.3220925       24.17193213     102.836873614 1.64567969088e-08
    "BPM.10R5.B1"       10570.00562                 1     32.8917240388 1.48323969742e-08       38.03706263       24.26381535     36.4939276794 1.64567969088e-08
    "BPM.11R5.B1"       10622.78831                 1     175.367991797 1.48323969742e-08       181.7845149       24.38513182     194.573771882 1.64567969088e-08
    "BPM.12R5.B1"       10677.51479                 1     33.7350379594 1.48323969742e-08         34.790099       24.49695998     37.4295988285 1.64567969088e-08
    "BPM.13R5.B1"       10730.96627                 1     154.163957542 1.48323969742e-08       171.7494436       24.62968881     171.047534957 1.64567969088e-08
    "BPM.14R5.B1"       10784.41776                 1     29.6227744023 1.48323969742e-08       33.48864627        24.7435307      32.866972416 1.64567969088e-08
    "BPM.15R5.B1"       10837.86924                 1     161.967143211 1.48323969742e-08       171.6886063       24.87969107     179.705302276 1.64567969088e-08
    "BPM.16R5.B1"       10891.32073                 1     33.1895708915 1.48323969742e-08       33.48817036       24.99353555     36.8243938322 1.64567969088e-08
    "BPM.17R5.B1"       10944.77221                 1     157.852114148 1.48323969742e-08       171.6923318       25.12969523     175.139607488 1.64567969088e-08
    "BPM.18R5.B1"        10998.2237                 1     28.6869843683 1.48323969742e-08       33.48864624       25.24353723      31.828697445 1.64567969088e-08
    "BPM.19R5.B1"       11051.67518                 1     159.992918935 1.48323969742e-08       171.6886062        25.3796976     177.514866838 1.64567969088e-08
    "BPM.20R5.B1"       11105.12666                 1     30.6665992985 1.48323969742e-08       33.48817039       25.49354209     34.0251139056 1.64567969088e-08
    "BPM.21R5.B1"       11158.57815                 1     152.163997791 1.48323969742e-08       171.6923319       25.62970177      168.82854557 1.64567969088e-08
    "BPM.22R5.B1"       11212.02963                 1     30.0502903459 1.48323969742e-08       33.48864622       25.74354377     33.3413086324 1.64567969088e-08
    "BPM.23R5.B1"       11265.48112                 1     166.022889379 1.48323969742e-08       171.6909512       25.87970295     184.205221683 1.64567969088e-08
    "BPM.24R5.B1"        11318.9326                 1     31.0991630009 1.48323969742e-08       33.48909703       25.99354459     34.5050506962 1.64567969088e-08
    "BPM.25R5.B1"       11372.38408                 1     147.364185647 1.48323969742e-08       171.6923727       26.12970177     163.503072298 1.64567969088e-08
    "BPM.26R5.B1"       11425.83557                 1     30.5182025389 1.48323969742e-08       33.48864622       26.24354377     33.8604651749 1.64567969088e-08
    "BPM.27R5.B1"       11479.28705                 1     165.727942746 1.48323969742e-08       171.6909512       26.37970295     183.877973374 1.64567969088e-08
    "BPM.28R5.B1"       11532.73854                 1     31.2923545282 1.48323969742e-08       33.48909703       26.49354459      34.719399984 1.64567969088e-08
    "BPM.29R5.B1"       11586.19002                 1     162.805755513 1.48323969742e-08       171.6923727       26.62970177     180.635756899 1.64567969088e-08
    "BPM.30R5.B1"        11639.6415                 1     31.5811832552 1.48323969742e-08       33.48864622       26.74354377      35.039860373 1.64567969088e-08
    "BPM.31R5.B1"       11693.09299                 1     165.064503534 1.48323969742e-08       171.6909512       26.87970295     183.141876276 1.64567969088e-08
    "BPM.32R5.B1"       11746.54447                 1     29.8806457832 1.48323969742e-08       33.48909703       26.99354459     33.1530851025 1.64567969088e-08
    "BPM.33R5.B1"       11799.99596                 1     153.338185533 1.48323969742e-08       171.6923727       27.12970177     170.131326857 1.64567969088e-08
    "BPM.34R5.B1"       11853.44744                 1     31.7361589889 1.48323969742e-08       33.48864622       27.24354377     35.2118085873 1.64567969088e-08
    "BPM.33L6.B1"       11906.89893                 1     163.990243292 1.48323969742e-08       171.6909512       27.37970295     181.949966252 1.64567969088e-08
    "BPM.32L6.B1"       11960.35041                 1     32.0040045904 1.48323969742e-08       33.48909703       27.49354459     35.5089878413 1.64567969088e-08
    "BPM.29L6.B1"       12120.70486                 1     170.431571291 1.48323969742e-08       171.6909512       27.87970295     189.096729306 1.64567969088e-08
    "BPM.28L6.B1"       12174.15635                 1     32.4920623774 1.48323969742e-08       33.48909703       27.99354459     36.0504962633 1.64567969088e-08
    "BPM.27L6.B1"       12227.60783                 1     157.694960099 1.48323969742e-08       171.6923727       28.12970177     174.965242395 1.64567969088e-08
    "BPM.26L6.B1"       12281.05931                 1     30.0102589049 1.48323969742e-08       33.48864622       28.24354377     33.2968930672 1.64567969088e-08
    "BPM.25L6.B1"        12334.5108                 1     159.929521127 1.48323969742e-08       171.6909512       28.37970295     177.444525891 1.64567969088e-08
    "BPM.24L6.B1"       12387.96228                 1     31.3594584611 1.48323969742e-08       33.48909703       28.49354459     34.7938529398 1.64567969088e-08
    "BPM.22L6.B1"       12494.86525                 1     30.2259924147 1.48323969742e-08       33.48864622       28.74354377     33.5362530684 1.64567969088e-08
    "BPM.21L6.B1"       12548.31673                 1     165.273801851 1.48323969742e-08       171.6909512       28.87970294     183.374096321 1.64567969088e-08
    "BPM.20L6.B1"       12601.76822                 1     33.0529375869 1.48323969742e-08       33.48819131       28.99354644      36.672796855 1.64567969088e-08
    "BPM.19L6.B1"        12655.2197                 1     153.190278994 1.48323969742e-08       171.6899869       29.12970732     169.967222034 1.64567969088e-08
    "BPM.18L6.B1"       12708.67119                 1     31.1377813276 1.48323969742e-08        33.4886253       29.24355031      34.547898387 1.64567969088e-08
    "BPM.17L6.B1"       12762.12267                 1     165.008039306 1.48323969742e-08       171.6909511       29.37970948     183.079228253 1.64567969088e-08
    "BPM.16L6.B1"       12815.57415                 1     29.9208530341 1.48323969742e-08        33.4881913       29.49355298     33.1976957317 1.64567969088e-08
    "BPM.15L6.B1"       12869.02564                 1     153.805376932 1.48323969742e-08        171.689987       29.62971385     170.649683666 1.64567969088e-08
    "BPM.14L6.B1"       12922.47712                 1     29.4081994022 1.48323969742e-08       33.48862531       29.74355684     32.6288978011 1.64567969088e-08
    "BPM.13L6.B1"       12975.92861                 1     161.110497739 1.48323969742e-08        171.690951       29.87971602     178.754839544 1.64567969088e-08
    "BPM.12L6.B1"       13029.38009                 1     30.9932091813 1.48323969742e-08       32.85380122       29.99488123     34.3874931299 1.64567969088e-08
    "BPM.11L6.B1"       13082.83158                 1     154.329034918 1.48323969742e-08       177.4262416       30.12992819     171.230691115 1.64567969088e-08
    "BPM.10L6.B1"       13134.67226                 1     24.1040245017 1.48323969742e-08       29.61362466       30.24585235     26.7438254653 1.64567969088e-08
     "BPM.9L6.B1"       13173.73925                 1     124.003623249 1.48323969742e-08       135.2126565       30.36561155     137.584130692 1.64567969088e-08
     "BPM.8L6.B1"       13214.20424                 1     16.3578350785 1.48323969742e-08       18.86386505       30.48833405     18.1492964504 1.64567969088e-08
   "BPMYA.5L6.B1"       13311.29423                 1     488.634268564 1.48323969742e-08       576.8072326        30.7339036     542.148038138 1.64567969088e-08
   "BPMYB.4L6.B1"       13347.69423                 1     188.297680016 1.48323969742e-08       225.3551484       30.74912326      208.91948104 1.64567969088e-08
   "BPMSA.4R6.B1"       13568.51473                 1     220.613771665 1.48323969742e-08       254.5630301       30.95582807     244.774734785 1.64567969088e-08
   "BPMYA.4R6.B1"       13691.29423                 1     471.311728664 1.48323969742e-08       573.8297065       31.00787876     522.928385268 1.64567969088e-08
   "BPMYB.5R6.B1"       13727.69423                 1     103.469467209 1.48323969742e-08       120.7891535       31.02888512     114.801135048 1.64567969088e-08
    "BPM.11R6.B1"       13954.79389                 1     33.2697180933 1.48323969742e-08       35.32712386       31.75757036     36.9133185168 1.64567969088e-08
    "BPM.12R6.B1"       14009.52037                 1      156.97544034 1.48323969742e-08       170.4229761       31.89361398     174.166922976 1.64567969088e-08
    "BPM.13R6.B1"       14062.97186                 1     28.8497034674 1.48323969742e-08       32.87662121       32.00924581     32.0092370551 1.64567969088e-08
    "BPM.14R6.B1"       14116.42334                 1     161.844269304 1.48323969742e-08       173.7588578       32.14617605     179.568971585 1.64567969088e-08
    "BPM.17R6.B1"       14276.77779                 1     30.5819069818 1.48323969742e-08       32.91556085       32.51814385     33.9311463387 1.64567969088e-08
    "BPM.20R6.B1"       14437.13225                 1     164.071721914 1.48323969742e-08       174.5016795       32.91323081      182.04036817 1.64567969088e-08
    "BPM.21R6.B1"       14490.58373                 1     31.1872026979 1.48323969742e-08       32.91478852       33.02703912     34.6027322386 1.64567969088e-08
    "BPM.22R6.B1"       14544.03522                 1     168.513512335 1.48323969742e-08       172.9065002       33.16440245     186.968610247 1.64567969088e-08
    "BPM.23R6.B1"        14597.4867                 1     29.7828227455 1.48323969742e-08       32.89954089       33.27890599     33.0445487771 1.64567969088e-08
    "BPM.24R6.B1"       14650.93818                 1     159.393926871 1.48323969742e-08       172.9086952       33.41627076     176.850274948 1.64567969088e-08
    "BPM.25R6.B1"       14704.38967                 1     29.0367753748 1.48323969742e-08       32.90016379       33.53077209     32.2167965206 1.64567969088e-08
    "BPM.26R6.B1"       14757.84115                 1     158.970221278 1.48323969742e-08       172.9064302       33.66813632      176.38016638 1.64567969088e-08
    "BPM.27R6.B1"       14811.29264                 1     30.4821773147 1.48323969742e-08         32.899549       33.78263987     33.8204945755 1.64567969088e-08
    "BPM.29R6.B1"        14918.1956                 1     31.2931923869 1.48323969742e-08       32.90015534        34.0345059     34.7203296026 1.64567969088e-08
    "BPM.30R6.B1"       14971.64709                 1      165.90568851 1.48323969742e-08       172.9063627       34.17187019     184.075185324 1.64567969088e-08
    "BPM.31R6.B1"       15025.09857                 1     30.0457152823 1.48323969742e-08       32.89955779       34.28637375     33.3362325215 1.64567969088e-08
    "BPM.32R6.B1"       15078.55006                 1     152.917393042 1.48323969742e-08       172.9088301       34.42373839     169.664450426 1.64567969088e-08
    "BPM.33R6.B1"       15132.00154                 1     29.0818769302 1.48323969742e-08       32.90014622       34.53823971      32.266837464 1.64567969088e-08
    "BPM.34R6.B1"       15185.45302                 1     162.880945126 1.48323969742e-08       172.9062979       34.67560406     180.719181055 1.64567969088e-08
    "BPM.33L7.B1"       15238.90451                 1     31.9537713128 1.48323969742e-08       32.89956723       34.79010763     35.4532531648 1.64567969088e-08
    "BPM.32L7.B1"       15292.35599                 1     159.568805463 1.48323969742e-08       172.9088936       34.92747221     177.044305722 1.64567969088e-08
    "BPM.31L7.B1"       15345.80748                 1     29.4445137734 1.48323969742e-08       32.90013647       35.04197353     32.6691892141 1.64567969088e-08
    "BPM.30L7.B1"       15399.25896                 1     160.026064248 1.48323969742e-08       172.9062359       35.17933793     177.551642127 1.64567969088e-08
    "BPM.29L7.B1"       15452.71045                 1     32.3637456579 1.48323969742e-08        32.8995773        35.2938415     35.9081266789 1.64567969088e-08
    "BPM.28L7.B1"       15506.16193                 1     160.130467499 1.48323969742e-08       172.9089541       35.43120603     177.667479311 1.64567969088e-08
    "BPM.27L7.B1"       15559.61341                 1     31.2277154323 1.48323969742e-08       32.90012609       35.54570734      34.647681807 1.64567969088e-08
    "BPM.26L7.B1"        15613.0649                 1     157.041802898 1.48323969742e-08       172.9061768        35.6830718     174.240553363 1.64567969088e-08
    "BPM.25L7.B1"       15666.51638                 1     31.0165776229 1.48323969742e-08       32.89958798       35.79757538     34.4134208136 1.64567969088e-08
    "BPM.24L7.B1"       15719.96787                 1     154.440298046 1.48323969742e-08       172.9090116       35.93493984      171.35413945 1.64567969088e-08
    "BPM.23L7.B1"       15773.41935                 1     30.7635778625 1.48323969742e-08       32.90011511       36.04944115      34.132713273 1.64567969088e-08
    "BPM.22L7.B1"       15826.87083                 1      158.59753725 1.48323969742e-08       172.9061209       36.18680568     175.966667108 1.64567969088e-08
    "BPM.21L7.B1"       15880.32232                 1     31.3461506659 1.48323969742e-08       32.89959925       36.30130925     34.7790877146 1.64567969088e-08
    "BPM.16L7.B1"       16147.57974                 1      176.33003822 1.48323969742e-08        174.119195       36.94689257     195.641178763 1.64567969088e-08
    "BPM.15L7.B1"       16201.03122                 1     27.5007775403 1.48323969742e-08       31.50229455       37.06394951     30.5125807786 1.64567969088e-08
    "BPM.14L7.B1"       16254.48271                 1     157.736807846 1.48323969742e-08        173.731458       37.20503681     175.011673183 1.64567969088e-08
    "BPM.13L7.B1"       16307.93419                 1     31.5135537692 1.48323969742e-08       32.94123056       37.31909572      34.964824307 1.64567969088e-08
    "BPM.12L7.B1"       16361.38567                 1     152.299354657 1.48323969742e-08       168.3162799       37.45878799     168.978726318 1.64567969088e-08
    "BPM.11L7.B1"       16414.83716                 1     27.7793218224 1.48323969742e-08        31.4156062        37.5785266     30.8216304008 1.64567969088e-08
    "BPM.10L7.B1"       16467.61985                 1     138.607359377 1.48323969742e-08       159.4968211       37.72231549       153.7872245 1.64567969088e-08
     "BPM.9L7.B1"       16506.68684                 1     25.1361790544 1.48323969742e-08        25.8352186       37.81597601     27.8890185101 1.64567969088e-08
     "BPM.7L7.B1"       16586.21782                 1     58.7664531198 1.48323969742e-08        67.2066817       38.09126598      65.202380015 1.64567969088e-08
     "BPM.6L7.B1"       16621.03582                 1     212.495654336 1.48323969742e-08       240.4385357       38.13795827     235.767545427 1.64567969088e-08
   "BPMWC.6L7.B1"       16633.13832                 1      206.48664314 1.48323969742e-08       238.4299536       38.14551791     229.100445225 1.64567969088e-08
   "BPMWE.5L7.B1"       16710.19232                 1      23.992249823 1.48323969742e-08       28.93132311       38.33464748     26.6198095568 1.64567969088e-08
    "BPMW.5L7.B1"       16733.39732                 1        55.2540454 1.48323969742e-08       65.83947785       38.43173704     61.3053038643 1.64567969088e-08
   "BPMWE.4L7.B1"       16768.48232                 1     231.139393178 1.48323969742e-08       277.5166264       38.47352541     256.453091012 1.64567969088e-08
    "BPMW.4L7.B1"       16796.58732                 1     298.981332128 1.48323969742e-08       342.5069838       38.48680076     331.724877033 1.64567969088e-08
    "BPMW.4R7.B1"       16912.63432                 1     40.1803296445 1.48323969742e-08       45.93433561       38.67484765     44.5807596601 1.64567969088e-08
    "BPMW.5R7.B1"       16975.82432                 1     272.585493906 1.48323969742e-08       309.2923975       38.78398655     302.438245235 1.64567969088e-08
   "BPMWE.5R7.B1"       16999.02932                 1     288.554316269 1.48323969742e-08       349.9894117       38.79440234     320.155925456 1.64567969088e-08
    "BPMR.6R7.B1"       17078.24482                 1      55.057105873 1.48323969742e-08        59.2828978        38.8870777      61.086796107 1.64567969088e-08
   "BPM_A.7R7.B1"       17116.28082                 1     118.612105459 1.48323969742e-08        127.874134        38.9671717     131.602149933 1.64567969088e-08
     "BPM.9R7.B1"        17194.4138                 1     101.072803785 1.48323969742e-08       108.6113909       39.28496583     112.141996185 1.64567969088e-08
    "BPM.10R7.B1"       17234.87878                 1     33.2867965621 1.48323969742e-08       34.81349859       39.38460427     36.9322673686 1.64567969088e-08
    "BPM.11R7.B1"       17287.66147                 1     165.365665428 1.48323969742e-08       179.6221878       39.51149712     183.476020523 1.64567969088e-08
    "BPM.12R7.B1"       17342.38796                 1     29.7585833676 1.48323969742e-08       30.98983344       39.63185931     33.0176547747 1.64567969088e-08
    "BPM.13R7.B1"       17395.83944                 1      156.48473015 1.48323969742e-08       171.9742438       39.77544702     173.622471668 1.64567969088e-08
    "BPM.14R7.B1"       17449.29093                 1     30.6275832318 1.48323969742e-08       32.82282969        39.8904541     33.9818249155 1.64567969088e-08
    "BPM.15R7.B1"       17502.74241                 1     158.858750375 1.48323969742e-08       175.4195302       40.02674292     176.256487516 1.64567969088e-08
    "BPM.16R7.B1"       17556.19389                 1     29.1214839864 1.48323969742e-08       31.59138403        40.1430642     32.3107821671 1.64567969088e-08
    "BPM.17R7.B1"       17609.64538                 1     152.028738338 1.48323969742e-08       172.4144417        40.2846197     168.678472905 1.64567969088e-08
    "BPM.18R7.B1"       17663.09686                 1     29.7580367384 1.48323969742e-08       32.86554494       40.39936862     33.0170482803 1.64567969088e-08
    "BPM.19R7.B1"       17716.54835                 1     170.614576297 1.48323969742e-08       174.9991676       40.53575831     189.299776475 1.64567969088e-08
    "BPM.24R7.B1"       17983.80577                 1     30.8491623639 1.48323969742e-08       32.89988454       41.16013951     34.2276707341 1.64567969088e-08
    "BPM.25R7.B1"       18037.25725                 1     160.065334292 1.48323969742e-08       172.9074405       41.29750398     177.595212909 1.64567969088e-08
    "BPM.26R7.B1"       18090.70874                 1     30.9504792832 1.48323969742e-08       32.89982464       41.41200654     34.3400835806 1.64567969088e-08
    "BPM.27R7.B1"       18144.16022                 1     164.793949827 1.48323969742e-08       172.9077228       41.54937102     182.841692332 1.64567969088e-08
    "BPM.28R7.B1"        18197.6117                 1     31.8298070034 1.48323969742e-08       32.89988346       41.66387335     35.3157126534 1.64567969088e-08
    "BPM.29R7.B1"       18251.06319                 1     164.174958124 1.48323969742e-08       172.9074341       41.80123782     182.154910502 1.64567969088e-08
    "BPM.30R7.B1"       18304.51467                 1     29.9905890627 1.48323969742e-08       32.89982575       41.91574038     33.2750690425 1.64567969088e-08
    "BPM.31R7.B1"       18357.96616                 1     162.163727601 1.48323969742e-08        172.907729       42.05310486     179.923416003 1.64567969088e-08
    "BPM.32R7.B1"       18411.41764                 1     31.7822198193 1.48323969742e-08       32.89988233       42.16760719     35.2629138627 1.64567969088e-08
    "BPM.33R7.B1"       18464.86912                 1     164.889067007 1.48323969742e-08       172.9074281       42.30497167     182.947226463 1.64567969088e-08
    "BPM.34R7.B1"       18518.32061                 1     30.5662709918 1.48323969742e-08       32.89982691       42.41947423     33.9137979416 1.64567969088e-08
    "BPM.33L8.B1"       18571.77209                 1     159.326745575 1.48323969742e-08       172.9077348       42.55683871     176.775736157 1.64567969088e-08
    "BPM.32L8.B1"       18625.22358                 1     31.1583576335 1.48323969742e-08       32.89988113       42.67134103     34.5707281486 1.64567969088e-08
    "BPM.31L8.B1"       18678.67506                 1     159.342879347 1.48323969742e-08       172.9074224       42.80870552     176.793636851 1.64567969088e-08
    "BPM.30L8.B1"       18732.12654                 1     30.9438086402 1.48323969742e-08       32.89982814       42.92320808     34.3326823886 1.64567969088e-08
    "BPM.29L8.B1"       18785.57803                 1     162.535008111 1.48323969742e-08       172.9077404       43.06057255     180.335358049 1.64567969088e-08
    "BPM.28L8.B1"       18839.02951                 1     31.0246344046 1.48323969742e-08       32.89987987       43.17507487       34.42235995 1.64567969088e-08
    "BPM.25L8.B1"       18999.38397                 1     167.937568417 1.48323969742e-08       172.9077455       43.56430639     186.329590666 1.64567969088e-08
    "BPM.22L8.B1"       19159.73842                 1     31.7690372759 1.48323969742e-08       32.89983076       43.93067577     35.2482876064 1.64567969088e-08
    "BPM.21L8.B1"        19213.1899                 1     163.362948485 1.48323969742e-08       172.9077504       44.06804023     181.253971986 1.64567969088e-08
    "BPM.20L8.B1"       19266.64139                 1     29.6060500015 1.48323969742e-08       31.52453011        44.1855504     32.8484164088 1.64567969088e-08
    "BPM.19L8.B1"       19320.09287                 1     156.078489017 1.48323969742e-08       174.9181093       44.32590831     173.171740216 1.64567969088e-08
    "BPM.14L8.B1"       19587.35029                 1     30.6857123461 1.48323969742e-08        32.8858192       44.94847408     34.0463201572 1.64567969088e-08
    "BPM.13L8.B1"       19640.80177                 1     151.631456097 1.48323969742e-08       172.1026377       45.08635444     168.237681497 1.64567969088e-08
    "BPM.12L8.B1"       19694.25326                 1     27.8209073917 1.48323969742e-08       31.37293495       45.20455088     30.8677702978 1.64567969088e-08
    "BPM.11L8.B1"       19747.70474                 1     158.812622971 1.48323969742e-08       172.5250638       45.34663709     176.205308376 1.64567969088e-08
    "BPM.10L8.B1"       19799.54543                 1     36.6914340157 1.48323969742e-08       36.73155567       45.45089375     40.7097705746 1.64567969088e-08
     "BPM.9L8.B1"       19838.61242                 1      107.51350547 1.48323969742e-08       116.6497955       45.56264025     119.288064334 1.64567969088e-08
     "BPM.8L8.B1"       19879.07741                 1     12.7995365552 1.48323969742e-08       14.69965899       45.72432814     14.2013036722 1.64567969088e-08
     "BPM.7L8.B1"        19918.1454                 1     141.093773666 1.48323969742e-08       157.3086004       45.89965505     156.545943476 1.64567969088e-08
    "BPMR.6L8.B1"        19950.6144                 1     13.2276391736 1.48323969742e-08       15.18895857       46.01190509     14.6762908141 1.64567969088e-08
   "BPMYB.4L8.B1"        20031.8004                 1     127.549011488 1.48323969742e-08       147.7706102         46.282222      141.51779929 1.64567969088e-08
   "BPMWB.4L8.B1"        20056.1919                 1     187.885074886 1.48323969742e-08       227.0523647       46.30501382     208.461688625 1.64567969088e-08
    "BPMS.2L8.B1"        20144.3364                 1     169.983549859 1.48323969742e-08       195.9886869       46.34282134     188.599641901 1.64567969088e-08
   "BPMSW.1L8.B1"        20154.2704                 1     140.274548157 1.48323969742e-08       158.4488479       46.35076145     155.636998829 1.64567969088e-08
   "BPMSW.1R8.B1"        20197.4604                 1     125.685722914 1.48323969742e-08       158.4488681       46.80682297     139.450448901 1.64567969088e-08
    "BPMS.2R8.B1"        20207.3944                 1     473.411637419 1.48323969742e-08       525.7496897       46.81297355     525.258269775 1.64567969088e-08
   "BPMSX.4R8.B1"        20245.3059                 1     267.353600596 1.48323969742e-08        333.385457       46.82652686     296.633370554 1.64567969088e-08
   "BPMWB.4R8.B1"        20295.4629                 1     258.547926904 1.48323969742e-08       285.9696942       46.85249538     286.863325709 1.64567969088e-08
   "BPMYB.4R8.B1"        20319.9304                 1     194.071503773 1.48323969742e-08       223.2398237       46.86685044     215.325636776 1.64567969088e-08
   "BPMYB.5R8.B1"        20340.5074                 1     57.2979343753 1.48323969742e-08       65.38134792       46.89409074      63.573033472 1.64567969088e-08
     "BPM.6R8.B1"        20424.6154                 1     129.743626465 1.48323969742e-08       141.7589033       47.24936918     143.952761962 1.64567969088e-08
   "BPM_A.7R8.B1"        20446.8554                 1     47.9878452364 1.48323969742e-08       49.54158699       47.29211854      53.243331103 1.64567969088e-08
    "BPM.10R8.B1"       20567.82043                 1       157.0415419 1.48323969742e-08       171.6500136       47.72557715     174.240263782 1.64567969088e-08
    "BPM.11R8.B1"       20619.65914                 1     34.8562467528 1.48323969742e-08       37.28617047       47.82442681     38.6735990691 1.64567969088e-08
    "BPM.12R8.B1"       20674.38266                 1     153.532248913 1.48323969742e-08       163.8206717        47.9590259      170.34664348 1.64567969088e-08
    "BPM.13R8.B1"       20727.83117                 1     29.4997646934 1.48323969742e-08       33.41790804       48.07641291     32.7304910503 1.64567969088e-08
    "BPM.14R8.B1"       20781.27969                 1     153.784284681 1.48323969742e-08       171.6782551       48.21256525     170.626281454 1.64567969088e-08
    "BPM.15R8.B1"       20834.72821                 1     29.0167505202 1.48323969742e-08       33.49083193       48.32640076     32.1945786035 1.64567969088e-08
    "BPM.16R8.B1"       20888.17672                 1     149.993449639 1.48323969742e-08        171.675578       48.46255189     166.420285451 1.64567969088e-08
    "BPM.17R8.B1"       20941.62524                 1      32.424950022 1.48323969742e-08       33.49134296       48.57638743     35.9760339626 1.64567969088e-08
    "BPM.18R8.B1"       20995.07375                 1     149.762866941 1.48323969742e-08       171.6782556       48.71253573     166.164450023 1.64567969088e-08
    "BPM.23R8.B1"       21262.31633                 1     30.8252712945 1.48323969742e-08       33.49173786       49.32633988     34.2011631859 1.64567969088e-08
    "BPM.24R8.B1"       21315.76485                 1     155.949651573 1.48323969742e-08       171.6779638       49.46248731     173.028792879 1.64567969088e-08
    "BPM.25R8.B1"       21369.21337                 1     32.1008253141 1.48323969742e-08       33.49136377       49.57632186     35.6164120822 1.64567969088e-08
    "BPM.26R8.B1"       21422.66188                 1     160.785751237 1.48323969742e-08       171.6782558       49.71247016     178.394527772 1.64567969088e-08
    "BPM.29R8.B1"       21583.00743                 1     31.3931430677 1.48323969742e-08       33.49136377       50.07628581     34.8312265842 1.64567969088e-08
    "BPM.30R8.B1"       21636.45594                 1     160.850152704 1.48323969742e-08       171.6782553       50.21243411     178.465982296 1.64567969088e-08
    "BPM.31R8.B1"       21689.90446                 1      32.733607434 1.48323969742e-08       33.49173786       50.32626777      36.318494615 1.64567969088e-08
    "BPM.32R8.B1"       21743.35298                 1     168.128150735 1.48323969742e-08       171.6779647        50.4624152     186.541044992 1.64567969088e-08
    "BPM.33R8.B1"       21796.80149                 1      31.197306663 1.48323969742e-08       33.49136377       50.57624975     34.6139427598 1.64567969088e-08
    "BPM.34R8.B1"       21850.25001                 1     163.153486616 1.48323969742e-08       171.6782549       50.71239806     181.021570477 1.64567969088e-08
    "BPM.33L1.B1"       21903.69852                 1     30.2335723425 1.48323969742e-08       33.49173786       50.82623172     33.5446631272 1.64567969088e-08
    "BPM.32L1.B1"       21957.14704                 1     167.770526581 1.48323969742e-08       171.6779651       50.96237915     186.144254906 1.64567969088e-08
    "BPM.31L1.B1"       22010.59556                 1     30.6208312246 1.48323969742e-08       33.49136377        51.0762137     33.9743334486 1.64567969088e-08
    "BPM.28L1.B1"        22170.9411                 1     163.756821044 1.48323969742e-08       171.6779655        51.4623431     181.690980295 1.64567969088e-08
    "BPM.27L1.B1"       22224.38962                 1     31.5545133349 1.48323969742e-08       33.49136377       51.57617765     35.0102696424 1.64567969088e-08
    "BPM.26L1.B1"       22277.83814                 1     157.888525341 1.48323969742e-08       171.6782541       51.71232595     175.180006326 1.64567969088e-08
    "BPM.25L1.B1"       22331.28665                 1     32.6752927225 1.48323969742e-08       33.49173786       51.82615961       36.25379345 1.64567969088e-08
    "BPM.24L1.B1"       22384.73517                 1     169.243971943 1.48323969742e-08        171.677966       51.96230704     187.779067615 1.64567969088e-08
    "BPM.22L1.B1"        22491.6322                 1     160.115228673 1.48323969742e-08       171.6782536        52.2122899     177.650571574 1.64567969088e-08
    "BPM.21L1.B1"       22545.08071                 1     32.8765697517 1.48323969742e-08       33.49173786       52.32612356     36.4771137399 1.64567969088e-08
    "BPM.20L1.B1"       22598.52923                 1     159.389308054 1.48323969742e-08       171.6756212       52.46227218     176.845150291 1.64567969088e-08
    "BPM.19L1.B1"       22651.97775                 1     31.7704795457 1.48323969742e-08       33.49134274       52.57610772     35.2498878293 1.64567969088e-08
    "BPM.18L1.B1"       22705.42626                 1     159.096855594 1.48323969742e-08       171.6782533       52.71225603     176.520669309 1.64567969088e-08
    "BPM.17L1.B1"       22758.87478                 1     32.0006925641 1.48323969742e-08       33.49173796       52.82608969     35.5053130917 1.64567969088e-08
    "BPM.16L1.B1"       22812.32329                 1     158.924761965 1.48323969742e-08       171.6756216       52.96223831     176.329728499 1.64567969088e-08
    "BPM.15L1.B1"       22865.77181                 1     30.4773113556 1.48323969742e-08       33.49134265       53.07607385      33.815095711 1.64567969088e-08
    "BPM.14L1.B1"       22919.22033                 1     157.337219186 1.48323969742e-08       171.6782529       53.21222216     174.568322763 1.64567969088e-08
    "BPM.13L1.B1"       22972.66884                 1      30.991656923 1.48323969742e-08       33.49173806       53.32605582     34.3857708729 1.64567969088e-08
    "BPM.12L1.B1"       23026.11736                 1     157.877374245 1.48323969742e-08       168.1504141       53.46404064     175.167633995 1.64567969088e-08
    "BPM.11L1.B1"       23079.56587                 1     32.4478938688 1.48323969742e-08       37.52486372       53.57176455     36.0014905512 1.64567969088e-08
     "BPM.9L1.B1"        23171.4116                 1     20.8277302523 1.48323969742e-08       21.32865198       53.81084481      23.108721229 1.64567969088e-08
    "BPMR.7L1.B1"       23250.94062                 1     28.0473898763 1.48323969742e-08       30.35301037       54.09404628     31.1190564695 1.64567969088e-08
    "BPMR.5L1.B1"       23326.02462                 1     22651.4276128 1.48323969742e-08       557.7754692       54.21734278     25132.1444921 1.64567969088e-08
   "BPMYA.4L1.B1"       23347.14262                 1     896.348689827 1.48323969742e-08       1054.102596       54.22172664      994.51412834 1.64567969088e-08
   "BPMWB.4L1.B1"       23368.27512                 1     1127.37524014 1.48323969742e-08        1315.87094       54.22452905     1250.84201828 1.64567969088e-08
   "BPMSY.4L1.B1"       23461.05512                 1     2059.83235335 1.48323969742e-08       2485.084106       54.23269841     2285.41905697 1.64567969088e-08
    "BPMS.2L1.B1"       23487.84062                 1     3324.82572135 1.48323969742e-08        3889.92792       54.23384052     3688.95073054 1.64567969088e-08
   "BPMSW.1L1.B1"       23497.79062                 1     994.620291584 1.48323969742e-08       1164.535827        54.2346751     1103.54814319 1.64567969088e-08
   "BPMSW.1R1.B1"       23540.93362                 1     1007.06111408 1.48323969742e-08       1162.917516       54.72877337     1117.35144751 1.64567969088e-08
    "BPMS.2R1.B1"       23550.89862                 1     1393.75721204 1.48323969742e-08       1466.580942       54.72984829     1546.39735025 1.64567969088e-08
   "BPMSY.4R1.B1"       23577.68412                 1     4251.37913068 1.48323969742e-08       5153.600961       54.73150531     4716.97750928 1.64567969088e-08
   "BPMWB.4R1.B1"       23670.46412                 1     667.890018876 1.48323969742e-08       817.3378881       54.73870256     741.035344267 1.64567969088e-08
   "BPMYA.4R1.B1"       23691.59662                 1     287.701440273 1.48323969742e-08        369.609732       54.74493876     319.209645022 1.64567969088e-08
     "BPM.5R1.B1"       23719.00462                 1     100.744025819 1.48323969742e-08       119.2959437       54.76543758     111.777211436 1.64567969088e-08
    "BPMR.6R1.B1"       23750.90462                 1     8.41810586118 1.48323969742e-08       8.901368823       55.04470962     9.34003173968 1.64567969088e-08
   "BPMSX.7R1.B1"       23757.12012                 1     19.3769164087 1.48323969742e-08       20.14614964        55.1215284     21.4990185748 1.64567969088e-08
     "BPM.8R1.B1"       23820.06761                 1     18.2406642111 1.48323969742e-08       18.49864084        55.3027891     20.2383274212 1.64567969088e-08
     "BPM.9R1.B1"        23859.1346                 1     101.349728329 1.48323969742e-08       110.3217168       55.50547469      112.44924868 1.64567969088e-08
    "BPM.10R1.B1"       23899.59958                 1       35.45073663 1.48323969742e-08       38.03715495       55.59735796     39.3331957069 1.64567969088e-08
    "BPM.11R1.B1"       23952.38227                 1     172.733815194 1.48323969742e-08       181.7854061       55.71867387     191.651108103 1.64567969088e-08
    "BPM.12R1.B1"       24007.10876                 1     35.2193757274 1.48323969742e-08       34.79005152       55.83050179     39.0764968475 1.64567969088e-08
    "BPM.13R1.B1"       24060.56024                 1     155.249419174 1.48323969742e-08       171.7485776       55.96323119     172.251873113 1.64567969088e-08
    "BPM.14R1.B1"       24114.01173                 1     31.2178306865 1.48323969742e-08       33.48868443       56.07707335     34.6367145132 1.64567969088e-08
    "BPM.15R1.B1"       24167.46321                 1     164.212915731 1.48323969742e-08       171.6894719       56.21323315     182.197025113 1.64567969088e-08
    "BPM.16R1.B1"       24220.91469                 1     32.5746949708 1.48323969742e-08       33.48813219       56.32707736     36.1421785322 1.64567969088e-08
    "BPM.17R1.B1"       24274.36618                 1     162.769605632 1.48323969742e-08       171.6914662       56.46323761     180.595647991 1.64567969088e-08
    "BPM.18R1.B1"       24327.81766                 1     32.3030781791 1.48323969742e-08       33.48868442       56.57707988     35.8408150786 1.64567969088e-08
    "BPM.19R1.B1"       24381.26915                 1     157.250995181 1.48323969742e-08       171.6894718       56.71323968     174.472655762 1.64567969088e-08
    "BPM.20R1.B1"       24434.72063                 1     31.0590012939 1.48323969742e-08        33.4881322        56.8270839     34.4604905986 1.64567969088e-08
    "BPM.21R1.B1"       24488.17211                 1     169.159212543 1.48323969742e-08       171.6914663       56.96324415     187.685025618 1.64567969088e-08
    "BPM.23R1.B1"       24595.07508                 1     162.684479669 1.48323969742e-08       171.6918168       57.21324503     180.501199287 1.64567969088e-08
    "BPM.24R1.B1"       24648.52657                 1     30.5443074856 1.48323969742e-08       33.48905884        57.3270864     33.8894290576 1.64567969088e-08
    "BPM.25R1.B1"       24701.97805                 1     157.355878218 1.48323969742e-08       171.6915071       57.46324415     174.589025277 1.64567969088e-08
    "BPM.26R1.B1"       24755.42954                 1     31.0586327527 1.48323969742e-08        33.4886844       57.57708642     34.4600816959 1.64567969088e-08
    "BPM.27R1.B1"       24808.88102                 1     165.043485766 1.48323969742e-08       171.6918168       57.71324503     183.118556704 1.64567969088e-08
    "BPM.28R1.B1"        24862.3325                 1     28.4847795361 1.48323969742e-08       33.48905884        57.8270864     31.6043477419 1.64567969088e-08
    "BPM.29R1.B1"       24915.78399                 1     154.943927576 1.48323969742e-08       171.6915071       57.96324415     171.912924986 1.64567969088e-08
    "BPM.30R1.B1"       24969.23547                 1     33.1011777071 1.48323969742e-08        33.4886844       58.07708642     36.7263200895 1.64567969088e-08
    "BPM.32L2.B1"       25289.94438                 1     30.7976177321 1.48323969742e-08       33.48905884        58.8270864     34.1704810878 1.64567969088e-08
    "BPM.31L2.B1"       25343.39586                 1     151.060330004 1.48323969742e-08       171.6915071       58.96324415     167.604007376 1.64567969088e-08
    "BPM.30L2.B1"       25396.84734                 1      31.603286891 1.48323969742e-08        33.4886844       59.07708642      35.064384733 1.64567969088e-08
    "BPM.29L2.B1"       25450.29883                 1     155.439635078 1.48323969742e-08       171.6918168       59.21324503     172.462920896 1.64567969088e-08
    "BPM.28L2.B1"       25503.75031                 1     30.0649896401 1.48323969742e-08       33.48905884        59.3270864     33.3576177495 1.64567969088e-08
    "BPM.27L2.B1"        25557.2018                 1     159.652393356 1.48323969742e-08       171.6915071       59.46324415     177.137047912 1.64567969088e-08
    "BPM.26L2.B1"       25610.65328                 1     31.7081547668 1.48323969742e-08        33.4886844       59.57708642     35.1807374262 1.64567969088e-08
    "BPM.25L2.B1"       25664.10477                 1     161.179204761 1.48323969742e-08       171.6918168       59.71324503     178.831071154 1.64567969088e-08
    "BPM.24L2.B1"       25717.55625                 1     30.4286177553 1.48323969742e-08       33.48905884        59.8270864     33.7610693327 1.64567969088e-08
    "BPM.23L2.B1"       25771.00773                 1     156.605670117 1.48323969742e-08       171.6915071       59.96324415     173.756656619 1.64567969088e-08
    "BPM.22L2.B1"       25824.45922                 1     31.9092950225 1.48323969742e-08        33.4886844       60.07708642     35.4039059636 1.64567969088e-08
    "BPM.21L2.B1"        25877.9107                 1     157.173571752 1.48323969742e-08       171.6918168       60.21324503      174.38675315 1.64567969088e-08
    "BPM.16L2.B1"       26145.16812                 1     32.3514679996 1.48323969742e-08        33.4881531       60.82709479      35.894504408 1.64567969088e-08
    "BPM.15L2.B1"       26198.61961                 1     162.684841176 1.48323969742e-08       171.6891214       60.96325623     180.501600384 1.64567969088e-08
    "BPM.14L2.B1"       26252.07109                 1     32.2920753529 1.48323969742e-08       33.48866353       61.07709949     35.8286072556 1.64567969088e-08
    "BPM.13L2.B1"       26305.52257                 1     157.232847105 1.48323969742e-08       171.6918166        61.2132581     174.452520163 1.64567969088e-08
    "BPM.12L2.B1"       26358.97406                 1     28.1502514551 1.48323969742e-08       31.47929129       61.33145893      31.233183142 1.64567969088e-08
    "BPM.11L2.B1"       26412.42554                 1     169.840097267 1.48323969742e-08       174.6850902       61.47187703     188.440478809 1.64567969088e-08
    "BPM.10L2.B1"       26464.26623                 1     30.9405380712 1.48323969742e-08       32.23807272       61.58317875     34.3290536367 1.64567969088e-08
     "BPM.9L2.B1"       26503.33322                 1     109.352290937 1.48323969742e-08       115.6055364       61.70563118     121.328228108 1.64567969088e-08
     "BPM.8L2.B1"       26543.79821                 1     17.5428461633 1.48323969742e-08       18.34519332       61.84459768     19.4640864194 1.64567969088e-08
     "BPM.7L2.B1"        26582.8662                 1     102.824648649 1.48323969742e-08       115.9740203       62.02647857     114.085697881 1.64567969088e-08
    "BPMR.6L2.B1"        26614.9722                 1     22.1657762494 1.48323969742e-08       24.05271479       62.12478977      24.593306038 1.64567969088e-08