@ GetLLMVersion %s "V3.0.0 Dev"
@ Command %s "/afs/cern.ch/work/o/omc/anaconda/bin/python '/afs/cern.ch/work/e/efol/public/Beta-Beat.src/GetLLM/GetLLM.py' '--accel=LHCB1' '--model=/afs/cern.ch/work/e/efol/public/betabeatGui/temp/2017-12-20/models/LHCB1/Multiturn-model_40cm_2041/twiss.dat' '--files=/afs/cern.ch/work/e/efol/public/betabeatGui/temp/2017-12-20/LHCB1/Measurements/Beam1@Turn@2017_09_11@19_02_33_250_dbscanOnCleaned/Beam1@Turn@2017_09_11@19_02_33_250_dbscanOnCleaned.sdds' '--output=/afs/cern.ch/work/e/efol/public/betabeatGui/temp/2017-12-20/LHCB1/Results/40cm_dbscanOnCleanedData' '--tbtana=SUSSIX' '--bpmu=mm' '--lhcphase=1' '--errordefs=/afs/cern.ch/work/e/efol/public/betabeatGui/temp/2017-12-20/models/LHCB1/Multiturn-model_40cm_2041/error_deff.txt'"
@ CWD %s "/home/efol/Workspaces/Accsoft-Eclipse-Pro/lhc-app-beta-beating"
@ Date %s "21. December 2017, 14:57:29"
@ Q1 %le 0.309853386094
@ Q2 %le 0.319421650825
@ RMSbetabeat %le 0.0847420714562
@ RescalingFactor %le 1.00505137364
@ FILES %s "/afs/cern.ch/work/e/efol/public/betabeatGui/temp/2017-12-20/LHCB1/Measurements/Beam1@Turn@2017_09_11@19_02_33_250_dbscanOnCleaned/Beam1@Turn@2017_09_11@19_02_33_250_dbscanOnCleaned.sdds.liny"
*            NAME                 S             COUNT              BETY           BETYSTD           BETYMDL            MUYMDL           BETYRES        BETYSTDRES
$              %s               %le               %le               %le               %le               %le               %le               %le               %le
   "BPMYB.5L2.B1"            28.288                 1     37.3034656815               0.0       38.64523318      0.1162609817     37.4918994247               0.0
   "BPMYB.4L2.B1"            48.858                 1     104.104555745               0.0       101.2136214      0.1696003151     104.630426753               0.0
   "BPMWI.4L2.B1"           73.3255                 1     111.606403552               0.0       104.8860506      0.2045427787     112.170169197               0.0
   "BPMSX.4L2.B1"          123.4825                 1     108.596243712               0.0       100.2155855      0.2859021958     109.144803914               0.0
    "BPMS.2L2.B1"           161.394                 1     189.992674697               0.0       173.4189685      0.3294328583     190.952398686               0.0
   "BPMSW.1L2.B1"           171.328                 1     56.4646932813               0.0       56.63204898      0.3473795232     56.7499175444               0.0
   "BPMSW.1R2.B1"           214.518                 1     55.9850238193               0.0        56.6339459      0.7093334983     56.2678250928               0.0
    "BPMS.2R2.B1"           224.452                 1     60.3397452281               0.0       63.40233304      0.7327587614     60.6445438265               0.0
   "BPMSX.4R2.B1"          262.3635                 1     161.567667737               0.0       170.5322612      0.7831637028     162.383806395               0.0
   "BPMWB.4R2.B1"          312.5965                 1     75.0804944342               0.0       83.36829239      0.8523756946     75.4597540645               0.0
   "BPMYB.4R2.B1"           336.988                 1      78.811237602               0.0        84.3514057      0.9035045484       79.20934261               0.0
    "BPMR.5R2.B1"           366.522                 1     165.845807367               0.0       177.6713376      0.9382608249     166.683556507               0.0
     "BPM.6R2.B1"           439.818                 1      38.899114937               0.0       41.49103593       1.202622917     39.0956089008               0.0
   "BPM_A.7R2.B1"           452.693                 1     97.8878038443               0.0       104.5241018       1.233940504     98.3822717162               0.0
     "BPM.8R2.B1"       494.1300106                 1     39.1269410666               0.0       37.19868334       1.328247327     39.3245858653               0.0
     "BPM.9R2.B1"       533.1950212                 1      133.23742413               0.0       129.4722727       1.433617497     133.910456142               0.0
    "BPM.10R2.B1"       573.6580318                 1     23.6857524069               0.0       23.62376198       1.545209058     23.8053979922               0.0
    "BPM.11R2.B1"       625.4967424                 1     182.391167252               0.0       177.7202555       1.717704706     183.312493186               0.0
    "BPM.14R2.B1"       787.1172901                 1     35.1007915091               0.0       34.91220257       2.092608637     35.2780987221               0.0
    "BPM.15R2.B1"        840.565806                 1     171.156821705               0.0       173.2968611       2.224249713     172.021398762               0.0
    "BPM.16R2.B1"       894.0143219                 1      38.161392175               0.0       36.76838923       2.331482339     38.3541596255               0.0
    "BPM.17R2.B1"       947.4628378                 1     166.425457842               0.0        171.291828       2.459722589     167.266135013               0.0
    "BPM.18R2.B1"       1000.911354                 1     34.7289234595               0.0       34.88902532       2.571138337      34.904352228               0.0
    "BPM.19R2.B1"        1054.35987                 1      169.38649373               0.0       172.1263455       2.703425811     170.242128199               0.0
    "BPM.20R2.B1"       1107.808386                 1     37.9812648948               0.0       36.75915125       2.811106284      38.173122455               0.0
    "BPM.21R2.B1"       1161.256901                 1     171.149833999               0.0       172.4767374       2.938797872     172.014375759               0.0
    "BPM.22R2.B1"       1214.705417                 1     33.0251484564               0.0       34.93051921       3.049673702     33.1919708208               0.0
    "BPM.23R2.B1"       1268.153933                 1     172.926228851               0.0         172.39216        3.18175462     173.799743845               0.0
    "BPM.24R2.B1"       1321.602449                 1     36.7045155826               0.0       34.92687363       3.292640446      36.889923805               0.0
    "BPM.25R2.B1"       1375.050965                 1     173.485471586               0.0       172.3981218       3.424727436     174.361811524               0.0
    "BPM.26R2.B1"       1428.499481                 1      35.590980245               0.0       34.93058331       3.535603889     35.7707635843               0.0
    "BPM.27R2.B1"       1481.947997                 1      168.45355805               0.0       172.3937313       3.667683855     169.304479913               0.0
    "BPM.28R2.B1"       1535.396513                 1     34.5501021153               0.0        34.9268385       3.778569141     34.7246275904               0.0
    "BPM.29R2.B1"       1588.845029                 1     179.241249994               0.0       172.3965162       3.910657029     180.146664519               0.0
    "BPM.30R2.B1"       1642.293545                 1     34.4535619872               0.0       34.93058919        4.02153409      34.627599802               0.0
    "BPM.31R2.B1"        1695.74206                 1     163.196515401               0.0       172.3953586       4.153613221     164.020881977               0.0
    "BPM.32R2.B1"       1749.190576                 1      33.980588306               0.0       34.92686191       4.264497834      34.152236954               0.0
    "BPM.33R2.B1"       1802.639092                 1     172.494941956               0.0       172.3948798       4.396586489     173.366278359               0.0
    "BPM.33L3.B1"       1909.536124                 1     168.067487976               0.0       172.3969913       4.639542719     168.916459654               0.0
    "BPM.32L3.B1"        1962.98464                 1     34.7848135911               0.0       34.92694315       4.750426547     34.9605246815               0.0
    "BPM.31L3.B1"       2016.433156                 1      164.11861217               0.0       172.3932637       4.882515816     164.947636601               0.0
    "BPM.30L3.B1"       2069.881672                 1      33.612256465               0.0       34.93042737       4.993394442     33.7820445312               0.0
    "BPM.29L3.B1"       2123.330188                 1     173.900975894               0.0       172.3985783        5.12547235       174.7794147               0.0
    "BPM.26L3.B1"       2283.675735                 1     36.3269662685               0.0        34.9302647       5.479324546     36.5104673483               0.0
    "BPM.25L3.B1"       2337.124251                 1     184.180195233               0.0       172.4000702       5.611402107     185.110558216               0.0
    "BPM.24L3.B1"       2390.572767                 1     31.6111571022               0.0        34.9272672       5.722284128     31.7708368679               0.0
    "BPM.23L3.B1"       2444.021283                 1     162.271639618               0.0       172.3902915       5.854374089     163.091334301               0.0
    "BPM.22L3.B1"       2497.469799                 1     34.5283513758               0.0       34.93005375       5.965254575     34.7027669797               0.0
    "BPM.21L3.B1"       2550.918315                 1     170.707551154               0.0       172.4014206        6.09733198     171.569858778               0.0
    "BPM.20L3.B1"       2604.366831                 1      37.748617026               0.0       36.73757379       6.204947961     37.9392993949               0.0
    "BPM.19L3.B1"       2657.815347                 1     168.984775413               0.0       172.1761995       6.332831672     169.838380653               0.0
    "BPM.18L3.B1"       2711.263863                 1     34.0220159255               0.0       34.94210476       6.443801585     34.1938738399               0.0
    "BPM.17L3.B1"       2764.712379                 1     170.007072009               0.0       171.2538155        6.57640033     170.865841251               0.0
    "BPM.16L3.B1"       2818.160894                 1     37.1916873657               0.0       36.68170673       6.684541688     37.3795564748               0.0
    "BPM.14L3.B1"       2925.057926                 1     36.1800828402               0.0       35.02797645       6.922383399     36.3628419569               0.0
    "BPM.13L3.B1"       2978.506442                 1     167.979310761               0.0       170.1575485       7.055330313     168.827837023               0.0
    "BPM.12L3.B1"       3031.954958                 1     35.6121252324               0.0       33.59156211       7.169737579      35.792015383               0.0
    "BPM.11L3.B1"       3085.403474                 1     180.820368764               0.0       179.5494178       7.301795446     181.733760008               0.0
    "BPM.10L3.B1"       3138.184185                 1     35.4309486817               0.0       34.50689136       7.409621911     35.6099236419               0.0
     "BPM.9L3.B1"       3177.249195                 1     109.249983985               0.0        111.608586        7.52721441     109.801846474               0.0
     "BPM.8L3.B1"       3217.712206                 1     15.1007985554               0.0       15.18648925       7.693751159     15.1770783311               0.0
     "BPM.7L3.B1"       3256.776216                 1     142.020487197               0.0       145.3515986       7.866931697     142.737885742               0.0
     "BPM.6L3.B1"       3329.415216                 1     72.0708398598               0.0       80.21117239       7.986287904     72.4348966004               0.0
  "BPMWG.A5L3.B1"       3371.119716                 1     235.576177571               0.0       258.4111636       8.033061368     236.766160864               0.0
    "BPMW.5L3.B1"       3400.089716                 1     261.217896642               0.0       293.4058189       8.048660806     262.537405839               0.0
   "BPMWE.4L3.B1"       3475.217716                 1     90.1654511984               0.0       97.07790712        8.12208579     90.6209105817               0.0
    "BPMW.4L3.B1"       3502.762716                 1     103.115824944               0.0       118.3475155       8.167712979     103.636701504               0.0
    "BPMW.4R3.B1"       3547.727716                 1     326.073576554               0.0       356.1379191       8.202856154     327.720696023               0.0
   "BPMWE.4R3.B1"       3575.272716                 1     337.363271109               0.0       367.4677756       8.214145088     339.067419043               0.0
    "BPMW.5R3.B1"       3650.400716                 1     70.4820560666               0.0       77.58919075       8.287530793     70.8380872667               0.0
  "BPMWJ.A5R3.B1"       3679.118716                 1     88.2018893401               0.0       87.49877352       8.350892092     88.6474300388               0.0
   "BPMWC.6R3.B1"       3718.936716                 1     218.381869812               0.0       233.2218455       8.395849882     219.484998232               0.0
    "BPMR.6R3.B1"       3731.015216                 1      243.44890269               0.0        244.974992        8.40352483     244.678654059               0.0
   "BPM_A.7R3.B1"       3786.839216                 1     72.6232793144               0.0       67.42378392       8.475038195     72.9901266331               0.0
     "BPM.8R3.B1"       3825.903227                 1     180.549003499               0.0       179.5009916       8.537054472     181.461023975               0.0
     "BPM.9R3.B1"       3864.968238                 1     75.8178775503               0.0       72.67252719       8.589817924     76.2008619783               0.0
    "BPM.10R3.B1"       3905.431248                 1     163.611012036               0.0       170.3706474       8.653033727     164.437472389               0.0
    "BPM.11R3.B1"       3958.211959                 1     38.8855876445               0.0       41.73516558       8.754732451     39.0820132769               0.0
    "BPM.12R3.B1"       4012.935475                 1     165.418601294               0.0       162.4919066       8.876804075     166.254192455               0.0
    "BPM.13R3.B1"       4066.383991                 1     38.0267079323               0.0       34.98876353       8.991775721     38.2187950423               0.0
    "BPM.14R3.B1"       4119.832506                 1     168.209882019               0.0       174.5302343       9.122466035     169.059572983               0.0
    "BPM.15R3.B1"       4173.281022                 1     34.8189090862               0.0        36.6631262       9.229430697     34.9947924057               0.0
    "BPM.17R3.B1"       4280.178054                 1     36.2799893584               0.0       34.95471978       9.470372048     36.4632531403               0.0
    "BPM.19R3.B1"       4387.075086                 1     34.8209973473               0.0        36.7311209       9.709017423     34.9968912154               0.0
    "BPM.20R3.B1"       4440.523602                 1     167.782217284               0.0       171.0402801       9.837463804     168.629747953               0.0
    "BPM.21R3.B1"       4493.972118                 1     40.2830425618               0.0       34.91736442       9.948923651      40.486527261               0.0
    "BPM.22R3.B1"       4547.420634                 1      163.44315662               0.0       172.3935382       10.08100529     164.268769073               0.0
    "BPM.23R3.B1"        4600.86915                 1     34.5159319345               0.0       34.92720164       10.19188996     34.6902848032               0.0
    "BPM.24R3.B1"       4654.317666                 1     166.906441771               0.0       172.3968723       10.32397676     167.749548571               0.0
    "BPM.25R3.B1"       4707.766181                 1     33.5907691714               0.0        34.9302367       10.43485436     33.7604486973               0.0
    "BPM.26R3.B1"       4761.214697                 1     175.594895014               0.0       172.3948421       10.56693462     176.481890438               0.0
    "BPM.27R3.B1"       4814.663213                 1     37.9923846705               0.0       34.92720095       10.67781879     38.1842984009               0.0
    "BPM.28R3.B1"       4868.111729                 1     178.840643501               0.0       172.3955525       10.80990626     179.744034413               0.0
    "BPM.29R3.B1"       4921.560245                 1     33.4300934733               0.0       34.93021368       10.92078441     33.5989613662               0.0
    "BPM.30R3.B1"       4975.008761                 1     167.176305927               0.0       172.3961675       11.05286407     168.020775912               0.0
    "BPM.31R3.B1"       5028.457277                 1     34.8106873543               0.0        34.9272475       11.16374763     34.9865291428               0.0
    "BPM.32R3.B1"       5081.905793                 1     166.629153063               0.0       172.3942319       11.29583566     167.470859174               0.0
    "BPM.33R3.B1"       5135.354309                 1     36.6052040408               0.0       34.93014395       11.40671445     36.7901106035               0.0
    "BPM.34R3.B1"       5188.802825                 1     171.199918469               0.0       172.3974729       11.53879362     172.064713224               0.0
    "BPM.33L4.B1"        5242.25134                 1     36.0134722228               0.0       34.92733985       11.64967651      36.195389727               0.0
    "BPM.32L4.B1"       5295.699856                 1      174.06296112               0.0       172.3929518       11.78176494     174.942218174               0.0
    "BPM.31L4.B1"       5349.148372                 1      34.688647071               0.0       34.93002971       11.89264445     34.8638723884               0.0
    "BPM.30L4.B1"       5402.596888                 1     180.837177556               0.0       172.3987177       12.02472328     181.750653708               0.0
    "BPM.29L4.B1"       5456.045404                 1     34.6601468899               0.0        34.9274751       12.13560542     34.8352282422               0.0
    "BPM.28L4.B1"        5509.49392                 1     175.129279601               0.0        172.391752       12.26769413     176.013923027               0.0
    "BPM.27L4.B1"       5562.942436                 1     32.8441109092               0.0        34.9298745       12.37857439     33.0100187853               0.0
    "BPM.26L4.B1"       5616.390952                 1     178.044493849               0.0       172.3998631       12.51065303     178.943863112               0.0
    "BPM.25L4.B1"       5669.839468                 1     35.8177546813               0.0       34.92764906        12.6215344      35.998683543               0.0
    "BPM.24L4.B1"       5723.287984                 1     172.942013094               0.0         172.39067       12.75362322      173.81560782               0.0
    "BPM.23L4.B1"         5776.7365                 1     33.4852432479               0.0       34.92968316       12.86450427     33.6543897229               0.0
    "BPM.22L4.B1"       5830.185015                 1       167.8860351               0.0       172.4008733       12.99658287     168.734090192               0.0
    "BPM.21L4.B1"       5883.633531                 1     35.5540752453               0.0       34.92785628       13.10746346     35.7336721638               0.0
    "BPM.20L4.B1"       5937.082047                 1     166.659257422               0.0       170.9451972        13.2402561     167.501115601               0.0
    "BPM.19L4.B1"       5990.530563                 1     35.4653974269               0.0       36.68881019       13.34850102     35.6445464006               0.0
    "BPM.17L4.B1"       6097.427595                 1     33.8413878809               0.0       35.03145393       13.58604195     34.0123333755               0.0
    "BPM.16L4.B1"       6150.876111                 1     171.677169876               0.0       169.8355877       13.71914686     172.544375406               0.0
    "BPM.15L4.B1"       6204.324627                 1     36.0693111974               0.0       36.55662649       13.82804602     36.2515107651               0.0
    "BPM.14L4.B1"       6257.773143                 1     170.939988431               0.0       174.6780453       13.95515061     171.803470182               0.0
    "BPM.13L4.B1"       6311.221659                 1     33.9138913156               0.0       35.18994378       14.06470084     34.0852030522               0.0
    "BPM.12L4.B1"       6364.670174                 1     166.852820465               0.0       169.7550071       14.19746998     167.695656404               0.0
    "BPM.11L4.B1"        6418.11869                 1     39.2180087458               0.0       38.84974355       14.30258266     39.4161135613               0.0
    "BPM.10L4.B1"       6469.957401                 1     171.720876333               0.0       175.3024595         14.419632     172.588302641               0.0
     "BPM.9L4.B1"       6509.022412                 1     51.2107621945               0.0       53.72387578       14.48026195     51.4694468887               0.0
     "BPM.7L4.B1"       6588.549433                 1     84.9089500914               0.0       84.07281104       14.61796582     85.3378569235               0.0
   "BPMYB.6L4.B1"       6685.153433                 1     508.350688878               0.0       566.5931612        14.6956054     510.918558147               0.0
   "BPMYA.5L4.B1"       6722.153433                 1     235.838681647               0.0       246.7046717       14.71069821     237.029990946               0.0
  "BPMWI.A5L4.B1"       6798.755933                 1     191.471762847               0.0       215.0565958       14.76688731     192.438958262               0.0
  "BPMWA.B5L4.B1"       6824.619933                 1     206.783177208               0.0       223.2694205       14.78571677     207.827716298               0.0
  "BPMWA.A5L4.B1"       6833.504933                 1     206.052456237               0.0        227.539923       14.79199225     207.093304183               0.0
  "BPMWA.A5R4.B1"       6881.553933                 1     244.331097323               0.0       263.4769839       14.82342859     245.565304988               0.0
  "BPMWA.B5R4.B1"       6890.438933                 1     247.301300363               0.0       272.4971133       14.82870702     248.550511632               0.0
   "BPMYB.5R4.B1"       6992.829433                 1     365.326861028               0.0       396.0176765       14.87710599     367.172263504               0.0
   "BPMYA.6R4.B1"       7024.393433                 1     143.856846306               0.0       140.9661806       14.89843142     144.583520987               0.0
     "BPM.7R4.B1"       7120.909433                 1     154.295509889               0.0       158.1455156       15.01762451      155.07491416               0.0
     "BPM.8R4.B1"       7158.698443                 1     15.1342560575               0.0       14.53076802       15.14998494     15.2107048395               0.0
     "BPM.9R4.B1"       7197.763454                 1     145.514030442               0.0       143.6414199       15.35269025     146.249076179               0.0
    "BPM.10R4.B1"       7238.226465                 1     42.3658212011               0.0       46.24042887       15.42406791     42.5798267935               0.0
    "BPM.11R4.B1"       7290.065175                 1     176.776382375               0.0        179.296869       15.53198227     177.669345933               0.0
    "BPM.12R4.B1"       7344.788691                 1     36.1066076218               0.0        34.9523856       15.64495876     36.2889955877               0.0
    "BPM.13R4.B1"       7398.237207                 1     164.956622152               0.0       171.7501434       15.77719422     165.789879685               0.0
    "BPM.14R4.B1"       7451.685723                 1     33.3201283054               0.0       33.49341217       15.89102747     33.4884407232               0.0
    "BPM.15R4.B1"       7505.134239                 1     171.866666718               0.0       171.6990416       16.02716683     172.734829468               0.0
    "BPM.16R4.B1"       7558.582755                 1     32.5645724218               0.0       33.49256446       16.14099622     32.7290682445               0.0
    "BPM.17R4.B1"       7612.031271                 1     163.916911175               0.0        171.684774       16.27714552     164.744916739               0.0
    "BPM.18R4.B1"       7665.479786                 1     33.2852029646               0.0       33.49341127        16.3909789     33.4533389614               0.0
    "BPM.19R4.B1"       7718.928302                 1     170.258694457               0.0       171.6990436       16.52711827     171.118734738               0.0
    "BPM.20R4.B1"       7772.376818                 1     34.6998074936               0.0       33.49256535       16.64094765     34.8750891865               0.0
    "BPM.21R4.B1"       7825.825334                 1     169.006255903               0.0        171.684772       16.77709695     169.859969649               0.0
    "BPM.22R4.B1"        7879.27385                 1     32.4844820136               0.0       33.49341038       16.89093033     32.6485732697               0.0
    "BPM.23R4.B1"       7932.722366                 1     178.667639059               0.0       171.6981728       17.02707015     179.570156061               0.0
    "BPM.24R4.B1"       7986.170882                 1     32.0568434575               0.0       33.49012381       17.14090488     32.2187745515               0.0
    "BPM.25R4.B1"       8039.619398                 1     159.561829991               0.0        171.684658       17.27706089     160.367836413               0.0
    "BPM.26R4.B1"       8093.067914                 1      34.983405594               0.0       33.49340967       17.39089428     35.1601198468               0.0
    "BPM.27R4.B1"        8146.51643                 1     172.587288399               0.0       171.6981771       17.52703409     173.459091278               0.0
    "BPM.28R4.B1"       8199.964946                 1     31.4759778849               0.0       33.49012451       17.64086882     31.6349748098               0.0
    "BPM.29R4.B1"       8253.413461                 1     162.604818325               0.0       171.6846538       17.77702483     163.426196017               0.0
    "BPM.30R4.B1"       8306.861977                 1     32.8081022547               0.0       33.49340896       17.89085822     32.9738282376               0.0
    "BPM.31R4.B1"       8360.310493                 1     158.677159302               0.0       171.6981814       18.02699803     159.478696922               0.0
    "BPM.32R4.B1"       8413.759009                 1     32.3163619078               0.0       33.49012522       18.14083276     32.4796039264               0.0
    "BPM.33R4.B1"       8467.207525                 1      166.82456058               0.0       171.6846495       18.27698877     167.667253768               0.0
    "BPM.34R4.B1"       8520.656041                 1     32.6693061837               0.0       33.49340825       18.39082217     32.8343310558               0.0
    "BPM.33L5.B1"       8574.104557                 1     174.344143627               0.0       171.6981857       18.52696198     175.224821038               0.0
    "BPM.32L5.B1"       8627.553073                 1     34.2904386373               0.0       33.49012593        18.6407967     34.4636524551               0.0
    "BPM.31L5.B1"       8681.001589                 1     168.969934853               0.0       171.6846452       18.77695271     169.823465127               0.0
    "BPM.30L5.B1"       8734.450105                 1     31.5243554444               0.0       33.49340754       18.89078611     31.6835967425               0.0
    "BPM.29L5.B1"        8787.89862                 1     174.999862827               0.0         171.69819       19.02692592     175.883852521               0.0
    "BPM.28L5.B1"       8841.347136                 1     33.1295067827               0.0       33.49012664       19.14076064        33.2968563               0.0
    "BPM.27L5.B1"       8894.795652                 1      170.23494457               0.0       171.6846409       19.27691665     171.094864881               0.0
    "BPM.26L5.B1"       8948.244168                 1     32.6455573937               0.0       33.49340683       19.39075006     32.8104623017               0.0
    "BPM.25L5.B1"       9001.692684                 1     170.179582385               0.0       171.6981943       19.52688987     171.039223041               0.0
    "BPM.24L5.B1"         9055.1412                 1     31.7879512326               0.0       33.49012735       19.64072458     31.9485240515               0.0
    "BPM.23L5.B1"       9108.589716                 1      162.47065044               0.0       171.6846366       19.77688059       163.2913504               0.0
    "BPM.22L5.B1"       9162.038232                 1     33.4690908341               0.0       33.49340612         19.890714     33.6381557173               0.0
    "BPM.21L5.B1"       9215.486748                 1      169.73891767               0.0       171.6981985       20.02685381     170.596332364               0.0
    "BPM.20L5.B1"       9268.935264                 1     32.4132362638               0.0       33.49256265       20.14068354     32.5769676311               0.0
    "BPM.19L5.B1"       9322.383779                 1     177.726913817               0.0       171.6856171       20.27683239     178.624678865               0.0
    "BPM.18L5.B1"       9375.832295                 1     33.4984325424               0.0       33.49341312       20.39066543     33.6676456415               0.0
    "BPM.17L5.B1"       9429.280811                 1     173.920989827               0.0       171.6982004       20.52680524      174.79952973               0.0
    "BPM.16L5.B1"       9482.729327                 1     34.6907606621               0.0       33.49256344       20.64063497      34.865996656               0.0
    "BPM.15L5.B1"       9536.177843                 1      164.47562028               0.0       171.6856152       20.77678382     165.306448092               0.0
    "BPM.14L5.B1"       9589.626359                 1      33.604981876               0.0       33.49341232       20.89061687     33.7747331956               0.0
    "BPM.13L5.B1"       9643.074875                 1     169.712397934               0.0       171.6982023       21.02675668     170.569678667               0.0
    "BPM.12L5.B1"       9696.523391                 1     35.7107730457               0.0       37.37326424       21.13341341     35.8911615032               0.0
    "BPM.11L5.B1"       9749.971907                 1     170.872620171               0.0       169.7543913       21.26095278      171.73576162               0.0
    "BPM.10L5.B1"       9802.752617                 1     56.4589198323               0.0       59.12476159       21.34475036     56.7441149316               0.0
     "BPM.9L5.B1"       9841.817628                 1     221.874200314               0.0       219.6812157       21.40603613     222.994969801               0.0
     "BPM.8L5.B1"       9882.280639                 1     9.99968313134               0.0       11.06935453       21.53265896     10.0501952671               0.0
    "BPMR.5L5.B1"       9990.140649                 1     107.779875598               0.0       118.2163979       22.23328728      108.32431202               0.0
   "BPMYA.4L5.B1"       10017.54665                 1     325.563169081               0.0       369.5478179       22.25380832     327.207710291               0.0
   "BPMWB.4L5.B1"       10038.68115                 1     708.210764957               0.0       817.2762409       22.26004595     711.788202146               0.0
   "BPMSY.4L5.B1"       10131.46115                 1     4721.85382206               0.0       5153.353933       22.26724363     4745.70566998               0.0
    "BPMS.2L5.B1"       10158.24665                 1     1321.75451251               0.0        1466.51234       22.26890073     1328.43118842               0.0
   "BPMSW.1L5.B1"       10168.21165                 1     1060.31902135               0.0       1162.864002       22.26997571      1065.6750889               0.0
   "BPMSW.1R5.B1"       10211.33965                 1     1083.04125032               0.0       1162.859714       22.76407165     1088.51209634               0.0
    "BPMS.2R5.B1"       10221.30465                 1     887.774785969               0.0       3889.735265       22.76490831      892.25926812               0.0
   "BPMSY.4R5.B1"       10248.09015                 1     2169.56062718               0.0       2484.962953       22.76605049     2180.51988854               0.0
   "BPMWB.4R5.B1"       10340.87015                 1     1184.67611216               0.0       1315.797268       22.77422027     1190.66035384               0.0
   "BPMYA.4R5.B1"       10362.00265                 1     955.090996005               0.0        1054.03612       22.77702284     959.915517485               0.0
     "BPM.5R5.B1"       10383.12065                 1     510.473465945               0.0       557.7326851       22.78140701     513.052058154               0.0
    "BPMR.6R5.B1"       10415.02065                 1      197.05446972               0.0       199.8506058       22.79688794     198.049865474               0.0
   "BPM_A.7R5.B1"       10449.03465                 1     20.7046666818               0.0       21.35448744       22.88362654     20.8092536893               0.0
     "BPM.8R5.B1"       10490.47364                 1     127.641537458               0.0       122.8584708       23.09302801     128.286302556               0.0
     "BPM.9R5.B1"       10529.54063                 1     43.7103364574               0.0       42.96798859       23.17322829     43.9311336987               0.0
    "BPM.10R5.B1"       10570.00562                 1     166.152757806               0.0       166.3139272       23.26437707     166.992057467               0.0
    "BPM.11R5.B1"       10622.78831                 1     21.9037664322               0.0       31.29957213       23.38103112     22.0144105406               0.0
    "BPM.12R5.B1"       10677.51479                 1     179.502392315               0.0       170.4616741       23.52745829     180.409125967               0.0
    "BPM.13R5.B1"       10730.96627                 1     33.1395746346               0.0       33.47654539       23.64181628     33.3069750083               0.0
    "BPM.14R5.B1"       10784.41776                 1      168.38779753               0.0       171.6983294       23.77798319     169.238387211               0.0
    "BPM.15R5.B1"       10837.86924                 1     31.1954234624               0.0       33.49318309       23.89181923     31.3530032021               0.0
    "BPM.16R5.B1"       10891.32073                 1     169.774197302               0.0       171.7125965        24.0279622     170.631790207               0.0
    "BPM.17R5.B1"       10944.77221                 1     33.4059913331               0.0       33.48743432       24.14180437     33.5747374771               0.0
    "BPM.18R5.B1"        10998.2237                 1     172.374654964               0.0       171.6983269       24.27797067     173.245383752               0.0
    "BPM.19R5.B1"       11051.67518                 1     32.7970785231               0.0       33.49318281       24.39180672      32.962748821               0.0
    "BPM.20R5.B1"       11105.12666                 1     174.971269973               0.0        171.712599       24.52794969     175.855115234               0.0
    "BPM.21R5.B1"       11158.57815                 1     32.7073399279               0.0        33.4874346       24.64179185     32.8725569226               0.0
    "BPM.22R5.B1"       11212.02963                 1     161.896724451               0.0       171.6983244       24.77795816     162.714525298               0.0
    "BPM.23R5.B1"       11265.48112                 1      34.267170084               0.0       33.49074786       24.89179919     34.4402663636               0.0
    "BPM.24R5.B1"        11318.9326                 1     172.539395502               0.0       171.7116167       25.02794932     173.410956456               0.0
    "BPM.25R5.B1"       11372.38408                 1     33.3766271367               0.0       33.48742682       25.14179185     33.5452249511               0.0
    "BPM.26R5.B1"       11425.83557                 1     175.477837848               0.0       171.6983244       25.27795816     176.364241973               0.0
    "BPM.27R5.B1"       11479.28705                 1      32.158394858               0.0       33.49074786       25.39179919     32.3208389261               0.0
    "BPM.28R5.B1"       11532.73854                 1     174.133130268               0.0       171.7116167       25.52794932     175.012741772               0.0
    "BPM.29R5.B1"       11586.19002                 1     33.8128639621               0.0       33.48742682       25.64179185     33.9836653718               0.0
    "BPM.30R5.B1"        11639.6415                 1     167.578357773               0.0       171.6983244       25.77795816     168.424858672               0.0
    "BPM.31R5.B1"       11693.09299                 1     32.9007284086               0.0       33.49074786       25.89179919     33.0669222808               0.0
    "BPM.32R5.B1"       11746.54447                 1     172.859799478               0.0       171.7116167       26.02794932     173.732978913               0.0
    "BPM.33R5.B1"       11799.99596                 1     32.1164772671               0.0       33.48742682       26.14179185     32.2787095937               0.0
    "BPM.34R5.B1"       11853.44744                 1     156.551734837               0.0       171.6983244       26.27795816     157.342536144               0.0
    "BPM.33L6.B1"       11906.89893                 1     34.9830435086               0.0       33.49074786       26.39179919     35.1597559324               0.0
    "BPM.32L6.B1"       11960.35041                 1     176.404948299               0.0       171.7116167       26.52794932     177.296035604               0.0
    "BPM.31L6.B1"       12013.80189                 1     35.7003560511               0.0       33.48742682       26.64179185     35.8806918886               0.0
    "BPM.30L6.B1"       12067.25338                 1     169.079597097               0.0       171.6983244       26.77795816     169.933681316               0.0
    "BPM.29L6.B1"       12120.70486                 1      31.677540516               0.0       33.49074786       26.89179919     31.8375556091               0.0
    "BPM.28L6.B1"       12174.15635                 1     189.288511672               0.0       171.7116167       27.02794932      190.24467867               0.0
    "BPM.27L6.B1"       12227.60783                 1     34.2335604805               0.0       33.48742682       27.14179185     34.4064869855               0.0
    "BPM.26L6.B1"       12281.05931                 1     162.048666043               0.0       171.6983244       27.27795816     162.867234402               0.0
    "BPM.25L6.B1"        12334.5108                 1     35.0673899148               0.0       33.49074786       27.39179919     35.2445284038               0.0
    "BPM.24L6.B1"       12387.96228                 1     182.127531642               0.0       171.7116167       27.52794932     183.047525854               0.0
    "BPM.23L6.B1"       12441.41377                 1     33.6769364519               0.0       33.48742682       27.64179185     33.8470512409               0.0
    "BPM.22L6.B1"       12494.86525                 1     169.297162601               0.0       171.6983244       27.77795816     170.152345825               0.0
    "BPM.21L6.B1"       12548.31673                 1      33.379710698               0.0       33.49074786       27.89179919     33.5483240887               0.0
    "BPM.20L6.B1"       12601.76822                 1     178.489850157               0.0       171.7124894       28.02794888      179.39146908               0.0
    "BPM.19L6.B1"        12655.2197                 1     31.4261047623               0.0       33.48986925       28.14178606     31.5848497595               0.0
    "BPM.18L6.B1"       12708.67119                 1     163.259771012               0.0       171.6984336       28.27794565     164.084457116               0.0
    "BPM.17L6.B1"       12762.12267                 1     35.0477566184               0.0       33.49074763       28.39178668     35.2247959323               0.0
    "BPM.16L6.B1"       12815.57415                 1     179.018965315               0.0       171.7124899       28.52793637     179.923256997               0.0
    "BPM.15L6.B1"       12869.02564                 1     33.6610273879               0.0       33.48986947       28.64177355     33.8310618143               0.0
    "BPM.14L6.B1"       12922.47712                 1     169.271066856               0.0       171.6984331       28.77793314     170.126118261               0.0
    "BPM.13L6.B1"       12975.92861                 1     33.2904987115               0.0        33.4907474       28.89177417     33.4586614591               0.0
    "BPM.12L6.B1"       13029.38009                 1     175.252768471               0.0       172.3301133       29.02761038     176.138035685               0.0
    "BPM.11L6.B1"       13082.83158                 1      28.590390711               0.0       28.00013899       29.15448507     28.7348114569               0.0
    "BPM.10L6.B1"       13134.67226                 1     170.530556497               0.0       173.2591773       29.30126285     171.391970055               0.0
     "BPM.9L6.B1"       13173.73925                 1     18.1208310482               0.0       16.60612193       29.41453321     18.2123661365               0.0
     "BPM.8L6.B1"       13214.20424                 1     129.875434385               0.0       130.3694074       29.64014429     130.531483731               0.0
   "BPMYA.5L6.B1"       13311.29423                 1     162.552290409               0.0       173.7940381       29.74224023     163.373402764               0.0
   "BPMYB.4L6.B1"       13347.69423                 1     542.104500083               0.0       602.0958877       29.76118221     544.842872465               0.0
   "BPMSA.4R6.B1"       13568.51473                 1     122.474814476               0.0       131.4608183       29.89620361     123.093480525               0.0
   "BPMYA.4R6.B1"       13691.29423                 1     173.151584005               0.0       185.2031533       30.04035375     174.026237352               0.0
   "BPMYB.5R6.B1"       13727.69423                 1     572.319292091               0.0       616.4975055       30.05837476     575.210290676               0.0
    "BPM.11R6.B1"       13954.79389                 1     180.939930102               0.0        177.270474       30.61535096     181.853925295               0.0
    "BPM.12R6.B1"       14009.52037                 1     36.9714370733               0.0       34.19120251       30.72900997     37.1581936159               0.0
    "BPM.13R6.B1"       14062.97186                 1      171.52630481               0.0       170.1924123        30.8641026     172.392748265               0.0
    "BPM.14R6.B1"       14116.42334                 1     34.0368458875               0.0       31.88949484       30.98188857     34.2087787135               0.0
    "BPM.17R6.B1"       14276.77779                 1     184.227399601               0.0       171.0099726       31.38428663      185.15800103               0.0
    "BPM.19R6.B1"       14383.68076                 1     174.346823127               0.0       174.6438469       31.64024116     175.227514074               0.0
    "BPM.20R6.B1"       14437.13225                 1     28.2398059079               0.0       30.51864144       31.75928499      28.382455719               0.0
    "BPM.21R6.B1"       14490.58373                 1     167.005145162               0.0       172.1192995       31.90434748      167.84875055               0.0
    "BPM.22R6.B1"       14544.03522                 1     30.5421983079               0.0       32.10913155       32.02075961     30.6964783633               0.0
    "BPM.23R6.B1"        14597.4867                 1     180.194370582               0.0       172.1866152        32.1607023     181.104599675               0.0
    "BPM.24R6.B1"       14650.93818                 1     32.9618302269               0.0       32.10637593       32.27712494     33.1283327472               0.0
    "BPM.25R6.B1"       14704.38967                 1     170.510140643               0.0       172.1986226       32.41706918     171.371451073               0.0
    "BPM.26R6.B1"       14757.84115                 1     33.0021578576               0.0       32.10898259       32.53348104     33.1688640878               0.0
    "BPM.27R6.B1"       14811.29264                 1     172.675051744               0.0       172.1856345       32.67342473     173.547297948               0.0
    "BPM.29R6.B1"        14918.1956                 1     174.556672672               0.0       172.1995203       32.92979065     175.438423647               0.0
    "BPM.30R6.B1"       14971.64709                 1     32.2495783482               0.0       32.10880139       33.04620254     32.4124830182               0.0
    "BPM.31R6.B1"       15025.09857                 1     169.785981723               0.0       172.1848256       33.18614723     170.643634156               0.0
    "BPM.33R6.B1"       15132.00154                 1     178.841010738               0.0       172.2002354       33.44251206     179.744403505               0.0
    "BPM.34R6.B1"       15185.45302                 1     33.9026227629               0.0       32.10859258       33.55892412     34.0738775778               0.0
    "BPM.33L7.B1"       15238.90451                 1     174.222128812               0.0       172.1842088       33.69886977      175.10218988               0.0
    "BPM.32L7.B1"       15292.35599                 1     33.1930525684               0.0       32.10695784       33.81529211     33.3607230791               0.0
    "BPM.31L7.B1"       15345.80748                 1     177.250715744               0.0       172.2007498       33.95523343     178.146075337               0.0
    "BPM.30L7.B1"       15399.25896                 1     32.3097944944               0.0       32.10836147       34.07164578     32.4730033386               0.0
    "BPM.29L7.B1"       15452.71045                 1     166.737248548               0.0          172.1838       34.21159236      167.57950069               0.0
    "BPM.28L7.B1"       15506.16193                 1     32.8970141885               0.0       32.10719791       34.32801433     33.0631892987               0.0
    "BPM.27L7.B1"       15559.61341                 1     176.308700849               0.0       172.2010504       34.46795476     177.199301973               0.0
    "BPM.26L7.B1"        15613.0649                 1     33.1721914882               0.0       32.10811398       34.58436754     33.3397566219               0.0
    "BPM.25L7.B1"       15666.51638                 1     186.515642837               0.0       172.1836097       34.72431496     187.457803039               0.0
    "BPM.24L7.B1"       15719.96787                 1     29.2818921686               0.0       32.10745125       34.84073646     29.4298059468               0.0
    "BPM.23L7.B1"       15773.41935                 1     171.612849265               0.0       172.2011293       34.98067608     172.479729888               0.0
    "BPM.22L7.B1"       15826.87083                 1      33.751950031               0.0        32.1078564        35.0970894     33.9224437416               0.0
    "BPM.21L7.B1"       15880.32232                 1     169.294239676               0.0       172.1836426       35.23703758     170.149408136               0.0
    "BPM.20L7.B1"        15933.7738                 1     31.4519352637               0.0       30.47435327       35.35724459     31.6108107403               0.0
    "BPM.17L7.B1"       16094.12825                 1      169.65345488               0.0       171.1056937       35.75708902     170.510437869               0.0
    "BPM.16L7.B1"       16147.57974                 1     30.4328306705               0.0       30.52259439       35.87764884     30.5865582691               0.0
    "BPM.15L7.B1"       16201.03122                 1     172.587043189               0.0       175.5794501       36.02068135      173.45884483               0.0
    "BPM.14L7.B1"       16254.48271                 1     34.3360131319               0.0       32.02378287        36.1358715     34.5094571635               0.0
    "BPM.13L7.B1"       16307.93419                 1     171.482685659               0.0       170.1513258        36.2772605     172.348908777               0.0
    "BPM.12L7.B1"       16361.38567                 1     37.5541166008               0.0       36.24459573        36.3863031     37.7438164754               0.0
    "BPM.11L7.B1"       16414.83716                 1     173.865394483               0.0       177.0550772       36.51311475     174.743653554               0.0
    "BPM.10L7.B1"       16467.61985                 1     46.2363172103               0.0       47.38131886         36.605004     46.4698741242               0.0
     "BPM.9L7.B1"       16506.68684                 1     174.972123459               0.0       166.3521056       36.68466988     175.855973031               0.0
     "BPM.7L7.B1"       16586.21782                 1     129.729170543               0.0       134.7712352       36.82220919     130.384481056               0.0
     "BPM.6L7.B1"       16621.03582                 1     51.0782696657               0.0       49.81548872       36.88797155     51.3362850906               0.0
   "BPMWC.6L7.B1"       16633.13832                 1     41.0716998296               0.0       49.69190068       36.92958517     41.2791683314               0.0
   "BPMWE.5L7.B1"       16710.19232                 1     290.756519322               0.0       314.1349118       37.03535636     292.225239139               0.0
    "BPMW.5L7.B1"       16733.39732                 1     259.264138202               0.0       285.6063477       37.04678483     260.573778236               0.0
   "BPMWE.4L7.B1"       16768.48232                 1     83.7635980996               0.0       93.22011178       37.08127598     84.1867193309               0.0
    "BPMW.4R7.B1"       16912.63432                 1     352.326330472               0.0       375.7351914       37.30278616      354.10606241               0.0
   "BPMWE.4R7.B1"       16940.73932                 1     288.150587634               0.0       317.8299468       37.31478815     289.606143916               0.0
    "BPMW.5R7.B1"       16975.82432                 1     93.0994613027               0.0       93.03514539       37.34749066     93.5697414673               0.0
   "BPMWE.5R7.B1"       16999.02932                 1     44.2869151819               0.0       47.57653895       37.40873517     44.5106249378               0.0
    "BPMR.6R7.B1"       17078.24482                 1     163.937035174               0.0       168.9596418       37.58115555     164.765142392               0.0
   "BPM_A.7R7.B1"       17116.28082                 1      51.817074038               0.0        57.2560675       37.63773019     52.0788214398               0.0
     "BPM.8R7.B1"       17155.34681                 1     139.073120451               0.0       133.4952572       37.71898544     139.775630745               0.0
     "BPM.9R7.B1"        17194.4138                 1     44.2549817386               0.0       44.58287063        37.7980369     44.4785301868               0.0
    "BPM.10R7.B1"       17234.87878                 1     180.270139812               0.0       174.6728833       37.88340212     181.180751644               0.0
    "BPM.11R7.B1"       17287.66147                 1     35.2983217709               0.0       34.43815155        37.9924227      35.476626783               0.0
    "BPM.12R7.B1"       17342.38796                 1     177.923058192               0.0       172.0481003       38.12925375     178.821814038               0.0
    "BPM.13R7.B1"       17395.83944                 1     32.2200664627               0.0       32.01668561       38.24600156      32.382822057               0.0
    "BPM.14R7.B1"       17449.29093                 1     180.284171037               0.0       174.4542144       38.38501933     181.194853747               0.0
    "BPM.15R7.B1"       17502.74241                 1     32.0094062336               0.0       30.53226609       38.50411043     32.1710977044               0.0
    "BPM.16R7.B1"       17556.19389                 1     166.043112931               0.0       172.2874727       38.64902696     166.881858735               0.0
    "BPM.17R7.B1"       17609.64538                 1      33.476130291               0.0       32.08981069       38.76541233     33.6452307331               0.0
    "BPM.18R7.B1"       17663.09686                 1     179.957305045               0.0       173.3350917       38.90480998     180.866336632               0.0
    "BPM.19R7.B1"       17716.54835                 1      30.242397097               0.0       30.47804305       39.02451018     30.3951627445               0.0
    "BPM.20R7.B1"       17769.99983                 1     163.171236984               0.0       173.4229352       39.16893725     163.995475869               0.0
    "BPM.23R7.B1"       17930.35428                 1     32.5647530902               0.0       32.10807333       39.54114326     32.7292498255               0.0
    "BPM.24R7.B1"       17983.80577                 1     171.156651996               0.0       172.1836777       39.68109076     172.021228196               0.0
    "BPM.25R7.B1"       18037.25725                 1      33.598631405               0.0       32.10749135       39.79751214      33.768350646               0.0
    "BPM.26R7.B1"       18090.70874                 1     169.917321099               0.0       172.2010449       39.93745169     170.775636975               0.0
    "BPM.28R7.B1"        18197.6117                 1     184.352620697               0.0        172.183743       40.19381337     185.283854665               0.0
    "BPM.29R7.B1"       18251.06319                 1     31.2015622416               0.0       32.10774967       40.31023415     31.3591729906               0.0
    "BPM.30R7.B1"       18304.51467                 1     176.360301078               0.0       172.2008691       40.45017302     177.251162854               0.0
    "BPM.31R7.B1"       18357.96616                 1     33.2483486291               0.0       32.10755835       40.56658712     33.4162984609               0.0
    "BPM.32R7.B1"       18411.41764                 1     171.965552744               0.0       172.1840281       40.70653596     172.834215004               0.0
    "BPM.33R7.B1"       18464.86912                 1      41.111520638               0.0       32.10800719       40.82295605     41.3191902896               0.0
    "BPM.34R7.B1"       18518.32061                 1     173.486318073               0.0       172.2004764       40.96289437     174.362662287               0.0
    "BPM.33L8.B1"       18571.77209                 1       32.07083443               0.0       32.10730369        41.0793092     32.2328361976               0.0
    "BPM.32L8.B1"       18625.22358                 1       160.5685655               0.0       172.1845259       41.21925853     161.379657318               0.0
    "BPM.31L8.B1"       18678.67506                 1     31.7968903345               0.0       32.10825736       41.33567785     31.9575083082               0.0
    "BPM.30L8.B1"       18732.12654                 1     169.979636418               0.0       172.1998768       41.47561576     170.838267072               0.0
    "BPM.29L8.B1"       18785.57803                 1      33.530832934               0.0       32.10705961       41.59203137     33.7002096995               0.0
    "BPM.28L8.B1"       18839.02951                 1     164.256648813               0.0       172.1852235       41.73198105     165.086370519               0.0
    "BPM.27L8.B1"         18892.481                 1     31.7221629112               0.0       32.10849379       41.84839955     31.8824034087               0.0
    "BPM.25L8.B1"       18999.38397                 1      32.805059974               0.0       32.10683234       42.10475365     32.9707705892               0.0
    "BPM.22L8.B1"       19159.73842                 1     181.386960845               0.0       172.1981229        42.5010587     182.303214158               0.0
    "BPM.21L8.B1"        19213.1899                 1     33.5933185329               0.0       32.10662768         42.617476     33.7630109365               0.0
    "BPM.20L8.B1"       19266.64139                 1     178.710840561               0.0       173.4955575       42.75673544     179.613575789               0.0
    "BPM.19L8.B1"       19320.09287                 1     29.2626709015               0.0       30.45861329       42.87641422     29.4104875859               0.0
    "BPM.18L8.B1"       19373.54435                 1     182.757490521               0.0       173.2866211       43.02098645     183.680666891               0.0
    "BPM.15L8.B1"       19533.89881                 1     29.1269375448               0.0       30.44826064        43.3968488     29.2740685893               0.0
    "BPM.14L8.B1"       19587.35029                 1     180.898040622               0.0        174.441654        43.5407806     181.811824216               0.0
    "BPM.13L8.B1"       19640.80177                 1      32.161194841               0.0        32.1271715       43.65620162     32.3236530528               0.0
    "BPM.12L8.B1"       19694.25326                 1     168.290086278               0.0       171.3860819       43.79657847     169.140182383               0.0
    "BPM.11L8.B1"       19747.70474                 1     30.8028199971               0.0       33.96764082       43.90942579       30.95841655               0.0
    "BPM.10L8.B1"       19799.54543                 1     170.044416944               0.0       165.0751083       44.04149357      170.90337483               0.0
     "BPM.9L8.B1"       19838.61242                 1     48.1070066841               0.0       48.29558998       44.10743533     48.3500131495               0.0
     "BPM.8L8.B1"       19879.07741                 1     143.788314729               0.0        149.137966       44.19856933     144.514643231               0.0
     "BPM.7L8.B1"        19918.1454                 1     24.0892569843               0.0       25.12412413        44.2966103      24.210940822               0.0
    "BPMR.6L8.B1"        19950.6144                 1     68.3772935507               0.0       72.12776635       44.43087555     68.7226928088               0.0
     "BPM.5L8.B1"        20011.0334                 1     61.6046780774               0.0       64.38639469       44.71535482     61.9158663242               0.0
   "BPMYB.4L8.B1"        20031.8004                 1      189.80888706               0.0       223.2242958       44.74306391     190.767682668               0.0
   "BPMWB.4L8.B1"        20056.1919                 1     240.397104759               0.0       285.9018256       44.75737744     241.611440356               0.0
   "BPMSX.4L8.B1"        20106.4249                 1     233.753420958               0.0       333.3860327       44.78338874     234.934196827               0.0
    "BPMS.2L8.B1"        20144.3364                 1     479.602641404               0.0       525.7560619       44.79694195     482.025293544               0.0
   "BPMSW.1L8.B1"        20154.2704                 1     143.061190468               0.0       158.4512884       44.80309245     143.783845995               0.0
   "BPMSW.1R8.B1"        20197.4604                 1     151.248044105               0.0       158.4475621       45.25915413     152.012054488               0.0
    "BPMS.2R8.B1"        20207.3944                 1     182.345668151               0.0         195.98793       45.26709429     183.266764252               0.0
   "BPMWB.4R8.B1"        20295.4629                 1     183.306032123               0.0       227.4346668        45.3048489     184.231979382               0.0
   "BPMYB.4R8.B1"        20319.9304                 1     132.567718059               0.0       147.7602251       45.32769508     133.237367135               0.0
   "BPMYB.5R8.B1"        20340.5074                 1     175.854241086               0.0       195.0056676       45.34703565     176.742546563               0.0
     "BPM.6R8.B1"        20424.6154                 1     41.5181395421               0.0        42.6376099       45.58519154     41.7278631777               0.0
   "BPM_A.7R8.B1"        20446.8554                 1      158.33846265               0.0       160.6274635       45.62849476     159.138289386               0.0
    "BPM.10R8.B1"       20567.82043                 1     26.8299781074               0.0       24.77543335       46.07412945     26.9655063515               0.0
    "BPM.11R8.B1"       20619.65914                 1     173.489741418               0.0       183.2044262       46.23601302     174.366102924               0.0
    "BPM.12R8.B1"       20674.38266                 1     40.6372102212               0.0       43.27590768       46.33313795     40.8424839536               0.0
    "BPM.13R8.B1"       20727.83117                 1      168.52695056               0.0       172.0826476       46.44848118     169.378243156               0.0
    "BPM.14R8.B1"       20781.27969                 1     33.0395979643               0.0       33.49092722       46.56231394     33.2064933185               0.0
    "BPM.15R8.B1"       20834.72821                 1     121.291578542               0.0       171.6867158       46.69846668     121.904267624               0.0
    "BPM.16R8.B1"       20888.17672                 1     34.9199830468               0.0       33.49504866        46.8122959     35.0963769287               0.0
    "BPM.17R8.B1"       20941.62524                 1     178.384658781               0.0       171.6971048       46.94843182     179.285746344               0.0
    "BPM.18R8.B1"       20995.07375                 1     32.4810670209               0.0       33.49092802       47.06226537     32.6451410266               0.0
    "BPM.19R8.B1"       21048.52227                 1      171.49687422               0.0       171.6867089       47.19841811     172.363169009               0.0
    "BPM.22R8.B1"       21208.86782                 1     22.2225640028               0.0       33.49092882        47.5622168     22.3348184768               0.0
    "BPM.23R8.B1"       21262.31633                 1     167.831167317               0.0       171.6858294       47.69836998     168.678945251               0.0
    "BPM.24R8.B1"       21315.76485                 1      32.849358677               0.0       33.49260464       47.81220456     33.0152930614               0.0
    "BPM.25R8.B1"       21369.21337                 1     175.465927054               0.0       171.6970044        47.9483472     176.352271013               0.0
    "BPM.26R8.B1"       21422.66188                 1     34.0178033627               0.0       33.49092938       48.06218074     34.1896399978               0.0
    "BPM.27R8.B1"        21476.1104                 1     167.372344568               0.0       171.6858271       48.19833392     168.217804817               0.0
    "BPM.29R8.B1"       21583.00743                 1     168.775963874               0.0       171.6970067       48.44831114     169.628514329               0.0
    "BPM.30R8.B1"       21636.45594                 1     33.8386182276               0.0       33.49092993       48.56214468     34.0095497317               0.0
    "BPM.31R8.B1"       21689.90446                 1     165.653071158               0.0       171.6858247       48.69829786     166.489846715               0.0
    "BPM.32R8.B1"       21743.35298                 1     33.7518398724               0.0       33.49260354       48.81213245     33.9223330265               0.0
    "BPM.33R8.B1"       21796.80149                 1     169.292885905               0.0        171.697009       48.94827509     170.148047526               0.0
    "BPM.34R8.B1"       21850.25001                 1     34.5593779005               0.0       33.49093048       49.06210862      34.733950231               0.0
    "BPM.33L1.B1"       21903.69852                 1     162.795375087               0.0       171.6858224        49.1982618     163.617715353               0.0
    "BPM.32L1.B1"       21957.14704                 1     33.1287548711               0.0       33.49260298       49.31209639     33.2961005901               0.0
    "BPM.31L1.B1"       22010.59556                 1      174.86549337               0.0       171.6970113       49.44823903     175.748804313               0.0
    "BPM.30L1.B1"       22064.04407                 1     34.6200152631               0.0       33.49093104       49.56207257     34.7948938956               0.0
    "BPM.29L1.B1"       22117.49259                 1       172.0032249               0.0       171.6858201       49.69822575     172.872077456               0.0
    "BPM.28L1.B1"        22170.9411                 1     33.7422648349               0.0       33.49260243       49.81206034      33.912709622               0.0
    "BPM.27L1.B1"       22224.38962                 1     178.957446551               0.0       171.6970136       49.94820298     179.861427479               0.0
    "BPM.26L1.B1"       22277.83814                 1     33.7973187852               0.0       33.49093159       50.06203651     33.9680416703               0.0
    "BPM.25L1.B1"       22331.28665                 1     175.020863365               0.0       171.6858178       50.19818969      175.90495914               0.0
    "BPM.24L1.B1"       22384.73517                 1     32.6700634254               0.0       33.49260188       50.31202428     32.8350921226               0.0
    "BPM.23L1.B1"       22438.18368                 1     167.174109959               0.0        171.697016       50.44816692     168.018568852               0.0
    "BPM.22L1.B1"        22491.6322                 1     33.1172630759               0.0       33.49093214       50.56200045     33.2845507456               0.0
    "BPM.21L1.B1"       22545.08071                 1     175.111488143               0.0       171.6858155       50.69815363     175.996041698               0.0
    "BPM.20L1.B1"       22598.52923                 1     32.6993791807               0.0       33.49503592       50.81198324     32.8645559627               0.0
    "BPM.19L1.B1"       22651.97775                 1     172.215624429               0.0       171.6971325       50.94811916     173.085549894               0.0
    "BPM.18L1.B1"       22705.42626                 1     32.8156819372               0.0       33.49093298       51.06195269     32.9814462079               0.0
    "BPM.17L1.B1"       22758.87478                 1     165.409008668               0.0       171.6858086       51.19810587     166.244551374               0.0
    "BPM.16L1.B1"       22812.32329                 1     34.4353276956               0.0       33.49503507       51.31193549     34.6092734022               0.0
    "BPM.15L1.B1"       22865.77181                 1     176.872278562               0.0       171.6971394       51.44807141     177.765726528               0.0
    "BPM.14L1.B1"       22919.22033                 1     34.5274770471               0.0       33.49093383       51.56190493     34.7018882344               0.0
    "BPM.13L1.B1"       22972.66884                 1     169.956948962               0.0       171.6858018       51.69805811     170.815465014               0.0
    "BPM.12L1.B1"       23026.11736                 1      35.127934446               0.0       37.37572878       51.80471524      35.305378768               0.0
    "BPM.11L1.B1"       23079.56587                 1     170.364245974               0.0       169.7692486         51.932242     171.224819435               0.0
    "BPM.10L1.B1"       23132.34658                 1     58.3084511972               0.0       59.12379015        52.0160363     58.6029889705               0.0
     "BPM.9L1.B1"        23171.4116                 1     218.715016265               0.0       219.6617885       52.07732545     219.819827532               0.0
    "BPMR.7L1.B1"       23250.94062                 1     183.964471778               0.0       171.6793461       52.46908789     184.893745061               0.0
   "BPMYA.4L1.B1"       23347.14262                 1     324.395943706               0.0       369.6052291       52.92509906     326.034588824               0.0
   "BPMWB.4L1.B1"       23368.27512                 1     740.620038584               0.0       817.3484068       52.93133526     744.361187123               0.0
   "BPMSY.4L1.B1"       23461.05512                 1     4726.77463697               0.0       5153.775574       52.93853233     4750.65134177               0.0
    "BPMS.2L1.B1"       23487.84062                 1     1385.13164362               0.0       1466.629998       52.94018929     1392.12846109               0.0
   "BPMSW.1L1.B1"       23497.79062                 1     1133.20019676               0.0       1164.573998       52.94126213     1138.92441436               0.0
   "BPMSW.1R1.B1"       23540.93362                 1     1077.25840501               0.0       1162.958279        53.4353606     1082.70003972               0.0
    "BPMS.2R1.B1"       23550.89862                 1     3942.30678803               0.0       3890.061994        53.4361972     3962.22085261               0.0
   "BPMSY.4R1.B1"       23577.68412                 1     2415.56878163               0.0       2485.169058       53.43733928      2427.7707221               0.0
   "BPMWB.4R1.B1"       23670.46412                 1     1253.02969118               0.0       1315.895817       53.44550841     1259.35921233               0.0
   "BPMYA.4R1.B1"       23691.59662                 1     1012.07511742               0.0        1054.11196       53.44831078     1017.18748699               0.0
     "BPM.5R1.B1"       23719.00462                 1     460.988938278               0.0       458.2183966       53.45468971     463.317565649               0.0
    "BPMR.6R1.B1"       23750.90462                 1     141.049393191               0.0       151.6213247       53.47391543     141.761886377               0.0
   "BPMSX.7R1.B1"       23757.12012                 1     104.662798503               0.0        109.615477       53.48159167     105.191489405               0.0
   "BPM_A.7R1.B1"       23778.62862                 1      20.218671123               0.0       21.35307438       53.55491412     20.3208031854               0.0
     "BPM.8R1.B1"       23820.06761                 1     127.875845259               0.0       122.8601978       53.76433149     128.521793933               0.0
     "BPM.9R1.B1"        23859.1346                 1      45.019086304               0.0       42.97232301       53.84452673     45.2464945298               0.0
    "BPM.10R1.B1"       23899.59958                 1     166.586020304               0.0       166.3279779       53.93566601     167.427508536               0.0
    "BPM.11R1.B1"       23952.38227                 1     31.3436025927               0.0       31.29759343       54.05231853     31.5019308406               0.0
    "BPM.12R1.B1"       24007.10876                 1     164.068205904               0.0       170.4494906       54.19875978     164.896975715               0.0
    "BPM.13R1.B1"       24060.56024                 1     32.4161358607               0.0       33.47905705       54.31311752     32.5798818748               0.0
    "BPM.14R1.B1"       24114.01173                 1     173.035991551               0.0       171.7105065       54.44927106     173.910060997               0.0
    "BPM.15R1.B1"       24167.46321                 1      32.614741852               0.0        33.4906705       54.56310739     32.7794910992               0.0
    "BPM.16R1.B1"       24220.91469                 1     168.572690854               0.0       171.7004166       54.69926373       169.4242145               0.0
    "BPM.17R1.B1"       24274.36618                 1     33.0921979018               0.0       33.48994637       54.81310561     33.2593589579               0.0
    "BPM.18R1.B1"       24327.81766                 1     170.505329339               0.0       171.7105063       54.94925855     171.366615465               0.0
    "BPM.19R1.B1"       24381.26915                 1     32.3058576817               0.0       33.49067065       55.06309487     32.4690466396               0.0
    "BPM.20R1.B1"       24434.72063                 1       174.5255764               0.0       171.7004168       55.19925121     175.407170296               0.0
    "BPM.21R1.B1"       24488.17211                 1     33.4215221725               0.0       33.48994622        55.3130931     33.5903467685               0.0
    "BPM.22R1.B1"        24541.6236                 1     171.475005553               0.0       171.7105062       55.44924604     172.341189876               0.0
    "BPM.23R1.B1"       24595.07508                 1     33.7199527377               0.0       33.48823615       55.56308734      33.890284818               0.0
    "BPM.24R1.B1"       24648.52657                 1        170.830603               0.0       171.6994345       55.69925085     171.693532205               0.0
    "BPM.25R1.B1"       24701.97805                 1     31.6642179588               0.0       33.48993844        55.8130931     31.8241657546               0.0
    "BPM.26R1.B1"       24755.42954                 1     172.092463672               0.0       171.7105062       55.94924604     172.961767007               0.0
    "BPM.27R1.B1"       24808.88102                 1     33.3001345213               0.0       33.48823615       56.06308734      33.468345943               0.0
    "BPM.28R1.B1"        24862.3325                 1     165.339570131               0.0       171.6994345       56.19925085     166.174762077               0.0
    "BPM.29R1.B1"       24915.78399                 1     33.6724507616               0.0       33.48993844        56.3130931     33.8425428917               0.0
    "BPM.30R1.B1"       24969.23547                 1     173.159597852               0.0       171.7105062       56.44924604      174.03429168               0.0
    "BPM.31R1.B1"       25022.68696                 1     34.3020841296               0.0       33.48823615       56.56308734     34.4753567731               0.0
    "BPM.34R1.B1"       25183.04141                 1     176.388683592               0.0       171.7105062       56.94924604     177.279688738               0.0
    "BPM.33L2.B1"       25236.49289                 1     33.8044604986               0.0       33.48823615       57.06308734     33.9752194593               0.0
    "BPM.32L2.B1"       25289.94438                 1     168.833556057               0.0       171.6994345       57.19925085     169.686397431               0.0
    "BPM.31L2.B1"       25343.39586                 1     33.5480257029               0.0       33.48993844        57.3130931     33.7174893156               0.0
    "BPM.30L2.B1"       25396.84734                 1     170.658732745               0.0       171.7105062       57.44924604     171.520793769               0.0
    "BPM.29L2.B1"       25450.29883                 1     34.2891070591               0.0       33.48823615       57.56308734     34.4623141506               0.0
    "BPM.28L2.B1"       25503.75031                 1     174.330449385               0.0       171.6994345       57.69925085     175.211057622               0.0
    "BPM.27L2.B1"        25557.2018                 1     33.1457839693               0.0       33.48993844        57.8130931     33.3132157087               0.0
    "BPM.26L2.B1"       25610.65328                 1     173.462173905               0.0       171.7105062       57.94924604     174.338396157               0.0
    "BPM.25L2.B1"       25664.10477                 1     34.6148089897               0.0       33.48823615       58.06308734     34.7896613233               0.0
    "BPM.24L2.B1"       25717.55625                 1     173.760082804               0.0       171.6994345       58.19925085     174.637809906               0.0
    "BPM.23L2.B1"       25771.00773                 1       32.13233044               0.0       33.48993844        58.3130931     32.2946428469               0.0
    "BPM.22L2.B1"       25824.45922                 1      169.46349242               0.0       171.7105062       58.44924604     170.319515838               0.0
    "BPM.21L2.B1"        25877.9107                 1     36.8418000804               0.0       33.48823615       58.56308734     37.0279017781               0.0
    "BPM.20L2.B1"       25931.36219                 1     171.276995774               0.0        171.700307        58.6992504     172.142179875               0.0
    "BPM.17L2.B1"       26091.71664                 1     32.4835305908               0.0       33.48823635       59.06307483     32.6476170409               0.0
    "BPM.16L2.B1"       26145.16812                 1     175.498605785               0.0       171.7003052       59.19923789     176.385114816               0.0
    "BPM.15L2.B1"       26198.61961                 1     34.2407398218               0.0       33.49238065       59.31307479     34.4137025923               0.0
    "BPM.14L2.B1"       26252.07109                 1     175.351248667               0.0       171.7106195       59.44922101     176.237013342               0.0
    "BPM.13L2.B1"       26305.52257                 1     34.7225553416               0.0       33.48823656       59.56306232     34.8979519423               0.0
    "BPM.12L2.B1"       26358.97406                 1      174.21077808               0.0       173.7017891       59.69821776     175.090781812               0.0
    "BPM.11L2.B1"       26412.42554                 1     30.6422096679               0.0       30.91271351       59.81689121     30.7969949181               0.0
    "BPM.10L2.B1"       26464.26623                 1     176.338627593               0.0       167.4647348       59.95693287     177.229379888               0.0
     "BPM.9L2.B1"       26503.33322                 1     43.3341941883               0.0       42.40535464       60.02668153     43.5530913945               0.0
     "BPM.8L2.B1"       26543.79821                 1     108.508592044               0.0         121.45002       60.13706873     109.056709485               0.0
     "BPM.7L2.B1"        26582.8662                 1     61.4804626047               0.0       61.09021609       60.20618479     61.7910233928               0.0
    "BPMR.6L2.B1"        26614.9722                 1     200.934766055               0.0       205.6559978       60.25327776     201.949762635               0.0