@ GetLLMVersion %s "V3.0.0 Dev"
@ Command %s "/afs/cern.ch/work/o/omc/anaconda/bin/python '/afs/cern.ch/work/e/efol/public/Beta-Beat.src/GetLLM/GetLLM.py' '--accel=LHCB1' '--model=/afs/cern.ch/work/e/efol/public/betabeatGui/temp/2017-12-20/models/LHCB1/Multiturn-model_40cm_2041/twiss.dat' '--files=/afs/cern.ch/work/e/efol/public/betabeatGui/temp/2017-12-20/LHCB1/Measurements/Beam1@Turn@2017_09_11@19_02_33_250_dbscanOnCleaned/Beam1@Turn@2017_09_11@19_02_33_250_dbscanOnCleaned.sdds' '--output=/afs/cern.ch/work/e/efol/public/betabeatGui/temp/2017-12-20/LHCB1/Results/40cm_dbscanOnCleanedData' '--tbtana=SUSSIX' '--bpmu=mm' '--lhcphase=1' '--errordefs=/afs/cern.ch/work/e/efol/public/betabeatGui/temp/2017-12-20/models/LHCB1/Multiturn-model_40cm_2041/error_deff.txt'"
@ CWD %s "/home/efol/Workspaces/Accsoft-Eclipse-Pro/lhc-app-beta-beating"
@ Date %s "21. December 2017, 14:57:29"
@ Q1 %le 0.309853386094
@ Q2 %le 0.319421650825
@ RMSbetabeat %le 1.95475552648
@ RescalingFactor %le 1.03097272384
@ FILES %s "/afs/cern.ch/work/e/efol/public/betabeatGui/temp/2017-12-20/LHCB1/Measurements/Beam1@Turn@2017_09_11@19_02_33_250_dbscanOnCleaned/Beam1@Turn@2017_09_11@19_02_33_250_dbscanOnCleaned.sdds.linx"
*            NAME                 S             COUNT              BETX           BETXSTD           BETXMDL            MUXMDL           BETXRES        BETXSTDRES
$              %s               %le               %le               %le               %le               %le               %le               %le               %le
   "BPMYB.5L2.B1"            28.288                 1     148.007615895               0.0        175.128565     0.03145312858     152.591814908               0.0
   "BPMYB.4L2.B1"            48.858                 1     74.2362055463               0.0       84.35832101     0.05851807485     76.5355030397               0.0
   "BPMWI.4L2.B1"           73.3255                 1      73.343927636               0.0       83.45002126      0.1097876872     75.6155888522               0.0
   "BPMSX.4L2.B1"          123.4825                 1     161.741109616               0.0       170.5391556      0.1788502064     166.750672338               0.0
    "BPMS.2L2.B1"           161.394                 1     66.8851638933               0.0       63.40330267       0.229253766     68.9567796037               0.0
   "BPMSW.1L2.B1"           171.328                 1     54.5377685861               0.0        56.6340898      0.2526788187     56.2269518315               0.0
   "BPMSW.1R2.B1"           214.518                 1     54.7087168985               0.0        56.6345024      0.6146370966     56.4031948787               0.0
    "BPMS.2R2.B1"           224.452                 1     163.392837418               0.0       173.4266688       0.632582971     168.453558649               0.0
   "BPMSX.4R2.B1"          262.3635                 1     81.8065101799               0.0       100.2196997      0.6761117673     84.3402806281               0.0
   "BPMWB.4R2.B1"          312.5965                 1     95.2479561079               0.0       104.9354204      0.7575836096     98.1980447489               0.0
   "BPMYB.4R2.B1"           336.988                 1     94.7599141134               0.0       101.2151279      0.7924101326     97.6948867645               0.0
     "BPM.6R2.B1"           439.818                 1     162.630450028               0.0       181.6208991       1.036087404     167.667558045               0.0
   "BPM_A.7R2.B1"           452.693                 1      80.931513867               0.0       85.21587822        1.05258811     83.4381832961               0.0
     "BPM.8R2.B1"       494.1300106                 1     107.783585196               0.0       113.0897601       1.134746992     111.121936415               0.0
     "BPM.9R2.B1"       533.1950212                 1     16.0202794379               0.0       15.94722448       1.292805637     16.5164711288               0.0
    "BPM.10R2.B1"       573.6580318                 1     166.935185046               0.0       171.7411105       1.460281322     172.105622432               0.0
    "BPM.11R2.B1"       625.4967424                 1     32.5342724331               0.0       32.90159014       1.566688573     33.5419474685               0.0
    "BPM.14R2.B1"       787.1172901                 1     169.671571945               0.0         170.35043       1.960490566     174.926762687               0.0
    "BPM.15R2.B1"        840.565806                 1     34.0993088373               0.0       34.55300863       2.072703938     35.1554573131               0.0
    "BPM.16R2.B1"       894.0143219                 1     162.861004686               0.0       168.8433479       2.207282493     167.905253609               0.0
    "BPM.17R2.B1"       947.4628378                 1     33.8289097371               0.0       33.10170512       2.323083936     34.8766832162               0.0
    "BPM.18R2.B1"       1000.911354                 1     169.937187428               0.0       170.3630625       2.460771013     175.200605005               0.0
    "BPM.19R2.B1"        1054.35987                 1     33.7353486337               0.0       34.55282647       2.572979721     34.7802242706               0.0
    "BPM.20R2.B1"       1107.808386                 1     163.073616775               0.0       168.8307202       2.707565464     168.124450873               0.0
    "BPM.21R2.B1"       1161.256901                 1      32.945288952               0.0       33.10189183       2.823371809     33.9656942886               0.0
    "BPM.22R2.B1"       1214.705417                 1     167.393880295               0.0       170.3756854        2.96105144     172.578524722               0.0
    "BPM.23R2.B1"       1268.153933                 1     33.1257758435               0.0       33.11661624       3.076157208     34.1517713508               0.0
    "BPM.27R2.B1"       1481.947997                 1     32.4677719932               0.0       33.11659909       3.581728657     33.4733873289               0.0
    "BPM.28R2.B1"       1535.396513                 1      176.42473349               0.0       170.3730331       3.719408284     181.889088039               0.0
    "BPM.29R2.B1"       1588.845029                 1     33.5946435109               0.0       33.11640494       3.834515594      34.635161127               0.0
    "BPM.30R2.B1"       1642.293545                 1     172.888871129               0.0       170.3757357       3.972194287      178.24371039               0.0
    "BPM.34R2.B1"       1856.087608                 1      172.93931108               0.0       170.3757509        4.47776571     178.295712604               0.0
    "BPM.33L3.B1"       1909.536124                 1     33.6452898985               0.0       33.11656339       4.592871563      34.687376171               0.0
    "BPM.32L3.B1"        1962.98464                 1     166.436728273               0.0       170.3730027       4.730551308     171.591727094               0.0
    "BPM.31L3.B1"       2016.433156                 1     33.0191083495               0.0       33.11644104       4.845658554     34.0418000739               0.0
    "BPM.30L3.B1"       2069.881672                 1     166.110044256               0.0       170.3757594       4.983337132     171.254924784               0.0
    "BPM.29L3.B1"       2123.330188                 1     31.6276267863               0.0         33.116545       5.098443021     32.6072205366               0.0
    "BPM.28L3.B1"       2176.778704                 1     165.674012792               0.0       170.3729976        5.23612282     170.805388238               0.0
    "BPM.27L3.B1"        2230.22722                 1     33.4861482053               0.0       33.11645955       5.351230029     34.5233054262               0.0
    "BPM.26L3.B1"       2283.675735                 1     168.386018151               0.0       170.3757611       5.488908554      173.60139179               0.0
    "BPM.25L3.B1"       2337.124251                 1     34.6543742617               0.0       33.11652639       5.604014482     35.7277146256               0.0
    "BPM.24L3.B1"       2390.572767                 1     168.566171174               0.0       170.3729992       5.741694333     173.787124643               0.0
    "BPM.23L3.B1"       2444.021283                 1     33.4828899489               0.0       33.11647824       5.856801501     34.5199462527               0.0
    "BPM.22L3.B1"       2497.469799                 1     172.297954537               0.0       170.3757561       5.994479976     177.634491501               0.0
    "BPM.21L3.B1"       2550.918315                 1     32.9146067284               0.0       33.11650764       6.109585946      33.934061753               0.0
    "BPM.20L3.B1"       2604.366831                 1     163.739863074               0.0       168.7740195       6.248110946     168.811332635               0.0
    "BPM.19L3.B1"       2657.815347                 1     32.6941129935               0.0       34.54002499       6.360982089     33.7067387265               0.0
    "BPM.18L3.B1"       2711.263863                 1     178.133236456               0.0       170.4266924       6.494760431     183.650507996               0.0
    "BPM.17L3.B1"       2764.712379                 1     36.6685843262               0.0       33.11556542       6.609873695     37.8043102622               0.0
    "BPM.16L3.B1"       2818.160894                 1     162.755055128               0.0       168.7871945       6.748394012     167.796022504               0.0
    "BPM.13L3.B1"       2978.506442                 1     34.2038260272               0.0       33.11463215       7.110161452      35.263211685               0.0
    "BPM.12L3.B1"       3031.954958                 1     179.593933549               0.0       171.5175732       7.247251311     185.156446856               0.0
    "BPM.11L3.B1"       3085.403474                 1     27.6236467067               0.0        28.2592413       7.373708861     28.4792262877               0.0
    "BPM.10L3.B1"       3138.184185                 1     173.953380144               0.0       172.7569671       7.522788108     179.341190149               0.0
     "BPM.9L3.B1"       3177.249195                 1      52.967384244               0.0       54.93815126       7.583724784     54.6079284088               0.0
     "BPM.8L3.B1"       3217.712206                 1     171.029909723               0.0       175.5991319       7.660416551     176.327171885               0.0
     "BPM.7L3.B1"       3256.776216                 1     56.3936917668               0.0       58.10046323       7.719364003     58.1403580083               0.0
     "BPM.6L3.B1"       3329.415216                 1     195.339126346               0.0       206.7756234       7.831510896     201.389311161               0.0
  "BPMWG.A5L3.B1"       3371.119716                 1     58.8246961873               0.0       68.26217692       7.888594994     60.6466572574               0.0
    "BPMW.5L3.B1"       3400.089716                 1     46.2807349112               0.0       56.59279169       7.971952656     47.7141753328               0.0
   "BPMWE.4L3.B1"       3475.217716                 1     242.947721154               0.0       272.6641978        8.07532486     250.472473829               0.0
    "BPMW.4L3.B1"       3502.762716                 1      237.15683137               0.0       250.6035005       8.090528029     244.502224415               0.0
    "BPMW.4R3.B1"       3547.727716                 1     43.1282225286               0.0       44.32448505       8.160679045     44.4640210547               0.0
   "BPMWE.4R3.B1"       3575.272716                 1     27.4893959746               0.0       30.72266468       8.308322669     28.3408174447               0.0
    "BPMW.5R3.B1"       3650.400716                 1     301.376722452               0.0       347.6581685       8.437850831     310.711180449               0.0
  "BPMWJ.A5R3.B1"       3679.118716                 1     262.472119111               0.0       302.5649998       8.450477678     270.601595573               0.0
   "BPMWC.6R3.B1"       3718.936716                 1     58.6588522464               0.0       64.79675564       8.496370937     60.4756766779               0.0
    "BPMR.6R3.B1"       3731.015216                 1      36.944370009               0.0       39.70879417       8.536481749     38.0886377788               0.0
     "BPM.8R3.B1"       3825.903227                 1     30.8193341247               0.0        35.2651492       8.835957198     31.7738928495               0.0
     "BPM.9R3.B1"       3864.968238                 1     119.081733255               0.0       128.5117235       8.940088827     122.770018894               0.0
    "BPM.10R3.B1"       3905.431248                 1     51.5401210836               0.0       54.67179092       9.014821952     53.1364590207               0.0
    "BPM.11R3.B1"       3958.211959                 1      185.74223708               0.0       183.5210003       9.107876696     191.495180095               0.0
    "BPM.12R3.B1"       4012.935475                 1     48.5309471752               0.0       42.56129302       9.208659941     50.0340827999               0.0
    "BPM.13R3.B1"       4066.383991                 1     174.820754539               0.0       170.7795851       9.325472939     180.235429491               0.0
    "BPM.14R3.B1"       4119.832506                 1     31.1820834715               0.0       33.11851399       9.440563908     32.1478775316               0.0
    "BPM.15R3.B1"       4173.281022                 1     164.241401042               0.0       168.7497879       9.579096744       169.3284046               0.0
    "BPM.16R3.B1"       4226.729538                 1     22.9780077666               0.0       34.53801546       9.691981666     23.6896992556               0.0
    "BPM.18R3.B1"        4333.62657                 1     32.1013182784               0.0       33.11755551        9.94085164     33.0955835444               0.0
    "BPM.19R3.B1"       4387.075086                 1     170.444672353               0.0        168.762939       10.07937985      175.72380812               0.0
    "BPM.20R3.B1"       4440.523602                 1     36.0606208607               0.0       34.53896949       10.19225756     37.1775165122               0.0
    "BPM.22R3.B1"       4547.420634                 1     30.3091926798               0.0       33.11660593       10.44113938     31.2479509345               0.0
    "BPM.25R3.B1"       4707.766181                 1     171.285667552               0.0       170.3736653       10.83160423     176.590851231               0.0
    "BPM.30R3.B1"       4975.008761                 1     31.8581134284               0.0       33.11662759       11.45228227     32.8448459777               0.0
    "BPM.31R3.B1"       5028.457277                 1     181.373397713               0.0       170.3750152       11.58996073     186.991025872               0.0
    "BPM.32R3.B1"       5081.905793                 1     33.3035636959               0.0       33.11636264       11.70506732     34.3350657771               0.0
    "BPM.33R3.B1"       5135.354309                 1     160.513726122               0.0       170.3737711       11.84274721     165.485273433               0.0
    "BPM.34R3.B1"       5188.802825                 1      32.191662333               0.0       33.11663749       11.95785372     33.1887258004               0.0
    "BPM.33L4.B1"        5242.25134                 1     170.852347989               0.0       170.3749591       12.09553218     176.144110581               0.0
    "BPM.32L4.B1"       5295.699856                 1     32.6489948555               0.0       33.11635308       12.21063881     33.6602231568               0.0
    "BPM.31L4.B1"       5349.148372                 1     172.689001717               0.0       170.3738287       12.34831869     178.037650478               0.0
    "BPM.30L4.B1"       5402.596888                 1     32.3976368902               0.0       33.11664671       12.46342516     33.4010799507               0.0
    "BPM.29L4.B1"       5456.045404                 1       178.8210309               0.0       170.3749002       12.60110363     184.359605307               0.0
    "BPM.28L4.B1"        5509.49392                 1     31.8457749641               0.0       33.11634423        12.7162103     32.8321253576               0.0
    "BPM.27L4.B1"       5562.942436                 1     170.315973042               0.0       170.3738889       12.85389018     175.591122641               0.0
    "BPM.26L4.B1"       5616.390952                 1     31.9318577644               0.0       33.11665519        12.9689966     32.9208743767               0.0
    "BPM.25L4.B1"       5669.839468                 1     167.806820674               0.0       170.3748387       13.10667508      173.00425499               0.0
    "BPM.24L4.B1"       5723.287984                 1     33.5854051215               0.0       33.11633612       13.22178179     34.6256365994               0.0
    "BPM.23L4.B1"         5776.7365                 1     167.165139048               0.0       170.3739515       13.35946166     172.342698735               0.0
    "BPM.22L4.B1"       5830.185015                 1     32.6866533427               0.0        33.1166629       13.47456804       33.69904803               0.0
    "BPM.21L4.B1"       5883.633531                 1      172.92368351               0.0        170.374775       13.61224654     178.279601005               0.0
    "BPM.20L4.B1"       5937.082047                 1     34.3428157245               0.0        34.5523301       13.72445156     35.4065062719               0.0
    "BPM.19L4.B1"       5990.530563                 1     167.762417251               0.0       168.8189486       13.85904485     172.958476271               0.0
    "BPM.18L4.B1"       6043.979079                 1     31.6390729152               0.0       33.10237926        13.9748551     32.6190211832               0.0
    "BPM.17L4.B1"       6097.427595                 1     174.188081438               0.0       170.3873833       14.11252694     179.583160781               0.0
    "BPM.16L4.B1"       6150.876111                 1     37.3639597566               0.0       34.55213024       14.22472735     38.5212233637               0.0
    "BPM.15L4.B1"       6204.324627                 1     170.326941343               0.0       168.8063453       14.35932787      175.60243066               0.0
    "BPM.14L4.B1"       6257.773143                 1     33.0937516971               0.0       33.10258368       14.47514296     34.1187553293               0.0
    "BPM.13L4.B1"       6311.221659                 1     178.243422443               0.0       170.3999817       14.61280733     183.764106743               0.0
    "BPM.12L4.B1"       6364.670174                 1     34.6479138006               0.0       33.66441246       14.72676903     35.7210540664               0.0
    "BPM.11L4.B1"        6418.11869                 1     165.651588395               0.0       166.5763012       14.86492988     170.782269296               0.0
    "BPM.10L4.B1"       6469.957401                 1     34.3265963228               0.0       31.52780044       14.98126706     35.3897845111               0.0
     "BPM.9L4.B1"       6509.022412                 1     106.604350474               0.0        111.000041       15.10739803     109.906177582               0.0
     "BPM.8L4.B1"       6549.485422                 1     24.0651199997               0.0       21.02823162       15.23843666     24.8104823157               0.0
     "BPM.7L4.B1"       6588.549433                 1      93.551838657               0.0       103.4394451       15.41380548     96.4493939206               0.0
   "BPMYB.6L4.B1"       6685.153433                 1      113.66892056               0.0       134.8490532       15.55382553     117.189556645               0.0
   "BPMYA.5L4.B1"       6722.153433                 1     388.587090782               0.0       431.6814919       15.57941125     400.622691434               0.0
  "BPMWI.A5L4.B1"       6798.755933                 1     280.063762024               0.0       315.6044425        15.6113604     288.738099583               0.0
  "BPMWA.B5L4.B1"       6824.619933                 1     254.454200985               0.0       277.6303821       15.62528443     262.335340682               0.0
  "BPMWA.A5L4.B1"       6833.504933                 1      235.50089256               0.0       266.1917904       15.63048707     242.794996669               0.0
  "BPMWA.A5R4.B1"       6881.553933                 1     190.482363942               0.0       218.5680628       15.66240457     196.382121597               0.0
  "BPMWA.B5R4.B1"       6890.438933                 1     183.005707477               0.0       212.3939333       15.66896959     188.673892716               0.0
   "BPMYB.5R4.B1"       6992.829433                 1     197.141839806               0.0       217.2561595       15.75149725     203.247859568               0.0
   "BPMYA.6R4.B1"       7024.393433                 1     436.037287936               0.0       486.1398227       15.76697937      449.54255044               0.0
     "BPM.7R4.B1"       7120.909433                 1     22.7328501571               0.0       22.79889128       15.93450269     23.4369484471               0.0
     "BPM.8R4.B1"       7158.698443                 1     111.330161627               0.0       113.0607275       16.07991314     114.778359978               0.0
     "BPM.9R4.B1"       7197.763454                 1     18.1588906538               0.0        18.5713731       16.21624484     18.7213209592               0.0
    "BPM.10R4.B1"       7238.226465                 1     155.462634724               0.0       152.1990454        16.3816195     160.277735977               0.0
    "BPM.11R4.B1"       7290.065175                 1     34.1708769881               0.0       34.70392971       16.49278171     35.2292421244               0.0
    "BPM.12R4.B1"       7344.788691                 1     160.287897153               0.0        170.420853        16.6284393     165.252449926               0.0
    "BPM.13R4.B1"       7398.237207                 1     32.0851748146               0.0       33.47884206       16.74286491     33.0789400735               0.0
    "BPM.14R4.B1"       7451.685723                 1     174.525848795               0.0       171.6773885       16.87901446     179.931389713               0.0
    "BPM.15R4.B1"       7505.134239                 1     35.1406345514               0.0       33.49086865       16.99285025      36.229035721               0.0
    "BPM.16R4.B1"       7558.582755                 1     167.474624527               0.0       171.6764447       17.12900082     172.661769823               0.0
    "BPM.17R4.B1"       7612.031271                 1     36.0361107519               0.0       33.49130626       17.24283608     37.1522472585               0.0
    "BPM.18R4.B1"       7665.479786                 1     170.370490188               0.0       171.6773889       17.37898495     175.647328331               0.0
    "BPM.19R4.B1"       7718.928302                 1      33.553224198               0.0        33.4908687       17.49282073      34.592458945               0.0
    "BPM.20R4.B1"       7772.376818                 1      167.00237248               0.0       171.6764442        17.6289713     172.174890843               0.0
    "BPM.21R4.B1"       7825.825334                 1     31.8919388746               0.0       33.49130622       17.74280656     32.8797190902               0.0
    "BPM.22R4.B1"        7879.27385                 1     172.127943999               0.0       171.6773894       17.87895543     177.459215274               0.0
    "BPM.23R4.B1"       7932.722366                 1      33.859826925               0.0       33.49177445       17.99278936     34.9085579936               0.0
    "BPM.24R4.B1"       7986.170882                 1     158.005249899               0.0       171.6788307       18.12893623      162.89910287               0.0
    "BPM.25R4.B1"       8039.619398                 1     36.2911123498               0.0       33.49132722       18.24277051     37.4151469505               0.0
    "BPM.26R4.B1"       8093.067914                 1     178.961808072               0.0       171.6773888       18.37891937     184.504742731               0.0
    "BPM.27R4.B1"        8146.51643                 1     33.2478257511               0.0       33.49177437       18.49275331     34.2776014764               0.0
    "BPM.28R4.B1"       8199.964946                 1     169.622139839               0.0       171.6788313       18.62890018     174.875799534               0.0
    "BPM.29R4.B1"       8253.413461                 1     33.0651797067               0.0        33.4913273       18.74273446     34.0892983866               0.0
    "BPM.31R4.B1"       8360.310493                 1     36.8202828917               0.0        33.4917743       18.99271725     37.9607073455               0.0
    "BPM.32R4.B1"       8413.759009                 1     162.855262281               0.0       171.6788318       19.12886413     167.899333346               0.0
    "BPM.33R4.B1"       8467.207525                 1     30.6824481554               0.0       33.49132738        19.2426984     31.6327671489               0.0
    "BPM.34R4.B1"       8520.656041                 1     171.829524558               0.0       171.6773877       19.37884727      177.15155297               0.0
    "BPM.33L5.B1"       8574.104557                 1     33.2373008966               0.0       33.49177422        19.4926812     34.2667506385               0.0
    "BPM.32L5.B1"       8627.553073                 1     160.973594356               0.0       171.6788324       19.62882807     165.959385039               0.0
    "BPM.31L5.B1"       8681.001589                 1     32.3896625035               0.0       33.49132746       19.74266235     33.3928585756               0.0
    "BPM.30L5.B1"       8734.450105                 1      171.29493998               0.0       171.6773871       19.87881121     176.600410851               0.0
    "BPM.29L5.B1"        8787.89862                 1     32.3602342901               0.0       33.49177414       19.99264515     33.3625188902               0.0
    "BPM.28L5.B1"       8841.347136                 1     169.942755539               0.0        171.678833       20.12879202     175.206345575               0.0
    "BPM.27L5.B1"       8894.795652                 1     30.9671184643               0.0       33.49132754       20.24262629     31.9262544726               0.0
    "BPM.26L5.B1"       8948.244168                 1     175.686452536               0.0       171.6773865       20.37877516     181.127940513               0.0
    "BPM.25L5.B1"       9001.692684                 1     22.7638757187               0.0       33.49177406       20.49260909     23.4689349549               0.0
    "BPM.24L5.B1"         9055.1412                 1     166.090612843               0.0       171.6788335       20.62875597     171.234891527               0.0
    "BPM.23L5.B1"       9108.589716                 1     32.1900092045               0.0       33.49132762       20.74259024     33.1870214701               0.0
    "BPM.22L5.B1"       9162.038232                 1     178.711581128               0.0        171.677386       20.87873911     184.246765577               0.0
    "BPM.21L5.B1"       9215.486748                 1     33.4782163458               0.0       33.49177398       20.99257304     34.5151278954               0.0
    "BPM.20L5.B1"       9268.935264                 1     173.645375057               0.0        171.676489       21.12872111     179.023645305               0.0
    "BPM.19L5.B1"       9322.383779                 1     30.7796668202               0.0       33.49040098       21.24255822     31.7329969406               0.0
    "BPM.17L5.B1"       9429.280811                 1      36.299425726               0.0       33.49177398       21.49254352     37.4237178146               0.0
    "BPM.16L5.B1"       9482.729327                 1     167.531654967               0.0       171.6764903       21.62869159     172.720566651               0.0
    "BPM.15L5.B1"       9536.177843                 1     33.5788049595               0.0       33.49040098        21.7425287     34.6188320124               0.0
    "BPM.14L5.B1"       9589.626359                 1     182.392159116               0.0       171.6773425       21.87868007     188.041341091               0.0
    "BPM.13L5.B1"       9643.074875                 1     35.5699441488               0.0       33.49177397       21.99251401      36.671642206               0.0
    "BPM.12L5.B1"       9696.523391                 1     169.443617279               0.0       168.1512586       22.13049826     174.691747644               0.0
    "BPM.11L5.B1"       9749.971907                 1     35.4963372102               0.0        37.5248342        22.2382219       36.59575546               0.0
    "BPM.10L5.B1"       9802.752617                 1     158.521131006               0.0       150.3503314       22.36968741      163.43096222               0.0
     "BPM.9L5.B1"       9841.817628                 1     20.7784322288               0.0       21.32865309       22.47730301      21.421996872               0.0
     "BPM.8L5.B1"       9882.280639                 1     120.501193794               0.0       118.0728601       22.66146928     124.233443992               0.0
    "BPMR.5L5.B1"       9990.140649                 1     416.471719904               0.0       462.1055391       22.88181088     429.370983473               0.0
   "BPMYA.4L5.B1"       10017.54665                 1     908.439547084               0.0       1054.043045        22.8881843     936.576394303               0.0
   "BPMWB.4L5.B1"       10038.68115                 1     1162.11957036               0.0       1315.864719       22.89098702     1198.11357888               0.0
   "BPMSY.4L5.B1"       10131.46115                 1     2276.81656631               0.0       2485.073071       22.89915642     2347.33577705               0.0
    "BPMS.2L5.B1"       10158.24665                 1     3317.17728046               0.0       3889.910817       22.90029854      3419.9192963               0.0
   "BPMSW.1L5.B1"       10168.21165                 1     1087.01271102               0.0       1162.912886       22.90113517     1120.68045553               0.0
   "BPMSW.1R5.B1"       10211.33965                 1     1110.00521468               0.0       1162.912184       23.39523136     1144.38509965               0.0
   "BPMWB.4R5.B1"       10340.87015                 1     766.910142161               0.0       817.3344555        23.4051606     790.663438206               0.0
   "BPMYA.4R5.B1"       10362.00265                 1     334.591540574               0.0       369.6082815       23.41139683      344.95475196               0.0
     "BPM.5R5.B1"       10383.12065                 1     167.115724122               0.0       168.4295663       23.42488375     172.291753295               0.0
    "BPMR.6R5.B1"       10415.02065                 1     7.78124641342               0.0       8.430381443       23.58150134     8.02225280972               0.0
   "BPM_A.7R5.B1"       10449.03465                 1     135.619836992               0.0       141.2419446       23.85403894     139.820352751               0.0
     "BPM.8R5.B1"       10490.47364                 1     20.8797713576               0.0       18.49863175       23.96924729     21.5264747497               0.0
     "BPM.9R5.B1"       10529.54063                 1     100.225323557               0.0       110.3220925       24.17193213     103.329574825               0.0
    "BPM.10R5.B1"       10570.00562                 1     35.5565497364               0.0       38.03706263       24.26381535     36.6578329321               0.0
    "BPM.11R5.B1"       10622.78831                 1     189.591070946               0.0       181.7845149       24.38513182     195.463222829               0.0
    "BPM.12R5.B1"       10677.51479                 1     36.3890785925               0.0         34.790099       24.49695998     37.5161474746               0.0
    "BPM.13R5.B1"       10730.96627                 1     166.896599591               0.0       171.7494436       24.62968881      172.06584188               0.0
    "BPM.14R5.B1"       10784.41776                 1     31.9706582153               0.0       33.48864627        24.7435307     32.9608765833               0.0
    "BPM.15R5.B1"       10837.86924                 1     175.030752214               0.0       171.6886063       24.87969107     180.451931366               0.0
    "BPM.16R5.B1"       10891.32073                 1     35.8178865602               0.0       33.48817036       24.99353555     36.9272640692               0.0
    "BPM.17R5.B1"       10944.77221                 1     171.302652455               0.0       171.6923318       25.12969523     176.608362202               0.0
    "BPM.18R5.B1"        10998.2237                 1     30.9364562446               0.0       33.48864624       25.24353723     31.8946425605               0.0
    "BPM.19R5.B1"       11051.67518                 1     172.455727994               0.0       171.6886062        25.3796976     177.797151632               0.0
    "BPM.20R5.B1"       11105.12666                 1     33.1044033334               0.0       33.48817039       25.49354209     34.1297368758               0.0
    "BPM.21R5.B1"       11158.57815                 1     165.302113572               0.0       171.6923319       25.62970177     170.421970286               0.0
    "BPM.22R5.B1"       11212.02963                 1     32.3913172702               0.0       33.48864622       25.74354377     33.3945645949               0.0
    "BPM.23R5.B1"       11265.48112                 1     178.445662676               0.0       171.6909512       25.87970295     183.972610907               0.0
    "BPM.24R5.B1"        11318.9326                 1     33.5672359041               0.0       33.48909703       25.99354459     34.6069046318               0.0
    "BPM.25R5.B1"       11372.38408                 1     159.896707163               0.0       171.6923727       26.12970177     164.849143717               0.0
    "BPM.26R5.B1"       11425.83557                 1     32.9002775217               0.0       33.48864622       26.24354377     33.9192887317               0.0
    "BPM.27R5.B1"       11479.28705                 1     178.432452366               0.0       171.6909512       26.37970295     183.958991437               0.0
    "BPM.28R5.B1"       11532.73854                 1     33.7754025714               0.0       33.48909703       26.49354459     34.8215187879               0.0
    "BPM.29R5.B1"       11586.19002                 1     176.301366238               0.0       171.6923727       26.62970177     181.761899767               0.0
    "BPM.30R5.B1"        11639.6415                 1     34.0491059484               0.0       33.48864622       26.74354377      35.103699504               0.0
    "BPM.31R5.B1"       11693.09299                 1      177.75577558               0.0       171.6909512       26.87970295     183.261356128               0.0
    "BPM.32R5.B1"       11746.54447                 1      32.247657981               0.0       33.48909703       26.99354459     33.2464557862               0.0
    "BPM.33R5.B1"       11799.99596                 1     165.611706045               0.0       171.6923727       27.12970177     170.741151682               0.0
    "BPM.34R5.B1"       11853.44744                 1     34.2342345804               0.0       33.48864622       27.24354377      35.294562074               0.0
    "BPM.33L6.B1"       11906.89893                 1     176.489238149               0.0       171.6909512       27.37970295     181.955590583               0.0
    "BPM.32L6.B1"       11960.35041                 1      34.529799744               0.0       33.48909703       27.49354459     35.5992816958               0.0
    "BPM.29L6.B1"       12120.70486                 1     183.552299729               0.0       171.6909512       27.87970295     189.237414419               0.0
    "BPM.28L6.B1"       12174.15635                 1     35.0666632419               0.0       33.48909703       27.99354459     36.1527733186               0.0
    "BPM.27L6.B1"       12227.60783                 1      169.96403865               0.0       171.6923727       28.12970177     175.228287882               0.0
    "BPM.26L6.B1"       12281.05931                 1      32.368133691               0.0       33.48864622       28.24354377     33.3706629571               0.0
    "BPM.25L6.B1"        12334.5108                 1     172.255400769               0.0       171.6909512       28.37970295     177.590619727               0.0
    "BPM.24L6.B1"       12387.96228                 1      33.844559966               0.0       33.48909703       28.49354459     34.8928181754               0.0
    "BPM.22L6.B1"       12494.86525                 1     32.6171759214               0.0       33.48864622       28.74354377     33.6274187037               0.0
    "BPM.21L6.B1"       12548.31673                 1     178.409677944               0.0       171.6909512       28.87970294      183.93551163               0.0
    "BPM.20L6.B1"       12601.76822                 1     35.6774926787               0.0       33.48819131       28.99354644     36.7825218068               0.0
    "BPM.19L6.B1"        12655.2197                 1     166.138564886               0.0       171.6899869       29.12970732     171.284328776               0.0
    "BPM.18L6.B1"       12708.67119                 1     33.5813347727               0.0        33.4886253       29.24355031     34.6214401809               0.0
    "BPM.17L6.B1"       12762.12267                 1     177.797559549               0.0       171.6909511       29.37970948     183.304434261               0.0
    "BPM.16L6.B1"       12815.57415                 1     32.3115125671               0.0        33.4881913       29.49355298     33.3122881228               0.0
    "BPM.15L6.B1"       12869.02564                 1     167.311582638               0.0        171.689987       29.62971385     172.493678083               0.0
    "BPM.14L6.B1"       12922.47712                 1     31.6969829345               0.0       33.48862531       29.74355684     32.6787248335               0.0
    "BPM.13L6.B1"       12975.92861                 1     173.123527224               0.0        171.690951       29.87971602     178.485634423               0.0
    "BPM.12L6.B1"       13029.38009                 1     33.4656328542               0.0       32.85380122       29.99488123     34.5021546587               0.0
    "BPM.11L6.B1"       13082.83158                 1     167.530603843               0.0       177.4262416       30.12992819     172.719482971               0.0
    "BPM.10L6.B1"       13134.67226                 1     25.9829953369               0.0       29.61362466       30.24585235     26.7877594761               0.0
     "BPM.9L6.B1"       13173.73925                 1     133.472685785               0.0       135.2126565       30.36561155     137.606698423               0.0
     "BPM.8L6.B1"       13214.20424                 1     17.6492775096               0.0       18.86386505       30.48833405     18.1959237079               0.0
   "BPMYA.5L6.B1"       13311.29423                 1     527.018336332               0.0       576.8072326        30.7339036     543.341529722               0.0
   "BPMYB.4L6.B1"       13347.69423                 1     203.010658886               0.0       225.3551484       30.74912326     209.298451961               0.0
   "BPMSA.4R6.B1"       13568.51473                 1     237.642357741               0.0       254.5630301       30.95582807      245.00278886               0.0
   "BPMYA.4R6.B1"       13691.29423                 1     508.813697869               0.0       573.8297065       31.00787876     524.573044019               0.0
   "BPMYB.5R6.B1"       13727.69423                 1       111.7579156               0.0       120.7891535       31.02888512     115.219362657               0.0
    "BPM.11R6.B1"       13954.79389                 1     35.8409882621               0.0       35.32712386       31.75757036     36.9510812937               0.0
    "BPM.12R6.B1"       14009.52037                 1     168.994439253               0.0       170.4229761       31.89361398     174.228657351               0.0
    "BPM.13R6.B1"       14062.97186                 1     31.1159623431               0.0       32.87662121       32.00924581     32.0797084518               0.0
    "BPM.14R6.B1"       14116.42334                 1     174.624708699               0.0       173.7588578       32.14617605     180.033311577               0.0
    "BPM.17R6.B1"       14276.77779                 1     33.0614821997               0.0       32.91556085       32.51814385     34.0854863577               0.0
    "BPM.20R6.B1"       14437.13225                 1     175.544137135               0.0       174.5016795       32.91323081     180.981217216               0.0
    "BPM.21R6.B1"       14490.58373                 1     33.7879161626               0.0       32.91478852       33.02703912     34.8344199591               0.0
    "BPM.22R6.B1"       14544.03522                 1     182.792337099               0.0       172.9065002       33.16440245     188.453913676               0.0
    "BPM.23R6.B1"        14597.4867                 1     31.9601166802               0.0       32.89954089       33.27890599     32.9500085481               0.0
    "BPM.24R6.B1"       14650.93818                 1     170.694446332               0.0       172.9086952       33.41627076     175.981318279               0.0
    "BPM.25R6.B1"       14704.38967                 1     31.4775160894               0.0       32.90016379       33.53077209     32.4524605025               0.0
    "BPM.26R6.B1"       14757.84115                 1     172.418543045               0.0       172.9064302       33.66813632     177.758814964               0.0
    "BPM.27R6.B1"       14811.29264                 1     32.7276218806               0.0         32.899549       33.78263987     33.7412854751               0.0
    "BPM.29R6.B1"        14918.1956                 1     33.9204110294               0.0       32.90015534        34.0345059     34.9710185529               0.0
    "BPM.30R6.B1"       14971.64709                 1     179.774901283               0.0       172.9063627       34.17187019     185.343019654               0.0
    "BPM.31R6.B1"       15025.09857                 1     32.2211803313               0.0       32.89955779       34.28637375     33.2191580516               0.0
    "BPM.32R6.B1"       15078.55006                 1     164.016450557               0.0       172.9088301       34.42373839     169.096486785               0.0
    "BPM.33R6.B1"       15132.00154                 1     31.5313598099               0.0       32.90014622       34.53823971     32.5079719096               0.0
    "BPM.34R6.B1"       15185.45302                 1     176.298965444               0.0       172.9062979       34.67560406     181.759424615               0.0
    "BPM.33L7.B1"       15238.90451                 1     34.3753646308               0.0       32.89956723       34.79010763     35.4400633064               0.0
    "BPM.32L7.B1"       15292.35599                 1     171.352083131               0.0       172.9088936       34.92747221     176.659323882               0.0
    "BPM.31L7.B1"       15345.80748                 1     31.8741353607               0.0       32.90013647       35.04197353     32.8613641529               0.0
    "BPM.30L7.B1"       15399.25896                 1     173.255088463               0.0       172.9062359       35.17933793     178.621270472               0.0
    "BPM.29L7.B1"       15452.71045                 1     34.7183800374               0.0        32.8995773        35.2938415     35.7937028345               0.0
    "BPM.28L7.B1"       15506.16193                 1     172.209486604               0.0       172.9089541       35.43120603     177.543283476               0.0
    "BPM.27L7.B1"       15559.61341                 1      33.747027396               0.0       32.90012609       35.54570734      34.792264756               0.0
    "BPM.26L7.B1"        15613.0649                 1     169.690691911               0.0       172.9061768        35.6830718      174.94647485               0.0
    "BPM.25L7.B1"       15666.51638                 1     33.3413001567               0.0       32.89958798       35.79757538      34.373971039               0.0
    "BPM.24L7.B1"       15719.96787                 1     165.949358814               0.0       172.9090116       35.93493984     171.089262476               0.0
    "BPM.23L7.B1"       15773.41935                 1     33.2868128428               0.0       32.90011511       36.04944115     34.3177961046               0.0
    "BPM.22L7.B1"       15826.87083                 1     171.148495642               0.0       172.9061209       36.18680568     176.449430734               0.0
    "BPM.21L7.B1"       15880.32232                 1     33.6937887849               0.0       32.89959925       36.30130925     34.7373772001               0.0
    "BPM.16L7.B1"       16147.57974                 1     189.468882708               0.0        174.119195       36.94689257     195.337250089               0.0
    "BPM.15L7.B1"       16201.03122                 1     29.8207933129               0.0       31.50229455       37.06394951     30.7444245089               0.0
    "BPM.14L7.B1"       16254.48271                 1     170.441808939               0.0        173.731458       37.20503681     175.720856018               0.0
    "BPM.13L7.B1"       16307.93419                 1     33.8064097717               0.0       32.94123056       37.31909572     34.8534863656               0.0
    "BPM.12L7.B1"       16361.38567                 1     163.708157849               0.0       168.3162799       37.45878799     168.778645413               0.0
    "BPM.11L7.B1"       16414.83716                 1     30.1444194724               0.0        31.4156062        37.5785266      31.078074252               0.0
    "BPM.10L7.B1"       16467.61985                 1     149.623544424               0.0       159.4968211       37.72231549     154.257793146               0.0
     "BPM.9L7.B1"       16506.68684                 1     26.9039371562               0.0        25.8352186       37.81597601      27.737225372               0.0
     "BPM.7L7.B1"       16586.21782                 1     63.7972122193               0.0        67.2066817       38.09126598     65.7731856552               0.0
     "BPM.6L7.B1"       16621.03582                 1     230.261756018               0.0       240.4385357       38.13795827     237.393589798               0.0
   "BPMWC.6L7.B1"       16633.13832                 1     223.778434579               0.0       238.4299536       38.14551791     230.709462235               0.0
   "BPMWE.5L7.B1"       16710.19232                 1     25.8247651928               0.0       28.93132311       38.33464748     26.6246285134               0.0
    "BPMW.5L7.B1"       16733.39732                 1     59.4085080095               0.0       65.83947785       38.43173704     61.2485513219               0.0
   "BPMWE.4L7.B1"       16768.48232                 1     249.063887071               0.0       277.5166264       38.47352541     256.778074064               0.0
    "BPMW.4L7.B1"       16796.58732                 1     322.572900307               0.0       342.5069838       38.48680076     332.563861667               0.0
    "BPMW.4R7.B1"       16912.63432                 1     43.7011321518               0.0       45.93433561       38.67484765     45.0546752495               0.0
    "BPMW.5R7.B1"       16975.82432                 1     292.571591458               0.0       309.2923975       38.78398655     301.633330564               0.0
   "BPMWE.5R7.B1"       16999.02932                 1     309.366924667               0.0       349.9894117       38.79440234      318.94886099               0.0
    "BPMR.6R7.B1"       17078.24482                 1     58.8728335073               0.0        59.2828978        38.8870777     60.6962855213               0.0
   "BPM_A.7R7.B1"       17116.28082                 1     127.727125331               0.0        127.874134        38.9671717     131.683182311               0.0
     "BPM.9R7.B1"        17194.4138                 1     108.347685241               0.0       108.6113909       39.28496583     111.703508175               0.0
    "BPM.10R7.B1"       17234.87878                 1     35.6578803168               0.0       34.81349859       39.38460427     36.7623019967               0.0
    "BPM.11R7.B1"       17287.66147                 1     178.912667641               0.0       179.6221878       39.51149712     184.454080288               0.0
    "BPM.12R7.B1"       17342.38796                 1     32.4062622494               0.0       30.98983344       39.63185931     33.4099724608               0.0
    "BPM.13R7.B1"       17395.83944                 1     168.126252875               0.0       171.9742438       39.77544702     173.333580876               0.0
    "BPM.14R7.B1"       17449.29093                 1     32.7588735457               0.0       32.82282969        39.8904541     33.7735050894               0.0
    "BPM.15R7.B1"       17502.74241                 1     172.057928157               0.0       175.4195302       40.02674292     177.387030851               0.0
    "BPM.16R7.B1"       17556.19389                 1     31.7476450684               0.0       31.59138403        40.1430642     32.7309561117               0.0
    "BPM.17R7.B1"       17609.64538                 1     163.010222957               0.0       172.4144417        40.2846197     168.059093576               0.0
    "BPM.18R7.B1"       17663.09686                 1     31.8611308696               0.0       32.86554494       40.39936862     32.8479568773               0.0
    "BPM.19R7.B1"       17716.54835                 1     185.033810572               0.0       174.9991676       40.53575831     190.764811689               0.0
    "BPM.24R7.B1"       17983.80577                 1     33.6136377801               0.0       32.89988454       41.16013951     34.6547437004               0.0
    "BPM.25R7.B1"       18037.25725                 1     171.478212625               0.0       172.9074405       41.29750398      176.78935995               0.0
    "BPM.26R7.B1"       18090.70874                 1     33.1386005448               0.0       32.89982464       41.41200654      34.164993268               0.0
    "BPM.27R7.B1"       18144.16022                 1     178.965960749               0.0       172.9077228       41.54937102     184.509024028               0.0
    "BPM.28R7.B1"        18197.6117                 1     34.6256354603               0.0       32.89988346       41.66387335     35.6980857052               0.0
    "BPM.29R7.B1"       18251.06319                 1     175.729729728               0.0       172.9074341       41.80123782     181.172558118               0.0
    "BPM.30R7.B1"       18304.51467                 1     32.1765942608               0.0       32.89982575       41.91574038      33.173191029               0.0
    "BPM.31R7.B1"       18357.96616                 1     176.020064163               0.0        172.907729       42.05310486     181.471885001               0.0
    "BPM.32R7.B1"       18411.41764                 1     34.4985973295               0.0       32.89988233       42.16760719     35.5671128575               0.0
    "BPM.33R7.B1"       18464.86912                 1      176.61509757               0.0       172.9074281       42.30497167     182.085348214               0.0
    "BPM.34R7.B1"       18518.32061                 1     32.8066146924               0.0       32.89982691       42.41947423     33.8227249095               0.0
    "BPM.33L8.B1"       18571.77209                 1     172.689825429               0.0       172.9077348       42.55683871     178.038499702               0.0
    "BPM.32L8.B1"       18625.22358                 1      33.763160435               0.0       32.89988113       42.67134103     34.8088974791               0.0
    "BPM.31L8.B1"       18678.67506                 1     171.022384561               0.0       172.9074224       42.80870552     176.319413649               0.0
    "BPM.30L8.B1"       18732.12654                 1     33.2669102453               0.0       32.89982814       42.92320808     34.2972770693               0.0
    "BPM.29L8.B1"       18785.57803                 1     176.325556941               0.0       172.9077404       43.06057255     181.786839723               0.0
    "BPM.28L8.B1"       18839.02951                 1     33.6057064169               0.0       32.89987987       43.17507487     34.6465666812               0.0
    "BPM.25L8.B1"       18999.38397                 1     181.929232206               0.0       172.9077455       43.56430639     187.564076074               0.0
    "BPM.22L8.B1"       19159.73842                 1      34.170525905               0.0       32.89983076       43.93067577     35.2288801674               0.0
    "BPM.21L8.B1"        19213.1899                 1     177.235702717               0.0       172.9077504       44.06804023     182.725175192               0.0
    "BPM.20L8.B1"       19266.64139                 1     31.9901101272               0.0       31.52453011        44.1855504     32.9809309738               0.0
    "BPM.19L8.B1"       19320.09287                 1     167.725404772               0.0       174.9181093       44.32590831     172.920317415               0.0
    "BPM.14L8.B1"       19587.35029                 1     33.0281911584               0.0        32.8858192       44.94847408     34.0511642022               0.0
    "BPM.13L8.B1"       19640.80177                 1     165.054474778               0.0       172.1026377       45.08635444     170.166661445               0.0
    "BPM.12L8.B1"       19694.25326                 1     30.0826109052               0.0       31.37293495       45.20455088     31.0143513052               0.0
    "BPM.11L8.B1"       19747.70474                 1     170.928250324               0.0       172.5250638       45.34663709     176.222363818               0.0
    "BPM.10L8.B1"       19799.54543                 1     39.5331637111               0.0       36.73155567       45.45089375     40.7576134734               0.0
     "BPM.9L8.B1"       19838.61242                 1     116.752677101               0.0       116.6497955       45.56264025     120.368825526               0.0
     "BPM.8L8.B1"       19879.07741                 1     13.8122146776               0.0       14.69965899       45.72432814     14.2400165884               0.0
     "BPM.7L8.B1"        19918.1454                 1     151.483575546               0.0       157.3086004       45.89965505     156.175434498               0.0
    "BPMR.6L8.B1"        19950.6144                 1      14.296319575               0.0       15.18895857       46.01190509     14.7391155332               0.0
   "BPMYB.4L8.B1"        20031.8004                 1     137.194889334               0.0       147.7706102         46.282222     141.444188754               0.0
   "BPMWB.4L8.B1"        20056.1919                 1     201.859201357               0.0       227.0523647       46.30501382     208.111330656               0.0
    "BPMS.2L8.B1"        20144.3364                 1     182.130683983               0.0       195.9886869       46.34282134     187.771767361               0.0
   "BPMSW.1L8.B1"        20154.2704                 1     150.229592478               0.0       158.4488479       46.35076145     154.882612158               0.0
   "BPMSW.1R8.B1"        20197.4604                 1     134.729197345               0.0       158.4488681       46.80682297     138.902127567               0.0
    "BPMS.2R8.B1"        20207.3944                 1     508.086166425               0.0       525.7496897       46.81297355     523.822978945               0.0
   "BPMSX.4R8.B1"        20245.3059                 1     286.248572688               0.0        333.385457       46.82652686      295.11447068               0.0
   "BPMWB.4R8.B1"        20295.4629                 1     276.906929394               0.0       285.9696942       46.85249538     285.483491248               0.0
   "BPMYB.4R8.B1"        20319.9304                 1     207.939261356               0.0       223.2398237       46.86685044     214.379706674               0.0
   "BPMYB.5R8.B1"        20340.5074                 1     61.3465751122               0.0       65.38134792       46.89409074     63.2466456417               0.0
     "BPM.6R8.B1"        20424.6154                 1      139.92646655               0.0       141.7589033       47.24936918     144.260370357               0.0
   "BPM_A.7R8.B1"        20446.8554                 1     51.6114568806               0.0       49.54158699       47.29211854     53.2100042817               0.0
    "BPM.10R8.B1"       20567.82043                 1     169.428505598               0.0       171.6500136       47.72557715     174.676167913               0.0
    "BPM.11R8.B1"       20619.65914                 1     37.3810637097               0.0       37.28617047       47.82442681     38.5388570728               0.0
    "BPM.12R8.B1"       20674.38266                 1     165.232412836               0.0       163.8206717        47.9590259     170.350110728               0.0
    "BPM.13R8.B1"       20727.83117                 1     32.0538132086               0.0       33.41790804       48.07641291     33.0466071132               0.0
    "BPM.14R8.B1"       20781.27969                 1     166.097989863               0.0       171.6782551       48.21256525     171.242497034               0.0
    "BPM.15R8.B1"       20834.72821                 1     31.1404358033               0.0       33.49083193       48.32640076     32.1049399218               0.0
    "BPM.16R8.B1"       20888.17672                 1     161.744446806               0.0        171.675578       48.46255189      166.75411289               0.0
    "BPM.17R8.B1"       20941.62524                 1     34.8871952433               0.0       33.49134296       48.57638743     35.9677467072               0.0
    "BPM.18R8.B1"       20995.07375                 1     161.532575672               0.0       171.6782556       48.71253573      166.53567953               0.0
    "BPM.23R8.B1"       21262.31633                 1     33.3788302723               0.0       33.49173786       49.32633988     34.4126635645               0.0
    "BPM.24R8.B1"       21315.76485                 1     168.284552347               0.0       171.6779638       49.46248731     173.496783314               0.0
    "BPM.25R8.B1"       21369.21337                 1     34.4564129505               0.0       33.49136377       49.57632186     35.5236219134               0.0
    "BPM.26R8.B1"       21422.66188                 1     173.291544938               0.0       171.6782558       49.71247016     178.658856104               0.0
    "BPM.29R8.B1"       21583.00743                 1     33.7938253377               0.0       33.49136377       50.07628581     34.8405121574               0.0
    "BPM.30R8.B1"       21636.45594                 1     173.417970506               0.0       171.6782553       50.21243411     178.789197416               0.0
    "BPM.31R8.B1"       21689.90446                 1     35.3282499992               0.0       33.49173786       50.32626777     36.4224621302               0.0
    "BPM.32R8.B1"       21743.35298                 1     181.349382586               0.0       171.6779647        50.4624152     186.966266931               0.0
    "BPM.33R8.B1"       21796.80149                 1     33.6213588893               0.0       33.49136377       50.57624975     34.6627039533               0.0
    "BPM.34R8.B1"       21850.25001                 1     175.870550867               0.0       171.6782549       50.71239806     181.317740871               0.0
    "BPM.33L1.B1"       21903.69852                 1     32.6588498451               0.0       33.49173786       50.82623172     33.6703833823               0.0
    "BPM.32L1.B1"       21957.14704                 1     180.908000136               0.0       171.6779651       50.96237915     186.511213665               0.0
    "BPM.31L1.B1"       22010.59556                 1     32.9955804858               0.0       33.49136377        51.0762137     34.0175434882               0.0
    "BPM.28L1.B1"        22170.9411                 1     176.642203096               0.0       171.6779655        51.4623431     182.113293271               0.0
    "BPM.27L1.B1"       22224.38962                 1     34.0316128595               0.0       33.49136377       51.57617765     35.0856646064               0.0
    "BPM.26L1.B1"       22277.83814                 1     170.317357956               0.0       171.6782541       51.71232595     175.592550449               0.0
    "BPM.25L1.B1"       22331.28665                 1     35.2693160716               0.0       33.49173786       51.82615961     36.3617028583               0.0
    "BPM.24L1.B1"       22384.73517                 1     182.412032043               0.0        171.677966       51.96230704     188.061829537               0.0
    "BPM.22L1.B1"        22491.6322                 1     172.827986385               0.0       171.6782536        52.2122899      178.18093988               0.0
    "BPM.21L1.B1"       22545.08071                 1     35.3759335183               0.0       33.49173786       52.32612356     36.4716225378               0.0
    "BPM.20L1.B1"       22598.52923                 1     171.712883596               0.0       171.6756212       52.46227218      177.03129932               0.0
    "BPM.19L1.B1"       22651.97775                 1     34.4423633847               0.0       33.49134274       52.57610772     35.5091371942               0.0
    "BPM.18L1.B1"       22705.42626                 1     171.716339837               0.0       171.6782533       52.71225603      177.03486261               0.0
    "BPM.17L1.B1"       22758.87478                 1      34.346956273               0.0       33.49173796       52.82608969     35.4107750644               0.0
    "BPM.16L1.B1"       22812.32329                 1     171.294070354               0.0       171.6756216       52.96223831     176.599514291               0.0
    "BPM.15L1.B1"       22865.77181                 1     32.9260536433               0.0       33.49134265       53.07607385     33.9458632099               0.0
    "BPM.14L1.B1"       22919.22033                 1     169.832279983               0.0       171.6782529       53.21222216      175.09244829               0.0
    "BPM.13L1.B1"       22972.66884                 1     33.3699815349               0.0       33.49173806       53.32605582     34.4035407576               0.0
    "BPM.12L1.B1"       23026.11736                 1     170.111318845               0.0       168.1504141       53.46404064     175.380129746               0.0
    "BPM.11L1.B1"       23079.56587                 1     35.1331714147               0.0       37.52486372       53.57176455     36.2213414306               0.0
     "BPM.9L1.B1"        23171.4116                 1     22.3852345864               0.0       21.32865198       53.81084481     23.0785662754               0.0
    "BPMR.7L1.B1"       23250.94062                 1     30.3824477716               0.0       30.35301037       54.09404628     31.3234749361               0.0
    "BPMR.5L1.B1"       23326.02462                 1     25233.8848573               0.0       557.7754692       54.21734278     26015.4470045               0.0
   "BPMYA.4L1.B1"       23347.14262                 1     968.291695971               0.0       1054.102596       54.22172664     998.282327269               0.0
   "BPMWB.4L1.B1"       23368.27512                 1     1217.44791861               0.0        1315.87094       54.22452905     1255.15559678               0.0
   "BPMSY.4L1.B1"       23461.05512                 1     2222.14074896               0.0       2485.084106       54.23269841     2290.96650071               0.0
    "BPMS.2L1.B1"       23487.84062                 1       3586.054468               0.0        3889.92792       54.23384052     3697.12434272               0.0
   "BPMSW.1L1.B1"       23497.79062                 1     1072.70242609               0.0       1164.535827        54.2346751      1105.9269421               0.0
   "BPMSW.1R1.B1"       23540.93362                 1      1086.9050744               0.0       1162.917516       54.72877337     1120.56948511               0.0
    "BPMS.2R1.B1"       23550.89862                 1     1504.12964679               0.0       1466.580942       54.72984829     1550.71663896               0.0
   "BPMSY.4R1.B1"       23577.68412                 1     4586.95675651               0.0       5153.600961       54.73150531      4729.0273014               0.0
   "BPMWB.4R1.B1"       23670.46412                 1     719.937019472               0.0       817.3378881       54.73870256     742.235429959               0.0
   "BPMYA.4R1.B1"       23691.59662                 1     309.875973532               0.0        369.609732       54.74493876     319.473676485               0.0
     "BPM.5R1.B1"       23719.00462                 1     108.120372287               0.0       119.2959437       54.76543758     111.469154719               0.0
    "BPMR.6R1.B1"       23750.90462                 1     9.05016497805               0.0       8.901368823       55.04470962     9.33047323864               0.0
   "BPMSX.7R1.B1"       23757.12012                 1     21.0342311011               0.0       20.14614964        55.1215284     21.6857185322               0.0
     "BPM.8R1.B1"       23820.06761                 1     19.4561817969               0.0       18.49864084        55.3027891     20.0587927427               0.0
     "BPM.9R1.B1"        23859.1346                 1     109.499938791               0.0       110.3217168       55.50547469     112.891450156               0.0
    "BPM.10R1.B1"       23899.59958                 1     38.5097195127               0.0       38.03715495       55.59735796     39.7024704203               0.0
    "BPM.11R1.B1"       23952.38227                 1     186.454145478               0.0       181.7854061       55.71867387     192.229138235               0.0
    "BPM.12R1.B1"       24007.10876                 1      37.784289064               0.0       34.79005152       55.83050179     38.9545714147               0.0
    "BPM.13R1.B1"       24060.56024                 1     167.109873403               0.0       171.7485776       55.96323119     172.285721363               0.0
    "BPM.14R1.B1"       24114.01173                 1     33.9291835022               0.0       33.48868443       56.07707335      34.980062733               0.0
    "BPM.15R1.B1"       24167.46321                 1     177.286454671               0.0       171.6894719       56.21323315     182.777499072               0.0
    "BPM.16R1.B1"       24220.91469                 1     34.9574552962               0.0       33.48813219       56.32707736     36.0401829052               0.0
    "BPM.17R1.B1"       24274.36618                 1     175.336052616               0.0       171.6914662       56.46323761     180.766687753               0.0
    "BPM.18R1.B1"       24327.81766                 1     35.0128359246               0.0       33.48868442       56.57707988     36.0972788226               0.0
    "BPM.19R1.B1"       24381.26915                 1     169.715634484               0.0       171.6894718       56.71323968     174.972189963               0.0
    "BPM.20R1.B1"       24434.72063                 1     33.3466135293               0.0        33.4881322        56.8270839     34.3794489812               0.0
    "BPM.21R1.B1"       24488.17211                 1      182.34115124               0.0       171.6914663       56.96324415     187.988753362               0.0
    "BPM.23R1.B1"       24595.07508                 1      175.51943134               0.0       171.6918168       57.21324503     180.955746216               0.0
    "BPM.24R1.B1"       24648.52657                 1     32.9659665748               0.0       33.48905884        57.3270864     33.9870123536               0.0
    "BPM.25R1.B1"       24701.97805                 1     169.662434758               0.0       171.6915071       57.46324415     174.917342496               0.0
    "BPM.26R1.B1"       24755.42954                 1     33.5035507531               0.0        33.4886844       57.57708642     34.5412469783               0.0
    "BPM.27R1.B1"       24808.88102                 1     178.054172597               0.0       171.6918168       57.71324503     183.568995314               0.0
    "BPM.28R1.B1"        24862.3325                 1     30.6976530607               0.0       33.48905884        57.8270864     31.6484429916               0.0
    "BPM.29R1.B1"       24915.78399                 1     167.164491469               0.0       171.6915071       57.96324415       172.3420311               0.0
    "BPM.30R1.B1"       24969.23547                 1     35.6231074949               0.0        33.4886844       58.07708642     36.7264521657               0.0
    "BPM.32L2.B1"       25289.94438                 1     33.2501225324               0.0       33.48905884        58.8270864     34.2799693953               0.0
    "BPM.31L2.B1"       25343.39586                 1     162.990618572               0.0       171.6915071       58.96324415     168.038881989               0.0
    "BPM.30L2.B1"       25396.84734                 1     34.0916831652               0.0        33.4886844       59.07708642     35.1475954532               0.0
    "BPM.29L2.B1"       25450.29883                 1     167.752916726               0.0       171.6918168       59.21324503     172.948681489               0.0
    "BPM.28L2.B1"       25503.75031                 1     32.3773015782               0.0       33.48905884        59.3270864     33.3801147987               0.0
    "BPM.27L2.B1"        25557.2018                 1     172.214092348               0.0       171.6915071       59.46324415     177.548031872               0.0
    "BPM.26L2.B1"       25610.65328                 1     34.1591650969               0.0        33.4886844       59.57708642     35.2171674841               0.0
    "BPM.25L2.B1"       25664.10477                 1     173.938502786               0.0       171.6918168       59.71324503     179.325851999               0.0
    "BPM.24L2.B1"       25717.55625                 1     32.8070703502               0.0       33.48905884        59.8270864     33.8231946802               0.0
    "BPM.23L2.B1"       25771.00773                 1     169.003666303               0.0       171.6915071       59.96324415     174.238170188               0.0
    "BPM.22L2.B1"       25824.45922                 1     34.4609664672               0.0        33.4886844       60.07708642     35.5283164649               0.0
    "BPM.21L2.B1"        25877.9107                 1     169.543002656               0.0       171.6918168       60.21324503     174.794211256               0.0
    "BPM.16L2.B1"       26145.16812                 1     34.9223698873               0.0        33.4881531       60.82709479     36.0040108057               0.0
    "BPM.15L2.B1"       26198.61961                 1     175.588728212               0.0       171.6891214       60.96325623       181.0271894               0.0
    "BPM.14L2.B1"       26252.07109                 1     34.6943660025               0.0       33.48866353       61.07709949     35.7689450196               0.0
    "BPM.13L2.B1"       26305.52257                 1     169.556045415               0.0       171.6918166        61.2132581     174.807657986               0.0
    "BPM.12L2.B1"       26358.97406                 1     30.6000542625               0.0       31.47929129       61.33145893     31.5478212927               0.0
    "BPM.11L2.B1"       26412.42554                 1     183.186859049               0.0       174.6850902       61.47187703     188.860655046               0.0
    "BPM.10L2.B1"       26464.26623                 1     33.2919576295               0.0       32.23807272       61.58317875     34.3231002393               0.0
     "BPM.9L2.B1"       26503.33322                 1      117.94272259               0.0       115.6055364       61.70563118     121.595729966               0.0
     "BPM.8L2.B1"       26543.79821                 1     18.9614845396               0.0       18.34519332       61.84459768     19.5487733639               0.0
     "BPM.7L2.B1"        26582.8662                 1     110.680888324               0.0       115.9740203       62.02647857     114.108976913               0.0
    "BPMR.6L2.B1"        26614.9722                 1     23.8671423118               0.0       24.05271479       62.12478977     24.6063727195               0.0