@ GetLLMVersion %s "V3.0.0 Dev"
@ Command %s "/afs/cern.ch/work/o/omc/anaconda/bin/python '/afs/cern.ch/work/e/efol/public/Beta-Beat.src/GetLLM/GetLLM.py' '--accel=LHCB1' '--model=/afs/cern.ch/work/e/efol/public/betabeatGui/temp/2017-12-20/models/LHCB1/Multiturn-model_40cm_2041/twiss.dat' '--files=/afs/cern.ch/work/e/efol/public/betabeatGui/temp/2017-12-20/LHCB1/Measurements/Beam1@Turn@2017_09_11@19_02_33_250_dbscanOnCleaned/Beam1@Turn@2017_09_11@19_02_33_250_dbscanOnCleaned.sdds' '--output=/afs/cern.ch/work/e/efol/public/betabeatGui/temp/2017-12-20/LHCB1/Results/40cm_dbscanOnCleanedData' '--tbtana=SUSSIX' '--bpmu=mm' '--lhcphase=1' '--errordefs=/afs/cern.ch/work/e/efol/public/betabeatGui/temp/2017-12-20/models/LHCB1/Multiturn-model_40cm_2041/error_deff.txt'"
@ CWD %s "/home/efol/Workspaces/Accsoft-Eclipse-Pro/lhc-app-beta-beating"
@ Date %s "21. December 2017, 14:57:29"
@ FILES %s ""
*            NAME                 S             X1010          X1010RMS        X1010PHASE     X1010PHASERMS            X1010M       X1010MPHASE
$              %s               %le               %le               %le               %le               %le               %le               %le
   "BPMYB.5L2.B1"            28.288   0.0127733433329 1.48323969742e-08    0.295850118688 1.48323969742e-08                 0                 0
   "BPMYB.4L2.B1"            48.858   0.0100006794385 1.48323969742e-08     0.32744490647 1.48323969742e-08                 0                 0
   "BPMWI.4L2.B1"           73.3255   0.0139608366923 1.48323969742e-08    0.358197297409 1.48323969742e-08                 0                 0
   "BPMSX.4L2.B1"          123.4825   0.0208927345248 1.48323969742e-08    0.481808365531 1.48323969742e-08                 0                 0
    "BPMS.2L2.B1"           161.394   0.0184623859226 1.48323969742e-08    0.632820519671 1.48323969742e-08                 0                 0
   "BPMSW.1L2.B1"           171.328   0.0134995657165 1.48323969742e-08    0.476117595635 1.48323969742e-08                 0                 0
   "BPMSW.1R2.B1"           214.518   0.0263090800115 1.48323969742e-08   -0.211532801881 1.48323969742e-08                 0                 0
    "BPMS.2R2.B1"           224.452   0.0148541499586 1.48323969742e-08   -0.196261405465 1.48323969742e-08                 0                 0
   "BPMSX.4R2.B1"          262.3635   0.0228137213116 1.48323969742e-08   -0.116262810441 1.48323969742e-08                 0                 0
   "BPMWB.4R2.B1"          312.5965   0.0169024737943 1.48323969742e-08     0.11980845581 1.48323969742e-08                 0                 0
   "BPMYB.4R2.B1"           336.988   0.0192547170025 1.48323969742e-08    0.184911387527 1.48323969742e-08                 0                 0
     "BPM.6R2.B1"           439.818   0.0214694089394 1.48323969742e-08   -0.359825984765 1.48323969742e-08                 0                 0
   "BPM_A.7R2.B1"           452.693   0.0230279590694 1.48323969742e-08   -0.327438873971 1.48323969742e-08                 0                 0
     "BPM.8R2.B1"       494.1300106   0.0217686244753 1.48323969742e-08   -0.191005226324 1.48323969742e-08                 0                 0
     "BPM.9R2.B1"       533.1950212   0.0183243065377 1.48323969742e-08    0.235175083012 1.48323969742e-08                 0                 0
    "BPM.10R2.B1"       573.6580318   0.0130910950923 1.48323969742e-08     0.53444483739 1.48323969742e-08                 0                 0
    "BPM.11R2.B1"       625.4967424   0.0200173200178 1.48323969742e-08    0.661814168645 1.48323969742e-08                 0                 0
    "BPM.14R2.B1"       787.1172901   0.0116745387073 1.48323969742e-08   -0.478807897984 1.48323969742e-08                 0                 0
    "BPM.15R2.B1"        840.565806   0.0232687987105 1.48323969742e-08   -0.297591777896 1.48323969742e-08                 0                 0
    "BPM.16R2.B1"       894.0143219   0.0177865583509 1.48323969742e-08    -0.01978303525 1.48323969742e-08                 0                 0
    "BPM.17R2.B1"       947.4628378   0.0176403963967 1.48323969742e-08    0.265244836169 1.48323969742e-08                 0                 0
    "BPM.18R2.B1"       1000.911354    0.014577472647 1.48323969742e-08    0.524943663818 1.48323969742e-08                 0                 0
    "BPM.19R2.B1"        1054.35987   0.0215427305454 1.48323969742e-08   -0.294259658577 1.48323969742e-08                 0                 0
    "BPM.20R2.B1"       1107.808386   0.0186157181363 1.48323969742e-08    -0.00911198795 1.48323969742e-08                 0                 0
    "BPM.21R2.B1"       1161.256901   0.0209897297557 1.48323969742e-08    0.234043696704 1.48323969742e-08                 0                 0
    "BPM.22R2.B1"       1214.705417  0.00849570607909 1.48323969742e-08   -0.482176494718 1.48323969742e-08                 0                 0
    "BPM.23R2.B1"       1268.153933   0.0192303409576 1.48323969742e-08   -0.304653798244 1.48323969742e-08                 0                 0
    "BPM.27R2.B1"       1481.947997   0.0169915055023 1.48323969742e-08   -0.303101742062 1.48323969742e-08                 0                 0
    "BPM.28R2.B1"       1535.396513   0.0151355623697 1.48323969742e-08    0.034441332704 1.48323969742e-08                 0                 0
    "BPM.29R2.B1"       1588.845029   0.0203945851699 1.48323969742e-08   -0.654953366689 1.48323969742e-08                 0                 0
    "BPM.30R2.B1"       1642.293545   0.0177595675729 1.48323969742e-08   -0.452601255416 1.48323969742e-08                 0                 0
    "BPM.33L3.B1"       1909.536124    0.014384640756 1.48323969742e-08    -0.27582583422 1.48323969742e-08                 0                 0
    "BPM.32L3.B1"        1962.98464   0.0154359795383 1.48323969742e-08    0.061483846877 1.48323969742e-08                 0                 0
    "BPM.31L3.B1"       2016.433156    0.020258842254 1.48323969742e-08   -0.684250266794 1.48323969742e-08                 0                 0
    "BPM.30L3.B1"       2069.881672    0.015467727754 1.48323969742e-08   -0.465172694974 1.48323969742e-08                 0                 0
    "BPM.29L3.B1"       2123.330188    0.013095951194 1.48323969742e-08   -0.287649072907 1.48323969742e-08                 0                 0
    "BPM.26L3.B1"       2283.675735   0.0169205844695 1.48323969742e-08    0.538979652385 1.48323969742e-08                 0                 0
    "BPM.25L3.B1"       2337.124251   0.0116961367488 1.48323969742e-08   -0.273580348155 1.48323969742e-08                 0                 0
    "BPM.24L3.B1"       2390.572767   0.0177150976908 1.48323969742e-08    0.053851742579 1.48323969742e-08                 0                 0
    "BPM.23L3.B1"       2444.021283   0.0209897988792 1.48323969742e-08   -0.654177130224 1.48323969742e-08                 0                 0
    "BPM.22L3.B1"       2497.469799    0.016661884503 1.48323969742e-08   -0.466868591573 1.48323969742e-08                 0                 0
    "BPM.21L3.B1"       2550.918315   0.0103872539608 1.48323969742e-08   -0.265215075292 1.48323969742e-08                 0                 0
    "BPM.20L3.B1"       2604.366831   0.0183340799503 1.48323969742e-08     0.06357903045 1.48323969742e-08                 0                 0
    "BPM.19L3.B1"       2657.815347   0.0207991135366 1.48323969742e-08    0.278744893615 1.48323969742e-08                 0                 0
    "BPM.18L3.B1"       2711.263863    0.020792267856 1.48323969742e-08    0.525939464067 1.48323969742e-08                 0                 0
    "BPM.17L3.B1"       2764.712379  0.00873669786354 1.48323969742e-08   -0.287578895406 1.48323969742e-08                 0                 0
    "BPM.16L3.B1"       2818.160894   0.0133321223668 1.48323969742e-08    0.098030390092 1.48323969742e-08                 0                 0
    "BPM.13L3.B1"       2978.506442   0.0028283419921 1.48323969742e-08   -0.306602946973 1.48323969742e-08                 0                 0
    "BPM.12L3.B1"       3031.954958   0.0160553991209 1.48323969742e-08   0.0936131702292 1.48323969742e-08                 0                 0
    "BPM.11L3.B1"       3085.403474   0.0213020976037 1.48323969742e-08    0.304585340399 1.48323969742e-08                 0                 0
    "BPM.10L3.B1"       3138.184185   0.0183746826127 1.48323969742e-08    0.571498760833 1.48323969742e-08                 0                 0
     "BPM.9L3.B1"       3177.249195  0.00869258210081 1.48323969742e-08   -0.344840656505 1.48323969742e-08                 0                 0
     "BPM.8L3.B1"       3217.712206   0.0145008467217 1.48323969742e-08   -0.165359292303 1.48323969742e-08                 0                 0
     "BPM.7L3.B1"       3256.776216   0.0142298295556 1.48323969742e-08    0.003443622947 1.48323969742e-08                 0                 0
     "BPM.6L3.B1"       3329.415216   0.0137886366552 1.48323969742e-08    0.262810738137 1.48323969742e-08                 0                 0
  "BPMWG.A5L3.B1"       3371.119716   0.0102018310586 1.48323969742e-08   -0.655759812051 1.48323969742e-08                 0                 0
    "BPMW.5L3.B1"       3400.089716  0.00489197265471 1.48323969742e-08   -0.535398702015 1.48323969742e-08                 0                 0
   "BPMWE.4L3.B1"       3475.217716   0.0151444577987 1.48323969742e-08   -0.368446716434 1.48323969742e-08                 0                 0
    "BPMW.4L3.B1"       3502.762716   0.0196095891229 1.48323969742e-08    -0.33891080947 1.48323969742e-08                 0                 0
    "BPMW.4R3.B1"       3547.727716   0.0120196633802 1.48323969742e-08   -0.140949098488 1.48323969742e-08                 0                 0
   "BPMWE.4R3.B1"       3575.272716   0.0187898875407 1.48323969742e-08    0.189239089209 1.48323969742e-08                 0                 0
    "BPMW.5R3.B1"       3650.400716   0.0246515138239 1.48323969742e-08    0.419257113084 1.48323969742e-08                 0                 0
  "BPMWJ.A5R3.B1"       3679.118716   0.0196348672224 1.48323969742e-08    0.445834586696 1.48323969742e-08                 0                 0
   "BPMWC.6R3.B1"       3718.936716   0.0203285709014 1.48323969742e-08     0.50690382858 1.48323969742e-08                 0                 0
    "BPMR.6R3.B1"       3731.015216   0.0199002331234 1.48323969742e-08    0.580189015763 1.48323969742e-08                 0                 0
     "BPM.8R3.B1"       3825.903227  0.00572357058046 1.48323969742e-08   -0.703010610562 1.48323969742e-08                 0                 0
     "BPM.9R3.B1"       3864.968238   0.0112891103111 1.48323969742e-08    -0.56297681351 1.48323969742e-08                 0                 0
    "BPM.10R3.B1"       3905.431248   0.0171853234149 1.48323969742e-08   -0.444719662194 1.48323969742e-08                 0                 0
    "BPM.11R3.B1"       3958.211959   0.0220676333039 1.48323969742e-08   -0.282538848482 1.48323969742e-08                 0                 0
    "BPM.12R3.B1"       4012.935475   0.0162705044321 1.48323969742e-08   -0.009791551496 1.48323969742e-08                 0                 0
    "BPM.13R3.B1"       4066.383991   0.0145826083707 1.48323969742e-08    0.250957982121 1.48323969742e-08                 0                 0
    "BPM.14R3.B1"       4119.832506   0.0153373166301 1.48323969742e-08    0.419844793139 1.48323969742e-08                 0                 0
    "BPM.15R3.B1"       4173.281022   0.0196268961028 1.48323969742e-08   -0.330994542894 1.48323969742e-08                 0                 0
    "BPM.19R3.B1"       4387.075086   0.0187744488987 1.48323969742e-08   -0.332647336595 1.48323969742e-08                 0                 0
    "BPM.20R3.B1"       4440.523602   0.0168761860182 1.48323969742e-08   -0.065494609207 1.48323969742e-08                 0                 0
    "BPM.22R3.B1"       4547.420634  0.00804705797474 1.48323969742e-08    0.452161108053 1.48323969742e-08                 0                 0
    "BPM.25R3.B1"       4707.766181    0.014982144203 1.48323969742e-08    -0.68953837864 1.48323969742e-08                 0                 0
    "BPM.30R3.B1"       4975.008761  0.00482487131342 1.48323969742e-08     0.51121892127 1.48323969742e-08                 0                 0
    "BPM.31R3.B1"       5028.457277   0.0162511854089 1.48323969742e-08   -0.307670420945 1.48323969742e-08                 0                 0
    "BPM.32R3.B1"       5081.905793   0.0131954159092 1.48323969742e-08   -0.015751931723 1.48323969742e-08                 0                 0
    "BPM.33R3.B1"       5135.354309   0.0180542315283 1.48323969742e-08   -0.656867037051 1.48323969742e-08                 0                 0
    "BPM.34R3.B1"       5188.802825  0.00696845079704 1.48323969742e-08   -0.492472272269 1.48323969742e-08                 0                 0
    "BPM.33L4.B1"        5242.25134   0.0132872919125 1.48323969742e-08   -0.308603064214 1.48323969742e-08                 0                 0
    "BPM.32L4.B1"       5295.699856   0.0110592875845 1.48323969742e-08   0.0522200592804 1.48323969742e-08                 0                 0
    "BPM.31L4.B1"       5349.148372   0.0227657546076 1.48323969742e-08    0.363600866941 1.48323969742e-08                 0                 0
    "BPM.30L4.B1"       5402.596888    0.012456915086 1.48323969742e-08    0.530946109578 1.48323969742e-08                 0                 0
    "BPM.29L4.B1"       5456.045404   0.0131058257601 1.48323969742e-08   -0.284567749428 1.48323969742e-08                 0                 0
    "BPM.28L4.B1"        5509.49392   0.0102418696088 1.48323969742e-08     0.12235998711 1.48323969742e-08                 0                 0
    "BPM.27L4.B1"       5562.942436    0.018110960501 1.48323969742e-08   -0.630115638864 1.48323969742e-08                 0                 0
    "BPM.26L4.B1"       5616.390952   0.0128721057024 1.48323969742e-08    -0.46870765375 1.48323969742e-08                 0                 0
    "BPM.25L4.B1"       5669.839468   0.0123114178663 1.48323969742e-08   -0.271394570343 1.48323969742e-08                 0                 0
    "BPM.24L4.B1"       5723.287984   0.0105200266149 1.48323969742e-08   0.0880427500895 1.48323969742e-08                 0                 0
    "BPM.23L4.B1"         5776.7365    0.016608239984 1.48323969742e-08    0.381697069883 1.48323969742e-08                 0                 0
    "BPM.22L4.B1"       5830.185015   0.0155187094317 1.48323969742e-08    0.526501492376 1.48323969742e-08                 0                 0
    "BPM.21L4.B1"       5883.633531   0.0121557219283 1.48323969742e-08   -0.248391281397 1.48323969742e-08                 0                 0
    "BPM.20L4.B1"       5937.082047   0.0131584536543 1.48323969742e-08    0.027633279473 1.48323969742e-08                 0                 0
    "BPM.19L4.B1"       5990.530563   0.0184961040349 1.48323969742e-08   -0.629431472484 1.48323969742e-08                 0                 0
    "BPM.17L4.B1"       6097.427595   0.0100571181878 1.48323969742e-08   -0.248719228974 1.48323969742e-08                 0                 0
    "BPM.16L4.B1"       6150.876111  0.00936815796537 1.48323969742e-08    0.222312799523 1.48323969742e-08                 0                 0
    "BPM.15L4.B1"       6204.324627   0.0201039966718 1.48323969742e-08     0.40362083687 1.48323969742e-08                 0                 0
    "BPM.14L4.B1"       6257.773143   0.0196475424602 1.48323969742e-08    0.564210397619 1.48323969742e-08                 0                 0
    "BPM.13L4.B1"       6311.221659   0.0153371733062 1.48323969742e-08    -0.24247791702 1.48323969742e-08                 0                 0
    "BPM.12L4.B1"       6364.670174   0.0125413310921 1.48323969742e-08    0.044191426122 1.48323969742e-08                 0                 0
    "BPM.11L4.B1"        6418.11869   0.0209920614192 1.48323969742e-08   -0.578655897211 1.48323969742e-08                 0                 0
    "BPM.10L4.B1"       6469.957401   0.0233682049143 1.48323969742e-08   -0.420011490363 1.48323969742e-08                 0                 0
     "BPM.9L4.B1"       6509.022412   0.0167106638038 1.48323969742e-08   -0.242761598194 1.48323969742e-08                 0                 0
     "BPM.7L4.B1"       6588.549433   0.0171585093341 1.48323969742e-08    0.460333015352 1.48323969742e-08                 0                 0
   "BPMYB.6L4.B1"       6685.153433   0.0173719606852 1.48323969742e-08    0.672046085617 1.48323969742e-08                 0                 0
   "BPMYA.5L4.B1"       6722.153433   0.0185486089495 1.48323969742e-08   -0.284210320528 1.48323969742e-08                 0                 0
  "BPMWI.A5L4.B1"       6798.755933   0.0218691401155 1.48323969742e-08    -0.24462267774 1.48323969742e-08                 0                 0
  "BPMWA.B5L4.B1"       6824.619933   0.0184309218682 1.48323969742e-08   -0.213403351104 1.48323969742e-08                 0                 0
  "BPMWA.A5L4.B1"       6833.504933   0.0176789775407 1.48323969742e-08   -0.199704846344 1.48323969742e-08                 0                 0
  "BPMWA.A5R4.B1"       6881.553933   0.0150559107316 1.48323969742e-08   -0.148958339385 1.48323969742e-08                 0                 0
  "BPMWA.B5R4.B1"       6890.438933   0.0171888839284 1.48323969742e-08    -0.13233211881 1.48323969742e-08                 0                 0
   "BPMYB.5R4.B1"       6992.829433   0.0140182440038 1.48323969742e-08    0.135469464777 1.48323969742e-08                 0                 0
   "BPMYA.6R4.B1"       7024.393433   0.0135284394475 1.48323969742e-08   -0.761379299774 1.48323969742e-08                 0                 0
     "BPM.7R4.B1"       7120.909433   0.0237021593798 1.48323969742e-08   -0.462753851314 1.48323969742e-08                 0                 0
     "BPM.8R4.B1"       7158.698443    0.019400797279 1.48323969742e-08   -0.272430720263 1.48323969742e-08                 0                 0
     "BPM.9R4.B1"       7197.763454   0.0105514528278 1.48323969742e-08    0.032901823644 1.48323969742e-08                 0                 0
    "BPM.10R4.B1"       7238.226465   0.0225201221124 1.48323969742e-08    0.428218760702 1.48323969742e-08                 0                 0
    "BPM.11R4.B1"       7290.065175    0.019702705671 1.48323969742e-08    0.593672488832 1.48323969742e-08                 0                 0
    "BPM.12R4.B1"       7344.788691   0.0134094814013 1.48323969742e-08   -0.214327058535 1.48323969742e-08                 0                 0
    "BPM.13R4.B1"       7398.237207   0.0130682443234 1.48323969742e-08    0.059885243402 1.48323969742e-08                 0                 0
    "BPM.14R4.B1"       7451.685723   0.0228727467396 1.48323969742e-08   -0.573685905708 1.48323969742e-08                 0                 0
    "BPM.15R4.B1"       7505.134239   0.0168458571078 1.48323969742e-08    -0.42631935734 1.48323969742e-08                 0                 0
    "BPM.16R4.B1"       7558.582755   0.0122590548553 1.48323969742e-08   -0.213585353121 1.48323969742e-08                 0                 0
    "BPM.17R4.B1"       7612.031271   0.0120537940941 1.48323969742e-08    0.125162530685 1.48323969742e-08                 0                 0
    "BPM.18R4.B1"       7665.479786   0.0204048364165 1.48323969742e-08    0.410138256662 1.48323969742e-08                 0                 0
    "BPM.19R4.B1"       7718.928302    0.016656166733 1.48323969742e-08    0.583777367434 1.48323969742e-08                 0                 0
    "BPM.20R4.B1"       7772.376818   0.0118388590758 1.48323969742e-08   -0.204379905133 1.48323969742e-08                 0                 0
    "BPM.21R4.B1"       7825.825334   0.0127690766239 1.48323969742e-08    0.086007386484 1.48323969742e-08                 0                 0
    "BPM.22R4.B1"        7879.27385   0.0202646546876 1.48323969742e-08    -0.59098640666 1.48323969742e-08                 0                 0
    "BPM.23R4.B1"       7932.722366   0.0144258892084 1.48323969742e-08   -0.423858773326 1.48323969742e-08                 0                 0
    "BPM.24R4.B1"       7986.170882   0.0122151507758 1.48323969742e-08     -0.2254090779 1.48323969742e-08                 0                 0
    "BPM.25R4.B1"       8039.619398   0.0110541582404 1.48323969742e-08    0.151406384853 1.48323969742e-08                 0                 0
    "BPM.26R4.B1"       8093.067914   0.0169258784931 1.48323969742e-08    0.387114280135 1.48323969742e-08                 0                 0
    "BPM.27R4.B1"        8146.51643   0.0129155462766 1.48323969742e-08    0.559517612348 1.48323969742e-08                 0                 0
    "BPM.28R4.B1"       8199.964946   0.0122540538874 1.48323969742e-08     -0.2331253233 1.48323969742e-08                 0                 0
    "BPM.29R4.B1"       8253.413461   0.0111504603557 1.48323969742e-08    0.139168243308 1.48323969742e-08                 0                 0
    "BPM.31R4.B1"       8360.310493   0.0134638105046 1.48323969742e-08   -0.444853310654 1.48323969742e-08                 0                 0
    "BPM.32R4.B1"       8413.759009   0.0117011035173 1.48323969742e-08   -0.244845701702 1.48323969742e-08                 0                 0
    "BPM.33R4.B1"       8467.207525   0.0123674311114 1.48323969742e-08   0.0684979228744 1.48323969742e-08                 0                 0
    "BPM.34R4.B1"       8520.656041   0.0156359711963 1.48323969742e-08    0.376861934013 1.48323969742e-08                 0                 0
    "BPM.33L5.B1"       8574.104557  0.00858413098957 1.48323969742e-08     0.53772551791 1.48323969742e-08                 0                 0
    "BPM.32L5.B1"       8627.553073  0.00936109072558 1.48323969742e-08   -0.270344012011 1.48323969742e-08                 0                 0
    "BPM.31L5.B1"       8681.001589    0.011090432469 1.48323969742e-08    0.083928270588 1.48323969742e-08                 0                 0
    "BPM.30L5.B1"       8734.450105   0.0187521572896 1.48323969742e-08   -0.619899442159 1.48323969742e-08                 0                 0
    "BPM.29L5.B1"        8787.89862  0.00605715050554 1.48323969742e-08   -0.486386653613 1.48323969742e-08                 0                 0
    "BPM.28L5.B1"       8841.347136   0.0110601407918 1.48323969742e-08   -0.268768496449 1.48323969742e-08                 0                 0
    "BPM.27L5.B1"       8894.795652   0.0104499128102 1.48323969742e-08    0.118101242519 1.48323969742e-08                 0                 0
    "BPM.26L5.B1"       8948.244168    0.015671009659 1.48323969742e-08    0.394055342825 1.48323969742e-08                 0                 0
    "BPM.25L5.B1"       9001.692684   0.0120806820261 1.48323969742e-08    0.546584924654 1.48323969742e-08                 0                 0
    "BPM.24L5.B1"         9055.1412   0.0121964354165 1.48323969742e-08   -0.246634190505 1.48323969742e-08                 0                 0
    "BPM.23L5.B1"       9108.589716   0.0149010945397 1.48323969742e-08    0.019279937751 1.48323969742e-08                 0                 0
    "BPM.22L5.B1"       9162.038232   0.0181783078744 1.48323969742e-08   -0.577895843014 1.48323969742e-08                 0                 0
    "BPM.21L5.B1"       9215.486748   0.0199057219226 1.48323969742e-08   -0.425103603196 1.48323969742e-08                 0                 0
    "BPM.20L5.B1"       9268.935264   0.0120550026313 1.48323969742e-08   -0.244541271664 1.48323969742e-08                 0                 0
    "BPM.19L5.B1"       9322.383779   0.0107371390161 1.48323969742e-08    0.167887229579 1.48323969742e-08                 0                 0
    "BPM.17L5.B1"       9429.280811   0.0170729187844 1.48323969742e-08     0.57400925758 1.48323969742e-08                 0                 0
    "BPM.16L5.B1"       9482.729327   0.0124522464394 1.48323969742e-08   -0.230035138473 1.48323969742e-08                 0                 0
    "BPM.15L5.B1"       9536.177843   0.0109669044749 1.48323969742e-08    0.106164379491 1.48323969742e-08                 0                 0
    "BPM.14L5.B1"       9589.626359   0.0200053581358 1.48323969742e-08   -0.581251552098 1.48323969742e-08                 0                 0
    "BPM.13L5.B1"       9643.074875   0.0129787877585 1.48323969742e-08   -0.430602786918 1.48323969742e-08                 0                 0
    "BPM.12L5.B1"       9696.523391   0.0117103129527 1.48323969742e-08   -0.232042741362 1.48323969742e-08                 0                 0
    "BPM.11L5.B1"       9749.971907   0.0127085044076 1.48323969742e-08    0.041079046058 1.48323969742e-08                 0                 0
    "BPM.10L5.B1"       9802.752617   0.0194722544282 1.48323969742e-08    0.406930906801 1.48323969742e-08                 0                 0
     "BPM.9L5.B1"       9841.817628   0.0219356686177 1.48323969742e-08    0.556176877043 1.48323969742e-08                 0                 0
     "BPM.8L5.B1"       9882.280639   0.0122109835505 1.48323969742e-08   -0.142798452242 1.48323969742e-08                 0                 0
    "BPMR.5L5.B1"       9990.140649   0.0182587690606 1.48323969742e-08   -0.573093284085 1.48323969742e-08                 0                 0
   "BPMYA.4L5.B1"       10017.54665   0.0194436191173 1.48323969742e-08   -0.560120469668 1.48323969742e-08                 0                 0
   "BPMWB.4L5.B1"       10038.68115   0.0192330912919 1.48323969742e-08   -0.555157383136 1.48323969742e-08                 0                 0
   "BPMSY.4L5.B1"       10131.46115   0.0197312945093 1.48323969742e-08    -0.52353200555 1.48323969742e-08                 0                 0
    "BPMS.2L5.B1"       10158.24665    0.019771362706 1.48323969742e-08   -0.536570422956 1.48323969742e-08                 0                 0
   "BPMSW.1L5.B1"       10168.21165   0.0191648059274 1.48323969742e-08   -0.544197698773 1.48323969742e-08                 0                 0
   "BPMSW.1R5.B1"       10211.33965   0.0204717606735 1.48323969742e-08    0.451791334071 1.48323969742e-08                 0                 0
   "BPMWB.4R5.B1"       10340.87015   0.0197281326521 1.48323969742e-08    0.466286157542 1.48323969742e-08                 0                 0
   "BPMYA.4R5.B1"       10362.00265   0.0212631000575 1.48323969742e-08    0.478085028392 1.48323969742e-08                 0                 0
     "BPM.5R5.B1"       10383.12065   0.0203095735692 1.48323969742e-08    0.473606036315 1.48323969742e-08                 0                 0
    "BPMR.6R5.B1"       10415.02065   0.0155475382693 1.48323969742e-08   -0.504408799187 1.48323969742e-08                 0                 0
   "BPM_A.7R5.B1"       10449.03465   0.0186868419492 1.48323969742e-08   -0.587964353009 1.48323969742e-08                 0                 0
     "BPM.8R5.B1"       10490.47364   0.0146957975263 1.48323969742e-08   -0.528243112919 1.48323969742e-08                 0                 0
     "BPM.9R5.B1"       10529.54063  0.00573954483467 1.48323969742e-08   -0.365366996908 1.48323969742e-08                 0                 0
    "BPM.10R5.B1"       10570.00562   0.0161071003429 1.48323969742e-08    0.361956498485 1.48323969742e-08                 0                 0
    "BPM.11R5.B1"       10622.78831   0.0231889236327 1.48323969742e-08    0.430305493762 1.48323969742e-08                 0                 0
    "BPM.12R5.B1"       10677.51479   0.0146570333968 1.48323969742e-08    0.552117644835 1.48323969742e-08                 0                 0
    "BPM.13R5.B1"       10730.96627   0.0106869840761 1.48323969742e-08   -0.420249346459 1.48323969742e-08                 0                 0
    "BPM.14R5.B1"       10784.41776   0.0155649255477 1.48323969742e-08   -0.641636526651 1.48323969742e-08                 0                 0
    "BPM.15R5.B1"       10837.86924   0.0165347066989 1.48323969742e-08   -0.591404139698 1.48323969742e-08                 0                 0
    "BPM.16R5.B1"       10891.32073   0.0165868595474 1.48323969742e-08   -0.469710166443 1.48323969742e-08                 0                 0
    "BPM.17R5.B1"       10944.77221   0.0112468207953 1.48323969742e-08    0.507841368247 1.48323969742e-08                 0                 0
    "BPM.18R5.B1"        10998.2237   0.0162234513598 1.48323969742e-08    0.363354817461 1.48323969742e-08                 0                 0
    "BPM.19R5.B1"       11051.67518   0.0179315824731 1.48323969742e-08    0.413328342414 1.48323969742e-08                 0                 0
    "BPM.20R5.B1"       11105.12666   0.0167828624987 1.48323969742e-08    0.493813882361 1.48323969742e-08                 0                 0
    "BPM.21R5.B1"       11158.57815   0.0132759616814 1.48323969742e-08    -0.51716235608 1.48323969742e-08                 0                 0
    "BPM.22R5.B1"       11212.02963   0.0147906624572 1.48323969742e-08   -0.655217669953 1.48323969742e-08                 0                 0
    "BPM.23R5.B1"       11265.48112    0.015469064417 1.48323969742e-08   -0.603201288611 1.48323969742e-08                 0                 0
    "BPM.24R5.B1"        11318.9326   0.0168306272977 1.48323969742e-08    -0.53927870331 1.48323969742e-08                 0                 0
    "BPM.25R5.B1"       11372.38408   0.0131252581106 1.48323969742e-08    0.496985803819 1.48323969742e-08                 0                 0
    "BPM.26R5.B1"       11425.83557    0.014803704755 1.48323969742e-08    0.338217913443 1.48323969742e-08                 0                 0
    "BPM.27R5.B1"       11479.28705   0.0161570511433 1.48323969742e-08    0.387576033855 1.48323969742e-08                 0                 0
    "BPM.28R5.B1"       11532.73854   0.0145634089313 1.48323969742e-08    0.463258668461 1.48323969742e-08                 0                 0
    "BPM.29R5.B1"       11586.19002   0.0115293773416 1.48323969742e-08   -0.477516345636 1.48323969742e-08                 0                 0
    "BPM.30R5.B1"        11639.6415   0.0138661586855 1.48323969742e-08    -0.66878753686 1.48323969742e-08                 0                 0
    "BPM.31R5.B1"       11693.09299   0.0148619105488 1.48323969742e-08   -0.621018578156 1.48323969742e-08                 0                 0
    "BPM.32R5.B1"       11746.54447   0.0157711512327 1.48323969742e-08    -0.51700905031 1.48323969742e-08                 0                 0
    "BPM.33R5.B1"       11799.99596   0.0128349329042 1.48323969742e-08    0.501021088742 1.48323969742e-08                 0                 0
    "BPM.34R5.B1"       11853.44744   0.0127745193753 1.48323969742e-08    0.322908014253 1.48323969742e-08                 0                 0
    "BPM.33L6.B1"       11906.89893   0.0149011561937 1.48323969742e-08    0.376305043187 1.48323969742e-08                 0                 0
    "BPM.32L6.B1"       11960.35041   0.0146506694154 1.48323969742e-08    0.461726229795 1.48323969742e-08                 0                 0
    "BPM.29L6.B1"       12120.70486     0.01500089221 1.48323969742e-08   -0.617909523958 1.48323969742e-08                 0                 0
    "BPM.28L6.B1"       12174.15635   0.0151935403989 1.48323969742e-08   -0.561606249564 1.48323969742e-08                 0                 0
    "BPM.27L6.B1"       12227.60783   0.0116594782889 1.48323969742e-08    0.507483697309 1.48323969742e-08                 0                 0
    "BPM.26L6.B1"       12281.05931   0.0132814542271 1.48323969742e-08    0.318546985145 1.48323969742e-08                 0                 0
    "BPM.25L6.B1"        12334.5108   0.0170498781795 1.48323969742e-08    0.391048086028 1.48323969742e-08                 0                 0
    "BPM.24L6.B1"       12387.96228    0.017317139332 1.48323969742e-08    0.465361141583 1.48323969742e-08                 0                 0
    "BPM.22L6.B1"       12494.86525   0.0167239426408 1.48323969742e-08    -0.63775129867 1.48323969742e-08                 0                 0
    "BPM.21L6.B1"       12548.31673   0.0163734950496 1.48323969742e-08   -0.604599879195 1.48323969742e-08                 0                 0
    "BPM.20L6.B1"       12601.76822   0.0188919168636 1.48323969742e-08   -0.535283613801 1.48323969742e-08                 0                 0
    "BPM.19L6.B1"        12655.2197   0.0146392353015 1.48323969742e-08    0.467415627118 1.48323969742e-08                 0                 0
    "BPM.18L6.B1"       12708.67119   0.0153787622792 1.48323969742e-08    0.352619158187 1.48323969742e-08                 0                 0
    "BPM.17L6.B1"       12762.12267   0.0151232891692 1.48323969742e-08     0.40678573494 1.48323969742e-08                 0                 0
    "BPM.16L6.B1"       12815.57415   0.0182798293005 1.48323969742e-08    0.448028062875 1.48323969742e-08                 0                 0
    "BPM.15L6.B1"       12869.02564   0.0130120675389 1.48323969742e-08   -0.528543244125 1.48323969742e-08                 0                 0
    "BPM.14L6.B1"       12922.47712   0.0165371782903 1.48323969742e-08   -0.640508197933 1.48323969742e-08                 0                 0
    "BPM.13L6.B1"       12975.92861   0.0176567494991 1.48323969742e-08   -0.611009600299 1.48323969742e-08                 0                 0
    "BPM.12L6.B1"       13029.38009   0.0180526934508 1.48323969742e-08     -0.5425258941 1.48323969742e-08                 0                 0
    "BPM.11L6.B1"       13082.83158   0.0151893286325 1.48323969742e-08    0.461482315888 1.48323969742e-08                 0                 0
    "BPM.10L6.B1"       13134.67226   0.0138191773541 1.48323969742e-08    0.319784775488 1.48323969742e-08                 0                 0
     "BPM.9L6.B1"       13173.73925   0.0166995325565 1.48323969742e-08     0.36629047194 1.48323969742e-08                 0                 0
     "BPM.8L6.B1"       13214.20424   0.0204920878722 1.48323969742e-08    0.442529231863 1.48323969742e-08                 0                 0
   "BPMYA.5L6.B1"       13311.29423   0.0161459689367 1.48323969742e-08   -0.641505086126 1.48323969742e-08                 0                 0
   "BPMYB.4L6.B1"       13347.69423   0.0162437383533 1.48323969742e-08   -0.646015957194 1.48323969742e-08                 0                 0
   "BPMSA.4R6.B1"       13568.51473   0.0186356076856 1.48323969742e-08    0.365756822588 1.48323969742e-08                 0                 0
   "BPMYA.4R6.B1"       13691.29423   0.0204705244718 1.48323969742e-08    0.405747024617 1.48323969742e-08                 0                 0
   "BPMYB.5R6.B1"       13727.69423   0.0207183305424 1.48323969742e-08    0.399165121747 1.48323969742e-08                 0                 0
    "BPM.11R6.B1"       13954.79389   0.0177643164668 1.48323969742e-08   -0.647289665661 1.48323969742e-08                 0                 0
    "BPM.12R6.B1"       14009.52037    0.019173903308 1.48323969742e-08    -0.65803519189 1.48323969742e-08                 0                 0
    "BPM.13R6.B1"       14062.97186   0.0163785139397 1.48323969742e-08    0.423598728883 1.48323969742e-08                 0                 0
    "BPM.14R6.B1"       14116.42334   0.0165294917384 1.48323969742e-08    0.398937288204 1.48323969742e-08                 0                 0
    "BPM.17R6.B1"       14276.77779   0.0180151176703 1.48323969742e-08    0.388608565057 1.48323969742e-08                 0                 0
    "BPM.20R6.B1"       14437.13225   0.0165074784951 1.48323969742e-08   -0.659492691357 1.48323969742e-08                 0                 0
    "BPM.21R6.B1"       14490.58373     0.01942801133 1.48323969742e-08     0.39439562487 1.48323969742e-08                 0                 0
    "BPM.22R6.B1"       14544.03522   0.0190338445965 1.48323969742e-08    0.397263714531 1.48323969742e-08                 0                 0
    "BPM.23R6.B1"        14597.4867   0.0198501673842 1.48323969742e-08    0.362353226407 1.48323969742e-08                 0                 0
    "BPM.24R6.B1"       14650.93818   0.0198757610047 1.48323969742e-08    0.370093057113 1.48323969742e-08                 0                 0
    "BPM.25R6.B1"       14704.38967   0.0161005074977 1.48323969742e-08    0.454840957638 1.48323969742e-08                 0                 0
    "BPM.26R6.B1"       14757.84115   0.0178766850164 1.48323969742e-08   -0.598613553997 1.48323969742e-08                 0                 0
    "BPM.27R6.B1"       14811.29264   0.0199464107858 1.48323969742e-08   -0.647909513356 1.48323969742e-08                 0                 0
    "BPM.29R6.B1"        14918.1956   0.0134759967803 1.48323969742e-08   -0.507298497397 1.48323969742e-08                 0                 0
    "BPM.30R6.B1"       14971.64709   0.0117634544149 1.48323969742e-08    0.427589395792 1.48323969742e-08                 0                 0
    "BPM.31R6.B1"       15025.09857   0.0190840270244 1.48323969742e-08    0.344911224121 1.48323969742e-08                 0                 0
    "BPM.33R6.B1"       15132.00154   0.0147260671888 1.48323969742e-08    0.498140568246 1.48323969742e-08                 0                 0
    "BPM.34R6.B1"       15185.45302   0.0141469626953 1.48323969742e-08   -0.595617249316 1.48323969742e-08                 0                 0
    "BPM.33L7.B1"       15238.90451   0.0212318728842 1.48323969742e-08   -0.623856655346 1.48323969742e-08                 0                 0
    "BPM.32L7.B1"       15292.35599   0.0199091636718 1.48323969742e-08   -0.586622655618 1.48323969742e-08                 0                 0
    "BPM.31L7.B1"       15345.80748   0.0157421280014 1.48323969742e-08   -0.513431291198 1.48323969742e-08                 0                 0
    "BPM.30L7.B1"       15399.25896   0.0163757369378 1.48323969742e-08    0.394238956783 1.48323969742e-08                 0                 0
    "BPM.29L7.B1"       15452.71045   0.0222148938632 1.48323969742e-08    0.368244778829 1.48323969742e-08                 0                 0
    "BPM.28L7.B1"       15506.16193   0.0236521430609 1.48323969742e-08    0.418176991729 1.48323969742e-08                 0                 0
    "BPM.27L7.B1"       15559.61341   0.0157381277333 1.48323969742e-08    0.475582191741 1.48323969742e-08                 0                 0
    "BPM.26L7.B1"        15613.0649   0.0142315589528 1.48323969742e-08   -0.611828150769 1.48323969742e-08                 0                 0
    "BPM.25L7.B1"       15666.51638   0.0192624038894 1.48323969742e-08   -0.646108431217 1.48323969742e-08                 0                 0
    "BPM.24L7.B1"       15719.96787   0.0178353220546 1.48323969742e-08    -0.59956482739 1.48323969742e-08                 0                 0
    "BPM.23L7.B1"       15773.41935   0.0165482589616 1.48323969742e-08    0.457247191654 1.48323969742e-08                 0                 0
    "BPM.22L7.B1"       15826.87083   0.0135283937785 1.48323969742e-08    0.376585763569 1.48323969742e-08                 0                 0
    "BPM.21L7.B1"       15880.32232   0.0163470520845 1.48323969742e-08    0.339330412396 1.48323969742e-08                 0                 0
    "BPM.16L7.B1"       16147.57974   0.0169011361224 1.48323969742e-08   -0.624324637221 1.48323969742e-08                 0                 0
    "BPM.15L7.B1"       16201.03122    0.017793255047 1.48323969742e-08    0.428835679107 1.48323969742e-08                 0                 0
    "BPM.14L7.B1"       16254.48271   0.0149952084278 1.48323969742e-08     0.36210451089 1.48323969742e-08                 0                 0
    "BPM.13L7.B1"       16307.93419   0.0166067042556 1.48323969742e-08    0.337252160418 1.48323969742e-08                 0                 0
    "BPM.12L7.B1"       16361.38567   0.0164874636506 1.48323969742e-08    0.390148346299 1.48323969742e-08                 0                 0
    "BPM.11L7.B1"       16414.83716    0.016712063576 1.48323969742e-08   -0.518312091809 1.48323969742e-08                 0                 0
    "BPM.10L7.B1"       16467.61985    0.015772720961 1.48323969742e-08    -0.64592852254 1.48323969742e-08                 0                 0
     "BPM.9L7.B1"       16506.68684   0.0182739117787 1.48323969742e-08   -0.631298874359 1.48323969742e-08                 0                 0
     "BPM.7L7.B1"       16586.21782   0.0139229470827 1.48323969742e-08    0.418516829542 1.48323969742e-08                 0                 0
     "BPM.6L7.B1"       16621.03582   0.0143820296825 1.48323969742e-08     0.41040841449 1.48323969742e-08                 0                 0
   "BPMWC.6L7.B1"       16633.13832   0.0125113437682 1.48323969742e-08    0.413959449957 1.48323969742e-08                 0                 0
   "BPMWE.5L7.B1"       16710.19232   0.0205906903278 1.48323969742e-08    0.366874028577 1.48323969742e-08                 0                 0
    "BPMW.5L7.B1"       16733.39732   0.0229457151481 1.48323969742e-08     0.31397621632 1.48323969742e-08                 0                 0
   "BPMWE.4L7.B1"       16768.48232   0.0198052172241 1.48323969742e-08    0.381975297696 1.48323969742e-08                 0                 0
    "BPMW.4R7.B1"       16912.63432   0.0127876289701 1.48323969742e-08   -0.607843310611 1.48323969742e-08                 0                 0
    "BPMW.5R7.B1"       16975.82432   0.0137911789333 1.48323969742e-08   -0.671013539098 1.48323969742e-08                 0                 0
   "BPMWE.5R7.B1"       16999.02932   0.0145878390111 1.48323969742e-08   -0.653737511941 1.48323969742e-08                 0                 0
    "BPMR.6R7.B1"       17078.24482   0.0209935520083 1.48323969742e-08   -0.627038653899 1.48323969742e-08                 0                 0
   "BPM_A.7R7.B1"       17116.28082   0.0199620654778 1.48323969742e-08   -0.606390876473 1.48323969742e-08                 0                 0
     "BPM.9R7.B1"        17194.4138    0.014919862503 1.48323969742e-08    0.315364855472 1.48323969742e-08                 0                 0
    "BPM.10R7.B1"       17234.87878   0.0168683632769 1.48323969742e-08    0.343944019823 1.48323969742e-08                 0                 0
    "BPM.11R7.B1"       17287.66147   0.0201311552712 1.48323969742e-08    0.425725575864 1.48323969742e-08                 0                 0
    "BPM.12R7.B1"       17342.38796   0.0147653028163 1.48323969742e-08   -0.526587622888 1.48323969742e-08                 0                 0
    "BPM.13R7.B1"       17395.83944   0.0155517167427 1.48323969742e-08   -0.674359654587 1.48323969742e-08                 0                 0
    "BPM.14R7.B1"       17449.29093   0.0170604085934 1.48323969742e-08   -0.649068463701 1.48323969742e-08                 0                 0
    "BPM.15R7.B1"       17502.74241   0.0178674198125 1.48323969742e-08    0.431944617405 1.48323969742e-08                 0                 0
    "BPM.16R7.B1"       17556.19389   0.0136848025964 1.48323969742e-08      0.4387312006 1.48323969742e-08                 0                 0
    "BPM.17R7.B1"       17609.64538   0.0151322987339 1.48323969742e-08    0.320520060439 1.48323969742e-08                 0                 0
    "BPM.18R7.B1"       17663.09686    0.017464603506 1.48323969742e-08    0.370291962733 1.48323969742e-08                 0                 0
    "BPM.19R7.B1"       17716.54835   0.0187989368702 1.48323969742e-08    0.460647476811 1.48323969742e-08                 0                 0
    "BPM.24R7.B1"       17983.80577   0.0130508922687 1.48323969742e-08    0.423002869095 1.48323969742e-08                 0                 0
    "BPM.25R7.B1"       18037.25725   0.0137249462329 1.48323969742e-08    0.284246155786 1.48323969742e-08                 0                 0
    "BPM.26R7.B1"       18090.70874   0.0142588543942 1.48323969742e-08    0.372962067862 1.48323969742e-08                 0                 0
    "BPM.28R7.B1"        18197.6117   0.0125274374012 1.48323969742e-08   -0.544045141885 1.48323969742e-08                 0                 0
    "BPM.29R7.B1"       18251.06319   0.0146144760981 1.48323969742e-08   -0.744673464062 1.48323969742e-08                 0                 0
    "BPM.30R7.B1"       18304.51467   0.0136415871918 1.48323969742e-08    -0.64694154693 1.48323969742e-08                 0                 0
    "BPM.31R7.B1"       18357.96616   0.0138320982868 1.48323969742e-08    0.472563647654 1.48323969742e-08                 0                 0
    "BPM.32R7.B1"       18411.41764   0.0141305180857 1.48323969742e-08    0.413618991285 1.48323969742e-08                 0                 0
    "BPM.33R7.B1"       18464.86912   0.0158687680753 1.48323969742e-08    0.280553975213 1.48323969742e-08                 0                 0
    "BPM.34R7.B1"       18518.32061   0.0133469717303 1.48323969742e-08     0.35631330434 1.48323969742e-08                 0                 0
    "BPM.33L8.B1"       18571.77209    0.015855180392 1.48323969742e-08    0.490727958119 1.48323969742e-08                 0                 0
    "BPM.32L8.B1"       18625.22358  0.00802072231009 1.48323969742e-08   -0.506477747173 1.48323969742e-08                 0                 0
    "BPM.31L8.B1"       18678.67506   0.0140759107087 1.48323969742e-08   -0.722370079075 1.48323969742e-08                 0                 0
    "BPM.30L8.B1"       18732.12654   0.0143565932086 1.48323969742e-08   -0.636792797695 1.48323969742e-08                 0                 0
    "BPM.29L8.B1"       18785.57803    0.015262112922 1.48323969742e-08   -0.496878685985 1.48323969742e-08                 0                 0
    "BPM.28L8.B1"       18839.02951  0.00697814755599 1.48323969742e-08    0.446230078435 1.48323969742e-08                 0                 0
    "BPM.25L8.B1"       18999.38397   0.0200096703799 1.48323969742e-08    0.444963848168 1.48323969742e-08                 0                 0
    "BPM.22L8.B1"       19159.73842    0.022613141048 1.48323969742e-08    0.341154005798 1.48323969742e-08                 0                 0
    "BPM.21L8.B1"        19213.1899   0.0244439950547 1.48323969742e-08    0.397786290911 1.48323969742e-08                 0                 0
    "BPM.20L8.B1"       19266.64139   0.0200432352804 1.48323969742e-08    0.387282550645 1.48323969742e-08                 0                 0
    "BPM.19L8.B1"       19320.09287   0.0141659172001 1.48323969742e-08    0.300612699138 1.48323969742e-08                 0                 0
    "BPM.14L8.B1"       19587.35029   0.0239300409901 1.48323969742e-08    0.334612986805 1.48323969742e-08                 0                 0
    "BPM.13L8.B1"       19640.80177   0.0230747126915 1.48323969742e-08    0.397882716879 1.48323969742e-08                 0                 0
    "BPM.12L8.B1"       19694.25326   0.0154821412911 1.48323969742e-08    0.374544256503 1.48323969742e-08                 0                 0
    "BPM.11L8.B1"       19747.70474   0.0138837202799 1.48323969742e-08    0.335938031013 1.48323969742e-08                 0                 0
    "BPM.10L8.B1"       19799.54543     0.02269275438 1.48323969742e-08    0.357890359169 1.48323969742e-08                 0                 0
     "BPM.9L8.B1"       19838.61242   0.0206637477251 1.48323969742e-08    0.410837631931 1.48323969742e-08                 0                 0
     "BPM.8L8.B1"       19879.07741   0.0122571439917 1.48323969742e-08   -0.665806280422 1.48323969742e-08                 0                 0
     "BPM.7L8.B1"        19918.1454    0.018424955839 1.48323969742e-08   -0.641635006375 1.48323969742e-08                 0                 0
    "BPMR.6L8.B1"        19950.6144   0.0222030224351 1.48323969742e-08    0.395693444589 1.48323969742e-08                 0                 0
   "BPMYB.4L8.B1"        20031.8004   0.0164045591328 1.48323969742e-08    0.319036213315 1.48323969742e-08                 0                 0
   "BPMWB.4L8.B1"        20056.1919   0.0191728255884 1.48323969742e-08    0.352435742355 1.48323969742e-08                 0                 0
    "BPMS.2L8.B1"        20144.3364   0.0168767809228 1.48323969742e-08    0.312854706613 1.48323969742e-08                 0                 0
   "BPMSW.1L8.B1"        20154.2704   0.0248458666642 1.48323969742e-08    0.338993021907 1.48323969742e-08                 0                 0
   "BPMSW.1R8.B1"        20197.4604   0.0212481986546 1.48323969742e-08    -0.66471815223 1.48323969742e-08                 0                 0
    "BPMS.2R8.B1"        20207.3944   0.0230708517104 1.48323969742e-08   -0.610958418092 1.48323969742e-08                 0                 0
   "BPMWB.4R8.B1"        20295.4629   0.0177634576847 1.48323969742e-08   -0.624295559975 1.48323969742e-08                 0                 0
   "BPMYB.4R8.B1"        20319.9304    0.017222882389 1.48323969742e-08    -0.64753402436 1.48323969742e-08                 0                 0
   "BPMYB.5R8.B1"        20340.5074   0.0168186374618 1.48323969742e-08   -0.629504779936 1.48323969742e-08                 0                 0
     "BPM.6R8.B1"        20424.6154   0.0113537873877 1.48323969742e-08    0.331639497683 1.48323969742e-08                 0                 0
   "BPM_A.7R8.B1"        20446.8554   0.0208701915203 1.48323969742e-08    0.371564138486 1.48323969742e-08                 0                 0
    "BPM.10R8.B1"       20567.82043   0.0159431830547 1.48323969742e-08   -0.641323262617 1.48323969742e-08                 0                 0
    "BPM.11R8.B1"       20619.65914   0.0191464377129 1.48323969742e-08   -0.665891359336 1.48323969742e-08                 0                 0
    "BPM.12R8.B1"       20674.38266   0.0174161430401 1.48323969742e-08   -0.587306411518 1.48323969742e-08                 0                 0
    "BPM.13R8.B1"       20727.83117   0.0145071361559 1.48323969742e-08    0.443463961857 1.48323969742e-08                 0                 0
    "BPM.14R8.B1"       20781.27969    0.017181627797 1.48323969742e-08    0.368889104449 1.48323969742e-08                 0                 0
    "BPM.15R8.B1"       20834.72821    0.022139019651 1.48323969742e-08    0.328262583539 1.48323969742e-08                 0                 0
    "BPM.16R8.B1"       20888.17672   0.0200174577022 1.48323969742e-08    0.423316366776 1.48323969742e-08                 0                 0
    "BPM.17R8.B1"       20941.62524   0.0145686882417 1.48323969742e-08   -0.535334018044 1.48323969742e-08                 0                 0
    "BPM.18R8.B1"       20995.07375   0.0133992556038 1.48323969742e-08   -0.643289246639 1.48323969742e-08                 0                 0
    "BPM.23R8.B1"       21262.31633   0.0201844495189 1.48323969742e-08    0.370445258165 1.48323969742e-08                 0                 0
    "BPM.24R8.B1"       21315.76485   0.0182552353486 1.48323969742e-08    0.406669934398 1.48323969742e-08                 0                 0
    "BPM.25R8.B1"       21369.21337   0.0131588944827 1.48323969742e-08   -0.511372217717 1.48323969742e-08                 0                 0
    "BPM.26R8.B1"       21422.66188   0.0133082422259 1.48323969742e-08   -0.668818239447 1.48323969742e-08                 0                 0
    "BPM.29R8.B1"       21583.00743   0.0173318426479 1.48323969742e-08     0.42514421699 1.48323969742e-08                 0                 0
    "BPM.30R8.B1"       21636.45594   0.0162214673892 1.48323969742e-08    0.346452216473 1.48323969742e-08                 0                 0
    "BPM.31R8.B1"       21689.90446   0.0171274510464 1.48323969742e-08    0.317509868628 1.48323969742e-08                 0                 0
    "BPM.32R8.B1"       21743.35298   0.0181436267474 1.48323969742e-08    0.362046542559 1.48323969742e-08                 0                 0
    "BPM.33R8.B1"       21796.80149   0.0191060578029 1.48323969742e-08   -0.587880935863 1.48323969742e-08                 0                 0
    "BPM.34R8.B1"       21850.25001   0.0143714071085 1.48323969742e-08   -0.678334061893 1.48323969742e-08                 0                 0
    "BPM.33L1.B1"       21903.69852   0.0179575209296 1.48323969742e-08   -0.679536380162 1.48323969742e-08                 0                 0
    "BPM.32L1.B1"       21957.14704   0.0182702117988 1.48323969742e-08    0.351920362214 1.48323969742e-08                 0                 0
    "BPM.31L1.B1"       22010.59556   0.0184471971573 1.48323969742e-08    0.419451716216 1.48323969742e-08                 0                 0
    "BPM.28L1.B1"        22170.9411   0.0177283945552 1.48323969742e-08     0.38012355622 1.48323969742e-08                 0                 0
    "BPM.27L1.B1"       22224.38962   0.0172387527892 1.48323969742e-08   -0.567254516669 1.48323969742e-08                 0                 0
    "BPM.26L1.B1"       22277.83814   0.0151801626487 1.48323969742e-08   -0.644580324392 1.48323969742e-08                 0                 0
    "BPM.25L1.B1"       22331.28665   0.0191304408599 1.48323969742e-08   -0.675165128895 1.48323969742e-08                 0                 0
    "BPM.24L1.B1"       22384.73517   0.0191373448098 1.48323969742e-08   -0.608898845235 1.48323969742e-08                 0                 0
    "BPM.22L1.B1"        22491.6322   0.0119599218961 1.48323969742e-08    0.353608025393 1.48323969742e-08                 0                 0
    "BPM.21L1.B1"       22545.08071   0.0182446050224 1.48323969742e-08    0.308215629625 1.48323969742e-08                 0                 0
    "BPM.20L1.B1"       22598.52923   0.0188619135008 1.48323969742e-08    0.403167581731 1.48323969742e-08                 0                 0
    "BPM.19L1.B1"       22651.97775   0.0130882398736 1.48323969742e-08    0.471161838731 1.48323969742e-08                 0                 0
    "BPM.18L1.B1"       22705.42626   0.0121498211878 1.48323969742e-08   -0.663349070985 1.48323969742e-08                 0                 0
    "BPM.17L1.B1"       22758.87478   0.0187767747365 1.48323969742e-08   -0.689837305248 1.48323969742e-08                 0                 0
    "BPM.16L1.B1"       22812.32329   0.0221762180898 1.48323969742e-08   -0.599533402932 1.48323969742e-08                 0                 0
    "BPM.15L1.B1"       22865.77181   0.0150065622259 1.48323969742e-08    0.431504695248 1.48323969742e-08                 0                 0
    "BPM.14L1.B1"       22919.22033   0.0115310966611 1.48323969742e-08    0.342633025846 1.48323969742e-08                 0                 0
    "BPM.13L1.B1"       22972.66884   0.0189185682055 1.48323969742e-08    0.315385120259 1.48323969742e-08                 0                 0
    "BPM.12L1.B1"       23026.11736   0.0185614665723 1.48323969742e-08     0.39219311293 1.48323969742e-08                 0                 0
    "BPM.11L1.B1"       23079.56587   0.0127961909558 1.48323969742e-08     0.46043672895 1.48323969742e-08                 0                 0
     "BPM.9L1.B1"        23171.4116   0.0166033733759 1.48323969742e-08    -0.69504796406 1.48323969742e-08                 0                 0
    "BPMR.7L1.B1"       23250.94062   0.0170628257174 1.48323969742e-08    0.431594203391 1.48323969742e-08                 0                 0
   "BPMYA.4L1.B1"       23347.14262   0.0102707320173 1.48323969742e-08    0.327619661775 1.48323969742e-08                 0                 0
   "BPMWB.4L1.B1"       23368.27512  0.00909429133645 1.48323969742e-08    0.311046381965 1.48323969742e-08                 0                 0
   "BPMSY.4L1.B1"       23461.05512   0.0120685513434 1.48323969742e-08    0.341641495976 1.48323969742e-08                 0                 0
    "BPMS.2L1.B1"       23487.84062  0.00980475284643 1.48323969742e-08    0.319359245601 1.48323969742e-08                 0                 0
   "BPMSW.1L1.B1"       23497.79062   0.0105641542332 1.48323969742e-08    0.306715490688 1.48323969742e-08                 0                 0
   "BPMSW.1R1.B1"       23540.93362   0.0112774957608 1.48323969742e-08   -0.673912432453 1.48323969742e-08                 0                 0
    "BPMS.2R1.B1"       23550.89862   0.0102675539569 1.48323969742e-08    -0.68735057375 1.48323969742e-08                 0                 0
   "BPMSY.4R1.B1"       23577.68412   0.0102795147088 1.48323969742e-08   -0.683737616897 1.48323969742e-08                 0                 0
   "BPMWB.4R1.B1"       23670.46412   0.0101218540405 1.48323969742e-08   -0.689843452461 1.48323969742e-08                 0                 0
   "BPMYA.4R1.B1"       23691.59662   0.0108518182138 1.48323969742e-08   -0.688185318354 1.48323969742e-08                 0                 0
     "BPM.5R1.B1"       23719.00462    0.012343385764 1.48323969742e-08   -0.688068376902 1.48323969742e-08                 0                 0
    "BPMR.6R1.B1"       23750.90462    0.014802163298 1.48323969742e-08   -0.490094259208 1.48323969742e-08                 0                 0
   "BPMSX.7R1.B1"       23757.12012   0.0105025393796 1.48323969742e-08    0.527782941438 1.48323969742e-08                 0                 0
     "BPM.8R1.B1"       23820.06761   0.0125615733266 1.48323969742e-08    0.279953760444 1.48323969742e-08                 0                 0
     "BPM.9R1.B1"        23859.1346   0.0164905519635 1.48323969742e-08    0.462574373974 1.48323969742e-08                 0                 0
    "BPM.10R1.B1"       23899.59958   0.0132818490942 1.48323969742e-08   -0.505678106511 1.48323969742e-08                 0                 0
    "BPM.11R1.B1"       23952.38227  0.00560184283681 1.48323969742e-08   -0.667749587762 1.48323969742e-08                 0                 0
    "BPM.12R1.B1"       24007.10876   0.0144315671903 1.48323969742e-08   -0.693227709854 1.48323969742e-08                 0                 0
    "BPM.13R1.B1"       24060.56024   0.0193397334724 1.48323969742e-08   -0.573415702745 1.48323969742e-08                 0                 0
    "BPM.14R1.B1"       24114.01173   0.0125130096725 1.48323969742e-08   -0.455476984746 1.48323969742e-08                 0                 0
    "BPM.15R1.B1"       24167.46321  0.00515602005084 1.48323969742e-08    0.311888686306 1.48323969742e-08                 0                 0
    "BPM.16R1.B1"       24220.91469   0.0147871182874 1.48323969742e-08    0.321858014884 1.48323969742e-08                 0                 0
    "BPM.17R1.B1"       24274.36618   0.0172999166117 1.48323969742e-08     0.43931274876 1.48323969742e-08                 0                 0
    "BPM.18R1.B1"       24327.81766   0.0114924073512 1.48323969742e-08   -0.455784802825 1.48323969742e-08                 0                 0
    "BPM.19R1.B1"       24381.26915  0.00629734109808 1.48323969742e-08   -0.705823276411 1.48323969742e-08                 0                 0
    "BPM.20R1.B1"       24434.72063   0.0146833710983 1.48323969742e-08   -0.702318856057 1.48323969742e-08                 0                 0
    "BPM.21R1.B1"       24488.17211   0.0172821860108 1.48323969742e-08    -0.57029161203 1.48323969742e-08                 0                 0
    "BPM.23R1.B1"       24595.07508  0.00552864420606 1.48323969742e-08    0.150584476943 1.48323969742e-08                 0                 0
    "BPM.24R1.B1"       24648.52657   0.0142722968531 1.48323969742e-08    0.248267099797 1.48323969742e-08                 0                 0
    "BPM.25R1.B1"       24701.97805   0.0173260336806 1.48323969742e-08    0.428437512676 1.48323969742e-08                 0                 0
    "BPM.26R1.B1"       24755.42954   0.0110195477927 1.48323969742e-08   -0.436927229231 1.48323969742e-08                 0                 0
    "BPM.27R1.B1"       24808.88102  0.00333649757679 1.48323969742e-08    0.111097541036 1.48323969742e-08                 0                 0
    "BPM.28R1.B1"        24862.3325    0.014033657426 1.48323969742e-08   -0.719862628617 1.48323969742e-08                 0                 0
    "BPM.29R1.B1"       24915.78399   0.0174123281472 1.48323969742e-08   -0.570889083571 1.48323969742e-08                 0                 0
    "BPM.30R1.B1"       24969.23547  0.00996905850233 1.48323969742e-08   -0.438823536698 1.48323969742e-08                 0                 0
    "BPM.32L2.B1"       25289.94438   0.0143343918905 1.48323969742e-08    -0.68781316222 1.48323969742e-08                 0                 0
    "BPM.31L2.B1"       25343.39586   0.0181312547855 1.48323969742e-08   -0.569246443518 1.48323969742e-08                 0                 0
    "BPM.30L2.B1"       25396.84734  0.00979977496141 1.48323969742e-08   -0.458771064567 1.48323969742e-08                 0                 0
    "BPM.29L2.B1"       25450.29883  0.00567079629125 1.48323969742e-08      0.0045363663 1.48323969742e-08                 0                 0
    "BPM.28L2.B1"       25503.75031   0.0146186725158 1.48323969742e-08    0.222018339509 1.48323969742e-08                 0                 0
    "BPM.27L2.B1"        25557.2018   0.0178258262662 1.48323969742e-08    0.423706356913 1.48323969742e-08                 0                 0
    "BPM.26L2.B1"       25610.65328    0.010529019842 1.48323969742e-08   -0.431172299811 1.48323969742e-08                 0                 0
    "BPM.25L2.B1"       25664.10477  0.00351727794508 1.48323969742e-08    0.129558912881 1.48323969742e-08                 0                 0
    "BPM.24L2.B1"       25717.55625   0.0138879290117 1.48323969742e-08   -0.701362396346 1.48323969742e-08                 0                 0
    "BPM.23L2.B1"       25771.00773   0.0179527347007 1.48323969742e-08   -0.557679348377 1.48323969742e-08                 0                 0
    "BPM.22L2.B1"       25824.45922   0.0119098941001 1.48323969742e-08   -0.494102826128 1.48323969742e-08                 0                 0
    "BPM.21L2.B1"        25877.9107  0.00782743387877 1.48323969742e-08    0.308140722236 1.48323969742e-08                 0                 0
    "BPM.16L2.B1"       26145.16812   0.0148118855947 1.48323969742e-08   -0.678359926154 1.48323969742e-08                 0                 0
    "BPM.15L2.B1"       26198.61961   0.0172970840634 1.48323969742e-08   -0.564109115395 1.48323969742e-08                 0                 0
    "BPM.14L2.B1"       26252.07109   0.0108337805422 1.48323969742e-08   -0.439425879329 1.48323969742e-08                 0                 0
    "BPM.13L2.B1"       26305.52257  0.00582836313915 1.48323969742e-08    0.249183473555 1.48323969742e-08                 0                 0
    "BPM.12L2.B1"       26358.97406   0.0142862909137 1.48323969742e-08     0.30893439038 1.48323969742e-08                 0                 0
    "BPM.11L2.B1"       26412.42554    0.017485840744 1.48323969742e-08    0.453111118669 1.48323969742e-08                 0                 0
    "BPM.10L2.B1"       26464.26623   0.0101093547406 1.48323969742e-08   -0.436136277917 1.48323969742e-08                 0                 0
     "BPM.9L2.B1"       26503.33322  0.00433073580234 1.48323969742e-08    0.098642405784 1.48323969742e-08                 0                 0
     "BPM.8L2.B1"       26543.79821   0.0129879527151 1.48323969742e-08    -0.67750662592 1.48323969742e-08                 0                 0