@ GetLLMVersion %s "V3.0.0 Dev"
@ Command %s "/afs/cern.ch/work/o/omc/anaconda/bin/python '/afs/cern.ch/work/e/efol/public/Beta-Beat.src/GetLLM/GetLLM.py' '--accel=LHCB1' '--model=/afs/cern.ch/work/e/efol/public/betabeatGui/temp/2017-12-20/models/LHCB1/Multiturn-model_40cm_2041/twiss.dat' '--files=/afs/cern.ch/work/e/efol/public/betabeatGui/temp/2017-12-20/LHCB1/Measurements/Beam1@Turn@2017_09_11@19_02_33_250_dbscanOnCleaned/Beam1@Turn@2017_09_11@19_02_33_250_dbscanOnCleaned.sdds' '--output=/afs/cern.ch/work/e/efol/public/betabeatGui/temp/2017-12-20/LHCB1/Results/40cm_dbscanOnCleanedData' '--tbtana=SUSSIX' '--bpmu=mm' '--lhcphase=1' '--errordefs=/afs/cern.ch/work/e/efol/public/betabeatGui/temp/2017-12-20/models/LHCB1/Multiturn-model_40cm_2041/error_deff.txt'"
@ CWD %s "/home/efol/Workspaces/Accsoft-Eclipse-Pro/lhc-app-beta-beating"
@ Date %s "21. December 2017, 14:57:29"
@ DQMIN %le 0.00207082609699
@ DQMINE %le 0.00121318977949
@ FILES %s ""
*            NAME                 S              DETC             DETCE             GAMMA            GAMMAE               C11               C12               C21               C22
$              %s               %le               %le               %le               %le               %le               %le               %le               %le               %le
     BPMYB.5L2.B1            28.288   0.0132057856267               0.0     1.00666901821               0.0   0.0927136004655  -0.0554603095582   0.0554603095582  -0.0927136004655
     BPMYB.4L2.B1            48.858   0.0140883302027               0.0     1.00711948024               0.0    0.037173009347   -0.097773263551    0.097773263551   -0.037173009347
     BPMWI.4L2.B1           73.3255   0.0272032272294               0.0     1.01388556383               0.0    0.114230395834   0.0402475533973  -0.0402475533973   -0.114230395834
     BPMSX.4L2.B1          123.4825   0.0302891970033               0.0     1.01549755727               0.0    0.189304390269   -0.224527596682    0.224527596682   -0.189304390269
      BPMS.2L2.B1           161.394  -0.0460602954206                -1     0.97773607836                -1   -0.014160320772    0.405256928864   -0.405256928864    0.014160320772
     BPMSW.1L2.B1           171.328   0.0571541316365               0.0     1.02986345856               0.0    0.229936855751   -0.280698968851    0.280698968851   -0.229936855751
     BPMSW.1R2.B1           214.518  0.00493360317458               0.0     1.00247596694               0.0    0.274773550012   0.0960266053565  -0.0960266053565   -0.274773550012
      BPMS.2R2.B1           224.452   0.0273425265927               0.0     1.01395816316               0.0    0.145605656152 -0.000710198885147 0.000710198885147   -0.145605656152
     BPMSX.4R2.B1          262.3635   0.0232897354189               0.0     1.01185230199               0.0    0.187172352759   -0.012149610961    0.012149610961   -0.187172352759
     BPMWB.4R2.B1          312.5965    0.021641142625               0.0     1.01099942694               0.0    0.174100630626 -0.00402442093464  0.00402442093464   -0.174100630626
     BPMYB.4R2.B1           336.988   0.0247087852434               0.0     1.01258815755               0.0    0.192629721168   -0.030413110869    0.030413110869   -0.192629721168
       BPM.6R2.B1           439.818   0.0252001600409               0.0     1.01284333691               0.0    0.120722349978  -0.0771845986978   0.0771845986978   -0.120722349978
     BPM_A.7R2.B1           452.693   0.0221401903598               0.0     1.01125737425               0.0    0.117609340324   -0.044117179317    0.044117179317   -0.117609340324
       BPM.8R2.B1       494.1300106   0.0231820452363               0.0     1.01179652417               0.0    0.150338053901  -0.0609404074527   0.0609404074527   -0.150338053901
       BPM.9R2.B1       533.1950212   0.0224652639493               0.0      1.0114255042               0.0    0.180986066898  -0.0653082474251   0.0653082474251   -0.180986066898
      BPM.10R2.B1       573.6580318   0.0183951097342               0.0     1.00932642439               0.0    0.108174886648  -0.0134595986379   0.0134595986379   -0.108174886648
      BPM.11R2.B1       625.4967424   0.0204468808488               0.0     1.01038293857               0.0    0.120362746144  -0.0229156135118   0.0229156135118   -0.120362746144
      BPM.14R2.B1       787.1172901    0.024482403303               0.0      1.0124706584               0.0    0.131412691453  -0.0711603276696   0.0711603276696   -0.131412691453
      BPM.15R2.B1        840.565806   0.0214332805484               0.0      1.0108920456               0.0    0.131198376049  -0.0188318265558   0.0188318265558   -0.131198376049
      BPM.16R2.B1       894.0143219   0.0218231682598               0.0      1.0110934893               0.0    0.170010445169  -0.0204698438355   0.0204698438355   -0.170010445169
      BPM.17R2.B1       947.4628378    0.024056709953               0.0     1.01224982127               0.0    0.176638264392  -0.0631813756318   0.0631813756318   -0.176638264392
      BPM.18R2.B1       1000.911354   0.0249788107504               0.0     1.01272836255               0.0    0.141793966764    -0.04188460966     0.04188460966   -0.141793966764
      BPM.19R2.B1        1054.35987   0.0226232195891               0.0     1.01150723006               0.0    0.129746756743 -0.00091184489615  0.00091184489615   -0.129746756743
      BPM.20R2.B1       1107.808386   0.0220925785373               0.0     1.01123275617               0.0    0.180957099805  -0.0121489311031   0.0121489311031   -0.180957099805
      BPM.21R2.B1       1161.256901   0.0255579899433               0.0     1.01302928557               0.0    0.195800270272  -0.0648510328977   0.0648510328977   -0.195800270272
      BPM.22R2.B1       1214.705417   0.0189522185655               0.0     1.00961296745               0.0    0.115245389943 -0.00674545935821  0.00674545935821   -0.115245389943
      BPM.23R2.B1       1268.153933    0.016284022154               0.0     1.00824281849               0.0   0.0912141532271    0.094425472918   -0.094425472918  -0.0912141532271
      BPM.27R2.B1       1481.947997   0.0196012637404               0.0     1.00994710497               0.0    0.129445144428   0.0385347560498  -0.0385347560498   -0.129445144428
      BPM.28R2.B1       1535.396513   0.0213721713216               0.0     1.01086048314               0.0    0.174952713073   0.0598426402704  -0.0598426402704   -0.174952713073
      BPM.29R2.B1       1588.845029   0.0216948365037               0.0      1.0110271707               0.0    0.181499560994 -0.00457686813002  0.00457686813002   -0.181499560994
      BPM.30R2.B1       1642.293545   0.0213795519586               0.0     1.01086429503               0.0    0.120940747846   0.0162595178434  -0.0162595178434   -0.120940747846
      BPM.33L3.B1       1909.536124    0.020678063737               0.0     1.01050218917               0.0    0.114393098427    0.069967684437   -0.069967684437   -0.114393098427
      BPM.32L3.B1        1962.98464   0.0194283637271               0.0     1.00985806121               0.0     0.16423713645   0.0764482028268  -0.0764482028268    -0.16423713645
      BPM.31L3.B1       2016.433156   0.0197990819304               0.0     1.01004901052               0.0    0.163899242156   0.0131550903457  -0.0131550903457   -0.163899242156
      BPM.30L3.B1       2069.881672   0.0188693895958               0.0      1.0095703498               0.0   0.0986021521613   0.0476457914934  -0.0476457914934  -0.0986021521613
      BPM.29L3.B1       2123.330188   0.0190136277472               0.0     1.00964456755               0.0     0.11124845592   0.0795892614716  -0.0795892614716    -0.11124845592
      BPM.26L3.B1       2283.675735   0.0202351816174               0.0      1.0102737752               0.0    0.102828527617   0.0579236123563  -0.0579236123563   -0.102828527617
      BPM.25L3.B1       2337.124251   0.0221297866047               0.0     1.01125199475               0.0    0.111994195385   0.0920759986457  -0.0920759986457   -0.111994195385
      BPM.24L3.B1       2390.572767   0.0204944223028               0.0     1.01040745833               0.0    0.148332188592    0.114301830242   -0.114301830242   -0.148332188592
      BPM.23L3.B1       2444.021283   0.0180627606746               0.0      1.0091556003               0.0     0.15226427225   0.0315505985302  -0.0315505985302    -0.15226427225
      BPM.22L3.B1       2497.469799   0.0205277614887               0.0     1.01042465426               0.0   0.0946587410406   0.0764748794801  -0.0764748794801  -0.0946587410406
      BPM.21L3.B1       2550.918315   0.0224169736922               0.0      1.0114005229               0.0     0.11059248408   0.0967560953029  -0.0967560953029    -0.11059248408
      BPM.20L3.B1       2604.366831   0.0184874840933               0.0      1.0093739193               0.0    0.139827165935   0.0964408249666  -0.0964408249666   -0.139827165935
      BPM.19L3.B1       2657.815347    0.023173758243               0.0     1.01179223232               0.0    0.145923575595   0.0839851444866  -0.0839851444866   -0.145923575595
      BPM.18L3.B1       2711.263863   0.0196743604361               0.0     1.00998475696               0.0   0.0820805076401   0.0717316427484  -0.0717316427484  -0.0820805076401
      BPM.17L3.B1       2764.712379   0.0180749689068               0.0     1.00916187368               0.0   0.0870757204504    0.119606411194   -0.119606411194  -0.0870757204504
      BPM.16L3.B1       2818.160894   0.0175145957847               0.0     1.00887403843               0.0    0.116725672421    0.120111664697   -0.120111664697   -0.116725672421
      BPM.13L3.B1       2978.506442   0.0192887749713               0.0     1.00978618998               0.0   0.0789504312394     0.13395767206    -0.13395767206  -0.0789504312394
      BPM.12L3.B1       3031.954958   0.0161188038707               0.0     1.00815816033               0.0    0.120882191268    0.121438955914   -0.121438955914   -0.120882191268
      BPM.11L3.B1       3085.403474   0.0207944065564               0.0     1.01056221803               0.0    0.102859854718    0.101911316281   -0.101911316281   -0.102859854718
      BPM.10L3.B1       3138.184185   0.0167635104305               0.0        1.00848863               0.0   0.0159155241565    0.104431815305   -0.104431815305  -0.0159155241565
       BPM.9L3.B1       3177.249195   0.0189985918448               0.0     1.00963683006               0.0   0.0663392229819    0.122453616832   -0.122453616832  -0.0663392229819
       BPM.8L3.B1       3217.712206   0.0180918497457               0.0     1.00917054833               0.0    0.142865276361   0.0671354995523  -0.0671354995523   -0.142865276361
       BPM.7L3.B1       3256.776216   0.0184526858661               0.0     1.00935602677               0.0    0.158280156637  -0.0760659554895   0.0760659554895   -0.158280156637
       BPM.6L3.B1       3329.415216   0.0187976994704               0.0     1.00953346773               0.0     0.11954096963   -0.104375939109    0.104375939109    -0.11954096963
    BPMWG.A5L3.B1       3371.119716   0.0214813610748               0.0     1.01091688091               0.0   0.0913711042156   -0.132341333755    0.132341333755  -0.0913711042156
      BPMW.5L3.B1       3400.089716   0.0191819776117               0.0     1.00973121269               0.0    0.115485902922 -0.00833512731262  0.00833512731262   -0.115485902922
     BPMWE.4L3.B1       3475.217716   0.0179921274059               0.0     1.00911930668               0.0    0.102809686565  -0.0340936886911   0.0340936886911   -0.102809686565
      BPMW.4L3.B1       3502.762716   0.0189932761987               0.0     1.00963409467               0.0     0.13582399816    0.103300230816   -0.103300230816    -0.13582399816
      BPMW.4R3.B1       3547.727716 -0.00376218658257                -1    0.998124197891                -1   0.0970574299747   0.0270795696753  -0.0270795696753  -0.0970574299747
     BPMWE.4R3.B1       3575.272716    0.023309245443               0.0     1.01186240814               0.0    0.112057960397    0.148705445922   -0.148705445922   -0.112057960397
      BPMW.5R3.B1       3650.400716   0.0232218451742               0.0     1.01181713736               0.0 -0.00889956257669    0.132438255002   -0.132438255002  0.00889956257669
    BPMWJ.A5R3.B1       3679.118716   0.0129672831686               0.0     1.00654738721               0.0   0.0651171733957   0.0744034654832  -0.0744034654832  -0.0651171733957
     BPMWC.6R3.B1       3718.936716   0.0216966421105               0.0      1.0110281037               0.0   0.0584458671615    0.117407558597   -0.117407558597  -0.0584458671615
      BPMR.6R3.B1       3731.015216   0.0173889224153               0.0      1.0088095202               0.0    0.003177588063    0.109059937435   -0.109059937435   -0.003177588063
       BPM.8R3.B1       3825.903227    0.016402464425               0.0     1.00830352166               0.0  -0.0806507636434    0.125768749477   -0.125768749477   0.0806507636434
       BPM.9R3.B1       3864.968238   0.0193431769769               0.0     1.00981419857               0.0   -0.102093276712   0.0621059972749  -0.0621059972749    0.102093276712
      BPM.10R3.B1       3905.431248     0.02295004654               0.0     1.01167639243               0.0   -0.113332163754   0.0281610321641  -0.0281610321641    0.113332163754
      BPM.11R3.B1       3958.211959   0.0183539597699               0.0     1.00930526902               0.0   -0.150393870842    0.030959470097   -0.030959470097    0.150393870842
      BPM.12R3.B1       4012.935475   0.0195240309575               0.0     1.00990732707               0.0   -0.157182333057   0.0721333939219  -0.0721333939219    0.157182333057
      BPM.13R3.B1       4066.383991    0.019142017286               0.0     1.00971064417               0.0   -0.119515857991    0.120881300976   -0.120881300976    0.119515857991
      BPM.14R3.B1       4119.832506    0.020070643992               0.0      1.0101889553               0.0  -0.0931584239238   0.0861983977001  -0.0861983977001   0.0931584239238
      BPM.15R3.B1       4173.281022   0.0206622209873               0.0     1.01049401569               0.0   -0.170149857169  -0.0447409256013   0.0447409256013    0.170149857169
      BPM.19R3.B1       4387.075086    0.019735592657               0.0     1.01001630082               0.0   -0.136222645529   0.0157849447016  -0.0157849447016    0.136222645529
      BPM.20R3.B1       4440.523602   0.0196027182433               0.0     1.00994785414               0.0   -0.167088637984     0.05033811398    -0.05033811398    0.167088637984
      BPM.22R3.B1       4547.420634   0.0164360574624               0.0     1.00832074051               0.0  -0.0931890552687   0.0466961456515  -0.0466961456515   0.0931890552687
      BPM.25R3.B1       4707.766181   0.0194790941842               0.0     1.00988418503               0.0   -0.158836628783   0.0442024346068  -0.0442024346068    0.158836628783
      BPM.30R3.B1       4975.008761   0.0176700616077               0.0     1.00895386865               0.0   -0.102830733773   0.0201720841455  -0.0201720841455    0.102830733773
      BPM.31R3.B1       5028.457277   0.0183099106129               0.0     1.00928262463               0.0   -0.128041833819  -0.0466807357461   0.0466807357461    0.128041833819
      BPM.32R3.B1       5081.905793   0.0176962431425               0.0     1.00896731449               0.0   -0.178025369635   -0.011502503687    0.011502503687    0.178025369635
      BPM.33R3.B1       5135.354309    0.018309539453               0.0     1.00928243383               0.0   -0.158865566902   0.0168422733696  -0.0168422733696    0.158865566902
      BPM.34R3.B1       5188.802825   0.0161147311956               0.0     1.00815607375               0.0  -0.0976082040844  0.00726250158643 -0.00726250158643   0.0976082040844
      BPM.33L4.B1        5242.25134   0.0164663539879               0.0     1.00833627042               0.0   -0.116000317786  -0.0697767896003   0.0697767896003    0.116000317786
      BPM.32L4.B1       5295.699856   0.0206898709062               0.0     1.01050828077               0.0    -0.17555147764  -0.0541968783812   0.0541968783812     0.17555147764
      BPM.31L4.B1       5349.148372   0.0200368513233               0.0     1.01017153767               0.0   -0.180003894671 0.000577105766009 -0.000577105766009    0.180003894671
      BPM.30L4.B1       5402.596888   0.0177322001431               0.0      1.0089857815               0.0   -0.101083301948 -0.00828218580132  0.00828218580132    0.101083301948
      BPM.29L4.B1       5456.045404   0.0156783352961               0.0     1.00793256757               0.0   -0.101675479165  -0.0963436547232   0.0963436547232    0.101675479165
      BPM.28L4.B1        5509.49392   0.0157697284622               0.0     1.00797936354               0.0   -0.168765715769  -0.0416211917853   0.0416211917853    0.168765715769
      BPM.27L4.B1       5562.942436   0.0181902742429               0.0     1.00922113075               0.0   -0.145839417577  -0.0325568681471   0.0325568681471    0.145839417577
      BPM.26L4.B1       5616.390952   0.0176385900966               0.0      1.0089377068               0.0   -0.101096938591  -0.0212217962594   0.0212217962594    0.101096938591
      BPM.25L4.B1       5669.839468   0.0155030724617               0.0     1.00784284612               0.0  -0.0953892337952   -0.106254817751    0.106254817751   0.0953892337952
      BPM.24L4.B1       5723.287984    0.014105061637               0.0     1.00712802602               0.0   -0.160700330736  -0.0562738705065   0.0562738705065    0.160700330736
      BPM.23L4.B1         5776.7365   0.0185849586995               0.0      1.0094240438               0.0   -0.114162563931   -0.067797728982    0.067797728982    0.114162563931
      BPM.22L4.B1       5830.185015   0.0205772436702               0.0     1.01045017817               0.0   -0.112484363241  -0.0640312778974   0.0640312778974    0.112484363241
      BPM.21L4.B1       5883.633531   0.0209846689445               0.0     1.01066040987               0.0   -0.100790573533   -0.108163016324    0.108163016324    0.100790573533
      BPM.20L4.B1       5937.082047   0.0217600982465               0.0     1.01106089468               0.0   -0.142754181358  -0.0978703117141   0.0978703117141    0.142754181358
      BPM.19L4.B1       5990.530563   0.0201458697548               0.0     1.01022773188               0.0   -0.133757588679  -0.0731119492297   0.0731119492297    0.133757588679
      BPM.17L4.B1       6097.427595   0.0181347195343               0.0     1.00919257908               0.0  -0.0655097090585   -0.137455312205    0.137455312205   0.0655097090585
      BPM.16L4.B1       6150.876111   0.0179406475566               0.0     1.00909285717               0.0   -0.132942987131   -0.110435232956    0.110435232956    0.132942987131
      BPM.15L4.B1       6204.324627    0.020608848008               0.0     1.01046648133               0.0    -0.12744350073  -0.0928822367898   0.0928822367898     0.12744350073
      BPM.14L4.B1       6257.773143   0.0209587786374               0.0     1.01064704655               0.0  -0.0862550875218   -0.104047353735    0.104047353735   0.0862550875218
      BPM.13L4.B1       6311.221659    0.022795829892               0.0     1.01159656086               0.0  -0.0723296270566   -0.133870247896    0.133870247896   0.0723296270566
      BPM.12L4.B1       6364.670174   0.0235196592189               0.0     1.01197142125               0.0   -0.111088597408   -0.153338382381    0.153338382381    0.111088597408
      BPM.11L4.B1        6418.11869   0.0217091836419               0.0     1.01103458429               0.0   -0.111526601235   -0.120354654673    0.120354654673    0.111526601235
      BPM.10L4.B1       6469.957401   0.0211055839224               0.0     1.01072282733               0.0  -0.0666773304797  -0.0957786418992   0.0957786418992   0.0666773304797
       BPM.9L4.B1       6509.022412   0.0214176678575               0.0     1.01088398148               0.0  0.00111325818789     -0.1461074681      0.1461074681 -0.00111325818789
       BPM.7L4.B1       6588.549433   0.0235452209121               0.0     1.01198466689               0.0    0.107620179645   -0.118651089305    0.118651089305   -0.107620179645
     BPMYB.6L4.B1       6685.153433     0.02757109624               0.0     1.01407732171               0.0    0.134903626183  -0.0717201676961   0.0717201676961   -0.134903626183
     BPMYA.5L4.B1       6722.153433   0.0204583539934               0.0     1.01038885574               0.0    0.119469658725    0.029148280706   -0.029148280706   -0.119469658725
    BPMWI.A5L4.B1       6798.755933   0.0206197938433               0.0     1.01047212795               0.0    0.172957411777  -0.0889691142684   0.0889691142684   -0.172957411777
    BPMWA.B5L4.B1       6824.619933   0.0299007644921               0.0      1.0152942318               0.0    0.138900633826  -0.0280719603356   0.0280719603356   -0.138900633826
    BPMWA.A5L4.B1       6833.504933   0.0227108585468               0.0     1.01155258278               0.0    0.148313436455    0.033961133963   -0.033961133963   -0.148313436455
    BPMWA.A5R4.B1       6881.553933    0.035132895001               0.0     1.01804329946               0.0   0.0546002678984    -0.17644908366     0.17644908366  -0.0546002678984
    BPMWA.B5R4.B1       6890.438933   0.0222943880715               0.0     1.01133711575               0.0    0.164220153065  -0.0332512405256   0.0332512405256   -0.164220153065
     BPMYB.5R4.B1       6992.829433   0.0177477149461               0.0        1.00899375               0.0    0.238069776647 -0.00888442485839  0.00888442485839   -0.238069776647
     BPMYA.6R4.B1       7024.393433    0.024285284251               0.0     1.01236838089               0.0    0.185531333103 -0.00254610361493  0.00254610361493   -0.185531333103
       BPM.7R4.B1       7120.909433   0.0237408684773               0.0     1.01208606539               0.0    0.145264277608   0.0250676483641  -0.0250676483641   -0.145264277608
       BPM.8R4.B1       7158.698443   0.0227769625284               0.0      1.0115867953               0.0    0.115573548548   0.0606832334822  -0.0606832334822   -0.115573548548
       BPM.9R4.B1       7197.763454   0.0209385067281               0.0     1.01063658354               0.0    0.173436877842  0.00142517939766 -0.00142517939766   -0.173436877842
      BPM.10R4.B1       7238.226465   0.0232053596243               0.0     1.01180859901               0.0    0.167426061836   0.0333102406189  -0.0333102406189   -0.167426061836
      BPM.11R4.B1       7290.065175   0.0218814638287               0.0     1.01112361928               0.0    0.120378947991   0.0351755792088  -0.0351755792088   -0.120378947991
      BPM.12R4.B1       7344.788691   0.0210411288816               0.0     1.01068955359               0.0    0.105545700208    0.105470277577   -0.105470277577   -0.105545700208
      BPM.13R4.B1       7398.237207   0.0233089541334               0.0     1.01186225724               0.0    0.158894216893    0.100903939581   -0.100903939581   -0.158894216893
      BPM.14R4.B1       7451.685723   0.0192353705653               0.0     1.00975869727               0.0    0.143486930753   0.0494758293321  -0.0494758293321   -0.143486930753
      BPM.15R4.B1       7505.134239   0.0205907442348               0.0     1.01045714237               0.0    0.112151981887   0.0446397337383  -0.0446397337383   -0.112151981887
      BPM.16R4.B1       7558.582755   0.0203270361932               0.0     1.01032113595               0.0    0.097206145069    0.112652581518   -0.112652581518   -0.097206145069
      BPM.17R4.B1       7612.031271   0.0194932032248               0.0     1.00989145089               0.0    0.157032263667   0.0806153967717  -0.0806153967717   -0.157032263667
      BPM.18R4.B1       7665.479786   0.0212956319332               0.0      1.0108209553               0.0    0.144438186564   0.0654262891781  -0.0654262891781   -0.144438186564
      BPM.19R4.B1       7718.928302   0.0202939940861               0.0     1.01030409849               0.0    0.103807954906   0.0506700558364  -0.0506700558364   -0.103807954906
      BPM.20R4.B1       7772.376818   0.0193184292119               0.0     1.00980145703               0.0   0.0989361082524     0.10992868162    -0.10992868162  -0.0989361082524
      BPM.21R4.B1       7825.825334   0.0206823087733               0.0     1.01050437927               0.0     0.15532627837   0.0890810427728  -0.0890810427728    -0.15532627837
      BPM.22R4.B1        7879.27385   0.0193557618306               0.0     1.00982067815               0.0    0.135100066922   0.0611677435023  -0.0611677435023   -0.135100066922
      BPM.23R4.B1       7932.722366   0.0185967724017               0.0     1.00943011929               0.0   0.0934372074575   0.0763756601165  -0.0763756601165  -0.0934372074575
      BPM.24R4.B1       7986.170882    0.020236276557               0.0     1.01027433972               0.0   0.0977003232628    0.113165485484   -0.113165485484  -0.0977003232628
      BPM.25R4.B1       8039.619398   0.0165864507443               0.0     1.00839783873               0.0    0.147143487959   0.0642037354772  -0.0642037354772   -0.147143487959
      BPM.26R4.B1       8093.067914   0.0192707950446               0.0     1.00977693362               0.0    0.119622681325   0.0647388523136  -0.0647388523136   -0.119622681325
      BPM.27R4.B1        8146.51643   0.0186994132814               0.0     1.00948290948               0.0   0.0996922156921   0.0692418846214  -0.0692418846214  -0.0996922156921
      BPM.28R4.B1       8199.964946   0.0191158154107               0.0     1.00969715813               0.0    0.110102981446     0.10954393643    -0.10954393643   -0.110102981446
      BPM.29R4.B1       8253.413461   0.0184424747573               0.0     1.00935077661               0.0    0.146328069597   0.0718506925511  -0.0718506925511   -0.146328069597
      BPM.31R4.B1       8360.310493   0.0180647445342               0.0     1.00915661973               0.0   0.0976367688289   0.0745508660599  -0.0745508660599  -0.0976367688289
      BPM.32R4.B1       8413.759009   0.0196136871814               0.0     1.00995350397               0.0    0.117516888086    0.091019443474   -0.091019443474   -0.117516888086
      BPM.33R4.B1       8467.207525   0.0186666469969               0.0     1.00946605624               0.0    0.151128050867   0.0619367834251  -0.0619367834251   -0.151128050867
      BPM.34R4.B1       8520.656041   0.0169965914824               0.0     1.00860818485               0.0    0.115880284395    0.046781796431   -0.046781796431   -0.115880284395
      BPM.33L5.B1       8574.104557   0.0159811829354               0.0     1.00808765938               0.0   0.0893463535706       0.057929941      -0.057929941  -0.0893463535706
      BPM.32L5.B1       8627.553073   0.0163017679601               0.0     1.00825191274               0.0    0.114067065303   0.0903160305732  -0.0903160305732   -0.114067065303
      BPM.31L5.B1       8681.001589   0.0205264741311               0.0     1.01042399024               0.0    0.149417691035   0.0719795361385  -0.0719795361385   -0.149417691035
      BPM.30L5.B1       8734.450105   0.0145389183611               0.0      1.0073496995               0.0    0.118289995967   0.0229969258643  -0.0229969258643   -0.118289995967
      BPM.29L5.B1        8787.89862   0.0162607579036               0.0     1.00823089655               0.0   0.0945054265938   0.0433487635683  -0.0433487635683  -0.0945054265938
      BPM.28L5.B1       8841.347136   0.0151851515624               0.0     1.00768015556               0.0     0.10784418544   0.0948942122938  -0.0948942122938    -0.10784418544
      BPM.27L5.B1       8894.795652   0.0158238033618               0.0     1.00800705453               0.0    0.159593833958   0.0481493588177  -0.0481493588177   -0.159593833958
      BPM.26L5.B1       8948.244168   0.0142901787034               0.0     1.00722259129               0.0    0.106545529668   0.0348360072864  -0.0348360072864   -0.106545529668
      BPM.25L5.B1       9001.692684   0.0260862423344               0.0     1.01330398269               0.0    0.117778703821    0.132787977385   -0.132787977385   -0.117778703821
      BPM.24L5.B1         9055.1412   0.0189847791953               0.0     1.00962972222               0.0    0.121053626967   0.0794329650093  -0.0794329650093   -0.121053626967
      BPM.23L5.B1       9108.589716    0.018689445063               0.0     1.00947778227               0.0    0.170535130164   0.0789217923267  -0.0789217923267   -0.170535130164
      BPM.22L5.B1       9162.038232   0.0216048606174               0.0     1.01098068122               0.0    0.120419925391   0.0800753806054  -0.0800753806054   -0.120419925391
      BPM.21L5.B1       9215.486748   0.0200586961875               0.0     1.01018279698               0.0    0.109397347512   0.0271540403003  -0.0271540403003   -0.109397347512
      BPM.20L5.B1       9268.935264   0.0181529333463               0.0     1.00920193958               0.0    0.101466072876    0.111712288915   -0.111712288915   -0.101466072876
      BPM.19L5.B1       9322.383779    0.019203655779               0.0     1.00974237148               0.0    0.155969677428   0.0841941066013  -0.0841941066013   -0.155969677428
      BPM.17L5.B1       9429.280811   0.0202891973737               0.0     1.01030162523               0.0    0.109780574999   0.0347669041643  -0.0347669041643   -0.109780574999
      BPM.16L5.B1       9482.729327     0.01830201448               0.0     1.00927856562               0.0   0.0947597586426     0.11239072656    -0.11239072656  -0.0947597586426
      BPM.15L5.B1       9536.177843   0.0185287472885               0.0     1.00939513722               0.0    0.158687482756   0.0781650906866  -0.0781650906866   -0.158687482756
      BPM.14L5.B1       9589.626359   0.0198134824119               0.0      1.0100564301               0.0     0.14470047781   0.0584365919974  -0.0584365919974    -0.14470047781
      BPM.13L5.B1       9643.074875   0.0181994063293               0.0      1.0092258243               0.0   0.0906961551618   0.0491350223925  -0.0491350223925  -0.0906961551618
      BPM.12L5.B1       9696.523391    0.018611711183               0.0     1.00943780208               0.0    0.106951896312     0.10206244626    -0.10206244626   -0.106951896312
      BPM.11L5.B1       9749.971907   0.0187661651868               0.0     1.00951724572               0.0    0.151613182729   0.0984752166351  -0.0984752166351   -0.151613182729
      BPM.10L5.B1       9802.752617   0.0216610190733               0.0     1.01100969688               0.0    0.109446584108     0.10452305212    -0.10452305212   -0.109446584108
       BPM.9L5.B1       9841.817628   0.0210290510183               0.0     1.01068331897               0.0   0.0518015076124    0.122432222115   -0.122432222115  -0.0518015076124
       BPM.8L5.B1       9882.280639   0.0207165273209               0.0     1.01052203386               0.0  -0.0238351107993    0.160488863176   -0.160488863176   0.0238351107993
      BPMR.5L5.B1       9990.140649   0.0341089784545               0.0     1.01750355546               0.0 0.000428562913405   -0.242639188881    0.242639188881 -0.000428562913405
     BPMYA.4L5.B1       10017.54665   0.0166070812207               0.0      1.0084084162               0.0   0.0309274248099   -0.104909331925    0.104909331925  -0.0309274248099
     BPMWB.4L5.B1       10038.68115   0.0312736349972               0.0     1.01601341013               0.0   0.0366909807448   -0.242691733063    0.242691733063  -0.0366909807448
     BPMSY.4L5.B1       10131.46115  -0.0685026708319                -1    0.967413612286                -1  -0.0012921010819    0.479258411477   -0.479258411477   0.0012921010819
      BPMS.2L5.B1       10158.24665   0.0278711730154               0.0     1.01423382236               0.0   0.0240732286506   -0.303881287696    0.303881287696  -0.0240732286506
     BPMSW.1L5.B1       10168.21165 -0.00878116207351                -1    0.995638124784                -1  -0.0861326109105   0.0942367522231  -0.0942367522231   0.0861326109105
     BPMSW.1R5.B1       10211.33965   0.0016934500217               0.0     1.00084780195               0.0  -0.0628111331572  -0.0238012315262   0.0238012315262   0.0628111331572
     BPMWB.4R5.B1       10340.87015   0.0681352234027               0.0      1.0359136409               0.0   -0.036580821152   -0.417892035611    0.417892035611    0.036580821152
     BPMYA.4R5.B1       10362.00265  -0.0123230480523                -1    0.993894843982                -1  -0.0112086988113   0.0740587511118  -0.0740587511118   0.0112086988113
       BPM.5R5.B1       10383.12065   0.0124505473754               0.0     1.00628401452               0.0  -0.0239848163648  -0.0990199133278   0.0990199133278   0.0239848163648
      BPMR.6R5.B1       10415.02065  0.00542287189639               0.0     1.00272251385               0.0    0.133216813748  -0.0131340162604   0.0131340162604   -0.133216813748
     BPM_A.7R5.B1       10449.03465  0.00670507959623               0.0     1.00336949384               0.0   0.0831155252922 -0.00723699058089  0.00723699058089  -0.0831155252922
       BPM.8R5.B1       10490.47364   0.0109195697217               0.0     1.00550490954               0.0   0.0730061018304  0.00626120700334 -0.00626120700334  -0.0730061018304
       BPM.9R5.B1       10529.54063   0.0109177172847               0.0     1.00550396795               0.0    0.107926313949    0.128608856875   -0.128608856875   -0.107926313949
      BPM.10R5.B1       10570.00562   0.0143641315075               0.0     1.00726037681               0.0     0.12976856267    0.102993019558   -0.102993019558    -0.12976856267
      BPM.11R5.B1       10622.78831   0.0114214379449               0.0     1.00576010774               0.0    0.111915081402   0.0238895257534  -0.0238895257534   -0.111915081402
      BPM.12R5.B1       10677.51479  0.00806287189574               0.0     1.00405597963               0.0   0.0349737492527   0.0535960820438  -0.0535960820438  -0.0349737492527
      BPM.13R5.B1       10730.96627  0.00782196144793               0.0     1.00393407496               0.0   0.0897344415841    0.122485375842   -0.122485375842  -0.0897344415841
      BPM.14R5.B1       10784.41776  0.00459916775824               0.0     1.00230754653               0.0     0.14921533663   0.0202867135188  -0.0202867135188    -0.14921533663
      BPM.15R5.B1       10837.86924   0.0100778257666               0.0     1.00507732155               0.0   0.0818532644078   0.0164780336189  -0.0164780336189  -0.0818532644078
      BPM.16R5.B1       10891.32073  0.00614785826908               0.0      1.0030881757               0.0   0.0281337618681   0.0552072870201  -0.0552072870201  -0.0281337618681
      BPM.17R5.B1       10944.77221  0.00729634887638               0.0     1.00366826037               0.0   0.0937364612364    0.116874901227   -0.116874901227  -0.0937364612364
      BPM.18R5.B1        10998.2237  0.00250796122839               0.0     1.00125634426               0.0    0.152573037484  0.00759269324894 -0.00759269324894   -0.152573037484
      BPM.19R5.B1       11051.67518  0.00636458646706               0.0     1.00319756474               0.0   0.0584707618847  0.00406272341183 -0.00406272341183  -0.0584707618847
      BPM.20R5.B1       11105.12666  0.00570967838279               0.0     1.00286712281               0.0   0.0309636563095   0.0438565800567  -0.0438565800567  -0.0309636563095
      BPM.21R5.B1       11158.57815  0.00622733770427               0.0     1.00312828713               0.0    0.105097988679    0.103795268983   -0.103795268983   -0.105097988679
      BPM.22R5.B1       11212.02963  0.00609380107417               0.0     1.00306089704               0.0    0.153644317654   0.0156396494588  -0.0156396494588   -0.153644317654
      BPM.23R5.B1       11265.48112  0.00555848985446               0.0     1.00279088516               0.0    0.069462627448  -0.0188276395024   0.0188276395024   -0.069462627448
      BPM.24R5.B1        11318.9326  0.00683595719307               0.0     1.00343560289               0.0   0.0428107971491   0.0339013603532  -0.0339013603532  -0.0428107971491
      BPM.25R5.B1       11372.38408  0.00608688468426               0.0     1.00305740701               0.0      0.1032933459    0.103195966391   -0.103195966391     -0.1032933459
      BPM.26R5.B1       11425.83557  0.00401317987145               0.0     1.00201264981               0.0    0.156742606225 0.000385195558699 -0.000385195558699   -0.156742606225
      BPM.27R5.B1       11479.28705  0.00719921589387               0.0     1.00361916105               0.0   0.0633590741978  0.00216339661938 -0.00216339661938  -0.0633590741978
      BPM.28R5.B1       11532.73854  0.00835715408154               0.0     1.00420495154               0.0   0.0500185512144   0.0427875761168  -0.0427875761168  -0.0500185512144
      BPM.29R5.B1       11586.19002  0.00747032031062               0.0     1.00375621842               0.0    0.106001759934    0.107429134269   -0.107429134269   -0.106001759934
      BPM.30R5.B1        11639.6415  0.00791287828692               0.0     1.00398007517               0.0    0.148254050561   0.0168706115523  -0.0168706115523   -0.148254050561
      BPM.31R5.B1       11693.09299  0.00888215839207               0.0     1.00447088467               0.0   0.0882438661554 -0.00655706600478  0.00655706600478  -0.0882438661554
      BPM.32R5.B1       11746.54447   0.0069412608957               0.0     1.00348880351               0.0   0.0393481732911   0.0361167814503  -0.0361167814503  -0.0393481732911
      BPM.33R5.B1       11799.99596  0.00552823253661               0.0     1.00277562983               0.0    0.105363720983    0.106250527308   -0.106250527308   -0.105363720983
      BPM.34R5.B1       11853.44744  0.00910765975877               0.0     1.00458517391               0.0    0.148583392866   0.0224560550996  -0.0224560550996   -0.148583392866
      BPM.33L6.B1       11906.89893   0.0079448290199               0.0     1.00399624244               0.0   0.0813853723183  -0.0109234951051   0.0109234951051  -0.0813853723183
      BPM.32L6.B1       11960.35041  0.00755228817841               0.0     1.00379766849               0.0   0.0442306324622   0.0506248894999  -0.0506248894999  -0.0442306324622
      BPM.29L6.B1       12120.70486  0.00579846286589               0.0     1.00291190098               0.0   0.0668189481818  -0.0130193467556   0.0130193467556  -0.0668189481818
      BPM.28L6.B1       12174.15635  0.00787597654871               0.0     1.00396140363               0.0   0.0489849396831   0.0399958433301  -0.0399958433301  -0.0489849396831
      BPM.27L6.B1       12227.60783  0.00757697023094               0.0     1.00381015089               0.0    0.102843447534    0.106392496731   -0.106392496731   -0.102843447534
      BPM.26L6.B1       12281.05931  0.00445670613304               0.0     1.00223582917               0.0    0.154785983615   0.0113396235399  -0.0113396235399   -0.154785983615
      BPM.25L6.B1        12334.5108  0.00600181038036               0.0     1.00301448126               0.0   0.0624915419055 -0.00626350056493  0.00626350056493  -0.0624915419055
      BPM.24L6.B1       12387.96228  0.00487521279262               0.0     1.00244655565               0.0    0.025896604753   0.0459138020237  -0.0459138020237   -0.025896604753
      BPM.22L6.B1       12494.86525   0.0028266588816               0.0     1.00141633277               0.0    0.153460726567  0.00607084067984 -0.00607084067984   -0.153460726567
      BPM.21L6.B1       12548.31673  0.00486118709902               0.0     1.00243949128               0.0   0.0615230177746  -0.0134392089317   0.0134392089317  -0.0615230177746
      BPM.20L6.B1       12601.76822  0.00435981754789               0.0     1.00218706277               0.0   0.0240248905492   0.0479142356899  -0.0479142356899  -0.0240248905492
      BPM.19L6.B1        12655.2197  0.00458975051281               0.0     1.00230280527               0.0    0.103509028853    0.109526006367   -0.109526006367   -0.103509028853
      BPM.18L6.B1       12708.67119  0.00613123465918               0.0     1.00307978676               0.0    0.148883651028   0.0178649988137  -0.0178649988137   -0.148883651028
      BPM.17L6.B1       12762.12267  0.00362234655143               0.0      1.0018161087               0.0   0.0638047297537  -0.0274010362424   0.0274010362424  -0.0638047297537
      BPM.16L6.B1       12815.57415  0.00506773882065               0.0       1.002543541               0.0    0.032146942485   0.0503175382985  -0.0503175382985   -0.032146942485
      BPM.15L6.B1       12869.02564   0.0070151582788               0.0     1.00352614236               0.0   0.0972253166689    0.112929666305   -0.112929666305  -0.0972253166689
      BPM.14L6.B1       12922.47712  0.00164341232682               0.0     1.00082272035               0.0    0.153950364431 -0.00824120491384  0.00824120491384   -0.153950364431
      BPM.13L6.B1       12975.92861  0.00491560497709               0.0     1.00246690096               0.0   0.0569602489645  -0.0142252909022   0.0142252909022  -0.0569602489645
      BPM.12L6.B1       13029.38009  0.00435582021444               0.0     1.00218505097               0.0   0.0274047366555   0.0375627878907  -0.0375627878907  -0.0274047366555
      BPM.11L6.B1       13082.83158  0.00566950852984               0.0     1.00284686525               0.0    0.121323036554   0.0872049233527  -0.0872049233527   -0.121323036554
      BPM.10L6.B1       13134.67226  0.00392240742688               0.0     1.00196699212               0.0     0.15117959983  -0.0267381576185   0.0267381576185    -0.15117959983
       BPM.9L6.B1       13173.73925  0.00459587063866               0.0     1.00230588654               0.0   0.0637857863321  -0.0416188102989   0.0416188102989  -0.0637857863321
       BPM.8L6.B1       13214.20424  0.00481532431385               0.0     1.00241639245               0.0   0.0463920138543  0.00971465698011 -0.00971465698011  -0.0463920138543
     BPMYA.5L6.B1       13311.29423 0.000556267357771               0.0     1.00027824977               0.0    0.166704715125   0.0415054813524  -0.0415054813524   -0.166704715125
     BPMYB.4L6.B1       13347.69423 -5.09832743147e-05                -1    0.999974509338                -1    0.145916754706 -0.00904345913602  0.00904345913602   -0.145916754706
     BPMSA.4R6.B1       13568.51473  0.00446353745126               0.0     1.00223926781               0.0  0.00907680115916   0.0346751806451  -0.0346751806451 -0.00907680115916
     BPMYA.4R6.B1       13691.29423 -0.00184859396256                -1    0.999076982535                -1  -0.0047689827923   0.0674518093396  -0.0674518093396   0.0047689827923
     BPMYB.5R6.B1       13727.69423  0.00281321766341               0.0     1.00140958363               0.0   0.0378225835827   0.0703588914229  -0.0703588914229  -0.0378225835827
      BPM.11R6.B1       13954.79389  0.00171451428734               0.0     1.00085836106               0.0   0.0839417055209    0.115787314745   -0.115787314745  -0.0839417055209
      BPM.12R6.B1       14009.52037  0.00387816943352               0.0     1.00194474308               0.0   0.0358394439866    0.033211332955   -0.033211332955  -0.0358394439866
      BPM.13R6.B1       14062.97186  0.00211295431343               0.0     1.00105815433               0.0  -0.0576812626087   0.0509859651526  -0.0509859651526   0.0576812626087
      BPM.14R6.B1       14116.42334  0.00278776534045               0.0     1.00139680382               0.0  -0.0218736788226    0.153056398095   -0.153056398095   0.0218736788226
      BPM.17R6.B1       14276.77779   0.0051374428154               0.0     1.00257866147               0.0   -0.037995202329   0.0846003059196  -0.0846003059196    0.037995202329
      BPM.20R6.B1       14437.13225  0.00393431173744               0.0     1.00197297952               0.0   0.0113384704266   0.0249862101991  -0.0249862101991  -0.0113384704266
      BPM.21R6.B1       14490.58373 0.000949510391406               0.0     1.00047509355               0.0  -0.0459565664077   0.0702889276665  -0.0702889276665   0.0459565664077
      BPM.22R6.B1       14544.03522  0.00112020369584               0.0     1.00056057286               0.0   0.0157853440304    0.158085259604   -0.158085259604  -0.0157853440304
      BPM.23R6.B1        14597.4867  0.00226695631712               0.0     1.00113540897               0.0    0.113430362413   0.0895957133122  -0.0895957133122   -0.113430362413
      BPM.24R6.B1       14650.93818  0.00454162605995               0.0     1.00227857731               0.0   0.0479700349142   0.0212068377733  -0.0212068377733  -0.0479700349142
      BPM.25R6.B1       14704.38967  0.00162891415636               0.0     1.00081545344               0.0  -0.0403421267823   0.0642375867821  -0.0642375867821   0.0403421267823
      BPM.26R6.B1       14757.84115  0.00207541363436               0.0     1.00103932487               0.0   0.0279670798925    0.154689245071   -0.154689245071  -0.0279670798925
      BPM.27R6.B1       14811.29264  0.00493720266964               0.0      1.0024777801               0.0    0.110854688405     0.10447001464    -0.10447001464   -0.110854688405
      BPM.29R6.B1        14918.1956  0.00572446316493               0.0     1.00287457905               0.0     -0.0215075287   0.0793216281745  -0.0793216281745      0.0215075287
      BPM.30R6.B1       14971.64709  0.00623564795986               0.0      1.0031324814               0.0   0.0253259912418    0.159028432237   -0.159028432237  -0.0253259912418
      BPM.31R6.B1       15025.09857   0.0049309055174               0.0     1.00247460807               0.0    0.115923708722   0.0916644248354  -0.0916644248354   -0.115923708722
      BPM.33R6.B1       15132.00154  0.00395590770239               0.0     1.00198384172               0.0  -0.0244550393822   0.0751803362992  -0.0751803362992   0.0244550393822
      BPM.34R6.B1       15185.45302  0.00413834825848               0.0     1.00207561858               0.0   0.0221545014164    0.161755503515   -0.161755503515  -0.0221545014164
      BPM.33L7.B1       15238.90451  0.00293434281375               0.0     1.00147040821               0.0    0.117862803312   0.0787532033903  -0.0787532033903   -0.117862803312
      BPM.32L7.B1       15292.35599  0.00450272163227               0.0      1.0022589924               0.0     0.04279955627   0.0156776912412  -0.0156776912412    -0.04279955627
      BPM.31L7.B1       15345.80748   0.0027589836101               0.0     1.00138235288               0.0  -0.0304814102339   0.0829930782974  -0.0829930782974   0.0304814102339
      BPM.30L7.B1       15399.25896  0.00347211805518               0.0       1.001740593               0.0   0.0393234944723    0.160898140521   -0.160898140521  -0.0393234944723
      BPM.29L7.B1       15452.71045  0.00646946398284               0.0     1.00325051233               0.0    0.125215630753   0.0941003006736  -0.0941003006736   -0.125215630753
      BPM.28L7.B1       15506.16193   0.0028201180107               0.0     1.00141304843               0.0   0.0580611261786 -0.00259759235935  0.00259759235935  -0.0580611261786
      BPM.27L7.B1       15559.61341  0.00429003922039               0.0     1.00215194604               0.0  -0.0162835183626   0.0972497144656  -0.0972497144656   0.0162835183626
      BPM.26L7.B1        15613.0649  0.00469330328297               0.0     1.00235494424               0.0   0.0555695592199     0.15417661448    -0.15417661448  -0.0555695592199
      BPM.25L7.B1       15666.51638  0.00336440724814               0.0     1.00168646027               0.0    0.119672189559   0.0525737025015  -0.0525737025015   -0.119672189559
      BPM.24L7.B1       15719.96787  0.00421995561893               0.0     1.00211667939               0.0   0.0283400824584   0.0151732709128  -0.0151732709128  -0.0283400824584
      BPM.23L7.B1       15773.41935  0.00500329955814               0.0     1.00251107647               0.0 -0.00250460644448    0.104927543828   -0.104927543828  0.00250460644448
      BPM.22L7.B1       15826.87083   0.0039945943534               0.0     1.00200330096               0.0   0.0704145349658    0.142835318871   -0.142835318871  -0.0704145349658
      BPM.21L7.B1       15880.32232  0.00362738134568               0.0     1.00181863985               0.0    0.112711488335   0.0316887084296  -0.0316887084296   -0.112711488335
      BPM.16L7.B1       16147.57974  0.00398509085668               0.0     1.00199852063               0.0   0.0132874216898   0.0227516849434  -0.0227516849434  -0.0132874216898
      BPM.15L7.B1       16201.03122  0.00483352961788               0.0     1.00242556138               0.0   0.0305790578122    0.107355099776   -0.107355099776  -0.0305790578122
      BPM.14L7.B1       16254.48271  0.00364885247941               0.0     1.00182943427               0.0    0.105912634228    0.119334980247   -0.119334980247   -0.105912634228
      BPM.13L7.B1       16307.93419  0.00370404017235               0.0     1.00185718099               0.0    0.111446434176  0.00422002794314 -0.00422002794314   -0.111446434176
      BPM.12L7.B1       16361.38567  0.00557338646646               0.0     1.00279839609               0.0   0.0191629476266   0.0311610831781  -0.0311610831781  -0.0191629476266
      BPM.11L7.B1       16414.83716  0.00388711532693               0.0      1.0019492422               0.0  0.00811211745756    0.119422193676   -0.119422193676 -0.00811211745756
      BPM.10L7.B1       16467.61985  0.00280699831269               0.0      1.0014064608               0.0   0.0663136371568    0.138411929647   -0.138411929647  -0.0663136371568
       BPM.9L7.B1       16506.68684   0.0042527687716               0.0     1.00213319078               0.0   0.0844234195503    0.075765007404   -0.075765007404  -0.0844234195503
       BPM.7L7.B1       16586.21782 -0.000182158082176                -1      0.9999089334                -1   -0.105174575971   0.0271879496639  -0.0271879496639    0.105174575971
       BPM.6L7.B1       16621.03582  0.00164228493271               0.0     1.00082215526               0.0    -0.13521332541   0.0431694922383  -0.0431694922383     0.13521332541
     BPMWC.6L7.B1       16633.13832  0.00193691812333               0.0     1.00096986821               0.0  -0.0767769200528    0.126241889369   -0.126241889369   0.0767769200528
     BPMWE.5L7.B1       16710.19232  -0.0328595193109                -1    0.983964367984                -1    0.109073391748     0.14858084588    -0.14858084588   -0.109073391748
      BPMW.5L7.B1       16733.39732  0.00902214172238               0.0     1.00454182683               0.0  -0.0409695096839   0.0614651123982  -0.0614651123982   0.0409695096839
     BPMWE.4L7.B1       16768.48232  0.00414368065142               0.0     1.00207830142               0.0  -0.0404033991956  -0.0246730715859   0.0246730715859   0.0404033991956
      BPMW.4R7.B1       16912.63432  0.00780109238516               0.0     1.00392351696               0.0    -0.14545096969   0.0401005436504  -0.0401005436504     0.14545096969
      BPMW.5R7.B1       16975.82432   0.0120453566617               0.0     1.00607763928               0.0   -0.206579500036  0.00796542544744 -0.00796542544744    0.206579500036
     BPMWE.5R7.B1       16999.02932  0.00383918001629               0.0     1.00192513499               0.0  -0.0974500581505   0.0950202320075  -0.0950202320075   0.0974500581505
      BPMR.6R7.B1       17078.24482  0.00209452672014               0.0     1.00104891138               0.0  0.00673075097003   0.0475796621218  -0.0475796621218 -0.00673075097003
     BPM_A.7R7.B1       17116.28082  0.00479145322362               0.0     1.00240437039               0.0  -0.0377269128824  0.00353658142747 -0.00353658142747   0.0377269128824
       BPM.9R7.B1        17194.4138  0.00194909366165               0.0     1.00097597376               0.0   -0.134618205761   0.0342136757171  -0.0342136757171    0.134618205761
      BPM.10R7.B1       17234.87878  0.00382733214163               0.0     1.00191917683               0.0  -0.0551391817495   0.0210134023641  -0.0210134023641   0.0551391817495
      BPM.11R7.B1       17287.66147  0.00419993089941               0.0     1.00210660347               0.0  -0.0140278025272  -0.0721184830405   0.0721184830405   0.0140278025272
      BPM.12R7.B1       17342.38796  0.00515830827413               0.0     1.00258917528               0.0   -0.102323139448   -0.113673507679    0.113673507679    0.102323139448
      BPM.13R7.B1       17395.83944  0.00383410931014               0.0     1.00192258498               0.0   -0.136005949629  -0.0255905417506   0.0255905417506    0.136005949629
      BPM.14R7.B1       17449.29093  0.00496399126837               0.0     1.00249127448               0.0  -0.0543369083225  0.00888684600601 -0.00888684600601   0.0543369083225
      BPM.15R7.B1       17502.74241   0.0049647183634               0.0     1.00249164075               0.0  -0.0203807133303  -0.0875594209189   0.0875594209189   0.0203807133303
      BPM.16R7.B1       17556.19389  0.00602580775394               0.0       1.003026589               0.0    -0.11839795687  -0.0943679023548   0.0943679023548     0.11839795687
      BPM.17R7.B1       17609.64538  0.00438243769575               0.0     1.00219844741               0.0   -0.136067969428  -0.0153185514992   0.0153185514992    0.136067969428
      BPM.18R7.B1       17663.09686  0.00462277787167               0.0     1.00231943371               0.0  -0.0498704683873   0.0132217431348  -0.0132217431348   0.0498704683873
      BPM.19R7.B1       17716.54835   0.0038034967377               0.0     1.00190719059               0.0  -0.0192472543176  -0.0921525799239   0.0921525799239   0.0192472543176
      BPM.24R7.B1       17983.80577  0.00533349218031               0.0     1.00267746103               0.0    -0.14209873459  -0.0628881035273   0.0628881035273     0.14209873459
      BPM.25R7.B1       18037.25725  0.00898903052574               0.0     1.00452504504               0.0    -0.12696279256  -0.0154512495762   0.0154512495762     0.12696279256
      BPM.26R7.B1       18090.70874   0.0064831343537               0.0     1.00325741445               0.0  -0.0574254112732   0.0195585416981  -0.0195585416981   0.0574254112732
      BPM.28R7.B1        18197.6117  0.00778830074092               0.0     1.00391704563               0.0   -0.146607325179  -0.0527107674289   0.0527107674289    0.146607325179
      BPM.29R7.B1       18251.06319  0.00815054518263               0.0     1.00410035478               0.0   -0.140620500842   0.0100713875296  -0.0100713875296    0.140620500842
      BPM.30R7.B1       18304.51467  0.00888981348298               0.0      1.0044747638               0.0  -0.0625801313718   0.0013913067266  -0.0013913067266   0.0625801313718
      BPM.31R7.B1       18357.96616  0.00723537815658               0.0     1.00363743971               0.0  -0.0526136990915  -0.0799177904616   0.0799177904616   0.0526136990915
      BPM.32R7.B1       18411.41764  0.00658294230933               0.0     1.00330781149               0.0   -0.154316181402  -0.0512131419814   0.0512131419814    0.154316181402
      BPM.33R7.B1       18464.86912   0.0080558444181               0.0     1.00405242298               0.0   -0.133903916618   0.0307042371511  -0.0307042371511    0.133903916618
      BPM.34R7.B1       18518.32061  0.00859535652714               0.0     1.00432558327               0.0   -0.063709468601   0.0142676735796  -0.0142676735796    0.063709468601
      BPM.33L8.B1       18571.77209  0.00801490932401               0.0     1.00403170623               0.0  -0.0724789723734  -0.0819136234166   0.0819136234166   0.0724789723734
      BPM.32L8.B1       18625.22358  0.00861335451251               0.0     1.00433469967               0.0   -0.150537099207  -0.0451514021142   0.0451514021142    0.150537099207
      BPM.31L8.B1       18678.67506  0.00828065057227               0.0     1.00416621746               0.0   -0.127096708688   0.0227010869879  -0.0227010869879    0.127096708688
      BPM.30L8.B1       18732.12654  0.00919612441377               0.0     1.00463002048               0.0  -0.0631285624652  0.00560664203729 -0.00560664203729   0.0631285624652
      BPM.29L8.B1       18785.57803  0.00817324376721               0.0     1.00411184445               0.0  -0.0798707657271  -0.0834360732528   0.0834360732528   0.0798707657271
      BPM.28L8.B1       18839.02951  0.00435550355518               0.0      1.0021848916               0.0     -0.1587094523  -0.0128410935819   0.0128410935819      0.1587094523
      BPM.25L8.B1       18999.38397  0.00397199923971               0.0     1.00199193556               0.0  -0.0812176301287  -0.0776011405159   0.0776011405159   0.0812176301287
      BPM.22L8.B1       19159.73842 0.000942292531154               0.0      1.0004714795               0.0 -0.00543494187076   0.0208430551009  -0.0208430551009  0.00543494187076
      BPM.21L8.B1        19213.1899 -0.00086345484452                -1     0.99956855196                -1  -0.0631637655308  -0.0881200877898   0.0881200877898   0.0631637655308
      BPM.20L8.B1       19266.64139  0.00200928693524               0.0     1.00100615997               0.0   -0.164499851532   0.0128339284744  -0.0128339284744    0.164499851532
      BPM.19L8.B1       19320.09287   0.0020885423143               0.0     1.00104590976               0.0  -0.0932790873713   0.0860724540331  -0.0860724540331   0.0932790873713
      BPM.14L8.B1       19587.35029  0.00139843388701               0.0     1.00069995116               0.0 -0.00866672959436 0.000972190639243 -0.000972190639243  0.00866672959436
      BPM.13L8.B1       19640.80177  0.00101019585671               0.0     1.00050548094               0.0   -0.105756114519  -0.0656322622226   0.0656322622226    0.105756114519
      BPM.12L8.B1       19694.25326  0.00397989510752               0.0     1.00199590716               0.0    -0.15380217244   0.0361324662803  -0.0361324662803     0.15380217244
      BPM.11L8.B1       19747.70474  0.00159574621561               0.0     1.00079882928               0.0  -0.0664288306102   0.0857768955512  -0.0857768955512   0.0664288306102
      BPM.10L8.B1       19799.54543  0.00216536075788               0.0     1.00108444185               0.0  -0.0189917455136  -0.0174888890987   0.0174888890987   0.0189917455136
       BPM.9L8.B1       19838.61242  0.00518998053932               0.0     1.00260513512               0.0   -0.087314579425  -0.0667791867362   0.0667791867362    0.087314579425
       BPM.8L8.B1       19879.07741   0.0063334564267               0.0      1.0031818503               0.0   -0.142836822982  -0.0722865800061   0.0722865800061    0.142836822982
       BPM.7L8.B1        19918.1454 -0.00132392934227                -1      0.9993386919                -1  -0.0631236008371   0.0276110363012  -0.0276110363012   0.0631236008371
      BPMR.6L8.B1        19950.6144   0.0012374347678               0.0     1.00061929219               0.0   0.0210386340702   -0.063664970844    0.063664970844  -0.0210386340702
     BPMYB.4L8.B1        20031.8004   0.0159008924554               0.0     1.00804653472               0.0   -0.137735542858   -0.134581242314    0.134581242314    0.137735542858
     BPMWB.4L8.B1        20056.1919 -0.00318713791534                -1    0.998410230146                -1   -0.125227179732   0.0410258447555  -0.0410258447555    0.125227179732
      BPMS.2L8.B1        20144.3364    0.088513195023               0.0     1.04742951374               0.0   -0.254338870836   -0.619014291165    0.619014291165    0.254338870836
     BPMSW.1L8.B1        20154.2704 -0.00915177742742                -1    0.995455281791                -1   -0.106659836119   0.0189953349551  -0.0189953349551    0.106659836119
     BPMSW.1R8.B1        20197.4604   -0.025290387442                -1    0.987589712093                -1  -0.0573731890548   -0.299172259091    0.299172259091   0.0573731890548
      BPMS.2R8.B1        20207.3944  -0.0131099891157                -1    0.993508761219                -1    -0.14009971217   0.0824120087152  -0.0824120087152     0.14009971217
     BPMWB.4R8.B1        20295.4629  0.00383299422041               0.0     1.00192202421               0.0  -0.0871932948337   0.0341793828766  -0.0341793828766   0.0871932948337
     BPMYB.4R8.B1        20319.9304  0.00491867466079               0.0     1.00246844719               0.0  -0.0800303611489 -0.000499597571535 0.000499597571535   0.0800303611489
     BPMYB.5R8.B1        20340.5074  0.00754559938152               0.0     1.00379428586               0.0  -0.0653677382527  -0.0187360603644   0.0187360603644   0.0653677382527
       BPM.6R8.B1        20424.6154   0.0156042197007               0.0     1.00789462301               0.0   0.0207672323523   -0.227844410379    0.227844410379  -0.0207672323523
     BPM_A.7R8.B1        20446.8554  0.00412519392215               0.0     1.00206900044               0.0  -0.0560015016918   -0.128299239017    0.128299239017   0.0560015016918
      BPM.10R8.B1       20567.82043  0.00337174269949               0.0     1.00169014661               0.0  -0.0553806214589    -0.15342857865     0.15342857865   0.0553806214589
      BPM.11R8.B1       20619.65914  0.00438979063002               0.0      1.0022021482               0.0   -0.107327070588  -0.0427757619499   0.0427757619499    0.107327070588
      BPM.12R8.B1       20674.38266  0.00379124188637               0.0      1.0019010281               0.0 0.000904088992401  -0.0260720638437   0.0260720638437 -0.000904088992401
      BPM.13R8.B1       20727.83117  0.00322521146907               0.0     1.00161651699               0.0   0.0340110189113   -0.107804996538    0.107804996538  -0.0340110189113
      BPM.14R8.B1       20781.27969  0.00446675737889               0.0     1.00224088862               0.0  -0.0534959762119   -0.150412140572    0.150412140572   0.0534959762119
      BPM.15R8.B1       20834.72821   0.0225440601528               0.0     1.01146627068               0.0  -0.0546909485653  -0.0998907087214   0.0998907087214   0.0546909485653
      BPM.16R8.B1       20888.17672  0.00285625275957               0.0       1.001431193               0.0 -0.00147852830414  -0.0174651544924   0.0174651544924  0.00147852830414
      BPM.17R8.B1       20941.62524   0.0049957378012               0.0     1.00250726706               0.0   0.0382183573707   -0.122062188823    0.122062188823  -0.0382183573707
      BPM.18R8.B1       20995.07375  0.00556923094428               0.0     1.00279630084               0.0  -0.0220538791534   -0.162284016114    0.162284016114   0.0220538791534
      BPM.23R8.B1       21262.31633  0.00396246621257               0.0     1.00198714054               0.0  -0.0777229044218  -0.0665127987866   0.0665127987866   0.0777229044218
      BPM.24R8.B1       21315.76485   0.0058623723605               0.0     1.00294413724               0.0   0.0124470917747  -0.0410943531742   0.0410943531742  -0.0124470917747
      BPM.25R8.B1       21369.21337  0.00524723687902               0.0     1.00263398886               0.0   0.0436036735166   -0.116890215972    0.116890215972  -0.0436036735166
      BPM.26R8.B1       21422.66188  0.00407158558701               0.0     1.00204203064               0.0  -0.0398751987977   -0.143023311437    0.143023311437   0.0398751987977
      BPM.29R8.B1       21583.00743  0.00285086005551               0.0     1.00142848506               0.0   0.0401840452685   -0.123274163416    0.123274163416  -0.0401840452685
      BPM.30R8.B1       21636.45594   0.0023043119343               0.0     1.00115415099               0.0  -0.0428718851104   -0.143954911536    0.143954911536   0.0428718851104
      BPM.31R8.B1       21689.90446  0.00596917379534               0.0     1.00299801535               0.0  -0.0813085292004  -0.0660041308317   0.0660041308317   0.0813085292004
      BPM.32R8.B1       21743.35298   0.0010680035693               0.0      1.0005344299               0.0   0.0136034007586  -0.0120118328287   0.0120118328287  -0.0136034007586
      BPM.33R8.B1       21796.80149  0.00343084102859               0.0     1.00171984717               0.0   0.0306763991054   -0.132990442716    0.132990442716  -0.0306763991054
      BPM.34R8.B1       21850.25001   0.0041777781938               0.0     1.00209545715               0.0   -0.036297464751   -0.147138299265    0.147138299265    0.036297464751
      BPM.33L1.B1       21903.69852  0.00157174636632               0.0     1.00078680079               0.0  -0.0853999715186  -0.0410463375789   0.0410463375789   0.0853999715186
      BPM.32L1.B1       21957.14704  0.00336286768882               0.0     1.00168568659               0.0   0.0223920057984  -0.0319829952145   0.0319829952145  -0.0223920057984
      BPM.31L1.B1       22010.59556  0.00207444657302               0.0     1.00103883983               0.0   0.0399106740543   -0.121757531256    0.121757531256  -0.0399106740543
      BPM.28L1.B1        22170.9411  0.00359901480808               0.0     1.00180437936               0.0   0.0247172622006  -0.0317749780448   0.0317749780448  -0.0247172622006
      BPM.27L1.B1       22224.38962  0.00347144026624               0.0     1.00174025233               0.0   0.0368432521623   -0.124459676715    0.124459676715  -0.0368432521623
      BPM.26L1.B1       22277.83814  0.00379839107524               0.0     1.00190462314               0.0  -0.0460626795143   -0.153205761046    0.153205761046   0.0460626795143
      BPM.25L1.B1       22331.28665  0.00529642247683               0.0     1.00265877742               0.0  -0.0818802793199  -0.0696307750443   0.0696307750443   0.0818802793199
      BPM.24L1.B1       22384.73517  0.00587845850253               0.0     1.00295225166               0.0  0.00939128640057   -0.039860657345    0.039860657345 -0.00939128640057
      BPM.22L1.B1        22491.6322  0.00583859922856               0.0      1.0029321456               0.0  -0.0413825841643   -0.157968024431    0.157968024431   0.0413825841643
      BPM.21L1.B1       22545.08071  0.00775012097126               0.0     1.00389773109               0.0  -0.0811707108282  -0.0822764040468   0.0822764040468   0.0811707108282
      BPM.20L1.B1       22598.52923  0.00589034564949               0.0     1.00295824809               0.0  0.00456320576889  -0.0387101584072   0.0387101584072 -0.00456320576889
      BPM.19L1.B1       22651.97775  0.00595091022015               0.0     1.00298880131               0.0    0.030429781261   -0.116148117672    0.116148117672   -0.030429781261
      BPM.18L1.B1       22705.42626  0.00578077480999               0.0     1.00290297959               0.0  -0.0395639894894   -0.157085581868    0.157085581868   0.0395639894894
      BPM.17L1.B1       22758.87478 -0.000579106851314                -1    0.999710572275                -1  -0.0776989095825  -0.0420770239237   0.0420770239237   0.0776989095825
      BPM.16L1.B1       22812.32329   0.0059568404706               0.0     1.00299179312               0.0   0.0450500356963  -0.0492800218744   0.0492800218744  -0.0450500356963
      BPM.15L1.B1       22865.77181  0.00561398155872               0.0     1.00281886514               0.0   0.0294795489971   -0.123822429434    0.123822429434  -0.0294795489971
      BPM.14L1.B1       22919.22033  0.00625819196327               0.0     1.00314385986               0.0  -0.0306794560531   -0.160450638011    0.160450638011   0.0306794560531
      BPM.13L1.B1       22972.66884  0.00316938984485               0.0     1.00158847179               0.0  -0.0822936479498  -0.0598990697556   0.0598990697556   0.0822936479498
      BPM.12L1.B1       23026.11736  0.00749633902504               0.0     1.00376937519               0.0   0.0200125086167  -0.0520663802761   0.0520663802761  -0.0200125086167
      BPM.11L1.B1       23079.56587  0.00577452325588               0.0     1.00289982653               0.0   0.0389688246586   -0.107571900078    0.107571900078  -0.0389688246586
       BPM.9L1.B1        23171.4116  0.00386039921445               0.0     1.00193580615               0.0  -0.0179968350364  -0.0962568176379   0.0962568176379   0.0179968350364
      BPMR.7L1.B1       23250.94062  0.00169102824726               0.0     1.00084658798               0.0   0.0168868595726   -0.113610344056    0.113610344056  -0.0168868595726
     BPMYA.4L1.B1       23347.14262    0.014456970187               0.0     1.00730781793               0.0   0.0257880243286    0.184070133617   -0.184070133617  -0.0257880243286
     BPMWB.4L1.B1       23368.27512  0.00348582029785               0.0     1.00174748003               0.0   -0.269049511089    0.181642225835   -0.181642225835    0.269049511089
     BPMSY.4L1.B1       23461.05512    -9.54111070965                -1    0.308004323431                -1    0.234924705099   0.0532793002329  -0.0532793002329   -0.234924705099
      BPMS.2L1.B1       23487.84062   -0.225146083162                -1    0.903454035359                -1    0.962435943247      2.1026229557     -2.1026229557   -0.962435943247
     BPMSW.1L1.B1       23497.79062 -0.000307129895341                -1    0.999846470417                -1   0.0221868361561    0.200851490732   -0.200851490732  -0.0221868361561
     BPMSW.1R1.B1       23540.93362   -0.330636833868                -1    0.866902448182                -1    0.531121476387    -0.19315013133     0.19315013133   -0.531121476387
      BPMS.2R1.B1       23550.89862 7.93194955712e-05               0.0     1.00003966211               0.0 -0.000429289912896    0.109252573119   -0.109252573119 0.000429289912896
     BPMSY.4R1.B1       23577.68412  0.00873662268453               0.0     1.00439714456               0.0  -0.0732254974256    0.168156986677   -0.168156986677   0.0732254974256
     BPMWB.4R1.B1       23670.46412  0.00983540729054               0.0     1.00495427926               0.0   -0.249285261193  -0.0799832428305   0.0799832428305    0.249285261193
     BPMYA.4R1.B1       23691.59662  0.00555050057913               0.0     1.00278685701               0.0   -0.100822007807    0.125098369313   -0.125098369313    0.100822007807
       BPM.5R1.B1       23719.00462  0.00681231585727               0.0     1.00342366018               0.0  -0.0849538627551    0.128326351758   -0.128326351758   0.0849538627551
      BPMR.6R1.B1       23750.90462  0.00835895851716               0.0     1.00420586519               0.0  0.00512889738457   -0.130194254667    0.130194254667 -0.00512889738457
     BPMSX.7R1.B1       23757.12012  0.00814588870853               0.0     1.00409799779               0.0   0.0146560694681   -0.144396383639    0.144396383639  -0.0146560694681
       BPM.8R1.B1       23820.06761  0.00888451982018               0.0     1.00447208129               0.0   -0.118920779487  -0.0375466798169   0.0375466798169    0.118920779487
       BPM.9R1.B1        23859.1346   0.0058396393056               0.0     1.00293267022               0.0   0.0442910917309  -0.0618590932773   0.0618590932773  -0.0442910917309
      BPM.10R1.B1       23899.59958  0.00856314006997               0.0      1.0043092655               0.0   0.0475394760975   -0.137356517167    0.137356517167  -0.0475394760975
      BPM.11R1.B1       23952.38227   0.0093276452037               0.0     1.00469670516               0.0   -0.012796395674    -0.15700231923     0.15700231923    0.012796395674
      BPM.12R1.B1       24007.10876  0.00550502065916               0.0     1.00276392719               0.0  -0.0583527259647   -0.060628736794    0.060628736794   0.0583527259647
      BPM.13R1.B1       24060.56024   0.0110063999693               0.0     1.00554904852               0.0   0.0320870747652  -0.0837874820863   0.0837874820863  -0.0320870747652
      BPM.14R1.B1       24114.01173  0.00923914875005               0.0     1.00465183354               0.0   0.0303891217914   -0.130893401454    0.130893401454  -0.0303891217914
      BPM.15R1.B1       24167.46321   0.0104472866319               0.0     1.00526493262               0.0  -0.0211827964826   -0.157709311799    0.157709311799   0.0211827964826
      BPM.16R1.B1       24220.91469   0.0109412082054               0.0     1.00551590863               0.0  -0.0607512889162  -0.0960806643612   0.0960806643612   0.0607512889162
      BPM.17R1.B1       24274.36618  0.00920448947027               0.0      1.0046342614               0.0  0.00717753220609  -0.0621427062365   0.0621427062365 -0.00717753220609
      BPM.18R1.B1       24327.81766  0.00934727262188               0.0     1.00470665794               0.0   0.0255223720447   -0.125149308402    0.125149308402  -0.0255223720447
      BPM.19R1.B1       24381.26915  0.00959387140735               0.0     1.00483172988               0.0  -0.0292286396289   -0.154065798257    0.154065798257   0.0292286396289
      BPM.20R1.B1       24434.72063  0.00925221702224               0.0     1.00465845936               0.0  -0.0637144787168  -0.0790839693078   0.0790839693078   0.0637144787168
      BPM.21R1.B1       24488.17211   0.0111500610587               0.0     1.00562208944               0.0   0.0205769183577    -0.08062625618     0.08062625618  -0.0205769183577
      BPM.23R1.B1       24595.07508   0.0106239518827               0.0     1.00535467981               0.0  -0.0374443507997   -0.144891727266    0.144891727266   0.0374443507997
      BPM.24R1.B1       24648.52657   0.0126327229569               0.0     1.00637684316               0.0  -0.0419575085533  -0.0941165123798   0.0941165123798   0.0419575085533
      BPM.25R1.B1       24701.97805    0.011486731157               0.0     1.00579332339               0.0   0.0225953182673  -0.0843754107626   0.0843754107626  -0.0225953182673
      BPM.26R1.B1       24755.42954    0.012106270148               0.0     1.00610865615               0.0   0.0157348903149   -0.145474594714    0.145474594714  -0.0157348903149
      BPM.27R1.B1       24808.88102   0.0133988497287               0.0     1.00676750894               0.0  -0.0212530934605   -0.152854725633    0.152854725633   0.0212530934605
      BPM.28R1.B1        24862.3325    0.010699628168               0.0     1.00539313125               0.0   -0.049316292958  -0.0839989703649   0.0839989703649    0.049316292958
      BPM.29R1.B1       24915.78399   0.0123319966735               0.0     1.00622362011               0.0   0.0299220453958  -0.0918345829093   0.0918345829093  -0.0299220453958
      BPM.30R1.B1       24969.23547   0.0116412095564               0.0     1.00587192201               0.0   0.0232693088172   -0.141356666185    0.141356666185  -0.0232693088172
      BPM.32L2.B1       25289.94438  0.00922789983791               0.0     1.00464613028               0.0  -0.0418032690293  -0.0744798267071   0.0744798267071   0.0418032690293
      BPM.31L2.B1       25343.39586   0.0125390291013               0.0     1.00632909769               0.0   0.0357501219991  -0.0963255608143   0.0963255608143  -0.0357501219991
      BPM.30L2.B1       25396.84734   0.0150619761111               0.0     1.00761714381               0.0 -0.00651399008868   -0.159444659303    0.159444659303  0.00651399008868
      BPM.29L2.B1       25450.29883   0.0149901110657               0.0     1.00758038592               0.0  -0.0232845051622   -0.144425677812    0.144425677812   0.0232845051622
      BPM.28L2.B1       25503.75031   0.0148531800525               0.0     1.00751035889               0.0  -0.0385383348873   -0.103880813713    0.103880813713   0.0385383348873
      BPM.27L2.B1        25557.2018    0.012270253985               0.0     1.00619217025               0.0   0.0281227342314  -0.0916872484056   0.0916872484056  -0.0281227342314
      BPM.26L2.B1       25610.65328   0.0113372424445               0.0     1.00571728106               0.0    0.013860615919   -0.138366697531    0.138366697531   -0.013860615919
      BPM.25L2.B1       25664.10477   0.0124105782764               0.0     1.00626365146               0.0   -0.017044088272   -0.152741960701    0.152741960701    0.017044088272
      BPM.24L2.B1       25717.55625  0.00944041344743               0.0     1.00475389236               0.0    -0.04967729765  -0.0776705107719   0.0776705107719     0.04967729765
      BPM.23L2.B1       25771.00773  0.00878973768227               0.0     1.00442405501               0.0   0.0419744636342  -0.0706316098758   0.0706316098758  -0.0419744636342
      BPM.22L2.B1       25824.45922  0.00822874042755               0.0     1.00413993766               0.0   0.0252769994314   -0.127969933183    0.127969933183  -0.0252769994314
      BPM.21L2.B1        25877.9107  0.00824931883624               0.0     1.00415035535               0.0  -0.0286459949563   -0.149321914045    0.149321914045   0.0286459949563
      BPM.16L2.B1       26145.16812   0.0102410621621               0.0     1.00516019952               0.0  -0.0489912152676   -0.083193828415    0.083193828415   0.0489912152676
      BPM.15L2.B1       26198.61961   0.0111744010323               0.0     1.00563446607               0.0   0.0288920020389   -0.082018165877    0.082018165877  -0.0288920020389
      BPM.14L2.B1       26252.07109   0.0101335717851               0.0     1.00510562247               0.0   0.0244571094085    -0.13342951666     0.13342951666  -0.0244571094085
      BPM.13L2.B1       26305.52257  0.00985602656934               0.0     1.00496474306               0.0  -0.0269900057432    -0.14663269108     0.14663269108   0.0269900057432
      BPM.12L2.B1       26358.97406   0.0101233859193               0.0     1.00510045117               0.0  -0.0404919943534  -0.0819027683274   0.0819027683274   0.0404919943534
      BPM.11L2.B1       26412.42554   0.0112015249156               0.0     1.00564825884               0.0   0.0429585390942  -0.0853829948691   0.0853829948691  -0.0429585390942
      BPM.10L2.B1       26464.26623   0.0119990299753               0.0     1.00605405186               0.0   0.0102980003026   -0.149206431257    0.149206431257  -0.0102980003026
       BPM.9L2.B1       26503.33322   0.0123763722585               0.0     1.00624622551               0.0    0.011097556165   -0.153468855373    0.153468855373   -0.011097556165
       BPM.8L2.B1       26543.79821   0.0132254530671               0.0     1.00667905013               0.0  0.00754595964584   -0.102417922566    0.102417922566 -0.00754595964584
       BPM.7L2.B1        26582.8662   0.0104028775308               0.0     1.00524237626               0.0    0.130348844497  -0.0101257740028   0.0101257740028   -0.130348844497
      BPMR.6L2.B1        26614.9722  -0.0324856473757                -1    0.984142502841                -1     1.16810775966    -2.19815274942     2.19815274942    -1.16810775966