@ GetLLMVersion %s "V3.0.0 Dev"
@ Command %s "/afs/cern.ch/work/o/omc/anaconda/bin/python '/afs/cern.ch/work/e/efol/public/Beta-Beat.src/GetLLM/GetLLM.py' '--accel=LHCB1' '--model=/afs/cern.ch/work/e/efol/public/betabeatGui/temp/2017-12-20/models/LHCB1/Multiturn-model_40cm_2041/twiss.dat' '--files=/afs/cern.ch/work/e/efol/public/betabeatGui/temp/2017-12-20/LHCB1/Measurements/Beam1@Turn@2017_09_11@19_02_33_250_addDbscan/Beam1@Turn@2017_09_11@19_02_33_250_addDbscan.sdds' '--output=/afs/cern.ch/work/e/efol/public/betabeatGui/temp/2017-12-20/LHCB1/Results/40cm_dbscan_after_holeInOneCleaning' '--tbtana=SUSSIX' '--bpmu=mm' '--lhcphase=1' '--errordefs=/afs/cern.ch/work/e/efol/public/betabeatGui/temp/2017-12-20/models/LHCB1/Multiturn-model_40cm_2041/error_deff.txt'"
@ CWD %s "/home/efol/Workspaces/Accsoft-Eclipse-Pro/lhc-app-beta-beating"
@ Date %s "21. December 2017, 14:03:12"
@ Q1 %le 0.30985339184
@ Q2 %le 0.319421650825
@ RMSbetabeat %le 1.84477847885
@ RescalingFactor %le 1.0993575415
@ FILES %s "/afs/cern.ch/work/e/efol/public/betabeatGui/temp/2017-12-20/LHCB1/Measurements/Beam1@Turn@2017_09_11@19_02_33_250_addDbscan/Beam1@Turn@2017_09_11@19_02_33_250_addDbscan.sdds.linx"
*            NAME                 S             COUNT              BETX           BETXSTD           BETXMDL            MUXMDL           BETXRES        BETXSTDRES
$              %s               %le               %le               %le               %le               %le               %le               %le               %le
   "BPMYB.5L2.B1"            28.288                 1     137.838326143 1.48323969742e-08        175.128565     0.03145312858     151.533603353  1.6306107472e-08
   "BPMYB.4L2.B1"            48.858                 1     69.1105029609 1.48323969742e-08       84.35832101     0.05851807485     75.9771526266  1.6306107472e-08
   "BPMWI.4L2.B1"           73.3255                 1     68.3127611106 1.48323969742e-08       83.45002126      0.1097876872     75.1001491073  1.6306107472e-08
   "BPMSX.4L2.B1"          123.4825                 1     150.291487783 1.48323969742e-08       170.5391556      0.1788502064     165.224080516  1.6306107472e-08
    "BPMS.2L2.B1"           161.394                 1     62.1377020007 1.48323969742e-08       63.40330267       0.229253766     68.3115513057  1.6306107472e-08
   "BPMSW.1L2.B1"           171.328                 1     50.8043359595 1.48323969742e-08        56.6340898      0.2526788187     55.8521298778  1.6306107472e-08
   "BPMSW.1R2.B1"           214.518                 1     50.8450094051 1.48323969742e-08        56.6345024      0.6146370966     55.8968445369  1.6306107472e-08
    "BPMS.2R2.B1"           224.452                 1     151.586251915 1.48323969742e-08       173.4266688       0.632582971     166.647489229  1.6306107472e-08
   "BPMSX.4R2.B1"          262.3635                 1     75.9764499686 1.48323969742e-08       100.2196997      0.6761117673      83.525283249  1.6306107472e-08
   "BPMWB.4R2.B1"          312.5965                 1     88.6471939132 1.48323969742e-08       104.9354204      0.7575836096     97.4549611609  1.6306107472e-08
   "BPMYB.4R2.B1"           336.988                 1     88.1922658338 1.48323969742e-08       101.2151279      0.7924101326     96.9548325459  1.6306107472e-08
     "BPM.6R2.B1"           439.818                 1       151.3338632 1.48323969742e-08       181.6208991       1.036087404     166.370023793  1.6306107472e-08
   "BPM_A.7R2.B1"           452.693                 1     75.1842574563 1.48323969742e-08       85.21587822        1.05258811     82.6543804363  1.6306107472e-08
     "BPM.8R2.B1"       494.1300106                 1     100.065654884 1.48323969742e-08       113.0897601       1.134746992     110.007932341  1.6306107472e-08
     "BPM.9R2.B1"       533.1950212                 1      14.893908667 1.48323969742e-08       15.94722448       1.292805637     16.3737308154  1.6306107472e-08
    "BPM.10R2.B1"       573.6580318                 1     155.191219205 1.48323969742e-08       171.7411105       1.460281322     170.610637207  1.6306107472e-08
    "BPM.11R2.B1"       625.4967424                 1     30.2688918153 1.48323969742e-08       32.90159014       1.566688573     33.2763344899  1.6306107472e-08
    "BPM.14R2.B1"       787.1172901                 1     157.806913622 1.48323969742e-08         170.35043       1.960490566      173.48622059  1.6306107472e-08
    "BPM.15R2.B1"        840.565806                 1     31.6261345179 1.48323969742e-08       34.55300863       2.072703938     34.7684294906  1.6306107472e-08
    "BPM.16R2.B1"       894.0143219                 1     151.390745302 1.48323969742e-08       168.8433479       2.207282493      166.43255756  1.6306107472e-08
    "BPM.17R2.B1"       947.4628378                 1     31.4642154484 1.48323969742e-08       33.10170512       2.323083936     34.5904225404  1.6306107472e-08
    "BPM.18R2.B1"       1000.911354                 1     157.819109354 1.48323969742e-08       170.3630625       2.460771013      173.49962806  1.6306107472e-08
    "BPM.19R2.B1"        1054.35987                 1     31.2937225537 1.48323969742e-08       34.55282647       2.572979721     34.4029898909  1.6306107472e-08
    "BPM.20R2.B1"       1107.808386                 1     151.801294413 1.48323969742e-08       168.8307202       2.707565464     166.883897822  1.6306107472e-08
    "BPM.21R2.B1"       1161.256901                 1     30.6850065831 1.48323969742e-08       33.10189183       2.823371809      33.733793398  1.6306107472e-08
    "BPM.22R2.B1"       1214.705417                 1     155.424642362 1.48323969742e-08       170.3756854        2.96105144     170.867252715  1.6306107472e-08
    "BPM.23R2.B1"       1268.153933                 1     30.7524486408 1.48323969742e-08       33.11661624       3.076157208     33.8079363328  1.6306107472e-08
    "BPM.24R2.B1"       1321.602449                 1     160.915094039 1.48323969742e-08       170.3730582       3.213836773     176.903222172  1.6306107472e-08
    "BPM.26R2.B1"       1428.499481                 1     167.732236606 1.48323969742e-08       170.3757138       3.466622864     184.397699265  1.6306107472e-08
    "BPM.27R2.B1"       1481.947997                 1     30.0736032959 1.48323969742e-08       33.11659909       3.581728657     33.0616425833  1.6306107472e-08
    "BPM.28R2.B1"       1535.396513                 1     164.040909864 1.48323969742e-08       170.3730331       3.719408284     180.339611373  1.6306107472e-08
    "BPM.29R2.B1"       1588.845029                 1     31.2505510632 1.48323969742e-08       33.11640494       3.834515594     34.3555289873  1.6306107472e-08
    "BPM.30R2.B1"       1642.293545                 1     160.631850292 1.48323969742e-08       170.3757357       3.972194287     176.591836023  1.6306107472e-08
    "BPM.33R2.B1"       1802.639092                 1     30.8907317418 1.48323969742e-08       33.11642281       4.340087075     33.9599589027  1.6306107472e-08
    "BPM.34R2.B1"       1856.087608                 1     160.743750075 1.48323969742e-08       170.3757509        4.47776571     176.714853893  1.6306107472e-08
    "BPM.33L3.B1"       1909.536124                 1      31.267704495 1.48323969742e-08       33.11656339       4.592871563     34.3743867418  1.6306107472e-08
    "BPM.32L3.B1"        1962.98464                 1     154.677636023 1.48323969742e-08       170.3730027       4.730551308     170.046025663  1.6306107472e-08
    "BPM.31L3.B1"       2016.433156                 1     30.6383933869 1.48323969742e-08       33.11644104       4.845658554     33.6825488292  1.6306107472e-08
    "BPM.30L3.B1"       2069.881672                 1     154.344398111 1.48323969742e-08       170.3757594       4.983337132     169.679678051  1.6306107472e-08
    "BPM.29L3.B1"       2123.330188                 1     29.4147479449 1.48323969742e-08         33.116545       5.098443021     32.3373249844  1.6306107472e-08
    "BPM.28L3.B1"       2176.778704                 1     153.672669062 1.48323969742e-08       170.3729976        5.23612282     168.941207656  1.6306107472e-08
    "BPM.27L3.B1"        2230.22722                 1     31.0386215502 1.48323969742e-08       33.11645955       5.351230029     34.1225426789  1.6306107472e-08
    "BPM.26L3.B1"       2283.675735                 1     156.816069955 1.48323969742e-08       170.3757611       5.488908554     172.396929133  1.6306107472e-08
    "BPM.25L3.B1"       2337.124251                 1     32.2445052992 1.48323969742e-08       33.11652639       5.604014482     35.4482400725  1.6306107472e-08
    "BPM.24L3.B1"       2390.572767                 1     155.999691869 1.48323969742e-08       170.3729992       5.741694333     171.499437727  1.6306107472e-08
    "BPM.23L3.B1"       2444.021283                 1     30.9851100366 1.48323969742e-08       33.11647824       5.856801501     34.0637143928  1.6306107472e-08
    "BPM.22L3.B1"       2497.469799                 1     160.685262758 1.48323969742e-08       170.3757561       5.994479976     176.650555421  1.6306107472e-08
    "BPM.21L3.B1"       2550.918315                 1       30.70624451 1.48323969742e-08       33.11650764       6.109585946      33.757141473  1.6306107472e-08
    "BPM.20L3.B1"       2604.366831                 1     151.391085639 1.48323969742e-08       168.7740195       6.248110946     166.432931713  1.6306107472e-08
    "BPM.19L3.B1"       2657.815347                 1      30.283088509 1.48323969742e-08       34.54002499       6.360982089     33.2919417321  1.6306107472e-08
    "BPM.18L3.B1"       2711.263863                 1     166.036474158 1.48323969742e-08       170.4266924       6.494760431     182.533450029  1.6306107472e-08
    "BPM.17L3.B1"       2764.712379                 1     34.1150024909 1.48323969742e-08       33.11556542       6.609873695     37.5045852665  1.6306107472e-08
    "BPM.16L3.B1"       2818.160894                 1     150.682466366 1.48323969742e-08       168.7871945       6.748394012     165.653905771  1.6306107472e-08
    "BPM.13L3.B1"       2978.506442                 1     31.7799160401 1.48323969742e-08       33.11463215       7.110161452     34.9374903668  1.6306107472e-08
    "BPM.12L3.B1"       3031.954958                 1     166.416126042 1.48323969742e-08       171.5175732       7.247251311      182.95082319  1.6306107472e-08
    "BPM.11L3.B1"       3085.403474                 1     25.6394254069 1.48323969742e-08        28.2592413       7.373708861     28.1868956807  1.6306107472e-08
    "BPM.10L3.B1"       3138.184185                 1     161.858884555 1.48323969742e-08       172.7569671       7.522788108     177.940785394  1.6306107472e-08
     "BPM.9L3.B1"       3177.249195                 1     49.2474488132 1.48323969742e-08       54.93815126       7.583724784     54.1405542523  1.6306107472e-08
     "BPM.8L3.B1"       3217.712206                 1     158.906819754 1.48323969742e-08       175.5991319       7.660416551     174.695410692  1.6306107472e-08
     "BPM.7L3.B1"       3256.776216                 1     52.2422659083 1.48323969742e-08       58.10046323       7.719364003     57.4329290111  1.6306107472e-08
     "BPM.6L3.B1"       3329.415216                 1     181.057789552 1.48323969742e-08       206.7756234       7.831510896      199.04724639  1.6306107472e-08
  "BPMWG.A5L3.B1"       3371.119716                 1      54.576889424 1.48323969742e-08       68.26217692       7.888594994     59.9995149796  1.6306107472e-08
    "BPMW.5L3.B1"       3400.089716                 1     42.9494772754 1.48323969742e-08       56.59279169       7.971952656      47.216831746  1.6306107472e-08
   "BPMWE.4L3.B1"       3475.217716                 1      225.85189288 1.48323969742e-08       272.6641978        8.07532486     248.291981698  1.6306107472e-08
    "BPMW.4L3.B1"       3502.762716                 1      219.73953078 1.48323969742e-08       250.6035005       8.090528029     241.572310328  1.6306107472e-08
    "BPMW.4R3.B1"       3547.727716                 1     40.0600033159 1.48323969742e-08       44.32448505       8.160679045     44.0402667577  1.6306107472e-08
   "BPMWE.4R3.B1"       3575.272716                 1     25.3141051501 1.48323969742e-08       30.72266468       8.308322669     27.8292524029  1.6306107472e-08
    "BPMW.5R3.B1"       3650.400716                 1     279.974294352 1.48323969742e-08       347.6581685       8.437850831      307.79185192  1.6306107472e-08
  "BPMWJ.A5R3.B1"       3679.118716                 1      244.00175729 1.48323969742e-08       302.5649998       8.450477678     268.245172015  1.6306107472e-08
   "BPMWC.6R3.B1"       3718.936716                 1     54.5343721549 1.48323969742e-08       64.79675564       8.496370937     59.9527732992  1.6306107472e-08
    "BPMR.6R3.B1"       3731.015216                 1     34.3351815602 1.48323969742e-08       39.70879417       8.536481749     37.7466407869  1.6306107472e-08
     "BPM.8R3.B1"       3825.903227                 1     28.5060027749 1.48323969742e-08        35.2651492       8.835957198     31.3382891284  1.6306107472e-08
     "BPM.9R3.B1"       3864.968238                 1     110.639306262 1.48323969742e-08       128.5117235       8.940088827     121.632155724  1.6306107472e-08
    "BPM.10R3.B1"       3905.431248                 1     47.8554852924 1.48323969742e-08       54.67179092       9.014821952     52.6102886581  1.6306107472e-08
    "BPM.11R3.B1"       3958.211959                 1     172.376535543 1.48323969742e-08       183.5210003       9.107876696     189.503444326  1.6306107472e-08
    "BPM.12R3.B1"       4012.935475                 1     45.0837486591 1.48323969742e-08       42.56129302       9.208659941     49.5631590872  1.6306107472e-08
    "BPM.13R3.B1"       4066.383991                 1     161.477642475 1.48323969742e-08       170.7795851       9.325472939     177.521664038  1.6306107472e-08
    "BPM.14R3.B1"       4119.832506                 1     28.9915903463 1.48323969742e-08       33.11851399       9.440563908     31.8721234871  1.6306107472e-08
    "BPM.17R3.B1"       4280.178054                 1     116.527285291 1.48323969742e-08       170.4508792       9.825752567     128.105149875  1.6306107472e-08
    "BPM.18R3.B1"        4333.62657                 1     29.8313796721 1.48323969742e-08       33.11755551        9.94085164     32.7953522157  1.6306107472e-08
    "BPM.19R3.B1"       4387.075086                 1     158.306242765 1.48323969742e-08        168.762939       10.07937985     174.035161849  1.6306107472e-08
    "BPM.22R3.B1"       4547.420634                 1     28.1576348306 1.48323969742e-08       33.11660593       10.44113938     30.9553082017  1.6306107472e-08
    "BPM.25R3.B1"       4707.766181                 1     158.527949533 1.48323969742e-08       170.3736653       10.83160423     174.278896857  1.6306107472e-08
    "BPM.27R3.B1"       4814.663213                 1     162.448644573 1.48323969742e-08       170.3750681       11.08438929     178.589142517  1.6306107472e-08
    "BPM.28R3.B1"       4868.111729                 1     33.3150968503 1.48323969742e-08       33.11637287       11.19949583     36.6252029681  1.6306107472e-08
    "BPM.30R3.B1"       4975.008761                 1     29.5937711222 1.48323969742e-08       33.11662759       11.45228227     32.5341354645  1.6306107472e-08
    "BPM.31R3.B1"       5028.457277                 1     168.365366594 1.48323969742e-08       170.3750152       11.58996073     185.093735491  1.6306107472e-08
    "BPM.32R3.B1"       5081.905793                 1     30.8984724015 1.48323969742e-08       33.11636264       11.70506732     33.9684686553  1.6306107472e-08
    "BPM.33R3.B1"       5135.354309                 1      148.55060448 1.48323969742e-08       170.3737711       11.84274721     163.310227329  1.6306107472e-08
    "BPM.34R3.B1"       5188.802825                 1      29.966786294 1.48323969742e-08       33.11663749       11.95785372     32.9442125067  1.6306107472e-08
    "BPM.33L4.B1"        5242.25134                 1     158.730398827 1.48323969742e-08       170.3749591       12.09553218     174.501461015  1.6306107472e-08
    "BPM.32L4.B1"       5295.699856                 1     30.3140236479 1.48323969742e-08       33.11635308       12.21063881     33.3259505104  1.6306107472e-08
    "BPM.31L4.B1"       5349.148372                 1     159.791348928 1.48323969742e-08       170.3738287       12.34831869      175.66782451  1.6306107472e-08
    "BPM.30L4.B1"       5402.596888                 1     30.0935624136 1.48323969742e-08       33.11664671       12.46342516     33.0835847899  1.6306107472e-08
    "BPM.29L4.B1"       5456.045404                 1     166.141650385 1.48323969742e-08       170.3749002       12.60110363     182.649076307  1.6306107472e-08
    "BPM.28L4.B1"        5509.49392                 1     29.5213830356 1.48323969742e-08       33.11634423        12.7162103     32.4545550756  1.6306107472e-08
    "BPM.27L4.B1"       5562.942436                 1     157.671492753 1.48323969742e-08       170.3738889       12.85389018     173.337344637  1.6306107472e-08
    "BPM.26L4.B1"       5616.390952                 1     29.7051859284 1.48323969742e-08       33.11665519        12.9689966     32.6566201719  1.6306107472e-08
    "BPM.25L4.B1"       5669.839468                 1     156.073118892 1.48323969742e-08       170.3748387       13.10667508     171.580160278  1.6306107472e-08
    "BPM.24L4.B1"       5723.287984                 1     31.1116019316 1.48323969742e-08       33.11633612       13.22178179     34.2027742115  1.6306107472e-08
    "BPM.23L4.B1"         5776.7365                 1     154.831949332 1.48323969742e-08       170.3739515       13.35946166     170.215671162  1.6306107472e-08
    "BPM.22L4.B1"       5830.185015                 1     30.3932405983 1.48323969742e-08        33.1166629       13.47456804     33.4130382622  1.6306107472e-08
    "BPM.21L4.B1"       5883.633531                 1     160.951550126 1.48323969742e-08        170.374775       13.61224654     176.943300447  1.6306107472e-08
    "BPM.20L4.B1"       5937.082047                 1     31.8378539432 1.48323969742e-08        34.5523301       13.72445156     35.0011848374  1.6306107472e-08
    "BPM.19L4.B1"       5990.530563                 1     155.660552369 1.48323969742e-08       168.8189486       13.85904485      171.12660216  1.6306107472e-08
    "BPM.18L4.B1"       6043.979079                 1     29.3976389675 1.48323969742e-08       33.10237926        13.9748551     32.3185161011  1.6306107472e-08
    "BPM.17L4.B1"       6097.427595                 1     162.027069685 1.48323969742e-08       170.3873833       14.11252694     178.125680984  1.6306107472e-08
    "BPM.16L4.B1"       6150.876111                 1     34.6783372195 1.48323969742e-08       34.55213024       14.22472735     38.1238915488  1.6306107472e-08
    "BPM.15L4.B1"       6204.324627                 1     158.140489453 1.48323969742e-08       168.8063453       14.35932787     173.852939696  1.6306107472e-08
    "BPM.14L4.B1"       6257.773143                 1     30.7263058911 1.48323969742e-08       33.10258368       14.47514296     33.7791961037  1.6306107472e-08
    "BPM.13L4.B1"       6311.221659                 1     165.450912658 1.48323969742e-08       170.3999817       14.61280733     181.889708578  1.6306107472e-08
    "BPM.12L4.B1"       6364.670174                 1     32.1528887017 1.48323969742e-08       33.66441246       14.72676903     35.3475206751  1.6306107472e-08
    "BPM.11L4.B1"        6418.11869                 1     153.595815178 1.48323969742e-08       166.5763012       14.86492988     168.856717758  1.6306107472e-08
    "BPM.10L4.B1"       6469.957401                 1     31.9199369955 1.48323969742e-08       31.52780044       14.98126706     35.0914234601  1.6306107472e-08
     "BPM.9L4.B1"       6509.022412                 1       99.01541084 1.48323969742e-08        111.000041       15.10739803     108.853338631  1.6306107472e-08
     "BPM.8L4.B1"       6549.485422                 1     22.2591150612 1.48323969742e-08       21.02823162       15.23843666     24.4707260095  1.6306107472e-08
     "BPM.7L4.B1"       6588.549433                 1     86.7533028849 1.48323969742e-08       103.4394451       15.41380548     95.3728977761  1.6306107472e-08
   "BPMYB.6L4.B1"       6685.153433                 1     105.647942887 1.48323969742e-08       134.8490532       15.55382553     116.144862757  1.6306107472e-08
   "BPMYA.5L4.B1"       6722.153433                 1     360.991649023 1.48323969742e-08       431.6814919       15.57941125      396.85889177  1.6306107472e-08
  "BPMWI.A5L4.B1"       6798.755933                 1     260.432531541 1.48323969742e-08       315.6044425        15.6113604       286.3084676  1.6306107472e-08
  "BPMWA.B5L4.B1"       6824.619933                 1     236.557402119 1.48323969742e-08       277.6303821       15.62528443     260.061164016  1.6306107472e-08
  "BPMWA.A5L4.B1"       6833.504933                 1     219.210493982 1.48323969742e-08       266.1917904       15.63048707     240.990709734  1.6306107472e-08
  "BPMWA.A5R4.B1"       6881.553933                 1      177.27108106 1.48323969742e-08       218.5680628       15.66240457     194.884299853  1.6306107472e-08
  "BPMWA.B5R4.B1"       6890.438933                 1     170.217620216 1.48323969742e-08       212.3939333       15.66896959      187.13002448  1.6306107472e-08
   "BPMYB.5R4.B1"       6992.829433                 1     182.872054992 1.48323969742e-08       217.2561595       15.75149725     201.041772785  1.6306107472e-08
   "BPMYA.6R4.B1"       7024.393433                 1     404.047002648 1.48323969742e-08       486.1398227       15.76697937      444.19211948  1.6306107472e-08
     "BPM.7R4.B1"       7120.909433                 1     21.1041300113 1.48323969742e-08       22.79889128       15.93450269     23.2009844846  1.6306107472e-08
     "BPM.8R4.B1"       7158.698443                 1     103.494142314 1.48323969742e-08       113.0607275       16.07991314     113.777065854  1.6306107472e-08
     "BPM.9R4.B1"       7197.763454                 1     16.8732749666 1.48323969742e-08        18.5713731       16.21624484     18.5497620842  1.6306107472e-08
    "BPM.10R4.B1"       7238.226465                 1     144.459462189 1.48323969742e-08       152.1990454        16.3816195     158.812599197  1.6306107472e-08
    "BPM.11R4.B1"       7290.065175                 1       31.72613341 1.48323969742e-08       34.70392971       16.49278171     34.8783640267  1.6306107472e-08
    "BPM.12R4.B1"       7344.788691                 1     148.402068714 1.48323969742e-08        170.420853        16.6284393     163.146933414  1.6306107472e-08
    "BPM.13R4.B1"       7398.237207                 1     29.8070128716 1.48323969742e-08       33.47884206       16.74286491     32.7685643898  1.6306107472e-08
    "BPM.14R4.B1"       7451.685723                 1     162.387535235 1.48323969742e-08       171.6773885       16.87901446     178.521961505  1.6306107472e-08
    "BPM.15R4.B1"       7505.134239                 1     32.6175518684 1.48323969742e-08       33.49086865       16.99285025     35.8583516317  1.6306107472e-08
    "BPM.16R4.B1"       7558.582755                 1     155.574124869 1.48323969742e-08       171.6764447       17.12900082     171.031587436  1.6306107472e-08
    "BPM.17R4.B1"       7612.031271                 1     33.4493613784 1.48323969742e-08       33.49130626       17.24283608     36.7728076896  1.6306107472e-08
    "BPM.18R4.B1"       7665.479786                 1     157.910708744 1.48323969742e-08       171.6773889       17.37898495      173.60032854  1.6306107472e-08
    "BPM.19R4.B1"       7718.928302                 1     31.1642967462 1.48323969742e-08        33.4908687       17.49282073     34.2607046534  1.6306107472e-08
    "BPM.20R4.B1"       7772.376818                 1     155.779383602 1.48323969742e-08       171.6764442        17.6289713     171.257240172  1.6306107472e-08
    "BPM.21R4.B1"       7825.825334                 1     29.5837662515 1.48323969742e-08       33.49130622       17.74280656     32.5231365344  1.6306107472e-08
    "BPM.22R4.B1"        7879.27385                 1     159.317512093 1.48323969742e-08       171.6773894       17.87895543     175.146908412  1.6306107472e-08
    "BPM.23R4.B1"       7932.722366                 1     31.4556122103 1.48323969742e-08       33.49177445       17.99278936     34.5809645058  1.6306107472e-08
    "BPM.24R4.B1"       7986.170882                 1     146.956368804 1.48323969742e-08       171.6788307       18.12893623     161.557592315  1.6306107472e-08
    "BPM.25R4.B1"       8039.619398                 1     33.6926842757 1.48323969742e-08       33.49132722       18.24277051     37.0403065518  1.6306107472e-08
    "BPM.26R4.B1"       8093.067914                 1     165.672370539 1.48323969742e-08       171.6773888       18.37891937     182.133169969  1.6306107472e-08
    "BPM.27R4.B1"        8146.51643                 1     30.8867147301 1.48323969742e-08       33.49177437       18.49275331     33.9555427706  1.6306107472e-08
    "BPM.28R4.B1"       8199.964946                 1     157.286934072 1.48323969742e-08       171.6788313       18.62890018     172.914577151  1.6306107472e-08
    "BPM.29R4.B1"       8253.413461                 1     30.7032954009 1.48323969742e-08        33.4913273       18.74273446     33.7538993477  1.6306107472e-08
    "BPM.30R4.B1"       8306.861977                 1     161.542983599 1.48323969742e-08       171.6773882       18.87888332     177.593497295  1.6306107472e-08
    "BPM.31R4.B1"       8360.310493                 1     34.1899256248 1.48323969742e-08        33.4917743       18.99271725     37.5869525788  1.6306107472e-08
    "BPM.32R4.B1"       8413.759009                 1     150.530645765 1.48323969742e-08       171.6788318       19.12886413     165.487000648  1.6306107472e-08
    "BPM.33R4.B1"       8467.207525                 1      28.501774272 1.48323969742e-08       33.49132738        19.2426984      31.333640492  1.6306107472e-08
    "BPM.34R4.B1"       8520.656041                 1     159.581583079 1.48323969742e-08       171.6773877       19.37884727     175.437216841  1.6306107472e-08
    "BPM.33L5.B1"       8574.104557                 1     30.8571245844 1.48323969742e-08       33.49177422        19.4926812     33.9230126207  1.6306107472e-08
    "BPM.32L5.B1"       8627.553073                 1     148.342636955 1.48323969742e-08       171.6788324       19.62882807     163.081596662  1.6306107472e-08
    "BPM.31L5.B1"       8681.001589                 1     30.0943647036 1.48323969742e-08       33.49132746       19.74266235     33.0844667934  1.6306107472e-08
    "BPM.30L5.B1"       8734.450105                 1     159.581136663 1.48323969742e-08       171.6773871       19.87881121     175.436726071  1.6306107472e-08
    "BPM.29L5.B1"        8787.89862                 1     30.0261041972 1.48323969742e-08       33.49177414       19.99264515     33.0094240909  1.6306107472e-08
    "BPM.28L5.B1"       8841.347136                 1     156.194491817 1.48323969742e-08        171.678833       20.12879202     171.713592519  1.6306107472e-08
    "BPM.27L5.B1"       8894.795652                 1     28.7894317792 1.48323969742e-08       33.49132754       20.24262629     31.6498789418  1.6306107472e-08
    "BPM.24L5.B1"         9055.1412                 1     152.554005283 1.48323969742e-08       171.6788335       20.62875597     167.711396193  1.6306107472e-08
    "BPM.23L5.B1"       9108.589716                 1     29.9275820012 1.48323969742e-08       33.49132762       20.74259024     32.9011129717  1.6306107472e-08
    "BPM.22L5.B1"       9162.038232                 1     166.932342709 1.48323969742e-08        171.677386       20.87873911     183.518329877  1.6306107472e-08
    "BPM.21L5.B1"       9215.486748                 1     31.0615283911 1.48323969742e-08       33.49177398       20.99257304     34.1477254871  1.6306107472e-08
    "BPM.20L5.B1"       9268.935264                 1     159.661634762 1.48323969742e-08        171.676489       21.12872111     175.525222263  1.6306107472e-08
    "BPM.17L5.B1"       9429.280811                 1     33.6869630216 1.48323969742e-08       33.49177398       21.49254352     37.0340168479  1.6306107472e-08
    "BPM.16L5.B1"       9482.729327                 1     154.547510226 1.48323969742e-08       171.6764903       21.62869159     169.902970886  1.6306107472e-08
    "BPM.15L5.B1"       9536.177843                 1     31.2058772805 1.48323969742e-08       33.49040098        21.7425287     34.3064165273  1.6306107472e-08
    "BPM.14L5.B1"       9589.626359                 1     169.339495063 1.48323969742e-08       171.6773425       21.87868007     186.164650971  1.6306107472e-08
    "BPM.13L5.B1"       9643.074875                 1     33.0002887589 1.48323969742e-08       33.49177397       21.99251401     36.2791163186  1.6306107472e-08
    "BPM.12L5.B1"       9696.523391                 1     156.532567695 1.48323969742e-08       168.1512586       22.13049826     172.085258785  1.6306107472e-08
    "BPM.11L5.B1"       9749.971907                 1     32.9827535226 1.48323969742e-08        37.5248342        22.2382219     36.2598388244  1.6306107472e-08
    "BPM.10L5.B1"       9802.752617                 1     147.421672072 1.48323969742e-08       150.3503314       22.36968741     162.069126972  1.6306107472e-08
     "BPM.9L5.B1"       9841.817628                 1     19.3014457521 1.48323969742e-08       21.32865309       22.47730301     21.2191899494  1.6306107472e-08
     "BPM.8L5.B1"       9882.280639                 1     112.307313451 1.48323969742e-08       118.0728601       22.66146928     123.465892008  1.6306107472e-08
    "BPMR.5L5.B1"       9990.140649                 1      383.97427484 1.48323969742e-08       462.1055391       22.88181088     422.125014785  1.6306107472e-08
   "BPMYA.4L5.B1"       10017.54665                 1     838.145421157 1.48323969742e-08       1054.043045        22.8881843     921.421489619  1.6306107472e-08
   "BPMWB.4L5.B1"       10038.68115                 1       1071.696974 1.48323969742e-08       1315.864719       22.89098702     1178.17815056  1.6306107472e-08
   "BPMSY.4L5.B1"       10131.46115                 1     2100.19453036 1.48323969742e-08       2485.073071       22.89915642     2308.86469556  1.6306107472e-08
    "BPMS.2L5.B1"       10158.24665                 1     3057.64416548 1.48323969742e-08       3889.910817       22.90029854     3361.44417253  1.6306107472e-08
   "BPMSW.1L5.B1"       10168.21165                 1      1003.6672382 1.48323969742e-08       1162.912886       22.90113517     1103.38914746  1.6306107472e-08
   "BPMSW.1R5.B1"       10211.33965                 1     1024.11354054 1.48323969742e-08       1162.912184       23.39523136     1125.86694414  1.6306107472e-08
   "BPMWB.4R5.B1"       10340.87015                 1     707.692074438 1.48323969742e-08       817.3344555        23.4051606      778.00661909  1.6306107472e-08
   "BPMYA.4R5.B1"       10362.00265                 1     309.042497429 1.48323969742e-08       369.6082815       23.41139683     339.748200191  1.6306107472e-08
     "BPM.5R5.B1"       10383.12065                 1     154.534824193 1.48323969742e-08       168.4295663       23.42488375       169.8890244  1.6306107472e-08
    "BPMR.6R5.B1"       10415.02065                 1     7.30845299548 1.48323969742e-08       8.430381443       23.58150134     8.03460291724  1.6306107472e-08
   "BPM_A.7R5.B1"       10449.03465                 1     125.209199679 1.48323969742e-08       141.2419446       23.85403894     137.649677931  1.6306107472e-08
     "BPM.8R5.B1"       10490.47364                 1     19.3896177512 1.48323969742e-08       18.49863175       23.96924729     21.3161225015  1.6306107472e-08
     "BPM.9R5.B1"       10529.54063                 1       92.84633228 1.48323969742e-08       110.3220925       24.17193213     102.071315592  1.6306107472e-08
    "BPM.10R5.B1"       10570.00562                 1     32.9485642304 1.48323969742e-08       38.03706263       24.26381535     36.2222525681  1.6306107472e-08
    "BPM.11R5.B1"       10622.78831                 1     175.671045241 1.48323969742e-08       181.7845149       24.38513182     193.125288408  1.6306107472e-08
    "BPM.12R5.B1"       10677.51479                 1     33.7933354818 1.48323969742e-08         34.790099       24.49695998     37.1509582143  1.6306107472e-08
    "BPM.13R5.B1"       10730.96627                 1     154.430368293 1.48323969742e-08       171.7494436       24.62968881     169.774190018  1.6306107472e-08
    "BPM.14R5.B1"       10784.41776                 1     29.6739655217 1.48323969742e-08       33.48864627        24.7435307     32.6222977823  1.6306107472e-08
    "BPM.15R5.B1"       10837.86924                 1     162.247038647 1.48323969742e-08       171.6886063       24.87969107     178.367505522  1.6306107472e-08
    "BPM.16R5.B1"       10891.32073                 1     33.2469257923 1.48323969742e-08       33.48817036       24.99353555     36.5502586013  1.6306107472e-08
    "BPM.17R5.B1"       10944.77221                 1     158.124898403 1.48323969742e-08       171.6923318       25.12969523     173.835799557  1.6306107472e-08
    "BPM.18R5.B1"        10998.2237                 1     28.7365583488 1.48323969742e-08       33.48864624       25.24353723     31.5917521374  1.6306107472e-08
    "BPM.19R5.B1"       11051.67518                 1     160.269402714 1.48323969742e-08       171.6886062        25.3796976     176.193376545  1.6306107472e-08
    "BPM.20R5.B1"       11105.12666                 1     30.7195942518 1.48323969742e-08       33.48817039       25.49354209     33.7718176124  1.6306107472e-08
    "BPM.21R5.B1"       11158.57815                 1      152.42695241 1.48323969742e-08       171.6923319       25.62970177     167.571719659  1.6306107472e-08
    "BPM.22R5.B1"       11212.02963                 1     30.1022202557 1.48323969742e-08       33.48864622       25.74354377     33.0931028538  1.6306107472e-08
    "BPM.23R5.B1"       11265.48112                 1     166.309793551 1.48323969742e-08       171.6909512       25.87970295     182.833925764  1.6306107472e-08
    "BPM.24R5.B1"        11318.9326                 1     31.1529054676 1.48323969742e-08       33.48909703       25.99354459     34.2481815653  1.6306107472e-08
    "BPM.25R5.B1"       11372.38408                 1     147.618845711 1.48323969742e-08       171.6923727       26.12970177     162.285891299  1.6306107472e-08
    "BPM.26R5.B1"       11425.83557                 1     30.5709410477 1.48323969742e-08       33.48864622       26.24354377     33.6083945914  1.6306107472e-08
    "BPM.27R5.B1"       11479.28705                 1      166.01433722 1.48323969742e-08       171.6909512       26.37970295     182.509113619  1.6306107472e-08
    "BPM.28R5.B1"       11532.73854                 1     31.3464308491 1.48323969742e-08       33.48909703       26.49354459     34.4609351529  1.6306107472e-08
    "BPM.29R5.B1"       11586.19002                 1     163.087100155 1.48323969742e-08       171.6923727       26.62970177     179.291033476  1.6306107472e-08
    "BPM.30R5.B1"        11639.6415                 1     31.6357587012 1.48323969742e-08       33.48864622       26.74354377      34.779009909  1.6306107472e-08
    "BPM.31R5.B1"       11693.09299                 1     165.349751519 1.48323969742e-08       171.6909512       26.87970295     181.778496317  1.6306107472e-08
    "BPM.32R5.B1"       11746.54447                 1     29.9322825302 1.48323969742e-08       33.48909703       26.99354459     32.9062805337  1.6306107472e-08
    "BPM.33R5.B1"       11799.99596                 1     153.603169267 1.48323969742e-08       171.6923727       27.12970177     168.864802531  1.6306107472e-08
    "BPM.34R5.B1"       11853.44744                 1     31.7910022484 1.48323969742e-08       33.48864622       27.24354377     34.9496780735  1.6306107472e-08
    "BPM.33L6.B1"       11906.89893                 1     164.273634848 1.48323969742e-08       171.6909512       27.37970295     180.595459339  1.6306107472e-08
    "BPM.30L6.B1"       12067.25338                 1      30.967687723 1.48323969742e-08       33.48864622       27.74354377      34.044561041  1.6306107472e-08
    "BPM.29L6.B1"       12120.70486                 1     170.726094106 1.48323969742e-08       171.6909512       27.87970295     187.689019086  1.6306107472e-08
    "BPM.28L6.B1"       12174.15635                 1     32.5482119136 1.48323969742e-08       33.48909703       27.99354459     35.7821222295  1.6306107472e-08
    "BPM.27L6.B1"       12227.60783                 1     157.967472775 1.48323969742e-08       171.6923727       28.12970177     173.662732506  1.6306107472e-08
    "BPM.26L6.B1"       12281.05931                 1     30.0621196363 1.48323969742e-08       33.48864622       28.24354377     33.0490179355  1.6306107472e-08
    "BPM.25L6.B1"        12334.5108                 1     160.205895349 1.48323969742e-08       171.6909512       28.37970295     176.123559244  1.6306107472e-08
    "BPM.22L6.B1"       12494.86525                 1     30.2782259552 1.48323969742e-08       33.48864622       28.74354377     33.2865960469  1.6306107472e-08
    "BPM.21L6.B1"       12548.31673                 1     165.559411525 1.48323969742e-08       171.6909512       28.87970294     182.008987625  1.6306107472e-08
    "BPM.20L6.B1"       12601.76822                 1     33.1100563716 1.48323969742e-08       33.48819131       28.99354644     36.3997901715  1.6306107472e-08
    "BPM.19L6.B1"        12655.2197                 1      153.45500713 1.48323969742e-08       171.6899869       29.12970732     168.701919369  1.6306107472e-08
    "BPM.18L6.B1"       12708.67119                 1     31.1915905306 1.48323969742e-08        33.4886253       29.24355031     34.2907102811  1.6306107472e-08
    "BPM.17L6.B1"       12762.12267                 1     165.293189715 1.48323969742e-08       171.6909511       29.37970948     181.716314671  1.6306107472e-08
    "BPM.16L6.B1"       12815.57415                 1     29.9725592632 1.48323969742e-08        33.4881913       29.49355298     32.9505590639  1.6306107472e-08
    "BPM.15L6.B1"       12869.02564                 1     154.071168019 1.48323969742e-08        171.689987       29.62971385     169.379300489  1.6306107472e-08
    "BPM.14L6.B1"       12922.47712                 1     29.4590197145 1.48323969742e-08       33.48862531       29.74355684     32.3859954882  1.6306107472e-08
    "BPM.13L6.B1"       12975.92861                 1     161.388912806 1.48323969742e-08        171.690951       29.87971602     177.424118407  1.6306107472e-08
    "BPM.12L6.B1"       13029.38009                 1     31.0467685492 1.48323969742e-08       32.85380122       29.99488123     34.1314991436  1.6306107472e-08
    "BPM.11L6.B1"       13082.83158                 1     154.595730939 1.48323969742e-08       177.4262416       30.12992819     169.955982691  1.6306107472e-08
    "BPM.10L6.B1"       13134.67226                 1     24.1456786688 1.48323969742e-08       29.61362466       30.24585235     26.5447339391  1.6306107472e-08
     "BPM.9L6.B1"       13173.73925                 1     124.217913923 1.48323969742e-08       135.2126565       30.36561155      136.55990046  1.6306107472e-08
     "BPM.8L6.B1"       13214.20424                 1     16.3861030549 1.48323969742e-08       18.86386505       30.48833405     18.0141859691  1.6306107472e-08
   "BPMYA.5L6.B1"       13311.29423                 1     489.478677492 1.48323969742e-08       576.8072326        30.7339036     538.112075502  1.6306107472e-08
   "BPMYB.4L6.B1"       13347.69423                 1     188.623077255 1.48323969742e-08       225.3551484       30.74912326     207.364202481  1.6306107472e-08
   "BPMSA.4R6.B1"       13568.51473                 1     220.995014346 1.48323969742e-08       254.5630301       30.95582807     242.952535654  1.6306107472e-08
   "BPMYA.4R6.B1"       13691.29423                 1     472.126202509 1.48323969742e-08       573.8297065       31.00787876     519.035501266  1.6306107472e-08
   "BPMYB.5R6.B1"       13727.69423                 1     103.648272805 1.48323969742e-08       120.7891535       31.02888512     113.946510372  1.6306107472e-08
    "BPM.11R6.B1"       13954.79389                 1     33.3272114965 1.48323969742e-08       35.32712386       31.75757036     36.6385212956  1.6306107472e-08
    "BPM.12R6.B1"       14009.52037                 1     157.246709614 1.48323969742e-08       170.4229761       31.89361398     172.870356089  1.6306107472e-08
    "BPM.13R6.B1"       14062.97186                 1     28.8995586428 1.48323969742e-08       32.87662121       32.00924581     31.7709477399  1.6306107472e-08
    "BPM.14R6.B1"       14116.42334                 1     162.123952402 1.48323969742e-08       173.7588578       32.14617605      178.23218973  1.6306107472e-08
    "BPM.20R6.B1"       14437.13225                 1     164.355254273 1.48323969742e-08       174.5016795       32.91323081      180.68518827  1.6306107472e-08
    "BPM.21R6.B1"       14490.58373                 1      31.241097306 1.48323969742e-08       32.91478852       33.02703912     34.3451359279  1.6306107472e-08
    "BPM.22R6.B1"       14544.03522                 1     168.804720553 1.48323969742e-08       172.9065002       33.16440245     185.576742579  1.6306107472e-08
    "BPM.23R6.B1"        14597.4867                 1     29.8342904444 1.48323969742e-08       32.89954089       33.27890599     32.7985521953  1.6306107472e-08
    "BPM.24R6.B1"       14650.93818                 1     159.669375532 1.48323969742e-08       172.9086952       33.41627076     175.533732137  1.6306107472e-08
    "BPM.25R6.B1"       14704.38967                 1     29.0869538292 1.48323969742e-08       32.90016379       33.53077209     31.9769620513  1.6306107472e-08
    "BPM.26R6.B1"       14757.84115                 1     159.244937733 1.48323969742e-08       172.9064302       33.66813632     175.067123242  1.6306107472e-08
    "BPM.29R6.B1"        14918.1956                 1     31.3472701558 1.48323969742e-08       32.90015534        34.0345059      34.461857851  1.6306107472e-08
    "BPM.30R6.B1"       14971.64709                 1     166.192390147 1.48323969742e-08       172.9063627       34.17187019     182.704857447  1.6306107472e-08
    "BPM.31R6.B1"       15025.09857                 1     30.0976372859 1.48323969742e-08       32.89955779       34.28637375     33.0880645314  1.6306107472e-08
    "BPM.32R6.B1"       15078.55006                 1     153.181649604 1.48323969742e-08       172.9088301       34.42373839     168.401401711  1.6306107472e-08
    "BPM.33R6.B1"       15132.00154                 1     29.1321333246 1.48323969742e-08       32.90014622       34.53823971     32.0266304702  1.6306107472e-08
    "BPM.34R6.B1"       15185.45302                 1     163.162419703 1.48323969742e-08       172.9062979       34.67560406      179.37383659  1.6306107472e-08
    "BPM.33L7.B1"       15238.90451                 1     32.0089906282 1.48323969742e-08       32.89956723       34.79010763     35.1893252427  1.6306107472e-08
    "BPM.32L7.B1"       15292.35599                 1     159.844556331 1.48323969742e-08       172.9088936       34.92747221      175.72631847  1.6306107472e-08
    "BPM.31L7.B1"       15345.80748                 1     29.4953968406 1.48323969742e-08       32.90013647       35.04197353     32.4259869561  1.6306107472e-08
    "BPM.30L7.B1"       15399.25896                 1     160.302605305 1.48323969742e-08       172.9062359       35.17933793     176.229878064  1.6306107472e-08
    "BPM.29L7.B1"       15452.71045                 1       32.41967345 1.48323969742e-08        32.8995773        35.2938415     35.6408125001  1.6306107472e-08
    "BPM.28L7.B1"       15506.16193                 1     160.407188976 1.48323969742e-08       172.9089541       35.43120603      176.34485291  1.6306107472e-08
    "BPM.27L7.B1"       15559.61341                 1     31.2816800505 1.48323969742e-08       32.90012609       35.54570734     34.3897508741  1.6306107472e-08
    "BPM.26L7.B1"        15613.0649                 1     157.313186853 1.48323969742e-08       172.9061768        35.6830718     172.943438344  1.6306107472e-08
    "BPM.25L7.B1"       15666.51638                 1     31.0701773738 1.48323969742e-08       32.89958798       35.79757538     34.1572338114  1.6306107472e-08
    "BPM.24L7.B1"       15719.96787                 1     154.707186341 1.48323969742e-08       172.9090116       35.93493984     170.078512027  1.6306107472e-08
    "BPM.23L7.B1"       15773.41935                 1     30.8167404044 1.48323969742e-08       32.90011511       36.04944115     33.8786159679  1.6306107472e-08
    "BPM.22L7.B1"       15826.87083                 1      158.87160967 1.48323969742e-08       172.9061209       36.18680568     174.656702221  1.6306107472e-08
    "BPM.21L7.B1"       15880.32232                 1      31.400319952 1.48323969742e-08       32.89959925       36.30130925     34.5201785446  1.6306107472e-08
    "BPM.20L7.B1"        15933.7738                 1     169.046424803 1.48323969742e-08       174.5646964       36.43783228     185.842461969  1.6306107472e-08
    "BPM.17L7.B1"       16094.12825                 1      31.554530649 1.48323969742e-08       32.92502084        36.8102053     34.6897112373  1.6306107472e-08
    "BPM.16L7.B1"       16147.57974                 1     176.634754176 1.48323969742e-08        174.119195       36.94689257     194.184749094  1.6306107472e-08
    "BPM.15L7.B1"       16201.03122                 1     27.5483016366 1.48323969742e-08       31.50229455       37.06394951     30.2854331596  1.6306107472e-08
    "BPM.14L7.B1"       16254.48271                 1     158.009392839 1.48323969742e-08        173.731458       37.20503681     173.708817645  1.6306107472e-08
    "BPM.13L7.B1"       16307.93419                 1     31.5680123446 1.48323969742e-08       32.94123056       37.31909572      34.704532441  1.6306107472e-08
    "BPM.12L7.B1"       16361.38567                 1     152.562543187 1.48323969742e-08       168.3162799       37.45878799     167.720782402  1.6306107472e-08
    "BPM.11L7.B1"       16414.83716                 1     27.8273272712 1.48323969742e-08        31.4156062        37.5785266     30.5921820952  1.6306107472e-08
    "BPM.10L7.B1"       16467.61985                 1     138.846886769 1.48323969742e-08       159.4968211       37.72231549     152.642372082  1.6306107472e-08
     "BPM.9L7.B1"       16506.68684                 1     25.1796168879 1.48323969742e-08        25.8352186       37.81597601     27.6814017177  1.6306107472e-08
     "BPM.7L7.B1"       16586.21782                 1     58.8680074332 1.48323969742e-08        67.2066817       38.09126598     64.7169879245  1.6306107472e-08
     "BPM.6L7.B1"       16621.03582                 1     212.862868097 1.48323969742e-08       240.4385357       38.13795827     234.012399347  1.6306107472e-08
   "BPMWC.6L7.B1"       16633.13832                 1     206.843472729 1.48323969742e-08       238.4299536       38.14551791     227.394931653  1.6306107472e-08
   "BPMWE.5L7.B1"       16710.19232                 1     24.0337108323 1.48323969742e-08       28.93132311       38.33464748     26.4216412536  1.6306107472e-08
    "BPMW.5L7.B1"       16733.39732                 1     55.3495299213 1.48323969742e-08       65.83947785       38.43173704     60.8489231372  1.6306107472e-08
   "BPMWE.4L7.B1"       16768.48232                 1     231.538825186 1.48323969742e-08       277.5166264       38.47352541     254.543953617  1.6306107472e-08
    "BPMW.4L7.B1"       16796.58732                 1     299.498001798 1.48323969742e-08       342.5069838       38.48680076     329.255386939  1.6306107472e-08
    "BPMW.4R7.B1"       16912.63432                 1     40.2497652762 1.48323969742e-08       45.93433561       38.67484765     44.2488829998  1.6306107472e-08
    "BPMW.5R7.B1"       16975.82432                 1     273.056548925 1.48323969742e-08       309.2923975       38.78398655     300.186776316  1.6306107472e-08
   "BPMWE.5R7.B1"       16999.02932                 1     289.052967012 1.48323969742e-08       349.9894117       38.79440234     317.772559176  1.6306107472e-08
    "BPMR.6R7.B1"       17078.24482                 1     55.1522500631 1.48323969742e-08        59.2828978        38.8870777     60.6320420373  1.6306107472e-08
   "BPM_A.7R7.B1"       17116.28082                 1      118.81707905 1.48323969742e-08        127.874134        38.9671717     130.622451912  1.6306107472e-08
     "BPM.9R7.B1"        17194.4138                 1     101.247467707 1.48323969742e-08       108.6113909       39.28496583     111.307167181  1.6306107472e-08
    "BPM.10R7.B1"       17234.87878                 1     33.3443194785 1.48323969742e-08       34.81349859       39.38460427     36.6573290847  1.6306107472e-08
    "BPM.11R7.B1"       17287.66147                 1     165.651433851 1.48323969742e-08       179.6221878       39.51149712     182.110153064  1.6306107472e-08
    "BPM.12R7.B1"       17342.38796                 1     29.8100091785 1.48323969742e-08       30.98983344       39.63185931     32.7718584024  1.6306107472e-08
    "BPM.13R7.B1"       17395.83944                 1     156.755151428 1.48323969742e-08       171.9742438       39.77544702     172.329957891  1.6306107472e-08
    "BPM.14R7.B1"       17449.29093                 1     30.6805107615 1.48323969742e-08       32.82282969        39.8904541     33.7288508825  1.6306107472e-08
    "BPM.15R7.B1"       17502.74241                 1     159.133274197 1.48323969742e-08       175.4195302       40.02674292     174.944365091  1.6306107472e-08
    "BPM.16R7.B1"       17556.19389                 1     29.1718088258 1.48323969742e-08       31.59138403        40.1430642     32.0702480317  1.6306107472e-08
    "BPM.17R7.B1"       17609.64538                 1     152.291459216 1.48323969742e-08       172.4144417        40.2846197     167.422764194  1.6306107472e-08
    "BPM.18R7.B1"       17663.09686                 1     29.8094616046 1.48323969742e-08       32.86554494       40.39936862      32.771256423  1.6306107472e-08
    "BPM.19R7.B1"       17716.54835                 1     170.909415363 1.48323969742e-08       174.9991676       40.53575831     187.890554692  1.6306107472e-08
    "BPM.20R7.B1"       17769.99983                 1     28.5565439967 1.48323969742e-08       31.55282419        40.6523383     31.3938520018  1.6306107472e-08
    "BPM.23R7.B1"       17930.35428                 1     157.699506185 1.48323969742e-08       172.9077162       41.04563718     173.368141415  1.6306107472e-08
    "BPM.24R7.B1"       17983.80577                 1     30.9024728044 1.48323969742e-08       32.89988454       41.16013951     33.9728665284  1.6306107472e-08
    "BPM.25R7.B1"       18037.25725                 1     160.341943212 1.48323969742e-08       172.9074405       41.29750398     176.273124488  1.6306107472e-08
    "BPM.26R7.B1"       18090.70874                 1     31.0039648095 1.48323969742e-08       32.89982464       41.41200654     34.0844425296  1.6306107472e-08
    "BPM.27R7.B1"       18144.16022                 1     165.078730268 1.48323969742e-08       172.9077228       41.54937102      181.48054706  1.6306107472e-08
    "BPM.28R7.B1"        18197.6117                 1      31.884812096 1.48323969742e-08       32.89988346       41.66387335     35.0528086369  1.6306107472e-08
    "BPM.29R7.B1"       18251.06319                 1     164.458668885 1.48323969742e-08       172.9074341       41.80123782     180.798877903  1.6306107472e-08
    "BPM.30R7.B1"       18304.51467                 1     30.0424158027 1.48323969742e-08       32.89982575       41.91574038     33.0273563774  1.6306107472e-08
    "BPM.31R7.B1"       18357.96616                 1     162.443962755 1.48323969742e-08        172.907729       42.05310486     178.583995525  1.6306107472e-08
    "BPM.32R7.B1"       18411.41764                 1     31.8371426765 1.48323969742e-08       32.89988233       42.16760719     35.0004029011  1.6306107472e-08
    "BPM.33R7.B1"       18464.86912                 1      165.17401182 1.48323969742e-08       172.9074281       42.30497167     181.585295554  1.6306107472e-08
    "BPM.34R7.B1"       18518.32061                 1     30.6190925678 1.48323969742e-08       32.89982691       42.41947423     33.6613303281  1.6306107472e-08
    "BPM.33L8.B1"       18571.77209                 1      159.60207814 1.48323969742e-08       172.9077348       42.55683871     175.459748242  1.6306107472e-08
    "BPM.32L8.B1"       18625.22358                 1     31.2122023944 1.48323969742e-08       32.89988113       42.67134103      34.313370089  1.6306107472e-08
    "BPM.31L8.B1"       18678.67506                 1     159.618239793 1.48323969742e-08       172.9074224       42.80870552     175.477515676  1.6306107472e-08
    "BPM.30L8.B1"       18732.12654                 1      30.997282639 1.48323969742e-08       32.89982814       42.92320808      34.077096435  1.6306107472e-08
    "BPM.29L8.B1"       18785.57803                 1     162.815884875 1.48323969742e-08       172.9077404       43.06057255     178.992870912  1.6306107472e-08
    "BPM.28L8.B1"       18839.02951                 1     31.0782480784 1.48323969742e-08       32.89987987       43.17507487     34.1661064014  1.6306107472e-08
    "BPM.27L8.B1"         18892.481                 1      150.30026732 1.48323969742e-08        172.907417       43.31243937     165.233732367  1.6306107472e-08
    "BPM.25L8.B1"       18999.38397                 1     168.227781346 1.48323969742e-08       172.9077455       43.56430639     184.942480111  1.6306107472e-08
    "BPM.23L8.B1"       19106.28693                 1     154.260849316 1.48323969742e-08        172.907412       43.81617321     169.587828053  1.6306107472e-08
    "BPM.22L8.B1"       19159.73842                 1     31.8239373524 1.48323969742e-08       32.89983076       43.93067577     34.9858855284  1.6306107472e-08
    "BPM.21L8.B1"        19213.1899                 1     163.645256012 1.48323969742e-08       172.9077504       44.06804023     179.904646327  1.6306107472e-08
    "BPM.20L8.B1"       19266.64139                 1     29.6572122195 1.48323969742e-08       31.52453011        44.1855504     32.6038799132  1.6306107472e-08
    "BPM.19L8.B1"       19320.09287                 1      156.34820827 1.48323969742e-08       174.9181093       44.32590831      171.88258186  1.6306107472e-08
    "BPM.18L8.B1"       19373.54435                 1     32.1902703529 1.48323969742e-08       32.90461086       44.43957341     35.3886164752  1.6306107472e-08
    "BPM.15L8.B1"       19533.89881                 1     158.102887019 1.48323969742e-08       175.3213232       44.83492832     173.811601176  1.6306107472e-08
    "BPM.14L8.B1"       19587.35029                 1     30.7387403286 1.48323969742e-08        32.8858192       44.94847408     33.7928659963  1.6306107472e-08
    "BPM.13L8.B1"       19640.80177                 1     151.893490431 1.48323969742e-08       172.1026377       45.08635444      166.98525421  1.6306107472e-08
    "BPM.12L8.B1"       19694.25326                 1     27.8689847045 1.48323969742e-08       31.37293495       45.20455088     30.6379785087  1.6306107472e-08
    "BPM.11L8.B1"       19747.70474                 1     159.087067081 1.48323969742e-08       172.5250638       45.34663709      174.89356695  1.6306107472e-08
    "BPM.10L8.B1"       19799.54543                 1     36.7548404865 1.48323969742e-08       36.73155567       45.45089375     40.4067110753  1.6306107472e-08
     "BPM.9L8.B1"       19838.61242                 1      107.69929957 1.48323969742e-08       116.6497955       45.56264025     118.400037196  1.6306107472e-08
     "BPM.8L8.B1"       19879.07741                 1     12.8216554356 1.48323969742e-08       14.69965899       45.72432814     14.0955835976  1.6306107472e-08
     "BPM.7L8.B1"        19918.1454                 1     141.337597831 1.48323969742e-08       157.3086004       45.89965505     155.380554072  1.6306107472e-08
    "BPMR.6L8.B1"        19950.6144                 1     13.2504978582 1.48323969742e-08       15.18895857       46.01190509      14.567034749  1.6306107472e-08
   "BPMYB.4L8.B1"        20031.8004                 1     127.769428948 1.48323969742e-08       147.7706102         46.282222     140.464285286  1.6306107472e-08
   "BPMWB.4L8.B1"        20056.1919                 1     188.209759102 1.48323969742e-08       227.0523647       46.30501382     206.909818052  1.6306107472e-08
    "BPMS.2L8.B1"        20144.3364                 1     170.277298448 1.48323969742e-08       195.9886869       46.34282134     187.195632195  1.6306107472e-08
   "BPMSW.1L8.B1"        20154.2704                 1     140.516956618 1.48323969742e-08       158.4488479       46.35076145     154.478375966  1.6306107472e-08
   "BPMSW.1R8.B1"        20197.4604                 1     125.902920424 1.48323969742e-08       158.4488681       46.80682297     138.412325065  1.6306107472e-08
    "BPMS.2R8.B1"        20207.3944                 1     474.229740117 1.48323969742e-08       525.7496897       46.81297355     521.348041199  1.6306107472e-08
   "BPMSX.4R8.B1"        20245.3059                 1     267.815614379 1.48323969742e-08        333.385457       46.82652686     294.425115398  1.6306107472e-08
   "BPMWB.4R8.B1"        20295.4629                 1     258.994723602 1.48323969742e-08       285.9696942       46.85249538     284.727802599  1.6306107472e-08
   "BPMYB.4R8.B1"        20319.9304                 1     194.406878758 1.48323969742e-08       223.2398237       46.86685044     213.722668281  1.6306107472e-08
   "BPMYB.5R8.B1"        20340.5074                 1     57.3969509414 1.48323969742e-08       65.38134792       46.89409074     63.0997708763  1.6306107472e-08
     "BPM.6R8.B1"        20424.6154                 1     129.967836439 1.48323969742e-08       141.7589033       47.24936918     142.881121141  1.6306107472e-08
   "BPM_A.7R8.B1"        20446.8554                 1     48.0707730365 1.48323969742e-08       49.54158699       47.29211854     52.8469668632  1.6306107472e-08
    "BPM.10R8.B1"       20567.82043                 1     157.312925404 1.48323969742e-08       171.6500136       47.72557715     172.943150918  1.6306107472e-08
    "BPM.11R8.B1"       20619.65914                 1     34.9164818362 1.48323969742e-08       37.28617047       47.82442681     38.3856976291  1.6306107472e-08
    "BPM.12R8.B1"       20674.38266                 1     153.797568008 1.48323969742e-08       163.8206717        47.9590259     169.078516253  1.6306107472e-08
    "BPM.13R8.B1"       20727.83117                 1     29.5507432397 1.48323969742e-08       33.41790804       48.07641291     32.4868324374  1.6306107472e-08
    "BPM.14R8.B1"       20781.27969                 1     154.050039318 1.48323969742e-08       171.6782551       48.21256525     169.356072492  1.6306107472e-08
    "BPM.15R8.B1"       20834.72821                 1     29.0668943696 1.48323969742e-08       33.49083193       48.32640076     31.9549095331  1.6306107472e-08
    "BPM.16R8.B1"       20888.17672                 1     150.252653334 1.48323969742e-08        171.675578       48.46255189     165.181387573  1.6306107472e-08
    "BPM.17R8.B1"       20941.62524                 1     32.4809835813 1.48323969742e-08       33.49134296       48.57638743     35.7082142553  1.6306107472e-08
    "BPM.18R8.B1"       20995.07375                 1     150.021672166 1.48323969742e-08       171.6782556       48.71253573     164.927456684  1.6306107472e-08
    "BPM.19R8.B1"       21048.52227                 1     31.4619890675 1.48323969742e-08       33.49083204       48.82637125     34.5879749518  1.6306107472e-08
    "BPM.22R8.B1"       21208.86782                 1     165.460352942 1.48323969742e-08       171.6782562       49.21250622     181.900086826  1.6306107472e-08
    "BPM.23R8.B1"       21262.31633                 1     30.8785404489 1.48323969742e-08       33.49173786       49.32633988     33.9465563128  1.6306107472e-08
    "BPM.24R8.B1"       21315.76485                 1     156.219148181 1.48323969742e-08       171.6779638       49.46248731     171.740698679  1.6306107472e-08
    "BPM.25R8.B1"       21369.21337                 1     32.1562987535 1.48323969742e-08       33.49136377       49.57632186     35.3512695413  1.6306107472e-08
    "BPM.26R8.B1"       21422.66188                 1      161.06360511 1.48323969742e-08       171.6782558       49.71247016     177.066488938  1.6306107472e-08
    "BPM.29R8.B1"       21583.00743                 1     31.4473935613 1.48323969742e-08       33.49136377       50.07628581      34.571929272  1.6306107472e-08
    "BPM.30R8.B1"       21636.45594                 1     161.128117869 1.48323969742e-08       171.6782553       50.21243411     177.137411526  1.6306107472e-08
    "BPM.31R8.B1"       21689.90446                 1     32.7901743843 1.48323969742e-08       33.49173786       50.32626777     36.0481254963  1.6306107472e-08
    "BPM.32R8.B1"       21743.35298                 1     168.418693009 1.48323969742e-08       171.6779647        50.4624152     185.152360288  1.6306107472e-08
    "BPM.33R8.B1"       21796.80149                 1     31.2512187317 1.48323969742e-08       33.49136377       50.57624975     34.3562629936  1.6306107472e-08
    "BPM.34R8.B1"       21850.25001                 1     163.435432172 1.48323969742e-08       171.6782549       50.71239806     179.673974906  1.6306107472e-08
    "BPM.33L1.B1"       21903.69852                 1     30.2858189818 1.48323969742e-08       33.49173786       50.82623172      33.294943498  1.6306107472e-08
    "BPM.32L1.B1"       21957.14704                 1     168.060450845 1.48323969742e-08       171.6779651       50.96237915     184.758524063  1.6306107472e-08
    "BPM.31L1.B1"       22010.59556                 1     30.6737470861 1.48323969742e-08       33.49136377        51.0762137      33.721415185  1.6306107472e-08
    "BPM.30L1.B1"       22064.04407                 1     162.371321062 1.48323969742e-08       171.6782545         51.212362     178.504136333  1.6306107472e-08
    "BPM.29L1.B1"       22117.49259                 1     30.2738890429 1.48323969742e-08       33.49173786       51.32619566     33.2818282298  1.6306107472e-08
    "BPM.28L1.B1"        22170.9411                 1     164.039809223 1.48323969742e-08       171.6779655        51.4623431     180.338401374  1.6306107472e-08
    "BPM.27L1.B1"       22224.38962                 1     31.6090426926 1.48323969742e-08       33.49136377       51.57617765     34.7496394635  1.6306107472e-08
    "BPM.26L1.B1"       22277.83814                 1     158.161372517 1.48323969742e-08       171.6782541       51.71232595      173.87589765  1.6306107472e-08
    "BPM.25L1.B1"       22331.28665                 1     32.7317588991 1.48323969742e-08       33.49173786       51.82615961     35.9839059921  1.6306107472e-08
    "BPM.24L1.B1"       22384.73517                 1     169.536442467 1.48323969742e-08        171.677966       51.96230704     186.381166585  1.6306107472e-08
    "BPM.23L1.B1"       22438.18368                 1     32.4268345226 1.48323969742e-08       33.49136377       52.07614159     35.6486850793  1.6306107472e-08
    "BPM.22L1.B1"        22491.6322                 1     160.391923816 1.48323969742e-08       171.6782536        52.2122899     176.328071042  1.6306107472e-08
    "BPM.21L1.B1"       22545.08071                 1     32.9333837551 1.48323969742e-08       33.49173786       52.32612356     36.2055637982  1.6306107472e-08
    "BPM.20L1.B1"       22598.52923                 1     159.664748733 1.48323969742e-08       171.6756212       52.46227218      175.52864563  1.6306107472e-08
    "BPM.19L1.B1"       22651.97775                 1     31.8253821145 1.48323969742e-08       33.49134274       52.57610772     34.9874738386  1.6306107472e-08
    "BPM.18L1.B1"       22705.42626                 1     159.371790886 1.48323969742e-08       171.6782533       52.71225603     175.206580212  1.6306107472e-08
    "BPM.17L1.B1"       22758.87478                 1     32.0559929641 1.48323969742e-08       33.49173796       52.82608969     35.2409976152  1.6306107472e-08
    "BPM.16L1.B1"       22812.32329                 1     159.199399862 1.48323969742e-08       171.6756216       52.96223831      175.01706084  1.6306107472e-08
    "BPM.15L1.B1"       22865.77181                 1     30.5299792004 1.48323969742e-08       33.49134265       53.07607385     33.5633628756  1.6306107472e-08
    "BPM.14L1.B1"       22919.22033                 1      157.60911365 1.48323969742e-08       171.6782529       53.21222216       173.2687677  1.6306107472e-08
    "BPM.13L1.B1"       22972.66884                 1     31.0452136084 1.48323969742e-08       33.49173806       53.32605582     34.1297897078  1.6306107472e-08
    "BPM.12L1.B1"       23026.11736                 1     158.150202151 1.48323969742e-08       168.1504141       53.46404064     173.863617423  1.6306107472e-08
    "BPM.11L1.B1"       23079.56587                 1     32.5039670774 1.48323969742e-08       37.52486372       53.57176455      35.733481335  1.6306107472e-08
     "BPM.9L1.B1"        23171.4116                 1      20.863722655 1.48323969742e-08       21.32865198       53.81084481     22.9366908445  1.6306107472e-08
    "BPMR.7L1.B1"       23250.94062                 1     28.0958585736 1.48323969742e-08       30.35301037       54.09404628     30.8873940076  1.6306107472e-08
    "BPMR.5L1.B1"       23326.02462                 1     22690.5715471 1.48323969742e-08       557.7754692       54.21734278     24945.0509512  1.6306107472e-08
   "BPMYA.4L1.B1"       23347.14262                 1     897.897670087 1.48323969742e-08       1054.102596       54.22172664     987.110575101  1.6306107472e-08
   "BPMWB.4L1.B1"       23368.27512                 1     1129.32345741 1.48323969742e-08        1315.87094       54.22452905     1241.53025969  1.6306107472e-08
   "BPMSY.4L1.B1"       23461.05512                 1     2063.39194985 1.48323969742e-08       2485.084106       54.23269841     2268.40550113  1.6306107472e-08
    "BPMS.2L1.B1"       23487.84062                 1     3330.57135301 1.48323969742e-08        3889.92792       54.23384052     3661.48873442  1.6306107472e-08
   "BPMSW.1L1.B1"       23497.79062                 1     996.339095008 1.48323969742e-08       1164.535827        54.2346751     1095.33289798  1.6306107472e-08
   "BPMSW.1R1.B1"       23540.93362                 1     1008.80141649 1.48323969742e-08       1162.917516       54.72877337     1109.03344509  1.6306107472e-08
    "BPMS.2R1.B1"       23550.89862                 1     1396.16576401 1.48323969742e-08       1466.580942       54.72984829     1534.88536185  1.6306107472e-08
   "BPMSY.4R1.B1"       23577.68412                 1     4258.72593938 1.48323969742e-08       5153.600961       54.73150531     4681.86247862  1.6306107472e-08
   "BPMWB.4R1.B1"       23670.46412                 1     669.044199683 1.48323969742e-08       817.3378881       54.73870256     735.518786516  1.6306107472e-08
   "BPMYA.4R1.B1"       23691.59662                 1      288.19861716 1.48323969742e-08        369.609732       54.74493876     316.833323224  1.6306107472e-08
     "BPM.5R1.B1"       23719.00462                 1      100.91812158 1.48323969742e-08       119.2959437       54.76543758     110.945098033  1.6306107472e-08
    "BPMR.6R1.B1"       23750.90462                 1     8.43265319075 1.48323969742e-08       8.901368823       55.04470962     9.27050088007  1.6306107472e-08
   "BPMSX.7R1.B1"       23757.12012                 1     19.4104016598 1.48323969742e-08       20.14614964        55.1215284     21.3389714482  1.6306107472e-08
     "BPM.8R1.B1"       23820.06761                 1     18.2721859048 1.48323969742e-08       18.49864084        55.3027891      20.087665374  1.6306107472e-08
     "BPM.9R1.B1"        23859.1346                 1     101.524870804 1.48323969742e-08       110.3217168       55.50547469     111.612132368  1.6306107472e-08
    "BPM.10R1.B1"       23899.59958                 1     35.5119990515 1.48323969742e-08       38.03715495       55.59735796     39.0403839708  1.6306107472e-08
    "BPM.11R1.B1"       23952.38227                 1     173.032316517 1.48323969742e-08       181.7854061       55.71867387     190.224382085  1.6306107472e-08
    "BPM.12R1.B1"       24007.10876                 1     35.2802383341 1.48323969742e-08       34.79005152       55.83050179     38.7855960784  1.6306107472e-08
    "BPM.13R1.B1"       24060.56024                 1     155.517705711 1.48323969742e-08       171.7485776       55.96323119     170.969562609  1.6306107472e-08
    "BPM.14R1.B1"       24114.01173                 1     31.2717782228 1.48323969742e-08       33.48868443       56.07707335     34.3788652252  1.6306107472e-08
    "BPM.15R1.B1"       24167.46321                 1     164.496692087 1.48323969742e-08       171.6894719       56.21323315     180.840678997  1.6306107472e-08
    "BPM.16R1.B1"       24220.91469                 1     32.6309873044 1.48323969742e-08       33.48813219       56.32707736     35.8731219796  1.6306107472e-08
    "BPM.17R1.B1"       24274.36618                 1     163.050887804 1.48323969742e-08       171.6914662       56.46323761     179.251223155  1.6306107472e-08
    "BPM.18R1.B1"       24327.81766                 1     32.3589011317 1.48323969742e-08       33.48868442       56.57707988     35.5740019937  1.6306107472e-08
    "BPM.19R1.B1"       24381.26915                 1     157.522740641 1.48323969742e-08       171.6894718       56.71323968     173.173812881  1.6306107472e-08
    "BPM.20R1.B1"       24434.72063                 1     31.1126743571 1.48323969742e-08        33.4881322        56.8270839     34.2039531906  1.6306107472e-08
    "BPM.21R1.B1"       24488.17211                 1     169.451536595 1.48323969742e-08       171.6914663       56.96324415     186.287824674  1.6306107472e-08
    "BPM.22R1.B1"        24541.6236                 1     28.5537456557 1.48323969742e-08        33.4886844       57.07708642     31.3907756246  1.6306107472e-08
    "BPM.23R1.B1"       24595.07508                 1     162.965614735 1.48323969742e-08       171.6918168       57.21324503     179.157477563  1.6306107472e-08
    "BPM.24R1.B1"       24648.52657                 1     30.5970911064 1.48323969742e-08       33.48905884        57.3270864     33.6371428556  1.6306107472e-08
    "BPM.25R1.B1"       24701.97805                 1     157.627804926 1.48323969742e-08       171.6915071       57.46324415     173.289316095  1.6306107472e-08
    "BPM.26R1.B1"       24755.42954                 1      31.112305179 1.48323969742e-08        33.4886844       57.57708642     34.2035473318  1.6306107472e-08
    "BPM.27R1.B1"       24808.88102                 1      165.32869743 1.48323969742e-08       171.6918168       57.71324503     181.755350345  1.6306107472e-08
    "BPM.28R1.B1"        24862.3325                 1     28.5340040864 1.48323969742e-08       33.48905884        57.8270864     31.3690725815  1.6306107472e-08
    "BPM.29R1.B1"       24915.78399                 1     155.211686193 1.48323969742e-08       171.6915071       57.96324415     170.633137745  1.6306107472e-08
    "BPM.30R1.B1"       24969.23547                 1     33.1583798556 1.48323969742e-08        33.4886844       58.07708642      36.452914958  1.6306107472e-08
    "BPM.31R1.B1"       25022.68696                 1     155.803701769 1.48323969742e-08       171.6918168       58.21324503     171.283974533  1.6306107472e-08
    "BPM.33L2.B1"       25236.49289                 1     154.413348488 1.48323969742e-08       171.6918168       58.71324503     169.755479168  1.6306107472e-08
    "BPM.32L2.B1"       25289.94438                 1     30.8508390984 1.48323969742e-08       33.48905884        58.8270864     33.9161026242  1.6306107472e-08
    "BPM.31L2.B1"       25343.39586                 1     151.321377375 1.48323969742e-08       171.6915071       58.96324415     166.356297407  1.6306107472e-08
    "BPM.30L2.B1"       25396.84734                 1     31.6579005342 1.48323969742e-08        33.4886844       59.07708642     34.8033517002  1.6306107472e-08
    "BPM.29L2.B1"       25450.29883                 1     155.708250327 1.48323969742e-08       171.6918168       59.21324503      171.17903927  1.6306107472e-08
    "BPM.28L2.B1"       25503.75031                 1     30.1169449517 1.48323969742e-08       33.48905884        59.3270864     33.1092905594  1.6306107472e-08
    "BPM.27L2.B1"        25557.2018                 1     159.928288673 1.48323969742e-08       171.6915071       59.46324415     175.818370251  1.6306107472e-08
    "BPM.26L2.B1"       25610.65328                 1     31.7629496322 1.48323969742e-08        33.4886844       59.57708642     34.9188382183  1.6306107472e-08
    "BPM.25L2.B1"       25664.10477                 1     161.457738561 1.48323969742e-08       171.6918168       59.71324503      177.49978252  1.6306107472e-08
    "BPM.24L2.B1"       25717.55625                 1     30.4812014526 1.48323969742e-08       33.48905884        59.8270864     33.5097386908  1.6306107472e-08
    "BPM.23L2.B1"       25771.00773                 1     156.876300391 1.48323969742e-08       171.6915071       59.96324415     172.463143917  1.6306107472e-08
    "BPM.22L2.B1"       25824.45922                 1     31.9644374784 1.48323969742e-08        33.4886844       60.07708642     35.1403454015  1.6306107472e-08
    "BPM.21L2.B1"        25877.9107                 1     157.445183417 1.48323969742e-08       171.6918168       60.21324503     173.088549761  1.6306107472e-08
    "BPM.20L2.B1"       25931.36219                 1     30.5115964508 1.48323969742e-08       33.48815312       60.32708825     33.5431536613  1.6306107472e-08
    "BPM.17L2.B1"       26091.71664                 1     155.909774841 1.48323969742e-08       171.6918167       60.71325156     171.400586764  1.6306107472e-08
    "BPM.16L2.B1"       26145.16812                 1     32.4073745746 1.48323969742e-08        33.4881531       60.82709479     35.6272916387  1.6306107472e-08
    "BPM.15L2.B1"       26198.61961                 1     162.965976866 1.48323969742e-08       171.6891214       60.96325623     179.157875675  1.6306107472e-08
    "BPM.14L2.B1"       26252.07109                 1     32.3478792915 1.48323969742e-08       33.48866353       61.07709949     35.5618850505  1.6306107472e-08
    "BPM.13L2.B1"       26305.52257                 1     157.504561204 1.48323969742e-08       171.6918166        61.2132581      173.15382718  1.6306107472e-08
    "BPM.12L2.B1"       26358.97406                 1     28.1988979075 1.48323969742e-08       31.47929129       61.33145893     31.0006710764  1.6306107472e-08
    "BPM.11L2.B1"       26412.42554                 1     170.133597956 1.48323969742e-08       174.6850902       61.47187703     187.037653975  1.6306107472e-08
    "BPM.10L2.B1"       26464.26623                 1     30.9940064181 1.48323969742e-08       32.23807272       61.58317875     34.0734946969  1.6306107472e-08
     "BPM.9L2.B1"       26503.33322                 1     109.541262642 1.48323969742e-08       115.6055364       61.70563118     120.425013191  1.6306107472e-08
     "BPM.8L2.B1"       26543.79821                 1     17.5731619575 1.48323969742e-08       18.34519332       61.84459768     19.3191881259  1.6306107472e-08
     "BPM.7L2.B1"        26582.8662                 1     103.002339935 1.48323969742e-08       115.9740203       62.02647857     113.236399199  1.6306107472e-08
    "BPMR.6L2.B1"        26614.9722                 1     22.2040809295 1.48323969742e-08       24.05271479       62.12478977     24.4102238218  1.6306107472e-08