@ GetLLMVersion %s "V3.0.0 Dev"
@ Command %s "/afs/cern.ch/work/o/omc/anaconda/bin/python '/afs/cern.ch/work/e/efol/public/Beta-Beat.src/GetLLM/GetLLM.py' '--accel=LHCB1' '--model=/afs/cern.ch/work/e/efol/public/betabeatGui/temp/2017-12-20/models/LHCB1/Multiturn-model_40cm_2041/twiss.dat' '--files=/afs/cern.ch/work/e/efol/public/betabeatGui/temp/2017-12-20/LHCB1/Measurements/Beam1@Turn@2017_09_11@19_02_33_250_addDbscan/Beam1@Turn@2017_09_11@19_02_33_250_addDbscan.sdds' '--output=/afs/cern.ch/work/e/efol/public/betabeatGui/temp/2017-12-20/LHCB1/Results/40cm_dbscan_after_holeInOneCleaning' '--tbtana=SUSSIX' '--bpmu=mm' '--lhcphase=1' '--errordefs=/afs/cern.ch/work/e/efol/public/betabeatGui/temp/2017-12-20/models/LHCB1/Multiturn-model_40cm_2041/error_deff.txt'"
@ CWD %s "/home/efol/Workspaces/Accsoft-Eclipse-Pro/lhc-app-beta-beating"
@ Date %s "21. December 2017, 14:03:12"
@ Q1 %le 0.29985339184
@ Q2 %le 0.331421650825
@ RMSbetabeat %le 1.84477847885
@ RescalingFactor %le 1.0993575415
@ FILES %s "/afs/cern.ch/work/e/efol/public/betabeatGui/temp/2017-12-20/LHCB1/Measurements/Beam1@Turn@2017_09_11@19_02_33_250_addDbscan/Beam1@Turn@2017_09_11@19_02_33_250_addDbscan.sdds.linx"
*            NAME                 S             COUNT              BETX           BETXSTD           BETXMDL            MUXMDL           BETXRES        BETXSTDRES
$              %s               %le               %le               %le               %le               %le               %le               %le               %le
   "BPMYB.5L2.B1"            28.288                 1     139.430700378 1.48323969742e-08       177.1517339      0.0307105773     153.284191977  1.6306107472e-08
   "BPMYB.4L2.B1"            48.858                 1     68.3453115133 1.48323969742e-08       83.42430573     0.05777070718      75.135933638  1.6306107472e-08
   "BPMWI.4L2.B1"           73.3255                 1     65.0496527995 1.48323969742e-08       79.46384864      0.1106630256     71.5128263768  1.6306107472e-08
   "BPMSX.4L2.B1"          123.4825                 1     140.677275288 1.48323969742e-08       159.6296909      0.1841212942     154.654623504  1.6306107472e-08
    "BPMS.2L2.B1"           161.394                 1     59.3078976822 1.48323969742e-08       60.51586181      0.2375585824     65.2005845872  1.6306107472e-08
   "BPMSW.1L2.B1"           171.328                 1     49.2848170832 1.48323969742e-08       54.94020744      0.2619098945     54.1816353416  1.6306107472e-08
   "BPMSW.1R2.B1"           214.518                 1     48.2834956488 1.48323969742e-08       53.78132057      0.6157627793     53.0808250713  1.6306107472e-08
    "BPMS.2R2.B1"           224.452                 1     142.752233146 1.48323969742e-08       163.3198522      0.6347445753     156.935744074  1.6306107472e-08
   "BPMSX.4R2.B1"          262.3635                 1     71.0945032451 1.48323969742e-08       93.77997746      0.6811952369     78.1582783013  1.6306107472e-08
   "BPMWB.4R2.B1"          312.5965                 1     86.3214427458 1.48323969742e-08       102.1823307      0.7669564086     94.8981290754  1.6306107472e-08
   "BPMYB.4R2.B1"           336.988                 1     88.3767663651 1.48323969742e-08       101.4268726      0.8022192363     97.1576645964  1.6306107472e-08
     "BPM.6R2.B1"           439.818                 1     152.496470308 1.48323969742e-08       183.0161833       1.035300704     167.648144684  1.6306107472e-08
   "BPM_A.7R2.B1"           452.693                 1     74.7214290842 1.48323969742e-08       84.69129598       1.051789175     82.1455665751  1.6306107472e-08
     "BPM.8R2.B1"       494.1300106                 1     94.1588872602 1.48323969742e-08       106.4141936       1.137043441     103.514282808  1.6306107472e-08
     "BPM.9R2.B1"       533.1950212                 1     14.9300173368 1.48323969742e-08        15.9858868       1.302613849     16.4134271539  1.6306107472e-08
    "BPM.10R2.B1"       573.6580318                 1     164.457320292 1.48323969742e-08       181.9953665       1.462134842     180.797395317  1.6306107472e-08
    "BPM.11R2.B1"       625.4967424                 1     29.7325575565 1.48323969742e-08       32.31860712       1.566060696     32.6867113776  1.6306107472e-08
    "BPM.14R2.B1"       787.1172901                 1     167.214974279 1.48323969742e-08       180.5063043       1.962332305     183.829043024  1.6306107472e-08
    "BPM.15R2.B1"        840.565806                 1     30.9151078902 1.48323969742e-08       33.77617929       2.072199532     33.9867570052  1.6306107472e-08
    "BPM.16R2.B1"       894.0143219                 1     142.839018269 1.48323969742e-08       159.3057621       2.214397629     157.031151954  1.6306107472e-08
    "BPM.17R2.B1"       947.4628378                 1     32.3214830296 1.48323969742e-08       34.00358741       2.332446493     35.5328661209  1.6306107472e-08
    "BPM.18R2.B1"       1000.911354                 1     167.208741887 1.48323969742e-08       180.4990122       2.462596989     183.822191398  1.6306107472e-08
    "BPM.19R2.B1"        1054.35987                 1     30.5834349333 1.48323969742e-08       33.76856551       2.572481689     33.6221298388  1.6306107472e-08
    "BPM.20R2.B1"       1107.808386                 1     143.243705266 1.48323969742e-08       159.3131206       2.714697524     157.476047656  1.6306107472e-08
    "BPM.21R2.B1"       1161.256901                 1     31.5279233908 1.48323969742e-08       34.01120045         2.8327267     34.6604603474  1.6306107472e-08
    "BPM.22R2.B1"       1214.705417                 1     164.652839633 1.48323969742e-08       180.4915873       2.962861683     181.012340979  1.6306107472e-08
    "BPM.23R2.B1"       1268.153933                 1     29.9788815593 1.48323969742e-08       32.28357935       3.075737078     32.9575095278  1.6306107472e-08
    "BPM.24R2.B1"       1321.602449                 1      152.28100269 1.48323969742e-08       161.2314885       3.221334147     167.411268733  1.6306107472e-08
    "BPM.26R2.B1"       1428.499481                 1     177.260043299 1.48323969742e-08       180.0536797       3.468127126     194.872165407  1.6306107472e-08
    "BPM.27R2.B1"       1481.947997                 1     29.1907802993 1.48323969742e-08        32.1444477       3.581464712     32.0911044641  1.6306107472e-08
    "BPM.28R2.B1"       1535.396513                 1     155.682960647 1.48323969742e-08       161.6924597       3.727213292     171.151236869  1.6306107472e-08
    "BPM.29R2.B1"       1588.845029                 1     32.3714143839 1.48323969742e-08       34.30419083       3.843527967     35.5877585318  1.6306107472e-08
    "BPM.30R2.B1"       1642.293545                 1     169.300487274 1.48323969742e-08       179.5702099       3.973406065     186.121767463  1.6306107472e-08
    "BPM.33R2.B1"       1802.639092                 1      32.121050429 1.48323969742e-08       34.43538651       4.348896202     35.3125190298  1.6306107472e-08
    "BPM.34R2.B1"       1856.087608                 1     168.921522009 1.48323969742e-08       179.0435469        4.47869988     185.705149142  1.6306107472e-08
    "BPM.33L3.B1"       1909.536124                 1     30.1022703107 1.48323969742e-08        31.8822171       4.592992385     33.0931578822  1.6306107472e-08
    "BPM.32L3.B1"        1962.98464                 1     147.752479424 1.48323969742e-08       162.7451403       4.738917489      162.43280253  1.6306107472e-08
    "BPM.31L3.B1"       2016.433156                 1     31.9743794929 1.48323969742e-08       34.56048233       4.854244488     35.1512752302  1.6306107472e-08
    "BPM.30L3.B1"       2069.881672                 1     161.682699276 1.48323969742e-08       178.4762713         4.9840099     177.747094778  1.6306107472e-08
    "BPM.29L3.B1"       2123.330188                 1     28.2101967564 1.48323969742e-08       31.76040305       5.098790731     31.0130925512  1.6306107472e-08
    "BPM.28L3.B1"       2176.778704                 1     147.321567238 1.48323969742e-08       163.3316918       5.244739765     161.959075968  1.6306107472e-08
    "BPM.27L3.B1"        2230.22722                 1      32.502996758 1.48323969742e-08       34.67886535       5.359573959     35.7324146071  1.6306107472e-08
    "BPM.26L3.B1"       2283.675735                 1     163.714935136 1.48323969742e-08       177.8711626       5.489337398     179.981248597  1.6306107472e-08
    "BPM.25L3.B1"       2337.124251                 1     30.8123074193 1.48323969742e-08       31.64559612       5.604610723     33.8737425323  1.6306107472e-08
    "BPM.24L3.B1"       2390.572767                 1     150.122787811 1.48323969742e-08       163.9546162       5.750540516      165.03861893  1.6306107472e-08
    "BPM.23L3.B1"       2444.021283                 1     32.5508827308 1.48323969742e-08       34.78995551       5.864885818     35.7850584124  1.6306107472e-08
    "BPM.22L3.B1"       2497.469799                 1     167.150774917 1.48323969742e-08       177.2311858       5.994683583     183.758464972  1.6306107472e-08
    "BPM.21L3.B1"       2550.918315                 1     29.2429554716 1.48323969742e-08       31.53835885       6.110451177     32.1484636333  1.6306107472e-08
    "BPM.20L3.B1"       2604.366831                 1     146.361780421 1.48323969742e-08       163.1672425       6.257193088     160.903927093  1.6306107472e-08
    "BPM.19L3.B1"       2657.815347                 1     31.8849172436 1.48323969742e-08       36.36702505         6.3688608     35.0529242317  1.6306107472e-08
    "BPM.18L3.B1"       2711.263863                 1     172.685065636 1.48323969742e-08       177.2510812       6.494953214      189.84262921  1.6306107472e-08
    "BPM.17L3.B1"       2764.712379                 1     32.4837884759 1.48323969742e-08       31.53213964        6.61075335     35.7112978373  1.6306107472e-08
    "BPM.16L3.B1"       2818.160894                 1     145.707127517 1.48323969742e-08       163.2140611        6.75748585     160.184229485  1.6306107472e-08
    "BPM.13L3.B1"       2978.506442                 1     30.2552679341 1.48323969742e-08       31.52595076       7.111055582     33.2613569734  1.6306107472e-08
    "BPM.12L3.B1"       3031.954958                 1     160.786092689 1.48323969742e-08       165.7149525       7.256303633     176.761403565  1.6306107472e-08
    "BPM.11L3.B1"       3085.403474                 1     27.1572832697 1.48323969742e-08       29.93219266       7.380910847      29.855564169  1.6306107472e-08
    "BPM.10L3.B1"       3138.184185                 1     164.884631686 1.48323969742e-08       175.9864401       7.522174718     181.267163321  1.6306107472e-08
     "BPM.9L3.B1"       3177.249195                 1     47.7294533345 1.48323969742e-08       53.24474648       7.583522769     52.4717344747  1.6306107472e-08
     "BPM.8L3.B1"       3217.712206                 1     148.678066515 1.48323969742e-08       164.2959028       7.664417355     163.450353678  1.6306107472e-08
     "BPM.7L3.B1"       3256.776216                 1     49.5793236866 1.48323969742e-08       55.13891143       7.727166632     54.5054033971  1.6306107472e-08
     "BPM.6L3.B1"       3329.415216                 1     187.152394667 1.48323969742e-08       213.7359192       7.840624224     205.747396486  1.6306107472e-08
  "BPMWG.A5L3.B1"       3371.119716                 1     58.1091343381 1.48323969742e-08       72.68014082        7.89492617     63.8827150643  1.6306107472e-08
    "BPMW.5L3.B1"       3400.089716                 1     45.2727993726 1.48323969742e-08       59.65413939        7.97317682     49.7709934148  1.6306107472e-08
   "BPMWE.4L3.B1"       3475.217716                 1     220.315123876 1.48323969742e-08       265.9798231       8.074883532     242.205092939  1.6306107472e-08
    "BPMW.4L3.B1"       3502.762716                 1      211.90211132 1.48323969742e-08       241.6652601        8.09056014     232.956184139  1.6306107472e-08
    "BPMW.4R3.B1"       3547.727716                 1     37.4805810349 1.48323969742e-08       41.47047719       8.164697911     41.2045594203  1.6306107472e-08
   "BPMWE.4R3.B1"       3575.272716                 1     25.7033889053 1.48323969742e-08         31.195122       8.317993867      28.257214435  1.6306107472e-08
    "BPMW.5R3.B1"       3650.400716                 1     298.718299486 1.48323969742e-08       370.9335428        8.44104824     328.398215323  1.6306107472e-08
  "BPMWJ.A5R3.B1"       3679.118716                 1     259.489337417 1.48323969742e-08       321.7697782       8.452900622     285.271560027  1.6306107472e-08
   "BPMWC.6R3.B1"       3718.936716                 1     56.6567935646 1.48323969742e-08       67.31857841       8.496502549     62.2860732822  1.6306107472e-08
    "BPMR.6R3.B1"       3731.015216                 1     34.5876153155 1.48323969742e-08       40.00073496       8.535692106     38.0241557394  1.6306107472e-08
     "BPM.8R3.B1"       3825.903227                 1      29.558116975 1.48323969742e-08       36.56673345       8.844918955     32.4949388088  1.6306107472e-08
     "BPM.9R3.B1"       3864.968238                 1     117.991238034 1.48323969742e-08       137.0512693       8.943146289     129.714557363  1.6306107472e-08
    "BPM.10R3.B1"       3905.431248                 1     49.0561305542 1.48323969742e-08       56.04345033       9.014379317     53.9302270814  1.6306107472e-08
    "BPM.11R3.B1"       3958.211959                 1     164.328885067 1.48323969742e-08       174.9530542       9.108657306     180.656199084  1.6306107472e-08
    "BPM.12R3.B1"       4012.935475                 1     42.5624340115 1.48323969742e-08       40.18104704       9.215857112      46.791332815  1.6306107472e-08
    "BPM.13R3.B1"       4066.383991                 1     166.176020821 1.48323969742e-08       175.7486142       9.334770036     182.686861705  1.6306107472e-08
    "BPM.14R3.B1"       4119.832506                 1     30.9148045799 1.48323969742e-08       35.31549583       9.443591792     33.9864235588  1.6306107472e-08
    "BPM.17R3.B1"       4280.178054                 1     119.942837935 1.48323969742e-08       175.4469962       9.835041729     131.860063432  1.6306107472e-08
    "BPM.18R3.B1"        4333.62657                 1     31.8082358672 1.48323969742e-08       35.31217894       9.943861633     34.9686239823  1.6306107472e-08
    "BPM.19R3.B1"       4387.075086                 1     153.936649034 1.48323969742e-08       164.1047179       10.07904705     169.231416028  1.6306107472e-08
    "BPM.22R3.B1"       4547.420634                 1     30.0216010773 1.48323969742e-08       35.30884388        10.4441315     33.0044735521  1.6306107472e-08
    "BPM.25R3.B1"       4707.766181                 1     163.875147023 1.48323969742e-08       176.1204225       10.84071451     180.157378743  1.6306107472e-08
    "BPM.27R3.B1"       4814.663213                 1     157.362685277 1.48323969742e-08       165.0409475       11.08420858     172.997854809  1.6306107472e-08
    "BPM.28R3.B1"       4868.111729                 1     31.3384141822 1.48323969742e-08       31.15148108       11.20613189     34.4521219697  1.6306107472e-08
    "BPM.30R3.B1"       4975.008761                 1     31.4536889206 1.48323969742e-08       35.19795088       11.45459801     34.5788501227  1.6306107472e-08
    "BPM.31R3.B1"       5028.457277                 1     162.426593782 1.48323969742e-08       164.3653558       11.58997198     178.564900814  1.6306107472e-08
    "BPM.32R3.B1"       5081.905793                 1     29.1262705587 1.48323969742e-08       31.21695227       11.71204874     32.0201851944  1.6306107472e-08
    "BPM.33R3.B1"       5135.354309                 1     154.738556346 1.48323969742e-08       177.4707782       11.85145219     170.112998879  1.6306107472e-08
    "BPM.34R3.B1"       5188.802825                 1     31.7864798739 1.48323969742e-08       35.12760163       11.95984513      34.944706367  1.6306107472e-08
    "BPM.33L4.B1"        5242.25134                 1     152.531282627 1.48323969742e-08       163.7210719       12.09575858      167.68641587  1.6306107472e-08
    "BPM.32L4.B1"       5295.699856                 1     28.6441340965 1.48323969742e-08       31.29209337       12.21795228     31.4901448386  1.6306107472e-08
    "BPM.31L4.B1"       5349.148372                 1      167.03594721 1.48323969742e-08        178.098214       12.35679135     183.632228267  1.6306107472e-08
    "BPM.30L4.B1"       5402.596888                 1     31.8483928891 1.48323969742e-08       35.04776075       12.46510348     35.0127709071  1.6306107472e-08
    "BPM.29L4.B1"       5456.045404                 1      159.05848057 1.48323969742e-08       163.1112529       12.60156739     174.862140154  1.6306107472e-08
    "BPM.28L4.B1"        5509.49392                 1     27.9704407304 1.48323969742e-08        31.3765362       12.72384078     30.7495149559  1.6306107472e-08
    "BPM.27L4.B1"       5562.942436                 1     165.367281621 1.48323969742e-08       178.6896691       12.86211227     181.797768166  1.6306107472e-08
    "BPM.26L4.B1"       5616.390952                 1     31.3575820276 1.48323969742e-08       34.95881945       12.97037452     34.4731942851  1.6306107472e-08
    "BPM.25L4.B1"       5669.839468                 1     148.894937577 1.48323969742e-08       162.5388866        13.1073973     163.688772515  1.6306107472e-08
    "BPM.24L4.B1"       5723.287984                 1     29.5648036485 1.48323969742e-08         31.469867       13.22971261     32.5022898538  1.6306107472e-08
    "BPM.23L4.B1"         5776.7365                 1     162.891251759 1.48323969742e-08       179.2422452       13.36741618     179.075726065  1.6306107472e-08
    "BPM.22L4.B1"       5830.185015                 1     31.9943242155 1.48323969742e-08       34.86121351       13.47565965     35.1732016113  1.6306107472e-08
    "BPM.21L4.B1"       5883.633531                 1     153.046376741 1.48323969742e-08       162.0067777       13.61324706     168.252688469  1.6306107472e-08
    "BPM.20L4.B1"       5937.082047                 1     30.3008484235 1.48323969742e-08       32.88428042       13.73251994     33.3114662281  1.6306107472e-08
    "BPM.19L4.B1"       5990.530563                 1     163.726506624 1.48323969742e-08       177.5667392       13.86701995     179.993969799  1.6306107472e-08
    "BPM.18L4.B1"       6043.979079                 1     30.9416102051 1.48323969742e-08       34.84092437       13.97593236      34.015892525  1.6306107472e-08
    "BPM.17L4.B1"       6097.427595                 1     154.044663874 1.48323969742e-08       161.9930993       14.11354197     169.350162957  1.6306107472e-08
    "BPM.16L4.B1"       6150.876111                 1     33.0094822844 1.48323969742e-08       32.88934887        14.2328097     36.2892232902  1.6306107472e-08
    "BPM.15L4.B1"       6204.324627                 1     166.360135275 1.48323969742e-08       177.5803688         14.367289     182.889269318  1.6306107472e-08
    "BPM.14L4.B1"       6257.773143                 1     32.3351490409 1.48323969742e-08        34.8358498       14.47620588     35.5478899535  1.6306107472e-08
    "BPM.13L4.B1"       6311.221659                 1     157.275012006 1.48323969742e-08       161.9795185       14.61383691     172.901470538  1.6306107472e-08
    "BPM.12L4.B1"       6364.670174                 1     30.6423960257 1.48323969742e-08       32.08291075       14.73495331     33.6869491603  1.6306107472e-08
    "BPM.11L4.B1"        6418.11869                 1     162.043199064 1.48323969742e-08       175.7375792       14.87260648     178.143412939  1.6306107472e-08
    "BPM.10L4.B1"       6469.957401                 1     33.4779144752 1.48323969742e-08       33.06663816       14.98203498     36.8041977518  1.6306107472e-08
     "BPM.9L4.B1"       6509.022412                 1     94.4199750322 1.48323969742e-08       105.8483827       15.10815527     103.801311619  1.6306107472e-08
     "BPM.8L4.B1"       6549.485422                 1     21.3724176095 1.48323969742e-08       20.19056672       15.24715149      23.495928479  1.6306107472e-08
     "BPM.7L4.B1"       6588.549433                 1     92.7420666401 1.48323969742e-08       110.5800885        15.4185443     101.956690375  1.6306107472e-08
   "BPMYB.6L4.B1"       6685.153433                 1     104.888700907 1.48323969742e-08       133.8799566       15.55303491     115.310184359  1.6306107472e-08
   "BPMYA.5L4.B1"       6722.153433                 1     354.810606679 1.48323969742e-08         424.29007       15.57904232     390.063716255  1.6306107472e-08
  "BPMWI.A5L4.B1"       6798.755933                 1     262.888783139 1.48323969742e-08       318.5810442       15.61111939     289.008766318  1.6306107472e-08
  "BPMWA.B5L4.B1"       6824.619933                 1     241.500381224 1.48323969742e-08       283.4316006       15.62483513     265.495265372  1.6306107472e-08
  "BPMWA.A5L4.B1"       6833.504933                 1     224.701939904 1.48323969742e-08       272.8601656       15.62992091     247.027772222  1.6306107472e-08
  "BPMWA.A5R4.B1"       6881.553933                 1     185.741475937 1.48323969742e-08       229.0117166       15.66070432      204.19629234  1.6306107472e-08
  "BPMWA.B5R4.B1"       6890.438933                 1     179.011415748 1.48323969742e-08       223.3666447       15.66695823     196.797549917  1.6306107472e-08
   "BPMYB.5R4.B1"       6992.829433                 1     194.970634286 1.48323969742e-08       231.6295468       15.74447957     214.342437173  1.6306107472e-08
   "BPMYA.6R4.B1"       7024.393433                 1     428.756907212 1.48323969742e-08        515.870197       15.75903249     471.357139412  1.6306107472e-08
     "BPM.7R4.B1"       7120.909433                 1     19.9435539388 1.48323969742e-08       21.54511547       15.92616669     21.9250964268  1.6306107472e-08
     "BPM.8R4.B1"       7158.698443                 1     101.763896616 1.48323969742e-08       111.1705448       16.07955285     111.874907197  1.6306107472e-08
     "BPM.9R4.B1"       7197.763454                 1       18.02750986 1.48323969742e-08       19.84176826       16.21148303      19.818678919  1.6306107472e-08
    "BPM.10R4.B1"       7238.226465                 1     141.357034832 1.48323969742e-08       148.9304019       16.37108623     155.401922286  1.6306107472e-08
    "BPM.11R4.B1"       7290.065175                 1     29.7129469701 1.48323969742e-08       32.50178677       16.48830677     32.6651523316  1.6306107472e-08
    "BPM.12R4.B1"       7344.788691                 1     151.878541931 1.48323969742e-08       174.4131392       16.62792159     166.968820463  1.6306107472e-08
    "BPM.13R4.B1"       7398.237207                 1      31.831180598 1.48323969742e-08       35.75236044       16.73639002     34.9938484451  1.6306107472e-08
    "BPM.14R4.B1"       7451.685723                 1     159.234486781 1.48323969742e-08       168.3439607       16.86842681     175.055633909  1.6306107472e-08
    "BPM.15R4.B1"       7505.134239                 1      30.548153273 1.48323969742e-08       31.36606306       16.98837996     33.5833426795  1.6306107472e-08
    "BPM.16R4.B1"       7558.582755                 1     159.288156405 1.48323969742e-08        175.774888       17.12847014     175.114636015  1.6306107472e-08
    "BPM.17R4.B1"       7612.031271                 1     35.7210303375 1.48323969742e-08       35.76582385       17.23636302     39.2701840915  1.6306107472e-08
    "BPM.18R4.B1"       7665.479786                 1     154.848292287 1.48323969742e-08       168.3479905       17.36839671     170.233637913  1.6306107472e-08
    "BPM.19R4.B1"       7718.928302                 1     29.1869535408 1.48323969742e-08       31.36590685       17.48834844     32.0868974884  1.6306107472e-08
    "BPM.20R4.B1"       7772.376818                 1     159.494658842 1.48323969742e-08       175.7708579       17.62844131     175.341656026  1.6306107472e-08
    "BPM.21R4.B1"       7825.825334                 1     31.5930463317 1.48323969742e-08        35.7659799       17.73633538     34.7320537435  1.6306107472e-08
    "BPM.22R4.B1"        7879.27385                 1     156.231552795 1.48323969742e-08       168.3520209       17.86836661     171.754335784  1.6306107472e-08
    "BPM.23R4.B1"       7932.722366                 1     29.4596296771 1.48323969742e-08        31.3665894       17.98831494     32.3866660552  1.6306107472e-08
    "BPM.24R4.B1"       7986.170882                 1     150.457120446 1.48323969742e-08       175.7685136       18.12840706     165.406170034  1.6306107472e-08
    "BPM.25R4.B1"       8039.619398                 1     35.9812266252 1.48323969742e-08       35.76619259       18.23630162     39.5562328426  1.6306107472e-08
    "BPM.26R4.B1"       8093.067914                 1     162.468069256 1.48323969742e-08       168.3569433       18.36832984     178.610497188  1.6306107472e-08
    "BPM.27R4.B1"        8146.51643                 1     28.9266557206 1.48323969742e-08       31.36639928       18.48827645     31.8007371167  1.6306107472e-08
    "BPM.28R4.B1"       8199.964946                 1     161.029266737 1.48323969742e-08       175.7635908       18.62837185     177.028738788  1.6306107472e-08
    "BPM.29R4.B1"       8253.413461                 1     32.7889604725 1.48323969742e-08       35.76638249       18.73626786     36.0467909732  1.6306107472e-08
    "BPM.30R4.B1"       8306.861977                 1     158.423182714 1.48323969742e-08       168.3618665       18.86829308     174.163720664  1.6306107472e-08
    "BPM.31R4.B1"       8360.310493                 1     32.0200525583 1.48323969742e-08        31.3662096       18.98823795     35.2014862591  1.6306107472e-08
    "BPM.32R4.B1"       8413.759009                 1     154.107908325 1.48323969742e-08       175.7586672       19.12833663     169.419691222  1.6306107472e-08
    "BPM.33R4.B1"       8467.207525                 1     30.4380518679 1.48323969742e-08       35.76657194        19.2362341     33.4623018695  1.6306107472e-08
    "BPM.34R4.B1"       8520.656041                 1     156.504239293 1.48323969742e-08       168.3667905       19.36825631     172.054115743  1.6306107472e-08
    "BPM.33L5.B1"       8574.104557                 1     28.8985943899 1.48323969742e-08       31.36602038       19.48819945     31.7698876812  1.6306107472e-08
    "BPM.32L5.B1"       8627.553073                 1      151.86364744 1.48323969742e-08       175.7537429       19.62830141     166.952446092  1.6306107472e-08
    "BPM.31L5.B1"       8681.001589                 1      32.139005209 1.48323969742e-08       35.76676093       19.73620034     35.3322577527  1.6306107472e-08
    "BPM.30L5.B1"       8734.450105                 1     156.508379743 1.48323969742e-08       168.3717152       19.86821955     172.058667578  1.6306107472e-08
    "BPM.29L5.B1"        8787.89862                 1     28.1201504649 1.48323969742e-08       31.36583161       19.98816096     30.9140994816  1.6306107472e-08
    "BPM.28L5.B1"       8841.347136                 1     159.897389818 1.48323969742e-08       175.7488178       20.12826619     175.784401361  1.6306107472e-08
    "BPM.27L5.B1"       8894.795652                 1      30.745575874 1.48323969742e-08       35.76694948       20.23616658     33.8003807047  1.6306107472e-08
    "BPM.24L5.B1"         9055.1412                 1     156.166220856 1.48323969742e-08        175.743892       20.62823098     171.682512625  1.6306107472e-08
    "BPM.23L5.B1"       9108.589716                 1     31.9612275368 1.48323969742e-08       35.76713757       20.73613282     35.1368165281  1.6306107472e-08
    "BPM.22L5.B1"       9162.038232                 1     163.727617752 1.48323969742e-08       168.3815669       20.86814603     179.995191326  1.6306107472e-08
    "BPM.21L5.B1"       9215.486748                 1     29.0895007508 1.48323969742e-08       31.36545543       20.98808396     31.9797620288  1.6306107472e-08
    "BPM.20L5.B1"       9268.935264                 1     163.437716251 1.48323969742e-08       175.7367281       21.12819692     179.676485925  1.6306107472e-08
    "BPM.17L5.B1"       9429.280811                 1     31.5480980476 1.48323969742e-08       31.36530202       21.48805244     34.6826395085  1.6306107472e-08
    "BPM.16L5.B1"       9482.729327                 1     158.199007999 1.48323969742e-08       175.7326949       21.62816809       173.9172725  1.6306107472e-08
    "BPM.15L5.B1"       9536.177843                 1     33.3266838337 1.48323969742e-08        35.7664678        21.7360752     36.6379412056  1.6306107472e-08
    "BPM.14L5.B1"       9589.626359                 1     166.096517188 1.48323969742e-08       168.3895931       21.86808584     182.599458787  1.6306107472e-08
    "BPM.13L5.B1"       9643.074875                 1     30.9048715043 1.48323969742e-08       31.36514891       21.98802093     33.9755035572  1.6306107472e-08
    "BPM.12L5.B1"       9696.523391                 1     160.455251275 1.48323969742e-08       172.3651049       22.12993182     176.397690562  1.6306107472e-08
    "BPM.11L5.B1"       9749.971907                 1     35.2431349023 1.48323969742e-08       40.09649446        22.2320436     38.7448061407  1.6306107472e-08
    "BPM.10L5.B1"       9802.752617                 1     145.671880205 1.48323969742e-08       148.5657784       22.35895129     160.145480087  1.6306107472e-08
     "BPM.9L5.B1"       9841.817628                 1     18.0538202219 1.48323969742e-08       19.94999097       22.47176515     19.8476034138  1.6306107472e-08
     "BPM.8L5.B1"       9882.280639                 1      117.60861738 1.48323969742e-08       123.6463183       22.65981144     129.293920461  1.6306107472e-08
    "BPMR.5L5.B1"       9990.140649                 1     375.670284468 1.48323969742e-08       452.1118489       22.87128183     412.995960345  1.6306107472e-08
   "BPMYA.4L5.B1"       10017.54665                 1     815.894298156 1.48323969742e-08       1026.060262       22.87781266     896.959549741  1.6306107472e-08
   "BPMWB.4L5.B1"       10038.68115                 1     1040.98669134 1.48323969742e-08       1278.157626       22.88069495     1144.41656972  1.6306107472e-08
   "BPMSY.4L5.B1"       10131.46115                 1     2027.58784165 1.48323969742e-08       2399.160588       22.88913132     2229.04398476  1.6306107472e-08
    "BPMS.2L5.B1"       10158.24665                 1     2949.49851225 1.48323969742e-08       3752.328769       22.89031483     3242.55343307  1.6306107472e-08
   "BPMSW.1L5.B1"       10168.21165                 1     967.587152356 1.48323969742e-08       1121.108197        22.8911824       1063.724233  1.6306107472e-08
   "BPMSW.1R5.B1"       10211.33965                 1     991.573556576 1.48323969742e-08       1125.962039       23.38507157     1090.09386737  1.6306107472e-08
   "BPMWB.4R5.B1"       10340.87015                 1     680.321760553 1.48323969742e-08       785.7236725       23.39536389     747.916858108  1.6306107472e-08
   "BPMYA.4R5.B1"       10362.00265                 1     295.849051916 1.48323969742e-08       353.8292001       23.40186474     325.243886368  1.6306107472e-08
     "BPM.5R5.B1"       10383.12065                 1     146.745797128 1.48323969742e-08       159.9402018       23.41601191     161.326098755  1.6306107472e-08
    "BPMR.6R5.B1"       10415.02065                 1     7.19564947477 1.48323969742e-08       8.300261333         23.581167     7.91059151604  1.6306107472e-08
   "BPM_A.7R5.B1"       10449.03465                 1     125.356246214 1.48323969742e-08       141.4078201       23.84321808     137.811334649  1.6306107472e-08
     "BPM.8R5.B1"       10490.47364                 1     18.1437140201 1.48323969742e-08       17.30997942       23.96315398     19.9464288387  1.6306107472e-08
     "BPM.9R5.B1"       10529.54063                 1     97.7954440467 1.48323969742e-08        116.202738       24.16977302     107.512158937  1.6306107472e-08
    "BPM.10R5.B1"       10570.00562                 1     35.0034539655 1.48323969742e-08       40.40930468       24.25605254     38.4813110954  1.6306107472e-08
    "BPM.11R5.B1"       10622.78831                 1     171.417698546 1.48323969742e-08       177.3831489       24.37468068     188.449339642  1.6306107472e-08
    "BPM.12R5.B1"       10677.51479                 1     31.6742621343 1.48323969742e-08       32.60852176       24.49276643     34.8213389486  1.6306107472e-08
    "BPM.13R5.B1"       10730.96627                 1     158.201451504 1.48323969742e-08       175.9434467       24.62914192     173.919958787  1.6306107472e-08
    "BPM.14R5.B1"       10784.41776                 1     31.6859012354 1.48323969742e-08       35.75922259        24.7370135     34.8341344822  1.6306107472e-08
    "BPM.15R5.B1"       10837.86924                 1     159.009562419 1.48323969742e-08       168.2627331         24.869117     174.808361615  1.6306107472e-08
    "BPM.16R5.B1"       10891.32073                 1     31.1412826278 1.48323969742e-08       31.36724834       24.98911164     34.2354039087  1.6306107472e-08
    "BPM.17R5.B1"       10944.77221                 1     161.987004274 1.48323969742e-08       175.8858141       25.12914818     178.081634772  1.6306107472e-08
    "BPM.18R5.B1"        10998.2237                 1     30.6849055129 1.48323969742e-08       35.75918637       25.23701962     33.7336822856  1.6306107472e-08
    "BPM.19R5.B1"       11051.67518                 1     157.070557786 1.48323969742e-08       168.2618434       25.36912367     172.676702249  1.6306107472e-08
    "BPM.20R5.B1"       11105.12666                 1     28.7740489624 1.48323969742e-08       31.36728456       25.48911862     31.6329677262  1.6306107472e-08
    "BPM.21R5.B1"       11158.57815                 1     156.150679142 1.48323969742e-08       175.8867038       25.62915456     171.665426725  1.6306107472e-08
    "BPM.22R5.B1"       11212.02963                 1     32.1431271631 1.48323969742e-08       35.75915015       25.73702574      35.336789254  1.6306107472e-08
    "BPM.23R5.B1"       11265.48112                 1     162.989683199 1.48323969742e-08       168.2634146       25.86912912     179.183937411  1.6306107472e-08
    "BPM.24R5.B1"        11318.9326                 1     29.1799304335 1.48323969742e-08       31.36816637       25.98912128     32.0791765823  1.6306107472e-08
    "BPM.25R5.B1"       11372.38408                 1     151.225112409 1.48323969742e-08       175.8867456       26.12915456      166.25046779  1.6306107472e-08
    "BPM.26R5.B1"       11425.83557                 1      32.643626857 1.48323969742e-08       35.75915015       26.23702574      35.887017367  1.6306107472e-08
    "BPM.27R5.B1"       11479.28705                 1     162.700125184 1.48323969742e-08       168.2634146       26.36912912     178.865609624  1.6306107472e-08
    "BPM.28R5.B1"       11532.73854                 1     29.3611994704 1.48323969742e-08       31.36816637       26.48912128     32.2784560651  1.6306107472e-08
    "BPM.29R5.B1"       11586.19002                 1     167.071249844 1.48323969742e-08       175.8867456       26.62915456     183.671038483  1.6306107472e-08
    "BPM.30R5.B1"        11639.6415                 1     33.7806383116 1.48323969742e-08       35.75915015       26.73702574     37.1369994844  1.6306107472e-08
    "BPM.31R5.B1"       11693.09299                 1     162.048806879 1.48323969742e-08       168.2634146       26.86912912     178.149577933  1.6306107472e-08
    "BPM.32R5.B1"       11746.54447                 1     28.0366119576 1.48323969742e-08       31.36816637       26.98912128     30.8222607936  1.6306107472e-08
    "BPM.33R5.B1"       11799.99596                 1     157.355630488 1.48323969742e-08       175.8867456       27.12915456     172.990099074  1.6306107472e-08
    "BPM.34R5.B1"       11853.44744                 1     33.9464072495 1.48323969742e-08       35.75915015       27.23702574     37.3192388164  1.6306107472e-08
    "BPM.33L6.B1"       11906.89893                 1     160.994173164 1.48323969742e-08       168.2634146       27.36912912     176.990158405  1.6306107472e-08
    "BPM.30L6.B1"       12067.25338                 1     33.0672726455 1.48323969742e-08       35.75915015       27.73702574     36.3527555596  1.6306107472e-08
    "BPM.29L6.B1"       12120.70486                 1     167.317819342 1.48323969742e-08       168.2634146       27.86912912     183.942106521  1.6306107472e-08
    "BPM.28L6.B1"       12174.15635                 1     30.4868693664 1.48323969742e-08       31.36816637       27.98912128     33.5159697546  1.6306107472e-08
    "BPM.27L6.B1"       12227.60783                 1     161.826552107 1.48323969742e-08       175.8867456       28.12915456     177.905240473  1.6306107472e-08
    "BPM.26L6.B1"       12281.05931                 1     32.1003077532 1.48323969742e-08       35.75915015       28.23702574     35.2897154128  1.6306107472e-08
    "BPM.25L6.B1"        12334.5108                 1     157.007639611 1.48323969742e-08       168.2634146       28.36912912     172.607532678  1.6306107472e-08
    "BPM.22L6.B1"       12494.86525                 1      32.331065911 1.48323969742e-08       35.75915015       28.73702574     35.5434011338  1.6306107472e-08
    "BPM.21L6.B1"       12548.31673                 1     162.254281356 1.48323969742e-08       168.2634146       28.86912912     178.375467849  1.6306107472e-08
    "BPM.20L6.B1"       12601.76822                 1     31.0131412582 1.48323969742e-08       31.36732828       28.98912326     34.0945307276  1.6306107472e-08
    "BPM.19L6.B1"        12655.2197                 1      157.20452361 1.48323969742e-08       175.8850565       29.12915998     172.823978588  1.6306107472e-08
    "BPM.18L6.B1"       12708.67119                 1     33.3063221692 1.48323969742e-08       35.75909161       29.23703186     36.6155564562  1.6306107472e-08
    "BPM.17L6.B1"       12762.12267                 1     161.992517885 1.48323969742e-08        168.262525       29.36913579     178.087696202  1.6306107472e-08
    "BPM.16L6.B1"       12815.57415                 1     28.0743794846 1.48323969742e-08       31.36736448       29.48913024     30.8637808091  1.6306107472e-08
    "BPM.15L6.B1"       12869.02564                 1     157.836538069 1.48323969742e-08       175.8859462       29.62916636      173.51878845  1.6306107472e-08
    "BPM.14L6.B1"       12922.47712                 1     31.4562544222 1.48323969742e-08        35.7590554       29.73703798     34.5816705262  1.6306107472e-08
    "BPM.13L6.B1"       12975.92861                 1     158.165367655 1.48323969742e-08       168.2616353       29.86914246     173.880289735  1.6306107472e-08
    "BPM.12L6.B1"       13029.38009                 1     29.0876662887 1.48323969742e-08       30.78067222       29.99054813      31.977745299  1.6306107472e-08
    "BPM.11L6.B1"       13082.83158                 1     158.400173988 1.48323969742e-08       181.7925202       30.12937556     174.138425848  1.6306107472e-08
    "BPM.10L6.B1"       13134.67226                 1     25.7728522478 1.48323969742e-08       31.60928228       30.23918814     28.3335794845  1.6306107472e-08
     "BPM.9L6.B1"       13173.73925                 1     123.161551674 1.48323969742e-08       134.0627938       30.35483346     135.398580655  1.6306107472e-08
     "BPM.8L6.B1"       13214.20424                 1     15.3365286155 1.48323969742e-08       17.65558322       30.48355616     16.8603283938  1.6306107472e-08
   "BPMYA.5L6.B1"       13311.29423                 1     523.208297171 1.48323969742e-08       616.5545995       30.72800304     575.192987268  1.6306107472e-08
   "BPMYB.4L6.B1"       13347.69423                 1     201.207262194 1.48323969742e-08       240.3899517       30.74225348     221.198721097  1.6306107472e-08
   "BPMSA.4R6.B1"       13568.51473                 1     207.268536791 1.48323969742e-08       238.7515706       30.94882731     227.862229035  1.6306107472e-08
   "BPMYA.4R6.B1"       13691.29423                 1     443.839704191 1.48323969742e-08       539.4498459       31.00439961     487.938526017  1.6306107472e-08
   "BPMYB.5R6.B1"       13727.69423                 1     98.3293948833 1.48323969742e-08       114.5906637       31.02665116     108.099161816  1.6306107472e-08
    "BPM.11R6.B1"       13954.79389                 1     35.4759950794 1.48323969742e-08       37.60485249       31.75018016     39.0008027326  1.6306107472e-08
    "BPM.12R6.B1"       14009.52037                 1     152.435503732 1.48323969742e-08        165.208622       31.88340212      167.58112062  1.6306107472e-08
    "BPM.13R6.B1"       14062.97186                 1     27.1806243745 1.48323969742e-08       30.92113284       32.00585345     29.8812243887  1.6306107472e-08
    "BPM.14R6.B1"       14116.42334                 1     168.109902911 1.48323969742e-08        180.174393       32.14513714     184.812889566  1.6306107472e-08
    "BPM.20R6.B1"       14437.13225                 1     157.153047571 1.48323969742e-08       166.8548466       32.90378165     172.767388016  1.6306107472e-08
    "BPM.21R6.B1"       14490.58373                 1     29.6093336142 1.48323969742e-08       31.19560573       33.02470436     32.5512442074  1.6306107472e-08
    "BPM.22R6.B1"       14544.03522                 1      177.07563823 1.48323969742e-08       181.3783926       33.16260999     194.669438304  1.6306107472e-08
    "BPM.23R6.B1"        14597.4867                 1     31.4982445426 1.48323969742e-08       34.73445384       33.27029924     34.6278326817  1.6306107472e-08
    "BPM.24R6.B1"       14650.93818                 1     152.382191234 1.48323969742e-08       165.0172788       33.40696396     167.522511123  1.6306107472e-08
    "BPM.25R6.B1"       14704.38967                 1     27.6223726553 1.48323969742e-08       31.24358054        33.5286392     30.3668636926  1.6306107472e-08
    "BPM.26R6.B1"       14757.84115                 1     167.396321972 1.48323969742e-08        181.757115       33.66616571     184.028408978  1.6306107472e-08
    "BPM.29R6.B1"        14918.1956                 1     29.8314360259 1.48323969742e-08       31.30922962       34.03256689     32.7954141687  1.6306107472e-08
    "BPM.30R6.B1"       14971.64709                 1     175.045577243 1.48323969742e-08       182.1172079       34.16971421     192.437675447  1.6306107472e-08
    "BPM.31R6.B1"       15025.09857                 1     31.6561797693 1.48323969742e-08        34.6031918       34.27738565     34.8014599643  1.6306107472e-08
    "BPM.32R6.B1"       15078.55006                 1     145.552601779 1.48323969742e-08       164.2972912       34.41480614      160.01435045  1.6306107472e-08
    "BPM.33R6.B1"       15132.00154                 1     27.7847962189 1.48323969742e-08       31.37854163       34.53648613     30.5454252622  1.6306107472e-08
    "BPM.34R6.B1"       15185.45302                 1     172.175735416 1.48323969742e-08       182.4578788       34.67325589     189.282693192  1.6306107472e-08
    "BPM.33L7.B1"       15238.90451                 1      33.597336378 1.48323969742e-08       34.53210505       34.78093931     36.9354851213  1.6306107472e-08
    "BPM.32L7.B1"       15292.35599                 1     151.577922605 1.48323969742e-08       163.9666154       34.91873966      166.63833234  1.6306107472e-08
    "BPM.31L7.B1"       15345.80748                 1     28.1965536194 1.48323969742e-08       31.45136399        35.0403965     30.9980938657  1.6306107472e-08
    "BPM.30L7.B1"       15399.25896                 1     169.455138331 1.48323969742e-08       182.7783776       35.17679116     186.291784269  1.6306107472e-08
    "BPM.29L7.B1"       15452.71045                 1     33.9549567185 1.48323969742e-08       34.45758715       35.28450048     37.3286377396  1.6306107472e-08
    "BPM.28L7.B1"       15506.16193                 1     151.823683342 1.48323969742e-08       163.6564699       35.42268088      166.90851126  1.6306107472e-08
    "BPM.27L7.B1"       15559.61341                 1     29.9766117726 1.48323969742e-08       31.52753642       35.54429762     32.9550142207  1.6306107472e-08
    "BPM.26L7.B1"        15613.0649                 1     166.567695927 1.48323969742e-08       183.0779991       35.68032044     183.117452687  1.6306107472e-08
    "BPM.25L7.B1"       15666.51638                 1      32.468082901 1.48323969742e-08       34.37980212       35.78806953     35.6940317951  1.6306107472e-08
    "BPM.24L7.B1"       15719.96787                 1     146.170126223 1.48323969742e-08       163.3675374       35.92662932     160.693230604  1.6306107472e-08
    "BPM.23L7.B1"       15773.41935                 1       29.60540895 1.48323969742e-08       31.60689124       36.04818912     32.5469295982  1.6306107472e-08
    "BPM.22L7.B1"       15826.87083                 1     168.473365644 1.48323969742e-08       183.3560835       36.18384415     185.212465062  1.6306107472e-08
    "BPM.21L7.B1"       15880.32232                 1     32.7358728864 1.48323969742e-08       34.29892118       36.29164683      35.988428735  1.6306107472e-08
    "BPM.20L7.B1"        15933.7738                 1     159.513885026 1.48323969742e-08       164.7209809       36.42969267     175.362792476  1.6306107472e-08
    "BPM.17L7.B1"       16094.12825                 1        32.7008439 1.48323969742e-08       34.12112127       36.80020511     35.9499193547  1.6306107472e-08
    "BPM.16L7.B1"       16147.57974                 1     166.095643112 1.48323969742e-08       163.7301776       36.93931177     182.598497864  1.6306107472e-08
    "BPM.15L7.B1"       16201.03122                 1     26.7461686174 1.48323969742e-08       30.58503181       37.06321315     29.4036021756  1.6306107472e-08
    "BPM.14L7.B1"       16254.48271                 1     168.500424427 1.48323969742e-08       185.2663559       37.20098379     185.242212339  1.6306107472e-08
    "BPM.13L7.B1"       16307.93419                 1     32.5056324237 1.48323969742e-08        33.9196374       37.30881116      35.735312146  1.6306107472e-08
    "BPM.12L7.B1"       16361.38567                 1     142.990014556 1.48323969742e-08       157.7552839       37.45198433     157.197150861  1.6306107472e-08
    "BPM.11L7.B1"       16414.83716                 1     27.3310883949 1.48323969742e-08        30.8553783       37.57814193     30.0466381442  1.6306107472e-08
    "BPM.10L7.B1"       16467.61985                 1     148.420343907 1.48323969742e-08       170.4940859       37.71716338     163.167024385  1.6306107472e-08
     "BPM.9L7.B1"       16506.68684                 1      25.987131772 1.48323969742e-08       26.66375875       37.80578493     28.5691492954  1.6306107472e-08
     "BPM.7L7.B1"       16586.21782                 1     58.4319469468 1.48323969742e-08       66.70885309       38.09104468     64.2376015402  1.6306107472e-08
     "BPM.6L7.B1"       16621.03582                 1       219.4283209 1.48323969742e-08       247.8545208       38.13718886     241.230179399  1.6306107472e-08
   "BPMWC.6L7.B1"       16633.13832                 1     214.382509566 1.48323969742e-08       247.1202554       38.14450228     235.683028656  1.6306107472e-08
   "BPMWE.5L7.B1"       16710.19232                 1     24.4504237838 1.48323969742e-08       29.43295422       38.32400472     26.8797577794  1.6306107472e-08
    "BPMW.5L7.B1"       16733.39732                 1     52.3741609282 1.48323969742e-08       62.30021128       38.42324199     57.5779287959  1.6306107472e-08
   "BPMWE.4L7.B1"       16768.48232                 1     216.594227764 1.48323969742e-08       259.6044069       38.46772666     238.114497736  1.6306107472e-08
    "BPMW.4L7.B1"       16796.58732                 1     280.266990638 1.48323969742e-08       320.5143308        38.4819178      308.11362979  1.6306107472e-08
    "BPMW.4R7.B1"       16912.63432                 1     42.4575229369 1.48323969742e-08       48.45390015       38.67253895     46.6759980339  1.6306107472e-08
    "BPMW.5R7.B1"       16975.82432                 1     287.557936147 1.48323969742e-08       325.7181849       38.77511741      316.12898572  1.6306107472e-08
   "BPMWE.5R7.B1"       16999.02932                 1     302.640644369 1.48323969742e-08       366.4415632       38.78503605     332.710274751  1.6306107472e-08
    "BPMR.6R7.B1"       17078.24482                 1     53.7345126314 1.48323969742e-08       57.75897841       38.87667637     59.0734416999  1.6306107472e-08
   "BPM_A.7R7.B1"       17116.28082                 1      111.20720183 1.48323969742e-08       119.6841796        38.9609361        122.256476  1.6306107472e-08
     "BPM.9R7.B1"        17194.4138                 1     106.570013041 1.48323969742e-08       114.3210552       39.27604755     117.158547534  1.6306107472e-08
    "BPM.10R7.B1"       17234.87878                 1     32.5505838943 1.48323969742e-08       33.98479034       39.37414015     35.7847298843  1.6306107472e-08
    "BPM.11R7.B1"       17287.66147                 1     155.923349475 1.48323969742e-08       169.0736537       39.50824619     171.415510141  1.6306107472e-08
    "BPM.12R7.B1"       17342.38796                 1     30.5889907776 1.48323969742e-08       31.79964567        39.6312589     33.6282376981  1.6306107472e-08
    "BPM.13R7.B1"       17395.83944                 1     165.762898052 1.48323969742e-08       181.8565373       39.76702564     182.232692074  1.6306107472e-08
    "BPM.14R7.B1"       17449.29093                 1     29.8135453764 1.48323969742e-08       31.89532697       39.88014641     32.7757459482  1.6306107472e-08
    "BPM.15R7.B1"       17502.74241                 1     150.798610172 1.48323969742e-08       166.2318675       40.02439181     165.781589339  1.6306107472e-08
    "BPM.16R7.B1"       17556.19389                 1     30.1829143292 1.48323969742e-08       32.68635289       40.14213283     33.1818144922  1.6306107472e-08
    "BPM.17R7.B1"       17609.64538                 1     160.326461411 1.48323969742e-08       181.5111463       40.27571873     176.256104454  1.6306107472e-08
    "BPM.18R7.B1"       17663.09686                 1     28.7744721094 1.48323969742e-08       31.72444772       40.38935114     31.6334329161  1.6306107472e-08
    "BPM.19R7.B1"       17716.54835                 1     162.763594705 1.48323969742e-08       166.6584227       40.53388246      178.93538532  1.6306107472e-08
    "BPM.20R7.B1"       17769.99983                 1     29.7342452129 1.48323969742e-08       32.85409508       40.65106751     32.6885667155  1.6306107472e-08
    "BPM.23R7.B1"       17930.35428                 1     151.113295633 1.48323969742e-08       165.6863453       41.04422441     166.127541175  1.6306107472e-08
    "BPM.24R7.B1"       17983.80577                 1     32.3354273006 1.48323969742e-08       34.42545946        41.1585411     35.5481958604  1.6306107472e-08
    "BPM.25R7.B1"       18037.25725                 1     167.563422532 1.48323969742e-08       180.6948446       41.28800121      184.21211224  1.6306107472e-08
    "BPM.26R7.B1"       18090.70874                 1     29.6686370756 1.48323969742e-08       31.48284302       41.40250177      32.616439915  1.6306107472e-08
    "BPM.27R7.B1"       18144.16022                 1      158.58226366 1.48323969742e-08        166.103156       41.54811612     174.338607502  1.6306107472e-08
    "BPM.28R7.B1"        18197.6117                 1     33.4369034825 1.48323969742e-08       34.50138657       41.66210552     36.7591120077  1.6306107472e-08
    "BPM.29R7.B1"       18251.06319                 1     171.461481133 1.48323969742e-08       180.2700031       41.79157832      188.49747236  1.6306107472e-08
    "BPM.30R7.B1"       18304.51467                 1     28.6806849216 1.48323969742e-08       31.40857721       41.90640831     31.5303272639  1.6306107472e-08
    "BPM.31R7.B1"       18357.96616                 1     156.457635269 1.48323969742e-08       166.5357945        42.0519979     172.002881258  1.6306107472e-08
    "BPM.32R7.B1"       18411.41764                 1     33.4571344167 1.48323969742e-08        34.5739502       42.16566227     36.7813530378  1.6306107472e-08
    "BPM.33R7.B1"       18464.86912                 1     171.786780911 1.48323969742e-08       179.8298058       42.29516402     188.855093124  1.6306107472e-08
    "BPM.34R7.B1"       18518.32061                 1     29.1653097528 1.48323969742e-08        31.3377557       42.41032389     32.0631032268  1.6306107472e-08
    "BPM.33L8.B1"       18571.77209                 1     154.133550279 1.48323969742e-08       166.9833084       42.55586943     169.447880896  1.6306107472e-08
    "BPM.32L8.B1"       18625.22358                 1     32.8658948704 1.48323969742e-08       34.64299061       42.66921175     36.1313693837  1.6306107472e-08
    "BPM.31L8.B1"       18678.67506                 1     165.588941971 1.48323969742e-08       179.3752216       42.79875866     182.041452145  1.6306107472e-08
    "BPM.30L8.B1"       18732.12654                 1     29.4622083837 1.48323969742e-08       31.27053438       42.91424811     32.3895009757  1.6306107472e-08
    "BPM.29L8.B1"       18785.57803                 1      157.67170989 1.48323969742e-08       167.4447128       43.05973044     173.337583348  1.6306107472e-08
    "BPM.28L8.B1"       18839.02951                 1     32.7865906429 1.48323969742e-08       34.70835585       43.17275434     36.0441856832  1.6306107472e-08
    "BPM.27L8.B1"         18892.481                 1     155.515640291 1.48323969742e-08       178.9072511       43.30236256     170.967291975  1.6306107472e-08
    "BPM.25L8.B1"       18999.38397                 1     163.374054497 1.48323969742e-08       167.9189918       43.56358068     179.606498896  1.6306107472e-08
    "BPM.23L8.B1"       19106.28693                 1      159.18513033 1.48323969742e-08       178.4269245       43.80597602     175.001373522  1.6306107472e-08
    "BPM.22L8.B1"       19159.73842                 1     30.1288881684 1.48323969742e-08        31.1474759       43.92212072     33.1224204248  1.6306107472e-08
    "BPM.21L8.B1"        19213.1899                 1     159.383809677 1.48323969742e-08       168.4051017       44.06741991     175.219793161  1.6306107472e-08
    "BPM.20L8.B1"       19266.64139                 1     31.4339914025 1.48323969742e-08       33.41318129       44.18266011     34.5571955076  1.6306107472e-08
    "BPM.19L8.B1"       19320.09287                 1     160.161160844 1.48323969742e-08       179.1839366       44.31544428     176.074380028  1.6306107472e-08
    "BPM.18L8.B1"       19373.54435                 1     30.3528495234 1.48323969742e-08       31.02641547       44.43153853     33.3686340295  1.6306107472e-08
    "BPM.15L8.B1"       19533.89881                 1     160.807819968 1.48323969742e-08        178.320841        44.8242808     176.785289613  1.6306107472e-08
    "BPM.14L8.B1"       19587.35029                 1     28.8895946615 1.48323969742e-08       30.90751204       44.94099408     31.7599937619  1.6306107472e-08
    "BPM.13L8.B1"       19640.80177                 1     150.151146377 1.48323969742e-08        170.128478        45.0860863     165.069795134  1.6306107472e-08
    "BPM.12L8.B1"       19694.25326                 1     29.7161040139 1.48323969742e-08       33.45229143       45.20052808     32.6686230515  1.6306107472e-08
    "BPM.11L8.B1"       19747.70474                 1     160.262634915 1.48323969742e-08       173.7999312       45.33584777     176.185936314  1.6306107472e-08
    "BPM.10L8.B1"       19799.54543                 1     34.5179452453 1.48323969742e-08       34.49607754        45.4435696     37.9475634224  1.6306107472e-08
     "BPM.9L8.B1"       19838.61242                 1     104.459176942 1.48323969742e-08       113.1403981       45.56186395      114.83798395  1.6306107472e-08
     "BPM.8L8.B1"       19879.07741                 1     13.7069191296 1.48323969742e-08       15.71458834       45.71904613     15.0688049157  1.6306107472e-08
     "BPM.7L8.B1"        19918.1454                 1     136.402011939 1.48323969742e-08       151.8152984        45.8896479       149.9545805  1.6306107472e-08
    "BPMR.6L8.B1"        19950.6144                 1     12.4742244445 1.48323969742e-08       14.29912146       46.00867957     13.7136327173  1.6306107472e-08
   "BPMYB.4L8.B1"        20031.8004                 1     134.676323763 1.48323969742e-08       155.7587187       46.27344261      148.05743219  1.6306107472e-08
   "BPMWB.4L8.B1"        20056.1919                 1     195.739267864 1.48323969742e-08       236.1358085       46.29520455     215.187440293  1.6306107472e-08
    "BPMS.2L8.B1"        20144.3364                 1     172.078724701 1.48323969742e-08       198.0621234         46.332066     189.176043731  1.6306107472e-08
   "BPMSW.1L8.B1"        20154.2704                 1     141.068971275 1.48323969742e-08       159.0713072       46.33994893     155.085237442  1.6306107472e-08
   "BPMSW.1R8.B1"        20197.4604                 1     130.780613506 1.48323969742e-08       164.5874465       46.79694516      143.77465374  1.6306107472e-08
    "BPMS.2R8.B1"        20207.3944                 1     490.498905375 1.48323969742e-08       543.7863244       46.80287893      539.23367072  1.6306107472e-08
   "BPMSX.4R8.B1"        20245.3059                 1     274.215456172 1.48323969742e-08       341.3521851       46.81604825     301.460829737  1.6306107472e-08
   "BPMWB.4R8.B1"        20295.4629                 1     259.634832322 1.48323969742e-08       286.6764719       46.84167732     285.431510949  1.6306107472e-08
   "BPMYB.4R8.B1"        20319.9304                 1     192.554109724 1.48323969742e-08       221.1122661       46.85608363     211.685812671  1.6306107472e-08
   "BPMYB.5R8.B1"        20340.5074                 1     55.6208024801 1.48323969742e-08       63.35812232       46.88389401     61.1471486705  1.6306107472e-08
     "BPM.6R8.B1"        20424.6154                 1     138.631617476 1.48323969742e-08       151.2086882       47.24248404     152.405714162  1.6306107472e-08
   "BPM_A.7R8.B1"        20446.8554                 1     50.3980952707 1.48323969742e-08       51.94011794       47.28285626     55.4055261128  1.6306107472e-08
    "BPM.10R8.B1"       20567.82043                 1     168.180366566 1.48323969742e-08       183.5078849       47.72021445     184.890354316  1.6306107472e-08
    "BPM.11R8.B1"       20619.65914                 1     35.8088895793 1.48323969742e-08       38.23914355       47.81399887     39.3667728116  1.6306107472e-08
    "BPM.12R8.B1"       20674.38266                 1     144.140323808 1.48323969742e-08       153.5340576       47.95223819     158.461752012  1.6306107472e-08
    "BPM.13R8.B1"       20727.83117                 1      28.973914991 1.48323969742e-08       32.76559303       48.07598801      31.852691952  1.6306107472e-08
    "BPM.14R8.B1"       20781.27969                 1     164.508331077 1.48323969742e-08       183.3333075       48.20803824     180.853474408  1.6306107472e-08
    "BPM.15R8.B1"       20834.72821                 1      29.764403205 1.48323969742e-08       34.29450056        48.3159251     32.7217211315  1.6306107472e-08
    "BPM.16R8.B1"       20888.17672                 1     140.723677021 1.48323969742e-08       160.7879665       48.45600172       154.7056356  1.6306107472e-08
    "BPM.17R8.B1"       20941.62524                 1     31.8462997713 1.48323969742e-08       32.83691656       48.57596202     35.0104698223  1.6306107472e-08
    "BPM.18R8.B1"       20995.07375                 1     160.205774728 1.48323969742e-08       183.3324982       48.70801059     176.123426639  1.6306107472e-08
    "BPM.19R8.B1"       21048.52227                 1     32.2177101167 1.48323969742e-08       34.29528616       48.81589627     35.4187825865  1.6306107472e-08
    "BPM.22R8.B1"       21208.86782                 1      176.69171599 1.48323969742e-08       183.3316873       49.20798295     194.247370494  1.6306107472e-08
    "BPM.23R8.B1"       21262.31633                 1     31.6210165703 1.48323969742e-08       34.29704845       49.31586564     34.7628030363  1.6306107472e-08
    "BPM.24R8.B1"       21315.76485                 1     146.313394351 1.48323969742e-08       160.7919766       49.45593276     160.850733502  1.6306107472e-08
    "BPM.25R8.B1"       21369.21337                 1     31.5262842422 1.48323969742e-08       32.83519232       49.57589514      34.658658337  1.6306107472e-08
    "BPM.26R8.B1"       21422.66188                 1     171.995587238 1.48323969742e-08       183.3306935       49.70794919     189.084645934  1.6306107472e-08
    "BPM.29R8.B1"       21583.00743                 1     30.8303675467 1.48323969742e-08       32.83423323       50.07585837     33.8935970695  1.6306107472e-08
    "BPM.30R8.B1"       21636.45594                 1     172.063544331 1.48323969742e-08       183.3296974       50.20791543     189.159355077  1.6306107472e-08
    "BPM.31R8.B1"       21689.90446                 1     33.5804938332 1.48323969742e-08       34.29896662       50.31579523     36.9169691426  1.6306107472e-08
    "BPM.32R8.B1"       21743.35298                 1     157.741327586 1.48323969742e-08       160.7939688       50.45585577     173.414118087  1.6306107472e-08
    "BPM.33R8.B1"       21796.80149                 1      30.637147053 1.48323969742e-08        32.8332743       50.57582159     33.6811786626  1.6306107472e-08
    "BPM.34R8.B1"       21850.25001                 1     174.526501242 1.48323969742e-08       183.3286991       50.70788167     191.867025331  1.6306107472e-08
    "BPM.33L1.B1"       21903.69852                 1     31.0166447176 1.48323969742e-08       34.29992548       50.81576002     34.0983822822  1.6306107472e-08
    "BPM.32L1.B1"       21957.14704                 1     157.406775239 1.48323969742e-08       160.7949683       50.95581728     173.046325442  1.6306107472e-08
    "BPM.31L1.B1"       22010.59556                 1     30.0701443249 1.48323969742e-08       32.83231551       51.07578482     33.0578399375  1.6306107472e-08
    "BPM.30L1.B1"       22064.04407                 1     173.389231288 1.48323969742e-08       183.3276984       51.20784791      190.61675903  1.6306107472e-08
    "BPM.29L1.B1"       22117.49259                 1     31.0052934961 1.48323969742e-08       34.30088419       51.31572482     34.0859032312  1.6306107472e-08
    "BPM.28L1.B1"        22170.9411                 1     153.641966703 1.48323969742e-08       160.7959701       51.45577878     168.907454785  1.6306107472e-08
    "BPM.27L1.B1"       22224.38962                 1     30.9861302872 1.48323969742e-08       32.83135688       51.57574804      34.064836013  1.6306107472e-08
    "BPM.26L1.B1"       22277.83814                 1     168.892687752 1.48323969742e-08       183.3266954       51.70781414     185.673449983  1.6306107472e-08
    "BPM.25L1.B1"       22331.28665                 1     33.5234812652 1.48323969742e-08       34.30184275       51.81568962      36.854291946  1.6306107472e-08
    "BPM.24L1.B1"       22384.73517                 1     158.791181055 1.48323969742e-08       160.7969743       51.95574029     174.568282416  1.6306107472e-08
    "BPM.23L1.B1"       22438.18368                 1     31.7868780506 1.48323969742e-08       32.83039839       52.07571126     34.9451441055  1.6306107472e-08
    "BPM.22L1.B1"        22491.6322                 1     171.273644083 1.48323969742e-08         183.32569       52.20778038     188.290972282  1.6306107472e-08
    "BPM.21L1.B1"       22545.08071                 1     33.7309254957 1.48323969742e-08       34.30280116       52.31565442     37.0823473254  1.6306107472e-08
    "BPM.20L1.B1"       22598.52923                 1     149.546062425 1.48323969742e-08       160.7957509       52.45570307     164.404591527  1.6306107472e-08
    "BPM.19L1.B1"       22651.97775                 1     31.1964400238 1.48323969742e-08       32.82947747       52.57567671     34.2960416079  1.6306107472e-08
    "BPM.18L1.B1"       22705.42626                 1     170.183422417 1.48323969742e-08       183.3247436       52.70774866     187.092428872  1.6306107472e-08
    "BPM.17L1.B1"       22758.87478                 1     32.8331487186 1.48323969742e-08       34.30370148       52.81562135     36.0953696548  1.6306107472e-08
    "BPM.16L1.B1"       22812.32329                 1     149.111083138 1.48323969742e-08       160.7966984       52.95566691     163.926393768  1.6306107472e-08
    "BPM.15L1.B1"       22865.77181                 1     29.9258166468 1.48323969742e-08       32.82857721       53.07564215     32.8991722161  1.6306107472e-08
    "BPM.14L1.B1"       22919.22033                 1     168.300296356 1.48323969742e-08        183.323795       53.20771694     185.022200035  1.6306107472e-08
    "BPM.13L1.B1"       22972.66884                 1     31.7986986635 1.48323969742e-08       34.30460166       53.31558828     34.9581391855  1.6306107472e-08
    "BPM.12L1.B1"       23026.11736                 1     148.084556285 1.48323969742e-08       157.4482936       53.45759147     162.797873731  1.6306107472e-08
    "BPM.11L1.B1"       23079.56587                 1     31.7507017219 1.48323969742e-08       36.65524126       53.57123821     34.9053733857  1.6306107472e-08
     "BPM.9L1.B1"        23171.4116                 1     21.6119914371 1.48323969742e-08       22.09359526       53.80082234     23.7593057731  1.6306107472e-08
    "BPMR.7L1.B1"       23250.94062                 1     27.9528513965 1.48323969742e-08       30.19851435       54.09384246     30.7301779891  1.6306107472e-08
    "BPMR.5L1.B1"       23326.02462                 1     24245.6257509 1.48323969742e-08       596.0015265       54.21251061     26654.6115175  1.6306107472e-08
   "BPMYA.4L1.B1"       23347.14262                 1     959.775365164 1.48323969742e-08       1126.744993        54.2166125     1055.13628583  1.6306107472e-08
   "BPMWB.4L1.B1"       23368.27512                 1     1207.30495826 1.48323969742e-08       1406.733828       54.21923405     1327.25981075  1.6306107472e-08
   "BPMSY.4L1.B1"       23461.05512                 1      2205.7236981 1.48323969742e-08       2656.503969       54.22687558     2424.87898196  1.6306107472e-08
    "BPMS.2L1.B1"       23487.84062                 1     3560.09210853 1.48323969742e-08       4157.995798       54.22794403     3913.81410794  1.6306107472e-08
   "BPMSW.1L1.B1"       23497.79062                 1     1064.94330558 1.48323969742e-08        1244.72144       54.22872482     1170.75345425  1.6306107472e-08
   "BPMSW.1R1.B1"       23540.93362                 1     1078.51165258 1.48323969742e-08       1243.277489       54.72320408     1185.66991885  1.6306107472e-08
    "BPMS.2R1.B1"       23550.89862                 1     1492.61938519 1.48323969742e-08       1567.899171       54.72420953     1640.92237769  1.6306107472e-08
   "BPMSY.4R1.B1"       23577.68412                 1      4552.7225914 1.48323969742e-08       5509.374366       54.72575951      5005.0699152  1.6306107472e-08
   "BPMWB.4R1.B1"       23670.46412                 1     714.859111937 1.48323969742e-08       873.3076785       54.73249345     785.885755814  1.6306107472e-08
   "BPMYA.4R1.B1"       23691.59662                 1     307.668861465 1.48323969742e-08       394.5799829       54.73833231     338.238083135  1.6306107472e-08
     "BPM.5R1.B1"       23719.00462                 1     107.150590033 1.48323969742e-08       126.6633837       54.75757997     117.796809229  1.6306107472e-08
    "BPMR.6R1.B1"       23750.90462                 1     8.07554446121 1.48323969742e-08       8.524410772       55.04325612     8.87791070512  1.6306107472e-08
   "BPMSX.7R1.B1"       23757.12012                 1     19.7567762883 1.48323969742e-08       20.50565354       55.12115048     21.7197610082  1.6306107472e-08
     "BPM.8R1.B1"       23820.06761                 1     19.0310984898 1.48323969742e-08       19.26695895       55.29306698     20.9219816477  1.6306107472e-08
     "BPM.9R1.B1"        23859.1346                 1     95.3693556681 1.48323969742e-08       103.6328435       55.50184133     104.845020381  1.6306107472e-08
    "BPM.10R1.B1"       23899.59958                 1     35.4296764168 1.48323969742e-08       37.94897859       55.59716646     38.9498819615  1.6306107472e-08
    "BPM.11R1.B1"       23952.38227                 1     184.914453748 1.48323969742e-08       194.2686184       55.71375625     203.287099259  1.6306107472e-08
    "BPM.12R1.B1"       24007.10876                 1     36.0109093126 1.48323969742e-08       35.51057049       55.81993645     39.5888647289  1.6306107472e-08
    "BPM.13R1.B1"       24060.56024                 1     145.638309978 1.48323969742e-08       160.8381018       55.95672705     160.108574405  1.6306107472e-08
    "BPM.14R1.B1"       24114.01173                 1     30.6777908542 1.48323969742e-08       32.85258835       56.07666141      33.725860732  1.6306107472e-08
    "BPM.15R1.B1"       24167.46321                 1     175.681358823 1.48323969742e-08       183.3631992       56.20866364     193.136626722  1.6306107472e-08
    "BPM.16R1.B1"       24220.91469                 1     33.3964535746 1.48323969742e-08       34.27370559       56.31658601     36.7146430964  1.6306107472e-08
    "BPM.17R1.B1"       24274.36618                 1      152.69278024 1.48323969742e-08         160.78445       56.45673391     167.863959489  1.6306107472e-08
    "BPM.18R1.B1"       24327.81766                 1     31.7444331157 1.48323969742e-08       32.85276278       56.57666808     34.8984819462  1.6306107472e-08
    "BPM.19R1.B1"       24381.26915                 1      168.23338293 1.48323969742e-08       183.3633705       56.70866976     184.948638255  1.6306107472e-08
    "BPM.20R1.B1"       24434.72063                 1     31.8423615862 1.48323969742e-08       34.27353117        56.8165924     35.0061403488  1.6306107472e-08
    "BPM.21R1.B1"       24488.17211                 1     158.686646985 1.48323969742e-08       160.7842788       56.95674089     174.453362097  1.6306107472e-08
    "BPM.22R1.B1"        24541.6236                 1     28.0116830404 1.48323969742e-08        32.8529372       57.07667474     30.7948550004  1.6306107472e-08
    "BPM.23R1.B1"       24595.07508                 1     174.046474064 1.48323969742e-08       183.3660149       57.20867476     191.339303833  1.6306107472e-08
    "BPM.24R1.B1"       24648.52657                 1     31.3146253639 1.48323969742e-08       34.27441281       57.31659484     34.4259695529  1.6306107472e-08
    "BPM.25R1.B1"       24701.97805                 1     147.614051408 1.48323969742e-08        160.784317       57.45674089     162.280620646  1.6306107472e-08
    "BPM.26R1.B1"       24755.42954                 1     30.5216710213 1.48323969742e-08        32.8529372       57.57667474     33.5542292163  1.6306107472e-08
    "BPM.27R1.B1"       24808.88102                 1     176.570234746 1.48323969742e-08       183.3660149       57.70867476     194.113819172  1.6306107472e-08
    "BPM.28R1.B1"        24862.3325                 1     29.2031567639 1.48323969742e-08       34.27441281       57.81659484     32.1047106239  1.6306107472e-08
    "BPM.29R1.B1"       24915.78399                 1     145.351423472 1.48323969742e-08        160.784317       57.95674089     159.793183561  1.6306107472e-08
    "BPM.30R1.B1"       24969.23547                 1     32.5289031375 1.48323969742e-08        32.8529372       58.07667474     35.7608949808  1.6306107472e-08
    "BPM.31R1.B1"       25022.68696                 1     166.397586283 1.48323969742e-08       183.3660149       58.20867476     182.930441367  1.6306107472e-08
    "BPM.33L2.B1"       25236.49289                 1     164.912695825 1.48323969742e-08       183.3660149       58.70867476     181.298015844  1.6306107472e-08
    "BPM.32L2.B1"       25289.94438                 1     31.5743240156 1.48323969742e-08       34.27441281       58.81659484     34.7114712242  1.6306107472e-08
    "BPM.31L2.B1"       25343.39586                 1     141.708257559 1.48323969742e-08        160.784317       58.95674089      155.78804164  1.6306107472e-08
    "BPM.30L2.B1"       25396.84734                 1     31.0569088266 1.48323969742e-08        32.8529372       59.07667474      34.142646934  1.6306107472e-08
    "BPM.29L2.B1"       25450.29883                 1     166.295644613 1.48323969742e-08       183.3660149       59.20867476     182.818371023  1.6306107472e-08
    "BPM.28L2.B1"       25503.75031                 1     30.8232192724 1.48323969742e-08       34.27441281       59.31659484     33.8857385602  1.6306107472e-08
    "BPM.27L2.B1"        25557.2018                 1     149.768390397 1.48323969742e-08        160.784317       59.45674089     164.649009461  1.6306107472e-08
    "BPM.26L2.B1"       25610.65328                 1     31.1599636787 1.48323969742e-08        32.8529372       59.57667474     34.2559410629  1.6306107472e-08
    "BPM.25L2.B1"       25664.10477                 1     172.436069735 1.48323969742e-08       183.3660149       59.70867476     189.568893689  1.6306107472e-08
    "BPM.24L2.B1"       25717.55625                 1     31.1960179748 1.48323969742e-08       34.27441281       59.81659484     34.2955776252  1.6306107472e-08
    "BPM.23L2.B1"       25771.00773                 1      146.91028833 1.48323969742e-08        160.784317       59.95674089     161.506933399  1.6306107472e-08
    "BPM.22L2.B1"       25824.45922                 1     31.3576264916 1.48323969742e-08        32.8529372       60.07667474     34.4732431669  1.6306107472e-08
    "BPM.21L2.B1"        25877.9107                 1       168.1506806 1.48323969742e-08       183.3660149       60.20867476     184.857718825  1.6306107472e-08
    "BPM.20L2.B1"       25931.36219                 1     31.2270807042 1.48323969742e-08       34.27343639       60.31659665     34.3297266711  1.6306107472e-08
    "BPM.17L2.B1"       26091.71664                 1     166.511027271 1.48323969742e-08        183.366186       60.70868088     183.055153572  1.6306107472e-08
    "BPM.16L2.B1"       26145.16812                 1     33.1671452176 1.48323969742e-08       34.27326192       60.81660304     36.4625512248  1.6306107472e-08
    "BPM.15L2.B1"       26198.61961                 1      152.61280045 1.48323969742e-08       160.7817664       60.95675379     167.776033103  1.6306107472e-08
    "BPM.14L2.B1"       26252.07109                 1     31.7341260383 1.48323969742e-08       32.85326558       61.07668806     34.8871507829  1.6306107472e-08
    "BPM.13L2.B1"       26305.52257                 1     168.214409903 1.48323969742e-08       183.3663571         61.208687     184.927780116  1.6306107472e-08
    "BPM.12L2.B1"       26358.97406                 1     28.7610752468 1.48323969742e-08       32.10686703       61.32087451     31.6187049741  1.6306107472e-08
    "BPM.11L2.B1"       26412.42554                 1     159.167407136 1.48323969742e-08       163.4255268       61.46596462     174.981889395  1.6306107472e-08
    "BPM.10L2.B1"       26464.26623                 1     30.5578803524 1.48323969742e-08       31.78444102       61.58286953     33.5940362176  1.6306107472e-08
     "BPM.9L2.B1"       26503.33322                 1     116.829481334 1.48323969742e-08       123.2972355       61.70154111     128.437371374  1.6306107472e-08
     "BPM.8L2.B1"       26543.79821                 1     17.7330130153 1.48323969742e-08       18.51206702       61.83382504     19.4949215918  1.6306107472e-08
     "BPM.7L2.B1"        26582.8662                 1     97.5943778733 1.48323969742e-08       109.8850023       62.02411283     107.291115323  1.6306107472e-08
    "BPMR.6L2.B1"        26614.9722                 1       22.65917433 1.48323969742e-08       24.54569767        62.1243505     24.9105341837  1.6306107472e-08