@ GetLLMVersion %s "V3.0.0 Dev"
@ Command %s "/afs/cern.ch/work/o/omc/anaconda/bin/python '/afs/cern.ch/work/e/efol/public/Beta-Beat.src/GetLLM/GetLLM.py' '--accel=LHCB1' '--model=/afs/cern.ch/work/e/efol/public/betabeatGui/temp/2017-12-20/models/LHCB1/Multiturn-model_40cm_2041/twiss.dat' '--files=/afs/cern.ch/work/e/efol/public/betabeatGui/temp/2017-12-20/LHCB1/Measurements/Beam1@Turn@2017_09_11@19_02_33_250_addDbscan/Beam1@Turn@2017_09_11@19_02_33_250_addDbscan.sdds' '--output=/afs/cern.ch/work/e/efol/public/betabeatGui/temp/2017-12-20/LHCB1/Results/40cm_dbscan_after_holeInOneCleaning' '--tbtana=SUSSIX' '--bpmu=mm' '--lhcphase=1' '--errordefs=/afs/cern.ch/work/e/efol/public/betabeatGui/temp/2017-12-20/models/LHCB1/Multiturn-model_40cm_2041/error_deff.txt'"
@ CWD %s "/home/efol/Workspaces/Accsoft-Eclipse-Pro/lhc-app-beta-beating"
@ Date %s "21. December 2017, 14:03:12"
@ Q1 %le 0.30985339184
@ Q2 %le 0.319421650825
@ RMSbetabeat %le 1.92042467696
@ RescalingFactor %le 1.02332091172
@ FILES %s "/afs/cern.ch/work/e/efol/public/betabeatGui/temp/2017-12-20/LHCB1/Measurements/Beam1@Turn@2017_09_11@19_02_33_250_addDbscan/Beam1@Turn@2017_09_11@19_02_33_250_addDbscan.sdds.linx"
*            NAME                 S             COUNT              BETX           BETXSTD           BETXMDL            MUXMDL           BETXRES        BETXSTDRES
$              %s               %le               %le               %le               %le               %le               %le               %le               %le
   "BPMYB.5L2.B1"            28.288                 1      147.98341734               0.0        175.128565     0.03145312858     151.434525552               0.0
   "BPMYB.4L2.B1"            48.858                 1     74.2240682948               0.0       84.35832101     0.05851807485     75.9550412392               0.0
   "BPMWI.4L2.B1"           73.3255                 1     73.3319363514               0.0       83.45002126      0.1097876872     75.0421039656               0.0
   "BPMSX.4L2.B1"          123.4825                 1      161.71466631               0.0       170.5391556      0.1788502064     165.485999767               0.0
    "BPMS.2L2.B1"           161.394                 1      66.874228803               0.0       63.40330267       0.229253766     68.4337967895               0.0
   "BPMSW.1L2.B1"           171.328                 1     54.5288521907               0.0        56.6340898      0.2526788187      55.800514739               0.0
   "BPMSW.1R2.B1"           214.518                 1     54.6997725361               0.0        56.6345024      0.6146370966     55.9754211027               0.0
    "BPMS.2R2.B1"           224.452                 1     163.366124146               0.0       173.4266688       0.632582971     167.175971106               0.0
   "BPMSX.4R2.B1"          262.3635                 1     81.7931354571               0.0       100.2196997      0.6761117673     83.7006259486               0.0
   "BPMWB.4R2.B1"          312.5965                 1     95.2323835714               0.0       104.9354204      0.7575836096     97.4532895819               0.0
   "BPMYB.4R2.B1"           336.988                 1     94.7444213156               0.0       101.2151279      0.7924101326     96.9539476013               0.0
     "BPM.6R2.B1"           439.818                 1     162.603861494               0.0       181.6208991       1.036087404     166.395931794               0.0
   "BPM_A.7R2.B1"           452.693                 1     80.9182823491               0.0       85.21587822        1.05258811     82.8053704685               0.0
     "BPM.8R2.B1"       494.1300106                 1      107.76596354               0.0       113.0897601       1.134746992     110.279164063               0.0
     "BPM.9R2.B1"       533.1950212                 1     16.0176601981               0.0       15.94722448       1.292805637     16.3912066376               0.0
    "BPM.10R2.B1"       573.6580318                 1     166.907892412               0.0       171.7411105       1.460281322     170.800336637               0.0
    "BPM.11R2.B1"       625.4967424                 1     32.5289533968               0.0       32.90159014       1.566688573     33.2875582474               0.0
    "BPM.14R2.B1"       787.1172901                 1     169.643831927               0.0         170.35043       1.960490566     173.600080756               0.0
    "BPM.15R2.B1"        840.565806                 1     34.0937339328               0.0       34.55300863       2.072703938     34.8888308922               0.0
    "BPM.16R2.B1"       894.0143219                 1     162.834378007               0.0       168.8433479       2.207282493     166.631824162               0.0
    "BPM.17R2.B1"       947.4628378                 1     33.8233788662               0.0       33.10170512       2.323083936     34.6121708989               0.0
    "BPM.18R2.B1"       1000.911354                 1     169.909404006               0.0       170.3630625       2.460771013     173.871846218               0.0
    "BPM.19R2.B1"        1054.35987                 1     33.7298332332               0.0       34.55282647       2.572979721     34.5164436964               0.0
    "BPM.20R2.B1"       1107.808386                 1     163.046955318               0.0       168.8307202       2.707565464     166.849358969               0.0
    "BPM.21R2.B1"       1161.256901                 1     32.9399025493               0.0       33.10189183       2.823371809     33.7080911088               0.0
    "BPM.22R2.B1"       1214.705417                 1     167.366512688               0.0       170.3756854        2.96105144     171.269652356               0.0
    "BPM.23R2.B1"       1268.153933                 1      33.120360102               0.0       33.11661624       3.076157208     33.8927570962               0.0
    "BPM.24R2.B1"       1321.602449                 1     172.910525629               0.0       170.3730582       3.213836773     176.942956733               0.0
    "BPM.26R2.B1"       1428.499481                 1     180.611114822               0.0       170.3757138       3.466622864     184.823130687               0.0
    "BPM.27R2.B1"       1481.947997                 1     32.4624638276               0.0       33.11659909       3.581728657     33.2195180808               0.0
    "BPM.28R2.B1"       1535.396513                 1     176.395889165               0.0       170.3730331       3.719408284     180.509602124               0.0
    "BPM.29R2.B1"       1588.845029                 1     33.5891509433               0.0       33.11640494       3.834515594     34.3724805673               0.0
    "BPM.30R2.B1"       1642.293545                 1     172.860605186               0.0       170.3757357       3.972194287       176.8918721               0.0
    "BPM.33R2.B1"       1802.639092                 1     33.2597265904               0.0       33.11642281       4.340087075     34.0353737382               0.0
    "BPM.34R2.B1"       1856.087608                 1     172.911036917               0.0       170.3757509        4.47776571     176.943479945               0.0
    "BPM.33L3.B1"       1909.536124                 1     33.6397892184               0.0       33.11656339       4.592871563     34.4242997731               0.0
    "BPM.32L3.B1"        1962.98464                 1     166.409516872               0.0       170.3730027       4.730551308     170.290338525               0.0
    "BPM.31L3.B1"       2016.433156                 1     33.0137098812               0.0       33.11644104       4.845658554      33.783619695               0.0
    "BPM.30L3.B1"       2069.881672                 1     166.082886652               0.0       170.3757594       4.983337132      169.95609099               0.0
    "BPM.29L3.B1"       2123.330188                 1     31.6224559733               0.0         33.116545       5.098443021     32.3599204776               0.0
    "BPM.28L3.B1"       2176.778704                 1     165.646926079               0.0       170.3729976        5.23612282     169.509963419               0.0
    "BPM.27L3.B1"        2230.22722                 1     33.4806733795               0.0       33.11645955       5.351230029     34.2614732078               0.0
    "BPM.26L3.B1"       2283.675735                 1     168.358488454               0.0       170.3757611       5.488908554     172.284761901               0.0
    "BPM.25L3.B1"       2337.124251                 1     34.6487086027               0.0       33.11652639       5.604014482     35.4567480773               0.0
    "BPM.24L3.B1"       2390.572767                 1     168.538611599               0.0       170.3729992       5.741694333     172.469085682               0.0
    "BPM.23L3.B1"       2444.021283                 1     33.4774156568               0.0       33.11647824       5.856801501     34.2581395121               0.0
    "BPM.22L3.B1"       2497.469799                 1     172.269785288               0.0       170.3757561       5.994479976     176.287273744               0.0
    "BPM.21L3.B1"       2550.918315                 1     32.9092255043               0.0       33.11650764       6.109585946     33.6766986471               0.0
    "BPM.20L3.B1"       2604.366831                 1     163.713092548               0.0       168.7740195       6.248110946     167.531031127               0.0
    "BPM.19L3.B1"       2657.815347                 1      32.688767665               0.0       34.54002499       6.360982089       33.45109953               0.0
    "BPM.18L3.B1"       2711.263863                 1     178.104113194               0.0       170.4266924       6.494760431     182.257663495               0.0
    "BPM.17L3.B1"       2764.712379                 1     36.6625893602               0.0       33.11556542       6.609873695     37.5175943702               0.0
    "BPM.16L3.B1"       2818.160894                 1     162.728445602               0.0       168.7871945       6.748394012     166.523421317               0.0
    "BPM.13L3.B1"       2978.506442                 1     34.1982340245               0.0       33.11463215       7.110161452     34.9957680213               0.0
    "BPM.12L3.B1"       3031.954958                 1     179.564570963               0.0       171.5175732       7.247251311     183.752180471               0.0
    "BPM.11L3.B1"       3085.403474                 1     27.6191303824               0.0        28.2592413       7.373708861      28.263233684               0.0
    "BPM.10L3.B1"       3138.184185                 1     173.924940381               0.0       172.7569671       7.522788108     177.981028562               0.0
     "BPM.9L3.B1"       3177.249195                 1     52.9587245917               0.0       54.93815126       7.583724784     54.1937703329               0.0
     "BPM.8L3.B1"       3217.712206                 1     171.001947758               0.0       175.5991319       7.660416551     174.989869086               0.0
     "BPM.7L3.B1"       3256.776216                 1     56.3844717682               0.0       58.10046323       7.719364003     57.6994090569               0.0
     "BPM.6L3.B1"       3329.415216                 1     195.307189301               0.0       206.7756234       7.831510896     199.861931021               0.0
  "BPMWG.A5L3.B1"       3371.119716                 1     58.8150786682               0.0       68.26217692       7.888594994     60.1866999258               0.0
    "BPMW.5L3.B1"       3400.089716                 1     46.2731683855               0.0       56.59279169       7.971952656     47.3523008606               0.0
   "BPMWE.4L3.B1"       3475.217716                 1     242.908001571               0.0       272.6641978        8.07532486     248.572837632               0.0
    "BPMW.4L3.B1"       3502.762716                 1     237.118058514               0.0       250.6035005       8.090528029     242.647867825               0.0
    "BPMW.4R3.B1"       3547.727716                 1     43.1211714195               0.0       44.32448505       8.160679045     44.1267964516               0.0
   "BPMWE.4R3.B1"       3575.272716                 1     27.4849015876               0.0       30.72266468       8.308322669     28.1258745512               0.0
    "BPMW.5R3.B1"       3650.400716                 1     301.327449443               0.0       347.6581685       8.437850831     308.354680291               0.0
  "BPMWJ.A5R3.B1"       3679.118716                 1     262.429206827               0.0       302.5649998       8.450477678     268.549295193               0.0
   "BPMWC.6R3.B1"       3718.936716                 1     58.6492620342               0.0       64.79675564       8.496370937     60.0170162967               0.0
    "BPMR.6R3.B1"       3731.015216                 1     36.9383299563               0.0       39.70879417       8.536481749     37.7997654884               0.0
     "BPM.8R3.B1"       3825.903227                 1     30.8142953061               0.0        35.2651492       8.835957198     31.5329127667               0.0
     "BPM.9R3.B1"       3864.968238                 1     119.062264222               0.0       128.5117235       8.940088827     121.838904776               0.0
    "BPM.10R3.B1"       3905.431248                 1     51.5316947466               0.0       54.67179092       9.014821952     52.7334608507               0.0
    "BPM.11R3.B1"       3958.211959                 1     185.711869978               0.0       183.5210003       9.107876696     190.042840104               0.0
    "BPM.12R3.B1"       4012.935475                 1     48.5230126919               0.0       42.56129302       9.208659941     49.6546135874               0.0
    "BPM.13R3.B1"       4066.383991                 1      174.79217215               0.0       170.7795851       9.325472939     178.868484967               0.0
    "BPM.14R3.B1"       4119.832506                 1     31.1769854152               0.0       33.11851399       9.440563908     31.9040611398               0.0
    "BPM.17R3.B1"       4280.178054                 1     127.921079353               0.0       170.4508792       9.825752567     130.904315552               0.0
    "BPM.18R3.B1"        4333.62657                 1     32.0960699366               0.0       33.11755551        9.94085164     32.8445795503               0.0
    "BPM.19R3.B1"       4387.075086                 1     170.416806308               0.0        168.762939       10.07937985     174.391081604               0.0
    "BPM.22R3.B1"       4547.420634                 1     30.3042373397               0.0       33.11660593       10.44113938     31.0109597835               0.0
    "BPM.25R3.B1"       4707.766181                 1     171.257663135               0.0       170.3736653       10.83160423     175.251547979               0.0
    "BPM.27R3.B1"       4814.663213                 1     175.220965651               0.0       170.3750681       11.08438929     179.307278323               0.0
    "BPM.28R3.B1"       4868.111729                 1     35.8810734651               0.0       33.11637287       11.19949583      36.717852812               0.0
    "BPM.30R3.B1"       4975.008761                 1     31.8529048628               0.0       33.11662759       11.45228227     32.5957436453               0.0
    "BPM.31R3.B1"       5028.457277                 1     181.343744916               0.0       170.3750152       11.58996073     185.572846382               0.0
    "BPM.32R3.B1"       5081.905793                 1     33.2981187946               0.0       33.11636264       11.70506732     34.0746612835               0.0
    "BPM.33R3.B1"       5135.354309                 1     160.487482876               0.0       170.3737711       11.84274721     164.230197297               0.0
    "BPM.34R3.B1"       5188.802825                 1     32.1863992343               0.0       33.11663749       11.95785372     32.9370154095               0.0
    "BPM.33L4.B1"        5242.25134                 1     170.824415275               0.0       170.3749591       12.09553218     174.808196383               0.0
    "BPM.32L4.B1"       5295.699856                 1     32.6436569636               0.0       33.11635308       12.21063881      33.404936806               0.0
    "BPM.31L4.B1"       5349.148372                 1     172.660767878               0.0       170.3738287       12.34831869     176.687374403               0.0
    "BPM.30L4.B1"       5402.596888                 1     32.3923401282               0.0       33.11664671       12.46342516     33.1477590329               0.0
    "BPM.29L4.B1"       5456.045404                 1     178.791795372               0.0       170.3749002       12.60110363     182.961383048               0.0
    "BPM.28L4.B1"        5509.49392                 1     31.8405683909               0.0       33.11634423        12.7162103     32.5831194756               0.0
    "BPM.27L4.B1"       5562.942436                 1     170.288127192               0.0       170.3738889       12.85389018     174.259401574               0.0
    "BPM.26L4.B1"       5616.390952                 1     31.9266371561               0.0       33.11665519        12.9689966     32.6711954428               0.0
    "BPM.25L4.B1"       5669.839468                 1     167.779385856               0.0       170.3748387       13.10667508     171.692154102               0.0
    "BPM.24L4.B1"       5723.287984                 1     33.5799141254               0.0       33.11633612       13.22178179     34.3630283384               0.0
    "BPM.23L4.B1"         5776.7365                 1     167.137808357               0.0       170.3739515       13.35946166     171.035614431               0.0
    "BPM.22L4.B1"       5830.185015                 1     32.6813093382               0.0        33.1166629       13.47456804     33.4434672682               0.0
    "BPM.21L4.B1"       5883.633531                 1     172.895412122               0.0        170.374775       13.61224654     176.927490766               0.0
    "BPM.20L4.B1"       5937.082047                 1     34.3372008922               0.0        34.5523301       13.72445156      35.137975723               0.0
    "BPM.19L4.B1"       5990.530563                 1     167.734988914               0.0       168.8189486       13.85904485     171.646721784               0.0
    "BPM.18L4.B1"       6043.979079                 1     31.6339001832               0.0       33.10237926        13.9748551     32.3716315768               0.0
    "BPM.17L4.B1"       6097.427595                 1      174.15960333               0.0       170.3873833       14.11252694     178.221164065               0.0
    "BPM.16L4.B1"       6150.876111                 1     37.3578509837               0.0       34.55213024       14.22472735     38.2290701287               0.0
    "BPM.15L4.B1"       6204.324627                 1     170.299093723               0.0       168.8063453       14.35932787     174.270623854               0.0
    "BPM.14L4.B1"       6257.773143                 1     33.0883411387               0.0       33.10258368       14.47514296     33.8599914214               0.0
    "BPM.13L4.B1"       6311.221659                 1     178.214281313               0.0       170.3999817       14.61280733     182.370400835               0.0
    "BPM.12L4.B1"       6364.670174                 1     34.6422490823               0.0       33.66441246       14.72676903      35.450137915               0.0
    "BPM.11L4.B1"        6418.11869                 1      165.62450518               0.0       166.5763012       14.86492988     169.487019644               0.0
    "BPM.10L4.B1"       6469.957401                 1     34.3209842077               0.0       31.52780044       14.98126706     35.1213808507               0.0
     "BPM.9L4.B1"       6509.022412                 1     106.586921673               0.0        111.000041       15.10739803     109.072625864               0.0
     "BPM.8L4.B1"       6549.485422                 1     24.0611854974               0.0       21.02823162       15.23843666     24.6223142804               0.0
     "BPM.7L4.B1"       6588.549433                 1     93.5365434724               0.0       103.4394451       15.41380548     95.7179009456               0.0
   "BPMYB.6L4.B1"       6685.153433                 1     113.650336794               0.0       134.8490532       15.55382553     116.300766265               0.0
   "BPMYA.5L4.B1"       6722.153433                 1     388.523560572               0.0       431.6814919       15.57941125      397.58428423               0.0
  "BPMWI.A5L4.B1"       6798.755933                 1     280.017974245               0.0       315.6044425        15.6113604     286.548248704               0.0
  "BPMWA.B5L4.B1"       6824.619933                 1     254.412600068               0.0       277.6303821       15.62528443     260.345733856               0.0
  "BPMWA.A5L4.B1"       6833.504933                 1     235.462390302               0.0       266.1917904       15.63048707      240.95358792               0.0
  "BPMWA.A5R4.B1"       6881.553933                 1     190.451221646               0.0       218.5680628       15.66240457     194.892717774               0.0
  "BPMWA.B5R4.B1"       6890.438933                 1     182.975787521               0.0       212.3939333       15.66896959      187.24294971               0.0
   "BPMYB.5R4.B1"       6992.829433                 1     197.109608204               0.0       217.2561595       15.75149725     201.706383977               0.0
   "BPMYA.6R4.B1"       7024.393433                 1     435.965998091               0.0       486.1398227       15.76697937     446.133122647               0.0
     "BPM.7R4.B1"       7120.909433                 1     22.7291334888               0.0       22.79889128       15.93450269     23.2591976045               0.0
     "BPM.8R4.B1"       7158.698443                 1     111.311960228               0.0       113.0607275       16.07991314     113.907856626               0.0
     "BPM.9R4.B1"       7197.763454                 1     18.1559217935               0.0        18.5713731       16.21624484     18.5793344428               0.0
    "BPM.10R4.B1"       7238.226465                 1     155.437217397               0.0       152.1990454        16.3816195     159.062155023               0.0
    "BPM.11R4.B1"       7290.065175                 1     34.1652903364               0.0       34.70392971       16.49278171     34.9620560564               0.0
    "BPM.12R4.B1"       7344.788691                 1     160.261691565               0.0        170.420853        16.6284393     163.999140327               0.0
    "BPM.13R4.B1"       7398.237207                 1     32.0799290785               0.0       33.47884206       16.74286491     32.8280622726               0.0
    "BPM.14R4.B1"       7451.685723                 1     174.497314717               0.0       171.6773885       16.87901446      178.56675119               0.0
    "BPM.15R4.B1"       7505.134239                 1     35.1348893504               0.0       33.49086865       16.99285025     35.9542670034               0.0
    "BPM.16R4.B1"       7558.582755                 1     167.447243961               0.0       171.6764447       17.12900082     171.352266356               0.0
    "BPM.17R4.B1"       7612.031271                 1     36.0302190559               0.0       33.49130626       17.24283608     36.8704766139               0.0
    "BPM.18R4.B1"       7665.479786                 1     170.342635506               0.0       171.6773889       17.37898495     174.315181072               0.0
    "BPM.19R4.B1"       7718.928302                 1     33.5477385298               0.0        33.4908687       17.49282073     34.3301023786               0.0
    "BPM.20R4.B1"       7772.376818                 1     166.975069103               0.0       171.6764442        17.6289713      170.86907995               0.0
    "BPM.21R4.B1"       7825.825334                 1     31.8867247242               0.0       33.49130622       17.74280656     32.6303522166               0.0
    "BPM.22R4.B1"        7879.27385                 1     172.099801989               0.0       171.6773894       17.87895543     176.113326279               0.0
    "BPM.23R4.B1"       7932.722366                 1      33.854291131               0.0       33.49177445       17.99278936     34.6438040659               0.0
    "BPM.24R4.B1"       7986.170882                 1     157.979417484               0.0       171.6788307       18.12893623     161.663641533               0.0
    "BPM.25R4.B1"       8039.619398                 1     36.2851789637               0.0       33.49132722       18.24277051     37.1313824192               0.0
    "BPM.26R4.B1"       8093.067914                 1      178.93254876               0.0       171.6773888       18.37891937     183.105418934               0.0
    "BPM.27R4.B1"        8146.51643                 1      33.242390014               0.0       33.49177437       18.49275331     34.0176328569               0.0
    "BPM.28R4.B1"       8199.964946                 1     169.594408181               0.0       171.6788313       18.62890018     173.549504403               0.0
    "BPM.29R4.B1"       8253.413461                 1     33.0597737429               0.0        33.4913273       18.74273446     33.8307578079               0.0
    "BPM.30R4.B1"       8306.861977                 1     173.683170181               0.0       171.6773882       18.87888332     177.733620061               0.0
    "BPM.31R4.B1"       8360.310493                 1     36.8142630852               0.0        33.4917743       18.99271725     37.6728052648               0.0
    "BPM.32R4.B1"       8413.759009                 1     162.828636958               0.0       171.6788318       19.12886413     166.625949227               0.0
    "BPM.33R4.B1"       8467.207525                 1     30.6774317564               0.0       33.49132738        19.2426984     31.3928574343               0.0
    "BPM.34R4.B1"       8520.656041                 1     171.801431323               0.0       171.6773877       19.37884727     175.807997337               0.0
    "BPM.33L5.B1"       8574.104557                 1     33.2318668762               0.0       33.49177422        19.4926812       34.00686431               0.0
    "BPM.32L5.B1"       8627.553073                 1     160.947276679               0.0       171.6788324       19.62882807      164.70071391               0.0
    "BPM.31L5.B1"       8681.001589                 1     32.3843669867               0.0       33.49132746       19.74266235     33.1395999505               0.0
    "BPM.30L5.B1"       8734.450105                 1     171.266934134               0.0       171.6773871       19.87881121     175.261035186               0.0
    "BPM.29L5.B1"        8787.89862                 1      32.354943657               0.0       33.49177414       19.99264515     33.1094904418               0.0
    "BPM.28L5.B1"       8841.347136                 1     169.914971497               0.0        171.678833       20.12879202     173.877543548               0.0
    "BPM.27L5.B1"       8894.795652                 1     30.9620555311               0.0       33.49132754       20.24262629     31.6841188949               0.0
    "BPM.24L5.B1"         9055.1412                 1     166.063458592               0.0       171.6788335       20.62875597      169.93620985               0.0
    "BPM.23L5.B1"       9108.589716                 1     32.1847463372               0.0       33.49132762       20.74259024     32.9353239653               0.0
    "BPM.22L5.B1"       9162.038232                 1     178.682362688               0.0        171.677386       20.87873911     182.849398295               0.0
    "BPM.21L5.B1"       9215.486748                 1     33.4727429303               0.0       33.49177398       20.99257304     34.2533578133               0.0
    "BPM.20L5.B1"       9268.935264                 1      173.61698567               0.0        171.676489       21.12872111     177.665892066               0.0
    "BPM.17L5.B1"       9429.280811                 1     36.2934910697               0.0       33.49177398       21.49254352     37.1398883711               0.0
    "BPM.16L5.B1"       9482.729327                 1     167.504265105               0.0       171.6764903       21.62869159     171.410617285               0.0
    "BPM.15L5.B1"       9536.177843                 1      33.573315027               0.0       33.49040098        21.7425287      34.356275343               0.0
    "BPM.14L5.B1"       9589.626359                 1     182.362338946               0.0       171.6773425       21.87868007     186.615194954               0.0
    "BPM.13L5.B1"       9643.074875                 1     35.5641287487               0.0       33.49177397       21.99251401     36.3935166558               0.0
    "BPM.12L5.B1"       9696.523391                 1     169.415914818               0.0       168.1512586       22.13049826     173.366848412               0.0
    "BPM.11L5.B1"       9749.971907                 1     35.4905337781               0.0        37.5248342        22.2382219     36.3182053833               0.0
    "BPM.10L5.B1"       9802.752617                 1     158.495213593               0.0       150.3503314       22.36968741     162.191466478               0.0
     "BPM.9L5.B1"       9841.817628                 1     20.7750351208               0.0       21.32865309       22.47730301     21.2595278809               0.0
     "BPM.8L5.B1"       9882.280639                 1     120.481492836               0.0       118.0728601       22.66146928     123.291231095               0.0
    "BPMR.5L5.B1"       9990.140649                 1     416.403629052               0.0       462.1055391       22.88181088     426.114541326               0.0
   "BPMYA.4L5.B1"       10017.54665                 1     908.291022306               0.0       1054.043045        22.8881843     929.473197057               0.0
   "BPMWB.4L5.B1"       10038.68115                 1     1161.92957042               0.0       1315.864719       22.89098702     1189.02682736               0.0
   "BPMSY.4L5.B1"       10131.46115                 1     2276.44432028               0.0       2485.073071       22.89915642     2329.53307732               0.0
    "BPMS.2L5.B1"       10158.24665                 1     3316.63494184               0.0       3889.910817       22.90029854     3393.98189254               0.0
   "BPMSW.1L5.B1"       10168.21165                 1      1086.8349909               0.0       1162.912886       22.90113517     1112.18097378               0.0
   "BPMSW.1R5.B1"       10211.33965                 1     1109.82373526               0.0       1162.912184       23.39523136     1135.70583662               0.0
   "BPMWB.4R5.B1"       10340.87015                 1     766.784757026               0.0       817.3344555        23.4051606     784.666876655               0.0
   "BPMYA.4R5.B1"       10362.00265                 1     334.536836949               0.0       369.6082815       23.41139683     342.338540991               0.0
     "BPM.5R5.B1"       10383.12065                 1     167.088401813               0.0       168.4295663       23.42488375     170.985055682               0.0
    "BPMR.6R5.B1"       10415.02065                 1     7.77997425472               0.0       8.430381443       23.58150134     7.96141034752               0.0
   "BPM_A.7R5.B1"       10449.03465                 1     135.597663812               0.0       141.2419446       23.85403894     138.759924959               0.0
     "BPM.8R5.B1"       10490.47364                 1     20.8763576799               0.0       18.49863175       23.96924729     21.3632133744               0.0
     "BPM.9R5.B1"       10529.54063                 1     100.208937539               0.0       110.3220925       24.17193213     102.545901326               0.0
    "BPM.10R5.B1"       10570.00562                 1     35.5507364261               0.0       38.03706263       24.26381535      36.379812012               0.0
    "BPM.11R5.B1"       10622.78831                 1     189.560073827               0.0       181.7845149       24.38513182     193.980787575               0.0
    "BPM.12R5.B1"       10677.51479                 1     36.3831292897               0.0         34.790099       24.49695998     37.2316170361               0.0
    "BPM.13R5.B1"       10730.96627                 1      166.86931354               0.0       171.7494436       24.62968881     170.760858071               0.0
    "BPM.14R5.B1"       10784.41776                 1     31.9654311967               0.0       33.48864627        24.7435307     32.7108941958               0.0
    "BPM.15R5.B1"       10837.86924                 1     175.002135606               0.0       171.6886063       24.87969107     179.083344962               0.0
    "BPM.16R5.B1"       10891.32073                 1     35.8120306354               0.0       33.48817036       24.99353555     36.6471998404               0.0
    "BPM.17R5.B1"       10944.77221                 1     171.274646064               0.0       171.6923318       25.12969523     175.268926966               0.0
    "BPM.18R5.B1"        10998.2237                 1     30.9313983158               0.0       33.48864624       25.24353723     31.6527467254               0.0
    "BPM.19R5.B1"       11051.67518                 1     172.427532378               0.0       171.6886062        25.3796976      176.44869964               0.0
    "BPM.20R5.B1"       11105.12666                 1      33.098991038               0.0       33.48817039       25.49354209     33.8708896861               0.0
    "BPM.21R5.B1"       11158.57815                 1     165.275088218               0.0       171.6923319       25.62970177      169.12945396               0.0
    "BPM.22R5.B1"       11212.02963                 1     32.3860214835               0.0       33.48864622       25.74354377     33.1412930316               0.0
    "BPM.23R5.B1"       11265.48112                 1     178.416487725               0.0       171.6909512       25.87970295     182.577322885               0.0
    "BPM.24R5.B1"        11318.9326                 1     33.5617479405               0.0       33.48909703       25.99354459     34.3444385015               0.0
    "BPM.25R5.B1"       11372.38408                 1     159.870565538               0.0       171.6923727       26.12970177     163.598892884               0.0
    "BPM.26R5.B1"       11425.83557                 1      32.894898522               0.0       33.48864622       26.24354377     33.6620375465               0.0
    "BPM.27R5.B1"       11479.28705                 1     178.403279581               0.0       171.6909512       26.37970295     182.563806715               0.0
    "BPM.28R5.B1"       11532.73854                 1     33.7698805745               0.0       33.48909703       26.49354459     34.5574249782               0.0
    "BPM.29R5.B1"       11586.19002                 1     176.272542596               0.0       171.6923727       26.62970177     180.383379001               0.0
    "BPM.30R5.B1"        11639.6415                 1     34.0435391214               0.0       33.48864622       26.74354377      34.837465492               0.0
    "BPM.31R5.B1"       11693.09299                 1      177.72671343               0.0       171.6909512       26.87970295     181.871462425               0.0
    "BPM.32R5.B1"       11746.54447                 1     32.2423857585               0.0       33.48909703       26.99354459     32.9943075905               0.0
    "BPM.33R5.B1"       11799.99596                 1     165.584630053               0.0       171.6923727       27.12970177     169.446214594               0.0
    "BPM.34R5.B1"       11853.44744                 1     34.2286374826               0.0       33.48864622       27.24354377     35.0268805158               0.0
    "BPM.33L6.B1"       11906.89893                 1     176.460383068               0.0       171.6909512       27.37970295     180.575600084               0.0
    "BPM.30L6.B1"       12067.25338                 1     33.3533110036               0.0       33.48864622       27.74354377     34.1311406252               0.0
    "BPM.29L6.B1"       12120.70486                 1     183.522289878               0.0       171.6909512       27.87970295     187.802196999               0.0
    "BPM.28L6.B1"       12174.15635                 1     35.0609301355               0.0       33.48909703       27.99354459     35.8785829921               0.0
    "BPM.27L6.B1"       12227.60783                 1     169.936251082               0.0       171.6923727       28.12970177     173.899319392               0.0
    "BPM.26L6.B1"       12281.05931                 1     32.3628416905               0.0       33.48864622       28.24354377     33.1175726647               0.0
    "BPM.25L6.B1"        12334.5108                 1     172.227237902               0.0       171.6909512       28.37970295     176.243734113               0.0
    "BPM.22L6.B1"       12494.86525                 1     32.6118432014               0.0       33.48864622       28.74354377     33.3723811179               0.0
    "BPM.21L6.B1"       12548.31673                 1     178.380508895               0.0       171.6909512       28.87970294     182.540504996               0.0
    "BPM.20L6.B1"       12601.76822                 1     35.6716597054               0.0       33.48819131       28.99354644     36.5035553324               0.0
    "BPM.19L6.B1"        12655.2197                 1     166.111402774               0.0       171.6899869       29.12970732     169.985272134               0.0
    "BPM.18L6.B1"       12708.67119                 1     33.5758444215               0.0        33.4886253       29.24355031     34.3588637253               0.0
    "BPM.17L6.B1"       12762.12267                 1      177.76849057               0.0       171.6909511       29.37970948     181.914213846               0.0
    "BPM.16L6.B1"       12815.57415                 1     32.3062298966               0.0        33.4881913       29.49355298     33.0596406322               0.0
    "BPM.15L6.B1"       12869.02564                 1     167.284228759               0.0        171.689987       29.62971385     171.185449491               0.0
    "BPM.14L6.B1"       12922.47712                 1     31.6918006678               0.0       33.48862531       29.74355684     32.4308823535               0.0
    "BPM.13L6.B1"       12975.92861                 1     173.095222414               0.0        171.690951       29.87971602     177.131960815               0.0
    "BPM.12L6.B1"       13029.38009                 1     33.4601615006               0.0       32.85380122       29.99488123     34.2404829732               0.0
    "BPM.11L6.B1"       13082.83158                 1     167.503214149               0.0       177.4262416       30.12992819     171.409541819               0.0
    "BPM.10L6.B1"       13134.67226                 1     25.9787472701               0.0       29.61362466       30.24585235     26.5845953419               0.0
     "BPM.9L6.B1"       13173.73925                 1     133.450863657               0.0       135.2126565       30.36561155     136.563059468               0.0
     "BPM.8L6.B1"       13214.20424                 1     17.6463919972               0.0       18.86386505       30.48833405     18.0579219472               0.0
   "BPMYA.5L6.B1"       13311.29423                 1     526.932172059               0.0       576.8072326        30.7339036     539.220710727               0.0
   "BPMYB.4L6.B1"       13347.69423                 1     202.977467812               0.0       225.3551484       30.74912326     207.711087421               0.0
   "BPMSA.4R6.B1"       13568.51473                 1     237.603504932               0.0       254.5630301       30.95582807     243.144635295               0.0
   "BPMYA.4R6.B1"       13691.29423                 1     508.730511299               0.0       573.8297065       31.00787876     520.594570644               0.0
   "BPMYB.5R6.B1"       13727.69423                 1     111.739644215               0.0       120.7891535       31.02888512     114.345514594               0.0
    "BPM.11R6.B1"       13954.79389                 1     35.8351284613               0.0       35.32712386       31.75757036     36.6708363287               0.0
    "BPM.12R6.B1"       14009.52037                 1     168.966809585               0.0       170.4229761       31.89361398     172.907269635               0.0
    "BPM.13R6.B1"       14062.97186                 1     31.1108751599               0.0       32.87662121       32.00924581     31.8364091332               0.0
    "BPM.14R6.B1"       14116.42334                 1     174.596159094               0.0       173.7588578       32.14617605     178.667900708               0.0
    "BPM.20R6.B1"       14437.13225                 1     175.515436671               0.0       174.5016795       32.91323081     179.608616676               0.0
    "BPM.21R6.B1"       14490.58373                 1     33.7823921451               0.0       32.91478852       33.02703912     34.5702283302               0.0
    "BPM.22R6.B1"       14544.03522                 1     182.762452115               0.0       172.9065002       33.16440245     187.024639127               0.0
    "BPM.23R6.B1"        14597.4867                 1     31.9548913698               0.0       32.89954089       33.27890599     32.7001085706               0.0
    "BPM.24R6.B1"       14650.93818                 1     170.666538784               0.0       172.9086952       33.41627076     174.646638069               0.0
    "BPM.25R6.B1"       14704.38967                 1     31.4723698035               0.0       32.90016379       33.53077209     32.2063341614               0.0
    "BPM.26R6.B1"       14757.84115                 1     172.390354071               0.0       172.9064302       33.66813632       176.4106543               0.0
    "BPM.29R6.B1"        14918.1956                 1     33.9148653556               0.0       32.90015534        34.0345059     34.7057909366               0.0
    "BPM.30R6.B1"       14971.64709                 1     179.745509582               0.0       172.9063627       34.17187019     183.937338744               0.0
    "BPM.31R6.B1"       15025.09857                 1     32.2159123335               0.0       32.89955779       34.28637375     32.9672167811               0.0
    "BPM.32R6.B1"       15078.55006                 1     163.989634864               0.0       172.9088301       34.42373839     167.814022662               0.0
    "BPM.33R6.B1"       15132.00154                 1      31.526204726               0.0       32.90014622       34.53823971     32.2614245634               0.0
    "BPM.34R6.B1"       15185.45302                 1     176.270142003               0.0       172.9062979       34.67560406     180.380922424               0.0
    "BPM.33L7.B1"       15238.90451                 1     34.3697444285               0.0       32.89956723       34.79010763     35.1712782043               0.0
    "BPM.32L7.B1"       15292.35599                 1     171.324068133               0.0       172.9088936       34.92747221     175.319501602               0.0
    "BPM.31L7.B1"       15345.80748                 1     31.8689242398               0.0       32.90013647       35.04197353     32.6121366088               0.0
    "BPM.30L7.B1"       15399.25896                 1     173.226762656               0.0       172.9062359       35.17933793     177.266568696               0.0
    "BPM.29L7.B1"       15452.71045                 1     34.7127037545               0.0        32.8995773        35.2938415     35.5222356544               0.0
    "BPM.28L7.B1"       15506.16193                 1     172.181331457               0.0       172.9089541       35.43120603     176.196757089               0.0
    "BPM.27L7.B1"       15559.61341                 1     33.7415100782               0.0       32.90012609       35.54570734     34.5283928561               0.0
    "BPM.26L7.B1"        15613.0649                 1     169.662948816               0.0       172.9061768        35.6830718     173.619643468               0.0
    "BPM.25L7.B1"       15666.51638                 1     33.3358490158               0.0       32.89958798       35.79757538     34.1132714079               0.0
    "BPM.24L7.B1"       15719.96787                 1     165.922227167               0.0       172.9090116       35.93493984     169.791684779               0.0
    "BPM.23L7.B1"       15773.41935                 1     33.2813707665               0.0       32.90011511       36.04944115     34.0575226762               0.0
    "BPM.22L7.B1"       15826.87083                 1     171.120514173               0.0       172.9061209       36.18680568     175.111200578               0.0
    "BPM.21L7.B1"       15880.32232                 1     33.6882800122               0.0       32.89959925       36.30130925     34.4739214165               0.0
    "BPM.20L7.B1"        15933.7738                 1     181.400330691               0.0       174.5646964       36.43783228      185.63075179               0.0
    "BPM.17L7.B1"       16094.12825                 1     33.7675674774               0.0       32.92502084        36.8102053     34.5550579377               0.0
    "BPM.16L7.B1"       16147.57974                 1     189.437905829               0.0        174.119195       36.94689257     193.855770508               0.0
    "BPM.15L7.B1"       16201.03122                 1     29.8159179012               0.0       31.50229455       37.06394951     30.5112522906               0.0
    "BPM.14L7.B1"       16254.48271                 1      170.41394294               0.0        173.731458       37.20503681      174.38815146               0.0
    "BPM.13L7.B1"       16307.93419                 1     33.8008825814               0.0       32.94123056       37.31909572     34.5891499803               0.0
    "BPM.12L7.B1"       16361.38567                 1     163.681392724               0.0       168.3162799       37.45878799     167.498592034               0.0
    "BPM.11L7.B1"       16414.83716                 1     30.1394911529               0.0        31.4156062        37.5785266     30.8423715655               0.0
    "BPM.10L7.B1"       16467.61985                 1     149.599081986               0.0       159.4968211       37.72231549     153.087868971               0.0
     "BPM.9L7.B1"       16506.68684                 1     26.8995384892               0.0        25.8352186       37.81597601     27.5268602517               0.0
     "BPM.7L7.B1"       16586.21782                 1     63.7867819948               0.0        67.2066817       38.09126598     65.2743479069               0.0
     "BPM.6L7.B1"       16621.03582                 1     230.224110319               0.0       240.4385357       38.13795827     235.593146472               0.0
   "BPMWC.6L7.B1"       16633.13832                 1      223.74184881               0.0       238.4299536       38.14551791     228.959712715               0.0
   "BPMWE.5L7.B1"       16710.19232                 1     25.8205429635               0.0       28.93132311       38.33464748     26.4227015666               0.0
    "BPMW.5L7.B1"       16733.39732                 1     59.3987950993               0.0       65.83947785       38.43173704     60.7840291563               0.0
   "BPMWE.4L7.B1"       16768.48232                 1     249.023167032               0.0       277.5166264       38.47352541     254.830614327               0.0
    "BPMW.4L7.B1"       16796.58732                 1     322.520162228               0.0       342.5069838       38.48680076      330.04162646               0.0
    "BPMW.4R7.B1"       16912.63432                 1     43.6939873849               0.0       45.93433561       38.67484765     44.7129710075               0.0
    "BPMW.5R7.B1"       16975.82432                 1     292.523757507               0.0       309.2923975       38.78398655     299.345678233               0.0
   "BPMWE.5R7.B1"       16999.02932                 1     309.316344712               0.0       349.9894117       38.79440234     316.529883881               0.0
    "BPMR.6R7.B1"       17078.24482                 1     58.8632081017               0.0        59.2828978        38.8870777     60.2359517816               0.0
   "BPM_A.7R7.B1"       17116.28082                 1     127.706242897               0.0        127.874134        38.9671717     130.684468914               0.0
     "BPM.9R7.B1"        17194.4138                 1     108.329970956               0.0       108.6113909       39.28496583     110.856324645               0.0
    "BPM.10R7.B1"       17234.87878                 1     35.6520504366               0.0       34.81349859       39.38460427     36.4834887576               0.0
    "BPM.11R7.B1"       17287.66147                 1     178.883416977               0.0       179.6221878       39.51149712     183.055141353               0.0
    "BPM.12R7.B1"       17342.38796                 1     32.4009641282               0.0       30.98983344       39.63185931     33.1565841524               0.0
    "BPM.13R7.B1"       17395.83944                 1     168.098765124               0.0       171.9742438       39.77544702     172.018981587               0.0
    "BPM.14R7.B1"       17449.29093                 1     32.7535176406               0.0       32.82282969        39.8904541     33.5173595342               0.0
    "BPM.15R7.B1"       17502.74241                 1      172.02979825               0.0       175.4195302       40.02674292     176.041689988               0.0
    "BPM.16R7.B1"       17556.19389                 1     31.7424546197               0.0       31.59138403        40.1430642     32.4827176018               0.0
    "BPM.17R7.B1"       17609.64538                 1     162.983571629               0.0       172.4144417        40.2846197     166.784497115               0.0
    "BPM.18R7.B1"       17663.09686                 1     31.8559217475               0.0       32.86554494       40.39936862     32.5988308864               0.0
    "BPM.19R7.B1"       17716.54835                 1     185.003559255               0.0       174.9991676       40.53575831     189.318010929               0.0
    "BPM.20R7.B1"       17769.99983                 1     31.0743265184               0.0       31.55282419        40.6523383      31.799008144               0.0
    "BPM.23R7.B1"       17930.35428                 1     171.071661406               0.0       172.9077162       41.04563718      175.06120852               0.0
    "BPM.24R7.B1"       17983.80577                 1     33.6081422468               0.0       32.89988454       41.16013951     34.3919147654               0.0
    "BPM.25R7.B1"       18037.25725                 1     171.450176784               0.0       172.9074405       41.29750398     175.448551222               0.0
    "BPM.26R7.B1"       18090.70874                 1      33.133182573               0.0       32.89982464       41.41200654     33.9058785989               0.0
    "BPM.27R7.B1"       18144.16022                 1     178.936701508               0.0       172.9077228       41.54937102     183.109668528               0.0
    "BPM.28R7.B1"        18197.6117                 1     34.6199744694               0.0       32.89988346       41.66387335     35.4273438379               0.0
    "BPM.29R7.B1"       18251.06319                 1     175.700998778               0.0       172.9074341       41.80123782      179.79850626               0.0
    "BPM.30R7.B1"       18304.51467                 1      32.171333577               0.0       32.89982575       41.91574038     32.9215984073               0.0
    "BPM.31R7.B1"       18357.96616                 1     175.991286559               0.0        172.907729       42.05310486     180.095563817               0.0
    "BPM.32R7.B1"       18411.41764                 1     34.4929571023               0.0       32.89988233       42.16760719     35.2973643099               0.0
    "BPM.33R7.B1"       18464.86912                 1     176.586221854               0.0       172.9074281       42.30497167     180.704373545               0.0
    "BPM.34R7.B1"       18518.32061                 1     32.8012510076               0.0       32.89982691       42.41947423     33.5662060868               0.0
    "BPM.33L8.B1"       18571.77209                 1       172.6615923               0.0       172.9077348       42.55683871     176.688218052               0.0
    "BPM.32L8.B1"       18625.22358                 1     33.7576404396               0.0       32.89988113       42.67134103     34.5448993922               0.0
    "BPM.31L8.B1"       18678.67506                 1     170.994423212               0.0       172.9074224       42.80870552     174.982169061               0.0
    "BPM.30L8.B1"       18732.12654                 1     33.2614713107               0.0       32.89982814       42.92320808      34.037159147               0.0
    "BPM.29L8.B1"       18785.57803                 1      176.29672941               0.0       172.9077404       43.06057255     180.408129873               0.0
    "BPM.28L8.B1"       18839.02951                 1     33.6002121601               0.0       32.89987987       43.17507487     34.3837997417               0.0
    "BPM.27L8.B1"         18892.481                 1       161.0765851               0.0        172.907417       43.31243937     164.833037922               0.0
    "BPM.25L8.B1"       18999.38397                 1     181.899488536               0.0       172.9077455       43.56430639      186.14155045               0.0
    "BPM.23L8.B1"       19106.28693                 1      165.54192241               0.0        172.907412       43.81617321     169.402510969               0.0
    "BPM.22L8.B1"       19159.73842                 1     34.1649392428               0.0       32.89983076       43.93067577      34.961696775               0.0
    "BPM.21L8.B1"        19213.1899                 1     177.206726396               0.0       172.9077504       44.06804023     181.339348819               0.0
    "BPM.20L8.B1"       19266.64139                 1     31.9848799932               0.0       31.52453011        44.1855504      32.730796556               0.0
    "BPM.19L8.B1"       19320.09287                 1     167.697982445               0.0       174.9181093       44.32590831      171.60885229               0.0
    "BPM.18L8.B1"       19373.54435                 1     34.5985124876               0.0       32.90461086       44.43957341     35.4053813431               0.0
    "BPM.15L8.B1"       19533.89881                 1     169.680183529               0.0       175.3213232       44.83492832      173.63728011               0.0
    "BPM.14L8.B1"       19587.35029                 1     33.0227912786               0.0        32.8858192       44.94847408     33.7929128789               0.0
    "BPM.13L8.B1"       19640.80177                 1     165.027489977               0.0       172.1026377       45.08635444     168.876081503               0.0
    "BPM.12L8.B1"       19694.25326                 1     30.0776926192               0.0       31.37293495       45.20455088     30.7791318336               0.0
    "BPM.11L8.B1"       19747.70474                 1     170.900304359               0.0       172.5250638       45.34663709     174.885855271               0.0
    "BPM.10L8.B1"       19799.54543                 1     39.5267003199               0.0       36.73155567       45.45089375     40.4484990088               0.0
     "BPM.9L8.B1"       19838.61242                 1     116.733589163               0.0       116.6497955       45.56264025     119.455922891               0.0
     "BPM.8L8.B1"       19879.07741                 1     13.8099564724               0.0       14.69965899       45.72432814     14.1320172482               0.0
     "BPM.7L8.B1"        19918.1454                 1     151.458808817               0.0       157.3086004       45.89965505     154.990966327               0.0
    "BPMR.6L8.B1"        19950.6144                 1     14.2939822527               0.0       15.18895857       46.01190509      14.627330951               0.0
   "BPMYB.4L8.B1"        20031.8004                 1     137.172458668               0.0       147.7706102         46.282222     140.371445468               0.0
   "BPMWB.4L8.B1"        20056.1919                 1      201.82619834               0.0       227.0523647       46.30501382     206.532969295               0.0
    "BPMS.2L8.B1"        20144.3364                 1     182.100906463               0.0       195.9886869       46.34282134     186.347665627               0.0
   "BPMSW.1L8.B1"        20154.2704                 1     150.205030644               0.0       158.4488479       46.35076145     153.707948904               0.0
   "BPMSW.1R8.B1"        20197.4604                 1     134.707169765               0.0       158.4488681       46.80682297      137.84866378               0.0
    "BPMS.2R8.B1"        20207.3944                 1     508.003096727               0.0       525.7496897       46.81297355     519.850192101               0.0
   "BPMSX.4R8.B1"        20245.3059                 1     286.201772376               0.0        333.385457       46.82652686     292.876258644               0.0
   "BPMWB.4R8.B1"        20295.4629                 1     276.861656413               0.0       285.9696942       46.85249538     283.318322662               0.0
   "BPMYB.4R8.B1"        20319.9304                 1     207.905264297               0.0       223.2398237       46.86685044     212.753804613               0.0
   "BPMYB.5R8.B1"        20340.5074                 1     61.3365452729               0.0       65.38134792       46.89409074     62.7669694306               0.0
     "BPM.6R8.B1"        20424.6154                 1     139.903589372               0.0       141.7589033       47.24936918     143.166268629               0.0
   "BPM_A.7R8.B1"        20446.8554                 1     51.6030186612               0.0       49.54158699       47.29211854      52.806448104               0.0
    "BPM.10R8.B1"       20567.82043                 1     169.400805151               0.0       171.6500136       47.72557715     173.351386374               0.0
    "BPM.11R8.B1"       20619.65914                 1     37.3749520793               0.0       37.28617047       47.82442681     38.2465700375               0.0
    "BPM.12R8.B1"       20674.38266                 1     165.205398527               0.0       163.8206717        47.9590259     169.058139042               0.0
    "BPM.13R8.B1"       20727.83117                 1     32.0485727215               0.0       33.41790804       48.07641291     32.7959746568               0.0
    "BPM.14R8.B1"       20781.27969                 1     166.070834009               0.0       171.6782551       48.21256525     169.943757269               0.0
    "BPM.15R8.B1"       20834.72821                 1     31.1353444864               0.0       33.49083193       48.32640076     31.8614491067               0.0
    "BPM.16R8.B1"       20888.17672                 1     161.718002812               0.0        171.675578       48.46255189      165.48941408               0.0
    "BPM.17R8.B1"       20941.62524                 1     34.8814915261               0.0       33.49134296       48.57638743     35.6949597108               0.0
    "BPM.18R8.B1"       20995.07375                 1     161.506166194               0.0       171.6782556       48.71253573     165.272637239               0.0
    "BPM.19R8.B1"       21048.52227                 1     33.9361324712               0.0       33.49083204       48.82637125     34.7275540208               0.0
    "BPM.22R8.B1"       21208.86782                 1     177.953152678               0.0       171.6782562       49.21250622     182.103182443               0.0
    "BPM.23R8.B1"       21262.31633                 1     33.3733729884               0.0       33.49173786       49.32633988     34.1516704738               0.0
    "BPM.24R8.B1"       21315.76485                 1     168.257039119               0.0       171.6779638       49.46248731     172.180946676               0.0
    "BPM.25R8.B1"       21369.21337                 1     34.4507796619               0.0       33.49136377       49.57632186     35.2542032532               0.0
    "BPM.26R8.B1"       21422.66188                 1     173.263212916               0.0       171.6782558       49.71247016      177.30386901               0.0
    "BPM.29R8.B1"       21583.00743                 1     33.7883003759               0.0       33.49136377       50.07628581     34.5762743463               0.0
    "BPM.30R8.B1"       21636.45594                 1     173.389617831               0.0       171.6782553       50.21243411     177.433221802               0.0
    "BPM.31R8.B1"       21689.90446                 1     35.3224739939               0.0       33.49173786       50.32626777     36.1462262918               0.0
    "BPM.32R8.B1"       21743.35298                 1     181.319733341               0.0       171.6779647        50.4624152     185.548274836               0.0
    "BPM.33R8.B1"       21796.80149                 1     33.6158621241               0.0       33.49136377       50.57624975     34.3998146772               0.0
    "BPM.34R8.B1"       21850.25001                 1     175.841797203               0.0       171.6782549       50.71239806     179.942588233               0.0
    "BPM.33L1.B1"       21903.69852                 1     32.6535102744               0.0       33.49173786       50.82623172      33.415019905               0.0
    "BPM.32L1.B1"       21957.14704                 1     180.878423044               0.0       171.6779651       50.96237915      185.09667278               0.0
    "BPM.31L1.B1"       22010.59556                 1     32.9901860293               0.0       33.49136377        51.0762137     33.7595472455               0.0
    "BPM.30L1.B1"       22064.04407                 1     174.824348588               0.0       171.6782545         51.212362     178.901411788               0.0
    "BPM.29L1.B1"       22117.49259                 1     32.5274940639               0.0       33.49173786       51.32619566     33.2860648815               0.0
    "BPM.28L1.B1"        22170.9411                 1     176.613323441               0.0       171.6779655        51.4623431     180.732107166               0.0
    "BPM.27L1.B1"       22224.38962                 1     34.0260490218               0.0       33.49136377       51.57617765     34.8195675073               0.0
    "BPM.26L1.B1"       22277.83814                 1     170.289512231               0.0       171.6782541       51.71232595     174.260818913               0.0
    "BPM.25L1.B1"       22331.28665                 1     35.2635497017               0.0       33.49173786       51.82615961     36.0859278314               0.0
    "BPM.24L1.B1"       22384.73517                 1     182.382209039               0.0        171.677966       51.96230704     186.635528436               0.0
    "BPM.23L1.B1"       22438.18368                 1     35.0566987513               0.0       33.49136377       52.07614159     35.8742529282               0.0
    "BPM.22L1.B1"        22491.6322                 1     172.799730209               0.0       171.6782536        52.2122899     176.829577463               0.0
    "BPM.21L1.B1"       22545.08071                 1      35.370149717               0.0       33.49173786       52.32612356     36.1950138562               0.0
    "BPM.20L1.B1"       22598.52923                 1     171.684809811               0.0       171.6756212       52.46227218     175.688656105               0.0
    "BPM.19L1.B1"       22651.97775                 1     34.4367323931               0.0       33.49134274       52.57610772     35.2398283892               0.0
    "BPM.18L1.B1"       22705.42626                 1     171.688265405               0.0       171.6782533       52.71225603     175.692192287               0.0
    "BPM.17L1.B1"       22758.87478                 1     34.3413407049               0.0       33.49173796       52.82608969     35.1422120799               0.0
    "BPM.16L1.B1"       22812.32329                 1     171.266065054               0.0       171.6756216       52.96223831     175.260145838               0.0
    "BPM.15L1.B1"       22865.77181                 1     32.9206705538               0.0       33.49134265       53.07607385     33.6884106056               0.0
    "BPM.14L1.B1"       22919.22033                 1     169.804513585               0.0       171.6782529       53.21222216     173.764509656               0.0
    "BPM.13L1.B1"       22972.66884                 1     33.3645256975               0.0       33.49173806       53.32605582     34.1426168559               0.0
    "BPM.12L1.B1"       23026.11736                 1     170.083506915               0.0       168.1504141       53.46404064     174.050009365               0.0
    "BPM.11L1.B1"       23079.56587                 1     35.1274274824               0.0       37.52486372       53.57176455     35.9466311178               0.0
     "BPM.9L1.B1"        23171.4116                 1     22.3815747059               0.0       21.32865198       53.81084481     22.9035334338               0.0
    "BPMR.7L1.B1"       23250.94062                 1     30.3774805359               0.0       30.35301037       54.09404628     31.0859110778               0.0
    "BPMR.5L1.B1"       23326.02462                 1     25229.7592348               0.0       557.7754692       54.21734278     25818.1402227               0.0
   "BPMYA.4L1.B1"       23347.14262                 1     968.133386967               0.0       1054.102596       54.22172664     990.711140221               0.0
   "BPMWB.4L1.B1"       23368.27512                 1     1217.24887418               0.0        1315.87094       54.22452905     1245.63622772               0.0
   "BPMSY.4L1.B1"       23461.05512                 1     2221.77744357               0.0       2485.084106       54.23269841      2273.5913192               0.0
    "BPMS.2L1.B1"       23487.84062                 1     3585.46817147               0.0        3889.92792       54.23384052     3669.08455818               0.0
   "BPMSW.1L1.B1"       23497.79062                 1     1072.52704623               0.0       1164.535827        54.2346751      1097.5393548               0.0
   "BPMSW.1R1.B1"       23540.93362                 1     1086.72737269               0.0       1162.917516       54.72877337     1112.07084581               0.0
    "BPMS.2R1.B1"       23550.89862                 1     1503.88373161               0.0       1466.580942       54.72984829     1538.95567136               0.0
   "BPMSY.4R1.B1"       23577.68412                 1     4586.20681938               0.0       5153.600961       54.73150531     4693.16134375               0.0
   "BPMWB.4R1.B1"       23670.46412                 1     719.819314371               0.0       817.3378881       54.73870256     736.606157058               0.0
   "BPMYA.4R1.B1"       23691.59662                 1     309.825310724               0.0        369.609732       54.74493876     317.050719445               0.0
     "BPM.5R1.B1"       23719.00462                 1     108.102695227               0.0       119.2959437       54.76543758     110.623748639               0.0
    "BPMR.6R1.B1"       23750.90462                 1     9.04868536291               0.0       8.901368823       55.04470962     9.25970895547               0.0
   "BPMSX.7R1.B1"       23757.12012                 1     21.0307922028               0.0       20.14614964        55.1215284     21.5212494512               0.0
     "BPM.8R1.B1"       23820.06761                 1     19.4530008078               0.0       18.49864084        55.3027891     19.9066625224               0.0
     "BPM.9R1.B1"        23859.1346                 1     109.482036496               0.0       110.3217168       55.50547469     112.035257405               0.0
    "BPM.10R1.B1"       23899.59958                 1     38.5034235467               0.0       38.03715495       55.59735796     39.4013584883               0.0
    "BPM.11R1.B1"       23952.38227                 1     186.423661495               0.0       181.7854061       55.71867387     190.771231248               0.0
    "BPM.12R1.B1"       24007.10876                 1     37.7781115077               0.0       34.79005152       55.83050179     38.6591315112               0.0
    "BPM.13R1.B1"       24060.56024                 1      167.08255216               0.0       171.7485776       55.96323119      170.97906961               0.0
    "BPM.14R1.B1"       24114.01173                 1     33.9236364103               0.0       33.48868443       56.07707335     34.7147665404               0.0
    "BPM.15R1.B1"       24167.46321                 1     177.257469568               0.0       171.6894719       56.21323315     181.391275368               0.0
    "BPM.16R1.B1"       24220.91469                 1     34.9517399142               0.0       33.48813219       56.32707736     35.7668463553               0.0
    "BPM.17R1.B1"       24274.36618                 1     175.307386471               0.0       171.6914662       56.46323761     179.395714556               0.0
    "BPM.18R1.B1"       24327.81766                 1     35.0071116664               0.0       33.48868442       56.57707988     35.8235094272               0.0
    "BPM.19R1.B1"       24381.26915                 1     169.687887149               0.0       171.6894718       56.71323968     173.645163385               0.0
    "BPM.20R1.B1"       24434.72063                 1     33.3411615125               0.0        33.4881322        56.8270839     34.1187077969               0.0
    "BPM.21R1.B1"       24488.17211                 1     182.311339831               0.0       171.6914663       56.96324415     186.563006494               0.0
    "BPM.22R1.B1"        24541.6236                 1      30.926221835               0.0        33.4886844       57.07708642     31.6474495243               0.0
    "BPM.23R1.B1"       24595.07508                 1     175.490735113               0.0       171.6918168       57.21324503     179.583339054               0.0
    "BPM.24R1.B1"       24648.52657                 1     32.9605767919               0.0       33.48905884        57.3270864     33.7292474936               0.0
    "BPM.25R1.B1"       24701.97805                 1     169.634696233               0.0       171.6915071       57.46324415     173.590732009               0.0
    "BPM.26R1.B1"       24755.42954                 1     33.4980732485               0.0        33.4886844       57.57708642     34.2792788576               0.0
    "BPM.27R1.B1"       24808.88102                 1     178.025061955               0.0       171.6918168       57.71324503     182.176768709               0.0
    "BPM.28R1.B1"        24862.3325                 1     30.6926341366               0.0       33.48905884        57.8270864     31.4084143478               0.0
    "BPM.29R1.B1"       24915.78399                 1      167.13716136               0.0       171.6915071       57.96324415     171.034952346               0.0
    "BPM.30R1.B1"       24969.23547                 1     35.6172834632               0.0        33.4886844       58.07708642     36.4479109867               0.0
    "BPM.31R1.B1"       25022.68696                 1     167.811091513               0.0       171.6918168       58.21324503     171.724599164               0.0
    "BPM.33L2.B1"       25236.49289                 1     166.272305122               0.0       171.6918168       58.71324503     170.149926872               0.0
    "BPM.32L2.B1"       25289.94438                 1     33.2446862914               0.0       33.48905884        58.8270864     34.0199826857               0.0
    "BPM.31L2.B1"       25343.39586                 1     162.963970862               0.0       171.6915071       58.96324415     166.764439241               0.0
    "BPM.30L2.B1"       25396.84734                 1     34.0861095067               0.0        33.4886844       59.07708642     34.8810286574               0.0
    "BPM.29L2.B1"       25450.29883                 1      167.72549028               0.0       171.6918168       59.21324503     171.637001632               0.0
    "BPM.28L2.B1"       25503.75031                 1     32.3720080393               0.0       33.48905884        59.3270864     33.1269527811               0.0
    "BPM.27L2.B1"        25557.2018                 1     172.185936661               0.0       171.6915071       59.46324415      176.20146969               0.0
    "BPM.26L2.B1"       25610.65328                 1     34.1535804056               0.0        33.4886844       59.57708642     34.9500730393               0.0
    "BPM.25L2.B1"       25664.10477                 1     173.910065038               0.0       171.6918168       59.71324503     177.965806312               0.0
    "BPM.24L2.B1"       25717.55625                 1     32.8017065461               0.0       33.48905884        59.8270864     33.5666722488               0.0
    "BPM.23L2.B1"       25771.00773                 1     168.976035515               0.0       171.6915071       59.96324415     172.916710723               0.0
    "BPM.22L2.B1"       25824.45922                 1     34.4553324345               0.0        33.4886844       60.07708642     35.2588622006               0.0
    "BPM.21L2.B1"        25877.9107                 1     169.515283527               0.0       171.6918168       60.21324503      173.46853449               0.0
    "BPM.20L2.B1"       25931.36219                 1     32.8838572434               0.0       33.48815312       60.32708825     33.6507387753               0.0
    "BPM.17L2.B1"       26091.71664                 1     167.876157206               0.0       171.6918167       60.71325156     171.791182248               0.0
    "BPM.16L2.B1"       26145.16812                 1     34.9166602415               0.0        33.4881531       60.82709479     35.7309485927               0.0
    "BPM.15L2.B1"       26198.61961                 1     175.560020825               0.0       171.6891214       60.96325623     179.654240573               0.0
    "BPM.14L2.B1"       26252.07109                 1     34.6886938109               0.0       33.48866353       61.07709949     35.4976657771               0.0
    "BPM.13L2.B1"       26305.52257                 1     169.528324143               0.0       171.6918166        61.2132581     173.481879225               0.0
    "BPM.12L2.B1"       26358.97406                 1     30.5950512968               0.0       31.47929129       61.33145893     31.3085557873               0.0
    "BPM.11L2.B1"       26412.42554                 1     183.156909486               0.0       174.6850902       61.47187703     187.428295603               0.0
    "BPM.10L2.B1"       26464.26623                 1     33.2865147175               0.0       32.23807272       61.58317875     34.0627865888               0.0
     "BPM.9L2.B1"       26503.33322                 1     117.923439782               0.0       115.6055364       61.70563118     120.673521911               0.0
     "BPM.8L2.B1"       26543.79821                 1     18.9583844265               0.0       18.34519332       61.84459768     19.4005112362               0.0
     "BPM.7L2.B1"        26582.8662                 1     110.662793031               0.0       115.9740203       62.02647857     113.243550259               0.0
    "BPMR.6L2.B1"        26614.9722                 1     23.8632402539               0.0       24.05271479       62.12478977     24.4197527733               0.0