@ GetLLMVersion %s "V3.0.0 Dev"
@ Command %s "/afs/cern.ch/work/o/omc/anaconda/bin/python '/afs/cern.ch/work/e/efol/public/Beta-Beat.src/GetLLM/GetLLM.py' '--accel=LHCB1' '--model=/afs/cern.ch/work/e/efol/public/betabeatGui/temp/2017-12-20/models/LHCB1/Multiturn-model_40cm_2041/twiss.dat' '--files=/afs/cern.ch/work/e/efol/public/betabeatGui/temp/2017-12-20/LHCB1/Measurements/Beam1@Turn@2017_09_11@19_02_33_250_addDbscan/Beam1@Turn@2017_09_11@19_02_33_250_addDbscan.sdds' '--output=/afs/cern.ch/work/e/efol/public/betabeatGui/temp/2017-12-20/LHCB1/Results/40cm_dbscan_after_holeInOneCleaning' '--tbtana=SUSSIX' '--bpmu=mm' '--lhcphase=1' '--errordefs=/afs/cern.ch/work/e/efol/public/betabeatGui/temp/2017-12-20/models/LHCB1/Multiturn-model_40cm_2041/error_deff.txt'"
@ CWD %s "/home/efol/Workspaces/Accsoft-Eclipse-Pro/lhc-app-beta-beating"
@ Date %s "21. December 2017, 14:03:12"
@ DQMIN %le 0.0020554074756
@ DQMINE %le 0.00120575428993
@ FILES %s ""
*            NAME                 S              DETC             DETCE             GAMMA            GAMMAE               C11               C12               C21               C22
$              %s               %le               %le               %le               %le               %le               %le               %le               %le               %le
     BPMYB.5L2.B1            28.288   0.0132057977863               0.0     1.00666902441               0.0   0.0927136501835   -0.055460325902    0.055460325902  -0.0927136501835
     BPMYB.4L2.B1            48.858   0.0140883445869               0.0     1.00711948758               0.0   0.0371730468077  -0.0977732905877   0.0977732905877  -0.0371730468077
     BPMWI.4L2.B1           73.3255    0.027203244659               0.0     1.01388557292               0.0    0.114230445221   0.0402475388823  -0.0402475388823   -0.114230445221
     BPMSX.4L2.B1          123.4825   0.0302892105419               0.0     1.01549756436               0.0    0.189304439361   -0.224527607329    0.224527607329   -0.189304439361
      BPMS.2L2.B1           161.394   -0.046060302706                -1    0.977736074955                -1  -0.0141602662744    0.405256917231   -0.405256917231   0.0141602662744
     BPMSW.1L2.B1           171.328   0.0571541571545               0.0     1.02986347249               0.0    0.229936911072   -0.280698979421    0.280698979421   -0.229936911072
     BPMSW.1R2.B1           214.518  0.00493361027493               0.0     1.00247597052               0.0    0.274773573512   0.0960266226079  -0.0960266226079   -0.274773573512
      BPMS.2R2.B1           224.452   0.0273425425224               0.0     1.01395817146               0.0    0.145605707748 -0.00071020209805  0.00071020209805   -0.145605707748
     BPMSX.4R2.B1          262.3635   0.0232897502727               0.0     1.01185230969               0.0    0.187172403868  -0.0121496157596   0.0121496157596   -0.187172403868
     BPMWB.4R2.B1          312.5965   0.0216411572199               0.0     1.01099943448               0.0    0.174100683149 -0.00402442259809  0.00402442259809   -0.174100683149
     BPMYB.4R2.B1           336.988   0.0247088009212               0.0     1.01258816568               0.0    0.192629773701  -0.0304131178638   0.0304131178638   -0.192629773701
       BPM.6R2.B1           439.818   0.0252001760404               0.0     1.01284334523               0.0    0.120722398168  -0.0771846228063   0.0771846228063   -0.120722398168
     BPM_A.7R2.B1           452.693   0.0221402053409               0.0     1.01125738199               0.0    0.117609384718  -0.0441172066959   0.0441172066959   -0.117609384718
       BPM.8R2.B1       494.1300106   0.0231820605303               0.0     1.01179653209               0.0    0.150338097007  -0.0609404379318   0.0609404379318   -0.150338097007
       BPM.9R2.B1       533.1950212   0.0224652790779               0.0     1.01142551203               0.0    0.180986117461  -0.0653082627209   0.0653082627209   -0.180986117461
      BPM.10R2.B1       573.6580318   0.0183951235869               0.0     1.00932643152               0.0    0.108174937969  -0.0134595973353   0.0134595973353   -0.108174937969
      BPM.11R2.B1       625.4967424   0.0204468953186               0.0     1.01038294603               0.0    0.120362793512  -0.0229156344147   0.0229156344147   -0.120362793512
      BPM.14R2.B1       787.1172901    0.024482419076               0.0     1.01247066658               0.0    0.131412742227  -0.0711603427369   0.0711603427369   -0.131412742227
      BPM.15R2.B1        840.565806   0.0214332955196               0.0     1.01089205333               0.0    0.131198425444  -0.0188318450846   0.0188318450846   -0.131198425444
      BPM.16R2.B1       894.0143219   0.0218231830183               0.0     1.01109349693               0.0    0.170010496704  -0.0204698556248   0.0204698556248   -0.170010496704
      BPM.17R2.B1       947.4628378    0.024056725593               0.0     1.01224982938               0.0    0.176638315913  -0.0631813899877   0.0631813899877   -0.176638315913
      BPM.18R2.B1       1000.911354   0.0249788265368               0.0     1.01272837075               0.0    0.141794019216  -0.0418846149592   0.0418846149592   -0.141794019216
      BPM.19R2.B1        1054.35987   0.0226232347661               0.0     1.01150723791               0.0    0.129746807591 -0.000911856390319 0.000911856390319   -0.129746807591
      BPM.20R2.B1       1107.808386   0.0220925933867               0.0     1.01123276385               0.0    0.180957152571  -0.0121489336863   0.0121489336863   -0.180957152571
      BPM.21R2.B1       1161.256901   0.0255580056193               0.0     1.01302929372               0.0    0.195800322563  -0.0648510373805   0.0648510373805   -0.195800322563
      BPM.22R2.B1       1214.705417   0.0189522327269               0.0     1.00961297474               0.0    0.115245442872 -0.00674545549486  0.00674545549486   -0.115245442872
      BPM.23R2.B1       1268.153933   0.0222976469653               0.0     1.01133880125               0.0    0.133652733821  0.00812379999836 -0.00812379999836   -0.133652733821
      BPM.24R2.B1       1321.602449   0.0217720353222               0.0     1.01106706353               0.0    0.180852827789   0.0416609677115  -0.0416609677115   -0.180852827789
      BPM.26R2.B1       1428.499481   0.0201580257504               0.0     1.01023399834               0.0    0.113987424338  0.00169158139718 -0.00169158139718   -0.113987424338
      BPM.27R2.B1       1481.947997    0.019601277967               0.0      1.0099471123               0.0     0.12944519661   0.0385347595402  -0.0385347595402    -0.12944519661
      BPM.28R2.B1       1535.396513    0.021372186032               0.0     1.01086049074               0.0    0.174952764361   0.0598426514979  -0.0598426514979   -0.174952764361
      BPM.29R2.B1       1588.845029   0.0216948514114               0.0      1.0110271784               0.0    0.181499613134 -0.00457686129389  0.00457686129389   -0.181499613134
      BPM.30R2.B1       1642.293545   0.0237932659023               0.0     1.01211322664               0.0     0.13689874871   0.0181287493672  -0.0181287493672    -0.13689874871
      BPM.33R2.B1       1802.639092   0.0217525605092               0.0     1.01105699939               0.0    0.173907789513   0.0124740605791  -0.0124740605791   -0.173907789513
      BPM.33L3.B1       1909.536124   0.0206780783021               0.0     1.01050219668               0.0    0.114393148079   0.0699677001401  -0.0699677001401   -0.114393148079
      BPM.32L3.B1        1962.98464   0.0194283779296               0.0     1.00985806853               0.0    0.164237184079   0.0764482255176  -0.0764482255176   -0.164237184079
      BPM.31L3.B1       2016.433156   0.0197990962535               0.0      1.0100490179               0.0    0.163899291963   0.0131551075004  -0.0131551075004   -0.163899291963
      BPM.30L3.B1       2069.881672   0.0188694036534               0.0     1.00957035703               0.0   0.0986021973517   0.0476458179064  -0.0476458179064  -0.0986021973517
      BPM.29L3.B1       2123.330188   0.0190136418075               0.0     1.00964457479               0.0    0.111248503835   0.0795892824533  -0.0795892824533   -0.111248503835
      BPM.26L3.B1       2283.675735   0.0202351960601               0.0     1.01027378265               0.0      0.1028285709   0.0579236422402  -0.0579236422402     -0.1028285709
      BPM.25L3.B1       2337.124251   0.0221298015662               0.0     1.01125200249               0.0    0.111994241063   0.0920760241906  -0.0920760241906   -0.111994241063
      BPM.24L3.B1       2390.572767   0.0204944368431               0.0     1.01040746583               0.0    0.148332230182    0.114301862591   -0.114301862591   -0.148332230182
      BPM.23L3.B1       2444.021283   0.0180627744381               0.0     1.00915560737               0.0    0.152264317421   0.0315506244213  -0.0315506244213   -0.152264317421
      BPM.22L3.B1       2497.469799    0.020527776017               0.0     1.01042466176               0.0   0.0946587813571   0.0764749137565  -0.0764749137565  -0.0946587813571
      BPM.21L3.B1       2550.918315   0.0224169885981               0.0     1.01140053061               0.0     0.11059252753   0.0967561243464  -0.0967561243464    -0.11059252753
      BPM.20L3.B1       2604.366831   0.0184874978157               0.0     1.00937392636               0.0    0.139827203144   0.0964408623842  -0.0964408623842   -0.139827203144
      BPM.19L3.B1       2657.815347   0.0231737735218               0.0     1.01179224024               0.0    0.145923617274   0.0839851779375  -0.0839851779375   -0.145923617274
      BPM.18L3.B1       2711.263863    0.019674374646               0.0     1.00998476428               0.0   0.0820805420482   0.0717316814623  -0.0717316814623  -0.0820805420482
      BPM.17L3.B1       2764.712379   0.0180749827521               0.0     1.00916188079               0.0    0.087075759306    0.119606447219   -0.119606447219   -0.087075759306
      BPM.16L3.B1       2818.160894   0.0175146093303               0.0     1.00887404539               0.0     0.11672570443    0.120111706734   -0.120111706734    -0.11672570443
      BPM.13L3.B1       2978.506442   0.0192887890174               0.0     1.00978619721               0.0   0.0789504632579    0.133957713211   -0.133957713211  -0.0789504632579
      BPM.12L3.B1       3031.954958   0.0161188170171               0.0     1.00815816707               0.0    0.120882217915    0.121439001574   -0.121439001574   -0.120882217915
      BPM.11L3.B1       3085.403474   0.0207944211354               0.0     1.01056222555               0.0    0.102859883048    0.101911361627   -0.101911361627   -0.102859883048
      BPM.10L3.B1       3138.184185   0.0167635237309               0.0     1.00848863682               0.0   0.0159155405093    0.104431864554   -0.104431864554  -0.0159155405093
       BPM.9L3.B1       3177.249195   0.0189986058743               0.0     1.00963683728               0.0    0.066339255153    0.122453658396   -0.122453658396   -0.066339255153
       BPM.8L3.B1       3217.712206   0.0180918633179               0.0      1.0091705553               0.0    0.142865325734   0.0671355164653  -0.0671355164653   -0.142865325734
       BPM.7L3.B1       3256.776216   0.0184526997261               0.0     1.00935603389               0.0    0.158280205096  -0.0760659764956   0.0760659764956   -0.158280205096
       BPM.6L3.B1       3329.415216   0.0187977134911               0.0     1.00953347494               0.0    0.119541017538   -0.104375961253    0.104375961253   -0.119541017538
    BPMWG.A5L3.B1       3371.119716   0.0214813752432               0.0     1.01091688823               0.0   0.0913711505854   -0.132341351823    0.132341351823  -0.0913711505854
      BPMW.5L3.B1       3400.089716   0.0191819916175               0.0      1.0097312199               0.0    0.115485955432 -0.00833512214368  0.00833512214368   -0.115485955432
     BPMWE.4L3.B1       3475.217716   0.0179921403987               0.0     1.00911931336               0.0      0.1028097372  -0.0340936771732   0.0340936771732     -0.1028097372
      BPMW.4L3.B1       3502.762716   0.0189932917172               0.0     1.00963410265               0.0    0.135824050055    0.103300238905   -0.103300238905   -0.135824050055
      BPMW.4R3.B1       3547.727716 -0.00376218159783                -1    0.998124200369                -1   0.0970575295147   0.0270795438828  -0.0270795438828  -0.0970575295147
     BPMWE.4R3.B1       3575.272716   0.0233092606223               0.0       1.011862416               0.0    0.112057984312    0.148705492749   -0.148705492749   -0.112057984312
      BPMW.5R3.B1       3650.400716   0.0232218598275               0.0     1.01181714495               0.0 -0.00889956636029    0.132438305708   -0.132438305708  0.00889956636029
    BPMWJ.A5R3.B1       3679.118716   0.0129672956313               0.0     1.00654739357               0.0   0.0651171931657   0.0744035147266  -0.0744035147266  -0.0651171931657
     BPMWC.6R3.B1       3718.936716   0.0216966567797               0.0     1.01102811128               0.0   0.0584458856175    0.117407608285   -0.117407608285  -0.0584458856175
      BPMR.6R3.B1       3731.015216   0.0173889359531               0.0     1.00880952715               0.0  0.00317759496047    0.109059988994   -0.109059988994 -0.00317759496047
       BPM.8R3.B1       3825.903227   0.0164024776955               0.0     1.00830352846               0.0  -0.0806508036996    0.125768783412   -0.125768783412   0.0806508036996
       BPM.9R3.B1       3864.968238   0.0193431911457               0.0     1.00981420587               0.0   -0.102093326224   0.0621060153758  -0.0621060153758    0.102093326224
      BPM.10R3.B1       3905.431248   0.0229500618433               0.0     1.01167640036               0.0   -0.113332213664   0.0281610457538  -0.0281610457538    0.113332213664
      BPM.11R3.B1       3958.211959   0.0183539732817               0.0     1.00930527597               0.0   -0.150393920853   0.0309594835252  -0.0309594835252    0.150393920853
      BPM.12R3.B1       4012.935475   0.0195240450452               0.0     1.00990733432               0.0   -0.157182380423   0.0721334168477  -0.0721334168477    0.157182380423
      BPM.13R3.B1       4066.383991   0.0191420313484               0.0     1.00971065141               0.0   -0.119515904162    0.120881325621   -0.120881325621    0.119515904162
      BPM.14R3.B1       4119.832506   0.0171461616413               0.0     1.00868492665               0.0 -0.00996199755846    0.162684441945   -0.162684441945  0.00996199755846
      BPM.17R3.B1       4280.178054  0.00814827901043               0.0      1.0040992077               0.0   -0.130604576355    0.100391341233   -0.100391341233    0.130604576355
      BPM.19R3.B1       4387.075086   0.0194820732311               0.0     1.00988571917               0.0   -0.136885646598  0.00875465282291 -0.00875465282291    0.136885646598
      BPM.22R3.B1       4547.420634   0.0164360706655               0.0     1.00832074728               0.0  -0.0931891049255   0.0466961614805  -0.0466961614805   0.0931891049255
      BPM.25R3.B1       4707.766181   0.0187385941942               0.0     1.00950306316               0.0    -0.14995084264   0.0451798887645  -0.0451798887645     0.14995084264
      BPM.27R3.B1       4814.663213   0.0184981809811               0.0     1.00937941961               0.0   -0.129146836655  -0.0361813578498   0.0361813578498    0.129146836655
      BPM.28R3.B1       4868.111729   0.0178365849435               0.0     1.00903939782               0.0   -0.176278483374  0.00214475579981 -0.00214475579981    0.176278483374
      BPM.30R3.B1       4975.008761   0.0176700752494               0.0     1.00895387566               0.0   -0.102830785284   0.0201720871258  -0.0201720871258    0.102830785284
      BPM.31R3.B1       5028.457277   0.0183099243753               0.0      1.0092826317               0.0   -0.128041885453  -0.0466807413175   0.0466807413175    0.128041885453
      BPM.32R3.B1       5081.905793   0.0176962568827               0.0     1.00896732154               0.0   -0.178025422151  -0.0115025028565   0.0115025028565    0.178025422151
      BPM.33R3.B1       5135.354309   0.0183095533206               0.0     1.00928244096               0.0   -0.158865618915   0.0168422672662  -0.0168422672662    0.158865618915
      BPM.34R3.B1       5188.802825   0.0161147443254               0.0     1.00815608048               0.0   -0.097608255695  0.00726250004352 -0.00726250004352    0.097608255695
      BPM.33L4.B1        5242.25134   0.0164663672091               0.0      1.0083362772               0.0   -0.116000368228  -0.0697768019145   0.0697768019145    0.116000368228
      BPM.32L4.B1       5295.699856   0.0206898854259               0.0     1.01050828826               0.0   -0.175551529679  -0.0541968839659   0.0541968839659    0.175551529679
      BPM.31L4.B1       5349.148372   0.0200368657862               0.0     1.01017154512               0.0   -0.180003944521 0.000577091705159 -0.000577091705159    0.180003944521
      BPM.30L4.B1       5402.596888     0.01773221382               0.0     1.00898578852               0.0   -0.101083352196 -0.00828219590501  0.00828219590501    0.101083352196
      BPM.29L4.B1       5456.045404   0.0156783483295               0.0     1.00793257425               0.0   -0.101675527207  -0.0963436739781   0.0963436739781    0.101675527207
      BPM.28L4.B1        5509.49392   0.0157697415084               0.0     1.00797937022               0.0   -0.168765766837  -0.0416212029852   0.0416212029852    0.168765766837
      BPM.27L4.B1       5562.942436   0.0181902880599               0.0     1.00922113785               0.0    -0.14583946647  -0.0325568879248   0.0325568879248     0.14583946647
      BPM.26L4.B1       5616.390952   0.0176386037593               0.0     1.00893771382               0.0   -0.101096988042  -0.0212218117388   0.0212218117388    0.101096988042
      BPM.25L4.B1       5669.839468   0.0155030855102               0.0      1.0078428528               0.0  -0.0953892803591      -0.106254842       0.106254842   0.0953892803591
      BPM.24L4.B1       5723.287984   0.0141050744034               0.0     1.00712803254               0.0   -0.160700380699  -0.0562738888146   0.0562738888146    0.160700380699
      BPM.23L4.B1         5776.7365   0.0185849722673               0.0     1.00942405078               0.0   -0.114162609812  -0.0677977548776   0.0677977548776    0.114162609812
      BPM.22L4.B1       5830.185015   0.0205772581185               0.0     1.01045018562               0.0   -0.112484411985  -0.0640312994999   0.0640312994999    0.112484411985
      BPM.21L4.B1       5883.633531   0.0209846834768               0.0     1.01066041737               0.0   -0.100790617717   -0.108163045614    0.108163045614    0.100790617717
      BPM.20L4.B1       5937.082047   0.0217601129849               0.0      1.0110609023               0.0   -0.142754229108  -0.0978703350005   0.0978703350005    0.142754229108
      BPM.19L4.B1       5990.530563   0.0201458841045               0.0     1.01022773927               0.0   -0.133757631529   -0.073111980209    0.073111980209    0.133757631529
      BPM.17L4.B1       6097.427595   0.0181347330219               0.0     1.00919258601               0.0   -0.065509748006    -0.13745534638     0.13745534638    0.065509748006
      BPM.16L4.B1       6150.876111    0.017940661051               0.0      1.0090928641               0.0   -0.132943031082   -0.110435261182    0.110435261182    0.132943031082
      BPM.15L4.B1       6204.324627    0.020608862586               0.0     1.01046648885               0.0   -0.127443539279  -0.0928822730375   0.0928822730375    0.127443539279
      BPM.14L4.B1       6257.773143   0.0209587927966               0.0     1.01064705386               0.0  -0.0862551289472    -0.10404738635     0.10404738635   0.0862551289472
      BPM.13L4.B1       6311.221659   0.0227958449851               0.0     1.01159656867               0.0    -0.07232966231   -0.133870287283    0.133870287283     0.07232966231
      BPM.12L4.B1       6364.670174   0.0235196745598               0.0      1.0119714292               0.0   -0.111088637057   -0.153338417831    0.153338417831    0.111088637057
      BPM.11L4.B1        6418.11869   0.0217091983943               0.0     1.01103459191               0.0   -0.111526633574   -0.120354696165    0.120354696165    0.111526633574
      BPM.10L4.B1       6469.957401   0.0211055984626               0.0     1.01072283484               0.0  -0.0666773616624  -0.0957786832212   0.0957786832212   0.0666773616624
       BPM.9L4.B1       6509.022412   0.0214176823271               0.0     1.01088398896               0.0  0.00111324542145   -0.146107519724    0.146107519724 -0.00111324542145
       BPM.7L4.B1       6588.549433   0.0235452360859               0.0     1.01198467475               0.0    0.107620217493   -0.118651125601    0.118651125601   -0.107620217493
     BPMYB.6L4.B1       6685.153433   0.0275711128416               0.0     1.01407733037               0.0    0.134903676365  -0.0717201860904   0.0717201860904   -0.134903676365
     BPMYA.5L4.B1       6722.153433   0.0204583684826               0.0     1.01038886321               0.0    0.119469708765   0.0291482671765  -0.0291482671765   -0.119469708765
    BPMWI.A5L4.B1       6798.755933   0.0206198077256               0.0     1.01047213511               0.0    0.172957462055  -0.0889691296714   0.0889691296714   -0.172957462055
    BPMWA.B5L4.B1       6824.619933   0.0299007813009               0.0      1.0152942406               0.0    0.138900681063  -0.0280719812242   0.0280719812242   -0.138900681063
    BPMWA.A5L4.B1       6833.504933   0.0227108731251               0.0     1.01155259033               0.0    0.148313483305   0.0339611129376  -0.0339611129376   -0.148313483305
    BPMWA.A5R4.B1       6881.553933   0.0351329131493               0.0     1.01804330904               0.0   0.0546003066123    -0.17644911269     0.17644911269  -0.0546003066123
    BPMWA.B5R4.B1       6890.438933   0.0222944028977               0.0     1.01133712342               0.0    0.164220201189  -0.0332512618215   0.0332512618215   -0.164220201189
     BPMYB.5R4.B1       6992.829433   0.0177477308084               0.0     1.00899375815               0.0    0.238069831468 -0.00888442729413  0.00888442729413   -0.238069831468
     BPMYA.6R4.B1       7024.393433   0.0242852996019               0.0     1.01236838886               0.0    0.185531385438 -0.00254611488822  0.00254611488822   -0.185531385438
       BPM.7R4.B1       7120.909433   0.0237408834224               0.0     1.01208607314               0.0    0.145264330043   0.0250676527098  -0.0250676527098   -0.145264330043
       BPM.8R4.B1       7158.698443    0.022776977222               0.0     1.01158680291               0.0    0.115573599528   0.0606832431281  -0.0606832431281   -0.115573599528
       BPM.9R4.B1       7197.763454   0.0209385211459               0.0     1.01063659099               0.0    0.173436928884  0.00142516657111 -0.00142516657111   -0.173436928884
      BPM.10R4.B1       7238.226465   0.0232053749343               0.0     1.01180860694               0.0    0.167426112004   0.0333102572201  -0.0333102572201   -0.167426112004
      BPM.11R4.B1       7290.065175   0.0218814787344               0.0     1.01112362699               0.0    0.120378997454   0.0351755965739  -0.0351755965739   -0.120378997454
      BPM.12R4.B1       7344.788691   0.0210411435628               0.0     1.01068956116               0.0    0.105545747166    0.105470301968   -0.105470301968   -0.105545747166
      BPM.13R4.B1       7398.237207   0.0233089694264               0.0     1.01186226516               0.0    0.158894266306    0.100903959174   -0.100903959174   -0.158894266306
      BPM.14R4.B1       7451.685723   0.0192353845763               0.0     1.00975870448               0.0     0.14348697619   0.0494758544555  -0.0494758544555    -0.14348697619
      BPM.15R4.B1       7505.134239   0.0205907586751               0.0     1.01045714981               0.0    0.112152031353   0.0446397513481  -0.0446397513481   -0.112152031353
      BPM.16R4.B1       7558.582755   0.0203270504868               0.0     1.01032114332               0.0    0.097206189446    0.112652609127   -0.112652609127   -0.097206189446
      BPM.17R4.B1       7612.031271    0.019493217353               0.0     1.00989145817               0.0    0.157032311784   0.0806154183948  -0.0806154183948   -0.157032311784
      BPM.18R4.B1       7665.479786   0.0212956467659               0.0     1.01082096296               0.0    0.144438231817   0.0654263172417  -0.0654263172417   -0.144438231817
      BPM.19R4.B1       7718.928302   0.0202940084763               0.0     1.01030410591               0.0    0.103808002953   0.0506700763827  -0.0506700763827   -0.103808002953
      BPM.20R4.B1       7772.376818   0.0193184432305               0.0     1.00980146424               0.0    0.098936151841     0.10992871095    -0.10992871095   -0.098936151841
      BPM.21R4.B1       7825.825334   0.0206823233292               0.0     1.01050438678               0.0    0.155326325817   0.0890810665987  -0.0890810665987   -0.155326325817
      BPM.22R4.B1        7879.27385   0.0193557760352               0.0     1.00982068547               0.0    0.135100110652   0.0611677731976  -0.0611677731976   -0.135100110652
      BPM.23R4.B1       7932.722366   0.0185967860329               0.0      1.0094301263               0.0   0.0934372557133    0.076375681175   -0.076375681175  -0.0934372557133
      BPM.24R4.B1       7986.170882   0.0202362906991               0.0     1.01027434701               0.0   0.0977003672935    0.113165513985   -0.113165513985  -0.0977003672935
      BPM.25R4.B1       8039.619398   0.0165864638939               0.0     1.00839784547               0.0    0.147143536116   0.0642037570213  -0.0642037570213   -0.147143536116
      BPM.26R4.B1       8093.067914      0.0192708091               0.0     1.00977694086               0.0    0.119622726293   0.0647388806111  -0.0647388806111   -0.119622726293
      BPM.27R4.B1        8146.51643   0.0186994270581               0.0     1.00948291656               0.0   0.0996922643824   0.0692419051218  -0.0692419051218  -0.0996922643824
      BPM.28R4.B1       8199.964946   0.0191158292689               0.0     1.00969716526               0.0     0.11010302731    0.109543962711   -0.109543962711    -0.11010302731
      BPM.29R4.B1       8253.413461   0.0198780441522               0.0     1.01008969633               0.0    0.159915928633   0.0788245043011  -0.0788245043011   -0.159915928633
      BPM.30R4.B1       8306.861977   0.0177111760714               0.0     1.00897498371               0.0   0.0975327177146   0.0643048884355  -0.0643048884355  -0.0975327177146
      BPM.31R4.B1       8360.310493   0.0180647579973               0.0     1.00915662665               0.0   0.0976368176664   0.0745508859159  -0.0745508859159  -0.0976368176664
      BPM.32R4.B1       8413.759009   0.0196137011575               0.0     1.00995351117               0.0    0.117516934923   0.0910194678283  -0.0910194678283   -0.117516934923
      BPM.33R4.B1       8467.207525   0.0186666608985               0.0     1.00946606339               0.0    0.151128100754   0.0619368024473  -0.0619368024473   -0.151128100754
      BPM.34R4.B1       8520.656041    0.016996604861               0.0     1.00860819171               0.0    0.115880330676   0.0467818222362  -0.0467818222362   -0.115880330676
      BPM.33L5.B1       8574.104557   0.0159811958827               0.0     1.00808766601               0.0   0.0893464026692   0.0579299596425  -0.0579299596425  -0.0893464026692
      BPM.32L5.B1       8627.553073   0.0163017809713               0.0     1.00825191941               0.0    0.114067112733   0.0903160536022  -0.0903160536022   -0.114067112733
      BPM.31L5.B1       8681.001589   0.0205264883784               0.0     1.01042399759               0.0    0.149417740833   0.0719795538052  -0.0719795538052   -0.149417740833
      BPM.30L5.B1       8734.450105   0.0145389309456               0.0     1.00734970593               0.0    0.118290041224   0.0229969510479  -0.0229969510479   -0.118290041224
      BPM.29L5.B1        8787.89862   0.0162607710671               0.0      1.0082309033               0.0   0.0945054765467   0.0433487801113  -0.0433487801113  -0.0945054765467
      BPM.28L5.B1       8841.347136   0.0151851643063               0.0     1.00768016208               0.0    0.107844232879   0.0948942346218  -0.0948942346218   -0.107844232879
      BPM.27L5.B1       8894.795652   0.0166778749625               0.0     1.00844471546               0.0    0.157793560644   0.0685648944241  -0.0685648944241   -0.157793560644
      BPM.24L5.B1         9055.1412   0.0189847931917               0.0     1.00962972942               0.0    0.121053675686   0.0794329861484  -0.0794329861484   -0.121053675686
      BPM.23L5.B1       9108.589716   0.0186894595873               0.0     1.00947778974               0.0    0.170535181363   0.0789218099839  -0.0789218099839   -0.170535181363
      BPM.22L5.B1       9162.038232   0.0216048749858               0.0     1.01098068865               0.0    0.120419972699   0.0800754043247  -0.0800754043247   -0.120419972699
      BPM.21L5.B1       9215.486748   0.0200587104758               0.0     1.01018280435               0.0    0.109397396431   0.0271540559593  -0.0271540559593   -0.109397396431
      BPM.20L5.B1       9268.935264   0.0194948561447               0.0     1.00989230212               0.0    0.102500998406    0.107065893214   -0.107065893214   -0.102500998406
      BPM.17L5.B1       9429.280811   0.0202892118721               0.0     1.01030163271               0.0    0.109780623641   0.0347669231085  -0.0347669231085   -0.109780623641
      BPM.16L5.B1       9482.729327   0.0183020283465               0.0     1.00927857275               0.0   0.0947598043528    0.112390752128   -0.112390752128  -0.0947598043528
      BPM.15L5.B1       9536.177843   0.0185287611724               0.0     1.00939514436               0.0    0.158687531446   0.0781651108986  -0.0781651108986   -0.158687531446
      BPM.14L5.B1       9589.626359   0.0198134970273               0.0     1.01005643763               0.0    0.144700522482   0.0584366213534  -0.0584366213534   -0.144700522482
      BPM.13L5.B1       9643.074875   0.0181994200942               0.0     1.00922583138               0.0   0.0906962040296   0.0491350400794  -0.0491350400794  -0.0906962040296
      BPM.12L5.B1       9696.523391   0.0186117250298               0.0      1.0094378092               0.0    0.106951940827     0.10206247489    -0.10206247489   -0.106951940827
      BPM.11L5.B1       9749.971907   0.0187661794445               0.0     1.00951725305               0.0     0.15161323085   0.0984752406508  -0.0984752406508    -0.15161323085
      BPM.10L5.B1       9802.752617   0.0216610336363               0.0     1.01100970441               0.0     0.10944662165    0.104523089087   -0.104523089087    -0.10944662165
       BPM.9L5.B1       9841.817628    0.021029065257               0.0     1.01068332632               0.0   0.0518015326436     0.12243226815    -0.12243226815  -0.0518015326436
       BPM.8L5.B1       9882.280639   0.0207165415997               0.0     1.01052204123               0.0  -0.0238351062073    0.160488915439   -0.160488915439   0.0238351062073
      BPMR.5L5.B1       9990.140649   0.0341089969863               0.0     1.01750356522               0.0 0.000428565548282   -0.242639243203    0.242639243203 -0.000428565548282
     BPMYA.4L5.B1       10017.54665   0.0166070927397               0.0     1.00840842211               0.0   0.0309274245658   -0.104909379258    0.104909379258  -0.0309274245658
     BPMWB.4L5.B1       10038.68115   0.0312736560562               0.0     1.01601342117               0.0   0.0366909866962   -0.242691795018    0.242691795018  -0.0366909866962
     BPMSY.4L5.B1       10131.46115  -0.0685026804808                -1    0.967413607918                -1 -0.00129208724199      0.4792583729     -0.4792583729  0.00129208724199
      BPMS.2L5.B1       10158.24665   0.0278711924583               0.0      1.0142338325               0.0   0.0240732409695    -0.30388134716     0.30388134716  -0.0240732409695
     BPMSW.1L5.B1       10168.21165 -0.00878116484771                -1    0.995638123415                -1   -0.086132591627   0.0942367503353  -0.0942367503353    0.086132591627
     BPMSW.1R5.B1       10211.33965  0.00169345940922               0.0     1.00084780665               0.0  -0.0628111237895  -0.0238012936847   0.0238012936847   0.0628111237895
     BPMWB.4R5.B1       10340.87015   0.0681352499461               0.0     1.03591365565               0.0  -0.0365808258485   -0.417892095075    0.417892095075   0.0365808258485
     BPMYA.4R5.B1       10362.00265  -0.0123230447136                -1    0.993894845621                -1  -0.0112087053609   0.0740587112493  -0.0740587112493   0.0112087053609
       BPM.5R5.B1       10383.12065    0.012450559153               0.0     1.00628402052               0.0  -0.0239848180721  -0.0990199648299   0.0990199648299   0.0239848180721
      BPMR.6R5.B1       10415.02065  0.00542288185708               0.0     1.00272251887               0.0    0.133216854593  -0.0131340469088   0.0131340469088   -0.133216854593
     BPM_A.7R5.B1       10449.03465  0.00670508964758               0.0     1.00336949892               0.0   0.0831155708705 -0.00723696871508  0.00723696871508  -0.0831155708705
       BPM.8R5.B1       10490.47364    0.010919581258               0.0     1.00550491541               0.0   0.0730061534192  0.00626120001874 -0.00626120001874  -0.0730061534192
       BPM.9R5.B1       10529.54063   0.0109177288227               0.0     1.00550397381               0.0    0.107926356024    0.128608886641   -0.128608886641   -0.107926356024
      BPM.10R5.B1       10570.00562   0.0143641438326               0.0     1.00726038311               0.0    0.129768604208    0.102993050287   -0.102993050287   -0.129768604208
      BPM.11R5.B1       10622.78831   0.0114214496389               0.0     1.00576011369               0.0    0.111915116249   0.0238895616995  -0.0238895616995   -0.111915116249
      BPM.12R5.B1       10677.51479  0.00806288242037               0.0     1.00405598495               0.0   0.0349737946955   0.0535961035203  -0.0535961035203  -0.0349737946955
      BPM.13R5.B1       10730.96627  0.00782197201823               0.0     1.00393408031               0.0   0.0897344852899    0.122485402441   -0.122485402441  -0.0897344852899
      BPM.14R5.B1       10784.41776    0.004599177265               0.0     1.00230755132               0.0    0.149215383549   0.0202867349997  -0.0202867349997   -0.149215383549
      BPM.15R5.B1       10837.86924   0.0100778371577               0.0     1.00507732733               0.0   0.0818533094893   0.0164780609221  -0.0164780609221  -0.0818533094893
      BPM.16R5.B1       10891.32073   0.0061478681222               0.0     1.00308818067               0.0     0.02813380911   0.0552073046514  -0.0552073046514    -0.02813380911
      BPM.17R5.B1       10944.77221  0.00729635916751               0.0     1.00366826557               0.0    0.093736505863    0.116874925606   -0.116874925606   -0.093736505863
      BPM.18R5.B1        10998.2237  0.00250797016436               0.0     1.00125634874               0.0    0.152573084987  0.00759271304855 -0.00759271304855   -0.152573084987
      BPM.19R5.B1       11051.67518  0.00636459637756               0.0     1.00319756974               0.0   0.0584708072742  0.00406274828409 -0.00406274828409  -0.0584708072742
      BPM.20R5.B1       11105.12666  0.00570968822208               0.0     1.00286712777               0.0   0.0309637044788   0.0438565953203  -0.0438565953203  -0.0309637044788
      BPM.21R5.B1       11158.57815  0.00622734776541               0.0     1.00312829221               0.0    0.105098034652    0.103795292106   -0.103795292106   -0.105098034652
      BPM.22R5.B1       11212.02963  0.00609381102139               0.0     1.00306090206               0.0     0.15364436633    0.015639666504   -0.015639666504    -0.15364436633
      BPM.23R5.B1       11265.48112   0.0055584996022               0.0     1.00279089008               0.0   0.0694626734944  -0.0188276177175   0.0188276177175  -0.0694626734944
      BPM.24R5.B1        11318.9326  0.00683596728648               0.0     1.00343560799               0.0   0.0428108461019   0.0339013755183  -0.0339013755183  -0.0428108461019
      BPM.25R5.B1       11372.38408  0.00608689475083               0.0     1.00305741209               0.0    0.103293392193    0.103195989094   -0.103195989094   -0.103293392193
      BPM.26R5.B1       11425.83557  0.00401318928791               0.0     1.00201265455               0.0    0.156742654954 0.000385213262288 -0.000385213262288   -0.156742654954
      BPM.27R5.B1       11479.28705   0.0071992260262               0.0     1.00361916618               0.0   0.0633591206174  0.00216341913654 -0.00216341913654  -0.0633591206174
      BPM.28R5.B1       11532.73854  0.00835716475445               0.0     1.00420495695               0.0   0.0500186000672   0.0427875924314  -0.0427875924314  -0.0500186000672
      BPM.29R5.B1       11586.19002  0.00747033080215               0.0     1.00375622373               0.0    0.106001805442    0.107429158989   -0.107429158989   -0.106001805442
      BPM.30R5.B1        11639.6415  0.00791288862045               0.0      1.0039800804               0.0    0.148254099526   0.0168706279581  -0.0168706279581   -0.148254099526
      BPM.31R5.B1       11693.09299  0.00888216930474               0.0      1.0044708902               0.0   0.0882439119648 -0.00655704174845  0.00655704174845  -0.0882439119648
      BPM.32R5.B1       11746.54447  0.00694127107582               0.0     1.00348880866               0.0   0.0393482210899   0.0361167986889  -0.0361167986889  -0.0393482210899
      BPM.33R5.B1       11799.99596  0.00552824251819               0.0     1.00277563486               0.0    0.105363766663    0.106250553412   -0.106250553412   -0.105363766663
      BPM.34R5.B1       11853.44744  0.00910767054182               0.0     1.00458517938               0.0    0.148583441597   0.0224560729893  -0.0224560729893   -0.148583441597
      BPM.33L6.B1       11906.89893  0.00964861857339               0.0     1.00485950332               0.0   0.0850289854859  0.00321034721143 -0.00321034721143  -0.0850289854859
      BPM.30L6.B1       12067.25338  0.00857579574851               0.0     1.00431567556               0.0    0.147781294171    0.025421759805   -0.025421759805   -0.147781294171
      BPM.29L6.B1       12120.70486  0.00579847258458               0.0     1.00291190588               0.0   0.0668189934421  -0.0130193231162   0.0130193231162  -0.0668189934421
      BPM.28L6.B1       12174.15635  0.00787598696686               0.0     1.00396140891               0.0   0.0489849882032   0.0399958614714  -0.0399958614714  -0.0489849882032
      BPM.27L6.B1       12227.60783  0.00757698067317               0.0     1.00381015617               0.0    0.102843491515    0.106392524167   -0.106392524167   -0.102843491515
      BPM.26L6.B1       12281.05931  0.00445671580546               0.0     1.00223583404               0.0    0.154786032067   0.0113396446629  -0.0113396446629   -0.154786032067
      BPM.25L6.B1        12334.5108   0.0018489655851               0.0     1.00092576677               0.0   0.0533773128019  -0.0352800213491   0.0352800213491  -0.0533773128019
      BPM.22L6.B1       12494.86525   0.0028266679117               0.0      1.0014163373               0.0    0.153460773402  0.00607086185948 -0.00607086185948   -0.153460773402
      BPM.21L6.B1       12548.31673  0.00486119669347               0.0     1.00243949611               0.0   0.0615230620804  -0.0134391826276   0.0134391826276  -0.0615230620804
      BPM.20L6.B1       12601.76822  0.00435982703357               0.0     1.00218706755               0.0   0.0240249385446   0.0479142536009  -0.0479142536009  -0.0240249385446
      BPM.19L6.B1        12655.2197  0.00458976020156               0.0     1.00230281015               0.0    0.103509074217    0.109526031102   -0.109526031102   -0.103509074217
      BPM.18L6.B1       12708.67119  0.00613124448523               0.0     1.00307979172               0.0     0.14888369901   0.0178650169132  -0.0178650169132    -0.14888369901
      BPM.17L6.B1       12762.12267  0.00362235564254               0.0     1.00181611327               0.0   0.0638047746455  -0.0274010130201   0.0274010130201  -0.0638047746455
      BPM.16L6.B1       12815.57415  0.00506774847309               0.0     1.00254354587               0.0   0.0321469924016   0.0503175518846  -0.0503175518846  -0.0321469924016
      BPM.15L6.B1       12869.02564  0.00701516861317               0.0     1.00352614758               0.0   0.0972253616594    0.112929690487   -0.112929690487  -0.0972253616594
      BPM.14L6.B1       12922.47712  0.00164342097731               0.0     1.00082272469               0.0    0.153950413499 -0.00824118932821  0.00824118932821   -0.153950413499
      BPM.13L6.B1       12975.92861  0.00491561455332               0.0     1.00246690578               0.0   0.0569602956242  -0.0142252693277   0.0142252693277  -0.0569602956242
      BPM.12L6.B1       13029.38009  0.00435582944268               0.0     1.00218505562               0.0   0.0274047852981   0.0375628029029  -0.0375628029029  -0.0274047852981
      BPM.11L6.B1       13082.83158  0.00566951859267               0.0     1.00284687032               0.0    0.121323085032   0.0872049423065  -0.0872049423065   -0.121323085032
      BPM.10L6.B1       13134.67226  0.00392241668689               0.0     1.00196699677               0.0    0.151179650339  -0.0267381462509   0.0267381462509   -0.151179650339
       BPM.9L6.B1       13173.73925  0.00459588017351               0.0     1.00230589134               0.0   0.0637858369761  -0.0416187984893   0.0416187984893  -0.0637858369761
       BPM.8L6.B1       13214.20424  0.00481533389077               0.0     1.00241639728               0.0   0.0463920608113   0.0097146372126  -0.0097146372126  -0.0463920608113
     BPMYA.5L6.B1       13311.29423 0.000556277036018               0.0     1.00027825461               0.0    0.166704760742   0.0415055121338  -0.0415055121338   -0.166704760742
     BPMYB.4L6.B1       13347.69423 -5.0975279499e-05                -1    0.999974513335                -1    0.145916800657 -0.00904343481082  0.00904343481082   -0.145916800657
     BPMSA.4R6.B1       13568.51473  0.00446354682812               0.0     1.00223927253               0.0  0.00907683333272    0.034675221953   -0.034675221953 -0.00907683333272
     BPMYA.4R6.B1       13691.29423 -0.00184858690236                -1    0.999076986055                -1 -0.00476893537349   0.0674518261767  -0.0674518261767  0.00476893537349
     BPMYB.5R6.B1       13727.69423  0.00281322656484               0.0      1.0014095881               0.0   0.0378226312476   0.0703589103891  -0.0703589103891  -0.0378226312476
      BPM.11R6.B1       13954.79389  0.00171452282745               0.0     1.00085836534               0.0   0.0839417111246    0.115787366323   -0.115787366323  -0.0839417111246
      BPM.12R6.B1       14009.52037   0.0038781788028               0.0     1.00194474779               0.0   0.0358394400341   0.0332113854189  -0.0332113854189  -0.0358394400341
      BPM.13R6.B1       14062.97186  0.00211296296715               0.0     1.00105815867               0.0  -0.0576812601489   0.0509860162781  -0.0509860162781   0.0576812601489
      BPM.14R6.B1       14116.42334  0.00318926598711               0.0     1.00159845744               0.0  -0.0191100470679    0.151878144836   -0.151878144836   0.0191100470679
      BPM.20R6.B1       14437.13225  0.00393432078124               0.0     1.00197298407               0.0   0.0113384772925   0.0249862606953  -0.0249862606953  -0.0113384772925
      BPM.21R6.B1       14490.58373 0.000949518439468               0.0     1.00047509758               0.0   -0.045956550169   0.0702889763038  -0.0702889763038    0.045956550169
      BPM.22R6.B1       14544.03522     0.00112021224               0.0     1.00056057714               0.0    0.015785353294    0.158085310243   -0.158085310243   -0.015785353294
      BPM.23R6.B1        14597.4867  0.00226696505504               0.0     1.00113541335               0.0    0.113430381156   0.0895957608623  -0.0895957608623   -0.113430381156
      BPM.24R6.B1       14650.93818  0.00454163564406               0.0     1.00227858213               0.0   0.0479700455431   0.0212068885872  -0.0212068885872  -0.0479700455431
      BPM.25R6.B1       14704.38967  0.00162892277102               0.0     1.00081545776               0.0  -0.0403421103637    0.064237634667   -0.064237634667   0.0403421103637
      BPM.26R6.B1       14757.84115  0.00158942378849               0.0      1.0007956605               0.0 -0.00189699210599    0.164563561788   -0.164563561788  0.00189699210599
      BPM.29R6.B1        14918.1956  0.00572447301687               0.0     1.00287458402               0.0  -0.0215075095653   0.0793216754108  -0.0793216754108   0.0215075095653
      BPM.30R6.B1       14971.64709  0.00623565801342               0.0     1.00313248648               0.0   0.0253260040429    0.159028481601   -0.159028481601  -0.0253260040429
      BPM.31R6.B1       15025.09857  0.00493091516056               0.0     1.00247461293               0.0    0.115923730061   0.0916644716143  -0.0916644716143   -0.115923730061
      BPM.33R6.B1       15132.00154  0.00395591689742               0.0     1.00198384634               0.0  -0.0244550186056   0.0751803827747  -0.0751803827747   0.0244550186056
      BPM.34R6.B1       15185.45302  0.00413835773051               0.0     1.00207562335               0.0    0.022154515297      0.1617555523     -0.1617555523   -0.022154515297
      BPM.33L7.B1       15238.90451  0.00293435182465               0.0     1.00147041274               0.0    0.117862825117   0.0787532491554  -0.0787532491554   -0.117862825117
      BPM.32L7.B1       15292.35599  0.00450273118068               0.0      1.0022589972               0.0   0.0427995719653   0.0156777393805  -0.0156777393805  -0.0427995719653
      BPM.31L7.B1       15345.80748  0.00275899226053               0.0     1.00138235722               0.0  -0.0304813876334   0.0829931236504  -0.0829931236504   0.0304813876334
      BPM.30L7.B1       15399.25896  0.00347212741215               0.0      1.0017405977               0.0    0.039323510836    0.160898188408   -0.160898188408   -0.039323510836
      BPM.29L7.B1       15452.71045  0.00646947408878               0.0     1.00325051743               0.0    0.125215656854   0.0941003436784  -0.0941003436784   -0.125215656854
      BPM.28L7.B1       15506.16193  0.00282012676249               0.0     1.00141305283               0.0   0.0580611407518 -0.00259754646611  0.00259754646611  -0.0580611407518
      BPM.27L7.B1       15559.61341  0.00429004862287               0.0     1.00215195077               0.0  -0.0162834941542   0.0972497599085  -0.0972497599085   0.0162834941542
      BPM.26L7.B1        15613.0649  0.00469331295625               0.0     1.00235494911               0.0   0.0555695778398    0.154176662541   -0.154176662541  -0.0555695778398
      BPM.25L7.B1       15666.51638   0.0033644164244               0.0     1.00168646488               0.0    0.119672216827   0.0525737459352  -0.0525737459352   -0.119672216827
      BPM.24L7.B1       15719.96787  0.00421996513827               0.0     1.00211668418               0.0   0.0283401040296   0.0151733172593  -0.0151733172593  -0.0283401040296
      BPM.23L7.B1       15773.41935  0.00500330942884               0.0     1.00251108144               0.0 -0.00250457904846    0.104927588017   -0.104927588017  0.00250457904846
      BPM.22L7.B1       15826.87083  0.00399460381881               0.0     1.00200330572               0.0   0.0704145562751    0.142835366941   -0.142835366941  -0.0704145562751
      BPM.21L7.B1       15880.32232   0.0018623103345               0.0     1.00093245776               0.0    0.112067281806   0.0250214191787  -0.0250214191787   -0.112067281806
      BPM.20L7.B1        15933.7738  0.00201534323424               0.0     1.00100919728               0.0  0.00937103294081  0.00907962018385 -0.00907962018385 -0.00937103294081
      BPM.17L7.B1       16094.12825  0.00437166460473               0.0     1.00219302531               0.0    0.116866456127    0.019185485192   -0.019185485192   -0.116866456127
      BPM.16L7.B1       16147.57974  0.00398510006295               0.0     1.00199852526               0.0   0.0132874525553   0.0227517261756  -0.0227517261756  -0.0132874525553
      BPM.15L7.B1       16201.03122  0.00483353944883               0.0     1.00242556633               0.0   0.0305790941842    0.107355136749   -0.107355136749  -0.0305790941842
      BPM.14L7.B1       16254.48271  0.00364886180271               0.0     1.00182943895               0.0    0.105912663266    0.119335023761   -0.119335023761   -0.105912663266
      BPM.13L7.B1       16307.93419  0.00370404941348               0.0     1.00185718563               0.0    0.111446471408   0.0042200637179  -0.0042200637179   -0.111446471408
      BPM.12L7.B1       16361.38567  0.00557339639343               0.0     1.00279840109               0.0   0.0191629782891    0.031161125893   -0.031161125893  -0.0191629782891
      BPM.11L7.B1       16414.83716  0.00388712471154               0.0     1.00194924692               0.0  0.00811214749535    0.119422235972   -0.119422235972 -0.00811214749535
      BPM.10L7.B1       16467.61985  0.00280700737168               0.0     1.00140646535               0.0   0.0663136533855    0.138411979938   -0.138411979938  -0.0663136533855
       BPM.9L7.B1       16506.68684  0.00425277787289               0.0     1.00213319536               0.0   0.0844234326022   0.0757650566381  -0.0757650566381  -0.0844234326022
       BPM.7L7.B1       16586.21782 -0.000182150928142                -1    0.999908936976                -1      -0.105174606   0.0271879895118  -0.0271879895118       0.105174606
       BPM.6L7.B1       16621.03582  0.00164228927376               0.0     1.00082215744               0.0   -0.135213341236   0.0431695328364  -0.0431695328364    0.135213341236
     BPMWC.6L7.B1       16633.13832  0.00193692670451               0.0     1.00096987251               0.0  -0.0767769372535    0.126241937315   -0.126241937315   0.0767769372535
     BPMWE.5L7.B1       16710.19232  -0.0328594946008                -1    0.983964379755                -1    0.109073325221    0.148580878439   -0.148580878439   -0.109073325221
      BPMW.5L7.B1       16733.39732  0.00902214277975               0.0     1.00454182736               0.0  -0.0409695543227   0.0614651011765  -0.0614651011765   0.0409695543227
     BPMWE.4L7.B1       16768.48232  0.00414369010205               0.0     1.00207830618               0.0   -0.040403450253  -0.0246730634254   0.0246730634254    0.040403450253
      BPMW.4R7.B1       16912.63432  0.00780110248211               0.0     1.00392352207               0.0   -0.145451018288   0.0401005606584  -0.0401005606584    0.145451018288
      BPMW.5R7.B1       16975.82432   0.0120453715937               0.0     1.00607764688               0.0   -0.206579556676  0.00796541442487 -0.00796541442487    0.206579556676
     BPMWE.5R7.B1       16999.02932  0.00383918944891               0.0     1.00192513973               0.0  -0.0974501086406   0.0950202424485  -0.0950202424485   0.0974501086406
      BPMR.6R7.B1       17078.24482  0.00209453499392               0.0     1.00104891553               0.0  0.00673071170247   0.0475796942388  -0.0475796942388 -0.00673071170247
     BPM_A.7R7.B1       17116.28082  0.00479146277209               0.0      1.0024043752               0.0  -0.0377269573191  0.00353660739627 -0.00353660739627   0.0377269573191
       BPM.9R7.B1        17194.4138  0.00194910239775               0.0     1.00097597814               0.0    -0.13461825341   0.0342136544818  -0.0342136544818     0.13461825341
      BPM.10R7.B1       17234.87878  0.00382734146132               0.0     1.00191918151               0.0   -0.055139227271    0.021013376013   -0.021013376013    0.055139227271
      BPM.11R7.B1       17287.66147  0.00419994027084               0.0     1.00210660818               0.0  -0.0140278444771  -0.0721185143805   0.0721185143805   0.0140278444771
      BPM.12R7.B1       17342.38796   0.0051583183214               0.0     1.00258918034               0.0   -0.102323184239   -0.113673534798    0.113673534798    0.102323184239
      BPM.13R7.B1       17395.83944  0.00383411870927               0.0      1.0019225897               0.0   -0.136005989165  -0.0255905757013   0.0255905757013    0.136005989165
      BPM.14R7.B1       17449.29093   0.0049640009064               0.0     1.00249127933               0.0  -0.0543369527732  0.00888681917725 -0.00888681917725   0.0543369527732
      BPM.15R7.B1       17502.74241  0.00496472808704               0.0     1.00249164565               0.0  -0.0203807542572  -0.0875594529083   0.0875594529083   0.0203807542572
      BPM.16R7.B1       17556.19389  0.00602581773741               0.0     1.00302659404               0.0   -0.118398003389  -0.0943679252698   0.0943679252698    0.118398003389
      BPM.17R7.B1       17609.64538  0.00438244727179               0.0     1.00219845223               0.0   -0.136068011769  -0.0153185823217   0.0153185823217    0.136068011769
      BPM.18R7.B1       17663.09686  0.00462278744905               0.0     1.00231943853               0.0  -0.0498705145922   0.0132217185641  -0.0132217185641   0.0498705145922
      BPM.19R7.B1       17716.54835  0.00468618930014               0.0     1.00235136208               0.0  -0.0261862767839  -0.0936260037286   0.0936260037286   0.0261862767839
      BPM.20R7.B1       17769.99983  0.00635217919113               0.0     1.00319130146               0.0   -0.129157935195  -0.0812055853412   0.0812055853412    0.129157935195
      BPM.23R7.B1       17930.35428  0.00558973859406               0.0     1.00280664109               0.0  -0.0375617512921  -0.0889862010258   0.0889862010258   0.0375617512921
      BPM.24R7.B1       17983.80577  0.00533350195478               0.0     1.00267746595               0.0   -0.142098784063  -0.0628881207735   0.0628881207735    0.142098784063
      BPM.25R7.B1       18037.25725  0.00898904133364               0.0     1.00452505052               0.0   -0.126962838581  -0.0154512744123   0.0154512744123    0.126962838581
      BPM.26R7.B1       18090.70874  0.00648314443835               0.0     1.00325741955               0.0  -0.0574254594646    0.019558523463   -0.019558523463   0.0574254594646
      BPM.28R7.B1        18197.6117  0.00778831118785               0.0     1.00391705091               0.0   -0.146607374879  -0.0527107830175   0.0527107830175    0.146607374879
      BPM.29R7.B1       18251.06319  0.00815055578872               0.0     1.00410036015               0.0   -0.140620547947   0.0100713648342  -0.0100713648342    0.140620547947
      BPM.30R7.B1       18304.51467  0.00888982426165               0.0     1.00447476927               0.0  -0.0625801810629  0.00139129142534 -0.00139129142534   0.0625801810629
      BPM.31R7.B1       18357.96616  0.00723538842733               0.0      1.0036374449               0.0  -0.0526137448575  -0.0799178124464   0.0799178124464   0.0526137448575
      BPM.32R7.B1       18411.41764  0.00658295260756               0.0     1.00330781669               0.0   -0.154316231499  -0.0512131554736   0.0512131554736    0.154316231499
      BPM.33R7.B1       18464.86912  0.00805585511759               0.0     1.00405242839               0.0    -0.13390396546   0.0307042203289  -0.0307042203289     0.13390396546
      BPM.34R7.B1       18518.32061  0.00859536721284               0.0     1.00432558868               0.0  -0.0637095189306   0.0142676593747  -0.0142676593747   0.0637095189306
      BPM.33L8.B1       18571.77209  0.00801492000674               0.0     1.00403171164               0.0  -0.0724790206281  -0.0819136440431   0.0819136440431   0.0724790206281
      BPM.32L8.B1       18625.22358  0.00861336528044               0.0     1.00433470513               0.0     -0.1505371501  -0.0451514148024   0.0451514148024      0.1505371501
      BPM.31L8.B1       18678.67506  0.00828066127585               0.0     1.00416622288               0.0   -0.127096757494   0.0227010685755  -0.0227010685755    0.127096757494
      BPM.30L8.B1       18732.12654  0.00919613535715               0.0     1.00463002602               0.0  -0.0631286137368  0.00560663033009 -0.00560663033009   0.0631286137368
      BPM.29L8.B1       18785.57803  0.00817325454366               0.0     1.00411184991               0.0   -0.079870815185   -0.083436091153    0.083436091153    0.079870815185
      BPM.28L8.B1       18839.02951  0.00846256659283               0.0     1.00425832974               0.0   -0.153843917321  -0.0366208871119   0.0366208871119    0.153843917321
      BPM.27L8.B1         18892.481  0.00431863964151               0.0     1.00216633908               0.0   -0.111710393848   0.0499442010891  -0.0499442010891    0.111710393848
      BPM.25L8.B1       18999.38397  0.00397200867283               0.0     1.00199194031               0.0  -0.0812176816987  -0.0776011563507   0.0776011563507   0.0812176816987
      BPM.22L8.B1       19159.73842 0.000942301020705               0.0     1.00047148375               0.0 -0.00543499291651   0.0208430497684  -0.0208430497684  0.00543499291651
      BPM.21L8.B1        19213.1899 -0.000863446996096                -1    0.999568555879                -1  -0.0631638144956  -0.0881201004991   0.0881201004991   0.0631638144956
      BPM.20L8.B1       19266.64139  0.00200929552755               0.0     1.00100616428               0.0   -0.164499902402   0.0128339235923  -0.0128339235923    0.164499902402
      BPM.19L8.B1       19320.09287 0.000113479154394               0.0     1.00005674441               0.0  -0.0891175104267    0.101009461399   -0.101009461399   0.0891175104267
      BPM.18L8.B1       19373.54435 0.000379275538695               0.0     1.00018969173               0.0  0.00200865348697   0.0202902585217  -0.0202902585217 -0.00200865348697
      BPM.15L8.B1       19533.89881   0.0022814990529               0.0     1.00114270521               0.0  -0.0716022634621   0.0848308228047  -0.0848308228047   0.0716022634621
      BPM.14L8.B1       19587.35029  0.00139844250692               0.0     1.00069995547               0.0 -0.00866678104951 0.000972194127983 -0.000972194127983  0.00866678104951
      BPM.13L8.B1       19640.80177  0.00101020447272               0.0     1.00050548525               0.0    -0.10575616605  -0.0656322659101   0.0656322659101     0.10575616605
      BPM.12L8.B1       19694.25326  0.00397990425621               0.0     1.00199591176               0.0   -0.153802223701   0.0361324705258  -0.0361324705258    0.153802223701
      BPM.11L8.B1       19747.70474  0.00159575490201               0.0     1.00079883364               0.0  -0.0664288808095   0.0857768882447  -0.0857768882447   0.0664288808095
      BPM.10L8.B1       19799.54543  0.00216536958596               0.0     1.00108444628               0.0  -0.0189917975535   -0.017488886794    0.017488886794   0.0189917975535
       BPM.9L8.B1       19838.61242  0.00518999032636               0.0     1.00260514005               0.0  -0.0873146304253  -0.0667791982154   0.0667791982154   0.0873146304253
       BPM.8L8.B1       19879.07741  0.00633346651122               0.0     1.00318185539               0.0   -0.142836863165  -0.0722866134118   0.0722866134118    0.142836863165
       BPM.7L8.B1        19918.1454 -0.00132392154384                -1    0.999338695792                -1  -0.0631236210484   0.0276109889991  -0.0276109889991   0.0631236210484
      BPMR.6L8.B1        19950.6144  0.00123744372094               0.0     1.00061929668               0.0   0.0210386071615  -0.0636650162905   0.0636650162905  -0.0210386071615
     BPMYB.4L8.B1        20031.8004   0.0159009062637               0.0     1.00804654179               0.0   -0.137735578323   -0.134581281833    0.134581281833    0.137735578323
     BPMWB.4L8.B1        20056.1919 -0.00318713182091                -1    0.998410233179                -1   -0.125227211959   0.0410258074532  -0.0410258074532    0.125227211959
      BPMS.2L8.B1        20144.3364   0.0885132250296               0.0     1.04742953098               0.0   -0.254338899905    -0.61901434459     0.61901434459    0.254338899905
     BPMSW.1L8.B1        20154.2704 -0.00915177141977                -1    0.995455284755                -1    -0.10665987836   0.0189953095961  -0.0189953095961     0.10665987836
     BPMSW.1R8.B1        20197.4604  -0.0252904031537                -1    0.987589704526                -1  -0.0573732132939   -0.299172257248    0.299172257248   0.0573732132939
      BPMS.2R8.B1        20207.3944  -0.0131099857583                -1    0.993508762865                -1   -0.140099738944   0.0824119686234  -0.0824119686234    0.140099738944
     BPMWB.4R8.B1        20295.4629  0.00383299872613               0.0     1.00192202648               0.0  -0.0871933180969    0.034179341859   -0.034179341859   0.0871933180969
     BPMYB.4R8.B1        20319.9304  0.00491868421619               0.0       1.002468452               0.0  -0.0800303978249 -0.000499633819997 0.000499633819997   0.0800303978249
     BPMYB.5R8.B1        20340.5074  0.00754560965539               0.0     1.00379429106               0.0  -0.0653677742796  -0.0187360967781   0.0187360967781   0.0653677742796
       BPM.6R8.B1        20424.6154   0.0156042327763               0.0     1.00789462971               0.0   0.0207672353874   -0.227844457498    0.227844457498  -0.0207672353874
     BPM_A.7R8.B1        20446.8554  0.00412520363536               0.0     1.00206900532               0.0  -0.0560014982223   -0.128299290978    0.128299290978   0.0560014982223
      BPM.10R8.B1       20567.82043   0.0033717521264               0.0     1.00169015134               0.0  -0.0553806258637   -0.153428630753    0.153428630753   0.0553806258637
      BPM.11R8.B1       20619.65914  0.00438980020555               0.0     1.00220215302               0.0   -0.107327094188  -0.0427758080991   0.0427758080991    0.107327094188
      BPM.12R8.B1       20674.38266     0.00379125117               0.0     1.00190103277               0.0 0.000904075662147   -0.026072112955    0.026072112955 -0.000904075662147
      BPM.13R8.B1       20727.83117  0.00322522064127               0.0      1.0016165216               0.0   0.0340110066514   -0.107805045898    0.107805045898  -0.0340110066514
      BPM.14R8.B1       20781.27969  0.00446676565507               0.0     1.00224089279               0.0  -0.0534959809725   -0.150412189204    0.150412189204   0.0534959809725
      BPM.15R8.B1       20834.72821   0.0225440875209               0.0     1.01146628485               0.0  -0.0546909320279  -0.0998907585926   0.0998907585926   0.0546909320279
      BPM.16R8.B1       20888.17672  0.00285626173861               0.0     1.00143119751               0.0 -0.00147852988368  -0.0174652049798   0.0174652049798  0.00147852988368
      BPM.17R8.B1       20941.62524   0.0049957475836               0.0     1.00250727199               0.0     0.03821834985   -0.122062240388    0.122062240388    -0.03821834985
      BPM.18R8.B1       20995.07375  0.00536774383907               0.0     1.00269472523               0.0  -0.0393709362103   -0.160004434905    0.160004434905   0.0393709362103
      BPM.19R8.B1       21048.52227   0.0116083074386               0.0     1.00585517987               0.0  -0.0900446500989   -0.154907485904    0.154907485904   0.0900446500989
      BPM.22R8.B1       21208.86782   0.0127204423983               0.0     1.00642155028               0.0   -0.101075193929   -0.252092989933    0.252092989933    0.101075193929
      BPM.23R8.B1       21262.31633  0.00396247534589               0.0     1.00198714514               0.0  -0.0777229097905  -0.0665128492292   0.0665128492292   0.0777229097905
      BPM.24R8.B1       21315.76485  0.00586238232187               0.0     1.00294414227               0.0   0.0124470943732   -0.041094405388    0.041094405388  -0.0124470943732
      BPM.25R8.B1       21369.21337  0.00524724661204               0.0     1.00263399376               0.0   0.0436036691713    -0.11689026815     0.11689026815  -0.0436036691713
      BPM.26R8.B1       21422.66188   0.0040715949433               0.0     1.00204203535               0.0  -0.0398751979174   -0.143023364342    0.143023364342   0.0398751979174
      BPM.29R8.B1       21583.00743  0.00285086923693               0.0     1.00142848967               0.0   0.0401840385421   -0.123274215362    0.123274215362  -0.0401840385421
      BPM.30R8.B1       21636.45594   0.0023043207447               0.0     1.00115415541               0.0  -0.0428718844849   -0.143954963972    0.143954963972   0.0428718844849
      BPM.31R8.B1       21689.90446  0.00596918351002               0.0     1.00299802025               0.0  -0.0813085375171  -0.0660041814309   0.0660041814309   0.0813085375171
      BPM.32R8.B1       21743.35298  0.00106801193537               0.0     1.00053443409               0.0   0.0136034010644  -0.0120118846088   0.0120118846088  -0.0136034010644
      BPM.33R8.B1       21796.80149  0.00343085059441               0.0     1.00171985198               0.0     0.03067639007   -0.132990494891    0.132990494891    -0.03067639007
      BPM.34R8.B1       21850.25001  0.00417778757002               0.0     1.00209546187               0.0  -0.0362974636829   -0.147138351805    0.147138351805   0.0362974636829
      BPM.33L1.B1       21903.69852  0.00157175498481               0.0     1.00078680511               0.0  -0.0853999799765  -0.0410463883715   0.0410463883715   0.0853999799765
      BPM.32L1.B1       21957.14704  0.00336287697851               0.0     1.00168569126               0.0    0.022392003357  -0.0319830473298   0.0319830473298   -0.022392003357
      BPM.31L1.B1       22010.59556  0.00233753940147               0.0     1.00117082273               0.0   0.0358517227854    -0.12431440123     0.12431440123  -0.0358517227854
      BPM.30L1.B1       22064.04407  0.00174609454826               0.0     1.00087419226               0.0  -0.0546053105626   -0.143918146242    0.143918146242   0.0546053105626
      BPM.29L1.B1       22117.49259  0.00401089345808               0.0     1.00201149969               0.0  -0.0832405856752  -0.0541527498625   0.0541527498625   0.0832405856752
      BPM.28L1.B1        22170.9411  0.00359902413329               0.0     1.00180438405               0.0   0.0247172616278   -0.031775029988    0.031775029988  -0.0247172616278
      BPM.27L1.B1       22224.38962  0.00347144961545               0.0     1.00174025703               0.0    0.036843243354     -0.1244597283      0.1244597283   -0.036843243354
      BPM.26L1.B1       22277.83814  0.00379840049301               0.0     1.00190462787               0.0  -0.0460626816213   -0.153205813265    0.153205813265   0.0460626816213
      BPM.25L1.B1       22331.28665   0.0052964323409               0.0     1.00265878239               0.0   -0.081880287104  -0.0696308260022   0.0696308260022    0.081880287104
      BPM.24L1.B1       22384.73517  0.00538523553592               0.0     1.00270354209               0.0   0.0141805306278  -0.0385161173034   0.0385161173034  -0.0141805306278
      BPM.23L1.B1       22438.18368  0.00532065661292               0.0     1.00267099162               0.0    0.027664569343   -0.114879659307    0.114879659307   -0.027664569343
      BPM.22L1.B1        22491.6322  0.00583860933097               0.0     1.00293215069               0.0  -0.0413825873831   -0.157968076711    0.157968076711   0.0413825873831
      BPM.21L1.B1       22545.08071  0.00775013151476               0.0     1.00389773642               0.0  -0.0811707201264  -0.0822764550429   0.0822764550429   0.0811707201264
      BPM.20L1.B1       22598.52923   0.0058903556658               0.0     1.00295825314               0.0  0.00456320422271  -0.0387102101221   0.0387102101221 -0.00456320422271
      BPM.19L1.B1       22651.97775   0.0059509202609               0.0     1.00298880638               0.0   0.0304297720213    -0.11614816875     0.11614816875  -0.0304297720213
      BPM.18L1.B1       22705.42626  0.00578078483735               0.0     1.00290298465               0.0  -0.0395639917943   -0.157085634167    0.157085634167   0.0395639917943
      BPM.17L1.B1       22758.87478 -0.000579098383696                -1    0.999710576506                -1  -0.0776989233858  -0.0420770769395   0.0420770769395   0.0776989233858
      BPM.16L1.B1       22812.32329  0.00595685074461               0.0      1.0029917983               0.0   0.0450500359084  -0.0492800728357   0.0492800728357  -0.0450500359084
      BPM.15L1.B1       22865.77181  0.00561399150028               0.0     1.00281887015               0.0   0.0294795410297   -0.123822481212    0.123822481212  -0.0294795410297
      BPM.14L1.B1       22919.22033  0.00625820210662               0.0     1.00314386498               0.0  -0.0306794567163   -0.160450690109    0.160450690109   0.0306794567163
      BPM.13L1.B1       22972.66884   0.0031693991875               0.0     1.00158847648               0.0  -0.0822936550836   -0.059899121896    0.059899121896   0.0822936550836
      BPM.12L1.B1       23026.11736  0.00749634950061               0.0     1.00376938048               0.0   0.0200125105202  -0.0520664319218   0.0520664319218  -0.0200125105202
      BPM.11L1.B1       23079.56587  0.00577453309583               0.0     1.00289983149               0.0    0.038968820395   -0.107571951997    0.107571951997   -0.038968820395
       BPM.9L1.B1        23171.4116  0.00386040844523               0.0     1.00193581079               0.0  -0.0179968112219  -0.0962568639055   0.0962568639055   0.0179968112219
      BPMR.7L1.B1       23250.94062  0.00169103630311               0.0     1.00084659202               0.0   0.0168868515193   -0.113610395109    0.113610395109  -0.0168868515193
     BPMYA.4L1.B1       23347.14262   0.0144569802217               0.0     1.00730782306               0.0   0.0257880078738    0.184070161245   -0.184070161245  -0.0257880078738
     BPMWB.4L1.B1       23368.27512  0.00348582982498               0.0     1.00174748482               0.0   -0.269049541101    0.181642238453   -0.181642238453    0.269049541101
     BPMSY.4L1.B1       23461.05512    -9.54111033718                -1    0.308004328873                -1    0.234924701498   0.0532792939904  -0.0532792939904   -0.234924701498
      BPMS.2L1.B1       23487.84062   -0.225146093542                -1    0.903454031532                -1    0.962435888848     2.10262299532    -2.10262299532   -0.962435888848
     BPMSW.1L1.B1       23497.79062 -0.000307121787803                -1    0.999846474468                -1   0.0221868084816    0.200851531494   -0.200851531494  -0.0221868084816
     BPMSW.1R1.B1       23540.93362   -0.330636829956                -1    0.866902449457                -1    0.531121470766   -0.193150138157    0.193150138157   -0.531121470766
      BPMS.2R1.B1       23550.89862 7.93246984313e-05               0.0     1.00003966471               0.0 -0.000429290864905    0.109252619996   -0.109252619996 0.000429290864905
     BPMSY.4R1.B1       23577.68412  0.00873663469225               0.0     1.00439715064               0.0  -0.0732255338922    0.168157023975   -0.168157023975   0.0732255338922
     BPMWB.4R1.B1       23670.46412  0.00983541203554               0.0     1.00495428167               0.0   -0.249285286103  -0.0799832183303   0.0799832183303    0.249285286103
     BPMYA.4R1.B1       23691.59662  0.00555051095424               0.0     1.00278686224               0.0   -0.100822049649    0.125098404513   -0.125098404513    0.100822049649
       BPM.5R1.B1       23719.00462  0.00681232631337               0.0     1.00342366547               0.0  -0.0849539033636    0.128326384741   -0.128326384741   0.0849539033636
      BPMR.6R1.B1       23750.90462  0.00835896873575               0.0     1.00420587037               0.0  0.00512887157466   -0.130194300372    0.130194300372 -0.00512887157466
     BPMSX.7R1.B1       23757.12012   0.0081458991965               0.0      1.0040980031               0.0   0.0146560610118   -0.144396435438    0.144396435438  -0.0146560610118
       BPM.8R1.B1       23820.06761  0.00888453056477               0.0     1.00447208674               0.0   -0.118920821567  -0.0375467111705   0.0375467111705    0.118920821567
       BPM.9R1.B1        23859.1346  0.00583964918755               0.0     1.00293267521               0.0   0.0442910892655  -0.0618591448742   0.0618591448742  -0.0442910892655
      BPM.10R1.B1       23899.59958  0.00856315012211               0.0     1.00430927059               0.0    0.047539473256   -0.137356568687    0.137356568687   -0.047539473256
      BPM.11R1.B1       23952.38227  0.00932765604763               0.0     1.00469671066               0.0  -0.0127963943829   -0.157002370922    0.157002370922   0.0127963943829
      BPM.12R1.B1       24007.10876  0.00550503061218               0.0      1.0027639322               0.0  -0.0583527375832   -0.060628789505    0.060628789505   0.0583527375832
      BPM.13R1.B1       24060.56024   0.0110064112156               0.0     1.00554905423               0.0   0.0320870673815  -0.0837875335974   0.0837875335974  -0.0320870673815
      BPM.14R1.B1       24114.01173  0.00923915923755               0.0     1.00465183886               0.0   0.0303891086019   -0.130893451935    0.130893451935  -0.0303891086019
      BPM.15R1.B1       24167.46321   0.0104472978738               0.0     1.00526493833               0.0  -0.0211828016768    -0.15770936362     0.15770936362   0.0211828016768
      BPM.16R1.B1       24220.91469   0.0109412195163               0.0     1.00551591438               0.0  -0.0607513011477  -0.0960807147841   0.0960807147841   0.0607513011477
      BPM.17R1.B1       24274.36618  0.00920450043559               0.0     1.00463426695               0.0  0.00717752729743   -0.062142758132    0.062142758132 -0.00717752729743
      BPM.18R1.B1       24327.81766  0.00934728337957               0.0      1.0047066634               0.0   0.0255223601515   -0.125149359464    0.125149359464  -0.0255223601515
      BPM.19R1.B1       24381.26915  0.00959388243712               0.0     1.00483173547               0.0  -0.0292286444328   -0.154065850238    0.154065850238   0.0292286444328
      BPM.20R1.B1       24434.72063  0.00925222800241               0.0     1.00465846493               0.0  -0.0637144923799  -0.0790840200485   0.0790840200485   0.0637144923799
      BPM.21R1.B1       24488.17211  0.00941288690212               0.0     1.00473993216               0.0   0.0237511686447  -0.0697868915686   0.0697868915686  -0.0237511686447
      BPM.22R1.B1        24541.6236    0.010957573744               0.0     1.00552422765               0.0  0.00555435904663   -0.138354858918    0.138354858918 -0.00555435904663
      BPM.23R1.B1       24595.07508   0.0106239632208               0.0     1.00535468557               0.0  -0.0374443559355   -0.144891779555    0.144891779555   0.0374443559355
      BPM.24R1.B1       24648.52657   0.0126327349792               0.0     1.00637684928               0.0  -0.0419575197833  -0.0941165642658   0.0941165642658   0.0419575197833
      BPM.25R1.B1       24701.97805   0.0114867426964               0.0     1.00579332926               0.0   0.0225953134893  -0.0843754628809   0.0843754628809  -0.0225953134893
      BPM.26R1.B1       24755.42954   0.0121062817166               0.0     1.00610866204               0.0    0.015734879053   -0.145474645693    0.145474645693   -0.015734879053
      BPM.27R1.B1       24808.88102   0.0133988618552               0.0     1.00676751513               0.0  -0.0212530977442   -0.152854778011    0.152854778011   0.0212530977442
      BPM.28R1.B1        24862.3325   0.0106996395066               0.0     1.00539313702               0.0   -0.049316304645   -0.083999021523    0.083999021523    0.049316304645
      BPM.29R1.B1       24915.78399   0.0123320084011               0.0     1.00622362608               0.0   0.0299220422426  -0.0918346349864   0.0918346349864  -0.0299220422426
      BPM.30R1.B1       24969.23547   0.0119424437092               0.0     1.00602524298               0.0   0.0135841966994   -0.138687522373    0.138687522373  -0.0135841966994
      BPM.31R1.B1       25022.68696   0.0324904588582               0.0     1.01665212263               0.0    0.305584727624   -0.551750909003    0.551750909003   -0.305584727624
      BPM.33L2.B1       25236.49289   0.0126647807751               0.0     1.00639318106               0.0   -0.016518675809   -0.149817149857    0.149817149857    0.016518675809
      BPM.32L2.B1       25289.94438  0.00922791057747               0.0     1.00464613572               0.0  -0.0418032793766  -0.0744798776519   0.0744798776519   0.0418032793766
      BPM.31L2.B1       25343.39586   0.0125390406733               0.0     1.00632910359               0.0   0.0357501190819  -0.0963256122534   0.0963256122534  -0.0357501190819
      BPM.30L2.B1       25396.84734   0.0150619887481               0.0     1.00761715027               0.0 -0.00651400297727   -0.159444709884    0.159444709884  0.00651400297727
      BPM.29L2.B1       25450.29883   0.0149901235689               0.0     1.00758039231               0.0  -0.0232845098608   -0.144425730071    0.144425730071   0.0232845098608
      BPM.28L2.B1       25503.75031   0.0148531925934               0.0     1.00751036531               0.0   -0.038538347626   -0.103880864653    0.103880864653    0.038538347626
      BPM.27L2.B1        25557.2018    0.012270265792               0.0     1.00619217626               0.0   0.0281227306583  -0.0916873006487   0.0916873006487  -0.0281227306583
      BPM.26L2.B1       25610.65328   0.0113372537628               0.0     1.00571728682               0.0   0.0138606041131   -0.138366748777    0.138366748777  -0.0138606041131
      BPM.25L2.B1       25664.10477   0.0124105900826               0.0     1.00626365748               0.0  -0.0170440929319   -0.152742013124    0.152742013124   0.0170440929319
      BPM.24L2.B1       25717.55625  0.00944042441855               0.0     1.00475389793               0.0  -0.0496773094235  -0.0776705620859   0.0776705620859   0.0496773094235
      BPM.23L2.B1       25771.00773  0.00878974817388               0.0     1.00442406033               0.0   0.0419744610732  -0.0706316614624   0.0706316614624  -0.0419744610732
      BPM.22L2.B1       25824.45922  0.00822875078809               0.0     1.00413994291               0.0   0.0252769876242   -0.127969984159    0.127969984159  -0.0252769876242
      BPM.21L2.B1        25877.9107  0.00850941457409               0.0     1.00428205509               0.0  -0.0209098482686   -0.150997134262    0.150997134262   0.0209098482686
      BPM.20L2.B1       25931.36219  0.00715623553774               0.0     1.00359743741               0.0  -0.0493492067417  -0.0689493519041   0.0689493519041   0.0493492067417
      BPM.17L2.B1       26091.71664   0.0069499521944               0.0     1.00349319483               0.0  -0.0345826792343   -0.145791477998    0.145791477998   0.0345826792343
      BPM.16L2.B1       26145.16812   0.0102410732458               0.0     1.00516020515               0.0  -0.0489912257872  -0.0831938791698   0.0831938791698   0.0489912257872
      BPM.15L2.B1       26198.61961   0.0111744125517               0.0     1.00563447193               0.0   0.0288920000821  -0.0820182182779   0.0820182182779  -0.0288920000821
      BPM.14L2.B1       26252.07109    0.010133582861               0.0     1.00510562809               0.0   0.0244570991545     -0.1334295682      0.1334295682  -0.0244570991545
      BPM.13L2.B1       26305.52257  0.00985603751381               0.0     1.00496474861               0.0  -0.0269900101155   -0.146632743107    0.146632743107   0.0269900101155
      BPM.12L2.B1       26358.97406   0.0101233970921               0.0     1.00510045684               0.0  -0.0404920011252  -0.0819028203131   0.0819028203131   0.0404920011252
      BPM.11L2.B1       26412.42554   0.0112015363785               0.0     1.00564826467               0.0   0.0429585399279  -0.0853830471289   0.0853830471289  -0.0429585399279
      BPM.10L2.B1       26464.26623   0.0119990416749               0.0     1.00605405781               0.0   0.0102979890197   -0.149206482512    0.149206482512  -0.0102979890197
       BPM.9L2.B1       26503.33322   0.0123763841801               0.0     1.00624623158               0.0   0.0110975612156   -0.153468908265    0.153468908265  -0.0110975612156
       BPM.8L2.B1       26543.79821   0.0132254651736               0.0     1.00667905631               0.0  0.00754597361905   -0.102417972699    0.102417972699 -0.00754597361905
       BPM.7L2.B1        26582.8662   0.0104028891745               0.0     1.00524238217               0.0    0.130348888844  -0.0101258033642   0.0101258033642   -0.130348888844
      BPMR.6L2.B1        26614.9722  -0.0324852407365                -1    0.984142696641                -1     1.16810543693    -2.19814805905     2.19814805905    -1.16810543693