@ GetLLMVersion %s "V3.0.0 Dev"
@ Command %s "/afs/cern.ch/work/o/omc/anaconda/bin/python '/afs/cern.ch/work/e/efol/public/Beta-Beat.src/GetLLM/GetLLM.py' '--accel=LHCB1' '--model=/afs/cern.ch/work/e/efol/public/betabeatGui/temp/2017-12-20/models/LHCB1/Multiturn-model_40cm_2041/twiss.dat' '--files=/afs/cern.ch/work/e/efol/public/betabeatGui/temp/2017-12-20/LHCB1/Measurements/Beam1@Turn@2017_09_11@19_02_33_250_addDbscan/Beam1@Turn@2017_09_11@19_02_33_250_addDbscan.sdds' '--output=/afs/cern.ch/work/e/efol/public/betabeatGui/temp/2017-12-20/LHCB1/Results/40cm_dbscan_after_holeInOneCleaning' '--tbtana=SUSSIX' '--bpmu=mm' '--lhcphase=1' '--errordefs=/afs/cern.ch/work/e/efol/public/betabeatGui/temp/2017-12-20/models/LHCB1/Multiturn-model_40cm_2041/error_deff.txt'"
@ CWD %s "/home/efol/Workspaces/Accsoft-Eclipse-Pro/lhc-app-beta-beating"
@ Date %s "21. December 2017, 14:03:12"
@ Q1 %le 0.30985339184
@ MUX %le 64.3098533918
@ Q2 %le 0.319421650825
@ MUY %le 61.3194216508
@ FILES %s "/afs/cern.ch/work/e/efol/public/betabeatGui/temp/2017-12-20/LHCB1/Measurements/Beam1@Turn@2017_09_11@19_02_33_250_addDbscan/Beam1@Turn@2017_09_11@19_02_33_250_addDbscan.sdds.linx"
*            NAME             NAME2                 S                S1             COUNT            PHASEX            STDPHX            PHXMDL            MUXMDL
$              %s                %s               %le               %le               %le               %le               %le               %le               %le
   "BPMYB.5L2.B1"    "BPMYB.5L2.B1"            28.288            28.288                 1               0.0                 0               0.0     0.03145312858
   "BPMYB.4L2.B1"    "BPMYB.5L2.B1"            48.858            28.288                 1   0.0275816863254                 0     0.02706494627     0.05851807485
   "BPMWI.4L2.B1"    "BPMYB.5L2.B1"           73.3255            28.288                 1   0.0770633831312                 0     0.07833455862      0.1097876872
   "BPMSX.4L2.B1"    "BPMYB.5L2.B1"          123.4825            28.288                 1    0.153081079303                 0     0.14739707782      0.1788502064
    "BPMS.2L2.B1"    "BPMYB.5L2.B1"           161.394            28.288                 1    0.201285622146                 0     0.19780063742       0.229253766
   "BPMSW.1L2.B1"    "BPMYB.5L2.B1"           171.328            28.288                 1    0.228212495236                 0     0.22122569012      0.2526788187
   "BPMSW.1R2.B1"    "BPMYB.5L2.B1"           214.518            28.288                 1    0.585442210132                 0     0.58318396802      0.6146370966
    "BPMS.2R2.B1"    "BPMYB.5L2.B1"           224.452            28.288                 1    0.607763722257                 0     0.60112984242       0.632582971
   "BPMSX.4R2.B1"    "BPMYB.5L2.B1"          262.3635            28.288                 1    0.645894402761                 0     0.64465863872      0.6761117673
   "BPMWB.4R2.B1"    "BPMYB.5L2.B1"          312.5965            28.288                 1    0.731880771608                 0     0.72613048102      0.7575836096
   "BPMYB.4R2.B1"    "BPMYB.5L2.B1"           336.988            28.288                 1    0.766568875489                 0     0.76095700402      0.7924101326
     "BPM.6R2.B1"    "BPMYB.5L2.B1"           439.818            28.288                 1   0.0056553932541                 0     0.00463427542       1.036087404
   "BPM_A.7R2.B1"    "BPMYB.5L2.B1"           452.693            28.288                 1   0.0241856619444                 0     0.02113498142        1.05258811
     "BPM.8R2.B1"    "BPMYB.5L2.B1"       494.1300106            28.288                 1    0.108039707287                 0     0.10329386342       1.134746992
     "BPM.9R2.B1"    "BPMYB.5L2.B1"       533.1950212            28.288                 1    0.265679030929                 0     0.26135250842       1.292805637
    "BPM.10R2.B1"    "BPMYB.5L2.B1"       573.6580318            28.288                 1    0.429744380018                 0     0.42882819342       1.460281322
    "BPM.11R2.B1"    "BPMYB.5L2.B1"       625.4967424            28.288                 1     0.53647491784                 0     0.53523544442       1.566688573
    "BPM.14R2.B1"    "BPMYB.5L2.B1"       787.1172901            28.288                 1     0.92877148489                 0     0.92903743742       1.960490566
    "BPM.15R2.B1"    "BPMYB.5L2.B1"        840.565806            28.288                 1   0.0463610097741                 0     0.04125080942       2.072703938
    "BPM.16R2.B1"    "BPMYB.5L2.B1"       894.0143219            28.288                 1    0.180761636528                 0     0.17582936442       2.207282493
    "BPM.17R2.B1"    "BPMYB.5L2.B1"       947.4628378            28.288                 1    0.296684369735                 0     0.29163080742       2.323083936
    "BPM.18R2.B1"    "BPMYB.5L2.B1"       1000.911354            28.288                 1    0.432835442526                 0     0.42931788442       2.460771013
    "BPM.19R2.B1"    "BPMYB.5L2.B1"        1054.35987            28.288                 1     0.54643121147                 0     0.54152659242       2.572979721
    "BPM.20R2.B1"    "BPMYB.5L2.B1"       1107.808386            28.288                 1    0.684092019058                 0     0.67611233542       2.707565464
    "BPM.21R2.B1"    "BPMYB.5L2.B1"       1161.256901            28.288                 1    0.798844593114                 0     0.79191868042       2.823371809
    "BPM.22R2.B1"    "BPMYB.5L2.B1"       1214.705417            28.288                 1    0.933616769759                 0     0.92959831142        2.96105144
    "BPM.23R2.B1"    "BPMYB.5L2.B1"       1268.153933            28.288                 1   0.0486296301615                 0     0.04470407942       3.076157208
    "BPM.24R2.B1"    "BPMYB.5L2.B1"       1321.602449            28.288                 1    0.189023212165                 0     0.18238364442       3.213836773
    "BPM.26R2.B1"    "BPMYB.5L2.B1"       1428.499481            28.288                 1    0.439009191812                 0     0.43516973542       3.466622864
    "BPM.27R2.B1"    "BPMYB.5L2.B1"       1481.947997            28.288                 1    0.557229991178                 0     0.55027552842       3.581728657
    "BPM.28R2.B1"    "BPMYB.5L2.B1"       1535.396513            28.288                 1     0.69301954827                 0     0.68795515542       3.719408284
    "BPM.29R2.B1"    "BPMYB.5L2.B1"       1588.845029            28.288                 1    0.808476231817                 0     0.80306246542       3.834515594
    "BPM.30R2.B1"    "BPMYB.5L2.B1"       1642.293545            28.288                 1    0.943327411492                 0     0.94074115842       3.972194287
    "BPM.33R2.B1"    "BPMYB.5L2.B1"       1802.639092            28.288                 1    0.311556588245                 0     0.30863394642       4.340087075
    "BPM.34R2.B1"    "BPMYB.5L2.B1"       1856.087608            28.288                 1    0.448206634145                 0     0.44631258142        4.47776571
    "BPM.33L3.B1"    "BPMYB.5L2.B1"       1909.536124            28.288                 1    0.563941273807                 0     0.56141843442       4.592871563
    "BPM.32L3.B1"    "BPMYB.5L2.B1"        1962.98464            28.288                 1    0.703140157047                 0     0.69909817942       4.730551308
    "BPM.31L3.B1"    "BPMYB.5L2.B1"       2016.433156            28.288                 1    0.815896292164                 0     0.81420542542       4.845658554
    "BPM.30L3.B1"    "BPMYB.5L2.B1"       2069.881672            28.288                 1    0.954452264433                 0     0.95188400342       4.983337132
    "BPM.29L3.B1"    "BPMYB.5L2.B1"       2123.330188            28.288                 1   0.0683690945423                 0     0.06698989242       5.098443021
    "BPM.28L3.B1"    "BPMYB.5L2.B1"       2176.778704            28.288                 1    0.205751058271                 0     0.20466969142        5.23612282
    "BPM.27L3.B1"    "BPMYB.5L2.B1"        2230.22722            28.288                 1    0.319629761504                 0     0.31977690042       5.351230029
    "BPM.26L3.B1"    "BPMYB.5L2.B1"       2283.675735            28.288                 1    0.456341565765                 0     0.45745542542       5.488908554
    "BPM.25L3.B1"    "BPMYB.5L2.B1"       2337.124251            28.288                 1    0.573125265891                 0     0.57256135342       5.604014482
    "BPM.24L3.B1"    "BPMYB.5L2.B1"       2390.572767            28.288                 1    0.708076198887                 0     0.71024120442       5.741694333
    "BPM.23L3.B1"    "BPMYB.5L2.B1"       2444.021283            28.288                 1    0.822209232773                 0     0.82534837242       5.856801501
    "BPM.22L3.B1"    "BPMYB.5L2.B1"       2497.469799            28.288                 1    0.959937758264                 0     0.96302684742       5.994479976
    "BPM.21L3.B1"    "BPMYB.5L2.B1"       2550.918315            28.288                 1   0.0743170471073                 0     0.07813281742       6.109585946
    "BPM.20L3.B1"    "BPMYB.5L2.B1"       2604.366831            28.288                 1    0.213458832925                 0     0.21665781742       6.248110946
    "BPM.19L3.B1"    "BPMYB.5L2.B1"       2657.815347            28.288                 1    0.327673840846                 0     0.32952896042       6.360982089
    "BPM.18L3.B1"    "BPMYB.5L2.B1"       2711.263863            28.288                 1    0.461106993305                 0     0.46330730242       6.494760431
    "BPM.17L3.B1"    "BPMYB.5L2.B1"       2764.712379            28.288                 1    0.578972548388                 0     0.57842056642       6.609873695
    "BPM.16L3.B1"    "BPMYB.5L2.B1"       2818.160894            28.288                 1    0.715652029978                 0     0.71694088342       6.748394012
    "BPM.13L3.B1"    "BPMYB.5L2.B1"       2978.506442            28.288                 1   0.0814686685592                 0     0.07870832342       7.110161452
    "BPM.12L3.B1"    "BPMYB.5L2.B1"       3031.954958            28.288                 1    0.215685959685                 0     0.21579818242       7.247251311
    "BPM.11L3.B1"    "BPMYB.5L2.B1"       3085.403474            28.288                 1    0.343878558082                 0     0.34225573242       7.373708861
    "BPM.10L3.B1"    "BPMYB.5L2.B1"       3138.184185            28.288                 1    0.492341165291                 0     0.49133497942       7.522788108
     "BPM.9L3.B1"    "BPMYB.5L2.B1"       3177.249195            28.288                 1    0.554214920733                 0     0.55227165542       7.583724784
     "BPM.8L3.B1"    "BPMYB.5L2.B1"       3217.712206            28.288                 1    0.629632415958                 0     0.62896342242       7.660416551
     "BPM.7L3.B1"    "BPMYB.5L2.B1"       3256.776216            28.288                 1    0.685900530855                 0     0.68791087442       7.719364003
     "BPM.6L3.B1"    "BPMYB.5L2.B1"       3329.415216            28.288                 1    0.800422119498                 0     0.80005776742       7.831510896
  "BPMWG.A5L3.B1"    "BPMYB.5L2.B1"       3371.119716            28.288                 1     0.85672885453                 0     0.85714186542       7.888594994
    "BPMW.5L3.B1"    "BPMYB.5L2.B1"       3400.089716            28.288                 1    0.945385765716                 0     0.94049952742       7.971952656
   "BPMWE.4L3.B1"    "BPMYB.5L2.B1"       3475.217716            28.288                 1    0.046052065784                 0     0.04387173142        8.07532486
    "BPMW.4L3.B1"    "BPMYB.5L2.B1"       3502.762716            28.288                 1   0.0658275882336                 0     0.05907490042       8.090528029
    "BPMW.4R3.B1"    "BPMYB.5L2.B1"       3547.727716            28.288                 1    0.132926826934                 0     0.12922591642       8.160679045
   "BPMWE.4R3.B1"    "BPMYB.5L2.B1"       3575.272716            28.288                 1    0.269637412653                 0     0.27686954042       8.308322669
    "BPMW.5R3.B1"    "BPMYB.5L2.B1"       3650.400716            28.288                 1    0.408574440926                 0     0.40639770242       8.437850831
  "BPMWJ.A5R3.B1"    "BPMYB.5L2.B1"       3679.118716            28.288                 1    0.419307453742                 0     0.41902454942       8.450477678
   "BPMWC.6R3.B1"    "BPMYB.5L2.B1"       3718.936716            28.288                 1    0.466749648345                 0     0.46491780842       8.496370937
    "BPMR.6R3.B1"    "BPMYB.5L2.B1"       3731.015216            28.288                 1    0.507560815538                 0     0.50502862042       8.536481749
     "BPM.8R3.B1"    "BPMYB.5L2.B1"       3825.903227            28.288                 1    0.801836498142                 0     0.80450406942       8.835957198
     "BPM.9R3.B1"    "BPMYB.5L2.B1"       3864.968238            28.288                 1    0.910302954555                 0     0.90863569842       8.940088827
    "BPM.10R3.B1"    "BPMYB.5L2.B1"       3905.431248            28.288                 1    0.987038547092                 0     0.98336882342       9.014821952
    "BPM.11R3.B1"    "BPMYB.5L2.B1"       3958.211959            28.288                 1   0.0811671969731                 0     0.07642356742       9.107876696
    "BPM.12R3.B1"    "BPMYB.5L2.B1"       4012.935475            28.288                 1    0.180646606707                 0     0.17720681242       9.208659941
    "BPM.13R3.B1"    "BPMYB.5L2.B1"       4066.383991            28.288                 1    0.289974570962                 0     0.29401981042       9.325472939
    "BPM.14R3.B1"    "BPMYB.5L2.B1"       4119.832506            28.288                 1    0.407188420278                 0     0.40911077942       9.440563908
    "BPM.17R3.B1"    "BPMYB.5L2.B1"       4280.178054            28.288                 1    0.772789261328                 0     0.79429943842       9.825752567
    "BPM.18R3.B1"    "BPMYB.5L2.B1"        4333.62657            28.288                 1     0.91016642753                 0     0.90939851142        9.94085164
    "BPM.19R3.B1"    "BPMYB.5L2.B1"       4387.075086            28.288                 1   0.0512666082904                 0     0.04792672142       10.07937985
    "BPM.22R3.B1"    "BPMYB.5L2.B1"       4547.420634            28.288                 1    0.411876686042                 0     0.40968625142       10.44113938
    "BPM.25R3.B1"    "BPMYB.5L2.B1"       4707.766181            28.288                 1    0.798502618723                 0     0.80015110142       10.83160423
    "BPM.27R3.B1"    "BPMYB.5L2.B1"       4814.663213            28.288                 1    0.058936220812                 0     0.05293616142       11.08438929
    "BPM.28R3.B1"    "BPMYB.5L2.B1"       4868.111729            28.288                 1    0.169523738594                 0     0.16804270142       11.19949583
    "BPM.30R3.B1"    "BPMYB.5L2.B1"       4975.008761            28.288                 1    0.423650609484                 0     0.42082914142       11.45228227
    "BPM.31R3.B1"    "BPMYB.5L2.B1"       5028.457277            28.288                 1    0.562619564112                 0     0.55850760142       11.58996073
    "BPM.32R3.B1"    "BPMYB.5L2.B1"       5081.905793            28.288                 1    0.673794709976                 0     0.67361419142       11.70506732
    "BPM.33R3.B1"    "BPMYB.5L2.B1"       5135.354309            28.288                 1    0.809129585924                 0     0.81129408142       11.84274721
    "BPM.34R3.B1"    "BPMYB.5L2.B1"       5188.802825            28.288                 1     0.92331764824                 0     0.92640059142       11.95785372
    "BPM.33L4.B1"    "BPMYB.5L2.B1"        5242.25134            28.288                 1    0.067029504519                 0     0.06407905142       12.09553218
    "BPM.32L4.B1"    "BPMYB.5L2.B1"       5295.699856            28.288                 1    0.181465361433                 0     0.17918568142       12.21063881
    "BPM.31L4.B1"    "BPMYB.5L2.B1"       5349.148372            28.288                 1    0.314149682216                 0     0.31686556142       12.34831869
    "BPM.30L4.B1"    "BPMYB.5L2.B1"       5402.596888            28.288                 1    0.435002134936                 0     0.43197203142       12.46342516
    "BPM.29L4.B1"    "BPMYB.5L2.B1"       5456.045404            28.288                 1    0.572516446699                 0     0.56965050142       12.60110363
    "BPM.28L4.B1"    "BPMYB.5L2.B1"        5509.49392            28.288                 1    0.683875764927                 0     0.68475717142        12.7162103
    "BPM.27L4.B1"    "BPMYB.5L2.B1"       5562.942436            28.288                 1     0.82013841767                 0     0.82243705142       12.85389018
    "BPM.26L4.B1"    "BPMYB.5L2.B1"       5616.390952            28.288                 1    0.937383763248                 0     0.93754347142        12.9689966
    "BPM.25L4.B1"    "BPMYB.5L2.B1"       5669.839468            28.288                 1   0.0763627821862                 0     0.07522195142       13.10667508
    "BPM.24L4.B1"    "BPMYB.5L2.B1"       5723.287984            28.288                 1    0.188447093031                 0     0.19032866142       13.22178179
    "BPM.23L4.B1"    "BPMYB.5L2.B1"         5776.7365            28.288                 1    0.326192178184                 0     0.32800853142       13.35946166
    "BPM.22L4.B1"    "BPMYB.5L2.B1"       5830.185015            28.288                 1     0.44419085232                 0     0.44311491142       13.47456804
    "BPM.21L4.B1"    "BPMYB.5L2.B1"       5883.633531            28.288                 1    0.580523296366                 0     0.58079341142       13.61224654
    "BPM.20L4.B1"    "BPMYB.5L2.B1"       5937.082047            28.288                 1    0.692757326456                 0     0.69299843142       13.72445156
    "BPM.19L4.B1"    "BPMYB.5L2.B1"       5990.530563            28.288                 1    0.828954444998                 0     0.82759172142       13.85904485
    "BPM.18L4.B1"    "BPMYB.5L2.B1"       6043.979079            28.288                 1    0.945909835706                 0     0.94340197142        13.9748551
    "BPM.17L4.B1"    "BPMYB.5L2.B1"       6097.427595            28.288                 1    0.081854898986                 0     0.08107381142       14.11252694
    "BPM.16L4.B1"    "BPMYB.5L2.B1"       6150.876111            28.288                 1    0.195090991039                 0     0.19327422142       14.22472735
    "BPM.15L4.B1"    "BPMYB.5L2.B1"       6204.324627            28.288                 1     0.33039897656                 0     0.32787474142       14.35932787
    "BPM.14L4.B1"    "BPMYB.5L2.B1"       6257.773143            28.288                 1    0.447615358345                 0     0.44368983142       14.47514296
    "BPM.13L4.B1"    "BPMYB.5L2.B1"       6311.221659            28.288                 1    0.585842275371                 0     0.58135420142       14.61280733
    "BPM.12L4.B1"    "BPMYB.5L2.B1"       6364.670174            28.288                 1    0.696927759424                 0     0.69531590142       14.72676903
    "BPM.11L4.B1"    "BPMYB.5L2.B1"        6418.11869            28.288                 1    0.833319732665                 0     0.83347675142       14.86492988
    "BPM.10L4.B1"    "BPMYB.5L2.B1"       6469.957401            28.288                 1    0.950991079028                 0     0.94981393142       14.98126706
     "BPM.9L4.B1"    "BPMYB.5L2.B1"       6509.022412            28.288                 1   0.0792908669987                 0     0.07594490142       15.10739803
     "BPM.8L4.B1"    "BPMYB.5L2.B1"       6549.485422            28.288                 1    0.203794388906                 0     0.20698353142       15.23843666
     "BPM.7L4.B1"    "BPMYB.5L2.B1"       6588.549433            28.288                 1    0.371045423723                 0     0.38235235142       15.41380548
   "BPMYB.6L4.B1"    "BPMYB.5L2.B1"       6685.153433            28.288                 1    0.524846483723                 0     0.52237240142       15.55382553
   "BPMYA.5L4.B1"    "BPMYB.5L2.B1"       6722.153433            28.288                 1    0.551016387105                 0     0.54795812142       15.57941125
  "BPMWI.A5L4.B1"    "BPMYB.5L2.B1"       6798.755933            28.288                 1    0.584187090988                 0     0.57990727142        15.6113604
  "BPMWA.B5L4.B1"    "BPMYB.5L2.B1"       6824.619933            28.288                 1    0.597863731773                 0     0.59383130142       15.62528443
  "BPMWA.A5L4.B1"    "BPMYB.5L2.B1"       6833.504933            28.288                 1    0.604738960336                 0     0.59903394142       15.63048707
  "BPMWA.A5R4.B1"    "BPMYB.5L2.B1"       6881.553933            28.288                 1     0.63727415973                 0     0.63095144142       15.66240457
  "BPMWA.B5R4.B1"    "BPMYB.5L2.B1"       6890.438933            28.288                 1    0.643087925187                 0     0.63751646142       15.66896959
   "BPMYB.5R4.B1"    "BPMYB.5L2.B1"       6992.829433            28.288                 1    0.727912405138                 0     0.72004412142       15.75149725
   "BPMYA.6R4.B1"    "BPMYB.5L2.B1"       7024.393433            28.288                 1    0.744245819093                 0     0.73552624142       15.76697937
     "BPM.7R4.B1"    "BPMYB.5L2.B1"       7120.909433            28.288                 1    0.907190429619                 0     0.90304956142       15.93450269
     "BPM.8R4.B1"    "BPMYB.5L2.B1"       7158.698443            28.288                 1   0.0523440719121                 0     0.04846001142       16.07991314
     "BPM.9R4.B1"    "BPMYB.5L2.B1"       7197.763454            28.288                 1    0.192581927198                 0     0.18479171142       16.21624484
    "BPM.10R4.B1"    "BPMYB.5L2.B1"       7238.226465            28.288                 1    0.352560481517                 0     0.35016637142        16.3816195
    "BPM.11R4.B1"    "BPMYB.5L2.B1"       7290.065175            28.288                 1     0.46110976882                 0     0.46132858142       16.49278171
    "BPM.12R4.B1"    "BPMYB.5L2.B1"       7344.788691            28.288                 1    0.595785561439                 0     0.59698617142        16.6284393
    "BPM.13R4.B1"    "BPMYB.5L2.B1"       7398.237207            28.288                 1    0.712751179464                 0     0.71141178142       16.74286491
    "BPM.14R4.B1"    "BPMYB.5L2.B1"       7451.685723            28.288                 1    0.848336778641                 0     0.84756133142       16.87901446
    "BPM.15R4.B1"    "BPMYB.5L2.B1"       7505.134239            28.288                 1      0.9589459492                 0     0.96139712142       16.99285025
    "BPM.16R4.B1"    "BPMYB.5L2.B1"       7558.582755            28.288                 1    0.100595928425                 0     0.09754769142       17.12900082
    "BPM.17R4.B1"    "BPMYB.5L2.B1"       7612.031271            28.288                 1    0.218008018809                 0     0.21138295142       17.24283608
    "BPM.18R4.B1"    "BPMYB.5L2.B1"       7665.479786            28.288                 1    0.353074709878                 0     0.34753182142       17.37898495
    "BPM.19R4.B1"    "BPMYB.5L2.B1"       7718.928302            28.288                 1    0.463677398007                 0     0.46136760142       17.49282073
    "BPM.20R4.B1"    "BPMYB.5L2.B1"       7772.376818            28.288                 1    0.605986672468                 0     0.59751817142        17.6289713
    "BPM.21R4.B1"    "BPMYB.5L2.B1"       7825.825334            28.288                 1    0.721188555774                 0     0.71135343142       17.74280656
    "BPM.22R4.B1"    "BPMYB.5L2.B1"        7879.27385            28.288                 1    0.854787391779                 0     0.84750230142       17.87895543
    "BPM.23R4.B1"    "BPMYB.5L2.B1"       7932.722366            28.288                 1    0.964878776229                 0     0.96133623142       17.99278936
    "BPM.24R4.B1"    "BPMYB.5L2.B1"       7986.170882            28.288                 1    0.102106730976                 0     0.09748310142       18.12893623
    "BPM.25R4.B1"    "BPMYB.5L2.B1"       8039.619398            28.288                 1    0.216852332943                 0     0.21131738142       18.24277051
    "BPM.26R4.B1"    "BPMYB.5L2.B1"       8093.067914            28.288                 1     0.35452656082                 0     0.34746624142       18.37891937
    "BPM.27R4.B1"    "BPMYB.5L2.B1"        8146.51643            28.288                 1    0.464779037404                 0     0.46130018142       18.49275331
    "BPM.28R4.B1"    "BPMYB.5L2.B1"       8199.964946            28.288                 1    0.598198303226                 0     0.59744705142       18.62890018
    "BPM.29R4.B1"    "BPMYB.5L2.B1"       8253.413461            28.288                 1    0.715738348162                 0     0.71128133142       18.74273446
    "BPM.30R4.B1"    "BPMYB.5L2.B1"       8306.861977            28.288                 1    0.848866080866                 0     0.84743019142       18.87888332
    "BPM.31R4.B1"    "BPMYB.5L2.B1"       8360.310493            28.288                 1    0.961866797298                 0     0.96126412142       18.99271725
    "BPM.32R4.B1"    "BPMYB.5L2.B1"       8413.759009            28.288                 1   0.0941289645889                 0     0.09741100142       19.12886413
    "BPM.33R4.B1"    "BPMYB.5L2.B1"       8467.207525            28.288                 1    0.213117991434                 0     0.21124527142        19.2426984
    "BPM.34R4.B1"    "BPMYB.5L2.B1"       8520.656041            28.288                 1    0.350458100772                 0     0.34739414142       19.37884727
    "BPM.33L5.B1"    "BPMYB.5L2.B1"       8574.104557            28.288                 1    0.460424514741                 0     0.46122807142        19.4926812
    "BPM.32L5.B1"    "BPMYB.5L2.B1"       8627.553073            28.288                 1    0.590338803308                 0     0.59737494142       19.62882807
    "BPM.31L5.B1"    "BPMYB.5L2.B1"       8681.001589            28.288                 1    0.711334185518                 0     0.71120922142       19.74266235
    "BPM.30L5.B1"    "BPMYB.5L2.B1"       8734.450105            28.288                 1    0.846603668088                 0     0.84735808142       19.87881121
    "BPM.29L5.B1"    "BPMYB.5L2.B1"        8787.89862            28.288                 1    0.954260289623                 0     0.96119202142       19.99264515
    "BPM.28L5.B1"    "BPMYB.5L2.B1"       8841.347136            28.288                 1   0.0870565706318                 0     0.09733889142       20.12879202
    "BPM.27L5.B1"    "BPMYB.5L2.B1"       8894.795652            28.288                 1    0.204445206252                 0     0.21117316142       20.24262629
    "BPM.24L5.B1"    "BPMYB.5L2.B1"         9055.1412            28.288                 1    0.586222531285                 0     0.59730284142       20.62875597
    "BPM.23L5.B1"    "BPMYB.5L2.B1"       9108.589716            28.288                 1    0.703432688038                 0     0.71113711142       20.74259024
    "BPM.22L5.B1"    "BPMYB.5L2.B1"       9162.038232            28.288                 1    0.843315373076                 0     0.84728598142       20.87873911
    "BPM.21L5.B1"    "BPMYB.5L2.B1"       9215.486748            28.288                 1    0.952734461988                 0     0.96111991142       20.99257304
    "BPM.20L5.B1"    "BPMYB.5L2.B1"       9268.935264            28.288                 1   0.0874799498514                 0     0.09726798142       21.12872111
    "BPM.17L5.B1"    "BPMYB.5L2.B1"       9429.280811            28.288                 1    0.456495268784                 0     0.46109039142       21.49254352
    "BPM.16L5.B1"    "BPMYB.5L2.B1"       9482.729327            28.288                 1     0.59150034299                 0     0.59723846142       21.62869159
    "BPM.15L5.B1"    "BPMYB.5L2.B1"       9536.177843            28.288                 1    0.709200650558                 0     0.71107557142        21.7425287
    "BPM.14L5.B1"    "BPMYB.5L2.B1"       9589.626359            28.288                 1    0.850668370501                 0     0.84722694142       21.87868007
    "BPM.13L5.B1"    "BPMYB.5L2.B1"       9643.074875            28.288                 1    0.948911843642                 0     0.96106088142       21.99251401
    "BPM.12L5.B1"    "BPMYB.5L2.B1"       9696.523391            28.288                 1   0.0950117213877                 0     0.09904513142       22.13049826
    "BPM.11L5.B1"    "BPMYB.5L2.B1"       9749.971907            28.288                 1    0.204019747022                 0     0.20676877142        22.2382219
    "BPM.10L5.B1"    "BPMYB.5L2.B1"       9802.752617            28.288                 1    0.339655372523                 0     0.33823428142       22.36968741
     "BPM.9L5.B1"    "BPMYB.5L2.B1"       9841.817628            28.288                 1    0.446924647177                 0     0.44584988142       22.47730301
     "BPM.8L5.B1"    "BPMYB.5L2.B1"       9882.280639            28.288                 1    0.638906172009                 0     0.63001615142       22.66146928
    "BPMR.5L5.B1"    "BPMYB.5L2.B1"       9990.140649            28.288                 1    0.862728996093                 0     0.85035775142       22.88181088
   "BPMYA.4L5.B1"    "BPMYB.5L2.B1"       10017.54665            28.288                 1    0.868498310266                 0     0.85673117142        22.8881843
   "BPMWB.4L5.B1"    "BPMYB.5L2.B1"       10038.68115            28.288                 1    0.872116891118                 0     0.85953389142       22.89098702
   "BPMSY.4L5.B1"    "BPMYB.5L2.B1"       10131.46115            28.288                 1    0.880576149345                 0     0.86770329142       22.89915642
    "BPMS.2L5.B1"    "BPMYB.5L2.B1"       10158.24665            28.288                 1    0.882931317038                 0     0.86884541142       22.90029854
   "BPMSW.1L5.B1"    "BPMYB.5L2.B1"       10168.21165            28.288                 1    0.881257578785                 0     0.86968204142       22.90113517
   "BPMSW.1R5.B1"    "BPMYB.5L2.B1"       10211.33965            28.288                 1    0.376011103684                 0     0.36377823142       23.39523136
   "BPMWB.4R5.B1"    "BPMYB.5L2.B1"       10340.87015            28.288                 1    0.386586780896                 0     0.37370747142        23.4051606
   "BPMYA.4R5.B1"    "BPMYB.5L2.B1"       10362.00265            28.288                 1     0.39199703937                 0     0.37994370142       23.41139683
     "BPM.5R5.B1"    "BPMYB.5L2.B1"       10383.12065            28.288                 1    0.405178252337                 0     0.39343062142       23.42488375
    "BPMR.6R5.B1"    "BPMYB.5L2.B1"       10415.02065            28.288                 1    0.566284869621                 0     0.55004821142       23.58150134
   "BPM_A.7R5.B1"    "BPMYB.5L2.B1"       10449.03465            28.288                 1    0.832679370248                 0     0.82258581142       23.85403894
     "BPM.8R5.B1"    "BPMYB.5L2.B1"       10490.47364            28.288                 1    0.944389319288                 0     0.93779416142       23.96924729
     "BPM.9R5.B1"    "BPMYB.5L2.B1"       10529.54063            28.288                 1    0.138460500838                 0     0.14047900142       24.17193213
    "BPM.10R5.B1"    "BPMYB.5L2.B1"       10570.00562            28.288                 1    0.241438249368                 0     0.23236222142       24.26381535
    "BPM.11R5.B1"    "BPMYB.5L2.B1"       10622.78831            28.288                 1    0.359696923616                 0     0.35367869142       24.38513182
    "BPM.12R5.B1"    "BPMYB.5L2.B1"       10677.51479            28.288                 1    0.467237261234                 0     0.46550685142       24.49695998
    "BPM.13R5.B1"    "BPMYB.5L2.B1"       10730.96627            28.288                 1    0.596271774031                 0     0.59823568142       24.62968881
    "BPM.14R5.B1"    "BPMYB.5L2.B1"       10784.41776            28.288                 1     0.71888302616                 0     0.71207757142        24.7435307
    "BPM.15R5.B1"    "BPMYB.5L2.B1"       10837.86924            28.288                 1    0.853658469981                 0     0.84823794142       24.87969107
    "BPM.16R5.B1"    "BPMYB.5L2.B1"       10891.32073            28.288                 1    0.960157628562                 0     0.96208242142       24.99353555
    "BPM.17R5.B1"    "BPMYB.5L2.B1"       10944.77221            28.288                 1   0.0932451499187                 0     0.09824210142       25.12969523
    "BPM.18R5.B1"    "BPMYB.5L2.B1"        10998.2237            28.288                 1    0.214292002212                 0     0.21208410142       25.24353723
    "BPM.19R5.B1"    "BPMYB.5L2.B1"       11051.67518            28.288                 1    0.350489807167                 0     0.34824447142        25.3796976
    "BPM.20R5.B1"    "BPMYB.5L2.B1"       11105.12666            28.288                 1    0.457586648552                 0     0.46208896142       25.49354209
    "BPM.21R5.B1"    "BPMYB.5L2.B1"       11158.57815            28.288                 1    0.591953480412                 0     0.59824864142       25.62970177
    "BPM.22R5.B1"    "BPMYB.5L2.B1"       11212.02963            28.288                 1     0.71066925819                 0     0.71209064142       25.74354377
    "BPM.23R5.B1"    "BPMYB.5L2.B1"       11265.48112            28.288                 1    0.846994008868                 0     0.84824982142       25.87970295
    "BPM.24R5.B1"    "BPMYB.5L2.B1"        11318.9326            28.288                 1    0.958804233408                 0     0.96209146142       25.99354459
    "BPM.25R5.B1"    "BPMYB.5L2.B1"       11372.38408            28.288                 1   0.0934415120723                 0     0.09824864142       26.12970177
    "BPM.26R5.B1"    "BPMYB.5L2.B1"       11425.83557            28.288                 1    0.211847703309                 0     0.21209064142       26.24354377
    "BPM.27R5.B1"    "BPMYB.5L2.B1"       11479.28705            28.288                 1    0.349080847042                 0     0.34824982142       26.37970295
    "BPM.28R5.B1"    "BPMYB.5L2.B1"       11532.73854            28.288                 1    0.458901642244                 0     0.46209146142       26.49354459
    "BPM.29R5.B1"    "BPMYB.5L2.B1"       11586.19002            28.288                 1    0.595931810568                 0     0.59824864142       26.62970177
    "BPM.30R5.B1"    "BPMYB.5L2.B1"        11639.6415            28.288                 1    0.712510335836                 0     0.71209064142       26.74354377
    "BPM.31R5.B1"    "BPMYB.5L2.B1"       11693.09299            28.288                 1    0.849341011781                 0     0.84824982142       26.87970295
    "BPM.32R5.B1"    "BPMYB.5L2.B1"       11746.54447            28.288                 1    0.959984299623                 0     0.96209146142       26.99354459
    "BPM.33R5.B1"    "BPMYB.5L2.B1"       11799.99596            28.288                 1   0.0992840567602                 0     0.09824864142       27.12970177
    "BPM.34R5.B1"    "BPMYB.5L2.B1"       11853.44744            28.288                 1    0.216069638938                 0     0.21209064142       27.24354377
    "BPM.33L6.B1"    "BPMYB.5L2.B1"       11906.89893            28.288                 1    0.348578017006                 0     0.34824982142       27.37970295
    "BPM.30L6.B1"    "BPMYB.5L2.B1"       12067.25338            28.288                 1    0.717978628969                 0     0.71209064142       27.74354377
    "BPM.29L6.B1"    "BPMYB.5L2.B1"       12120.70486            28.288                 1    0.849453584475                 0     0.84824982142       27.87970295
    "BPM.28L6.B1"    "BPMYB.5L2.B1"       12174.15635            28.288                 1     0.95981246807                 0     0.96209146142       27.99354459
    "BPM.27L6.B1"    "BPMYB.5L2.B1"       12227.60783            28.288                 1    0.101961646214                 0     0.09824864142       28.12970177
    "BPM.26L6.B1"    "BPMYB.5L2.B1"       12281.05931            28.288                 1    0.215237109568                 0     0.21209064142       28.24354377
    "BPM.25L6.B1"    "BPMYB.5L2.B1"        12334.5108            28.288                 1    0.349551116105                 0     0.34824982142       28.37970295
    "BPM.22L6.B1"    "BPMYB.5L2.B1"       12494.86525            28.288                 1    0.718162416879                 0     0.71209064142       28.74354377
    "BPM.21L6.B1"    "BPMYB.5L2.B1"       12548.31673            28.288                 1    0.852313266148                 0     0.84824981142       28.87970294
    "BPM.20L6.B1"    "BPMYB.5L2.B1"       12601.76822            28.288                 1     0.95842906298                 0     0.96209331142       28.99354644
    "BPM.19L6.B1"    "BPMYB.5L2.B1"        12655.2197            28.288                 1   0.0940466670404                 0     0.09825419142       29.12970732
    "BPM.18L6.B1"    "BPMYB.5L2.B1"       12708.67119            28.288                 1    0.214683364484                 0     0.21209718142       29.24355031
    "BPM.17L6.B1"    "BPMYB.5L2.B1"       12762.12267            28.288                 1    0.350058085367                 0     0.34825635142       29.37970948
    "BPM.16L6.B1"    "BPMYB.5L2.B1"       12815.57415            28.288                 1    0.451162756838                 0     0.46209985142       29.49355298
    "BPM.15L6.B1"    "BPMYB.5L2.B1"       12869.02564            28.288                 1    0.590288634737                 0     0.59826072142       29.62971385
    "BPM.14L6.B1"    "BPMYB.5L2.B1"       12922.47712            28.288                 1    0.710048948087                 0     0.71210371142       29.74355684
    "BPM.13L6.B1"    "BPMYB.5L2.B1"       12975.92861            28.288                 1    0.846709701472                 0     0.84826289142       29.87971602
    "BPM.12L6.B1"    "BPMYB.5L2.B1"       13029.38009            28.288                 1    0.957454289947                 0     0.96342810142       29.99488123
    "BPM.11L6.B1"    "BPMYB.5L2.B1"       13082.83158            28.288                 1   0.0930883455123                 0     0.09847506142       30.12992819
    "BPM.10L6.B1"    "BPMYB.5L2.B1"       13134.67226            28.288                 1    0.213993084001                 0     0.21439922142       30.24585235
     "BPM.9L6.B1"    "BPMYB.5L2.B1"       13173.73925            28.288                 1    0.334711462436                 0     0.33415842142       30.36561155
     "BPM.8L6.B1"    "BPMYB.5L2.B1"       13214.20424            28.288                 1    0.454018020343                 0     0.45688092142       30.48833405
   "BPMYA.5L6.B1"    "BPMYB.5L2.B1"       13311.29423            28.288                 1    0.705751276621                 0     0.70245047142        30.7339036
   "BPMYB.4L6.B1"    "BPMYB.5L2.B1"       13347.69423            28.288                 1    0.718759192969                 0     0.71767013142       30.74912326
   "BPMSA.4R6.B1"    "BPMYB.5L2.B1"       13568.51473            28.288                 1    0.922987752913                 0     0.92437494142       30.95582807
   "BPMYA.4R6.B1"    "BPMYB.5L2.B1"       13691.29423            28.288                 1    0.975889332931                 0     0.97642563142       31.00787876
   "BPMYB.5R6.B1"    "BPMYB.5L2.B1"       13727.69423            28.288                 1    0.997306625803                 0     0.99743199142       31.02888512
    "BPM.11R6.B1"    "BPMYB.5L2.B1"       13954.79389            28.288                 1    0.724728217626                 0     0.72611723142       31.75757036
    "BPM.12R6.B1"    "BPMYB.5L2.B1"       14009.52037            28.288                 1    0.862751897689                 0     0.86216085142       31.89361398
    "BPM.13R6.B1"    "BPMYB.5L2.B1"       14062.97186            28.288                 1    0.980308340341                 0     0.97779268142       32.00924581
    "BPM.14R6.B1"    "BPMYB.5L2.B1"       14116.42334            28.288                 1    0.116985337758                 0     0.11472292142       32.14617605
    "BPM.20R6.B1"    "BPMYB.5L2.B1"       14437.13225            28.288                 1    0.872947077449                 0     0.88177768142       32.91323081
    "BPM.21R6.B1"    "BPMYB.5L2.B1"       14490.58373            28.288                 1    0.988686728737                 0     0.99558599142       33.02703912
    "BPM.22R6.B1"    "BPMYB.5L2.B1"       14544.03522            28.288                 1    0.126339512197                 0     0.13294932142       33.16440245
    "BPM.23R6.B1"    "BPMYB.5L2.B1"        14597.4867            28.288                 1     0.23855189329                 0     0.24745286142       33.27890599
    "BPM.24R6.B1"    "BPMYB.5L2.B1"       14650.93818            28.288                 1    0.376960259471                 0     0.38481763142       33.41627076
    "BPM.25R6.B1"    "BPMYB.5L2.B1"       14704.38967            28.288                 1    0.491801901742                 0     0.49931896142       33.53077209
    "BPM.26R6.B1"    "BPMYB.5L2.B1"       14757.84115            28.288                 1    0.629870858431                 0     0.63668319142       33.66813632
    "BPM.29R6.B1"    "BPMYB.5L2.B1"        14918.1956            28.288                 1    0.996421973947                 0     0.00305277142        34.0345059
    "BPM.30R6.B1"    "BPMYB.5L2.B1"       14971.64709            28.288                 1    0.134725450102                 0     0.14041706142       34.17187019
    "BPM.31R6.B1"    "BPMYB.5L2.B1"       15025.09857            28.288                 1    0.246212436995                 0     0.25492062142       34.28637375
    "BPM.32R6.B1"    "BPMYB.5L2.B1"       15078.55006            28.288                 1    0.385987321084                 0     0.39228526142       34.42373839
    "BPM.33R6.B1"    "BPMYB.5L2.B1"       15132.00154            28.288                 1    0.500245285452                 0     0.50678658142       34.53823971
    "BPM.34R6.B1"    "BPMYB.5L2.B1"       15185.45302            28.288                 1    0.640065770339                 0     0.64415093142       34.67560406
    "BPM.33L7.B1"    "BPMYB.5L2.B1"       15238.90451            28.288                 1    0.756911215435                 0     0.75865450142       34.79010763
    "BPM.32L7.B1"    "BPMYB.5L2.B1"       15292.35599            28.288                 1    0.891242581948                 0     0.89601908142       34.92747221
    "BPM.31L7.B1"    "BPMYB.5L2.B1"       15345.80748            28.288                 1  0.00722151102243                 0     0.01052040142       35.04197353
    "BPM.30L7.B1"    "BPMYB.5L2.B1"       15399.25896            28.288                 1     0.14287732841                 0     0.14788480142       35.17933793
    "BPM.29L7.B1"    "BPMYB.5L2.B1"       15452.71045            28.288                 1    0.255654401478                 0     0.26238837142        35.2938415
    "BPM.28L7.B1"    "BPMYB.5L2.B1"       15506.16193            28.288                 1    0.397234972319                 0     0.39975290142       35.43120603
    "BPM.27L7.B1"    "BPMYB.5L2.B1"       15559.61341            28.288                 1    0.513942020292                 0     0.51425421142       35.54570734
    "BPM.26L7.B1"    "BPMYB.5L2.B1"        15613.0649            28.288                 1     0.65024362717                 0     0.65161867142        35.6830718
    "BPM.25L7.B1"    "BPMYB.5L2.B1"       15666.51638            28.288                 1    0.763488585096                 0     0.76612225142       35.79757538
    "BPM.24L7.B1"    "BPMYB.5L2.B1"       15719.96787            28.288                 1    0.898969721776                 0     0.90348671142       35.93493984
    "BPM.23L7.B1"    "BPMYB.5L2.B1"       15773.41935            28.288                 1   0.0159119083934                 0     0.01798802142       36.04944115
    "BPM.22L7.B1"    "BPMYB.5L2.B1"       15826.87083            28.288                 1    0.156792674303                 0     0.15535255142       36.18680568
    "BPM.21L7.B1"    "BPMYB.5L2.B1"       15880.32232            28.288                 1    0.267372911596                 0     0.26985612142       36.30130925
    "BPM.20L7.B1"    "BPMYB.5L2.B1"        15933.7738            28.288                 1    0.402575998728                 0     0.40637915142       36.43783228
    "BPM.17L7.B1"    "BPMYB.5L2.B1"       16094.12825            28.288                 1     0.77284516465                 0     0.77875217142        36.8102053
    "BPM.16L7.B1"    "BPMYB.5L2.B1"       16147.57974            28.288                 1    0.908909469925                 0     0.91543944142       36.94689257
    "BPM.15L7.B1"    "BPMYB.5L2.B1"       16201.03122            28.288                 1   0.0280503065586                 0     0.03249638142       37.06394951
    "BPM.14L7.B1"    "BPMYB.5L2.B1"       16254.48271            28.288                 1    0.169168908926                 0     0.17358368142       37.20503681
    "BPM.13L7.B1"    "BPMYB.5L2.B1"       16307.93419            28.288                 1    0.283170303733                 0     0.28764259142       37.31909572
    "BPM.12L7.B1"    "BPMYB.5L2.B1"       16361.38567            28.288                 1    0.418389800332                 0     0.42733486142       37.45878799
    "BPM.11L7.B1"    "BPMYB.5L2.B1"       16414.83716            28.288                 1    0.542278501513                 0     0.54707347142        37.5785266
    "BPM.10L7.B1"    "BPMYB.5L2.B1"       16467.61985            28.288                 1    0.684751863596                 0     0.69086236142       37.72231549
     "BPM.9L7.B1"    "BPMYB.5L2.B1"       16506.68684            28.288                 1    0.776519916189                 0     0.78452288142       37.81597601
     "BPM.7L7.B1"    "BPMYB.5L2.B1"       16586.21782            28.288                 1   0.0547694488241                 0     0.05981285142       38.09126598
     "BPM.6L7.B1"    "BPMYB.5L2.B1"       16621.03582            28.288                 1    0.103096067432                 0     0.10650514142       38.13795827
   "BPMWC.6L7.B1"    "BPMYB.5L2.B1"       16633.13832            28.288                 1    0.110165343925                 0     0.11406478142       38.14551791
   "BPMWE.5L7.B1"    "BPMYB.5L2.B1"       16710.19232            28.288                 1     0.30363669661                 0     0.30319435142       38.33464748
    "BPMW.5L7.B1"    "BPMYB.5L2.B1"       16733.39732            28.288                 1    0.397295044142                 0     0.40028391142       38.43173704
   "BPMWE.4L7.B1"    "BPMYB.5L2.B1"       16768.48232            28.288                 1    0.436534550814                 0     0.44207228142       38.47352541
    "BPMW.4L7.B1"    "BPMYB.5L2.B1"       16796.58732            28.288                 1    0.448744950197                 0     0.45534763142       38.48680076
    "BPMW.4R7.B1"    "BPMYB.5L2.B1"       16912.63432            28.288                 1    0.631001862582                 0     0.64339452142       38.67484765
    "BPMW.5R7.B1"    "BPMYB.5L2.B1"       16975.82432            28.288                 1    0.745286789235                 0     0.75253342142       38.78398655
   "BPMWE.5R7.B1"    "BPMYB.5L2.B1"       16999.02932            28.288                 1    0.755166524815                 0     0.76294921142       38.79440234
    "BPMR.6R7.B1"    "BPMYB.5L2.B1"       17078.24482            28.288                 1    0.847882704005                 0     0.85562457142        38.8870777
   "BPM_A.7R7.B1"    "BPMYB.5L2.B1"       17116.28082            28.288                 1     0.92991879607                 0     0.93571857142        38.9671717
     "BPM.9R7.B1"    "BPMYB.5L2.B1"        17194.4138            28.288                 1     0.24354856398                 0     0.25351270142       39.28496583
    "BPM.10R7.B1"    "BPMYB.5L2.B1"       17234.87878            28.288                 1     0.34769988682                 0     0.35315114142       39.38460427
    "BPM.11R7.B1"    "BPMYB.5L2.B1"       17287.66147            28.288                 1    0.472583027527                 0     0.48004399142       39.51149712
    "BPM.12R7.B1"    "BPMYB.5L2.B1"       17342.38796            28.288                 1    0.591013517998                 0     0.60040618142       39.63185931
    "BPM.13R7.B1"    "BPMYB.5L2.B1"       17395.83944            28.288                 1    0.737472295828                 0     0.74399389142       39.77544702
    "BPM.14R7.B1"    "BPMYB.5L2.B1"       17449.29093            28.288                 1    0.851436502218                 0     0.85900097142        39.8904541
    "BPM.15R7.B1"    "BPMYB.5L2.B1"       17502.74241            28.288                 1    0.988986956207                 0     0.99528979142       40.02674292
    "BPM.16R7.B1"    "BPMYB.5L2.B1"       17556.19389            28.288                 1    0.100047841581                 0     0.11161107142        40.1430642
    "BPM.17R7.B1"    "BPMYB.5L2.B1"       17609.64538            28.288                 1    0.243685741735                 0     0.25316657142        40.2846197
    "BPM.18R7.B1"    "BPMYB.5L2.B1"       17663.09686            28.288                 1    0.361157022894                 0     0.36791549142       40.39936862
    "BPM.19R7.B1"    "BPMYB.5L2.B1"       17716.54835            28.288                 1    0.496852766908                 0     0.50430518142       40.53575831
    "BPM.20R7.B1"    "BPMYB.5L2.B1"       17769.99983            28.288                 1     0.60833151523                 0     0.62088517142        40.6523383
    "BPM.23R7.B1"    "BPMYB.5L2.B1"       17930.35428            28.288                 1  0.00440722950296                 0     0.01418405142       41.04563718
    "BPM.24R7.B1"    "BPMYB.5L2.B1"       17983.80577            28.288                 1     0.11591627211                 0     0.12868638142       41.16013951
    "BPM.25R7.B1"    "BPMYB.5L2.B1"       18037.25725            28.288                 1    0.257289804661                 0     0.26605085142       41.29750398
    "BPM.26R7.B1"    "BPMYB.5L2.B1"       18090.70874            28.288                 1    0.372860046948                 0     0.38055341142       41.41200654
    "BPM.27R7.B1"    "BPMYB.5L2.B1"       18144.16022            28.288                 1    0.510018040184                 0     0.51791789142       41.54937102
    "BPM.28R7.B1"    "BPMYB.5L2.B1"        18197.6117            28.288                 1    0.621507122735                 0     0.63242022142       41.66387335
    "BPM.29R7.B1"    "BPMYB.5L2.B1"       18251.06319            28.288                 1    0.760042798034                 0     0.76978469142       41.80123782
    "BPM.30R7.B1"    "BPMYB.5L2.B1"       18304.51467            28.288                 1    0.879208403166                 0     0.88428725142       41.91574038
    "BPM.31R7.B1"    "BPMYB.5L2.B1"       18357.96616            28.288                 1   0.0149738546922                 0     0.02165173142       42.05310486
    "BPM.32R7.B1"    "BPMYB.5L2.B1"       18411.41764            28.288                 1    0.128110200716                 0     0.13615406142       42.16760719
    "BPM.33R7.B1"    "BPMYB.5L2.B1"       18464.86912            28.288                 1    0.265500721694                 0     0.27351854142       42.30497167
    "BPM.34R7.B1"    "BPMYB.5L2.B1"       18518.32061            28.288                 1    0.383195386289                 0     0.38802110142       42.41947423
    "BPM.33L8.B1"    "BPMYB.5L2.B1"       18571.77209            28.288                 1    0.521177944954                 0     0.52538558142       42.55683871
    "BPM.32L8.B1"    "BPMYB.5L2.B1"       18625.22358            28.288                 1    0.634251884699                 0     0.63988790142       42.67134103
    "BPM.31L8.B1"    "BPMYB.5L2.B1"       18678.67506            28.288                 1    0.772880225175                 0     0.77725239142       42.80870552
    "BPM.30L8.B1"    "BPMYB.5L2.B1"       18732.12654            28.288                 1    0.889282231585                 0     0.89175495142       42.92320808
    "BPM.29L8.B1"    "BPMYB.5L2.B1"       18785.57803            28.288                 1   0.0238544734747                 0     0.02911942142       43.06057255
    "BPM.28L8.B1"    "BPMYB.5L2.B1"       18839.02951            28.288                 1    0.138219546612                 0     0.14362174142       43.17507487
    "BPM.27L8.B1"    "BPMYB.5L2.B1"         18892.481            28.288                 1    0.277454749108                 0     0.28098624142       43.31243937
    "BPM.25L8.B1"    "BPMYB.5L2.B1"       18999.38397            28.288                 1    0.529743492012                 0     0.53285326142       43.56430639
    "BPM.23L8.B1"    "BPMYB.5L2.B1"       19106.28693            28.288                 1    0.783287968861                 0     0.78472008142       43.81617321
    "BPM.22L8.B1"    "BPMYB.5L2.B1"       19159.73842            28.288                 1    0.897025489201                 0     0.89922264142       43.93067577
    "BPM.21L8.B1"    "BPMYB.5L2.B1"        19213.1899            28.288                 1    0.031645575851                 0     0.03658710142       44.06804023
    "BPM.20L8.B1"    "BPMYB.5L2.B1"       19266.64139            28.288                 1    0.152557052874                 0     0.15409727142        44.1855504
    "BPM.19L8.B1"    "BPMYB.5L2.B1"       19320.09287            28.288                 1    0.292633304975                 0     0.29445518142       44.32590831
    "BPM.18L8.B1"    "BPMYB.5L2.B1"       19373.54435            28.288                 1    0.407591190073                 0     0.40812028142       44.43957341
    "BPM.15L8.B1"    "BPMYB.5L2.B1"       19533.89881            28.288                 1    0.802608058431                 0     0.80347519142       44.83492832
    "BPM.14L8.B1"    "BPMYB.5L2.B1"       19587.35029            28.288                 1    0.914389895013                 0     0.91702095142       44.94847408
    "BPM.13L8.B1"    "BPMYB.5L2.B1"       19640.80177            28.288                 1     0.04646089728                 0     0.05490131142       45.08635444
    "BPM.12L8.B1"    "BPMYB.5L2.B1"       19694.25326            28.288                 1    0.166521063898                 0     0.17309775142       45.20455088
    "BPM.11L8.B1"    "BPMYB.5L2.B1"       19747.70474            28.288                 1    0.315618758583                 0     0.31518396142       45.34663709
    "BPM.10L8.B1"    "BPMYB.5L2.B1"       19799.54543            28.288                 1    0.419444700987                 0     0.41944062142       45.45089375
     "BPM.9L8.B1"    "BPMYB.5L2.B1"       19838.61242            28.288                 1    0.524641611852                 0     0.53118712142       45.56264025
     "BPM.8L8.B1"    "BPMYB.5L2.B1"       19879.07741            28.288                 1    0.688104234795                 0     0.69287501142       45.72432814
     "BPM.7L8.B1"    "BPMYB.5L2.B1"        19918.1454            28.288                 1    0.865049989364                 0     0.86820192142       45.89965505
    "BPMR.6L8.B1"    "BPMYB.5L2.B1"        19950.6144            28.288                 1    0.976828124515                 0     0.98045196142       46.01190509
   "BPMYB.4L8.B1"    "BPMYB.5L2.B1"        20031.8004            28.288                 1    0.248073790069                 0     0.25076887142         46.282222
   "BPMWB.4L8.B1"    "BPMYB.5L2.B1"        20056.1919            28.288                 1    0.270523012316                 0     0.27356069142       46.30501382
    "BPMS.2L8.B1"    "BPMYB.5L2.B1"        20144.3364            28.288                 1    0.306242435305                 0     0.31136821142       46.34282134
   "BPMSW.1L8.B1"    "BPMYB.5L2.B1"        20154.2704            28.288                 1    0.313784070639                 0     0.31930832142       46.35076145
   "BPMSW.1R8.B1"    "BPMYB.5L2.B1"        20197.4604            28.288                 1    0.768850134178                 0     0.77536984142       46.80682297
    "BPMS.2R8.B1"    "BPMYB.5L2.B1"        20207.3944            28.288                 1    0.777351898361                 0     0.78152042142       46.81297355
   "BPMSX.4R8.B1"    "BPMYB.5L2.B1"        20245.3059            28.288                 1    0.788326171946                 0     0.79507373142       46.82652686
   "BPMWB.4R8.B1"    "BPMYB.5L2.B1"        20295.4629            28.288                 1    0.815588963629                 0     0.82104225142       46.85249538
   "BPMYB.4R8.B1"    "BPMYB.5L2.B1"        20319.9304            28.288                 1    0.830502565738                 0     0.83539731142       46.86685044
   "BPMYB.5R8.B1"    "BPMYB.5L2.B1"        20340.5074            28.288                 1    0.856151175879                 0     0.86263761142       46.89409074
     "BPM.6R8.B1"    "BPMYB.5L2.B1"        20424.6154            28.288                 1     0.22062549228                 0     0.21791605142       47.24936918
   "BPM_A.7R8.B1"    "BPMYB.5L2.B1"        20446.8554            28.288                 1    0.258585436239                 0     0.26066541142       47.29211854
    "BPM.10R8.B1"    "BPMYB.5L2.B1"       20567.82043            28.288                 1     0.69079313929                 0     0.69412402142       47.72557715
    "BPM.11R8.B1"    "BPMYB.5L2.B1"       20619.65914            28.288                 1     0.78835571168                 0     0.79297368142       47.82442681
    "BPM.12R8.B1"    "BPMYB.5L2.B1"       20674.38266            28.288                 1    0.922352789621                 0     0.92757277142        47.9590259
    "BPM.13R8.B1"    "BPMYB.5L2.B1"       20727.83117            28.288                 1    0.038397205853                 0     0.04495978142       48.07641291
    "BPM.14R8.B1"    "BPMYB.5L2.B1"       20781.27969            28.288                 1    0.176317094064                 0     0.18111212142       48.21256525
    "BPM.15R8.B1"    "BPMYB.5L2.B1"       20834.72821            28.288                 1    0.291362560956                 0     0.29494763142       48.32640076
    "BPM.16R8.B1"    "BPMYB.5L2.B1"       20888.17672            28.288                 1    0.433604505448                 0     0.43109876142       48.46255189
    "BPM.17R8.B1"    "BPMYB.5L2.B1"       20941.62524            28.288                 1    0.550691734294                 0     0.54493430142       48.57638743
    "BPM.18R8.B1"    "BPMYB.5L2.B1"       20995.07375            28.288                 1    0.683576417932                 0     0.68108260142       48.71253573
    "BPM.19R8.B1"    "BPMYB.5L2.B1"       21048.52227            28.288                 1      0.8004012965                 0     0.79491812142       48.82637125
    "BPM.22R8.B1"    "BPMYB.5L2.B1"       21208.86782            28.288                 1    0.192341914929                 0     0.18105309142       49.21250622
    "BPM.23R8.B1"    "BPMYB.5L2.B1"       21262.31633            28.288                 1    0.302899161565                 0     0.29488675142       49.32633988
    "BPM.24R8.B1"    "BPMYB.5L2.B1"       21315.76485            28.288                 1    0.438201619649                 0     0.43103418142       49.46248731
    "BPM.25R8.B1"    "BPMYB.5L2.B1"       21369.21337            28.288                 1    0.553524931906                 0     0.54486873142       49.57632186
    "BPM.26R8.B1"    "BPMYB.5L2.B1"       21422.66188            28.288                 1    0.689530641661                 0     0.68101703142       49.71247016
    "BPM.29R8.B1"    "BPMYB.5L2.B1"       21583.00743            28.288                 1   0.0499822686592                 0     0.04483268142       50.07628581
    "BPM.30R8.B1"    "BPMYB.5L2.B1"       21636.45594            28.288                 1    0.186497717957                 0     0.18098098142       50.21243411
    "BPM.31R8.B1"    "BPMYB.5L2.B1"       21689.90446            28.288                 1    0.298623580026                 0     0.29481464142       50.32626777
    "BPM.32R8.B1"    "BPMYB.5L2.B1"       21743.35298            28.288                 1    0.435104274512                 0     0.43096207142        50.4624152
    "BPM.33R8.B1"    "BPMYB.5L2.B1"       21796.80149            28.288                 1    0.548543955345                 0     0.54479662142       50.57624975
    "BPM.34R8.B1"    "BPMYB.5L2.B1"       21850.25001            28.288                 1    0.687931359013                 0     0.68094493142       50.71239806
    "BPM.33L1.B1"    "BPMYB.5L2.B1"       21903.69852            28.288                 1    0.799718037145                 0     0.79477859142       50.82623172
    "BPM.32L1.B1"    "BPMYB.5L2.B1"       21957.14704            28.288                 1    0.933241499176                 0     0.93092602142       50.96237915
    "BPM.31L1.B1"    "BPMYB.5L2.B1"       22010.59556            28.288                 1   0.0486763332633                 0     0.04476057142        51.0762137
    "BPM.30L1.B1"    "BPMYB.5L2.B1"       22064.04407            28.288                 1    0.182575285897                 0     0.18090887142         51.212362
    "BPM.29L1.B1"    "BPMYB.5L2.B1"       22117.49259            28.288                 1      0.2951941308                 0     0.29474253142       51.32619566
    "BPM.28L1.B1"    "BPMYB.5L2.B1"        22170.9411            28.288                 1    0.435309999164                 0     0.43088997142        51.4623431
    "BPM.27L1.B1"    "BPMYB.5L2.B1"       22224.38962            28.288                 1    0.547554481767                 0     0.54472452142       51.57617765
    "BPM.26L1.B1"    "BPMYB.5L2.B1"       22277.83814            28.288                 1    0.682614027068                 0     0.68087282142       51.71232595
    "BPM.25L1.B1"    "BPMYB.5L2.B1"       22331.28665            28.288                 1    0.798661671683                 0     0.79470648142       51.82615961
    "BPM.24L1.B1"    "BPMYB.5L2.B1"       22384.73517            28.288                 1    0.930759874693                 0     0.93085391142       51.96230704
    "BPM.23L1.B1"    "BPMYB.5L2.B1"       22438.18368            28.288                 1   0.0421500851168                 0     0.04468846142       52.07614159
    "BPM.22L1.B1"    "BPMYB.5L2.B1"        22491.6322            28.288                 1    0.179088173318                 0     0.18083677142        52.2122899
    "BPM.21L1.B1"    "BPMYB.5L2.B1"       22545.08071            28.288                 1    0.294572301433                 0     0.29467043142       52.32612356
    "BPM.20L1.B1"    "BPMYB.5L2.B1"       22598.52923            28.288                 1    0.428649689729                 0     0.43081905142       52.46227218
    "BPM.19L1.B1"    "BPMYB.5L2.B1"       22651.97775            28.288                 1    0.541001446727                 0     0.54465459142       52.57610772
    "BPM.18L1.B1"    "BPMYB.5L2.B1"       22705.42626            28.288                 1    0.679432098289                 0     0.68080290142       52.71225603
    "BPM.17L1.B1"    "BPMYB.5L2.B1"       22758.87478            28.288                 1    0.791202961364                 0     0.79463656142       52.82608969
    "BPM.16L1.B1"    "BPMYB.5L2.B1"       22812.32329            28.288                 1    0.930819266603                 0     0.93078518142       52.96223831
    "BPM.15L1.B1"    "BPMYB.5L2.B1"       22865.77181            28.288                 1   0.0453296196636                 0     0.04462072142       53.07607385
    "BPM.14L1.B1"    "BPMYB.5L2.B1"       22919.22033            28.288                 1    0.178950323562                 0     0.18076903142       53.21222216
    "BPM.13L1.B1"    "BPMYB.5L2.B1"       22972.66884            28.288                 1    0.295377289801                 0     0.29460269142       53.32605582
    "BPM.12L1.B1"    "BPMYB.5L2.B1"       23026.11736            28.288                 1    0.430718993849                 0     0.43258751142       53.46404064
    "BPM.11L1.B1"    "BPMYB.5L2.B1"       23079.56587            28.288                 1    0.538125817011                 0     0.54031142142       53.57176455
     "BPM.9L1.B1"    "BPMYB.5L2.B1"        23171.4116            28.288                 1    0.777240577184                 0     0.77939168142       53.81084481
    "BPMR.7L1.B1"    "BPMYB.5L2.B1"       23250.94062            28.288                 1   0.0601871096455                 0     0.06259315142       54.09404628
    "BPMR.5L1.B1"    "BPMYB.5L2.B1"       23326.02462            28.288                 1    0.284178829826                 0     0.18588965142       54.21734278
   "BPMYA.4L1.B1"    "BPMYB.5L2.B1"       23347.14262            28.288                 1    0.180131279344                 0     0.19027351142       54.22172664
   "BPMWB.4L1.B1"    "BPMYB.5L2.B1"       23368.27512            28.288                 1    0.182822565197                 0     0.19307592142       54.22452905
   "BPMSY.4L1.B1"    "BPMYB.5L2.B1"       23461.05512            28.288                 1    0.190539675781                 0     0.20124528142       54.23269841
    "BPMS.2L1.B1"    "BPMYB.5L2.B1"       23487.84062            28.288                 1    0.192509208405                 0     0.20238739142       54.23384052
   "BPMSW.1L1.B1"    "BPMYB.5L2.B1"       23497.79062            28.288                 1    0.192610052156                 0     0.20322197142        54.2346751
   "BPMSW.1R1.B1"    "BPMYB.5L2.B1"       23540.93362            28.288                 1    0.687226684732                 0     0.69732024142       54.72877337
    "BPMS.2R1.B1"    "BPMYB.5L2.B1"       23550.89862            28.288                 1    0.687839395739                 0     0.69839516142       54.72984829
   "BPMSY.4R1.B1"    "BPMYB.5L2.B1"       23577.68412            28.288                 1    0.689691633206                 0     0.70005218142       54.73150531
   "BPMWB.4R1.B1"    "BPMYB.5L2.B1"       23670.46412            28.288                 1    0.696600102416                 0     0.70724943142       54.73870256
   "BPMYA.4R1.B1"    "BPMYB.5L2.B1"       23691.59662            28.288                 1    0.703788561184                 0     0.71348563142       54.74493876
     "BPM.5R1.B1"    "BPMYB.5L2.B1"       23719.00462            28.288                 1    0.719208623238                 0     0.73398445142       54.76543758
    "BPMR.6R1.B1"    "BPMYB.5L2.B1"       23750.90462            28.288                 1   0.0207913605908                 0     0.01325649142       55.04470962
   "BPMSX.7R1.B1"    "BPMYB.5L2.B1"       23757.12012            28.288                 1   0.0849539677711                 0     0.09007527142        55.1215284
     "BPM.8R1.B1"    "BPMYB.5L2.B1"       23820.06761            28.288                 1    0.255376688081                 0     0.27133597142        55.3027891
     "BPM.9R1.B1"    "BPMYB.5L2.B1"        23859.1346            28.288                 1    0.469999957556                 0     0.47402156142       55.50547469
    "BPM.10R1.B1"    "BPMYB.5L2.B1"       23899.59958            28.288                 1    0.560169107103                 0     0.56590483142       55.59735796
    "BPM.11R1.B1"    "BPMYB.5L2.B1"       23952.38227            28.288                 1    0.683290510849                 0     0.68722074142       55.71867387
    "BPM.12R1.B1"    "BPMYB.5L2.B1"       24007.10876            28.288                 1    0.795168219225                 0     0.79904866142       55.83050179
    "BPM.13R1.B1"    "BPMYB.5L2.B1"       24060.56024            28.288                 1    0.925807017426                 0     0.93177806142       55.96323119
    "BPM.14R1.B1"    "BPMYB.5L2.B1"       24114.01173            28.288                 1   0.0387619595306                 0     0.04562022142       56.07707335
    "BPM.15R1.B1"    "BPMYB.5L2.B1"       24167.46321            28.288                 1    0.178782408372                 0     0.18178002142       56.21323315
    "BPM.16R1.B1"    "BPMYB.5L2.B1"       24220.91469            28.288                 1    0.292014163457                 0     0.29562423142       56.32707736
    "BPM.17R1.B1"    "BPMYB.5L2.B1"       24274.36618            28.288                 1    0.428900973641                 0     0.43178448142       56.46323761
    "BPM.18R1.B1"    "BPMYB.5L2.B1"       24327.81766            28.288                 1     0.54225025206                 0     0.54562675142       56.57707988
    "BPM.19R1.B1"    "BPMYB.5L2.B1"       24381.26915            28.288                 1    0.680466087311                 0     0.68178655142       56.71323968
    "BPM.20R1.B1"    "BPMYB.5L2.B1"       24434.72063            28.288                 1    0.792648055064                 0     0.79563077142        56.8270839
    "BPM.21R1.B1"    "BPMYB.5L2.B1"       24488.17211            28.288                 1    0.932119834715                 0     0.93179102142       56.96324415
    "BPM.22R1.B1"    "BPMYB.5L2.B1"        24541.6236            28.288                 1   0.0407943545363                 0     0.04563329142       57.07708642
    "BPM.23R1.B1"    "BPMYB.5L2.B1"       24595.07508            28.288                 1    0.182446472457                 0     0.18179190142       57.21324503
    "BPM.24R1.B1"    "BPMYB.5L2.B1"       24648.52657            28.288                 1    0.299460518504                 0     0.29563327142        57.3270864
    "BPM.25R1.B1"    "BPMYB.5L2.B1"       24701.97805            28.288                 1    0.433549114526                 0     0.43179102142       57.46324415
    "BPM.26R1.B1"    "BPMYB.5L2.B1"       24755.42954            28.288                 1    0.548215911897                 0     0.54563329142       57.57708642
    "BPM.27R1.B1"    "BPMYB.5L2.B1"       24808.88102            28.288                 1    0.682804622929                 0     0.68179190142       57.71324503
    "BPM.28R1.B1"    "BPMYB.5L2.B1"        24862.3325            28.288                 1    0.797556902804                 0     0.79563327142        57.8270864
    "BPM.29R1.B1"    "BPMYB.5L2.B1"       24915.78399            28.288                 1    0.937560757253                 0     0.93179102142       57.96324415
    "BPM.30R1.B1"    "BPMYB.5L2.B1"       24969.23547            28.288                 1   0.0510990969903                 0     0.04563329142       58.07708642
    "BPM.31R1.B1"    "BPMYB.5L2.B1"       25022.68696            28.288                 1    0.181299735602                 0     0.18179190142       58.21324503
    "BPM.33L2.B1"    "BPMYB.5L2.B1"       25236.49289            28.288                 1    0.682773540595                 0     0.68179190142       58.71324503
    "BPM.32L2.B1"    "BPMYB.5L2.B1"       25289.94438            28.288                 1    0.799874253972                 0     0.79563327142        58.8270864
    "BPM.31L2.B1"    "BPMYB.5L2.B1"       25343.39586            28.288                 1    0.938338036447                 0     0.93179102142       58.96324415
    "BPM.30L2.B1"    "BPMYB.5L2.B1"       25396.84734            28.288                 1   0.0481940831329                 0     0.04563329142       59.07708642
    "BPM.29L2.B1"    "BPMYB.5L2.B1"       25450.29883            28.288                 1    0.180724515478                 0     0.18179190142       59.21324503
    "BPM.28L2.B1"    "BPMYB.5L2.B1"       25503.75031            28.288                 1     0.29662469861                 0     0.29563327142        59.3270864
    "BPM.27L2.B1"    "BPMYB.5L2.B1"        25557.2018            28.288                 1    0.436288325318                 0     0.43179102142       59.46324415
    "BPM.26L2.B1"    "BPMYB.5L2.B1"       25610.65328            28.288                 1    0.549836413282                 0     0.54563329142       59.57708642
    "BPM.25L2.B1"    "BPMYB.5L2.B1"       25664.10477            28.288                 1    0.681001053309                 0     0.68179190142       59.71324503
    "BPM.24L2.B1"    "BPMYB.5L2.B1"       25717.55625            28.288                 1    0.798129741367                 0     0.79563327142        59.8270864
    "BPM.23L2.B1"    "BPMYB.5L2.B1"       25771.00773            28.288                 1     0.93988893249                 0     0.93179102142       59.96324415
    "BPM.22L2.B1"    "BPMYB.5L2.B1"       25824.45922            28.288                 1   0.0467875563325                 0     0.04563329142       60.07708642
    "BPM.21L2.B1"    "BPMYB.5L2.B1"        25877.9107            28.288                 1     0.18358708175                 0     0.18179190142       60.21324503
    "BPM.20L2.B1"    "BPMYB.5L2.B1"       25931.36219            28.288                 1    0.300059942883                 0     0.29563512142       60.32708825
    "BPM.17L2.B1"    "BPMYB.5L2.B1"       26091.71664            28.288                 1    0.683058736881                 0     0.68179843142       60.71325156
    "BPM.16L2.B1"    "BPMYB.5L2.B1"       26145.16812            28.288                 1    0.799687276196                 0     0.79564166142       60.82709479
    "BPM.15L2.B1"    "BPMYB.5L2.B1"       26198.61961            28.288                 1    0.941360659571                 0     0.93180310142       60.96325623
    "BPM.14L2.B1"    "BPMYB.5L2.B1"       26252.07109            28.288                 1   0.0531470339286                 0     0.04564636142       61.07709949
    "BPM.13L2.B1"    "BPMYB.5L2.B1"       26305.52257            28.288                 1    0.185696928684                 0     0.18180497142        61.2132581
    "BPM.12L2.B1"    "BPMYB.5L2.B1"       26358.97406            28.288                 1    0.312644628158                 0     0.30000580142       61.33145893
    "BPM.11L2.B1"    "BPMYB.5L2.B1"       26412.42554            28.288                 1     0.45178888555                 0     0.44042390142       61.47187703
    "BPM.10L2.B1"    "BPMYB.5L2.B1"       26464.26623            28.288                 1    0.557368362186                 0     0.55172562142       61.58317875
     "BPM.9L2.B1"    "BPMYB.5L2.B1"       26503.33322            28.288                 1    0.676920308283                 0     0.67417805142       61.70563118
     "BPM.8L2.B1"    "BPMYB.5L2.B1"       26543.79821            28.288                 1    0.818694724446                 0     0.81314455142       61.84459768
     "BPM.7L2.B1"    "BPMYB.5L2.B1"        26582.8662            28.288                 1   0.0014836463287                 0     0.99502544142       62.02647857
    "BPMR.6L2.B1"    "BPMYB.5L2.B1"        26614.9722            28.288                 1   0.0982610641282                 0     0.09333664142       62.12478977