@ GetLLMVersion %s "V3.0.0 Dev"
@ Command %s "/afs/cern.ch/work/o/omc/anaconda/bin/python '/afs/cern.ch/work/e/efol/public/Beta-Beat.src/GetLLM/GetLLM.py' '--accel=LHCB1' '--model=/afs/cern.ch/work/e/efol/public/betabeatGui/temp/2017-12-20/models/LHCB1/Multiturn-model_40cm_2041/twiss.dat' '--files=/afs/cern.ch/work/e/efol/public/betabeatGui/temp/2017-12-20/LHCB1/Measurements/Beam1@Turn@2017_09_11@19_02_33_250_addDbscan/Beam1@Turn@2017_09_11@19_02_33_250_addDbscan.sdds' '--output=/afs/cern.ch/work/e/efol/public/betabeatGui/temp/2017-12-20/LHCB1/Results/40cm_dbscan_after_holeInOneCleaning' '--tbtana=SUSSIX' '--bpmu=mm' '--lhcphase=1' '--errordefs=/afs/cern.ch/work/e/efol/public/betabeatGui/temp/2017-12-20/models/LHCB1/Multiturn-model_40cm_2041/error_deff.txt'"
@ CWD %s "/home/efol/Workspaces/Accsoft-Eclipse-Pro/lhc-app-beta-beating"
@ Date %s "21. December 2017, 14:03:12"
@ Q1 %le 0.29985339184
@ MUX %le 0.0
@ Q2 %le 0.331421650825
@ MUY %le 0.0
@ FILES %s "/afs/cern.ch/work/e/efol/public/betabeatGui/temp/2017-12-20/LHCB1/Measurements/Beam1@Turn@2017_09_11@19_02_33_250_addDbscan/Beam1@Turn@2017_09_11@19_02_33_250_addDbscan.sdds.linx"
*            NAME             NAME2                 S                S1             COUNT            PHASEX            STDPHX            PHXMDL            MUXMDL
$              %s                %s               %le               %le               %le               %le               %le               %le               %le
   "BPMYB.5L2.B1"    "BPMYB.5L2.B1"            28.288            28.288                 1               0.0                 0               0.0      0.0307105773
   "BPMYB.4L2.B1"    "BPMYB.5L2.B1"            48.858            28.288                 1     0.02750854823                 0     0.02706012988     0.05777070718
   "BPMWI.4L2.B1"    "BPMYB.5L2.B1"           73.3255            28.288                 1    0.078419656435                 0      0.0799524483      0.1106630256
   "BPMSX.4L2.B1"    "BPMYB.5L2.B1"          123.4825            28.288                 1    0.159215938181                 0      0.1534107169      0.1841212942
    "BPMS.2L2.B1"    "BPMYB.5L2.B1"           161.394            28.288                 1    0.210296807667                 0      0.2068480051      0.2375585824
   "BPMSW.1L2.B1"    "BPMYB.5L2.B1"           171.328            28.288                 1    0.238247305718                 0      0.2311993172      0.2619098945
   "BPMSW.1R2.B1"    "BPMYB.5L2.B1"           214.518            28.288                 1     0.58721665055                 0       0.585052202      0.6157627793
    "BPMS.2R2.B1"    "BPMYB.5L2.B1"           224.452            28.288                 1    0.610837222201                 0       0.604033998      0.6347445753
   "BPMSX.4R2.B1"    "BPMYB.5L2.B1"          262.3635            28.288                 1    0.651537636201                 0      0.6504846596      0.6811952369
   "BPMWB.4R2.B1"    "BPMYB.5L2.B1"          312.5965            28.288                 1    0.742012321024                 0      0.7362458313      0.7669564086
   "BPMYB.4R2.B1"    "BPMYB.5L2.B1"           336.988            28.288                 1    0.777063855024                 0       0.771508659      0.8022192363
     "BPM.6R2.B1"    "BPMYB.5L2.B1"           439.818            28.288                 1   0.0055890318883                 0      0.0045901267       1.035300704
   "BPM_A.7R2.B1"    "BPMYB.5L2.B1"           452.693            28.288                 1   0.0240871540863                 0      0.0210785977       1.051789175
     "BPM.8R2.B1"    "BPMYB.5L2.B1"       494.1300106            28.288                 1    0.111130648008                 0      0.1063328637       1.137043441
     "BPM.9R2.B1"    "BPMYB.5L2.B1"       533.1950212            28.288                 1    0.276177302761                 0      0.2719032717       1.302613849
    "BPM.10R2.B1"    "BPMYB.5L2.B1"       573.6580318            28.288                 1    0.432428644107                 0      0.4314242647       1.462134842
    "BPM.11R2.B1"    "BPMYB.5L2.B1"       625.4967424            28.288                 1    0.536514203772                 0      0.5353501187       1.566060696
    "BPM.14R2.B1"    "BPMYB.5L2.B1"       787.1172901            28.288                 1    0.931511532753                 0      0.9316217277       1.962332305
    "BPM.15R2.B1"    "BPMYB.5L2.B1"        840.565806            28.288                 1    0.046602551912                 0      0.0414889547       2.072199532
    "BPM.16R2.B1"    "BPMYB.5L2.B1"       894.0143219            28.288                 1    0.188673102413                 0      0.1836870517       2.214397629
    "BPM.17R2.B1"    "BPMYB.5L2.B1"       947.4628378            28.288                 1    0.306691021336                 0      0.3017359157       2.332446493
    "BPM.18R2.B1"    "BPMYB.5L2.B1"       1000.911354            28.288                 1    0.435344787615                 0      0.4318864117       2.462596989
    "BPM.19R2.B1"    "BPMYB.5L2.B1"        1054.35987            28.288                 1    0.546674476359                 0      0.5417711117       2.572481689
    "BPM.20R2.B1"    "BPMYB.5L2.B1"       1107.808386            28.288                 1     0.69219745355                 0      0.6839869467       2.714697524
    "BPM.21R2.B1"    "BPMYB.5L2.B1"       1161.256901            28.288                 1    0.808789416583                 0      0.8020161227         2.8327267
    "BPM.22R2.B1"    "BPMYB.5L2.B1"       1214.705417            28.288                 1    0.936082479013                 0      0.9321511057       2.962861683
    "BPM.23R2.B1"    "BPMYB.5L2.B1"       1268.153933            28.288                 1   0.0489288606806                 0      0.0450265007       3.075737078
    "BPM.24R2.B1"    "BPMYB.5L2.B1"       1321.602449            28.288                 1    0.197405555965                 0      0.1906235697       3.221334147
    "BPM.26R2.B1"    "BPMYB.5L2.B1"       1428.499481            28.288                 1    0.441180534883                 0      0.4374165487       3.468127126
    "BPM.27R2.B1"    "BPMYB.5L2.B1"       1481.947997            28.288                 1    0.557785117575                 0      0.5507541347       3.581464712
    "BPM.28R2.B1"    "BPMYB.5L2.B1"       1535.396513            28.288                 1    0.701616618013                 0      0.6965027147       3.727213292
    "BPM.29R2.B1"    "BPMYB.5L2.B1"       1588.845029            28.288                 1    0.818105391108                 0      0.8128173897       3.843527967
    "BPM.30R2.B1"    "BPMYB.5L2.B1"       1642.293545            28.288                 1    0.945272181011                 0      0.9426954877       3.973406065
    "BPM.33R2.B1"    "BPMYB.5L2.B1"       1802.639092            28.288                 1    0.321071555377                 0      0.3181856247       4.348896202
    "BPM.34R2.B1"    "BPMYB.5L2.B1"       1856.087608            28.288                 1    0.449906061184                 0      0.4479893027        4.47869988
    "BPM.33L3.B1"    "BPMYB.5L2.B1"       1909.536124            28.288                 1    0.564735726032                 0      0.5622818077       4.592992385
    "BPM.32L3.B1"    "BPMYB.5L2.B1"        1962.98464            28.288                 1    0.712238336442                 0      0.7082069117       4.738917489
    "BPM.31L3.B1"    "BPMYB.5L2.B1"       2016.433156            28.288                 1    0.825240053068                 0      0.8235339107       4.854244488
    "BPM.30L3.B1"    "BPMYB.5L2.B1"       2069.881672            28.288                 1    0.955855534755                 0      0.9532993227         4.9840099
    "BPM.29L3.B1"    "BPMYB.5L2.B1"       2123.330188            28.288                 1   0.0693396631201                 0      0.0680801537       5.098790731
    "BPM.28L3.B1"    "BPMYB.5L2.B1"       2176.778704            28.288                 1    0.214967851696                 0      0.2140291877       5.244739765
    "BPM.27L3.B1"    "BPMYB.5L2.B1"        2230.22722            28.288                 1    0.328816928927                 0      0.3288633817       5.359573959
    "BPM.26L3.B1"    "BPMYB.5L2.B1"       2283.675735            28.288                 1    0.457659455332                 0      0.4586268207       5.489337398
    "BPM.25L3.B1"    "BPMYB.5L2.B1"       2337.124251            28.288                 1    0.574300470768                 0      0.5739001457       5.604610723
    "BPM.24L3.B1"    "BPMYB.5L2.B1"       2390.572767            28.288                 1    0.717394733259                 0      0.7198299387       5.750540516
    "BPM.23L3.B1"    "BPMYB.5L2.B1"       2444.021283            28.288                 1     0.83128337764                 0      0.8341752407       5.864885818
    "BPM.22L3.B1"    "BPMYB.5L2.B1"       2497.469799            28.288                 1    0.961098806751                 0      0.9639730057       5.994683583
    "BPM.21L3.B1"    "BPMYB.5L2.B1"       2550.918315            28.288                 1   0.0755459588665                 0      0.0797405997       6.110451177
    "BPM.20L3.B1"    "BPMYB.5L2.B1"       2604.366831            28.288                 1    0.222998358834                 0      0.2264825107       6.257193088
    "BPM.19L3.B1"    "BPMYB.5L2.B1"       2657.815347            28.288                 1    0.336496112016                 0      0.3381502227         6.3688608
    "BPM.18L3.B1"    "BPMYB.5L2.B1"       2711.263863            28.288                 1    0.462218694517                 0      0.4642426367       6.494953214
    "BPM.17L3.B1"    "BPMYB.5L2.B1"       2764.712379            28.288                 1    0.580420254832                 0      0.5800427727        6.61075335
    "BPM.16L3.B1"    "BPMYB.5L2.B1"       2818.160894            28.288                 1    0.725275610291                 0      0.7267752727        6.75748585
    "BPM.13L3.B1"    "BPMYB.5L2.B1"       2978.506442            28.288                 1   0.0830394020736                 0      0.0803450047       7.111055582
    "BPM.12L3.B1"    "BPMYB.5L2.B1"       3031.954958            28.288                 1    0.225310812555                 0      0.2255930557       7.256303633
    "BPM.11L3.B1"    "BPMYB.5L2.B1"       3085.403474            28.288                 1    0.351865180147                 0      0.3502002697       7.380910847
    "BPM.10L3.B1"    "BPMYB.5L2.B1"       3138.184185            28.288                 1    0.492471850316                 0      0.4914641407       7.522174718
     "BPM.9L3.B1"    "BPMYB.5L2.B1"       3177.249195            28.288                 1    0.554673719182                 0      0.5528121917       7.583522769
     "BPM.8L3.B1"    "BPMYB.5L2.B1"       3217.712206            28.288                 1    0.634155147324                 0      0.6337067777       7.664417355
     "BPM.7L3.B1"    "BPMYB.5L2.B1"       3256.776216            28.288                 1    0.694108994169                 0      0.6964560547       7.727166632
     "BPM.6L3.B1"    "BPMYB.5L2.B1"       3329.415216            28.288                 1    0.810319672831                 0      0.8099136467       7.840624224
  "BPMWG.A5L3.B1"    "BPMYB.5L2.B1"       3371.119716            28.288                 1    0.863975549344                 0      0.8642155927        7.89492617
    "BPMW.5L3.B1"    "BPMYB.5L2.B1"       3400.089716            28.288                 1    0.947225606381                 0      0.9424662427        7.97317682
   "BPMWE.4L3.B1"    "BPMYB.5L2.B1"       3475.217716            28.288                 1   0.0462860739468                 0      0.0441729547       8.074883532
    "BPMW.4L3.B1"    "BPMYB.5L2.B1"       3502.762716            28.288                 1   0.0666953359527                 0      0.0598495627        8.09056014
    "BPMW.4R3.B1"    "BPMYB.5L2.B1"       3547.727716            28.288                 1    0.137675729062                 0      0.1339873337       8.164697911
   "BPMWE.4R3.B1"    "BPMYB.5L2.B1"       3575.272716            28.288                 1    0.280115990645                 0      0.2872832897       8.317993867
    "BPMW.5R3.B1"    "BPMYB.5L2.B1"       3650.400716            28.288                 1    0.412536443115                 0      0.4103376627        8.44104824
  "BPMWJ.A5R3.B1"    "BPMYB.5L2.B1"       3679.118716            28.288                 1    0.422606456331                 0      0.4221900447       8.452900622
   "BPMWC.6R3.B1"    "BPMYB.5L2.B1"       3718.936716            28.288                 1    0.467635013949                 0      0.4657919717       8.496502549
    "BPMR.6R3.B1"    "BPMYB.5L2.B1"       3731.015216            28.288                 1     0.50747797104                 0      0.5049815287       8.535692106
     "BPM.8R3.B1"    "BPMYB.5L2.B1"       3825.903227            28.288                 1    0.811690168153                 0      0.8142083777       8.844918955
     "BPM.9R3.B1"    "BPMYB.5L2.B1"       3864.968238            28.288                 1    0.914156519349                 0      0.9124357117       8.943146289
    "BPM.10R3.B1"    "BPMYB.5L2.B1"       3905.431248            28.288                 1    0.987286461672                 0      0.9836687397       9.014379317
    "BPM.11R3.B1"    "BPMYB.5L2.B1"       3958.211959            28.288                 1   0.0827228656543                 0      0.0779467287       9.108657306
    "BPM.12R3.B1"    "BPMYB.5L2.B1"       4012.935475            28.288                 1    0.188551278154                 0      0.1851465347       9.215857112
    "BPM.13R3.B1"    "BPMYB.5L2.B1"       4066.383991            28.288                 1    0.300151352171                 0      0.3040594587       9.334770036
    "BPM.14R3.B1"    "BPMYB.5L2.B1"       4119.832506            28.288                 1    0.411237756609                 0      0.4128812147       9.443591792
    "BPM.17R3.B1"    "BPMYB.5L2.B1"       4280.178054            28.288                 1    0.783242889004                 0      0.8043311517       9.835041729
    "BPM.18R3.B1"    "BPMYB.5L2.B1"        4333.62657            28.288                 1    0.914028537022                 0      0.9131510557       9.943861633
    "BPM.19R3.B1"    "BPMYB.5L2.B1"       4387.075086            28.288                 1    0.051638089567                 0      0.0483364727       10.07904705
    "BPM.22R3.B1"    "BPMYB.5L2.B1"       4547.420634            28.288                 1    0.415632021271                 0      0.4134209227        10.4441315
    "BPM.25R3.B1"    "BPMYB.5L2.B1"       4707.766181            28.288                 1    0.808457454444                 0      0.8100039327       10.84071451
    "BPM.27R3.B1"    "BPMYB.5L2.B1"       4814.663213            28.288                 1   0.0595489655544                 0      0.0534980027       11.08420858
    "BPM.28R3.B1"    "BPMYB.5L2.B1"       4868.111729            28.288                 1    0.176744551059                 0      0.1754213127       11.20613189
    "BPM.30R3.B1"    "BPMYB.5L2.B1"       4975.008761            28.288                 1    0.426689624375                 0      0.4238874327       11.45459801
    "BPM.31R3.B1"    "BPMYB.5L2.B1"       5028.457277            28.288                 1     0.56336421519                 0      0.5592614027       11.58997198
    "BPM.32R3.B1"    "BPMYB.5L2.B1"       5081.905793            28.288                 1    0.681284051835                 0      0.6813381627       11.71204874
    "BPM.33R3.B1"    "BPMYB.5L2.B1"       5135.354309            28.288                 1    0.818735044553                 0      0.8207416127       11.85145219
    "BPM.34R3.B1"    "BPMYB.5L2.B1"       5188.802825            28.288                 1    0.926376396493                 0      0.9291345527       11.95984513
    "BPM.33L4.B1"    "BPMYB.5L2.B1"        5242.25134            28.288                 1   0.0679453007929                 0      0.0650480027       12.09575858
    "BPM.32L4.B1"    "BPMYB.5L2.B1"       5295.699856            28.288                 1    0.189418258622                 0      0.1872417027       12.21795228
    "BPM.31L4.B1"    "BPMYB.5L2.B1"       5349.148372            28.288                 1    0.323563774226                 0      0.3260807727       12.35679135
    "BPM.30L4.B1"    "BPMYB.5L2.B1"       5402.596888            28.288                 1    0.437391069639                 0      0.4343929027       12.46510348
    "BPM.29L4.B1"    "BPMYB.5L2.B1"       5456.045404            28.288                 1    0.573664586207                 0      0.5708568127       12.60156739
    "BPM.28L4.B1"    "BPMYB.5L2.B1"        5509.49392            28.288                 1    0.691968769008                 0      0.6931302027       12.72384078
    "BPM.27L4.B1"    "BPMYB.5L2.B1"       5562.942436            28.288                 1    0.829303605105                 0      0.8314016927       12.86211227
    "BPM.26L4.B1"    "BPMYB.5L2.B1"       5616.390952            28.288                 1     0.93964254928                 0      0.9396639427       12.97037452
    "BPM.25L4.B1"    "BPMYB.5L2.B1"       5669.839468            28.288                 1   0.0776860935832                 0      0.0766867227        13.1073973
    "BPM.24L4.B1"    "BPMYB.5L2.B1"       5723.287984            28.288                 1    0.196797749093                 0      0.1990020327       13.22971261
    "BPM.23L4.B1"    "BPMYB.5L2.B1"         5776.7365            28.288                 1    0.335084364884                 0      0.3367056027       13.36741618
    "BPM.22L4.B1"    "BPMYB.5L2.B1"       5830.185015            28.288                 1    0.446091357706                 0      0.4449490727       13.47565965
    "BPM.21L4.B1"    "BPMYB.5L2.B1"       5883.633531            28.288                 1    0.582046977091                 0      0.5825364827       13.61324706
    "BPM.20L4.B1"    "BPMYB.5L2.B1"       5937.082047            28.288                 1    0.701340585249                 0      0.7018093627       13.73251994
    "BPM.19L4.B1"    "BPMYB.5L2.B1"       5990.530563            28.288                 1     0.83771534439                 0      0.8363093727       13.86701995
    "BPM.18L4.B1"    "BPMYB.5L2.B1"       6043.979079            28.288                 1    0.947723289752                 0      0.9452217827       13.97593236
    "BPM.17L4.B1"    "BPMYB.5L2.B1"       6097.427595            28.288                 1    0.083445014552                 0      0.0828313927       14.11354197
    "BPM.16L4.B1"    "BPMYB.5L2.B1"       6150.876111            28.288                 1    0.203795745201                 0      0.2020991227        14.2328097
    "BPM.15L4.B1"    "BPMYB.5L2.B1"       6204.324627            28.288                 1    0.339089618602                 0      0.3365784227         14.367289
    "BPM.14L4.B1"    "BPMYB.5L2.B1"       6257.773143            28.288                 1    0.449343885582                 0      0.4454953027       14.47620588
    "BPM.13L4.B1"    "BPMYB.5L2.B1"       6311.221659            28.288                 1    0.587637744227                 0      0.5831263327       14.61383691
    "BPM.12L4.B1"    "BPMYB.5L2.B1"       6364.670174            28.288                 1      0.7057258537                 0      0.7042427327       14.73495331
    "BPM.11L4.B1"    "BPMYB.5L2.B1"        6418.11869            28.288                 1    0.841865075031                 0      0.8418959027       14.87260648
    "BPM.10L4.B1"    "BPMYB.5L2.B1"       6469.957401            28.288                 1    0.952555897978                 0      0.9513244027       14.98203498
     "BPM.9L4.B1"    "BPMYB.5L2.B1"       6509.022412            28.288                 1   0.0807540448662                 0      0.0774446927       15.10815527
     "BPM.8L4.B1"    "BPMYB.5L2.B1"       6549.485422            28.288                 1    0.212922717905                 0      0.2164409127       15.24715149
     "BPM.7L4.B1"    "BPMYB.5L2.B1"       6588.549433            28.288                 1    0.377411132635                 0      0.3878337227        15.4185443
   "BPMYB.6L4.B1"    "BPMYB.5L2.B1"       6685.153433            28.288                 1    0.524752150302                 0      0.5223243327       15.55303491
   "BPMYA.5L4.B1"    "BPMYB.5L2.B1"       6722.153433            28.288                 1    0.551343761898                 0      0.5483317427       15.57904232
  "BPMWI.A5L4.B1"    "BPMYB.5L2.B1"       6798.755933            28.288                 1    0.584625515656                 0      0.5804088127       15.61111939
  "BPMWA.B5L4.B1"    "BPMYB.5L2.B1"       6824.619933            28.288                 1    0.598083898872                 0      0.5941245527       15.62483513
  "BPMWA.A5L4.B1"    "BPMYB.5L2.B1"       6833.504933            28.288                 1    0.604794502189                 0      0.5992103327       15.62992091
  "BPMWA.A5R4.B1"    "BPMYB.5L2.B1"       6881.553933            28.288                 1     0.63610845624                 0      0.6299937427       15.66070432
  "BPMWA.B5R4.B1"    "BPMYB.5L2.B1"       6890.438933            28.288                 1    0.641637566127                 0      0.6362476527       15.66695823
   "BPMYB.5R4.B1"    "BPMYB.5L2.B1"       6992.829433            28.288                 1    0.721287123712                 0      0.7137689927       15.74447957
   "BPMYA.6R4.B1"    "BPMYB.5L2.B1"       7024.393433            28.288                 1    0.736668447854                 0      0.7283219127       15.75903249
     "BPM.7R4.B1"    "BPMYB.5L2.B1"       7120.909433            28.288                 1    0.899627482031                 0      0.8954561127       15.92616669
     "BPM.8R4.B1"    "BPMYB.5L2.B1"       7158.698443            28.288                 1   0.0526936340773                 0      0.0488422727       16.07955285
     "BPM.9R4.B1"    "BPMYB.5L2.B1"       7197.763454            28.288                 1    0.188201995724                 0      0.1807724527       16.21148303
    "BPM.10R4.B1"    "BPMYB.5L2.B1"       7238.226465            28.288                 1    0.342717898332                 0      0.3403756527       16.37108623
    "BPM.11R4.B1"    "BPMYB.5L2.B1"       7290.065175            28.288                 1    0.457120433207                 0      0.4575961927       16.48830677
    "BPM.12R4.B1"    "BPMYB.5L2.B1"       7344.788691            28.288                 1    0.596048400563                 0      0.5972110127       16.62792159
    "BPM.13R4.B1"    "BPMYB.5L2.B1"       7398.237207            28.288                 1    0.707072758674                 0      0.7056794427       16.73639002
    "BPM.14R4.B1"    "BPMYB.5L2.B1"       7451.685723            28.288                 1    0.838410618823                 0      0.8377162327       16.86842681
    "BPM.15R4.B1"    "BPMYB.5L2.B1"       7505.134239            28.288                 1    0.954808727679                 0      0.9576693827       16.98837996
    "BPM.16R4.B1"    "BPMYB.5L2.B1"       7558.582755            28.288                 1     0.10075494707                 0      0.0977595627       17.12847014
    "BPM.17R4.B1"    "BPMYB.5L2.B1"       7612.031271            28.288                 1    0.211996439114                 0      0.2056524427       17.23636302
    "BPM.18R4.B1"    "BPMYB.5L2.B1"       7665.479786            28.288                 1    0.343243305968                 0      0.3376861327       17.36839671
    "BPM.19R4.B1"    "BPMYB.5L2.B1"       7718.928302            28.288                 1     0.45986266995                 0      0.4576378627       17.48834844
    "BPM.20R4.B1"    "BPMYB.5L2.B1"       7772.376818            28.288                 1    0.606008554292                 0      0.5977307327       17.62844131
    "BPM.21R4.B1"    "BPMYB.5L2.B1"       7825.825334            28.288                 1    0.714977636017                 0      0.7056248027       17.73633538
    "BPM.22R4.B1"    "BPMYB.5L2.B1"        7879.27385            28.288                 1    0.844994782938                 0      0.8376560327       17.86836661
    "BPM.23R4.B1"    "BPMYB.5L2.B1"       7932.722366            28.288                 1    0.961145366278                 0      0.9576043627       17.98831494
    "BPM.24R4.B1"    "BPMYB.5L2.B1"       7986.170882            28.288                 1     0.10222950418                 0      0.0976964827       18.12840706
    "BPM.25R4.B1"    "BPMYB.5L2.B1"       8039.619398            28.288                 1    0.210913633477                 0      0.2055910427       18.23630162
    "BPM.26R4.B1"    "BPMYB.5L2.B1"       8093.067914            28.288                 1    0.344727889019                 0      0.3376192627       18.36832984
    "BPM.27R4.B1"    "BPMYB.5L2.B1"        8146.51643            28.288                 1    0.461038886402                 0      0.4575658727       18.48827645
    "BPM.28R4.B1"    "BPMYB.5L2.B1"       8199.964946            28.288                 1    0.598411289076                 0      0.5976612727       18.62837185
    "BPM.29R4.B1"    "BPMYB.5L2.B1"       8253.413461            28.288                 1    0.709870104178                 0      0.7055572827       18.73626786
    "BPM.30R4.B1"    "BPMYB.5L2.B1"       8306.861977            28.288                 1    0.838949585749                 0      0.8375825027       18.86829308
    "BPM.31R4.B1"    "BPMYB.5L2.B1"       8360.310493            28.288                 1    0.957929049029                 0      0.9575273727       18.98823795
    "BPM.32R4.B1"    "BPMYB.5L2.B1"       8413.759009            28.288                 1   0.0944234162435                 0      0.0976260527       19.12833663
    "BPM.33R4.B1"    "BPMYB.5L2.B1"       8467.207525            28.288                 1    0.207416196327                 0      0.2055235227        19.2362341
    "BPM.34R4.B1"    "BPMYB.5L2.B1"       8520.656041            28.288                 1    0.340572074403                 0      0.3375457327       19.36825631
    "BPM.33L5.B1"    "BPMYB.5L2.B1"       8574.104557            28.288                 1     0.45638841214                 0      0.4574888727       19.48819945
    "BPM.32L5.B1"    "BPMYB.5L2.B1"       8627.553073            28.288                 1      0.5906974647                 0      0.5975908327       19.62830141
    "BPM.31L5.B1"    "BPMYB.5L2.B1"       8681.001589            28.288                 1    0.705746213144                 0      0.7054897627       19.73620034
    "BPM.30L5.B1"    "BPMYB.5L2.B1"       8734.450105            28.288                 1    0.836647492637                 0      0.8375089727       19.86821955
    "BPM.29L5.B1"    "BPMYB.5L2.B1"        8787.89862            28.288                 1    0.949801111579                 0      0.9574503827       19.98816096
    "BPM.28L5.B1"    "BPMYB.5L2.B1"       8841.347136            28.288                 1   0.0874615907347                 0      0.0975556127       20.12826619
    "BPM.27L5.B1"    "BPMYB.5L2.B1"       8894.795652            28.288                 1    0.199299681179                 0      0.2054560027       20.23616658
    "BPM.24L5.B1"    "BPMYB.5L2.B1"         9055.1412            28.288                 1    0.586637949326                 0      0.5975204027       20.62823098
    "BPM.23L5.B1"    "BPMYB.5L2.B1"       9108.589716            28.288                 1    0.698352457748                 0      0.7054222427       20.73613282
    "BPM.22L5.B1"    "BPMYB.5L2.B1"       9162.038232            28.288                 1    0.833309136891                 0      0.8374354527       20.86814603
    "BPM.21L5.B1"    "BPMYB.5L2.B1"       9215.486748            28.288                 1     0.94817009452                 0      0.9573733827       20.98808396
    "BPM.20L5.B1"    "BPMYB.5L2.B1"       9268.935264            28.288                 1   0.0878794765999                 0      0.0974863427       21.12819692
    "BPM.17L5.B1"    "BPMYB.5L2.B1"       9429.280811            28.288                 1    0.452189900923                 0      0.4573418627       21.48805244
    "BPM.16L5.B1"    "BPMYB.5L2.B1"       9482.729327            28.288                 1    0.591840535016                 0      0.5974575127       21.62816809
    "BPM.15L5.B1"    "BPMYB.5L2.B1"       9536.177843            28.288                 1    0.703749278912                 0      0.7053646227        21.7360752
    "BPM.14L5.B1"    "BPMYB.5L2.B1"       9589.626359            28.288                 1    0.840786525103                 0      0.8373752627       21.86808584
    "BPM.13L5.B1"    "BPMYB.5L2.B1"       9643.074875            28.288                 1    0.944083607782                 0      0.9573103527       21.98802093
    "BPM.12L5.B1"    "BPMYB.5L2.B1"       9696.523391            28.288                 1   0.0952895941685                 0      0.0992212427       22.12993182
    "BPM.11L5.B1"    "BPMYB.5L2.B1"       9749.971907            28.288                 1    0.198901653276                 0      0.2013330227        22.2320436
    "BPM.10L5.B1"    "BPMYB.5L2.B1"       9802.752617            28.288                 1    0.329604076926                 0      0.3282407127       22.35895129
     "BPM.9L5.B1"    "BPMYB.5L2.B1"       9841.817628            28.288                 1    0.441959216956                 0      0.4410545727       22.47176515
     "BPM.8L5.B1"    "BPMYB.5L2.B1"       9882.280639            28.288                 1    0.637662323088                 0      0.6291008627       22.65981144
    "BPMR.5L5.B1"    "BPMYB.5L2.B1"       9990.140649            28.288                 1    0.853147279874                 0      0.8405712527       22.87128183
   "BPMYA.4L5.B1"    "BPMYB.5L2.B1"       10017.54665            28.288                 1    0.859101060377                 0      0.8471020827       22.87781266
   "BPMWB.4L5.B1"    "BPMYB.5L2.B1"       10038.68115            28.288                 1    0.862848347083                 0      0.8499843727       22.88069495
   "BPMSY.4L5.B1"    "BPMYB.5L2.B1"       10131.46115            28.288                 1    0.871646024257                 0      0.8584207427       22.88913132
    "BPMS.2L5.B1"    "BPMYB.5L2.B1"       10158.24665            28.288                 1    0.874104408334                 0      0.8596042527       22.89031483
   "BPMSW.1L5.B1"    "BPMYB.5L2.B1"       10168.21165            28.288                 1    0.872356925876                 0      0.8604718227        22.8911824
   "BPMSW.1R5.B1"    "BPMYB.5L2.B1"       10211.33965            28.288                 1    0.366891944862                 0      0.3543609927       23.38507157
   "BPMWB.4R5.B1"    "BPMYB.5L2.B1"       10340.87015            28.288                 1     0.37792748875                 0      0.3646533127       23.39536389
   "BPMYA.4R5.B1"    "BPMYB.5L2.B1"       10362.00265            28.288                 1    0.383601704815                 0      0.3711541627       23.40186474
     "BPM.5R5.B1"    "BPMYB.5L2.B1"       10383.12065            28.288                 1    0.397498062827                 0      0.3853013327       23.41601191
    "BPMR.6R5.B1"    "BPMYB.5L2.B1"       10415.02065            28.288                 1    0.566778098122                 0      0.5504564227         23.581167
   "BPM_A.7R5.B1"    "BPMYB.5L2.B1"       10449.03465            28.288                 1    0.822573431673                 0      0.8125075027       23.84321808
     "BPM.8R5.B1"    "BPMYB.5L2.B1"       10490.47364            28.288                 1    0.939249022783                 0      0.9324434027       23.96315398
     "BPM.9R5.B1"    "BPMYB.5L2.B1"       10529.54063            28.288                 1     0.13723813149                 0      0.1390624427       24.16977302
    "BPM.10R5.B1"    "BPMYB.5L2.B1"       10570.00562            28.288                 1    0.234017929881                 0      0.2253419627       24.25605254
    "BPM.11R5.B1"    "BPMYB.5L2.B1"       10622.78831            28.288                 1    0.350028723558                 0      0.3439701027       24.37468068
    "BPM.12R5.B1"    "BPMYB.5L2.B1"       10677.51479            28.288                 1    0.463662686021                 0      0.4620558527       24.49276643
    "BPM.13R5.B1"    "BPMYB.5L2.B1"       10730.96627            28.288                 1    0.596524929076                 0      0.5984313427       24.62914192
    "BPM.14R5.B1"    "BPMYB.5L2.B1"       10784.41776            28.288                 1    0.712816419013                 0      0.7063029227        24.7370135
    "BPM.15R5.B1"    "BPMYB.5L2.B1"       10837.86924            28.288                 1    0.843840019704                 0      0.8384064227         24.869117
    "BPM.16R5.B1"    "BPMYB.5L2.B1"       10891.32073            28.288                 1    0.956103294291                 0      0.9584010627       24.98911164
    "BPM.17R5.B1"    "BPMYB.5L2.B1"       10944.77221            28.288                 1   0.0935555884271                 0      0.0984376027       25.12914818
    "BPM.18R5.B1"    "BPMYB.5L2.B1"        10998.2237            28.288                 1    0.208515513749                 0      0.2063090427       25.23701962
    "BPM.19R5.B1"    "BPMYB.5L2.B1"       11051.67518            28.288                 1    0.340604408905                 0      0.3384130927       25.36912367
    "BPM.20R5.B1"    "BPMYB.5L2.B1"       11105.12666            28.288                 1    0.453356238075                 0      0.4584080427       25.48911862
    "BPM.21R5.B1"    "BPMYB.5L2.B1"       11158.57815            28.288                 1    0.592286176678                 0      0.5984439827       25.62915456
    "BPM.22R5.B1"    "BPMYB.5L2.B1"       11212.02963            28.288                 1    0.705123807802                 0      0.7063151627       25.73702574
    "BPM.23R5.B1"    "BPMYB.5L2.B1"       11265.48112            28.288                 1    0.837044375545                 0      0.8384185427       25.86912912
    "BPM.24R5.B1"    "BPMYB.5L2.B1"        11318.9326            28.288                 1    0.954657305921                 0      0.9584107027       25.98912128
    "BPM.25R5.B1"    "BPMYB.5L2.B1"       11372.38408            28.288                 1   0.0937484517255                 0      0.0984439827       26.12915456
    "BPM.26R5.B1"    "BPMYB.5L2.B1"       11425.83557            28.288                 1    0.206226925209                 0      0.2063151627       26.23702574
    "BPM.27R5.B1"    "BPMYB.5L2.B1"       11479.28705            28.288                 1    0.339168339708                 0      0.3384185427       26.36912912
    "BPM.28R5.B1"    "BPMYB.5L2.B1"       11532.73854            28.288                 1    0.454761386437                 0      0.4584107027       26.48912128
    "BPM.29R5.B1"    "BPMYB.5L2.B1"       11586.19002            28.288                 1    0.596191756098                 0      0.5984439827       26.62915456
    "BPM.30R5.B1"    "BPMYB.5L2.B1"        11639.6415            28.288                 1    0.706847271445                 0      0.7063151627       26.73702574
    "BPM.31R5.B1"    "BPMYB.5L2.B1"       11693.09299            28.288                 1    0.839433386413                 0      0.8384185427       26.86912912
    "BPM.32R5.B1"    "BPMYB.5L2.B1"       11746.54447            28.288                 1    0.955918119786                 0      0.9584107027       26.98912128
    "BPM.33R5.B1"    "BPMYB.5L2.B1"       11799.99596            28.288                 1   0.0994731469364                 0      0.0984439827       27.12915456
    "BPM.34R5.B1"    "BPMYB.5L2.B1"       11853.44744            28.288                 1    0.210180421754                 0      0.2063151627       27.23702574
    "BPM.33L6.B1"    "BPMYB.5L2.B1"       11906.89893            28.288                 1    0.338656233196                 0      0.3384185427       27.36912912
    "BPM.30L6.B1"    "BPMYB.5L2.B1"       12067.25338            28.288                 1    0.711968899869                 0      0.7063151627       27.73702574
    "BPM.29L6.B1"    "BPMYB.5L2.B1"       12120.70486            28.288                 1    0.839548088908                 0      0.8384185427       27.86912912
    "BPM.28L6.B1"    "BPMYB.5L2.B1"       12174.15635            28.288                 1    0.955734541164                 0      0.9584107027       27.98912128
    "BPM.27L6.B1"    "BPMYB.5L2.B1"       12227.60783            28.288                 1    0.102087974716                 0      0.0984439827       28.12915456
    "BPM.26L6.B1"    "BPMYB.5L2.B1"       12281.05931            28.288                 1    0.209400629348                 0      0.2063151627       28.23702574
    "BPM.25L6.B1"    "BPMYB.5L2.B1"        12334.5108            28.288                 1     0.33964747426                 0      0.3384185427       28.36912912
    "BPM.22L6.B1"    "BPMYB.5L2.B1"       12494.86525            28.288                 1    0.712141117628                 0      0.7063151627       28.73702574
    "BPM.21L6.B1"    "BPMYB.5L2.B1"       12548.31673            28.288                 1    0.842465385798                 0      0.8384185427       28.86912912
    "BPM.20L6.B1"    "BPMYB.5L2.B1"       12601.76822            28.288                 1    0.954256429371                 0      0.9584126827       28.98912326
    "BPM.19L6.B1"    "BPMYB.5L2.B1"        12655.2197            28.288                 1   0.0943426332226                 0      0.0984494027       29.12915998
    "BPM.18L6.B1"    "BPMYB.5L2.B1"       12708.67119            28.288                 1    0.208882018386                 0      0.2063212827       29.23703186
    "BPM.17L6.B1"    "BPMYB.5L2.B1"       12762.12267            28.288                 1    0.340164206019                 0      0.3384252127       29.36913579
    "BPM.16L6.B1"    "BPMYB.5L2.B1"       12815.57415            28.288                 1    0.446489934235                 0      0.4584196627       29.48913024
    "BPM.15L6.B1"    "BPMYB.5L2.B1"       12869.02564            28.288                 1    0.590648069652                 0      0.5984557827       29.62916636
    "BPM.14L6.B1"    "BPMYB.5L2.B1"       12922.47712            28.288                 1    0.704543208559                 0      0.7063274027       29.73703798
    "BPM.13L6.B1"    "BPMYB.5L2.B1"       12975.92861            28.288                 1    0.836755290583                 0      0.8384318827       29.86914246
    "BPM.12L6.B1"    "BPMYB.5L2.B1"       13029.38009            28.288                 1    0.953214794993                 0      0.9598375527       29.99054813
    "BPM.11L6.B1"    "BPMYB.5L2.B1"       13082.83158            28.288                 1   0.0934015562282                 0      0.0986649827       30.12937556
    "BPM.10L6.B1"    "BPMYB.5L2.B1"       13134.67226            28.288                 1    0.208235595868                 0      0.2084775627       30.23918814
     "BPM.9L6.B1"    "BPMYB.5L2.B1"       13173.73925            28.288                 1    0.324617205496                 0      0.3241228827       30.35483346
     "BPM.8L6.B1"    "BPMYB.5L2.B1"       13214.20424            28.288                 1    0.449542148793                 0      0.4528455827       30.48355616
   "BPMYA.5L6.B1"    "BPMYB.5L2.B1"       13311.29423            28.288                 1     0.70052160083                 0      0.6972924627       30.72800304
   "BPMYB.4L6.B1"    "BPMYB.5L2.B1"       13347.69423            28.288                 1    0.712700365189                 0      0.7115429027       30.74225348
   "BPMSA.4R6.B1"    "BPMYB.5L2.B1"       13568.51473            28.288                 1    0.916405389665                 0      0.9181167327       30.94882731
   "BPMYA.4R6.B1"    "BPMYB.5L2.B1"       13691.29423            28.288                 1     0.97288606268                 0      0.9736890327       31.00439961
   "BPMYB.5R6.B1"    "BPMYB.5L2.B1"       13727.69423            28.288                 1    0.995602196618                 0      0.9959405827       31.02665116
    "BPM.11R6.B1"    "BPMYB.5L2.B1"       13954.79389            28.288                 1    0.718297856502                 0      0.7194695827       31.75018016
    "BPM.12R6.B1"    "BPMYB.5L2.B1"       14009.52037            28.288                 1    0.853170862397                 0      0.8526915427       31.88340212
    "BPM.13R6.B1"    "BPMYB.5L2.B1"       14062.97186            28.288                 1    0.977588276637                 0      0.9751428727       32.00585345
    "BPM.14R6.B1"    "BPMYB.5L2.B1"       14116.42334            28.288                 1    0.116662368959                 0      0.1144265627       32.14513714
    "BPM.20R6.B1"    "BPMYB.5L2.B1"       14437.13225            28.288                 1    0.863709444635                 0      0.8730710727       32.90378165
    "BPM.21R6.B1"    "BPMYB.5L2.B1"       14490.58373            28.288                 1    0.986483489479                 0      0.9939937827       33.02470436
    "BPM.22R6.B1"    "BPMYB.5L2.B1"       14544.03522            28.288                 1    0.125659096075                 0      0.1318994127       33.16260999
    "BPM.23R6.B1"    "BPMYB.5L2.B1"        14597.4867            28.288                 1    0.231296139499                 0      0.2395886627       33.27029924
    "BPM.24R6.B1"    "BPMYB.5L2.B1"       14650.93818            28.288                 1    0.367879184052                 0      0.3762533827       33.40696396
    "BPM.25R6.B1"    "BPMYB.5L2.B1"       14704.38967            28.288                 1    0.489783107939                 0      0.4979286227        33.5286392
    "BPM.26R6.B1"    "BPMYB.5L2.B1"       14757.84115            28.288                 1    0.629041286193                 0      0.6354551327       33.66616571
    "BPM.29R6.B1"    "BPMYB.5L2.B1"        14918.1956            28.288                 1    0.994668070243                 0      0.0018563127       34.03256689
    "BPM.30R6.B1"    "BPMYB.5L2.B1"       14971.64709            28.288                 1    0.133678924314                 0      0.1390036327       34.16971421
    "BPM.31R6.B1"    "BPMYB.5L2.B1"       15025.09857            28.288                 1    0.238526930773                 0      0.2466750727       34.27738565
    "BPM.32R6.B1"    "BPMYB.5L2.B1"       15078.55006            28.288                 1    0.377299934903                 0      0.3840955627       34.41480614
    "BPM.33R6.B1"    "BPMYB.5L2.B1"       15132.00154            28.288                 1    0.498702179726                 0      0.5057755527       34.53648613
    "BPM.34R6.B1"    "BPMYB.5L2.B1"       15185.45302            28.288                 1    0.638765548547                 0      0.6425453127       34.67325589
    "BPM.33L7.B1"    "BPMYB.5L2.B1"       15238.90451            28.288                 1     0.74866734474                 0      0.7502287327       34.78093931
    "BPM.32L7.B1"    "BPMYB.5L2.B1"       15292.35599            28.288                 1    0.882809338406                 0      0.8880290827       34.91873966
    "BPM.31L7.B1"    "BPMYB.5L2.B1"       15345.80748            28.288                 1   0.0060416777809                 0      0.0096859227        35.0403965
    "BPM.30L7.B1"    "BPMYB.5L2.B1"       15399.25896            28.288                 1    0.141437579324                 0      0.1460805827       35.17679116
    "BPM.29L7.B1"    "BPMYB.5L2.B1"       15452.71045            28.288                 1    0.247473323725                 0      0.2537899027       35.28450048
    "BPM.28L7.B1"    "BPMYB.5L2.B1"       15506.16193            28.288                 1    0.389112211274                 0      0.3919703027       35.42268088
    "BPM.27L7.B1"    "BPMYB.5L2.B1"       15559.61341            28.288                 1    0.513083816332                 0      0.5135870427       35.54429762
    "BPM.26L7.B1"    "BPMYB.5L2.B1"        15613.0649            28.288                 1    0.648420303638                 0      0.6496098627       35.68032044
    "BPM.25L7.B1"    "BPMYB.5L2.B1"       15666.51638            28.288                 1    0.754929400101                 0      0.7573589527       35.78806953
    "BPM.24L7.B1"    "BPMYB.5L2.B1"       15719.96787            28.288                 1    0.890940719904                 0      0.8959187427       35.92662932
    "BPM.23L7.B1"    "BPMYB.5L2.B1"       15773.41935            28.288                 1   0.0151423676164                 0      0.0174785427       36.04818912
    "BPM.22L7.B1"    "BPMYB.5L2.B1"       15826.87083            28.288                 1    0.154608464079                 0      0.1531335727       36.18384415
    "BPM.21L7.B1"    "BPMYB.5L2.B1"       15880.32232            28.288                 1    0.258638596915                 0      0.2609362527       36.29164683
    "BPM.20L7.B1"    "BPMYB.5L2.B1"        15933.7738            28.288                 1    0.394747161213                 0      0.3989820927       36.42969267
    "BPM.17L7.B1"    "BPMYB.5L2.B1"       16094.12825            28.288                 1    0.763879064002                 0      0.7694945327       36.80020511
    "BPM.16L7.B1"    "BPMYB.5L2.B1"       16147.57974            28.288                 1    0.901448208185                 0      0.9086011927       36.93931177
    "BPM.15L7.B1"    "BPMYB.5L2.B1"       16201.03122            28.288                 1   0.0277669559952                 0      0.0325025727       37.06321315
    "BPM.14L7.B1"    "BPMYB.5L2.B1"       16254.48271            28.288                 1    0.166260164241                 0      0.1702732127       37.20098379
    "BPM.13L7.B1"    "BPMYB.5L2.B1"       16307.93419            28.288                 1    0.273818041763                 0      0.2781005827       37.30881116
    "BPM.12L7.B1"    "BPMYB.5L2.B1"       16361.38567            28.288                 1    0.411512199612                 0      0.4212737527       37.45198433
    "BPM.11L7.B1"    "BPMYB.5L2.B1"       16414.83716            28.288                 1    0.542423481746                 0      0.5474313527       37.57814193
    "BPM.10L7.B1"    "BPMYB.5L2.B1"       16467.61985            28.288                 1    0.680873486371                 0      0.6864528027       37.71716338
     "BPM.9L7.B1"    "BPMYB.5L2.B1"       16506.68684            28.288                 1    0.767408470603                 0      0.7750743527       37.80578493
     "BPM.7L7.B1"    "BPMYB.5L2.B1"       16586.21782            28.288                 1   0.0551557416756                 0      0.0603341027       38.09104468
     "BPM.6L7.B1"    "BPMYB.5L2.B1"       16621.03582            28.288                 1    0.103194176629                 0      0.1064782827       38.13718886
   "BPMWC.6L7.B1"    "BPMYB.5L2.B1"       16633.13832            28.288                 1    0.110066255987                 0      0.1137917027       38.14450228
   "BPMWE.5L7.B1"    "BPMYB.5L2.B1"       16710.19232            28.288                 1    0.293739245465                 0      0.2932941427       38.32400472
    "BPMW.5L7.B1"    "BPMYB.5L2.B1"       16733.39732            28.288                 1    0.389175501612                 0      0.3925314127       38.42324199
   "BPMWE.4L7.B1"    "BPMYB.5L2.B1"       16768.48232            28.288                 1    0.430855734142                 0      0.4370160827       38.46772666
    "BPMW.4L7.B1"    "BPMYB.5L2.B1"       16796.58732            28.288                 1    0.443905190294                 0      0.4512072227        38.4819178
    "BPMW.4R7.B1"    "BPMYB.5L2.B1"       16912.63432            28.288                 1    0.630122954194                 0      0.6418283727       38.67253895
    "BPMW.5R7.B1"    "BPMYB.5L2.B1"       16975.82432            28.288                 1    0.737651982438                 0      0.7444068327       38.77511741
   "BPMWE.5R7.B1"    "BPMYB.5L2.B1"       16999.02932            28.288                 1    0.747010033141                 0      0.7543254727       38.78503605
    "BPMR.6R7.B1"    "BPMYB.5L2.B1"       17078.24482            28.288                 1    0.837948438516                 0      0.8459657927       38.87667637
   "BPM_A.7R7.B1"    "BPMYB.5L2.B1"       17116.28082            28.288                 1    0.923793437527                 0      0.9302255227        38.9609361
     "BPM.9R7.B1"    "BPMYB.5L2.B1"        17194.4138            28.288                 1    0.236009907848                 0      0.2453369727       39.27604755
    "BPM.10R7.B1"    "BPMYB.5L2.B1"       17234.87878            28.288                 1    0.337762406261                 0      0.3434295727       39.37414015
    "BPM.11R7.B1"    "BPMYB.5L2.B1"       17287.66147            28.288                 1    0.469363809912                 0      0.4775356127       39.50824619
    "BPM.12R7.B1"    "BPMYB.5L2.B1"       17342.38796            28.288                 1    0.591361581517                 0      0.6005483227        39.6312589
    "BPM.13R7.B1"    "BPMYB.5L2.B1"       17395.83944            28.288                 1    0.730278863888                 0      0.7363150627       39.76702564
    "BPM.14R7.B1"    "BPMYB.5L2.B1"       17449.29093            28.288                 1    0.841570240357                 0      0.8494358327       39.88014641
    "BPM.15R7.B1"    "BPMYB.5L2.B1"       17502.74241            28.288                 1    0.986801687569                 0      0.9936812327       40.02439181
    "BPM.16R7.B1"    "BPMYB.5L2.B1"       17556.19389            28.288                 1    0.100219582874                 0      0.1114222527       40.14213283
    "BPM.17R7.B1"    "BPMYB.5L2.B1"       17609.64538            28.288                 1    0.236139453505                 0      0.2450081527       40.27571873
    "BPM.18R7.B1"    "BPMYB.5L2.B1"       17663.09686            28.288                 1    0.351529558036                 0      0.3586405627       40.38935114
    "BPM.19R7.B1"    "BPMYB.5L2.B1"       17716.54835            28.288                 1    0.495123007066                 0      0.5031718827       40.53388246
    "BPM.20R7.B1"    "BPMYB.5L2.B1"       17769.99983            28.288                 1    0.608287064892                 0      0.6203569327       40.65106751
    "BPM.23R7.B1"    "BPMYB.5L2.B1"       17930.35428            28.288                 1   0.0030843031614                 0      0.0135138327       41.04422441
    "BPM.24R7.B1"    "BPMYB.5L2.B1"       17983.80577            28.288                 1    0.115630508778                 0      0.1278305227        41.1585411
    "BPM.25R7.B1"    "BPMYB.5L2.B1"       18037.25725            28.288                 1    0.249027173898                 0      0.2572906327       41.28800121
    "BPM.26R7.B1"    "BPMYB.5L2.B1"       18090.70874            28.288                 1    0.363619149661                 0      0.3717911927       41.40250177
    "BPM.27R7.B1"    "BPMYB.5L2.B1"       18144.16022            28.288                 1     0.50897556053                 0      0.5174055427       41.54811612
    "BPM.28R7.B1"    "BPMYB.5L2.B1"        18197.6117            28.288                 1    0.621018388289                 0      0.6313949427       41.66210552
    "BPM.29R7.B1"    "BPMYB.5L2.B1"       18251.06319            28.288                 1    0.751645955916                 0      0.7608677427       41.79157832
    "BPM.30R7.B1"    "BPMYB.5L2.B1"       18304.51467            28.288                 1    0.870220096636                 0      0.8756977327       41.90640831
    "BPM.31R7.B1"    "BPMYB.5L2.B1"       18357.96616            28.288                 1   0.0141624190979                 0      0.0212873227        42.0519979
    "BPM.32R7.B1"    "BPMYB.5L2.B1"       18411.41764            28.288                 1    0.127355930321                 0      0.1349516927       42.16566227
    "BPM.33R7.B1"    "BPMYB.5L2.B1"       18464.86912            28.288                 1    0.256849750411                 0      0.2644534427       42.29516402
    "BPM.34R7.B1"    "BPMYB.5L2.B1"       18518.32061            28.288                 1    0.374380286647                 0      0.3796133127       42.41032389
    "BPM.33L8.B1"    "BPMYB.5L2.B1"       18571.77209            28.288                 1    0.520632314721                 0      0.5251588527       42.55586943
    "BPM.32L8.B1"    "BPMYB.5L2.B1"       18625.22358            28.288                 1    0.633227110266                 0      0.6385011727       42.66921175
    "BPM.31L8.B1"    "BPMYB.5L2.B1"       18678.67506            28.288                 1    0.763912697899                 0      0.7680480827       42.79875866
    "BPM.30L8.B1"    "BPMYB.5L2.B1"       18732.12654            28.288                 1    0.880752135354                 0      0.8835375327       42.91424811
    "BPM.29L8.B1"    "BPMYB.5L2.B1"       18785.57803            28.288                 1    0.023415109048                 0      0.0290198627       43.05973044
    "BPM.28L8.B1"    "BPMYB.5L2.B1"       18839.02951            28.288                 1    0.137008746822                 0      0.1420437627       43.17275434
    "BPM.27L8.B1"    "BPMYB.5L2.B1"         18892.481            28.288                 1    0.268307697478                 0      0.2716519827       43.30236256
    "BPM.25L8.B1"    "BPMYB.5L2.B1"       18999.38397            28.288                 1    0.529519365771                 0      0.5328701027       43.56358068
    "BPM.23L8.B1"    "BPMYB.5L2.B1"       19106.28693            28.288                 1    0.773931712397                 0      0.7752654427       43.80597602
    "BPM.22L8.B1"    "BPMYB.5L2.B1"       19159.73842            28.288                 1    0.888891520517                 0      0.8914101427       43.92212072
    "BPM.21L8.B1"    "BPMYB.5L2.B1"        19213.1899            28.288                 1   0.0314853752818                 0      0.0367093327       44.06741991
    "BPM.20L8.B1"    "BPMYB.5L2.B1"       19266.64139            28.288                 1    0.150608255254                 0      0.1519495327       44.18266011
    "BPM.19L8.B1"    "BPMYB.5L2.B1"       19320.09287            28.288                 1    0.282990727528                 0      0.2847337027       44.31544428
    "BPM.18L8.B1"    "BPMYB.5L2.B1"       19373.54435            28.288                 1    0.400051825103                 0      0.4008279527       44.43153853
    "BPM.15L8.B1"    "BPMYB.5L2.B1"       19533.89881            28.288                 1    0.792730510554                 0      0.7935702227        44.8242808
    "BPM.14L8.B1"    "BPMYB.5L2.B1"       19587.35029            28.288                 1    0.907261585833                 0      0.9102835027       44.94099408
    "BPM.13L8.B1"    "BPMYB.5L2.B1"       19640.80177            28.288                 1   0.0467010189855                 0      0.0553757227        45.0860863
    "BPM.12L8.B1"    "BPMYB.5L2.B1"       19694.25326            28.288                 1    0.163771411957                 0      0.1698175027       45.20052808
    "BPM.11L8.B1"    "BPMYB.5L2.B1"       19747.70474            28.288                 1    0.305551364857                 0      0.3051371927       45.33584777
    "BPM.10L8.B1"    "BPMYB.5L2.B1"       19799.54543            28.288                 1    0.412634204245                 0      0.4128590227        45.4435696
     "BPM.9L8.B1"    "BPMYB.5L2.B1"       19838.61242            28.288                 1    0.524232508123                 0      0.5311533727       45.56186395
     "BPM.8L8.B1"    "BPMYB.5L2.B1"       19879.07741            28.288                 1    0.684011863759                 0      0.6883355527       45.71904613
     "BPM.7L8.B1"    "BPMYB.5L2.B1"        19918.1454            28.288                 1    0.855539375889                 0      0.8589373227        45.8896479
    "BPMR.6L8.B1"    "BPMYB.5L2.B1"        19950.6144            28.288                 1    0.973885563698                 0      0.9779689927       46.00867957
   "BPMYB.4L8.B1"    "BPMYB.5L2.B1"        20031.8004            28.288                 1    0.240287424876                 0      0.2427320327       46.27344261
   "BPMWB.4L8.B1"    "BPMYB.5L2.B1"        20056.1919            28.288                 1    0.261653076551                 0      0.2644939727       46.29520455
    "BPMS.2L8.B1"    "BPMYB.5L2.B1"        20144.3364            28.288                 1    0.296298274328                 0      0.3013554227         46.332066
   "BPMSW.1L8.B1"    "BPMYB.5L2.B1"        20154.2704            28.288                 1    0.303735193428                 0      0.3092383527       46.33994893
   "BPMSW.1R8.B1"    "BPMYB.5L2.B1"        20197.4604            28.288                 1    0.760051490947                 0      0.7662345827       46.79694516
    "BPMS.2R8.B1"    "BPMYB.5L2.B1"        20207.3944            28.288                 1    0.768208736533                 0      0.7721683527       46.80287893
   "BPMSX.4R8.B1"    "BPMYB.5L2.B1"        20245.3059            28.288                 1    0.778807862636                 0      0.7853376727       46.81604825
   "BPMWB.4R8.B1"    "BPMYB.5L2.B1"        20295.4629            28.288                 1    0.805521848621                 0      0.8109667427       46.84167732
   "BPMYB.4R8.B1"    "BPMYB.5L2.B1"        20319.9304            28.288                 1    0.820387975736                 0      0.8253730527       46.85608363
   "BPMYB.5R8.B1"    "BPMYB.5L2.B1"        20340.5074            28.288                 1    0.846391169878                 0      0.8531834327       46.88389401
     "BPM.6R8.B1"    "BPMYB.5L2.B1"        20424.6154            28.288                 1    0.214449722471                 0      0.2117734627       47.24248404
   "BPM_A.7R8.B1"    "BPMYB.5L2.B1"        20446.8554            28.288                 1    0.250259154789                 0      0.2521456827       47.28285626
    "BPM.10R8.B1"    "BPMYB.5L2.B1"       20567.82043            28.288                 1    0.686528278299                 0      0.6895038727       47.72021445
    "BPM.11R8.B1"    "BPMYB.5L2.B1"       20619.65914            28.288                 1    0.778836504727                 0      0.7832882927       47.81399887
    "BPM.12R8.B1"    "BPMYB.5L2.B1"       20674.38266            28.288                 1    0.915729242966                 0      0.9215276127       47.95223819
    "BPM.13R8.B1"    "BPMYB.5L2.B1"       20727.83117            28.288                 1    0.038441197062                 0      0.0452774327       48.07598801
    "BPM.14R8.B1"    "BPMYB.5L2.B1"       20781.27969            28.288                 1    0.172969758794                 0      0.1773276627       48.20803824
    "BPM.15R8.B1"    "BPMYB.5L2.B1"       20834.72821            28.288                 1    0.281755251163                 0      0.2852145227        48.3159251
    "BPM.16R8.B1"    "BPMYB.5L2.B1"       20888.17672            28.288                 1     0.42772689758                 0      0.4252911427       48.45600172
    "BPM.17R8.B1"    "BPMYB.5L2.B1"       20941.62524            28.288                 1    0.551013460317                 0      0.5452514427       48.57596202
    "BPM.18R8.B1"    "BPMYB.5L2.B1"       20995.07375            28.288                 1    0.679772737249                 0      0.6773000127       48.70801059
    "BPM.19R8.B1"    "BPMYB.5L2.B1"       21048.52227            28.288                 1    0.790569216833                 0      0.7851856927       48.81589627
    "BPM.22R8.B1"    "BPMYB.5L2.B1"       21208.86782            28.288                 1    0.187977435668                 0      0.1772723727       49.20798295
    "BPM.23R8.B1"    "BPMYB.5L2.B1"       21262.31633            28.288                 1    0.293015897463                 0      0.2851550627       49.31586564
    "BPM.24R8.B1"    "BPMYB.5L2.B1"       21315.76485            28.288                 1     0.43263650781                 0      0.4252221827       49.45593276
    "BPM.25R8.B1"    "BPMYB.5L2.B1"       21369.21337            28.288                 1    0.553892991916                 0      0.5451845627       49.57589514
    "BPM.26R8.B1"    "BPMYB.5L2.B1"       21422.66188            28.288                 1    0.685346849157                 0      0.6772386127       49.70794919
    "BPM.29R8.B1"    "BPMYB.5L2.B1"       21583.00743            28.288                 1   0.0502913453786                 0      0.0451477927       50.07585837
    "BPM.30R8.B1"    "BPMYB.5L2.B1"       21636.45594            28.288                 1    0.182508061378                 0      0.1772048527       50.20791543
    "BPM.31R8.B1"    "BPMYB.5L2.B1"       21689.90446            28.288                 1     0.28883085165                 0      0.2850846527       50.31579523
    "BPM.32R8.B1"    "BPMYB.5L2.B1"       21743.35298            28.288                 1    0.429328238258                 0      0.4251451927       50.45585577
    "BPM.33R8.B1"    "BPMYB.5L2.B1"       21796.80149            28.288                 1    0.548826106041                 0      0.5451110127       50.57582159
    "BPM.34R8.B1"    "BPMYB.5L2.B1"       21850.25001            28.288                 1    0.683850054339                 0      0.6771710927       50.70788167
    "BPM.33L1.B1"    "BPMYB.5L2.B1"       21903.69852            28.288                 1    0.789900796035                 0      0.7850494427       50.81576002
    "BPM.32L1.B1"    "BPMYB.5L2.B1"       21957.14704            28.288                 1    0.927339368313                 0      0.9251067027       50.95581728
    "BPM.31L1.B1"    "BPMYB.5L2.B1"       22010.59556            28.288                 1   0.0489610337665                 0      0.0450742427       51.07578482
    "BPM.30L1.B1"    "BPMYB.5L2.B1"       22064.04407            28.288                 1    0.178835068518                 0      0.1771373327       51.20784791
    "BPM.29L1.B1"    "BPMYB.5L2.B1"       22117.49259            28.288                 1    0.285484086554                 0      0.2850142427       51.31572482
    "BPM.28L1.B1"    "BPMYB.5L2.B1"        22170.9411            28.288                 1     0.42954792609                 0      0.4250682027       51.45577878
    "BPM.27L1.B1"    "BPMYB.5L2.B1"       22224.38962            28.288                 1    0.547817114729                 0      0.5450374627       51.57574804
    "BPM.26L1.B1"    "BPMYB.5L2.B1"       22277.83814            28.288                 1    0.678871356617                 0      0.6771035627       51.70781414
    "BPM.25L1.B1"    "BPMYB.5L2.B1"       22331.28665            28.288                 1    0.788868074824                 0      0.7849790427       51.81568962
    "BPM.24L1.B1"    "BPMYB.5L2.B1"       22384.73517            28.288                 1    0.924690799343                 0      0.9250297127       51.95574029
    "BPM.23L1.B1"    "BPMYB.5L2.B1"       22438.18368            28.288                 1   0.0422919184931                 0      0.0450006827       52.07571126
    "BPM.22L1.B1"    "BPMYB.5L2.B1"        22491.6322            28.288                 1    0.175567753996                 0      0.1770698027       52.20778038
    "BPM.21L1.B1"    "BPMYB.5L2.B1"       22545.08071            28.288                 1    0.284878193561                 0      0.2849438427       52.31565442
    "BPM.20L1.B1"    "BPMYB.5L2.B1"       22598.52923            28.288                 1    0.422439714684                 0      0.4249924927       52.45570307
    "BPM.19L1.B1"    "BPMYB.5L2.B1"       22651.97775            28.288                 1    0.541114538654                 0      0.5449661327       52.57567671
    "BPM.18L1.B1"    "BPMYB.5L2.B1"       22705.42626            28.288                 1    0.675890094341                 0      0.6770380827       52.70774866
    "BPM.17L1.B1"    "BPMYB.5L2.B1"       22758.87478            28.288                 1    0.781600164149                 0      0.7849107727       52.81562135
    "BPM.16L1.B1"    "BPMYB.5L2.B1"       22812.32329            28.288                 1    0.924754171588                 0      0.9249563327       52.95566691
    "BPM.15L1.B1"    "BPMYB.5L2.B1"       22865.77181            28.288                 1   0.0455454189081                 0      0.0449315727       53.07564215
    "BPM.14L1.B1"    "BPMYB.5L2.B1"       22919.22033            28.288                 1    0.175438549541                 0      0.1770063627       53.20771694
    "BPM.13L1.B1"    "BPMYB.5L2.B1"       22972.66884            28.288                 1      0.2856626064                 0      0.2848777027       53.31558828
    "BPM.12L1.B1"    "BPMYB.5L2.B1"       23026.11736            28.288                 1    0.424647179191                 0      0.4268808927       53.45759147
    "BPM.11L1.B1"    "BPMYB.5L2.B1"       23079.56587            28.288                 1    0.538162294617                 0      0.5405276327       53.57123821
     "BPM.9L1.B1"    "BPMYB.5L2.B1"        23171.4116            28.288                 1    0.768101633214                 0      0.7701117627       53.80082234
    "BPMR.7L1.B1"    "BPMYB.5L2.B1"       23250.94062            28.288                 1   0.0606376258514                 0      0.0631318827       54.09384246
    "BPMR.5L1.B1"    "BPMYB.5L2.B1"       23326.02462            28.288                 1    0.274792637637                 0      0.1818000327       54.21251061
   "BPMYA.4L1.B1"    "BPMYB.5L2.B1"       23347.14262            28.288                 1    0.176545329237                 0      0.1859019227        54.2166125
   "BPMWB.4L1.B1"    "BPMYB.5L2.B1"       23368.27512            28.288                 1    0.179066686298                 0      0.1885234727       54.21923405
   "BPMSY.4L1.B1"    "BPMYB.5L2.B1"       23461.05512            28.288                 1    0.186291100908                 0      0.1961650027       54.22687558
    "BPMS.2L1.B1"    "BPMYB.5L2.B1"       23487.84062            28.288                 1    0.188133959012                 0      0.1972334527       54.22794403
   "BPMSW.1L1.B1"    "BPMYB.5L2.B1"       23497.79062            28.288                 1    0.188228309738                 0      0.1980142427       54.22872482
   "BPMSW.1R1.B1"    "BPMYB.5L2.B1"       23540.93362            28.288                 1    0.683190456005                 0      0.6924935027       54.72320408
    "BPMS.2R1.B1"    "BPMYB.5L2.B1"       23550.89862            28.288                 1    0.683763976683                 0      0.6934989527       54.72420953
   "BPMSY.4R1.B1"    "BPMYB.5L2.B1"       23577.68412            28.288                 1    0.685497510512                 0      0.6950489327       54.72575951
   "BPMWB.4R1.B1"    "BPMYB.5L2.B1"       23670.46412            28.288                 1    0.691961053226                 0      0.7017828727       54.73249345
   "BPMYA.4R1.B1"    "BPMYB.5L2.B1"       23691.59662            28.288                 1    0.698685376474                 0      0.7076217327       54.73833231
     "BPM.5R1.B1"    "BPMYB.5L2.B1"       23719.00462            28.288                 1    0.713121574897                 0      0.7268693927       54.75757997
    "BPMR.6R1.B1"    "BPMYB.5L2.B1"       23750.90462            28.288                 1   0.0202299559303                 0      0.0125455427       55.04325612
   "BPMSX.7R1.B1"    "BPMYB.5L2.B1"       23757.12012            28.288                 1   0.0853841199774                 0      0.0904399027       55.12115048
     "BPM.8R1.B1"    "BPMYB.5L2.B1"       23820.06761            28.288                 1    0.247209591092                 0      0.2623564027       55.29306698
     "BPM.9R1.B1"    "BPMYB.5L2.B1"        23859.1346            28.288                 1    0.466609909026                 0      0.4711307527       55.50184133
    "BPM.10R1.B1"    "BPMYB.5L2.B1"       23899.59958            28.288                 1    0.560619450794                 0      0.5664558827       55.59716646
    "BPM.11R1.B1"    "BPMYB.5L2.B1"       23952.38227            28.288                 1    0.679504969356                 0      0.6830456727       55.71375625
    "BPM.12R1.B1"    "BPMYB.5L2.B1"       24007.10876            28.288                 1    0.785458833301                 0      0.7892258727       55.81993645
    "BPM.13R1.B1"    "BPMYB.5L2.B1"       24060.56024            28.288                 1    0.919408971121                 0      0.9260164727       55.95672705
    "BPM.14R1.B1"    "BPMYB.5L2.B1"       24114.01173            28.288                 1   0.0388159565803                 0      0.0459508327       56.07666141
    "BPM.15R1.B1"    "BPMYB.5L2.B1"       24167.46321            28.288                 1    0.175281160446                 0      0.1779530627       56.20866364
    "BPM.16R1.B1"    "BPMYB.5L2.B1"       24220.91469            28.288                 1    0.282388622208                 0      0.2858754327       56.31658601
    "BPM.17R1.B1"    "BPMYB.5L2.B1"       24274.36618            28.288                 1    0.422707722258                 0      0.4260233327       56.45673391
    "BPM.18R1.B1"    "BPMYB.5L2.B1"       24327.81766            28.288                 1    0.542394541185                 0      0.5459575027       56.57666808
    "BPM.19R1.B1"    "BPMYB.5L2.B1"       24381.26915            28.288                 1    0.676859062765                 0      0.6779591827       56.70866976
    "BPM.20R1.B1"    "BPMYB.5L2.B1"       24434.72063            28.288                 1    0.783005075177                 0      0.7858818227        56.8165924
    "BPM.21R1.B1"    "BPMYB.5L2.B1"       24488.17211            28.288                 1    0.926142090766                 0      0.9260303127       56.95674089
    "BPM.22R1.B1"    "BPMYB.5L2.B1"        24541.6236            28.288                 1    0.040902151098                 0      0.0459641627       57.07667474
    "BPM.23R1.B1"    "BPMYB.5L2.B1"       24595.07508            28.288                 1    0.178714409826                 0      0.1779641827       57.20867476
    "BPM.24R1.B1"    "BPMYB.5L2.B1"       24648.52657            28.288                 1    0.289648962801                 0      0.2858842627       57.31659484
    "BPM.25R1.B1"    "BPMYB.5L2.B1"       24701.97805            28.288                 1    0.427667763106                 0      0.4260303127       57.45674089
    "BPM.26R1.B1"    "BPMYB.5L2.B1"       24755.42954            28.288                 1    0.548491681482                 0      0.5459641627       57.57667474
    "BPM.27R1.B1"    "BPMYB.5L2.B1"       24808.88102            28.288                 1    0.679049880722                 0      0.6779641827       57.70867476
    "BPM.28R1.B1"    "BPMYB.5L2.B1"        24862.3325            28.288                 1    0.787788941837                 0      0.7858842627       57.81659484
    "BPM.29R1.B1"    "BPMYB.5L2.B1"       24915.78399            28.288                 1    0.931951888008                 0      0.9260303127       57.95674089
    "BPM.30R1.B1"    "BPMYB.5L2.B1"       24969.23547            28.288                 1   0.0514278968677                 0      0.0459641627       58.07667474
    "BPM.31R1.B1"    "BPMYB.5L2.B1"       25022.68696            28.288                 1    0.177640154119                 0      0.1779641827       58.20867476
    "BPM.33L2.B1"    "BPMYB.5L2.B1"       25236.49289            28.288                 1    0.679020767423                 0      0.6779641827       58.70867476
    "BPM.32L2.B1"    "BPMYB.5L2.B1"       25289.94438            28.288                 1    0.790053588692                 0      0.7858842627       58.81659484
    "BPM.31L2.B1"    "BPMYB.5L2.B1"       25343.39586            28.288                 1    0.932782246115                 0      0.9260303127       58.95674089
    "BPM.30L2.B1"    "BPMYB.5L2.B1"       25396.84734            28.288                 1   0.0484694249455                 0      0.0459641627       59.07667474
    "BPM.29L2.B1"    "BPMYB.5L2.B1"       25450.29883            28.288                 1    0.177101211001                 0      0.1779641827       59.20867476
    "BPM.28L2.B1"    "BPMYB.5L2.B1"       25503.75031            28.288                 1    0.286879087237                 0      0.2858842627       59.31659484
    "BPM.27L2.B1"    "BPMYB.5L2.B1"        25557.2018            28.288                 1    0.430592748949                 0      0.4260303127       59.45674089
    "BPM.26L2.B1"    "BPMYB.5L2.B1"       25610.65328            28.288                 1    0.550142837678                 0      0.5459641627       59.57667474
    "BPM.25L2.B1"    "BPMYB.5L2.B1"       25664.10477            28.288                 1    0.677360315517                 0      0.6779641827       59.70867476
    "BPM.24L2.B1"    "BPMYB.5L2.B1"       25717.55625            28.288                 1     0.78834837226                 0      0.7858842627       59.81659484
    "BPM.23L2.B1"    "BPMYB.5L2.B1"       25771.00773            28.288                 1    0.934439280005                 0      0.9260303127       59.95674089
    "BPM.22L2.B1"    "BPMYB.5L2.B1"       25824.45922            28.288                 1   0.0470345054564                 0      0.0459641627       60.07667474
    "BPM.21L2.B1"    "BPMYB.5L2.B1"        25877.9107            28.288                 1    0.179782724279                 0      0.1779641827       60.20867476
    "BPM.20L2.B1"    "BPMYB.5L2.B1"       25931.36219            28.288                 1    0.290235231746                 0      0.2858860727       60.31659665
    "BPM.17L2.B1"    "BPMYB.5L2.B1"       26091.71664            28.288                 1    0.679287891366                 0      0.6779703027       60.70868088
    "BPM.16L2.B1"    "BPMYB.5L2.B1"       26145.16812            28.288                 1    0.789870711547                 0      0.7858924627       60.81660304
    "BPM.15L2.B1"    "BPMYB.5L2.B1"       26198.61961            28.288                 1    0.936011976796                 0      0.9260432127       60.95675379
    "BPM.14L2.B1"    "BPMYB.5L2.B1"       26252.07109            28.288                 1   0.0535093010385                 0      0.0459774827       61.07668806
    "BPM.13L2.B1"    "BPMYB.5L2.B1"       26305.52257            28.288                 1    0.181758361006                 0      0.1779764227         61.208687
    "BPM.12L2.B1"    "BPMYB.5L2.B1"       26358.97406            28.288                 1    0.302608631932                 0      0.2901639327       61.32087451
    "BPM.11L2.B1"    "BPMYB.5L2.B1"       26412.42554            28.288                 1     0.44715927839                 0      0.4352540427       61.46596462
    "BPM.10L2.B1"    "BPMYB.5L2.B1"       26464.26623            28.288                 1     0.55778854297                 0      0.5521589527       61.58286953
     "BPM.9L2.B1"    "BPMYB.5L2.B1"       26503.33322            28.288                 1    0.673535426105                 0      0.6708305327       61.70154111
     "BPM.8L2.B1"    "BPMYB.5L2.B1"       26543.79821            28.288                 1    0.808602481483                 0      0.8031144627       61.83382504
     "BPM.7L2.B1"    "BPMYB.5L2.B1"        26582.8662            28.288                 1 7.09229780416e-06                 0      0.9934022527       62.02411283
    "BPMR.6L2.B1"    "BPMYB.5L2.B1"        26614.9722            28.288                 1   0.0984726933015                 0      0.0936399227        62.1243505