@ GetLLMVersion %s "V3.0.0 Dev"
@ Command %s "/afs/cern.ch/work/o/omc/anaconda/bin/python '/afs/cern.ch/work/e/efol/public/Beta-Beat.src/GetLLM/GetLLM.py' '--accel=LHCB1' '--model=/afs/cern.ch/work/e/efol/public/betabeatGui/temp/2017-12-20/models/LHCB1/Multiturn-model_40cm_2041/twiss.dat' '--files=/afs/cern.ch/work/e/efol/public/betabeatGui/temp/2017-12-20/LHCB1/Measurements/Beam1@Turn@2017_09_11@19_02_33_250_notcleaned/Beam1@Turn@2017_09_11@19_02_33_250_notcleaned.sdds' '--output=/afs/cern.ch/work/e/efol/public/betabeatGui/temp/2017-12-20/LHCB1/Results/40cm_notcleaned' '--tbtana=SUSSIX' '--bpmu=mm' '--lhcphase=1' '--errordefs=/afs/cern.ch/work/e/efol/public/betabeatGui/temp/2017-12-20/models/LHCB1/Multiturn-model_40cm_2041/error_deff.txt'"
@ CWD %s "/home/efol/Workspaces/Accsoft-Eclipse-Pro/lhc-app-beta-beating"
@ Date %s "20. December 2017, 16:53:14"
@ Q1 %le 0.309858442458
@ Q2 %le 0.31942165071
@ RMSbetabeat %le 1.77532672018
@ RescalingFactor %le 1.15135980718
@ FILES %s "/afs/cern.ch/work/e/efol/public/betabeatGui/temp/2017-12-20/LHCB1/Measurements/Beam1@Turn@2017_09_11@19_02_33_250_notcleaned/Beam1@Turn@2017_09_11@19_02_33_250_notcleaned.sdds.linx"
*            NAME                 S             COUNT              BETX           BETXSTD           BETXMDL            MUXMDL           BETXRES        BETXSTDRES
$              %s               %le               %le               %le               %le               %le               %le               %le               %le
   "BPMYB.5L2.B1"            28.288                 1     139.125602293 1.48323969742e-08        175.128565     0.03145312858     160.183626629 1.70774257202e-08
   "BPMYB.4L2.B1"            48.858                 1     69.5097673032 1.48323969742e-08       84.35832101     0.05851807485     80.0307522793 1.70774257202e-08
   "BPMWI.4L2.B1"           73.3255                 1     69.4017448333 1.48323969742e-08       83.45002126      0.1097876872     79.9063795491 1.70774257202e-08
   "BPMSX.4L2.B1"          123.4825                 1     152.509930215 1.48323969742e-08       170.5391556      0.1788502064     175.593803845 1.70774257202e-08
    "BPMS.2L2.B1"           161.394                 1     62.9391891472 1.48323969742e-08       63.40330267       0.229253766     72.4656526805 1.70774257202e-08
   "BPMSW.1L2.B1"           171.328                 1     51.8183061663 1.48323969742e-08        56.6340898      0.2526788187     59.6615149959 1.70774257202e-08
   "BPMSW.1R2.B1"           214.518                 1     51.3615253725 1.48323969742e-08        56.6345024      0.6146370966     59.1355959493 1.70774257202e-08
    "BPMS.2R2.B1"           224.452                 1     153.912114968 1.48323969742e-08       173.4266688       0.632582971     177.208223012 1.70774257202e-08
   "BPMSX.4R2.B1"          262.3635                 1     76.9598762821 1.48323969742e-08       100.2196997      0.6761117673     88.6085083166 1.70774257202e-08
   "BPMWB.4R2.B1"          312.5965                 1     90.6656303605 1.48323969742e-08       104.9354204      0.7575836096      104.38876269 1.70774257202e-08
   "BPMYB.4R2.B1"           336.988                 1     90.3035049511 1.48323969742e-08       101.2151279      0.7924101326     103.971826048 1.70774257202e-08
    "BPMR.5R2.B1"           366.522                 1      33.829949494 1.48323969742e-08       32.77197257      0.8883971562     38.9504441263 1.70774257202e-08
     "BPM.6R2.B1"           439.818                 1     153.879318722 1.48323969742e-08       181.6208991       1.036087404     177.170462732 1.70774257202e-08
   "BPM_A.7R2.B1"           452.693                 1     76.2018096478 1.48323969742e-08       85.21587822        1.05258811     87.7357008627 1.70774257202e-08
     "BPM.8R2.B1"       494.1300106                 1     101.696451635 1.48323969742e-08       113.0897601       1.134746992     117.089206945 1.70774257202e-08
     "BPM.9R2.B1"       533.1950212                 1     15.2510400045 1.48323969742e-08       15.94722448       1.292805637     17.5594344789 1.70774257202e-08
    "BPM.10R2.B1"       573.6580318                 1     158.592518857 1.48323969742e-08       171.7411105       1.460281322     182.597051931 1.70774257202e-08
    "BPM.11R2.B1"       625.4967424                 1     30.8242742517 1.48323969742e-08       32.90159014       1.566688573     35.4898304589 1.70774257202e-08
    "BPM.12R2.B1"       680.2202583                 1     160.715412868 1.48323969742e-08       174.1654418       1.709291425      185.04126677 1.70774257202e-08
    "BPM.13R2.B1"       733.6687742                 1     31.4108198008 1.48323969742e-08       33.14947812       1.822798755     36.1651554291 1.70774257202e-08
    "BPM.14R2.B1"       787.1172901                 1      161.41510179 1.48323969742e-08         170.35043       1.960490566     185.846860473 1.70774257202e-08
    "BPM.15R2.B1"        840.565806                 1     32.3085861907 1.48323969742e-08       34.55300863       2.072703938     37.1988075667 1.70774257202e-08
    "BPM.16R2.B1"       894.0143219                 1     154.644444353 1.48323969742e-08       168.8433479       2.207282493     178.051397632 1.70774257202e-08
    "BPM.17R2.B1"       947.4628378                 1     32.3581080126 1.48323969742e-08       33.10170512       2.323083936     37.2558250021 1.70774257202e-08
    "BPM.18R2.B1"       1000.911354                 1     161.430243291 1.48323969742e-08       170.3630625       2.460771013     185.864293788 1.70774257202e-08
    "BPM.19R2.B1"        1054.35987                 1     31.8443332244 1.48323969742e-08       34.55282647       2.572979721     36.6642853609 1.70774257202e-08
    "BPM.20R2.B1"       1107.808386                 1     154.724872394 1.48323969742e-08       168.8307202       2.707565464     178.143999245 1.70774257202e-08
    "BPM.21R2.B1"       1161.256901                 1     31.4952909077 1.48323969742e-08       33.10189183       2.823371809     36.2624120665 1.70774257202e-08
    "BPM.22R2.B1"       1214.705417                 1     159.160156398 1.48323969742e-08       170.3756854        2.96105144     183.250606981 1.70774257202e-08
    "BPM.23R2.B1"       1268.153933                 1     31.2680478555 1.48323969742e-08       33.11661624       3.076157208     36.0007735498 1.70774257202e-08
    "BPM.24R2.B1"       1321.602449                 1     164.091950278 1.48323969742e-08       170.3730582       3.213836773     188.928876232 1.70774257202e-08
    "BPM.25R2.B1"       1375.050965                 1      8.6267678333 1.48323969742e-08       33.11638753        3.32894411     9.93251374912 1.70774257202e-08
    "BPM.26R2.B1"       1428.499481                 1     170.996292141 1.48323969742e-08       170.3757138       3.466622864     196.878257947 1.70774257202e-08
    "BPM.27R2.B1"       1481.947997                 1     30.5806284528 1.48323969742e-08       33.11659909       3.581728657     35.2093064788 1.70774257202e-08
    "BPM.28R2.B1"       1535.396513                 1     167.793017078 1.48323969742e-08       170.3730331       3.719408284     193.190135789 1.70774257202e-08
    "BPM.29R2.B1"       1588.845029                 1     32.0618596556 1.48323969742e-08       33.11640494       3.834515594     36.9147365508 1.70774257202e-08
    "BPM.30R2.B1"       1642.293545                 1     163.956830748 1.48323969742e-08       170.3757357       3.972194287     188.773305036 1.70774257202e-08
    "BPM.31R2.B1"        1695.74206                 1     31.4818991931 1.48323969742e-08       33.11658144       4.087300109     36.2469933846 1.70774257202e-08
    "BPM.32R2.B1"       1749.190576                 1     2.28510595667 1.48323969742e-08       170.3730145       4.224979796     2.63097915366 1.70774257202e-08
    "BPM.33R2.B1"       1802.639092                 1     31.7227827857 1.48323969742e-08       33.11642281       4.340087075     36.5243370713 1.70774257202e-08
    "BPM.34R2.B1"       1856.087608                 1     163.785287003 1.48323969742e-08       170.3757509        4.47776571     188.575796463 1.70774257202e-08
    "BPM.33L3.B1"       1909.536124                 1     31.7592776712 1.48323969742e-08       33.11656339       4.592871563     36.5663558157 1.70774257202e-08
    "BPM.32L3.B1"        1962.98464                 1     158.184402048 1.48323969742e-08       170.3730027       4.730551308     182.127162641 1.70774257202e-08
    "BPM.31L3.B1"       2016.433156                 1     31.3972004468 1.48323969742e-08       33.11644104       4.845658554     36.1494746524 1.70774257202e-08
    "BPM.30L3.B1"       2069.881672                 1     157.453840745 1.48323969742e-08       170.3757594       4.983337132      181.28602372 1.70774257202e-08
    "BPM.29L3.B1"       2123.330188                 1     29.7538185561 1.48323969742e-08         33.116545       5.098443021     34.2573507956 1.70774257202e-08
    "BPM.28L3.B1"       2176.778704                 1     157.154419103 1.48323969742e-08       170.3729976        5.23612282     180.941281676 1.70774257202e-08
    "BPM.27L3.B1"        2230.22722                 1     31.7969654366 1.48323969742e-08       33.11645955       5.351230029     36.6097479939 1.70774257202e-08
    "BPM.26L3.B1"       2283.675735                 1     159.953444787 1.48323969742e-08       170.3757611       5.488908554     184.163967347 1.70774257202e-08
    "BPM.25L3.B1"       2337.124251                 1     32.7621962607 1.48323969742e-08       33.11652639       5.604014482     37.7210759695 1.70774257202e-08
    "BPM.24L3.B1"       2390.572767                 1     159.767949899 1.48323969742e-08       170.3729992       5.741694333     183.950395989 1.70774257202e-08
    "BPM.23L3.B1"       2444.021283                 1     31.8851965276 1.48323969742e-08       33.11647824       5.856801501     36.7113337259 1.70774257202e-08
    "BPM.22L3.B1"       2497.469799                 1     163.782556281 1.48323969742e-08       170.3757561       5.994479976     188.572652419 1.70774257202e-08
    "BPM.21L3.B1"       2550.918315                 1     31.1685359497 1.48323969742e-08       33.11650764       6.109585946     35.8861995411 1.70774257202e-08
    "BPM.20L3.B1"       2604.366831                 1     155.125526588 1.48323969742e-08       168.7740195       6.248110946     178.605296381 1.70774257202e-08
    "BPM.19L3.B1"       2657.815347                 1     31.0989079498 1.48323969742e-08       34.54002499       6.360982089     35.8060326605 1.70774257202e-08
    "BPM.18L3.B1"       2711.263863                 1     169.340188077 1.48323969742e-08       170.4266924       6.494760431     194.971486291 1.70774257202e-08
    "BPM.17L3.B1"       2764.712379                 1     34.6412914892 1.48323969742e-08       33.11556542       6.609873695     39.8845906894 1.70774257202e-08
    "BPM.16L3.B1"       2818.160894                 1     154.413387705 1.48323969742e-08       168.7871945       6.748394012     177.785368294 1.70774257202e-08
    "BPM.15L3.B1"        2871.60941                 1     34.8577742474 1.48323969742e-08       34.54096274       6.861257971     40.1338402361 1.70774257202e-08
    "BPM.14L3.B1"       2925.057926                 1  0.00531078869161 1.48323969742e-08       170.4135122       6.995040774  0.00611462864394 1.70774257202e-08
    "BPM.13L3.B1"       2978.506442                 1     32.3322188346 1.48323969742e-08       33.11463215       7.110161452     37.2260172431 1.70774257202e-08
    "BPM.12L3.B1"       3031.954958                 1     170.652720737 1.48323969742e-08       171.5175732       7.247251311     196.482683642 1.70774257202e-08
    "BPM.11L3.B1"       3085.403474                 1     26.3466895989 1.48323969742e-08        28.2592413       7.373708861     30.3345194564 1.70774257202e-08
    "BPM.10L3.B1"       3138.184185                 1     164.789086523 1.48323969742e-08       172.7569671       7.522788108     189.731530884 1.70774257202e-08
     "BPM.9L3.B1"       3177.249195                 1     49.9590070605 1.48323969742e-08       54.93815126       7.583724784      57.520792736 1.70774257202e-08
     "BPM.8L3.B1"       3217.712206                 1     161.408379728 1.48323969742e-08       175.5991319       7.660416551     185.839120961 1.70774257202e-08
     "BPM.7L3.B1"       3256.776216                 1     53.4427119862 1.48323969742e-08       58.10046323       7.719364003     61.5317905675 1.70774257202e-08
     "BPM.6L3.B1"       3329.415216                 1      185.58217603 1.48323969742e-08       206.7756234       7.831510896     213.671858409 1.70774257202e-08
  "BPMWG.A5L3.B1"       3371.119716                 1     56.1224590323 1.48323969742e-08       68.26217692       7.888594994     64.6171436098 1.70774257202e-08
    "BPMW.5L3.B1"       3400.089716                 1     43.9983262026 1.48323969742e-08       56.59279169       7.971952656     50.6579043728 1.70774257202e-08
   "BPMWE.4L3.B1"       3475.217716                 1     228.609258925 1.48323969742e-08       272.6641978        8.07532486     263.211512275 1.70774257202e-08
    "BPMW.4L3.B1"       3502.762716                 1     222.746859256 1.48323969742e-08       250.6035005       8.090528029     256.461780922 1.70774257202e-08
    "BPMW.4R3.B1"       3547.727716                 1     40.7216019557 1.48323969742e-08       44.32448505       8.160679045     46.8852157757 1.70774257202e-08
   "BPMWE.4R3.B1"       3575.272716                 1     25.8907840555 1.48323969742e-08       30.72266468       8.308322669     29.8096081379 1.70774257202e-08
    "BPMW.5R3.B1"       3650.400716                 1      286.14241516 1.48323969742e-08       347.6581685       8.437850831     329.452875944 1.70774257202e-08
  "BPMWJ.A5R3.B1"       3679.118716                 1     248.101468607 1.48323969742e-08       302.5649998       8.450477678     285.654059056 1.70774257202e-08
   "BPMWC.6R3.B1"       3718.936716                 1     55.6509367115 1.48323969742e-08       64.79675564       8.496370937     64.0742517614 1.70774257202e-08
    "BPMR.6R3.B1"       3731.015216                 1     34.8392522054 1.48323969742e-08       39.70879417       8.536481749     40.1125147015 1.70774257202e-08
     "BPM.8R3.B1"       3825.903227                 1     29.3827148079 1.48323969742e-08        35.2651492       8.835957198     33.8300768556 1.70774257202e-08
     "BPM.9R3.B1"       3864.968238                 1      112.97062182 1.48323969742e-08       128.5117235       8.940088827     130.069833355 1.70774257202e-08
    "BPM.10R3.B1"       3905.431248                 1     48.6539674779 1.48323969742e-08       54.67179092       9.014821952     56.0182226138 1.70774257202e-08
    "BPM.11R3.B1"       3958.211959                 1      174.81344467 1.48323969742e-08       183.5210003       9.107876696     201.273173948 1.70774257202e-08
    "BPM.12R3.B1"       4012.935475                 1     45.9452993716 1.48323969742e-08       42.56129302       9.208659941     52.8995710252 1.70774257202e-08
    "BPM.13R3.B1"       4066.383991                 1     166.394380186 1.48323969742e-08       170.7795851       9.325472939     191.579801487 1.70774257202e-08
    "BPM.14R3.B1"       4119.832506                 1     29.7813408857 1.48323969742e-08       33.11851399       9.440563908     34.2890388996 1.70774257202e-08
    "BPM.15R3.B1"       4173.281022                 1     155.137644109 1.48323969742e-08       168.7497879       9.579096744     178.619248007 1.70774257202e-08
    "BPM.16R3.B1"       4226.729538                 1     29.5537811885 1.48323969742e-08       34.53801546       9.691981666     34.0270358106 1.70774257202e-08
    "BPM.17R3.B1"       4280.178054                 1     117.097687378 1.48323969742e-08       170.4508792       9.825752567     134.821570761 1.70774257202e-08
    "BPM.18R3.B1"        4333.62657                 1      30.632183753 1.48323969742e-08       33.11755551        9.94085164     35.2686651793 1.70774257202e-08
    "BPM.19R3.B1"       4387.075086                 1     160.726457991 1.48323969742e-08        168.762939       10.07937985     185.053983681 1.70774257202e-08
    "BPM.20R3.B1"       4440.523602                 1      34.091205189 1.48323969742e-08       34.53896949       10.19225756     39.2512434329 1.70774257202e-08
    "BPM.21R3.B1"       4493.972118                 1     196.891495118 1.48323969742e-08       170.4377228       10.32603287     226.692953855 1.70774257202e-08
    "BPM.22R3.B1"       4547.420634                 1     28.9018671804 1.48323969742e-08       33.11660593       10.44113938     33.2764482239 1.70774257202e-08
    "BPM.23R3.B1"        4600.86915                 1     162.650533946 1.48323969742e-08       170.3751177       10.57881784     187.269287401 1.70774257202e-08
    "BPM.24R3.B1"       4654.317666                 1     11.7399269812 1.48323969742e-08        33.1163837       10.69392434     13.5168800653 1.70774257202e-08
    "BPM.25R3.B1"       4707.766181                 1     163.120361522 1.48323969742e-08       170.3736653       10.83160423     187.810227988 1.70774257202e-08
    "BPM.26R3.B1"       4761.214697                 1     17.0139219732 1.48323969742e-08       33.11661706       10.94671083     19.5891459225 1.70774257202e-08
    "BPM.27R3.B1"       4814.663213                 1      165.12909542 1.48323969742e-08       170.3750681       11.08438929     190.123003462 1.70774257202e-08
    "BPM.28R3.B1"       4868.111729                 1     33.9856132169 1.48323969742e-08       33.11637287       11.19949583     39.1296690803 1.70774257202e-08
    "BPM.29R3.B1"       4921.560245                 1     177.875244045 1.48323969742e-08       170.3737166       11.33717572     204.798406686 1.70774257202e-08
    "BPM.30R3.B1"       4975.008761                 1     30.3720183495 1.48323969742e-08       33.11662759       11.45228227     34.9691211904 1.70774257202e-08
    "BPM.31R3.B1"       5028.457277                 1     170.864690244 1.48323969742e-08       170.3750152       11.58996073     196.726736813 1.70774257202e-08
    "BPM.32R3.B1"       5081.905793                 1     31.5232035178 1.48323969742e-08       33.11636264       11.70506732     36.2945495239 1.70774257202e-08
    "BPM.33R3.B1"       5135.354309                 1     152.423416825 1.48323969742e-08       170.3737711       11.84274721     175.494195805 1.70774257202e-08
    "BPM.34R3.B1"       5188.802825                 1     30.8613919789 1.48323969742e-08       33.11663749       11.95785372     35.5325663181 1.70774257202e-08
    "BPM.33L4.B1"        5242.25134                 1      161.34456228 1.48323969742e-08       170.3749591       12.09553218     185.765644116 1.70774257202e-08
    "BPM.32L4.B1"       5295.699856                 1     30.8818270885 1.48323969742e-08       33.11635308       12.21063881     35.5560944819 1.70774257202e-08
    "BPM.31L4.B1"       5349.148372                 1     163.413048469 1.48323969742e-08       170.3738287       12.34831869     188.147215975 1.70774257202e-08
    "BPM.30L4.B1"       5402.596888                 1     30.6462289173 1.48323969742e-08       33.11664671       12.46342516      35.284836217 1.70774257202e-08
    "BPM.29L4.B1"       5456.045404                 1     168.807189317 1.48323969742e-08       170.3749002       12.60110363     194.357812943 1.70774257202e-08
    "BPM.28L4.B1"        5509.49392                 1     30.0332520953 1.48323969742e-08       33.11634423        12.7162103     34.5790793413 1.70774257202e-08
    "BPM.27L4.B1"       5562.942436                 1     161.358760168 1.48323969742e-08       170.3738889       12.85389018     185.781990994 1.70774257202e-08
    "BPM.26L4.B1"       5616.390952                 1     30.3053628064 1.48323969742e-08       33.11665519        12.9689966     34.8923766773 1.70774257202e-08
    "BPM.25L4.B1"       5669.839468                 1     158.709837022 1.48323969742e-08       170.3748387       13.10667508      182.73212735 1.70774257202e-08
    "BPM.24L4.B1"       5723.287984                 1     31.6889838363 1.48323969742e-08       33.11633612       13.22178179     36.4854223195 1.70774257202e-08
    "BPM.23L4.B1"         5776.7365                 1     158.268981495 1.48323969742e-08       170.3739515       13.35946166     182.224544017 1.70774257202e-08
    "BPM.22L4.B1"       5830.185015                 1     30.9282002466 1.48323969742e-08        33.1166629       13.47456804     35.6094866723 1.70774257202e-08
    "BPM.21L4.B1"       5883.633531                 1     163.911904323 1.48323969742e-08        170.374775       13.61224654     188.721578555 1.70774257202e-08
    "BPM.20L4.B1"       5937.082047                 1     32.4111814979 1.48323969742e-08        34.5523301       13.72445156     37.3169316798 1.70774257202e-08
    "BPM.19L4.B1"       5990.530563                 1     159.151388039 1.48323969742e-08       168.8189486       13.85904485     183.240511445 1.70774257202e-08
    "BPM.18L4.B1"       6043.979079                 1     30.1503360518 1.48323969742e-08       33.10237926        13.9748551      34.713885103 1.70774257202e-08
    "BPM.17L4.B1"       6097.427595                 1     164.976087311 1.48323969742e-08       170.3873833       14.11252694     189.946836076 1.70774257202e-08
    "BPM.16L4.B1"       6150.876111                 1      35.318004106 1.48323969742e-08       34.55213024       14.22472735     40.6637303974 1.70774257202e-08
    "BPM.15L4.B1"       6204.324627                 1      161.25370111 1.48323969742e-08       168.8063453       14.35932787     185.661030216 1.70774257202e-08
    "BPM.14L4.B1"       6257.773143                 1     31.4374026318 1.48323969742e-08       33.10258368       14.47514296     36.1957618323 1.70774257202e-08
    "BPM.13L4.B1"       6311.221659                 1     168.513959044 1.48323969742e-08       170.3999817       14.61280733     194.020199392 1.70774257202e-08
    "BPM.12L4.B1"       6364.670174                 1     32.7400220423 1.48323969742e-08       33.66441246       14.72676903     37.6955454657 1.70774257202e-08
    "BPM.11L4.B1"        6418.11869                 1     156.445346233 1.48323969742e-08       166.5763012       14.86492988     180.124883673 1.70774257202e-08
    "BPM.10L4.B1"       6469.957401                 1     32.6941319473 1.48323969742e-08       31.52780044       14.98126706     37.6427094547 1.70774257202e-08
     "BPM.9L4.B1"       6509.022412                 1     101.024047466 1.48323969742e-08        111.000041       15.10739803     116.315027811 1.70774257202e-08
     "BPM.8L4.B1"       6549.485422                 1     22.5570702707 1.48323969742e-08       21.02823162       15.23843666     25.9713040774 1.70774257202e-08
     "BPM.7L4.B1"       6588.549433                 1     88.4765344786 1.48323969742e-08       103.4394451       15.41380548     101.868325677 1.70774257202e-08
   "BPMYB.6L4.B1"       6685.153433                 1     107.607940781 1.48323969742e-08       134.8490532       15.55382553     123.895457949 1.70774257202e-08
   "BPMYA.5L4.B1"       6722.153433                 1     367.441106028 1.48323969742e-08       431.6814919       15.57941125     423.056920986 1.70774257202e-08
  "BPMWI.A5L4.B1"       6798.755933                 1      264.15545519 1.48323969742e-08       315.6044425        15.6113604     304.137973953 1.70774257202e-08
  "BPMWA.B5L4.B1"       6824.619933                 1     239.913520994 1.48323969742e-08       277.6303821       15.62528443     276.226785271 1.70774257202e-08
  "BPMWA.A5L4.B1"       6833.504933                 1     223.048077215 1.48323969742e-08       266.1917904       15.63048707     256.808591174 1.70774257202e-08
  "BPMWA.A5R4.B1"       6881.553933                 1     180.231806864 1.48323969742e-08       218.5680628       15.66240457     207.511658398 1.70774257202e-08
  "BPMWA.B5R4.B1"       6890.438933                 1     173.235926681 1.48323969742e-08       212.3939333       15.66896959      199.45688314 1.70774257202e-08
   "BPMYB.5R4.B1"       6992.829433                 1     186.154777822 1.48323969742e-08       217.2561595       15.75149725     214.331129099 1.70774257202e-08
   "BPMYA.6R4.B1"       7024.393433                 1      410.96391322 1.48323969742e-08       486.1398227       15.76697937     473.167331882 1.70774257202e-08
     "BPM.7R4.B1"       7120.909433                 1     21.6207967022 1.48323969742e-08       22.79889128       15.93450269      24.893316322 1.70774257202e-08
     "BPM.8R4.B1"       7158.698443                 1      105.60757546 1.48323969742e-08       113.0607275       16.07991314     121.592317719 1.70774257202e-08
     "BPM.9R4.B1"       7197.763454                 1     17.0988001178 1.48323969742e-08        18.5713731       16.21624484     19.6868712066 1.70774257202e-08
    "BPM.10R4.B1"       7238.226465                 1     147.215588856 1.48323969742e-08       152.1990454        16.3816195     169.498111999 1.70774257202e-08
    "BPM.11R4.B1"       7290.065175                 1     32.2045338184 1.48323969742e-08       34.70392971       16.49278171     37.0790058475 1.70774257202e-08
    "BPM.12R4.B1"       7344.788691                 1      150.98461318 1.48323969742e-08        170.420853        16.6284393     173.837615118 1.70774257202e-08
    "BPM.13R4.B1"       7398.237207                 1     30.2838942658 1.48323969742e-08       33.47884206       16.74286491     34.8676586624 1.70774257202e-08
    "BPM.14R4.B1"       7451.685723                 1     165.424111671 1.48323969742e-08       171.6773885       16.87901446     190.462673316 1.70774257202e-08
    "BPM.15R4.B1"       7505.134239                 1     33.2313860487 1.48323969742e-08       33.49086865       16.99285025     38.2612822333 1.70774257202e-08
    "BPM.16R4.B1"       7558.582755                 1     158.224949853 1.48323969742e-08       171.6764447       17.12900082     182.173847754 1.70774257202e-08
    "BPM.17R4.B1"       7612.031271                 1     34.1239926366 1.48323969742e-08       33.49130626       17.24283608     39.2889935822 1.70774257202e-08
    "BPM.18R4.B1"       7665.479786                 1     161.066385107 1.48323969742e-08       171.6773889       17.37898495       185.4453621 1.70774257202e-08
    "BPM.19R4.B1"       7718.928302                 1      31.773309553 1.48323969742e-08        33.4908687       17.49282073     36.5825115603 1.70774257202e-08
    "BPM.20R4.B1"       7772.376818                 1     158.439279376 1.48323969742e-08       171.6764442        17.6289713     182.420618151 1.70774257202e-08
    "BPM.21R4.B1"       7825.825334                 1     30.1366469942 1.48323969742e-08       33.49130622       17.74280656     34.6981240722 1.70774257202e-08
    "BPM.22R4.B1"        7879.27385                 1     162.364748068 1.48323969742e-08       171.6773894       17.87895543     186.940245028 1.70774257202e-08
    "BPM.23R4.B1"       7932.722366                 1      31.961899353 1.48323969742e-08       33.49177445       17.99278936     36.7996462761 1.70774257202e-08
    "BPM.24R4.B1"       7986.170882                 1       149.7569928 1.48323969742e-08       171.6788307       18.12893623     172.424182354 1.70774257202e-08
    "BPM.25R4.B1"       8039.619398                 1     34.2325151327 1.48323969742e-08       33.49132722       18.24277051     39.4139420224 1.70774257202e-08
    "BPM.26R4.B1"       8093.067914                 1     168.679752708 1.48323969742e-08       171.6773888       18.37891937     194.211087553 1.70774257202e-08
    "BPM.27R4.B1"        8146.51643                 1     31.5194028076 1.48323969742e-08       33.49177437       18.49275331     36.2901735389 1.70774257202e-08
    "BPM.28R4.B1"       8199.964946                 1     160.487092814 1.48323969742e-08       171.6788313       18.62890018     184.778388236 1.70774257202e-08
    "BPM.29R4.B1"       8253.413461                 1     31.2570077424 1.48323969742e-08        33.4913273       18.74273446     35.9880624072 1.70774257202e-08
    "BPM.30R4.B1"       8306.861977                 1     164.224532907 1.48323969742e-08       171.6773882       18.87888332     189.081526542 1.70774257202e-08
    "BPM.31R4.B1"       8360.310493                 1     34.8804224598 1.48323969742e-08        33.4917743       18.99271725     40.1599164777 1.70774257202e-08
    "BPM.32R4.B1"       8413.759009                 1     153.469919195 1.48323969742e-08       171.6788318       19.12886413     176.699096572 1.70774257202e-08
    "BPM.33R4.B1"       8467.207525                 1     28.9212817993 1.48323969742e-08       33.49132738        19.2426984     33.2988014358 1.70774257202e-08
    "BPM.34R4.B1"       8520.656041                 1     162.280376946 1.48323969742e-08       171.6773877       19.37884727      186.84310351 1.70774257202e-08
    "BPM.33L5.B1"       8574.104557                 1     31.5183042164 1.48323969742e-08       33.49177422        19.4926812     36.2889086652 1.70774257202e-08
    "BPM.32L5.B1"       8627.553073                 1     151.116608593 1.48323969742e-08       171.6788324       19.62882807     173.989589331 1.70774257202e-08
    "BPM.31L5.B1"       8681.001589                 1     30.6279010104 1.48323969742e-08       33.49132746       19.74266235     35.2637342016 1.70774257202e-08
    "BPM.30L5.B1"       8734.450105                 1     162.770997861 1.48323969742e-08       171.6773871       19.87881121     187.407984711 1.70774257202e-08
    "BPM.29L5.B1"        8787.89862                 1      30.735697411 1.48323969742e-08       33.49177414       19.99264515     35.3878466446 1.70774257202e-08
    "BPM.28L5.B1"       8841.347136                 1     159.266385652 1.48323969742e-08        171.678833       20.12879202     183.372915075 1.70774257202e-08
    "BPM.27L5.B1"       8894.795652                 1     29.2214341232 1.48323969742e-08       33.49132754       20.24262629     33.6443847576 1.70774257202e-08
    "BPM.26L5.B1"       8948.244168                 1     167.060290402 1.48323969742e-08       171.6773865       20.37877516     192.346503745 1.70774257202e-08
    "BPM.25L5.B1"       9001.692684                 1     29.6475515828 1.48323969742e-08       33.49177406       20.49260909     34.1349992736 1.70774257202e-08
    "BPM.24L5.B1"         9055.1412                 1     155.055379758 1.48323969742e-08       171.6788335       20.62875597     178.524532141 1.70774257202e-08
    "BPM.23L5.B1"       9108.589716                 1      30.501119388 1.48323969742e-08       33.49132762       20.74259024     35.1177629373 1.70774257202e-08
    "BPM.22L5.B1"       9162.038232                 1     170.280837263 1.48323969742e-08        171.677386       20.87873911     196.054511958 1.70774257202e-08
    "BPM.21L5.B1"       9215.486748                 1     31.8083570143 1.48323969742e-08       33.49177398       20.99257304     36.6228637987 1.70774257202e-08
    "BPM.20L5.B1"       9268.935264                 1     162.776050432 1.48323969742e-08        171.676489       21.12872111     187.413802039 1.70774257202e-08
    "BPM.19L5.B1"       9322.383779                 1     29.1770165793 1.48323969742e-08       33.49040098       21.24255822     33.5932441828 1.70774257202e-08
    "BPM.17L5.B1"       9429.280811                 1     34.3024815787 1.48323969742e-08       33.49177398       21.49254352     39.4944985762 1.70774257202e-08
    "BPM.16L5.B1"       9482.729327                 1     157.459939526 1.48323969742e-08       171.6764903       21.62869159     181.293045611 1.70774257202e-08
    "BPM.15L5.B1"       9536.177843                 1     31.7435940592 1.48323969742e-08       33.49040098        21.7425287     36.5482983352 1.70774257202e-08
    "BPM.14L5.B1"       9589.626359                 1     172.931141096 1.48323969742e-08       171.6773425       21.87868007     199.105965268 1.70774257202e-08
    "BPM.13L5.B1"       9643.074875                 1     33.5974821849 1.48323969742e-08       33.49177397       21.99251401       38.68279061 1.70774257202e-08
    "BPM.12L5.B1"       9696.523391                 1     159.128435433 1.48323969742e-08       168.1512586       22.13049826     183.214084737 1.70774257202e-08
    "BPM.11L5.B1"       9749.971907                 1     33.6174756321 1.48323969742e-08        37.5248342        22.2382219     38.7058102616 1.70774257202e-08
    "BPM.10L5.B1"       9802.752617                 1     150.524350144 1.48323969742e-08       150.3503314       22.36968741     173.307686757 1.70774257202e-08
     "BPM.9L5.B1"       9841.817628                 1     19.6620203096 1.48323969742e-08       21.32865309       22.47730301     22.6380599124 1.70774257202e-08
     "BPM.8L5.B1"       9882.280639                 1     114.240025895 1.48323969742e-08       118.0728601       22.66146928     131.531374186 1.70774257202e-08
    "BPMR.7L5.B1"       9921.346649                 1     30.5251379358 1.48323969742e-08       30.35294283       22.76050366     35.1454169279 1.70774257202e-08
     "BPM.6L5.B1"       9958.240649                 1     151.226620952 1.48323969742e-08       176.9865915       22.86409762     174.116253139 1.70774257202e-08
    "BPMR.5L5.B1"       9990.140649                 1     390.887492608 1.48323969742e-08       462.1055391       22.88181088     450.052148118 1.70774257202e-08
   "BPMYA.4L5.B1"       10017.54665                 1     853.130664736 1.48323969742e-08       1054.043045        22.8881843     982.260357648 1.70774257202e-08
   "BPMWB.4L5.B1"       10038.68115                 1     1090.38981498 1.48323969742e-08       1315.864719       22.89098702     1255.43100713 1.70774257202e-08
   "BPMSY.4L5.B1"       10131.46115                 1     2135.04563694 1.48323969742e-08       2485.073071       22.89915642     2458.20573287 1.70774257202e-08
    "BPMS.2L5.B1"       10158.24665                 1      3113.8005807 1.48323969742e-08       3889.910817       22.90029854     3585.10483618 1.70774257202e-08
   "BPMSW.1L5.B1"       10168.21165                 1     1021.66756867 1.48323969742e-08       1162.912886       22.90113517     1176.30697487 1.70774257202e-08
   "BPMSW.1R5.B1"       10211.33965                 1     1043.07061934 1.48323969742e-08       1162.912184       23.39523136     1200.94958716 1.70774257202e-08
    "BPMS.2R5.B1"       10221.30465                 1     316.655737576 1.48323969742e-08       1466.574275       23.39630629     364.584688958 1.70774257202e-08
   "BPMWB.4R5.B1"       10340.87015                 1     720.795301745 1.48323969742e-08       817.3344555        23.4051606     829.894739632 1.70774257202e-08
   "BPMYA.4R5.B1"       10362.00265                 1     314.505200874 1.48323969742e-08       369.6082815       23.41139683     362.108647435 1.70774257202e-08
     "BPM.5R5.B1"       10383.12065                 1     157.150451431 1.48323969742e-08       168.4295663       23.42488375     180.936713458 1.70774257202e-08
    "BPMR.6R5.B1"       10415.02065                 1     7.44736639117 1.48323969742e-08       8.430381443       23.58150134     8.57459833213 1.70774257202e-08
   "BPM_A.7R5.B1"       10449.03465                 1     127.652424527 1.48323969742e-08       141.2419446       23.85403894      146.97387089 1.70774257202e-08
     "BPM.8R5.B1"       10490.47364                 1     19.7106923659 1.48323969742e-08       18.49863175       23.96924729     22.6940989618 1.70774257202e-08
     "BPM.9R5.B1"       10529.54063                 1     94.5875742658 1.48323969742e-08       110.3220925       24.17193213     108.904331268 1.70774257202e-08
    "BPM.10R5.B1"       10570.00562                 1     33.5566393403 1.48323969742e-08       38.03706263       24.26381535     38.6357658004 1.70774257202e-08
    "BPM.11R5.B1"       10622.78831                 1     179.488333741 1.48323969742e-08       181.7845149       24.38513182     206.655653327 1.70774257202e-08
    "BPM.12R5.B1"       10677.51479                 1     34.4508275675 1.48323969742e-08         34.790099       24.49695998     39.6652981853 1.70774257202e-08
    "BPM.13R5.B1"       10730.96627                 1     157.145606387 1.48323969742e-08       171.7494436       24.62968881     180.931135069 1.70774257202e-08
    "BPM.14R5.B1"       10784.41776                 1     30.2970956472 1.48323969742e-08       33.48864627        24.7435307     34.8828582024 1.70774257202e-08
    "BPM.15R5.B1"       10837.86924                 1     165.641207274 1.48323969742e-08       171.6886063       24.87969107     190.712628467 1.70774257202e-08
    "BPM.16R5.B1"       10891.32073                 1     33.9608711602 1.48323969742e-08       33.48817036       24.99353555     39.1011820706 1.70774257202e-08
    "BPM.17R5.B1"       10944.77221                 1     161.015664032 1.48323969742e-08       171.6923318       25.12969523     185.386963892 1.70774257202e-08
    "BPM.18R5.B1"        10998.2237                 1     29.3004688621 1.48323969742e-08       33.48864624       25.24353723     33.7353821793 1.70774257202e-08
    "BPM.19R5.B1"       11051.67518                 1      163.62841558 1.48323969742e-08       171.6886062        25.3796976     188.395181011 1.70774257202e-08
    "BPM.20R5.B1"       11105.12666                 1     31.1569076534 1.48323969742e-08       33.48817039       25.49354209     35.8728111881 1.70774257202e-08
    "BPM.21R5.B1"       11158.57815                 1     155.110464839 1.48323969742e-08       171.6923319       25.62970177     178.587954888 1.70774257202e-08
    "BPM.22R5.B1"       11212.02963                 1     30.6914009662 1.48323969742e-08       33.48864622       25.74354377     35.3368454985 1.70774257202e-08
    "BPM.23R5.B1"       11265.48112                 1      169.87367038 1.48323969742e-08       171.6909512       25.87970295     195.585716373 1.70774257202e-08
    "BPM.24R5.B1"        11318.9326                 1     31.8650058825 1.48323969742e-08       33.48909703       25.99354459     36.6880870287 1.70774257202e-08
    "BPM.25R5.B1"       11372.38408                 1     150.018588376 1.48323969742e-08       171.6923727       26.12970177     172.725372986 1.70774257202e-08
    "BPM.26R5.B1"       11425.83557                 1      31.247971806 1.48323969742e-08       33.48864622       26.24354377     35.9776587933 1.70774257202e-08
    "BPM.27R5.B1"       11479.28705                 1      169.57351836 1.48323969742e-08       171.6909512       26.37970295     195.240133402 1.70774257202e-08
    "BPM.28R5.B1"       11532.73854                 1     31.9150858853 1.48323969742e-08       33.48909703       26.49354459      36.745747131 1.70774257202e-08
    "BPM.29R5.B1"       11586.19002                 1     166.358658704 1.48323969742e-08       171.6923727       26.62970177     191.538673208 1.70774257202e-08
    "BPM.30R5.B1"        11639.6415                 1     32.2997858051 1.48323969742e-08       33.48864622       26.74354377     37.1886751565 1.70774257202e-08
    "BPM.31R5.B1"       11693.09299                 1     168.776553842 1.48323969742e-08       171.6909512       26.87970295     194.322540488 1.70774257202e-08
    "BPM.32R5.B1"       11746.54447                 1     30.6528252177 1.48323969742e-08       33.48909703       26.99354459     35.2924309321 1.70774257202e-08
    "BPM.33R5.B1"       11799.99596                 1     156.457074372 1.48323969742e-08       171.6923727       27.12970177     180.138386981 1.70774257202e-08
    "BPM.34R5.B1"       11853.44744                 1     32.3198713487 1.48323969742e-08       33.48864622       27.24354377     37.2118008441 1.70774257202e-08
    "BPM.33L6.B1"       11906.89893                 1     168.125746321 1.48323969742e-08       171.6909512       27.37970295     193.573226866 1.70774257202e-08
    "BPM.32L6.B1"       11960.35041                 1     32.7330325522 1.48323969742e-08       33.48909703       27.49354459     37.6874980477 1.70774257202e-08
    "BPM.31L6.B1"       12013.80189                 1   0.0189391930875 1.48323969742e-08       171.6923727       27.62970177   0.0218058257014 1.70774257202e-08
    "BPM.30L6.B1"       12067.25338                 1      31.509881307 1.48323969742e-08       33.48864622       27.74354377     36.2792108658 1.70774257202e-08
    "BPM.29L6.B1"       12120.70486                 1     174.954511115 1.48323969742e-08       171.6909512       27.87970295     201.435592182 1.70774257202e-08
    "BPM.28L6.B1"       12174.15635                 1     33.0758407904 1.48323969742e-08       33.48909703       27.99354459     38.0821936747 1.70774257202e-08
    "BPM.27L6.B1"       12227.60783                 1      160.79260537 1.48323969742e-08       171.6923727       28.12970177     185.130143114 1.70774257202e-08
    "BPM.26L6.B1"       12281.05931                 1     30.7247586134 1.48323969742e-08       33.48864622       28.24354377     35.3752521527 1.70774257202e-08
    "BPM.25L6.B1"        12334.5108                 1     163.350196979 1.48323969742e-08       171.6909512       28.37970295     188.074851297 1.70774257202e-08
    "BPM.24L6.B1"       12387.96228                 1     32.0439801683 1.48323969742e-08       33.48909703       28.49354459     36.8941508278 1.70774257202e-08
    "BPM.23L6.B1"       12441.41377                 1      83.156828727 1.48323969742e-08       171.6923727       28.62970177     95.7434302887 1.70774257202e-08
    "BPM.22L6.B1"       12494.86525                 1     30.8468664607 1.48323969742e-08       33.48864622       28.74354377     35.5158422203 1.70774257202e-08
    "BPM.21L6.B1"       12548.31673                 1     168.565237691 1.48323969742e-08       171.6909512       28.87970294     194.079239565 1.70774257202e-08
    "BPM.20L6.B1"       12601.76822                 1     33.6744031525 1.48323969742e-08       33.48819131       28.99354644     38.7713543205 1.70774257202e-08
    "BPM.19L6.B1"        12655.2197                 1     156.088149214 1.48323969742e-08       171.6899869       29.12970732     179.713621382 1.70774257202e-08
    "BPM.18L6.B1"       12708.67119                 1     31.8500260735 1.48323969742e-08        33.4886253       29.24355031     36.6708398786 1.70774257202e-08
    "BPM.17L6.B1"       12762.12267                 1     168.355546944 1.48323969742e-08       171.6909511       29.37970948     193.837810067 1.70774257202e-08
    "BPM.16L6.B1"       12815.57415                 1     30.5898808671 1.48323969742e-08        33.4881913       29.49355298     35.2199593367 1.70774257202e-08
    "BPM.15L6.B1"       12869.02564                 1     156.205886407 1.48323969742e-08        171.689987       29.62971385     179.849179253 1.70774257202e-08
    "BPM.14L6.B1"       12922.47712                 1     30.0705021392 1.48323969742e-08       33.48862531       29.74355684     34.6219675448 1.70774257202e-08
    "BPM.13L6.B1"       12975.92861                 1      164.17937812 1.48323969742e-08        171.690951       29.87971602     189.029537135 1.70774257202e-08
    "BPM.12L6.B1"       13029.38009                 1       31.68776138 1.48323969742e-08       32.85380122       29.99488123     36.4840148324 1.70774257202e-08
    "BPM.11L6.B1"       13082.83158                 1     157.087261971 1.48323969742e-08       177.4262416       30.12992819     180.863959653 1.70774257202e-08
    "BPM.10L6.B1"       13134.67226                 1     24.5916508513 1.48323969742e-08       29.61362466       30.24585235     28.3138383824 1.70774257202e-08
     "BPM.9L6.B1"       13173.73925                 1     126.508775387 1.48323969742e-08       135.2126565       30.36561155     145.657119236 1.70774257202e-08
     "BPM.8L6.B1"       13214.20424                 1     16.6224508198 1.48323969742e-08       18.86386505       30.48833405     19.1384217707 1.70774257202e-08
   "BPMYA.5L6.B1"       13311.29423                 1     498.681213654 1.48323969742e-08       576.8072326        30.7339036     574.161505996 1.70774257202e-08
   "BPMYB.4L6.B1"       13347.69423                 1     191.917818787 1.48323969742e-08       225.3551484       30.74912326     220.966462833 1.70774257202e-08
   "BPMSE.4L6.B1"       13476.94473                 1      137.22032296 1.48323969742e-08       152.5292131       30.87890794     157.989964584 1.70774257202e-08
   "BPMSA.4R6.B1"       13568.51473                 1     224.136607475 1.48323969742e-08       254.5630301       30.95582807     258.061881164 1.70774257202e-08
   "BPMYA.4R6.B1"       13691.29423                 1     478.925539041 1.48323969742e-08       573.8297065       31.00787876     551.415616283 1.70774257202e-08
   "BPMYB.5R6.B1"       13727.69423                 1     105.424402498 1.48323969742e-08       120.7891535       31.02888512     121.381419732 1.70774257202e-08
     "BPM.8R6.B1"       13823.42122                 1      98.642216658 1.48323969742e-08       106.2294544       31.35214226     113.572683551 1.70774257202e-08
    "BPM.10R6.B1"        13902.9532                 1     156.182121549 1.48323969742e-08       167.3166396       31.65352068     179.821817352 1.70774257202e-08
    "BPM.11R6.B1"       13954.79389                 1     33.8837640863 1.48323969742e-08       35.32712386       31.75757036     39.0124040848 1.70774257202e-08
    "BPM.12R6.B1"       14009.52037                 1     160.475481017 1.48323969742e-08       170.4229761       31.89361398     184.765018881 1.70774257202e-08
    "BPM.13R6.B1"       14062.97186                 1     29.5889005536 1.48323969742e-08       32.87662121       32.00924581      34.067470836 1.70774257202e-08
    "BPM.14R6.B1"       14116.42334                 1     164.828459943 1.48323969742e-08       173.7588578       32.14617605     189.776863857 1.70774257202e-08
    "BPM.15R6.B1"       14169.87483                 1     29.7498587573 1.48323969742e-08       31.52267301       32.26333567     34.2527916424 1.70774257202e-08
    "BPM.16R6.B1"       14223.32631                 1     165.672794714 1.48323969742e-08       174.0748047       32.40416773     190.748996976 1.70774257202e-08
    "BPM.17R6.B1"       14276.77779                 1     31.1389773131 1.48323969742e-08       32.91556085       32.51814385     35.8521669149 1.70774257202e-08
    "BPM.19R6.B1"       14383.68076                 1     31.1879511822 1.48323969742e-08       31.51889039       32.77262488     35.9085534595 1.70774257202e-08
    "BPM.20R6.B1"       14437.13225                 1     168.283895326 1.48323969742e-08       174.5016795       32.91323081     193.755313273 1.70774257202e-08
    "BPM.21R6.B1"       14490.58373                 1     31.7332050768 1.48323969742e-08       32.91478852       33.02703912     36.5363368784 1.70774257202e-08
    "BPM.22R6.B1"       14544.03522                 1     171.864718929 1.48323969742e-08       172.9065002       33.16440245     197.878129647 1.70774257202e-08
    "BPM.23R6.B1"        14597.4867                 1       30.45242235 1.48323969742e-08       32.89954089       33.27890599      35.061695125 1.70774257202e-08
    "BPM.24R6.B1"       14650.93818                 1     162.468706423 1.48323969742e-08       172.9086952       33.41627076       187.0599385 1.70774257202e-08
    "BPM.25R6.B1"       14704.38967                 1     29.4873028958 1.48323969742e-08       32.90016379       33.53077209     33.9504953763 1.70774257202e-08
    "BPM.26R6.B1"       14757.84115                 1     162.042338009 1.48323969742e-08       172.9064302       33.66813632     186.569035045 1.70774257202e-08
    "BPM.27R6.B1"       14811.29264                 1       31.10729001 1.48323969742e-08         32.899549       33.78263987     35.8156834278 1.70774257202e-08
    "BPM.29R6.B1"        14918.1956                 1     31.6923345177 1.48323969742e-08       32.90015534        34.0345059     36.4892801593 1.70774257202e-08
    "BPM.30R6.B1"       14971.64709                 1     168.840507206 1.48323969742e-08       172.9063627       34.17187019     194.396173821 1.70774257202e-08
    "BPM.31R6.B1"       15025.09857                 1     30.7365895247 1.48323969742e-08       32.89955779       34.28637375     35.3888737885 1.70774257202e-08
    "BPM.32R6.B1"       15078.55006                 1     156.068408751 1.48323969742e-08       172.9088301       34.42373839     179.690893006 1.70774257202e-08
    "BPM.33R6.B1"       15132.00154                 1     29.5297365261 1.48323969742e-08       32.90014622       34.53823971     33.9993517527 1.70774257202e-08
    "BPM.34R6.B1"       15185.45302                 1     165.991766661 1.48323969742e-08       172.9062979       34.67560406     191.116248457 1.70774257202e-08
    "BPM.33L7.B1"       15238.90451                 1     32.6082434228 1.48323969742e-08       32.89956723       34.79010763     37.5438208597 1.70774257202e-08
    "BPM.32L7.B1"       15292.35599                 1     162.681599227 1.48323969742e-08       172.9088936       34.92747221     187.305054718 1.70774257202e-08
    "BPM.31L7.B1"       15345.80748                 1     29.9222342459 1.48323969742e-08       32.90013647       35.04197353     34.4512578517 1.70774257202e-08
    "BPM.30L7.B1"       15399.25896                 1     163.256850764 1.48323969742e-08       172.9062359       35.17933793     187.967376216 1.70774257202e-08
    "BPM.29L7.B1"       15452.71045                 1     33.1886329445 1.48323969742e-08        32.8995773        35.2938415     38.2120580275 1.70774257202e-08
    "BPM.28L7.B1"       15506.16193                 1      163.94371805 1.48323969742e-08       172.9089541       35.43120603     188.758207602 1.70774257202e-08
    "BPM.27L7.B1"       15559.61341                 1     31.7486227471 1.48323969742e-08       32.90012609       35.54570734     36.5540881643 1.70774257202e-08
    "BPM.26L7.B1"        15613.0649                 1     160.174022635 1.48323969742e-08       172.9061768        35.6830718     184.417931816 1.70774257202e-08
    "BPM.25L7.B1"       15666.51638                 1     31.6598603401 1.48323969742e-08       32.89958798       35.79757538     36.4518906964 1.70774257202e-08
    "BPM.24L7.B1"       15719.96787                 1     156.791108532 1.48323969742e-08       172.9090116       35.93493984     180.522980486 1.70774257202e-08
    "BPM.23L7.B1"       15773.41935                 1     31.1788922246 1.48323969742e-08       32.90011511       36.04944115     35.8981233397 1.70774257202e-08
    "BPM.22L7.B1"       15826.87083                 1     161.728020171 1.48323969742e-08       172.9061209       36.18680568     186.207142119 1.70774257202e-08
    "BPM.21L7.B1"       15880.32232                 1     31.8054067951 1.48323969742e-08       32.89959925       36.30130925     36.6194670349 1.70774257202e-08
    "BPM.20L7.B1"        15933.7738                 1     170.664379899 1.48323969742e-08       174.5646964       36.43783228     196.496107532 1.70774257202e-08
    "BPM.19L7.B1"       15987.22529                 1     29.1034508438 1.48323969742e-08       31.52314421       36.55465792     33.5085435518 1.70774257202e-08
    "BPM.18L7.B1"       16040.67677                 1     156.234723517 1.48323969742e-08       173.2832302       36.69593289     179.882381143 1.70774257202e-08
    "BPM.17L7.B1"       16094.12825                 1      31.842652162 1.48323969742e-08       32.92502084        36.8102053     36.6623498532 1.70774257202e-08
    "BPM.16L7.B1"       16147.57974                 1     178.265196719 1.48323969742e-08        174.119195       36.94689257     205.247382521 1.70774257202e-08
    "BPM.15L7.B1"       16201.03122                 1     27.9713957981 1.48323969742e-08       31.50229455       37.06394951     32.2051408726 1.70774257202e-08
    "BPM.14L7.B1"       16254.48271                 1     160.739524436 1.48323969742e-08        173.731458       37.20503681     185.069027861 1.70774257202e-08
    "BPM.13L7.B1"       16307.93419                 1     31.9583822775 1.48323969742e-08       32.94123056       37.31909572     36.7955968568 1.70774257202e-08
    "BPM.12L7.B1"       16361.38567                 1      154.03031215 1.48323969742e-08       168.3162799       37.45878799     177.344310496 1.70774257202e-08
    "BPM.11L7.B1"       16414.83716                 1     28.3618288197 1.48323969742e-08        31.4156062        37.5785266      32.654669761 1.70774257202e-08
    "BPM.10L7.B1"       16467.61985                 1     141.334583524 1.48323969742e-08       159.4968211       37.72231549     162.726958834 1.70774257202e-08
     "BPM.9L7.B1"       16506.68684                 1     25.5614577539 1.48323969742e-08        25.8352186       37.81597601     29.4304350707 1.70774257202e-08
     "BPM.7L7.B1"       16586.21782                 1     60.1135186554 1.48323969742e-08        67.2066817       38.09126598     69.2122892479 1.70774257202e-08
     "BPM.6L7.B1"       16621.03582                 1     216.436763583 1.48323969742e-08       240.4385357       38.13795827     249.196590385 1.70774257202e-08
   "BPMWC.6L7.B1"       16633.13832                 1     210.224134265 1.48323969742e-08       238.4299536       38.14551791     242.043618691 1.70774257202e-08
   "BPMWE.5L7.B1"       16710.19232                 1     24.3055652186 1.48323969742e-08       28.93132311       38.33464748     27.9844508834 1.70774257202e-08
    "BPMW.5L7.B1"       16733.39732                 1     55.6587732206 1.48323969742e-08       65.83947785       38.43173704     64.0832744031 1.70774257202e-08
   "BPMWE.4L7.B1"       16768.48232                 1     234.075091956 1.48323969742e-08       277.5166264       38.47352541      269.50465274 1.70774257202e-08
    "BPMW.4L7.B1"       16796.58732                 1      302.57537647 1.48323969742e-08       342.5069838       38.48680076      348.37312711 1.70774257202e-08
    "BPMW.4R7.B1"       16912.63432                 1     41.0751543253 1.48323969742e-08       45.93433561       38.67484765     47.2922817638 1.70774257202e-08
   "BPMWE.4R7.B1"       16940.73932                 1      319.00147758 1.48323969742e-08       94.10543615       38.75102107     367.285479716 1.70774257202e-08
    "BPMW.5R7.B1"       16975.82432                 1     276.631856425 1.48323969742e-08       309.2923975       38.78398655     318.502800873 1.70774257202e-08
   "BPMWE.5R7.B1"       16999.02932                 1     293.508602254 1.48323969742e-08       349.9894117       38.79440234     337.934007697 1.70774257202e-08
    "BPMR.6R7.B1"       17078.24482                 1     55.7776579055 1.48323969742e-08        59.2828978        38.8870777      64.220153451 1.70774257202e-08
   "BPM_A.7R7.B1"       17116.28082                 1     119.781443211 1.48323969742e-08        127.874134        38.9671717     137.911539359 1.70774257202e-08
     "BPM.9R7.B1"        17194.4138                 1      102.99138691 1.48323969742e-08       108.6113909       39.28496583     118.580143374 1.70774257202e-08
    "BPM.10R7.B1"       17234.87878                 1     33.8209641144 1.48323969742e-08       34.81349859       39.38460427     38.9400987213 1.70774257202e-08
    "BPM.11R7.B1"       17287.66147                 1     167.681407091 1.48323969742e-08       179.6221878       39.51149712     193.061632536 1.70774257202e-08
    "BPM.12R7.B1"       17342.38796                 1     30.2796298353 1.48323969742e-08       30.98983344       39.63185931     34.8627487686 1.70774257202e-08
    "BPM.13R7.B1"       17395.83944                 1      159.28021989 1.48323969742e-08       171.9742438       39.77544702      183.38884326 1.70774257202e-08
    "BPM.14R7.B1"       17449.29093                 1     31.0083675585 1.48323969742e-08       32.82282969        39.8904541     35.7017880931 1.70774257202e-08
    "BPM.15R7.B1"       17502.74241                 1      161.62804358 1.48323969742e-08       175.4195302       40.02674292     186.092033091 1.70774257202e-08
    "BPM.16R7.B1"       17556.19389                 1     29.6384571281 1.48323969742e-08       31.59138403        40.1430642      34.124528284 1.70774257202e-08
    "BPM.17R7.B1"       17609.64538                 1     154.569326579 1.48323969742e-08       172.4144417        40.2846197     177.964910046 1.70774257202e-08
    "BPM.18R7.B1"       17663.09686                 1     30.0241977991 1.48323969742e-08       32.86554494       40.39936862     34.5686545887 1.70774257202e-08
    "BPM.19R7.B1"       17716.54835                 1     173.348836455 1.48323969742e-08       174.9991676       40.53575831     199.586882915 1.70774257202e-08
    "BPM.20R7.B1"       17769.99983                 1     28.9822535362 1.48323969742e-08       31.55282419        40.6523383     33.3690018431 1.70774257202e-08
    "BPM.21R7.B1"       17823.45131                 1     161.240342039 1.48323969742e-08       172.8432339          40.79377     185.645649119 1.70774257202e-08
    "BPM.22R7.B1"        17876.9028                 1     32.7213435795 1.48323969742e-08        32.8998236       40.90827269     37.6740398344 1.70774257202e-08
    "BPM.23R7.B1"       17930.35428                 1     160.428781662 1.48323969742e-08       172.9077162       41.04563718     184.711251121 1.70774257202e-08
    "BPM.24R7.B1"       17983.80577                 1     31.3558271554 1.48323969742e-08       32.89988454       41.16013951     36.1018391076 1.70774257202e-08
    "BPM.25R7.B1"       18037.25725                 1     163.393068939 1.48323969742e-08       172.9074405       41.29750398     188.124212348 1.70774257202e-08
    "BPM.26R7.B1"       18090.70874                 1     31.5115522447 1.48323969742e-08       32.89982464       41.41200654     36.2811347164 1.70774257202e-08
    "BPM.27R7.B1"       18144.16022                 1     167.507684035 1.48323969742e-08       172.9077228       41.54937102     192.861614792 1.70774257202e-08
    "BPM.28R7.B1"        18197.6117                 1     32.3374685689 1.48323969742e-08       32.89988346       41.66387335     37.2320615762 1.70774257202e-08
    "BPM.29R7.B1"       18251.06319                 1     168.055238078 1.48323969742e-08       172.9074341       41.80123782     193.492046509 1.70774257202e-08
    "BPM.30R7.B1"       18304.51467                 1     30.5748857764 1.48323969742e-08       32.89982575       41.91574038      35.202694592 1.70774257202e-08
    "BPM.31R7.B1"       18357.96616                 1     164.866129783 1.48323969742e-08        172.907729       42.05310486     189.820235397 1.70774257202e-08
    "BPM.32R7.B1"       18411.41764                 1     32.3526629724 1.48323969742e-08       32.89988233       42.16760719     37.2495558016 1.70774257202e-08
    "BPM.33R7.B1"       18464.86912                 1     168.616148064 1.48323969742e-08       172.9074281       42.30497167     194.137855722 1.70774257202e-08
    "BPM.34R7.B1"       18518.32061                 1     31.1220944499 1.48323969742e-08       32.89982691       42.41947423     35.8327286649 1.70774257202e-08
    "BPM.33L8.B1"       18571.77209                 1     162.307126563 1.48323969742e-08       172.9077348       42.55683871     186.873901943 1.70774257202e-08
    "BPM.32L8.B1"       18625.22358                 1     31.6803608046 1.48323969742e-08       32.89988113       42.67134103     36.4754941073 1.70774257202e-08
    "BPM.31L8.B1"       18678.67506                 1     162.994602213 1.48323969742e-08       172.9074224       42.80870552     187.665433775 1.70774257202e-08
    "BPM.30L8.B1"       18732.12654                 1     31.6456384119 1.48323969742e-08       32.89982814       42.92320808     36.4355161399 1.70774257202e-08
    "BPM.29L8.B1"       18785.57803                 1     165.573231591 1.48323969742e-08       172.9077404       43.06057255     190.634363998 1.70774257202e-08
    "BPM.28L8.B1"       18839.02951                 1     31.6423267253 1.48323969742e-08       32.89987987       43.17507487     36.4317031971 1.70774257202e-08
    "BPM.27L8.B1"         18892.481                 1     153.407429169 1.48323969742e-08        172.907417       43.31243937     176.627148068 1.70774257202e-08
    "BPM.26L8.B1"       18945.93248                 1     31.9228873228 1.48323969742e-08       32.89982943       43.42694193     36.7547293925 1.70774257202e-08
    "BPM.25L8.B1"       18999.38397                 1     170.680693185 1.48323969742e-08       172.9077455       43.56430639     196.514889994 1.70774257202e-08
    "BPM.24L8.B1"       19052.83545                 1     29.4148801231 1.48323969742e-08       32.89987856       43.67880871     33.8671107067 1.70774257202e-08
    "BPM.23L8.B1"       19106.28693                 1     157.216617747 1.48323969742e-08        172.907412       43.81617321     181.012894694 1.70774257202e-08
    "BPM.22L8.B1"       19159.73842                 1     32.1135787259 1.48323969742e-08       32.89983076       43.93067577     36.9742838097 1.70774257202e-08
    "BPM.21L8.B1"        19213.1899                 1     165.783117031 1.48323969742e-08       172.9077504       44.06804023     190.876017658 1.70774257202e-08
    "BPM.20L8.B1"       19266.64139                 1     30.2100278504 1.48323969742e-08       31.52453011        44.1855504     34.7826118407 1.70774257202e-08
    "BPM.19L8.B1"       19320.09287                 1     158.929358936 1.48323969742e-08       174.9181093       44.32590831      182.98487606 1.70774257202e-08
    "BPM.18L8.B1"       19373.54435                 1      32.401400659 1.48323969742e-08       32.90461086       44.43957341      37.305670415 1.70774257202e-08
    "BPM.17L8.B1"       19426.99584                 1     158.689874455 1.48323969742e-08       172.4966394       44.57718664     182.709143253 1.70774257202e-08
    "BPM.16L8.B1"       19480.44732                 1     29.7406380273 1.48323969742e-08       31.53886767       44.69483639     34.2421752645 1.70774257202e-08
    "BPM.15L8.B1"       19533.89881                 1     160.716989428 1.48323969742e-08       175.3213232       44.83492832     185.043081959 1.70774257202e-08
    "BPM.14L8.B1"       19587.35029                 1      30.960171698 1.48323969742e-08        32.8858192       44.94847408     35.6462973165 1.70774257202e-08
    "BPM.13L8.B1"       19640.80177                 1     153.902020693 1.48323969742e-08       172.1026377       45.08635444     177.196600869 1.70774257202e-08
    "BPM.12L8.B1"       19694.25326                 1     28.3542167895 1.48323969742e-08       31.37293495       45.20455088     32.6459055755 1.70774257202e-08
    "BPM.11L8.B1"       19747.70474                 1     161.679047756 1.48323969742e-08       172.5250638       45.34663709     186.150757249 1.70774257202e-08
    "BPM.10L8.B1"       19799.54543                 1     37.1709907712 1.48323969742e-08       36.73155567       45.45089375      42.797184767 1.70774257202e-08
     "BPM.9L8.B1"       19838.61242                 1     109.248571597 1.48323969742e-08       116.6497955       45.56264025     125.784414329 1.70774257202e-08
     "BPM.8L8.B1"       19879.07741                 1     13.0683596119 1.48323969742e-08       14.69965899       45.72432814     15.0463840029 1.70774257202e-08
     "BPM.7L8.B1"        19918.1454                 1     143.172554628 1.48323969742e-08       157.3086004       45.89965505     164.843124889 1.70774257202e-08
    "BPMR.6L8.B1"        19950.6144                 1     13.4714479512 1.48323969742e-08       15.18895857       46.01190509     15.5104837155 1.70774257202e-08
     "BPM.5L8.B1"        20011.0334                 1  0.00148488656651 1.48323969742e-08       195.5158164       46.26272826   0.0017096387109 1.70774257202e-08
   "BPMYB.4L8.B1"        20031.8004                 1     129.795707808 1.48323969742e-08       147.7706102         46.282222     149.441561115 1.70774257202e-08
   "BPMWB.4L8.B1"        20056.1919                 1     191.295850055 1.48323969742e-08       227.0523647       46.30501382     220.250353034 1.70774257202e-08
    "BPMS.2L8.B1"        20144.3364                 1     172.596520748 1.48323969742e-08       195.9886869       46.34282134     198.720696848 1.70774257202e-08
   "BPMSW.1L8.B1"        20154.2704                 1     143.300296058 1.48323969742e-08       158.4488479       46.35076145     164.990201238 1.70774257202e-08
   "BPMSW.1R8.B1"        20197.4604                 1     128.100514603 1.48323969742e-08       158.4488681       46.80682297     147.489783793 1.70774257202e-08
    "BPMS.2R8.B1"        20207.3944                 1     481.308988443 1.48323969742e-08       525.7496897       46.81297355     554.159824127 1.70774257202e-08
   "BPMSX.4R8.B1"        20245.3059                 1     273.320749637 1.48323969742e-08        333.385457       46.82652686       314.6905256 1.70774257202e-08
   "BPMWB.4R8.B1"        20295.4629                 1     262.882922754 1.48323969742e-08       285.9696942       46.85249538     302.672831253 1.70774257202e-08
   "BPMYB.4R8.B1"        20319.9304                 1     197.021783685 1.48323969742e-08       223.2398237       46.86685044     226.842962873 1.70774257202e-08
   "BPMYB.5R8.B1"        20340.5074                 1     58.2746417675 1.48323969742e-08       65.38134792       46.89409074     67.0950803088 1.70774257202e-08
     "BPM.6R8.B1"        20424.6154                 1     132.330977121 1.48323969742e-08       141.7589033       47.24936918     152.360568301 1.70774257202e-08
   "BPM_A.7R8.B1"        20446.8554                 1     48.9137886057 1.48323969742e-08       49.54158699       47.29211854     56.3173702174 1.70774257202e-08
     "BPM.8R8.B1"       20488.29241                 1     132.947587737 1.48323969742e-08       136.2596583       47.39261708     153.070508981 1.70774257202e-08
     "BPM.9R8.B1"       20527.35742                 1     13.1690657211 1.48323969742e-08       14.60444459       47.53603644     15.1623329693 1.70774257202e-08
    "BPM.10R8.B1"       20567.82043                 1     159.965980356 1.48323969742e-08       171.6500136       47.72557715     184.178400298 1.70774257202e-08
    "BPM.11R8.B1"       20619.65914                 1     35.5286412617 1.48323969742e-08       37.28617047       47.82442681     40.9062495523 1.70774257202e-08
    "BPM.12R8.B1"       20674.38266                 1     155.315826704 1.48323969742e-08       163.8206717        47.9590259     178.824400285 1.70774257202e-08
    "BPM.13R8.B1"       20727.83117                 1     29.8834174482 1.48323969742e-08       33.41790804       48.07641291      34.406565751 1.70774257202e-08
    "BPM.14R8.B1"       20781.27969                 1      156.61277901 1.48323969742e-08       171.6782551       48.21256525     180.317659043 1.70774257202e-08
    "BPM.15R8.B1"       20834.72821                 1     29.5278999242 1.48323969742e-08       33.49083193       48.32640076     33.9972371631 1.70774257202e-08
    "BPM.16R8.B1"       20888.17672                 1      151.94107131 1.48323969742e-08        171.675578       48.46255189     174.938842566 1.70774257202e-08
    "BPM.17R8.B1"       20941.62524                 1     32.8515165903 1.48323969742e-08       33.49134296       48.57638743     37.8239158069 1.70774257202e-08
    "BPM.18R8.B1"       20995.07375                 1     152.720988909 1.48323969742e-08       171.6782556       48.71253573     175.836808342 1.70774257202e-08
    "BPM.19R8.B1"       21048.52227                 1     31.8506780682 1.48323969742e-08       33.49083204       48.82637125     36.6715905591 1.70774257202e-08
    "BPM.20R8.B1"       21101.97079                 1       156.6734314 1.48323969742e-08       171.6755775       48.96252238     180.387491766 1.70774257202e-08
    "BPM.21R8.B1"        21155.4193                 1     31.2723128651 1.48323969742e-08       33.49134285       49.07635791     36.0056841104 1.70774257202e-08
    "BPM.22R8.B1"       21208.86782                 1      168.47336207 1.48323969742e-08       171.6782562       49.21250622     193.973457668 1.70774257202e-08
    "BPM.23R8.B1"       21262.31633                 1     31.2180718459 1.48323969742e-08       33.49173786       49.32633988      35.943233181 1.70774257202e-08
    "BPM.24R8.B1"       21315.76485                 1     157.971784929 1.48323969742e-08       171.6779638       49.46248731     181.882363836 1.70774257202e-08
    "BPM.25R8.B1"       21369.21337                 1     32.5449319467 1.48323969742e-08       33.49136377       49.57632186     37.4709265708 1.70774257202e-08
    "BPM.26R8.B1"       21422.66188                 1     163.682579294 1.48323969742e-08       171.6782558       49.71247016     188.457542935 1.70774257202e-08
    "BPM.27R8.B1"        21476.1104                 1     30.7833007282 1.48323969742e-08       33.49173786       49.82630382     35.4426551907 1.70774257202e-08
    "BPM.29R8.B1"       21583.00743                 1     31.9164505099 1.48323969742e-08       33.49136377       50.07628581     36.7473183049 1.70774257202e-08
    "BPM.30R8.B1"       21636.45594                 1     163.909747079 1.48323969742e-08       171.6782553       50.21243411     188.719094791 1.70774257202e-08
    "BPM.31R8.B1"       21689.90446                 1     33.0810598988 1.48323969742e-08       33.49173786       50.32626777     38.0882027464 1.70774257202e-08
    "BPM.32R8.B1"       21743.35298                 1     170.095223636 1.48323969742e-08       171.6779647        50.4624152     195.840803888 1.70774257202e-08
    "BPM.33R8.B1"       21796.80149                 1     31.7457905147 1.48323969742e-08       33.49136377       50.57624975     36.5508272458 1.70774257202e-08
    "BPM.34R8.B1"       21850.25001                 1     165.921864079 1.48323969742e-08       171.6782549       50.71239806     191.035765432 1.70774257202e-08
    "BPM.33L1.B1"       21903.69852                 1     30.5946703962 1.48323969742e-08       33.49173786       50.82623172     35.2254738081 1.70774257202e-08
    "BPM.32L1.B1"       21957.14704                 1     170.060953625 1.48323969742e-08       171.6779651       50.96237915     195.801346775 1.70774257202e-08
    "BPM.31L1.B1"       22010.59556                 1     31.1871467169 1.48323969742e-08       33.49136377        51.0762137     35.9076272304 1.70774257202e-08
    "BPM.30L1.B1"       22064.04407                 1     165.156617659 1.48323969742e-08       171.6782545         51.212362     190.154691462 1.70774257202e-08
    "BPM.29L1.B1"       22117.49259                 1     30.5991434691 1.48323969742e-08       33.49173786       51.32619566     35.2306239244 1.70774257202e-08
    "BPM.28L1.B1"        22170.9411                 1     165.260461123 1.48323969742e-08       171.6779655        51.4623431     190.274252653 1.70774257202e-08
    "BPM.27L1.B1"       22224.38962                 1     32.1144952368 1.48323969742e-08       33.49136377       51.57617765     36.9753390434 1.70774257202e-08
    "BPM.26L1.B1"       22277.83814                 1     161.066416454 1.48323969742e-08       171.6782541       51.71232595     185.445398191 1.70774257202e-08
    "BPM.25L1.B1"       22331.28665                 1     33.1834620165 1.48323969742e-08       33.49173786       51.82615961     38.2061044288 1.70774257202e-08
    "BPM.24L1.B1"       22384.73517                 1     170.655862888 1.48323969742e-08        171.677966       51.96230704     196.486301388 1.70774257202e-08
    "BPM.23L1.B1"       22438.18368                 1     32.9659683428 1.48323969742e-08       33.49136377       52.07614159     37.9556909546 1.70774257202e-08
    "BPM.22L1.B1"        22491.6322                 1     163.398815885 1.48323969742e-08       171.6782536        52.2122899     188.130829151 1.70774257202e-08
    "BPM.21L1.B1"       22545.08071                 1     33.3731764931 1.48323969742e-08       33.49173786       52.32612356      38.424534052 1.70774257202e-08
    "BPM.20L1.B1"       22598.52923                 1     161.661678466 1.48323969742e-08       171.6756212       52.46227218     186.130758946 1.70774257202e-08
    "BPM.19L1.B1"       22651.97775                 1     32.3374542209 1.48323969742e-08       33.49134274       52.57610772     37.2320450564 1.70774257202e-08
    "BPM.18L1.B1"       22705.42626                 1     162.210500009 1.48323969742e-08       171.6782533       52.71225603     186.762650012 1.70774257202e-08
    "BPM.17L1.B1"       22758.87478                 1     32.5576398694 1.48323969742e-08       33.49173796       52.82608969     37.4855579622 1.70774257202e-08
    "BPM.16L1.B1"       22812.32329                 1     161.159819022 1.48323969742e-08       171.6756216       52.96223831     185.552938154 1.70774257202e-08
    "BPM.15L1.B1"       22865.77181                 1     31.0466115592 1.48323969742e-08       33.49134265       53.07607385     35.7458206984 1.70774257202e-08
    "BPM.14L1.B1"       22919.22033                 1     160.411693522 1.48323969742e-08       171.6782529       53.21222216     184.691576523 1.70774257202e-08
    "BPM.13L1.B1"       22972.66884                 1     31.3901947549 1.48323969742e-08       33.49173806       53.32605582     36.1414085803 1.70774257202e-08
    "BPM.12L1.B1"       23026.11736                 1     159.489743785 1.48323969742e-08       168.1504141       53.46404064     183.630080651 1.70774257202e-08
    "BPM.11L1.B1"       23079.56587                 1     32.8987434012 1.48323969742e-08       37.52486372       53.57176455     37.8782908588 1.70774257202e-08
    "BPM.10L1.B1"       23132.34658                 1     38.9719864581 1.48323969742e-08       150.3511185       53.70322954     44.8707788138 1.70774257202e-08
     "BPM.9L1.B1"        23171.4116                 1     21.1115866626 1.48323969742e-08       21.32865198       53.81084481     24.3070323491 1.70774257202e-08
     "BPM.8L1.B1"       23211.87461                 1     107.733559809 1.48323969742e-08       118.0723971        53.9950118     124.040090649 1.70774257202e-08
    "BPMR.7L1.B1"       23250.94062                 1     28.3572348832 1.48323969742e-08       30.35301037       54.09404628     32.6493804873 1.70774257202e-08
     "BPM.6L1.B1"       23294.12462                 1     200.386204759 1.48323969742e-08       223.6907522         54.202662     230.716622072 1.70774257202e-08
    "BPMR.5L1.B1"       23326.02462                 1      23071.156629 1.48323969742e-08       557.7754692       54.21734278     26563.2024477 1.70774257202e-08
   "BPMYA.4L1.B1"       23347.14262                 1     911.772865327 1.48323969742e-08       1054.102596       54.22172664     1049.77863041 1.70774257202e-08
   "BPMWB.4L1.B1"       23368.27512                 1      1147.1721678 1.48323969742e-08        1315.87094       54.22452905     1320.80792591 1.70774257202e-08
   "BPMSY.4L1.B1"       23461.05512                 1     2094.88074132 1.48323969742e-08       2485.084106       54.23269841     2411.96148638 1.70774257202e-08
    "BPMS.2L1.B1"       23487.84062                 1     3387.06064908 1.48323969742e-08        3889.92792       54.23384052     3899.72549582 1.70774257202e-08
   "BPMSW.1L1.B1"       23497.79062                 1     1012.94416609 1.48323969742e-08       1164.535827        54.2346751     1166.26319975 1.70774257202e-08
   "BPMSW.1R1.B1"       23540.93362                 1     1024.67429584 1.48323969742e-08       1162.917516       54.72877337     1179.76879967 1.70774257202e-08
    "BPMS.2R1.B1"       23550.89862                 1      1418.5401879 1.48323969742e-08       1466.580942       54.72984829     1633.25015721 1.70774257202e-08
   "BPMSY.4R1.B1"       23577.68412                 1     4321.93568264 1.48323969742e-08       5153.600961       54.73150531     4976.10303421 1.70774257202e-08
   "BPMWB.4R1.B1"       23670.46412                 1     679.709726743 1.48323969742e-08       817.3378881       54.73870256      782.59045992 1.70774257202e-08
   "BPMYA.4R1.B1"       23691.59662                 1     292.859483335 1.48323969742e-08        369.609732       54.74493876     337.186638263 1.70774257202e-08
     "BPM.5R1.B1"       23719.00462                 1     102.193262039 1.48323969742e-08       119.2959437       54.76543758     117.661214476 1.70774257202e-08
    "BPMR.6R1.B1"       23750.90462                 1     8.61481937798 1.48323969742e-08       8.901368823       55.04470962     9.91875677791 1.70774257202e-08
   "BPMSX.7R1.B1"       23757.12012                 1     19.7958855274 1.48323969742e-08       20.14614964        55.1215284     22.7921869437 1.70774257202e-08
   "BPM_A.7R1.B1"       23778.62862                 1     139.062412132 1.48323969742e-08       141.2427034       55.18758116     160.110872018 1.70774257202e-08
     "BPM.8R1.B1"       23820.06761                 1     18.6046517418 1.48323969742e-08       18.49864084        55.3027891     21.4206482421 1.70774257202e-08
     "BPM.9R1.B1"        23859.1346                 1     103.978259452 1.48323969742e-08       110.3217168       55.50547469     119.716388754 1.70774257202e-08
    "BPM.10R1.B1"       23899.59958                 1     36.2454781011 1.48323969742e-08       38.03715495       55.59735796     41.7315866776 1.70774257202e-08
    "BPM.11R1.B1"       23952.38227                 1     176.005973051 1.48323969742e-08       181.7854061       55.71867387     202.646203194 1.70774257202e-08
    "BPM.12R1.B1"       24007.10876                 1     35.8305784002 1.48323969742e-08       34.79005152       55.83050179      41.253887838 1.70774257202e-08
    "BPM.13R1.B1"       24060.56024                 1     158.551671241 1.48323969742e-08       171.7485776       55.96323119     182.550021628 1.70774257202e-08
    "BPM.14R1.B1"       24114.01173                 1     31.9773970562 1.48323969742e-08       33.48868443       56.07707335     36.8174897087 1.70774257202e-08
    "BPM.15R1.B1"       24167.46321                 1     167.357604323 1.48323969742e-08       171.6894719       56.21323315     192.688819043 1.70774257202e-08
    "BPM.16R1.B1"       24220.91469                 1      33.166874087 1.48323969742e-08       33.48813219       56.32707736     38.1870057535 1.70774257202e-08
    "BPM.17R1.B1"       24274.36618                 1     166.783795804 1.48323969742e-08       171.6914662       56.46323761     192.028158977 1.70774257202e-08
    "BPM.18R1.B1"       24327.81766                 1     32.9926970053 1.48323969742e-08       33.48868442       56.57707988     37.9864652623 1.70774257202e-08
    "BPM.19R1.B1"       24381.26915                 1     160.243088502 1.48323969742e-08       171.6894718       56.71323968     184.497451479 1.70774257202e-08
    "BPM.20R1.B1"       24434.72063                 1     31.5183697942 1.48323969742e-08        33.4881322        56.8270839     36.2889841688 1.70774257202e-08
    "BPM.21R1.B1"       24488.17211                 1     172.543552663 1.48323969742e-08       171.6914663       56.96324415     198.659711524 1.70774257202e-08
    "BPM.22R1.B1"        24541.6236                 1     29.0309472314 1.48323969742e-08        33.4886844       57.07708642     33.4250658065 1.70774257202e-08
    "BPM.23R1.B1"       24595.07508                 1     165.882367452 1.48323969742e-08       171.6918168       57.21324503     190.990290604 1.70774257202e-08
    "BPM.24R1.B1"       24648.52657                 1      31.036233549 1.48323969742e-08       33.48905884        57.3270864     35.7338718745 1.70774257202e-08
    "BPM.25R1.B1"       24701.97805                 1     160.494006528 1.48323969742e-08       171.6915071       57.46324415     184.786348409 1.70774257202e-08
    "BPM.26R1.B1"       24755.42954                 1     31.8624227464 1.48323969742e-08        33.4886844       57.57708642     36.6851129095 1.70774257202e-08
    "BPM.27R1.B1"       24808.88102                 1     167.902792014 1.48323969742e-08       171.6918168       57.71324503     193.316526238 1.70774257202e-08
    "BPM.28R1.B1"        24862.3325                 1     29.0207191009 1.48323969742e-08       33.48905884        57.8270864     33.4132895482 1.70774257202e-08
    "BPM.29R1.B1"       24915.78399                 1     158.827472303 1.48323969742e-08       171.6915071       57.96324415     182.867567885 1.70774257202e-08
    "BPM.30R1.B1"       24969.23547                 1     33.9732272784 1.48323969742e-08        33.4886844       58.07708642     39.1154084085 1.70774257202e-08
    "BPM.31R1.B1"       25022.68696                 1     158.412776082 1.48323969742e-08       171.6918168       58.21324503     182.390103324 1.70774257202e-08
    "BPM.32R1.B1"       25076.13844                 1     30.7885847829 1.48323969742e-08       33.48905884        58.3270864     35.4487390389 1.70774257202e-08
    "BPM.33R1.B1"       25129.58992                 1     159.421548007 1.48323969742e-08       171.6915071       58.46324415     183.551562774 1.70774257202e-08
    "BPM.34R1.B1"       25183.04141                 1     25.0152581883 1.48323969742e-08        33.4886844       58.57708642     28.8015628442 1.70774257202e-08
    "BPM.33L2.B1"       25236.49289                 1     156.841148413 1.48323969742e-08       171.6918168       58.71324503     180.580594394 1.70774257202e-08
    "BPM.32L2.B1"       25289.94438                 1     31.3940364029 1.48323969742e-08       33.48905884        58.8270864     36.1458316994 1.70774257202e-08
    "BPM.31L2.B1"       25343.39586                 1     154.356994156 1.48323969742e-08       171.6915071       58.96324415     177.720439028 1.70774257202e-08
    "BPM.30L2.B1"       25396.84734                 1     32.2349772135 1.48323969742e-08        33.4886844       59.07708642      37.114057149 1.70774257202e-08
    "BPM.29L2.B1"       25450.29883                 1     158.366057186 1.48323969742e-08       171.6918168       59.21324503     182.336313065 1.70774257202e-08
    "BPM.28L2.B1"       25503.75031                 1     30.6076215768 1.48323969742e-08       33.48905884        59.3270864     35.2403852769 1.70774257202e-08
    "BPM.27L2.B1"        25557.2018                 1      163.63463961 1.48323969742e-08       171.6915071       59.46324415      188.40234711 1.70774257202e-08
    "BPM.26L2.B1"       25610.65328                 1      32.531351381 1.48323969742e-08        33.4886844       59.57708642     37.4552904532 1.70774257202e-08
    "BPM.25L2.B1"       25664.10477                 1     164.064446881 1.48323969742e-08       171.6918168       59.71324503     188.897209925 1.70774257202e-08
    "BPM.24L2.B1"       25717.55625                 1     30.6921239629 1.48323969742e-08       33.48905884        59.8270864     35.3376779278 1.70774257202e-08
    "BPM.23L2.B1"       25771.00773                 1     159.833141364 1.48323969742e-08       171.6915071       59.96324415     184.025454822 1.70774257202e-08
    "BPM.22L2.B1"       25824.45922                 1     32.7024790998 1.48323969742e-08        33.4886844       60.07708642     37.6523200306 1.70774257202e-08
    "BPM.21L2.B1"        25877.9107                 1     159.866617698 1.48323969742e-08       171.6918168       60.21324503     184.063998126 1.70774257202e-08
    "BPM.20L2.B1"       25931.36219                 1     30.8739052692 1.48323969742e-08       33.48815312       60.32708825     35.5469736176 1.70774257202e-08
    "BPM.19L2.B1"       25984.81367                 1     162.032593436 1.48323969742e-08       171.6891213       60.46324969     186.557815535 1.70774257202e-08
    "BPM.18L2.B1"       26038.26515                 1     35.6719360037 1.48323969742e-08       33.48866351       60.57709295      41.071233359 1.70774257202e-08
    "BPM.17L2.B1"       26091.71664                 1     158.611730259 1.48323969742e-08       171.6918167       60.71325156     182.619171167 1.70774257202e-08
    "BPM.16L2.B1"       26145.16812                 1     32.7056975547 1.48323969742e-08        33.4881531       60.82709479     37.6560256302 1.70774257202e-08
    "BPM.15L2.B1"       26198.61961                 1     165.499971292 1.48323969742e-08       171.6891214       60.96325623     190.550015035 1.70774257202e-08
    "BPM.14L2.B1"       26252.07109                 1     33.0531155507 1.48323969742e-08       33.48866353       61.07709949     38.0560287471 1.70774257202e-08
    "BPM.13L2.B1"       26305.52257                 1     159.981138649 1.48323969742e-08       171.6918166        61.2132581     184.195852947 1.70774257202e-08
    "BPM.12L2.B1"       26358.97406                 1     28.5443300599 1.48323969742e-08       31.47929129       61.33145893     32.8647943538 1.70774257202e-08
    "BPM.11L2.B1"       26412.42554                 1     172.541411838 1.48323969742e-08       174.6850902       61.47187703     198.657246664 1.70774257202e-08
    "BPM.10L2.B1"       26464.26623                 1     31.5549816482 1.48323969742e-08       32.23807272       61.58317875     36.3311375859 1.70774257202e-08
     "BPM.9L2.B1"       26503.33322                 1     111.412420403 1.48323969742e-08       115.6055364       61.70563118     128.275782872 1.70774257202e-08
     "BPM.8L2.B1"       26543.79821                 1     17.7101390298 1.48323969742e-08       18.34519332       61.84459768     20.3907422585 1.70774257202e-08
     "BPM.7L2.B1"        26582.8662                 1     104.651293229 1.48323969742e-08       115.9740203       62.02647857     120.491292793 1.70774257202e-08
    "BPMR.6L2.B1"        26614.9722                 1     22.7165440185 1.48323969742e-08       24.05271479       62.12478977     26.1549157408 1.70774257202e-08