@ GetLLMVersion %s "V3.0.0 Dev"
@ Command %s "/afs/cern.ch/work/o/omc/anaconda/bin/python '/afs/cern.ch/work/e/efol/public/Beta-Beat.src/GetLLM/GetLLM.py' '--accel=LHCB1' '--model=/afs/cern.ch/work/e/efol/public/betabeatGui/temp/2017-12-20/models/LHCB1/Multiturn-model_40cm_2041/twiss.dat' '--files=/afs/cern.ch/work/e/efol/public/betabeatGui/temp/2017-12-20/LHCB1/Measurements/Beam1@Turn@2017_09_11@19_02_33_250_notcleaned/Beam1@Turn@2017_09_11@19_02_33_250_notcleaned.sdds' '--output=/afs/cern.ch/work/e/efol/public/betabeatGui/temp/2017-12-20/LHCB1/Results/40cm_notcleaned' '--tbtana=SUSSIX' '--bpmu=mm' '--lhcphase=1' '--errordefs=/afs/cern.ch/work/e/efol/public/betabeatGui/temp/2017-12-20/models/LHCB1/Multiturn-model_40cm_2041/error_deff.txt'"
@ CWD %s "/home/efol/Workspaces/Accsoft-Eclipse-Pro/lhc-app-beta-beating"
@ Date %s "20. December 2017, 16:53:14"
@ Q1 %le 0.299858442458
@ Q2 %le 0.33142165071
@ RMSbetabeat %le 1.77532672018
@ RescalingFactor %le 1.15135980718
@ FILES %s "/afs/cern.ch/work/e/efol/public/betabeatGui/temp/2017-12-20/LHCB1/Measurements/Beam1@Turn@2017_09_11@19_02_33_250_notcleaned/Beam1@Turn@2017_09_11@19_02_33_250_notcleaned.sdds.linx"
*            NAME                 S             COUNT              BETX           BETXSTD           BETXMDL            MUXMDL           BETXRES        BETXSTDRES
$              %s               %le               %le               %le               %le               %le               %le               %le               %le
   "BPMYB.5L2.B1"            28.288                 1     140.732847757 1.48323969742e-08       177.1517339      0.0307105773     162.034144457 1.70774257202e-08
   "BPMYB.4L2.B1"            48.858                 1      68.740155201 1.48323969742e-08       83.42430573     0.05777070718     79.1446518377 1.70774257202e-08
   "BPMWI.4L2.B1"           73.3255                 1      66.086618835 1.48323969742e-08       79.46384864      0.1106630256     76.0894767189 1.70774257202e-08
   "BPMSX.4L2.B1"          123.4825                 1     142.753802983 1.48323969742e-08       159.6296909      0.1841212942     164.360991077 1.70774257202e-08
    "BPMS.2L2.B1"           161.394                 1     60.0728844157 1.48323969742e-08       60.51586181      0.2375585824     69.1655046175 1.70774257202e-08
   "BPMSW.1L2.B1"           171.328                 1     50.2684602157 1.48323969742e-08       54.94020744      0.2619098945     57.8770846611 1.70774257202e-08
   "BPMSW.1R2.B1"           214.518                 1     48.7739901291 1.48323969742e-08       53.78132057      0.6157627793     56.1564118704 1.70774257202e-08
    "BPMS.2R2.B1"           224.452                 1     144.942551467 1.48323969742e-08       163.3198522      0.6347445753     166.881028109 1.70774257202e-08
   "BPMSX.4R2.B1"          262.3635                 1     72.0147384662 1.48323969742e-08       93.77997746      0.6811952369     82.9148753945 1.70774257202e-08
   "BPMWB.4R2.B1"          312.5965                 1     88.2869234174 1.48323969742e-08       102.1823307      0.7669564086     101.650015122 1.70774257202e-08
   "BPMYB.4R2.B1"           336.988                 1     90.4924222499 1.48323969742e-08       101.4268726      0.8022192363     104.189337833 1.70774257202e-08
    "BPMR.5R2.B1"           366.522                 1     36.0174315245 1.48323969742e-08       34.89104464      0.8947403531     41.4690230152 1.70774257202e-08
     "BPM.6R2.B1"           439.818                 1     155.061481035 1.48323969742e-08       183.0161833       1.035300704     178.531556905 1.70774257202e-08
   "BPM_A.7R2.B1"           452.693                 1     75.7327173045 1.48323969742e-08       84.69129598       1.051789175     87.1956067928 1.70774257202e-08
     "BPM.8R2.B1"       494.1300106                 1     95.6934198384 1.48323969742e-08       106.4141936       1.137043441     110.177557413 1.70774257202e-08
     "BPM.9R2.B1"       533.1950212                 1     15.2880145006 1.48323969742e-08        15.9858868       1.302613849     17.6020054276 1.70774257202e-08
    "BPM.10R2.B1"       573.6580318                 1     168.061703511 1.48323969742e-08       181.9953665       1.462134842     193.499490549 1.70774257202e-08
    "BPM.11R2.B1"       625.4967424                 1     30.2780991758 1.48323969742e-08       32.31860712       1.566060696     34.8609864288 1.70774257202e-08
    "BPM.12R2.B1"       680.2202583                 1     151.769775296 1.48323969742e-08       164.4711574        1.71652591      174.74161922 1.70774257202e-08
    "BPM.13R2.B1"       733.6687742                 1     32.2596461649 1.48323969742e-08        34.0452889       1.832168847     37.1424599881 1.70774257202e-08
    "BPM.14R2.B1"       787.1172901                 1     171.038273765 1.48323969742e-08       180.5063043       1.962332305     196.926593903 1.70774257202e-08
    "BPM.15R2.B1"        840.565806                 1     31.5822165146 1.48323969742e-08       33.77617929       2.072199532     36.3624947165 1.70774257202e-08
    "BPM.16R2.B1"       894.0143219                 1     145.908923086 1.48323969742e-08       159.3057621       2.214397629     167.993669549 1.70774257202e-08
    "BPM.17R2.B1"       947.4628378                 1     33.2397304079 1.48323969742e-08       34.00358741       2.332446493     38.2708895931 1.70774257202e-08
    "BPM.18R2.B1"       1000.911354                 1     171.034724462 1.48323969742e-08       180.4990122       2.462596989     196.922507377 1.70774257202e-08
    "BPM.19R2.B1"        1054.35987                 1     31.1215481472 1.48323969742e-08       33.76856551       2.572481689     35.8320996739 1.70774257202e-08
    "BPM.20R2.B1"       1107.808386                 1     146.002470559 1.48323969742e-08       159.3131206       2.714697524     168.101376351 1.70774257202e-08
    "BPM.21R2.B1"       1161.256901                 1     32.3604662173 1.48323969742e-08       34.01120045         2.8327267     37.2585401442 1.70774257202e-08
    "BPM.22R2.B1"       1214.705417                 1     168.610146429 1.48323969742e-08       180.4915873       2.962861683     194.130945681 1.70774257202e-08
    "BPM.23R2.B1"       1268.153933                 1     30.4815110562 1.48323969742e-08       32.28357935       3.075737078     35.0951866922 1.70774257202e-08
    "BPM.24R2.B1"       1321.602449                 1     155.287400918 1.48323969742e-08       161.2314885       3.221334147     178.791671978 1.70774257202e-08
    "BPM.25R2.B1"       1375.050965                 1     8.90059094205 1.48323969742e-08       34.16753813       3.338138723     10.2477826708 1.70774257202e-08
    "BPM.26R2.B1"       1428.499481                 1     180.709509168 1.48323969742e-08       180.0536797       3.468127126     208.061665631 1.70774257202e-08
    "BPM.27R2.B1"       1481.947997                 1     29.6829215241 1.48323969742e-08        32.1444477       3.581464712     34.1757228025 1.70774257202e-08
    "BPM.28R2.B1"       1535.396513                 1     159.243896514 1.48323969742e-08       161.6924597       3.727213292     183.347021985 1.70774257202e-08
    "BPM.29R2.B1"       1588.845029                 1     33.2118221764 1.48323969742e-08       34.30419083       3.843527967     38.2387571771 1.70774257202e-08
    "BPM.30R2.B1"       1642.293545                 1     172.804903181 1.48323969742e-08       179.5702099       3.973406065     198.960620006 1.70774257202e-08
    "BPM.31R2.B1"        1695.74206                 1     30.4303598311 1.48323969742e-08       32.01044141        4.08721674     35.0362932276 1.70774257202e-08
    "BPM.32R2.B1"       1749.190576                 1     2.17545743148 1.48323969742e-08       162.1978357       4.233074888     2.50473424883 1.70774257202e-08
    "BPM.33R2.B1"       1802.639092                 1     32.9862404725 1.48323969742e-08       34.43538651       4.348896202     37.9790314699 1.70774257202e-08
    "BPM.34R2.B1"       1856.087608                 1     172.117795873 1.48323969742e-08       179.0435469        4.47869988     198.169512268 1.70774257202e-08
    "BPM.33L3.B1"       1909.536124                 1     30.5755211895 1.48323969742e-08        31.8822171       4.592992385     35.2034261811 1.70774257202e-08
    "BPM.32L3.B1"        1962.98464                 1     151.102242119 1.48323969742e-08       162.7451403       4.738917489     173.973048351 1.70774257202e-08
    "BPM.31L3.B1"       2016.433156                 1      32.766274309 1.48323969742e-08       34.56048233       4.854244488     37.7257712703 1.70774257202e-08
    "BPM.30L3.B1"       2069.881672                 1     164.939980294 1.48323969742e-08       178.4762713         4.9840099     189.905263908 1.70774257202e-08
    "BPM.29L3.B1"       2123.330188                 1     28.5353822272 1.48323969742e-08       31.76040305       5.098790731     32.8544921788 1.70774257202e-08
    "BPM.28L3.B1"       2176.778704                 1     150.659420844 1.48323969742e-08       163.3316918       5.244739765     173.463201733 1.70774257202e-08
    "BPM.27L3.B1"        2230.22722                 1     33.2971186503 1.48323969742e-08       34.67886535       5.359573959     38.3369641088 1.70774257202e-08
    "BPM.26L3.B1"       2283.675735                 1     166.990333616 1.48323969742e-08       177.8711626       5.489337398     192.265958312 1.70774257202e-08
    "BPM.25L3.B1"       2337.124251                 1     31.3070042027 1.48323969742e-08       31.64559612       5.604610723     36.0456263221 1.70774257202e-08
    "BPM.24L3.B1"       2390.572767                 1     153.749086004 1.48323969742e-08       163.9546162       5.750540516     177.020518016 1.70774257202e-08
    "BPM.23L3.B1"       2444.021283                 1     33.4964533543 1.48323969742e-08       34.78995551       5.864885818     38.5664700751 1.70774257202e-08
    "BPM.22L3.B1"       2497.469799                 1     170.372694611 1.48323969742e-08       177.2311858       5.994683583     196.160272815 1.70774257202e-08
    "BPM.21L3.B1"       2550.918315                 1     29.6832166694 1.48323969742e-08       31.53835885       6.110451177     34.1760626209 1.70774257202e-08
    "BPM.20L3.B1"       2604.366831                 1     149.972160938 1.48323969742e-08       163.1672425       6.257193088       172.6719183 1.70774257202e-08
    "BPM.19L3.B1"       2657.815347                 1     32.7438895822 1.48323969742e-08       36.36702505         6.3688608     37.6999983956 1.70774257202e-08
    "BPM.18L3.B1"       2711.263863                 1      176.12107003 1.48323969742e-08       177.2510812       6.494953214      202.77872123 1.70774257202e-08
    "BPM.17L3.B1"       2764.712379                 1     32.9849128859 1.48323969742e-08       31.53213964        6.61075335     37.9775029401 1.70774257202e-08
    "BPM.16L3.B1"       2818.160894                 1     149.314858691 1.48323969742e-08       163.2140611        6.75748585     171.915126911 1.70774257202e-08
    "BPM.15L3.B1"        2871.60941                 1     36.7068462498 1.48323969742e-08        36.3732291       6.869122804     42.2627874202 1.70774257202e-08
    "BPM.14L3.B1"       2925.057926                 1  0.00552241514242 1.48323969742e-08       177.2042186       6.995222789  0.00635828683354 1.70774257202e-08
    "BPM.13L3.B1"       2978.506442                 1     30.7810738868 1.48323969742e-08       31.52595076       7.111055582      35.440091295 1.70774257202e-08
    "BPM.12L3.B1"       3031.954958                 1      164.87935891 1.48323969742e-08       165.7149525       7.256303633     189.835466882 1.70774257202e-08
    "BPM.11L3.B1"       3085.403474                 1     27.9064176089 1.48323969742e-08       29.93219266       7.380910847     32.1303275972 1.70774257202e-08
    "BPM.10L3.B1"       3138.184185                 1     167.869610073 1.48323969742e-08       175.9864401       7.522174718     193.278321885 1.70774257202e-08
     "BPM.9L3.B1"       3177.249195                 1     48.4190786243 1.48323969742e-08       53.24474648       7.583522769     55.7477810286 1.70774257202e-08
     "BPM.8L3.B1"       3217.712206                 1     151.018602313 1.48323969742e-08       164.2959028       7.664417355     173.876748839 1.70774257202e-08
     "BPM.7L3.B1"       3256.776216                 1     50.7185794909 1.48323969742e-08       55.13891143       7.727166632      58.395333903 1.70774257202e-08
     "BPM.6L3.B1"       3329.415216                 1      191.82907699 1.48323969742e-08       213.7359192       7.840624224     220.864289094 1.70774257202e-08
  "BPMWG.A5L3.B1"       3371.119716                 1     59.7547340222 1.48323969742e-08       72.68014082        7.89492617     68.7991990418 1.70774257202e-08
    "BPMW.5L3.B1"       3400.089716                 1     46.3783850529 1.48323969742e-08       59.65413939        7.97317682     53.3982084718 1.70774257202e-08
   "BPMWE.4L3.B1"       3475.217716                 1     223.004892973 1.48323969742e-08       265.9798231       8.074883532     256.758870573 1.70774257202e-08
    "BPMW.4L3.B1"       3502.762716                 1     214.802177827 1.48323969742e-08       241.6652601        8.09056014     247.314594044 1.70774257202e-08
    "BPMW.4R3.B1"       3547.727716                 1     38.0995800208 1.48323969742e-08       41.47047719       8.164697911     43.8663251064 1.70774257202e-08
   "BPMWE.4R3.B1"       3575.272716                 1     26.2889360575 1.48323969742e-08         31.195122       8.317993867     30.2680243501 1.70774257202e-08
    "BPMW.5R3.B1"       3650.400716                 1     305.299369949 1.48323969742e-08       370.9335428        8.44104824     351.509423716 1.70774257202e-08
  "BPMWJ.A5R3.B1"       3679.118716                 1     263.849270661 1.48323969742e-08       321.7697782       8.452900622     303.785445393 1.70774257202e-08
   "BPMWC.6R3.B1"       3718.936716                 1     57.8168136599 1.48323969742e-08       67.31857841       8.496502549     66.5679554271 1.70774257202e-08
    "BPMR.6R3.B1"       3731.015216                 1     35.0953919101 1.48323969742e-08       40.00073496       8.535692106     40.4074236624 1.70774257202e-08
     "BPM.8R3.B1"       3825.903227                 1     30.4671871463 1.48323969742e-08       36.56673345       8.844918955      35.078694718 1.70774257202e-08
     "BPM.9R3.B1"       3864.968238                 1     120.477468455 1.48323969742e-08       137.0512693       8.943146289     138.712914849 1.70774257202e-08
    "BPM.10R3.B1"       3905.431248                 1     49.8746458424 1.48323969742e-08       56.04345033       9.014379317     57.4236626202 1.70774257202e-08
    "BPM.11R3.B1"       3958.211959                 1      166.65202353 1.48323969742e-08       174.9530542       9.108657306     191.876441678 1.70774257202e-08
    "BPM.12R3.B1"       4012.935475                 1     43.3758023857 1.48323969742e-08       40.18104704       9.215857112      49.941155471 1.70774257202e-08
    "BPM.13R3.B1"       4066.383991                 1     171.235816689 1.48323969742e-08       175.7486142       9.334770036     197.154036885 1.70774257202e-08
    "BPM.14R3.B1"       4119.832506                 1     31.7569447765 1.48323969742e-08       35.31549583       9.443591792     36.5636698144 1.70774257202e-08
    "BPM.15R3.B1"       4173.281022                 1     150.888571765 1.48323969742e-08       164.1278919       9.578755936     173.727036893 1.70774257202e-08
    "BPM.16R3.B1"       4226.729538                 1      27.735622542 1.48323969742e-08       32.41322503        9.69813407      31.933681022 1.70774257202e-08
    "BPM.17R3.B1"       4280.178054                 1     120.529959182 1.48323969742e-08       175.4469962       9.835041729     138.773350563 1.70774257202e-08
    "BPM.18R3.B1"        4333.62657                 1     32.6621073733 1.48323969742e-08       35.31217894       9.943861633     37.6058376474 1.70774257202e-08
    "BPM.19R3.B1"       4387.075086                 1     156.290061099 1.48323969742e-08       164.1047179       10.07904705     179.946094611 1.70774257202e-08
    "BPM.20R3.B1"       4440.523602                 1     31.9963018098 1.48323969742e-08       32.41655101       10.19842804     36.8392558821 1.70774257202e-08
    "BPM.21R3.B1"       4493.972118                 1     202.704991607 1.48323969742e-08       175.4701347       10.33531402     233.386380051 1.70774257202e-08
    "BPM.22R3.B1"       4547.420634                 1     30.8150997801 1.48323969742e-08       35.30884388        10.4441315     35.4792673411 1.70774257202e-08
    "BPM.23R3.B1"        4600.86915                 1     158.229897589 1.48323969742e-08       165.7445369       10.57846921     182.179544378 1.70774257202e-08
    "BPM.24R3.B1"       4654.317666                 1     11.0236908607 1.48323969742e-08       31.09600059       10.70020354     12.6922345838 1.70774257202e-08
    "BPM.25R3.B1"       4707.766181                 1     168.622462509 1.48323969742e-08       176.1204225       10.84071451      194.14512592 1.70774257202e-08
    "BPM.26R3.B1"       4761.214697                 1      18.114312549 1.48323969742e-08        35.2584638       10.94936064     20.8560914036 1.70774257202e-08
    "BPM.27R3.B1"       4814.663213                 1     159.959216286 1.48323969742e-08       165.0409475       11.08420858     184.170612419 1.70774257202e-08
    "BPM.28R3.B1"       4868.111729                 1     31.9691468409 1.48323969742e-08       31.15148108       11.20613189     36.8079907424 1.70774257202e-08
    "BPM.29R3.B1"       4921.560245                 1     184.595370961 1.48323969742e-08       176.8104358       11.34609361     212.535690715 1.70774257202e-08
    "BPM.30R3.B1"       4975.008761                 1     32.2808476523 1.48323969742e-08       35.19795088       11.45459801     37.1668705285 1.70774257202e-08
    "BPM.31R3.B1"       5028.457277                 1     164.837758475 1.48323969742e-08       164.3653558       11.58997198     189.787569813 1.70774257202e-08
    "BPM.32R3.B1"       5081.905793                 1     29.7151698183 1.48323969742e-08       31.21695227       11.71204874     34.2128521923 1.70774257202e-08
    "BPM.33R3.B1"       5135.354309                 1     158.772692681 1.48323969742e-08       177.4707782       11.85145219      182.80449683 1.70774257202e-08
    "BPM.34R3.B1"       5188.802825                 1     32.7354093092 1.48323969742e-08       35.12760163       11.95984513     37.6902345502 1.70774257202e-08
    "BPM.33L4.B1"        5242.25134                 1     155.043351565 1.48323969742e-08       163.7210719       12.09575858     178.510683363 1.70774257202e-08
    "BPM.32L4.B1"       5295.699856                 1     29.1806593061 1.48323969742e-08       31.29209337       12.21795228      33.597438272 1.70774257202e-08
    "BPM.31L4.B1"       5349.148372                 1     170.821846868 1.48323969742e-08        178.098214       12.35679135     196.677408672 1.70774257202e-08
    "BPM.30L4.B1"       5402.596888                 1     32.4332867512 1.48323969742e-08       35.04776075       12.46510348       37.34238278 1.70774257202e-08
    "BPM.29L4.B1"       5456.045404                 1     161.610378734 1.48323969742e-08       163.1112529       12.60156739     186.071694497 1.70774257202e-08
    "BPM.28L4.B1"        5509.49392                 1      28.455418117 1.48323969742e-08        31.3765362       12.72384078     32.7624247163 1.70774257202e-08
    "BPM.27L4.B1"       5562.942436                 1     169.234520894 1.48323969742e-08       178.6896691       12.86211227     194.849825345 1.70774257202e-08
    "BPM.26L4.B1"       5616.390952                 1     31.9911446563 1.48323969742e-08       34.95881945       12.97037452     36.8333181429 1.70774257202e-08
    "BPM.25L4.B1"       5669.839468                 1     151.410386644 1.48323969742e-08       162.5388866        13.1073973     174.327833571 1.70774257202e-08
    "BPM.24L4.B1"       5723.287984                 1     30.1134794345 1.48323969742e-08         31.469867       13.22971261     34.6714498751 1.70774257202e-08
    "BPM.23L4.B1"         5776.7365                 1     166.507188094 1.48323969742e-08       179.2422452       13.36741618     191.709683978 1.70774257202e-08
    "BPM.22L4.B1"       5830.185015                 1     32.5574649696 1.48323969742e-08       34.86121351       13.47565965     37.4853565897 1.70774257202e-08
    "BPM.21L4.B1"       5883.633531                 1     155.861332442 1.48323969742e-08       162.0067777       13.61324706     179.452473667 1.70774257202e-08
    "BPM.20L4.B1"       5937.082047                 1     30.8464979941 1.48323969742e-08       32.88428042       13.73251994     35.5154179826 1.70774257202e-08
    "BPM.19L4.B1"       5990.530563                 1     167.398228976 1.48323969742e-08       177.5667392       13.86701995     192.735592636 1.70774257202e-08
    "BPM.18L4.B1"       6043.979079                 1     31.7338391256 1.48323969742e-08       34.84092437       13.97593236     36.5370668967 1.70774257202e-08
    "BPM.17L4.B1"       6097.427595                 1     156.848395558 1.48323969742e-08       161.9930993       14.11354197     180.588938466 1.70774257202e-08
    "BPM.16L4.B1"       6150.876111                 1     33.6183659406 1.48323969742e-08       32.88934887        14.2328097      38.706835327 1.70774257202e-08
    "BPM.15L4.B1"       6204.324627                 1     169.635161892 1.48323969742e-08       177.5803688         14.367289     195.311107287 1.70774257202e-08
    "BPM.14L4.B1"       6257.773143                 1     33.0834791257 1.48323969742e-08        34.8358498       14.47620588     38.0909881469 1.70774257202e-08
    "BPM.13L4.B1"       6311.221659                 1     160.186695293 1.48323969742e-08       161.9795185       14.61383691     184.432522605 1.70774257202e-08
    "BPM.12L4.B1"       6364.670174                 1     31.2019467557 1.48323969742e-08       32.08291075       14.73495331     35.9246674002 1.70774257202e-08
    "BPM.11L4.B1"        6418.11869                 1     165.049447166 1.48323969742e-08       175.7375792       14.87260648     190.031299664 1.70774257202e-08
    "BPM.10L4.B1"       6469.957401                 1     34.2898970422 1.48323969742e-08       33.06663816       14.98203498     39.4800092467 1.70774257202e-08
     "BPM.9L4.B1"       6509.022412                 1     96.3353881835 1.48323969742e-08       105.8483827       15.10815527     110.916693963 1.70774257202e-08
     "BPM.8L4.B1"       6549.485422                 1     21.6585036982 1.48323969742e-08       20.19056672       15.24715149     24.9367306418 1.70774257202e-08
     "BPM.7L4.B1"       6588.549433                 1     94.5842565508 1.48323969742e-08       110.5800885        15.4185443     108.900511384 1.70774257202e-08
   "BPMYB.6L4.B1"       6685.153433                 1     106.834613219 1.48323969742e-08       133.8799566       15.55303491     123.005079676 1.70774257202e-08
   "BPMYA.5L4.B1"       6722.153433                 1     361.149633521 1.48323969742e-08         424.29007       15.57904232     415.813172413 1.70774257202e-08
  "BPMWI.A5L4.B1"       6798.755933                 1     266.646819287 1.48323969742e-08       318.5810442       15.61111939     307.006430439 1.70774257202e-08
  "BPMWA.B5L4.B1"       6824.619933                 1     244.926627794 1.48323969742e-08       283.4316006       15.62483513     281.998674949 1.70774257202e-08
  "BPMWA.A5L4.B1"       6833.504933                 1     228.635658501 1.48323969742e-08       272.8601656       15.62992091     263.241907686 1.70774257202e-08
  "BPMWA.A5R4.B1"       6881.553933                 1      188.84367161 1.48323969742e-08       229.0117166       15.66070432     217.427013332 1.70774257202e-08
  "BPMWA.B5R4.B1"       6890.438933                 1      182.18565419 1.48323969742e-08       223.3666447       15.66695823     209.761239679 1.70774257202e-08
   "BPMYB.5R4.B1"       6992.829433                 1     198.470537825 1.48323969742e-08       231.6295468       15.74447957      228.51100016 1.70774257202e-08
   "BPMYA.6R4.B1"       7024.393433                 1      436.09682847 1.48323969742e-08        515.870197       15.75903249     502.104360339 1.70774257202e-08
     "BPM.7R4.B1"       7120.909433                 1     20.4318076603 1.48323969742e-08       21.54511547       15.92616669     23.5243621281 1.70774257202e-08
     "BPM.8R4.B1"       7158.698443                 1     103.841996762 1.48323969742e-08       111.1705448       16.07955285     119.559501369 1.70774257202e-08
     "BPM.9R4.B1"       7197.763454                 1     18.2684623067 1.48323969742e-08       19.84176826       16.21148303     21.0335732389 1.70774257202e-08
    "BPM.10R4.B1"       7238.226465                 1     144.053970619 1.48323969742e-08       148.9304019       16.37108623     165.857951835 1.70774257202e-08
    "BPM.11R4.B1"       7290.065175                 1     30.1609904106 1.48323969742e-08       32.50178677       16.48830677     34.7261521035 1.70774257202e-08
    "BPM.12R4.B1"       7344.788691                 1     154.521585194 1.48323969742e-08       174.4131392       16.62792159     177.909942534 1.70774257202e-08
    "BPM.13R4.B1"       7398.237207                 1     32.3404465834 1.48323969742e-08       35.75236044       16.73639002     37.2354903423 1.70774257202e-08
    "BPM.14R4.B1"       7451.685723                 1      162.21210258 1.48323969742e-08       168.3439607       16.86842681     186.764495148 1.70774257202e-08
    "BPM.15R4.B1"       7505.134239                 1     31.1230431574 1.48323969742e-08       31.36606306       16.98837996     35.8338209685 1.70774257202e-08
    "BPM.16R4.B1"       7558.582755                 1     162.002264713 1.48323969742e-08        175.774888       17.12847014     186.522896262 1.70774257202e-08
    "BPM.17R4.B1"       7612.031271                 1     36.4414782816 1.48323969742e-08       35.76582385       17.23636302     41.9572534076 1.70774257202e-08
    "BPM.18R4.B1"       7665.479786                 1     157.942769538 1.48323969742e-08       168.3479905       17.36839671      181.84895668 1.70774257202e-08
    "BPM.19R4.B1"       7718.928302                 1      29.757325099 1.48323969742e-08       31.36590685       17.48834844     34.2613880881 1.70774257202e-08
    "BPM.20R4.B1"       7772.376818                 1     162.217992053 1.48323969742e-08       175.7708579       17.62844131     186.771276051 1.70774257202e-08
    "BPM.21R4.B1"       7825.825334                 1     32.1834778126 1.48323969742e-08        35.7659799       17.73633538     37.0547628087 1.70774257202e-08
    "BPM.22R4.B1"        7879.27385                 1     159.219764209 1.48323969742e-08       168.3520209       17.86836661     183.319237018 1.70774257202e-08
    "BPM.23R4.B1"       7932.722366                 1     29.9337909058 1.48323969742e-08        31.3665894       17.98831494     34.4645637254 1.70774257202e-08
    "BPM.24R4.B1"       7986.170882                 1     153.324460088 1.48323969742e-08       175.7685136       18.12840706     176.531620803 1.70774257202e-08
    "BPM.25R4.B1"       8039.619398                 1     36.5577249606 1.48323969742e-08       35.76619259       18.23630162     42.0910951616 1.70774257202e-08
    "BPM.26R4.B1"       8093.067914                 1     165.417285066 1.48323969742e-08       168.3569433       18.36832984     190.454813437 1.70774257202e-08
    "BPM.27R4.B1"        8146.51643                 1     29.5191936566 1.48323969742e-08       31.36639928       18.48827645     33.9872131165 1.70774257202e-08
    "BPM.28R4.B1"       8199.964946                 1     164.305566949 1.48323969742e-08       175.7635908       18.62837185     189.174825881 1.70774257202e-08
    "BPM.29R4.B1"       8253.413461                 1     33.3802863169 1.48323969742e-08       35.76638249       18.73626786     38.4327200174 1.70774257202e-08
    "BPM.30R4.B1"       8306.861977                 1     161.052944568 1.48323969742e-08       168.3618665       18.86829308     185.429887203 1.70774257202e-08
    "BPM.31R4.B1"       8360.310493                 1     32.6667268211 1.48323969742e-08        31.3662096       18.98823795     37.6111562939 1.70774257202e-08
    "BPM.32R4.B1"       8413.759009                 1      157.11703167 1.48323969742e-08       175.7586672       19.12833663     180.898235288 1.70774257202e-08
    "BPM.33R4.B1"       8467.207525                 1     30.8860587798 1.48323969742e-08       35.76657194        19.2362341     35.5609666812 1.70774257202e-08
    "BPM.34R4.B1"       8520.656041                 1     159.150990085 1.48323969742e-08       168.3667905       19.36825631     183.240053256 1.70774257202e-08
    "BPM.33L5.B1"       8574.104557                 1     29.5178083401 1.48323969742e-08       31.36602038       19.48819945     33.9856181188 1.70774257202e-08
    "BPM.32L5.B1"       8627.553073                 1     154.703461127 1.48323969742e-08       175.7537429       19.62830141     178.119347173 1.70774257202e-08
    "BPM.31L5.B1"       8681.001589                 1     32.7087904931 1.48323969742e-08       35.76676093       19.73620034     37.6595867152 1.70774257202e-08
    "BPM.30L5.B1"       8734.450105                 1     159.636819721 1.48323969742e-08       168.3717152       19.86821955     183.799417972 1.70774257202e-08
    "BPM.29L5.B1"        8787.89862                 1     28.7847011442 1.48323969742e-08       31.36583161       19.98816096     33.1415479591 1.70774257202e-08
    "BPM.28L5.B1"       8841.347136                 1     163.042108946 1.48323969742e-08       175.7488178       20.12826619     187.720131118 1.70774257202e-08
    "BPM.27L5.B1"       8894.795652                 1     31.2069313099 1.48323969742e-08       35.76694948       20.23616658     35.9304064156 1.70774257202e-08
    "BPM.26L5.B1"       8948.244168                 1     163.848314849 1.48323969742e-08       168.3766406       20.36818279     188.648364191 1.70774257202e-08
    "BPM.25L5.B1"       9001.692684                 1     27.7654604381 1.48323969742e-08        31.3656433       20.48812246     31.9680351762 1.70774257202e-08
    "BPM.24L5.B1"         9055.1412                 1     158.726823562 1.48323969742e-08        175.743892       20.62823098      182.75168497 1.70774257202e-08
    "BPM.23L5.B1"       9108.589716                 1     32.5737380604 1.48323969742e-08       35.76713757       20.73613282     37.5040927723 1.70774257202e-08
    "BPM.22L5.B1"       9162.038232                 1     167.011828753 1.48323969742e-08       168.3815669       20.86814603      192.29070695 1.70774257202e-08
    "BPM.21L5.B1"       9215.486748                 1     29.7889148789 1.48323969742e-08       31.36545543       20.98808396     34.2977592911 1.70774257202e-08
    "BPM.20L5.B1"       9268.935264                 1     166.625789487 1.48323969742e-08       175.7367281       21.12819692     191.846236855 1.70774257202e-08
    "BPM.19L5.B1"       9322.383779                 1     31.1598046538 1.48323969742e-08       35.76631454       21.23610284     35.8761466779 1.70774257202e-08
    "BPM.17L5.B1"       9429.280811                 1     32.1245358754 1.48323969742e-08       31.36530202       21.48805244     36.9868994312 1.70774257202e-08
    "BPM.16L5.B1"       9482.729327                 1     161.180249336 1.48323969742e-08       175.7326949       21.62816809     185.576460796 1.70774257202e-08
    "BPM.15L5.B1"       9536.177843                 1     33.9009447947 1.48323969742e-08        35.7664678        21.7360752      39.032185262 1.70774257202e-08
    "BPM.14L5.B1"       9589.626359                 1     169.619380516 1.48323969742e-08       168.3895931       21.86808584     195.292937245 1.70774257202e-08
    "BPM.13L5.B1"       9643.074875                 1      31.464144977 1.48323969742e-08       31.36514891       21.98802093     36.2265518938 1.70774257202e-08
    "BPM.12L5.B1"       9696.523391                 1     163.116171085 1.48323969742e-08       172.3651049       22.12993182     187.805403288 1.70774257202e-08
    "BPM.11L5.B1"       9749.971907                 1     35.9213559281 1.48323969742e-08       40.09649446        22.2320436      41.358405435 1.70774257202e-08
    "BPM.10L5.B1"       9802.752617                 1     148.737731663 1.48323969742e-08       148.5657784       22.35895129     171.250646048 1.70774257202e-08
     "BPM.9L5.B1"       9841.817628                 1     18.3910876122 1.48323969742e-08       19.94999097       22.47176515      21.174759087 1.70774257202e-08
     "BPM.8L5.B1"       9882.280639                 1     119.632560712 1.48323969742e-08       123.6463183       22.65981144     137.740122034 1.70774257202e-08
    "BPMR.7L5.B1"       9921.346649                 1     32.4644559568 1.48323969742e-08       32.28132098         22.752937     37.3782697506 1.70774257202e-08
     "BPM.6L5.B1"       9958.240649                 1     150.130756333 1.48323969742e-08       175.7040571       22.85330752     172.854518663 1.70774257202e-08
    "BPMR.5L5.B1"       9990.140649                 1     382.433994059 1.48323969742e-08       452.1118489       22.87128183     440.319129659 1.70774257202e-08
   "BPMYA.4L5.B1"       10017.54665                 1     830.481712803 1.48323969742e-08       1026.060262       22.87781266     956.183264718 1.70774257202e-08
   "BPMWB.4L5.B1"       10038.68115                 1      1059.1438749 1.48323969742e-08       1278.157626       22.88069495     1219.45568758 1.70774257202e-08
   "BPMSY.4L5.B1"       10131.46115                 1      2061.2340963 1.48323969742e-08       2399.160588       22.88913132     2373.22209166 1.70774257202e-08
    "BPMS.2L5.B1"       10158.24665                 1     3003.66873421 1.48323969742e-08       3752.328769       22.89031483     3458.30345464 1.70774257202e-08
   "BPMSW.1L5.B1"       10168.21165                 1      984.94040236 1.48323969742e-08       1121.108197        22.8911824     1134.02079174 1.70774257202e-08
   "BPMSW.1R5.B1"       10211.33965                 1     1009.92829685 1.48323969742e-08       1125.962039       23.38507157     1162.79084913 1.70774257202e-08
    "BPMS.2R5.B1"       10221.30465                 1      306.34907387 1.48323969742e-08       1418.839508       23.38618221      352.71801062 1.70774257202e-08
   "BPMWB.4R5.B1"       10340.87015                 1     692.918214565 1.48323969742e-08       785.7236725       23.39536389     797.798181912 1.70774257202e-08
   "BPMYA.4R5.B1"       10362.00265                 1     301.078545104 1.48323969742e-08       353.8292001       23.40186474     346.649735637 1.70774257202e-08
     "BPM.5R5.B1"       10383.12065                 1     149.229588765 1.48323969742e-08       159.9402018       23.41601191     171.816950546 1.70774257202e-08
    "BPMR.6R5.B1"       10415.02065                 1     7.33241878879 1.48323969742e-08       8.300261333         23.581167     8.44225228281 1.70774257202e-08
   "BPM_A.7R5.B1"       10449.03465                 1     127.802340403 1.48323969742e-08       141.4078201       23.84321808     147.146478003 1.70774257202e-08
     "BPM.8R5.B1"       10490.47364                 1     18.4441575906 1.48323969742e-08       17.30997942       23.96315398     21.2358617271 1.70774257202e-08
     "BPM.9R5.B1"       10529.54063                 1     99.6295017742 1.48323969742e-08        116.202738       24.16977302     114.709403952 1.70774257202e-08
    "BPM.10R5.B1"       10570.00562                 1     35.6494526491 1.48323969742e-08       40.40930468       24.25605254      41.045346928 1.70774257202e-08
    "BPM.11R5.B1"       10622.78831                 1     175.142562871 1.48323969742e-08       177.3831489       24.37468068     201.652107415 1.70774257202e-08
    "BPM.12R5.B1"       10677.51479                 1     32.2905249676 1.48323969742e-08       32.60852176       24.49276643     37.1780126004 1.70774257202e-08
    "BPM.13R5.B1"       10730.96627                 1     160.982993843 1.48323969742e-08       175.9434467       24.62914192      185.34934875 1.70774257202e-08
    "BPM.14R5.B1"       10784.41776                 1     32.3512804413 1.48323969742e-08       35.75922259        24.7370135     37.2479640108 1.70774257202e-08
    "BPM.15R5.B1"       10837.86924                 1      162.33600383 1.48323969742e-08       168.2627331         24.869117     186.907150067 1.70774257202e-08
    "BPM.16R5.B1"       10891.32073                 1     31.8100113584 1.48323969742e-08       31.36724834       24.98911164      36.624768544 1.70774257202e-08
    "BPM.17R5.B1"       10944.77221                 1     164.948375121 1.48323969742e-08       175.8858141       25.12914818     189.914929373 1.70774257202e-08
    "BPM.18R5.B1"        10998.2237                 1     31.2870493259 1.48323969742e-08       35.75918637       25.23701962      36.022651079 1.70774257202e-08
    "BPM.19R5.B1"       11051.67518                 1     160.362527529 1.48323969742e-08       168.2618434       25.36912367     184.634968774 1.70774257202e-08
    "BPM.20R5.B1"       11105.12666                 1     29.1836662616 1.48323969742e-08       31.36728456       25.48911862     33.6009003598 1.70774257202e-08
    "BPM.21R5.B1"       11158.57815                 1     158.899748658 1.48323969742e-08       175.8867038       25.62915456     182.950783975 1.70774257202e-08
    "BPM.22R5.B1"       11212.02963                 1     32.7722538634 1.48323969742e-08       35.75915015       25.73702574      37.732655889 1.70774257202e-08
    "BPM.23R5.B1"       11265.48112                 1     166.482412899 1.48323969742e-08       168.2634146       25.86912912     191.681158814 1.70774257202e-08
    "BPM.24R5.B1"        11318.9326                 1     29.8469321227 1.48323969742e-08       31.36816637       25.98912128     34.3645580136 1.70774257202e-08
    "BPM.25R5.B1"       11372.38408                 1     153.683479785 1.48323969742e-08       175.8867456       26.12915456     176.944981651 1.70774257202e-08
    "BPM.26R5.B1"       11425.83557                 1     33.3665597693 1.48323969742e-08       35.75915015       26.23702574     38.4169158222 1.70774257202e-08
    "BPM.27R5.B1"       11479.28705                 1     166.188252937 1.48323969742e-08       168.2634146       26.36912912     191.342474857 1.70774257202e-08
    "BPM.28R5.B1"       11532.73854                 1     29.8938404599 1.48323969742e-08       31.36816637       26.48912128     34.4185663878 1.70774257202e-08
    "BPM.29R5.B1"       11586.19002                 1       170.4227312 1.48323969742e-08       175.8867456       26.62915456     196.217882934 1.70774257202e-08
    "BPM.30R5.B1"        11639.6415                 1     34.4896859321 1.48323969742e-08       35.75915015       26.73702574     39.7100381444 1.70774257202e-08
    "BPM.31R5.B1"       11693.09299                 1     165.407198547 1.48323969742e-08       168.2634146       26.86912912     190.443200225 1.70774257202e-08
    "BPM.32R5.B1"       11746.54447                 1     28.7115212535 1.48323969742e-08       31.36816637       26.98912128     33.0572915743 1.70774257202e-08
    "BPM.33R5.B1"       11799.99596                 1     160.279255302 1.48323969742e-08       175.8867456       27.12915456      184.53909248 1.70774257202e-08
    "BPM.34R5.B1"       11853.44744                 1     34.5111332598 1.48323969742e-08       35.75915015       27.23702574     39.7347317355 1.70774257202e-08
    "BPM.33L6.B1"       11906.89893                 1     164.769383362 1.48323969742e-08       168.2634146       27.36912912     189.708845457 1.70774257202e-08
    "BPM.32L6.B1"       11960.35041                 1     30.6599849489 1.48323969742e-08       31.36816637       27.48912128     35.3006743588 1.70774257202e-08
    "BPM.31L6.B1"       12013.80189                 1   0.0194018696583 1.48323969742e-08       175.8867456       27.62915456   0.0223385329087 1.70774257202e-08
    "BPM.30L6.B1"       12067.25338                 1     33.6462265289 1.48323969742e-08       35.75915015       27.73702574     38.7389128886 1.70774257202e-08
    "BPM.29L6.B1"       12120.70486                 1     171.461822735 1.48323969742e-08       168.2634146       27.86912912     197.414251163 1.70774257202e-08
    "BPM.28L6.B1"       12174.15635                 1     30.9810824643 1.48323969742e-08       31.36816637       27.98912128     35.6703731322 1.70774257202e-08
    "BPM.27L6.B1"       12227.60783                 1      164.72070151 1.48323969742e-08       175.8867456       28.12915456     189.652795128 1.70774257202e-08
    "BPM.26L6.B1"       12281.05931                 1     32.8078731329 1.48323969742e-08       35.75915015       28.23702574     37.7736664842 1.70774257202e-08
    "BPM.25L6.B1"        12334.5108                 1     160.089170263 1.48323969742e-08       168.2634146       28.36912912     184.320236206 1.70774257202e-08
    "BPM.24L6.B1"       12387.96228                 1     30.0145716134 1.48323969742e-08       31.36816637       28.48912128     34.5575713854 1.70774257202e-08
    "BPM.23L6.B1"       12441.41377                 1     85.1883152944 1.48323969742e-08       175.8867456       28.62915456     98.0824022712 1.70774257202e-08
    "BPM.22L6.B1"       12494.86525                 1     32.9382597965 1.48323969742e-08       35.75915015       28.73702574      37.923788448 1.70774257202e-08
    "BPM.21L6.B1"       12548.31673                 1     165.200100987 1.48323969742e-08       168.2634146       28.86912912     190.204756418 1.70774257202e-08
    "BPM.20L6.B1"       12601.76822                 1     31.5417470158 1.48323969742e-08       31.36732828       28.98912326     36.3158997622 1.70774257202e-08
    "BPM.19L6.B1"        12655.2197                 1     159.902003834 1.48323969742e-08       175.8850565       29.12915998     184.104740302 1.70774257202e-08
    "BPM.18L6.B1"       12708.67119                 1     34.0093984133 1.48323969742e-08       35.75909161       29.23703186     39.1570543994 1.70774257202e-08
    "BPM.17L6.B1"       12762.12267                 1      164.99372416 1.48323969742e-08        168.262525       29.36913579     189.967142434 1.70774257202e-08
    "BPM.16L6.B1"       12815.57415                 1     28.6526057487 1.48323969742e-08       31.36736448       29.48913024       32.98945863 1.70774257202e-08
    "BPM.15L6.B1"       12869.02564                 1     160.023427182 1.48323969742e-08       175.8859462       29.62916636     184.244542265 1.70774257202e-08
    "BPM.14L6.B1"       12922.47712                 1      32.109193553 1.48323969742e-08        35.7590554       29.73703798     36.9692348978 1.70774257202e-08
    "BPM.13L6.B1"       12975.92861                 1     160.900096855 1.48323969742e-08       168.2616353       29.86914246      185.25390449 1.70774257202e-08
    "BPM.12L6.B1"       13029.38009                 1     29.6882114155 1.48323969742e-08       30.78067222       29.99054813     34.1818133709 1.70774257202e-08
    "BPM.11L6.B1"       13082.83158                 1     160.953019055 1.48323969742e-08       181.7925202       30.12937556     185.314836984 1.70774257202e-08
    "BPM.10L6.B1"       13134.67226                 1     26.2488784272 1.48323969742e-08       31.60928228       30.23918814     30.2219036046 1.70774257202e-08
     "BPM.9L6.B1"       13173.73925                 1     125.432931411 1.48323969742e-08       134.0627938       30.35483346     144.418435723 1.70774257202e-08
     "BPM.8L6.B1"       13214.20424                 1     15.5577376636 1.48323969742e-08       17.65558322       30.48355616     17.9125538365 1.70774257202e-08
   "BPMYA.5L6.B1"       13311.29423                 1     533.044973408 1.48323969742e-08       616.5545995       30.72800304       613.7265578 1.70774257202e-08
   "BPMYB.4L6.B1"       13347.69423                 1     204.721815837 1.48323969742e-08       240.3899517       30.74225348     235.708470407 1.70774257202e-08
   "BPMSE.4L6.B1"       13476.94473                 1     134.567566674 1.48323969742e-08       149.5805039       30.86831818     154.935687619 1.70774257202e-08
   "BPMSA.4R6.B1"       13568.51473                 1     210.214998787 1.48323969742e-08       238.7515706       30.94882731     242.033100469 1.70774257202e-08
   "BPMYA.4R6.B1"       13691.29423                 1     450.231672057 1.48323969742e-08       539.4498459       31.00439961     518.378651125 1.70774257202e-08
   "BPMYB.5R6.B1"       13727.69423                 1     100.014379623 1.48323969742e-08       114.5906637       31.02665116     115.152536837 1.70774257202e-08
     "BPM.8R6.B1"       13823.42122                 1     98.9152834505 1.48323969742e-08       106.5235246       31.34132513     113.887081681 1.70774257202e-08
    "BPM.10R6.B1"        13902.9532                 1     162.748607201 1.48323969742e-08       174.3512624       31.65220263     187.382205005 1.70774257202e-08
    "BPM.11R6.B1"       13954.79389                 1     36.0684315915 1.48323969742e-08       37.60485249       31.75018016     41.5277424424 1.70774257202e-08
    "BPM.12R6.B1"       14009.52037                 1     155.565485889 1.48323969742e-08        165.208622       31.88340212     179.111847837 1.70774257202e-08
    "BPM.13R6.B1"       14062.97186                 1     27.8289645022 1.48323969742e-08       30.92113284       32.00585345     32.0411512033 1.70774257202e-08
    "BPM.14R6.B1"       14116.42334                 1     170.914266446 1.48323969742e-08        180.174393       32.14513714     196.783816859 1.70774257202e-08
    "BPM.15R6.B1"       14169.87483                 1     31.6104706341 1.48323969742e-08       33.49416001       32.25560105     36.3950253741 1.70774257202e-08
    "BPM.16R6.B1"       14223.32631                 1     159.375198923 1.48323969742e-08       167.4578296       32.39433142     183.498198301 1.70774257202e-08
    "BPM.17R6.B1"       14276.77779                 1     29.3883495627 1.48323969742e-08       31.06505389       32.51529848     33.8365644858 1.70774257202e-08
    "BPM.19R6.B1"       14383.68076                 1     33.0207417944 1.48323969742e-08       33.37112897       32.76435852     38.0187549052 1.70774257202e-08
    "BPM.20R6.B1"       14437.13225                 1     160.909531761 1.48323969742e-08       166.8548466       32.90378165     185.264767461 1.70774257202e-08
    "BPM.21R6.B1"       14490.58373                 1     30.0757379475 1.48323969742e-08       31.19560573       33.02470436      34.627995844 1.70774257202e-08
    "BPM.22R6.B1"       14544.03522                 1     180.285567217 1.48323969742e-08       181.3783926       33.16260999     207.573555908 1.70774257202e-08
    "BPM.23R6.B1"        14597.4867                 1     32.1508516477 1.48323969742e-08       34.73445384       33.27029924     37.0171983537 1.70774257202e-08
    "BPM.24R6.B1"       14650.93818                 1     155.053762873 1.48323969742e-08       165.0172788       33.40696396     178.522670523 1.70774257202e-08
    "BPM.25R6.B1"       14704.38967                 1     28.0025634162 1.48323969742e-08       31.24358054        33.5286392     32.2410260153 1.70774257202e-08
    "BPM.26R6.B1"       14757.84115                 1     170.336914771 1.48323969742e-08        181.757115       33.66616571     196.119077346 1.70774257202e-08
    "BPM.27R6.B1"       14811.29264                 1      32.781945956 1.48323969742e-08       34.67069092       33.77383909     37.7438149749 1.70774257202e-08
    "BPM.29R6.B1"        14918.1956                 1     30.1598143946 1.48323969742e-08       31.30922962       34.03256689     34.7247980859 1.70774257202e-08
    "BPM.30R6.B1"       14971.64709                 1     177.834761386 1.48323969742e-08       182.1172079       34.16971421     204.751796579 1.70774257202e-08
    "BPM.31R6.B1"       15025.09857                 1     32.3282187983 1.48323969742e-08        34.6031918       34.27738565      37.221411762 1.70774257202e-08
    "BPM.32R6.B1"       15078.55006                 1     148.295588981 1.48323969742e-08       164.2972912       34.41480614     170.741580734 1.70774257202e-08
    "BPM.33R6.B1"       15132.00154                 1     28.1640106008 1.48323969742e-08       31.37854163       34.53648613     32.4269098147 1.70774257202e-08
    "BPM.34R6.B1"       15185.45302                 1     175.161379378 1.48323969742e-08       182.4578788       34.67325589     201.673771986 1.70774257202e-08
    "BPM.33L7.B1"       15238.90451                 1     34.2263252128 1.48323969742e-08       34.53210505       34.78093931     39.4068151974 1.70774257202e-08
    "BPM.32L7.B1"       15292.35599                 1     154.268242991 1.48323969742e-08       163.9666154       34.91873966     177.618254504 1.70774257202e-08
    "BPM.31L7.B1"       15345.80748                 1     28.6045950454 1.48323969742e-08       31.45136399        35.0403965     32.9341810359 1.70774257202e-08
    "BPM.30L7.B1"       15399.25896                 1     172.578057462 1.48323969742e-08       182.7783776       35.17679116     198.699438963 1.70774257202e-08
    "BPM.29L7.B1"       15452.71045                 1     34.7603314671 1.48323969742e-08       34.45758715       35.28450048     40.0216485354 1.70774257202e-08
    "BPM.28L7.B1"       15506.16193                 1     155.170970167 1.48323969742e-08       163.6564699       35.42268088     178.657618292 1.70774257202e-08
    "BPM.27L7.B1"       15559.61341                 1     30.4240736709 1.48323969742e-08       31.52753642       35.54429762     35.0290555953 1.70774257202e-08
    "BPM.26L7.B1"        15613.0649                 1     169.596830573 1.48323969742e-08       183.0779991       35.68032044     195.266974147 1.70774257202e-08
    "BPM.25L7.B1"       15666.51638                 1     33.0842968094 1.48323969742e-08       34.37980212       35.78806953     38.0919295951 1.70774257202e-08
    "BPM.24L7.B1"       15719.96787                 1     148.139053309 1.48323969742e-08       163.3675374       35.92662932     170.561351854 1.70774257202e-08
    "BPM.23L7.B1"       15773.41935                 1     29.9533254589 1.48323969742e-08       31.60689124       36.04818912     34.4870550247 1.70774257202e-08
    "BPM.22L7.B1"       15826.87083                 1      171.50240961 1.48323969742e-08       183.3560835       36.18384415     197.460981259 1.70774257202e-08
    "BPM.21L7.B1"       15880.32232                 1     33.1581893285 1.48323969742e-08       34.29892118       36.29164683     38.1770064717 1.70774257202e-08
    "BPM.20L7.B1"        15933.7738                 1      161.04060352 1.48323969742e-08       164.7209809       36.42969267     185.415678217 1.70774257202e-08
    "BPM.19L7.B1"       15987.22529                 1     28.0619761791 1.48323969742e-08       30.39508018       36.55360949     32.3094314827 1.70774257202e-08
    "BPM.18L7.B1"       16040.67677                 1     166.206173962 1.48323969742e-08       184.3427764       36.69243693     191.363108404 1.70774257202e-08
    "BPM.17L7.B1"       16094.12825                 1     32.9994322936 1.48323969742e-08       34.12112127       36.80020511     37.9942200026 1.70774257202e-08
    "BPM.16L7.B1"       16147.57974                 1     167.628803468 1.48323969742e-08       163.7301776       36.93931177     193.001066838 1.70774257202e-08
    "BPM.15L7.B1"       16201.03122                 1      27.156943406 1.48323969742e-08       30.58503181       37.06321315     31.2674131235 1.70774257202e-08
    "BPM.14L7.B1"       16254.48271                 1     171.411823076 1.48323969742e-08       185.2663559       37.20098379     197.356683565 1.70774257202e-08
    "BPM.13L7.B1"       16307.93419                 1     32.9075969633 1.48323969742e-08        33.9196374       37.30881116     37.8884844944 1.70774257202e-08
    "BPM.12L7.B1"       16361.38567                 1     144.365688434 1.48323969742e-08       157.7552839       37.45198433     166.216851198 1.70774257202e-08
    "BPM.11L7.B1"       16414.83716                 1     27.8560582896 1.48323969742e-08        30.8553783       37.57814193     32.0723459011 1.70774257202e-08
    "BPM.10L7.B1"       16467.61985                 1     151.079566714 1.48323969742e-08       170.4940859       37.71716338       173.9469408 1.70774257202e-08
     "BPM.9L7.B1"       16506.68684                 1     26.3812183438 1.48323969742e-08       26.66375875       37.80578493     30.3742744655 1.70774257202e-08
     "BPM.7L7.B1"       16586.21782                 1     59.6682321351 1.48323969742e-08       66.70885309       38.09104468     68.6996042457 1.70774257202e-08
     "BPM.6L7.B1"       16621.03582                 1     223.112448116 1.48323969742e-08       247.8545208       38.13718886     256.882705242 1.70774257202e-08
   "BPMWC.6L7.B1"       16633.13832                 1     217.886389551 1.48323969742e-08       247.1202554       38.14450228     250.865631461 1.70774257202e-08
   "BPMWE.5L7.B1"       16710.19232                 1     24.7269917677 1.48323969742e-08       29.43295422       38.32400472     28.4696644737 1.70774257202e-08
    "BPMW.5L7.B1"       16733.39732                 1     52.6667805466 1.48323969742e-08       62.30021128       38.42324199     60.6384142949 1.70774257202e-08
   "BPMWE.4L7.B1"       16768.48232                 1     218.966792028 1.48323969742e-08       259.6044069       38.46772666     252.109563448 1.70774257202e-08
    "BPMW.4L7.B1"       16796.58732                 1     283.146764571 1.48323969742e-08       320.5143308        38.4819178      326.00380426 1.70774257202e-08
    "BPMW.4R7.B1"       16912.63432                 1     43.3281857655 1.48323969742e-08       48.45390015       38.67253895     49.8863316083 1.70774257202e-08
   "BPMWE.4R7.B1"       16940.73932                 1     340.143325148 1.48323969742e-08       100.3422812       38.74403296     391.627353255 1.70774257202e-08
    "BPMW.5R7.B1"       16975.82432                 1     291.323119768 1.48323969742e-08       325.7181849       38.77511741     335.417731003 1.70774257202e-08
   "BPMWE.5R7.B1"       16999.02932                 1     307.305728194 1.48323969742e-08       366.4415632       38.78503605     353.819463959 1.70774257202e-08
    "BPMR.6R7.B1"       17078.24482                 1     54.3438438113 1.48323969742e-08       57.75897841       38.87667637     62.5693175319 1.70774257202e-08
   "BPM_A.7R7.B1"       17116.28082                 1     112.109801361 1.48323969742e-08       119.6841796        38.9609361     129.078719278 1.70774257202e-08
     "BPM.9R7.B1"        17194.4138                 1      108.40560949 1.48323969742e-08       114.3210552       39.27604755     124.813861639 1.70774257202e-08
    "BPM.10R7.B1"       17234.87878                 1     33.0158823754 1.48323969742e-08       33.98479034       39.37414015     38.0131599655 1.70774257202e-08
    "BPM.11R7.B1"       17287.66147                 1     157.834110038 1.48323969742e-08       169.0736537       39.50824619       181.7238505 1.70774257202e-08
    "BPM.12R7.B1"       17342.38796                 1     31.0708833477 1.48323969742e-08       31.79964567        39.6312589     35.7737662601 1.70774257202e-08
    "BPM.13R7.B1"       17395.83944                 1     168.433066543 1.48323969742e-08       181.8565373       39.76702564     193.927063017 1.70774257202e-08
    "BPM.14R7.B1"       17449.29093                 1      30.132137644 1.48323969742e-08       31.89532697       39.88014641     34.6929321877 1.70774257202e-08
    "BPM.15R7.B1"       17502.74241                 1     153.162715087 1.48323969742e-08       166.2318675       40.02439181      176.34539411 1.70774257202e-08
    "BPM.16R7.B1"       17556.19389                 1     30.6657368314 1.48323969742e-08       32.68635289       40.14213283     35.3072968452 1.70774257202e-08
    "BPM.17R7.B1"       17609.64538                 1     162.724510625 1.48323969742e-08       181.5111463       40.27571873     187.354461176 1.70774257202e-08
    "BPM.18R7.B1"       17663.09686                 1     28.9817526273 1.48323969742e-08       31.72444772       40.38935114     33.3684251167 1.70774257202e-08
    "BPM.19R7.B1"       17716.54835                 1     165.086749021 1.48323969742e-08       166.6584227       40.53388246      190.07424752 1.70774257202e-08
    "BPM.20R7.B1"       17769.99983                 1     30.1775114512 1.48323969742e-08       32.85409508       40.65106751     34.7451737656 1.70774257202e-08
    "BPM.21R7.B1"       17823.45131                 1     168.883273075 1.48323969742e-08        181.036152       40.78443221     194.445412723 1.70774257202e-08
    "BPM.22R7.B1"        17876.9028                 1     31.3891759967 1.48323969742e-08       31.56038965       40.89860463     36.1402356231 1.70774257202e-08
    "BPM.23R7.B1"       17930.35428                 1     153.728584812 1.48323969742e-08       165.6863453       41.04422441     176.996913767 1.70774257202e-08
    "BPM.24R7.B1"       17983.80577                 1     32.8098037931 1.48323969742e-08       34.42545946        41.1585411     37.7758893688 1.70774257202e-08
    "BPM.25R7.B1"       18037.25725                 1     170.751964839 1.48323969742e-08       180.6948446       41.28800121     196.596949313 1.70774257202e-08
    "BPM.26R7.B1"       18090.70874                 1     30.1543629333 1.48323969742e-08       31.48284302       41.40250177     34.7185214925 1.70774257202e-08
    "BPM.27R7.B1"       18144.16022                 1     160.915628996 1.48323969742e-08        166.103156       41.54811612     185.271787572 1.70774257202e-08
    "BPM.28R7.B1"        18197.6117                 1     33.9115944027 1.48323969742e-08       34.50138657       41.66210552     39.0444467926 1.70774257202e-08
    "BPM.29R7.B1"       18251.06319                 1     175.211195788 1.48323969742e-08       180.2700031       41.79157832     201.731128598 1.70774257202e-08
    "BPM.30R7.B1"       18304.51467                 1      29.189019659 1.48323969742e-08       31.40857721       41.90640831     33.6070640463 1.70774257202e-08
    "BPM.31R7.B1"       18357.96616                 1     158.790541454 1.48323969742e-08       166.5357945        42.0519979      182.82504719 1.70774257202e-08
    "BPM.32R7.B1"       18411.41764                 1     33.9988862947 1.48323969742e-08        34.5739502       42.16566227     39.1449511685 1.70774257202e-08
    "BPM.33R7.B1"       18464.86912                 1     175.366723652 1.48323969742e-08       179.8298058       42.29516402      201.91019713 1.70774257202e-08
    "BPM.34R7.B1"       18518.32061                 1     29.6444292978 1.48323969742e-08        31.3377557       42.41032389     34.1314044003 1.70774257202e-08
    "BPM.33L8.B1"       18571.77209                 1      156.74591424 1.48323969742e-08       166.9833084       42.55586943     180.470945595 1.70774257202e-08
    "BPM.32L8.B1"       18625.22358                 1      33.358857363 1.48323969742e-08       34.64299061       42.66921175     38.4080475811 1.70774257202e-08
    "BPM.31L8.B1"       18678.67506                 1     169.091601076 1.48323969742e-08       179.3752216       42.79875866     194.685273211 1.70774257202e-08
    "BPM.30L8.B1"       18732.12654                 1      30.078455721 1.48323969742e-08       31.27053438       42.91424811     34.6311249791 1.70774257202e-08
    "BPM.29L8.B1"       18785.57803                 1     160.341938117 1.48323969742e-08       167.4447128       43.05973044     184.611262953 1.70774257202e-08
    "BPM.28L8.B1"       18839.02951                 1     33.3816761716 1.48323969742e-08       34.70835585       43.17275434     38.4343202402 1.70774257202e-08
    "BPM.27L8.B1"         18892.481                 1     158.730619699 1.48323969742e-08       178.9072511       43.30236256      182.75605569 1.70774257202e-08
    "BPM.26L8.B1"       18945.93248                 1     30.2803849024 1.48323969742e-08        31.2070612       43.41818053     34.8636181225 1.70774257202e-08
    "BPM.25L8.B1"       18999.38397                 1     165.756194649 1.48323969742e-08       167.9189918       43.56358068     190.845020309 1.70774257202e-08
    "BPM.24L8.B1"       19052.83545                 1      31.086816878 1.48323969742e-08       34.76990203       43.67629047     35.7921114865 1.70774257202e-08
    "BPM.23L8.B1"       19106.28693                 1     162.235252153 1.48323969742e-08       178.4269245       43.80597602     186.791148636 1.70774257202e-08
    "BPM.22L8.B1"       19159.73842                 1     30.4031022751 1.48323969742e-08        31.1474759       43.92212072      35.004909973 1.70774257202e-08
    "BPM.21L8.B1"        19213.1899                 1     161.465999176 1.48323969742e-08       168.4051017       44.06741991     185.905461678 1.70774257202e-08
    "BPM.20L8.B1"       19266.64139                 1     32.0199265087 1.48323969742e-08       33.41318129       44.18266011     36.8664564109 1.70774257202e-08
    "BPM.19L8.B1"       19320.09287                 1     162.805259498 1.48323969742e-08       179.1839366       44.31544428     187.447432183 1.70774257202e-08
    "BPM.18L8.B1"       19373.54435                 1     30.5519285103 1.48323969742e-08       31.02641547       44.43153853     35.1762625186 1.70774257202e-08
    "BPM.17L8.B1"       19426.99584                 1      155.68999221 1.48323969742e-08       169.2357533       44.57677689      179.25519941 1.70774257202e-08
    "BPM.16L8.B1"       19480.44732                 1     31.6279402332 1.48323969742e-08       33.54028319       44.69140604     36.4151391683 1.70774257202e-08
    "BPM.15L8.B1"       19533.89881                 1      163.46664624 1.48323969742e-08        178.320841        44.8242808     188.208926295 1.70774257202e-08
    "BPM.14L8.B1"       19587.35029                 1     29.0977054182 1.48323969742e-08       30.90751204       44.94099408     33.5019284996 1.70774257202e-08
    "BPM.13L8.B1"       19640.80177                 1     152.136637134 1.48323969742e-08        170.128478        45.0860863     175.164009196 1.70774257202e-08
    "BPM.12L8.B1"       19694.25326                 1     30.2334966373 1.48323969742e-08       33.45229143       45.20052808     34.8096328586 1.70774257202e-08
    "BPM.11L8.B1"       19747.70474                 1     162.873768933 1.48323969742e-08       173.7999312       45.33584777     187.526311193 1.70774257202e-08
    "BPM.10L8.B1"       19799.54543                 1      34.908768673 1.48323969742e-08       34.49607754        45.4435696     40.1925531682 1.70774257202e-08
     "BPM.9L8.B1"       19838.61242                 1     105.961839276 1.48323969742e-08       113.1403981       45.56186395     122.000202837 1.70774257202e-08
     "BPM.8L8.B1"       19879.07741                 1     13.9706568512 1.48323969742e-08       15.71458834       45.71904613     16.0852527784 1.70774257202e-08
     "BPM.7L8.B1"        19918.1454                 1     138.172891045 1.48323969742e-08       151.8152984        45.8896479     159.086713191 1.70774257202e-08
    "BPMR.6L8.B1"        19950.6144                 1      12.682230293 1.48323969742e-08       14.29912146       46.00867957     14.6018102248 1.70774257202e-08
     "BPM.5L8.B1"        20011.0334                 1  0.00157807905648 1.48323969742e-08       207.7865219       46.25502945  0.00181693679818 1.70774257202e-08
   "BPMYB.4L8.B1"        20031.8004                 1     136.812138176 1.48323969742e-08       155.7587187       46.27344261     157.519997029 1.70774257202e-08
   "BPMWB.4L8.B1"        20056.1919                 1     198.948820794 1.48323969742e-08       236.1358085       46.29520455     229.061675948 1.70774257202e-08
    "BPMS.2L8.B1"        20144.3364                 1     174.422482907 1.48323969742e-08       198.0621234         46.332066     200.823036287 1.70774257202e-08
   "BPMSW.1L8.B1"        20154.2704                 1     143.863244941 1.48323969742e-08       159.0713072       46.33994893     165.638357956 1.70774257202e-08
   "BPMSW.1R8.B1"        20197.4604                 1     133.063346218 1.48323969742e-08       164.5874465       46.79694516     153.203788644 1.70774257202e-08
    "BPMS.2R8.B1"        20207.3944                 1     497.821017974 1.48323969742e-08       543.7863244       46.80287893     573.171111264 1.70774257202e-08
   "BPMSX.4R8.B1"        20245.3059                 1     279.852144606 1.48323969742e-08       341.3521851       46.81604825     322.210511252 1.70774257202e-08
   "BPMWB.4R8.B1"        20295.4629                 1     263.532641208 1.48323969742e-08       286.6764719       46.84167732     303.420890966 1.70774257202e-08
   "BPMYB.4R8.B1"        20319.9304                 1     195.144093646 1.48323969742e-08       221.1122661       46.85608363     224.681066032 1.70774257202e-08
   "BPMYB.5R8.B1"        20340.5074                 1     56.4713331664 1.48323969742e-08       63.35812232       46.88389401     65.0188232656 1.70774257202e-08
     "BPM.6R8.B1"        20424.6154                 1      141.15228739 1.48323969742e-08       151.2086882       47.24248404     162.517070392 1.70774257202e-08
   "BPM_A.7R8.B1"        20446.8554                 1     51.2819250135 1.48323969742e-08       51.94011794       47.28285626     59.0439472953 1.70774257202e-08
     "BPM.8R8.B1"       20488.29241                 1      128.97722257 1.48323969742e-08        132.190381       47.38237415     148.499190109 1.70774257202e-08
     "BPM.9R8.B1"       20527.35742                 1     12.5434600747 1.48323969742e-08       13.91065027       47.53417449      14.442035773 1.70774257202e-08
    "BPM.10R8.B1"       20567.82043                 1     171.016699011 1.48323969742e-08       183.5078849       47.72021445     196.901753598 1.70774257202e-08
    "BPM.11R8.B1"       20619.65914                 1      36.436694791 1.48323969742e-08       38.23914355       47.81399887     41.9517458888 1.70774257202e-08
    "BPM.12R8.B1"       20674.38266                 1     145.563248129 1.48323969742e-08       153.5340576       47.95223819     167.595673298 1.70774257202e-08
    "BPM.13R8.B1"       20727.83117                 1     29.3000954243 1.48323969742e-08       32.76559303       48.07598801     33.7349522181 1.70774257202e-08
    "BPM.14R8.B1"       20781.27969                 1     167.245052415 1.48323969742e-08       183.3333075       48.20803824       192.5592313 1.70774257202e-08
    "BPM.15R8.B1"       20834.72821                 1     30.2364713603 1.48323969742e-08       34.29450056        48.3159251     34.8130578352 1.70774257202e-08
    "BPM.16R8.B1"       20888.17672                 1     142.305016056 1.48323969742e-08       160.7879665       48.45600172     163.844275847 1.70774257202e-08
    "BPM.17R8.B1"       20941.62524                 1     32.2095925038 1.48323969742e-08       32.83691656       48.57596202     37.0848302144 1.70774257202e-08
    "BPM.18R8.B1"       20995.07375                 1     163.088332453 1.48323969742e-08       183.3324982       48.70801059     187.773351006 1.70774257202e-08
    "BPM.19R8.B1"       21048.52227                 1     32.6157354775 1.48323969742e-08       34.29528616       48.81589627     37.5524469104 1.70774257202e-08
    "BPM.20R8.B1"       21101.97079                 1     146.737991084 1.48323969742e-08       160.7887766        48.9559702      168.94822512 1.70774257202e-08
    "BPM.21R8.B1"        21155.4193                 1     30.6605132802 1.48323969742e-08       32.83613101       49.07593192     35.3012826583 1.70774257202e-08
    "BPM.22R8.B1"       21208.86782                 1     179.909246617 1.48323969742e-08       183.3316873       49.20798295     207.140275494 1.70774257202e-08
    "BPM.23R8.B1"       21262.31633                 1     31.9687120176 1.48323969742e-08       34.29704845       49.31586564     36.8074901043 1.70774257202e-08
    "BPM.24R8.B1"       21315.76485                 1     147.954897551 1.48323969742e-08       160.7919766       49.45593276     170.349322315 1.70774257202e-08
    "BPM.25R8.B1"       21369.21337                 1     31.9073032334 1.48323969742e-08       32.83519232       49.57589514     36.7367864984 1.70774257202e-08
    "BPM.26R8.B1"       21422.66188                 1      174.79232088 1.48323969742e-08       183.3306935       49.70794919     201.248852865 1.70774257202e-08
    "BPM.27R8.B1"        21476.1104                 1     31.5243683994 1.48323969742e-08       34.29800761       49.81583043     36.2958907218 1.70774257202e-08
    "BPM.29R8.B1"       21583.00743                 1      31.290221178 1.48323969742e-08       32.83423323       50.07585837      36.026303022 1.70774257202e-08
    "BPM.30R8.B1"       21636.45594                 1     175.033956865 1.48323969742e-08       183.3296974       50.20791543     201.527062826 1.70774257202e-08
    "BPM.31R8.B1"       21689.90446                 1      33.878390365 1.48323969742e-08       34.29896662       50.31579523     39.0062169982 1.70774257202e-08
    "BPM.32R8.B1"       21743.35298                 1     159.311569951 1.48323969742e-08       160.7939688       50.45585577      183.42493846 1.70774257202e-08
    "BPM.33R8.B1"       21796.80149                 1     31.1220007343 1.48323969742e-08        32.8332743       50.57582159     35.8326207644 1.70774257202e-08
    "BPM.34R8.B1"       21850.25001                 1       177.1816676 1.48323969742e-08       183.3286991       50.70788167     203.999850643 1.70774257202e-08
    "BPM.33L1.B1"       21903.69852                 1     31.3329490115 1.48323969742e-08       34.29992548       50.81576002     36.0754981323 1.70774257202e-08
    "BPM.32L1.B1"       21957.14704                 1     159.280462297 1.48323969742e-08       160.7949683       50.95581728     183.389122357 1.70774257202e-08
    "BPM.31L1.B1"       22010.59556                 1     30.5734411981 1.48323969742e-08       32.83231551       51.07578482     35.2010313626 1.70774257202e-08
    "BPM.30L1.B1"       22064.04407                 1     176.363527688 1.48323969742e-08       183.3276984       51.20784791     203.057877232 1.70774257202e-08
    "BPM.29L1.B1"       22117.49259                 1     31.3384059327 1.48323969742e-08       34.30088419       51.31572482     36.0817810119 1.70774257202e-08
    "BPM.28L1.B1"        22170.9411                 1     154.785246249 1.48323969742e-08       160.7959701       51.45577878     178.213511276 1.70774257202e-08
    "BPM.27L1.B1"       22224.38962                 1     31.4816219901 1.48323969742e-08       32.83135688       51.57574804     36.2466742242 1.70774257202e-08
    "BPM.26L1.B1"       22277.83814                 1     171.994840134 1.48323969742e-08       183.3266954       51.70781414     198.027945972 1.70774257202e-08
    "BPM.25L1.B1"       22331.28665                 1     33.9861102684 1.48323969742e-08       34.30184275       51.81568962     39.1302413654 1.70774257202e-08
    "BPM.24L1.B1"       22384.73517                 1     159.839652334 1.48323969742e-08       160.7969743       51.95574029     184.032951291 1.70774257202e-08
    "BPM.23L1.B1"       22438.18368                 1     32.3153718504 1.48323969742e-08       32.83039839       52.07571126     37.2066203026 1.70774257202e-08
    "BPM.22L1.B1"        22491.6322                 1     174.484537437 1.48323969742e-08         183.32569       52.20778038     200.894483379 1.70774257202e-08
    "BPM.21L1.B1"       22545.08071                 1     34.1813686141 1.48323969742e-08       34.30280116       52.31565442     39.3550539766 1.70774257202e-08
    "BPM.20L1.B1"       22598.52923                 1     151.416437575 1.48323969742e-08       160.7957509       52.45570307      174.33480037 1.70774257202e-08
    "BPM.19L1.B1"       22651.97775                 1     31.6983924181 1.48323969742e-08       32.82947747       52.57567671     36.4962549824 1.70774257202e-08
    "BPM.18L1.B1"       22705.42626                 1     173.214706882 1.48323969742e-08       183.3247436       52.70774866     199.432451516 1.70774257202e-08
    "BPM.17L1.B1"       22758.87478                 1     33.3469573991 1.48323969742e-08       34.30370148       52.81562135      38.394346441 1.70774257202e-08
    "BPM.16L1.B1"       22812.32329                 1     150.947272373 1.48323969742e-08       160.7966984       52.95566691     173.794622413 1.70774257202e-08
    "BPM.15L1.B1"       22865.77181                 1     30.4322252868 1.48323969742e-08       32.82857721       53.07564215     35.0384410382 1.70774257202e-08
    "BPM.14L1.B1"       22919.22033                 1     171.292985117 1.48323969742e-08        183.323795       53.20771694     197.219858315 1.70774257202e-08
    "BPM.13L1.B1"       22972.66884                 1     32.1520526993 1.48323969742e-08       34.30460166       53.31558828     37.0185811962 1.70774257202e-08
    "BPM.12L1.B1"       23026.11736                 1     149.338841299 1.48323969742e-08       157.4482936       53.45759147     171.942739522 1.70774257202e-08
    "BPM.11L1.B1"       23079.56587                 1     32.1363292754 1.48323969742e-08       36.65524126       53.57123821      37.000477878 1.70774257202e-08
    "BPM.10L1.B1"       23132.34658                 1     41.5422018567 1.48323969742e-08       160.2668245       53.69928869     47.8300215194 1.70774257202e-08
     "BPM.9L1.B1"        23171.4116                 1     21.8687449848 1.48323969742e-08       22.09359526       53.80082234     25.1787940089 1.70774257202e-08
     "BPM.8L1.B1"       23211.87461                 1      100.93792532 1.48323969742e-08       110.6246078       53.99068749     116.215870233 1.70774257202e-08
    "BPMR.7L1.B1"       23250.94062                 1     28.2128973077 1.48323969742e-08       30.19851435       54.09384246     32.4831960041 1.70774257202e-08
     "BPM.6L1.B1"       23294.12462                 1     213.572398548 1.48323969742e-08       238.4104761       54.19875622     245.898675611 1.70774257202e-08
    "BPMR.5L1.B1"       23326.02462                 1     24652.2934913 1.48323969742e-08       596.0015265       54.21251061     28383.6598807 1.70774257202e-08
   "BPMYA.4L1.B1"       23347.14262                 1     974.606755224 1.48323969742e-08       1126.744993        54.2166125     1122.12304577 1.70774257202e-08
   "BPMWB.4L1.B1"       23368.27512                 1     1226.38614922 1.48323969742e-08       1406.733828       54.21923405     1412.01172029 1.70774257202e-08
   "BPMSY.4L1.B1"       23461.05512                 1     2239.38457071 1.48323969742e-08       2656.503969       54.22687558     2578.33738753 1.70774257202e-08
    "BPMS.2L1.B1"       23487.84062                 1     3620.47426998 1.48323969742e-08       4157.995798       54.22794403     4168.46855738 1.70774257202e-08
   "BPMSW.1L1.B1"       23497.79062                 1      1082.6917402 1.48323969742e-08        1244.72144       54.22872482     1246.56775323 1.70774257202e-08
   "BPMSW.1R1.B1"       23540.93362                 1     1095.48138027 1.48323969742e-08       1243.277489       54.72320408     1261.29323076 1.70774257202e-08
    "BPMS.2R1.B1"       23550.89862                 1     1516.53953828 1.48323969742e-08       1567.899171       54.72420953     1746.08267037 1.70774257202e-08
   "BPMSY.4R1.B1"       23577.68412                 1     4620.29595261 1.48323969742e-08       5509.374366       54.72575951      5319.6230571 1.70774257202e-08
   "BPMWB.4R1.B1"       23670.46412                 1     726.254994609 1.48323969742e-08       873.3076785       54.73249345     836.180810555 1.70774257202e-08
   "BPMYA.4R1.B1"       23691.59662                 1     312.644608412 1.48323969742e-08       394.5799829       54.73833231     359.966436057 1.70774257202e-08
     "BPM.5R1.B1"       23719.00462                 1       108.5044802 1.48323969742e-08       126.6633837       54.75757997     124.927697401 1.70774257202e-08
    "BPMR.6R1.B1"       23750.90462                 1     8.24999621572 1.48323969742e-08       8.524410772       55.04325612     9.49871405215 1.70774257202e-08
   "BPMSX.7R1.B1"       23757.12012                 1     20.1491390363 1.48323969742e-08       20.50565354       55.12115048     23.1989088356 1.70774257202e-08
   "BPM_A.7R1.B1"       23778.62862                 1     147.511196786 1.48323969742e-08       149.8239524       55.18457532     169.838463089 1.70774257202e-08
     "BPM.8R1.B1"       23820.06761                 1     19.3773728832 1.48323969742e-08       19.26695895       55.29306698     22.3103283064 1.70774257202e-08
     "BPM.9R1.B1"        23859.1346                 1     97.6739938587 1.48323969742e-08       103.6328435       55.50184133     112.457910736 1.70774257202e-08
    "BPM.10R1.B1"       23899.59958                 1     36.1614551417 1.48323969742e-08       37.94897859       55.59716646     41.6348460193 1.70774257202e-08
    "BPM.11R1.B1"       23952.38227                 1     188.092311414 1.48323969742e-08       194.2686184       55.71375625     216.561927402 1.70774257202e-08
    "BPM.12R1.B1"       24007.10876                 1     36.5726471905 1.48323969742e-08       35.51057049       55.81993645     42.1082760172 1.70774257202e-08
    "BPM.13R1.B1"       24060.56024                 1     148.479540245 1.48323969742e-08       160.8381018       55.95672705     170.953374826 1.70774257202e-08
    "BPM.14R1.B1"       24114.01173                 1     31.3700069105 1.48323969742e-08       32.85258835       56.07666141     36.1181651076 1.70774257202e-08
    "BPM.15R1.B1"       24167.46321                 1     178.736793814 1.48323969742e-08       183.3631992       56.20866364     205.790360462 1.70774257202e-08
    "BPM.16R1.B1"       24220.91469                 1     33.9449113301 1.48323969742e-08       34.27370559       56.31658601     39.0828065637 1.70774257202e-08
    "BPM.17R1.B1"       24274.36618                 1     156.188548393 1.48323969742e-08         160.78445       56.45673391     179.829216961 1.70774257202e-08
    "BPM.18R1.B1"       24327.81766                 1     32.3661937446 1.48323969742e-08       32.85276278       56.57666808     37.2651345888 1.70774257202e-08
    "BPM.19R1.B1"       24381.26915                 1     171.138698832 1.48323969742e-08       183.3633705       56.70866976     197.042219288 1.70774257202e-08
    "BPM.20R1.B1"       24434.72063                 1     32.2575718203 1.48323969742e-08       34.27353117        56.8165924     37.1400716711 1.70774257202e-08
    "BPM.21R1.B1"       24488.17211                 1     161.582233959 1.48323969742e-08       160.7842788       56.95674089     186.039289735 1.70774257202e-08
    "BPM.22R1.B1"        24541.6236                 1     28.4798254496 1.48323969742e-08        32.8529372       57.07667474     32.7905263382 1.70774257202e-08
    "BPM.23R1.B1"       24595.07508                 1     177.161551603 1.48323969742e-08       183.3660149       57.20867476     203.976689893 1.70774257202e-08
    "BPM.24R1.B1"       24648.52657                 1     31.7640661629 1.48323969742e-08       34.27441281       57.31659484     36.5718690925 1.70774257202e-08
    "BPM.25R1.B1"       24701.97805                 1     150.298169421 1.48323969742e-08        160.784317       57.45674089     173.047271363 1.70774257202e-08
    "BPM.26R1.B1"       24755.42954                 1     31.2575484012 1.48323969742e-08        32.8529372       57.57667474     35.9886849001 1.70774257202e-08
    "BPM.27R1.B1"       24808.88102                 1     179.319355087 1.48323969742e-08       183.3660149       57.70867476     206.461098096 1.70774257202e-08
    "BPM.28R1.B1"        24862.3325                 1      29.701285762 1.48323969742e-08       34.27441281       57.81659484     34.1968666479 1.70774257202e-08
    "BPM.29R1.B1"       24915.78399                 1      148.73750651 1.48323969742e-08        160.784317       57.95674089     171.250386816 1.70774257202e-08
    "BPM.30R1.B1"       24969.23547                 1     33.3282815451 1.48323969742e-08        32.8529372       58.07667474     38.3728438134 1.70774257202e-08
    "BPM.31R1.B1"       25022.68696                 1     169.184064802 1.48323969742e-08       183.3660149       58.20867476     194.791732228 1.70774257202e-08
    "BPM.32R1.B1"       25076.13844                 1     31.5106097704 1.48323969742e-08       34.27441281       58.31659484     36.2800495893 1.70774257202e-08
    "BPM.33R1.B1"       25129.58992                 1      149.29384187 1.48323969742e-08        160.784317       58.45674089     171.890928988 1.70774257202e-08
    "BPM.34R1.B1"       25183.04141                 1     24.5403700093 1.48323969742e-08        32.8529372       58.57667474      28.254795682 1.70774257202e-08
    "BPM.33L2.B1"       25236.49289                 1      167.50557419 1.48323969742e-08       183.3660149       58.70867476     192.859185601 1.70774257202e-08
    "BPM.32L2.B1"       25289.94438                 1     32.1302598734 1.48323969742e-08       34.27441281       58.81659484     36.9934898125 1.70774257202e-08
    "BPM.31L2.B1"       25343.39586                 1     144.551028171 1.48323969742e-08        160.784317       58.95674089     166.430243922 1.70774257202e-08
    "BPM.30L2.B1"       25396.84734                 1     31.6230303164 1.48323969742e-08        32.8529372       59.07667474     36.4094860875 1.70774257202e-08
    "BPM.29L2.B1"       25450.29883                 1     169.134169251 1.48323969742e-08       183.3660149       59.20867476     194.734284496 1.70774257202e-08
    "BPM.28L2.B1"       25503.75031                 1     31.3254027851 1.48323969742e-08       34.27441281       59.31659484     36.0668097104 1.70774257202e-08
    "BPM.27L2.B1"        25557.2018                 1     153.239284876 1.48323969742e-08        160.784317       59.45674089     176.433553487 1.70774257202e-08
    "BPM.26L2.B1"       25610.65328                 1     31.9137781343 1.48323969742e-08        32.8529372       59.57667474      36.744241439 1.70774257202e-08
    "BPM.25L2.B1"       25664.10477                 1     175.220021385 1.48323969742e-08       183.3660149       59.70867476     201.741290035 1.70774257202e-08
    "BPM.24L2.B1"       25717.55625                 1     31.4118868417 1.48323969742e-08       34.27441281       59.81659484     36.1663839772 1.70774257202e-08
    "BPM.23L2.B1"       25771.00773                 1     149.679287591 1.48323969742e-08        160.784317       59.95674089       172.3347157 1.70774257202e-08
    "BPM.22L2.B1"       25824.45922                 1     32.0816571746 1.48323969742e-08        32.8529372       60.07667474     36.9375306186 1.70774257202e-08
    "BPM.21L2.B1"        25877.9107                 1     170.736760488 1.48323969742e-08       183.3660149       60.20867476     196.579443634 1.70774257202e-08
    "BPM.20L2.B1"       25931.36219                 1     31.5978855138 1.48323969742e-08       34.27343639       60.31659665     36.3805353724 1.70774257202e-08
    "BPM.19L2.B1"       25984.81367                 1     151.738876136 1.48323969742e-08       160.7819375       60.45674681     174.706043169 1.70774257202e-08
    "BPM.18L2.B1"       26038.26515                 1     34.9949278582 1.48323969742e-08       32.85309111        60.5766814     40.2917533911 1.70774257202e-08
    "BPM.17L2.B1"       26091.71664                 1     169.396705046 1.48323969742e-08        183.366186       60.70868088     195.036557659 1.70774257202e-08
    "BPM.16L2.B1"       26145.16812                 1     33.4724621934 1.48323969742e-08       34.27326192       60.81660304     38.5388476168 1.70774257202e-08
    "BPM.15L2.B1"       26198.61961                 1      154.98581102 1.48323969742e-08       160.7817664       60.95675379     178.444433491 1.70774257202e-08
    "BPM.14L2.B1"       26252.07109                 1     32.4259814806 1.48323969742e-08       32.85326558       61.07668806     37.3339717851 1.70774257202e-08
    "BPM.13L2.B1"       26305.52257                 1     170.859387359 1.48323969742e-08       183.3663571         61.208687     196.720631284 1.70774257202e-08
    "BPM.12L2.B1"       26358.97406                 1      29.113393985 1.48323969742e-08       32.10686703       61.32087451     33.5199916848 1.70774257202e-08
    "BPM.11L2.B1"       26412.42554                 1     161.420022122 1.48323969742e-08       163.4255268       61.46596462     185.852525545 1.70774257202e-08
    "BPM.10L2.B1"       26464.26623                 1     31.1109619298 1.48323969742e-08       31.78444102       61.58286953     35.8199111287 1.70774257202e-08
     "BPM.9L2.B1"       26503.33322                 1      118.82513471 1.48323969742e-08       123.2972355       61.70154111     136.810484188 1.70774257202e-08
     "BPM.8L2.B1"       26543.79821                 1     17.8712360745 1.48323969742e-08       18.51206702       61.83382504     20.5762229207 1.70774257202e-08
     "BPM.7L2.B1"        26582.8662                 1     99.1567556894 1.48323969742e-08       109.8850023       62.02411283     114.165103111 1.70774257202e-08
    "BPMR.6L2.B1"        26614.9722                 1     23.1821408291 1.48323969742e-08       24.54569767        62.1243505      26.690985195 1.70774257202e-08