@ GetLLMVersion %s "V3.0.0 Dev"
@ Command %s "/afs/cern.ch/work/o/omc/anaconda/bin/python '/afs/cern.ch/work/e/efol/public/Beta-Beat.src/GetLLM/GetLLM.py' '--accel=LHCB1' '--model=/afs/cern.ch/work/e/efol/public/betabeatGui/temp/2017-12-20/models/LHCB1/Multiturn-model_40cm_2041/twiss.dat' '--files=/afs/cern.ch/work/e/efol/public/betabeatGui/temp/2017-12-20/LHCB1/Measurements/Beam1@Turn@2017_09_11@19_02_33_250_notcleaned/Beam1@Turn@2017_09_11@19_02_33_250_notcleaned.sdds' '--output=/afs/cern.ch/work/e/efol/public/betabeatGui/temp/2017-12-20/LHCB1/Results/40cm_notcleaned' '--tbtana=SUSSIX' '--bpmu=mm' '--lhcphase=1' '--errordefs=/afs/cern.ch/work/e/efol/public/betabeatGui/temp/2017-12-20/models/LHCB1/Multiturn-model_40cm_2041/error_deff.txt'"
@ CWD %s "/home/efol/Workspaces/Accsoft-Eclipse-Pro/lhc-app-beta-beating"
@ Date %s "20. December 2017, 16:53:14"
@ Q1 %le 0.309858442458
@ Q2 %le 0.31942165071
@ RMSbetabeat %le 1.86348691228
@ RescalingFactor %le 1.01975129399
@ FILES %s "/afs/cern.ch/work/e/efol/public/betabeatGui/temp/2017-12-20/LHCB1/Measurements/Beam1@Turn@2017_09_11@19_02_33_250_notcleaned/Beam1@Turn@2017_09_11@19_02_33_250_notcleaned.sdds.linx"
*            NAME                 S             COUNT              BETX           BETXSTD           BETXMDL            MUXMDL           BETXRES        BETXSTDRES
$              %s               %le               %le               %le               %le               %le               %le               %le               %le
   "BPMYB.5L2.B1"            28.288                 1     160.866123577               0.0        175.128565     0.03145312858     164.043437676               0.0
   "BPMYB.4L2.B1"            48.858                 1     76.7259197292               0.0       84.35832101     0.05851807485     78.2413559261               0.0
   "BPMWI.4L2.B1"           73.3255                 1       70.74649884               0.0       83.45002126      0.1097876872      72.143833737               0.0
   "BPMSX.4L2.B1"          123.4825                 1     145.713038772               0.0       170.5391556      0.1788502064     148.591059839               0.0
    "BPMS.2L2.B1"           161.394                 1     61.1587304715               0.0       63.40330267       0.229253766     62.3666945368               0.0
   "BPMSW.1L2.B1"           171.328                 1     51.6526711061               0.0        56.6340898      0.2526788187     52.6728781983               0.0
   "BPMSW.1R2.B1"           214.518                 1     55.7094414526               0.0        56.6345024      0.6146370966     56.8097750085               0.0
    "BPMS.2R2.B1"           224.452                 1     167.414117261               0.0       173.4266688       0.632582971     170.720762709               0.0
   "BPMSX.4R2.B1"          262.3635                 1     83.3442896246               0.0       100.2196997      0.6761117673      84.990447191               0.0
   "BPMWB.4R2.B1"          312.5965                 1      98.036007574               0.0       104.9354204      0.7575836096     99.9723455807               0.0
   "BPMYB.4R2.B1"           336.988                 1     97.4318586208               0.0       101.2151279      0.7924101326      99.356263904               0.0
    "BPMR.5R2.B1"           366.522                 1     36.5606068399               0.0       32.77197257      0.8883971562     37.2827261339               0.0
     "BPM.6R2.B1"           439.818                 1     167.390407921               0.0       181.6208991       1.036087404     170.696585078               0.0
   "BPM_A.7R2.B1"           452.693                 1     82.4171178944               0.0       85.21587822        1.05258811     84.0449626194               0.0
     "BPM.8R2.B1"       494.1300106                 1      110.35473873               0.0       113.0897601       1.134746992     112.534387617               0.0
     "BPM.9R2.B1"       533.1950212                 1     16.5079518381               0.0       15.94722448       1.292805637     16.8340052479               0.0
    "BPM.10R2.B1"       573.6580318                 1     171.909220847               0.0       171.7411105       1.460281322     175.304650406               0.0
    "BPM.11R2.B1"       625.4967424                 1     33.4514207315               0.0       32.90159014       1.566688573     34.1121295766               0.0
    "BPM.12R2.B1"       680.2202583                 1     174.080741075               0.0       174.1654418       1.709291425     177.519060969               0.0
    "BPM.13R2.B1"       733.6687742                 1     34.0038830286               0.0       33.14947812       1.822798755      34.675503719               0.0
    "BPM.14R2.B1"       787.1172901                 1     174.932041825               0.0         170.35043       1.960490566     178.387176011               0.0
    "BPM.15R2.B1"        840.565806                 1     35.2596574068               0.0       34.55300863       2.072703938     35.9560812661               0.0
    "BPM.16R2.B1"       894.0143219                 1      167.50620682               0.0       168.8433479       2.207282493     170.814671156               0.0
    "BPM.17R2.B1"       947.4628378                 1     35.0973255279               0.0       33.10170512       2.323083936     35.7905431225               0.0
    "BPM.18R2.B1"       1000.911354                 1     175.359302354               0.0       170.3630625       2.460771013     178.822875488               0.0
    "BPM.19R2.B1"        1054.35987                 1     34.6298343584               0.0       34.55282647       2.572979721     35.3138183974               0.0
    "BPM.20R2.B1"       1107.808386                 1     167.301884295               0.0       168.8307202       2.707565464     170.606312996               0.0
    "BPM.21R2.B1"       1161.256901                 1     34.0250244591               0.0       33.10189183       2.823371809       34.69706272               0.0
    "BPM.22R2.B1"       1214.705417                 1     172.990513513               0.0       170.3756854        2.96105144     176.407300002               0.0
    "BPM.23R2.B1"       1268.153933                 1     33.8877096717               0.0       33.11661624       3.076157208     34.5570357879               0.0
    "BPM.24R2.B1"       1321.602449                 1     177.192939438               0.0       170.3730582       3.213836773     180.692729277               0.0
    "BPM.25R2.B1"       1375.050965                 1     9.04998845062               0.0       33.11638753        3.32894411     9.22873743308               0.0
    "BPM.26R2.B1"       1428.499481                 1     185.544418882               0.0       170.3757138       3.466622864     189.209161247               0.0
    "BPM.27R2.B1"       1481.947997                 1     33.4393612675               0.0       33.11659909       3.581728657     34.0998319226               0.0
    "BPM.28R2.B1"       1535.396513                 1     181.847154993               0.0       170.3730331       3.719408284     185.438871612               0.0
    "BPM.29R2.B1"       1588.845029                 1     34.6661261688               0.0       33.11640494       3.834515594     35.3508270181               0.0
    "BPM.30R2.B1"       1642.293545                 1      177.76707996               0.0       170.3757357       3.972194287     181.278209817               0.0
    "BPM.31R2.B1"        1695.74206                 1     34.2476550372               0.0       33.11658144       4.087300109     34.9240905402               0.0
    "BPM.32R2.B1"       1749.190576                 1     2.25173877954               0.0       170.3730145       4.224979796     2.29621353415               0.0
    "BPM.33R2.B1"       1802.639092                 1     34.4468183327               0.0       33.11642281       4.340087075     35.1271875685               0.0
    "BPM.34R2.B1"       1856.087608                 1     177.958041383               0.0       170.3757509        4.47776571     181.472942975               0.0
    "BPM.33L3.B1"       1909.536124                 1      34.466538308               0.0       33.11656339       4.592871563     35.1472970387               0.0
    "BPM.32L3.B1"        1962.98464                 1     171.399376024               0.0       170.3730027       4.730551308     174.784735489               0.0
    "BPM.31L3.B1"       2016.433156                 1     33.9436951405               0.0       33.11644104       4.845658554     34.6141270422               0.0
    "BPM.30L3.B1"       2069.881672                 1     170.986463246               0.0       170.3757594       4.983337132     174.363667149               0.0
    "BPM.29L3.B1"       2123.330188                 1     32.2152395963               0.0         33.116545       5.098443021     32.8515322644               0.0
    "BPM.28L3.B1"       2176.778704                 1     170.369354226               0.0       170.3729976        5.23612282     173.734369427               0.0
    "BPM.27L3.B1"        2230.22722                 1     34.5053759544               0.0       33.11645955       5.351230029     35.1869017789               0.0
    "BPM.26L3.B1"       2283.675735                 1     173.121030423               0.0       170.3757611       5.488908554      176.54039479               0.0
    "BPM.25L3.B1"       2337.124251                 1     35.4505012803               0.0       33.11652639       5.604014482      36.150694553               0.0
    "BPM.24L3.B1"       2390.572767                 1     173.480952141               0.0       170.3729992       5.741694333     176.907425427               0.0
    "BPM.23L3.B1"       2444.021283                 1     34.6696607181               0.0       33.11647824       5.856801501     35.3544313793               0.0
    "BPM.22L3.B1"       2497.469799                 1     176.907326219               0.0       170.3757561       5.994479976     180.401474827               0.0
    "BPM.21L3.B1"       2550.918315                 1     33.6579590763               0.0       33.11650764       6.109585946     34.3227473209               0.0
    "BPM.20L3.B1"       2604.366831                 1     168.692566569               0.0       168.7740195       6.248110946     172.024463044               0.0
    "BPM.19L3.B1"       2657.815347                 1     33.6913420921               0.0       34.54002499       6.360982089     34.3567896945               0.0
    "BPM.18L3.B1"       2711.263863                 1     182.937758271               0.0       170.4266924       6.494760431     186.551015716               0.0
    "BPM.17L3.B1"       2764.712379                 1     37.6096432652               0.0       33.11556542       6.609873695      38.352482386               0.0
    "BPM.16L3.B1"       2818.160894                 1     167.817133447               0.0       168.7871945       6.748394012     171.131738985               0.0
    "BPM.15L3.B1"        2871.60941                 1     37.7282321079               0.0       34.54096274       6.861257971     38.4734135118               0.0
    "BPM.14L3.B1"       2925.057926                 1  0.00578132080821               0.0       170.4135122       6.995040774  0.00589550937512               0.0
    "BPM.13L3.B1"       2978.506442                 1     35.1075585136               0.0       33.11463215       7.110161452     35.8009782229               0.0
    "BPM.12L3.B1"       3031.954958                 1     185.315876951               0.0       171.5175732       7.247251311     188.976105317               0.0
    "BPM.11L3.B1"       3085.403474                 1     28.4665576081               0.0        28.2592413       7.373708861     29.0288089562               0.0
    "BPM.10L3.B1"       3138.184185                 1     178.476947862               0.0       172.7569671       7.522788108     182.002098529               0.0
     "BPM.9L3.B1"       3177.249195                 1     54.0714277776               0.0       54.93815126       7.583724784     55.1394084439               0.0
     "BPM.8L3.B1"       3217.712206                 1     174.988250762               0.0       175.5991319       7.660416551     178.444495147               0.0
     "BPM.7L3.B1"       3256.776216                 1      57.834113999               0.0       58.10046323       7.719364003      58.976412587               0.0
     "BPM.6L3.B1"       3329.415216                 1     202.441551306               0.0       206.7756234       7.831510896       206.4400339               0.0
  "BPMWG.A5L3.B1"       3371.119716                 1     60.8035203922               0.0       68.26217692       7.888594994     62.0044685988               0.0
    "BPMW.5L3.B1"       3400.089716                 1     47.8477543159               0.0       56.59279169       7.971952656     48.7928093779               0.0
   "BPMWE.4L3.B1"       3475.217716                 1      247.75079409               0.0       272.6641978        8.07532486     252.644192859               0.0
    "BPMW.4L3.B1"       3502.762716                 1     241.807927428               0.0       250.6035005       8.090528029     246.583946891               0.0
    "BPMW.4R3.B1"       3547.727716                 1     44.1573791138               0.0       44.32448505       8.160679045     45.0295444903               0.0
   "BPMWE.4R3.B1"       3575.272716                 1     28.2706140481               0.0       30.72266468       8.308322669     28.8289952573               0.0
    "BPMW.5R3.B1"       3650.400716                 1     310.262345186               0.0       347.6581685       8.437850831     316.390427978               0.0
  "BPMWJ.A5R3.B1"       3679.118716                 1     268.799453617               0.0       302.5649998       8.450477678     274.108590649               0.0
   "BPMWC.6R3.B1"       3718.936716                 1     60.3691478771               0.0       64.79675564       8.496370937     61.5615166645               0.0
    "BPMR.6R3.B1"       3731.015216                 1     37.7829525122               0.0       39.70879417       8.536481749     38.5292147149               0.0
     "BPM.8R3.B1"       3825.903227                 1     31.8494891384               0.0        35.2651492       8.835957198     32.4785577617               0.0
     "BPM.9R3.B1"       3864.968238                 1     122.472376136               0.0       128.5117235       8.940088827     124.891364042               0.0
    "BPM.10R3.B1"       3905.431248                 1     52.7290959288               0.0       54.67179092       9.014821952     53.7705638041               0.0
    "BPM.11R3.B1"       3958.211959                 1     189.790536219               0.0       183.5210003       9.107876696     193.539144896               0.0
    "BPM.12R3.B1"       4012.935475                 1     49.7947073308               0.0       42.56129302       9.208659941     50.7782172342               0.0
    "BPM.13R3.B1"       4066.383991                 1     181.279973143               0.0       170.7795851       9.325472939     184.860487186               0.0
    "BPM.14R3.B1"       4119.832506                 1     32.2483399804               0.0       33.11851399       9.440563908     32.8852864238               0.0
    "BPM.15R3.B1"       4173.281022                 1     167.742599687               0.0       168.7497879       9.579096744     171.055733087               0.0
    "BPM.16R3.B1"       4226.729538                 1     28.2437965682               0.0       34.53801546       9.691981666     28.8016480974               0.0
    "BPM.17R3.B1"       4280.178054                 1     129.941712166               0.0       170.4508792       9.825752567     132.508229123               0.0
    "BPM.18R3.B1"        4333.62657                 1      33.231903437               0.0       33.11755551        9.94085164     33.8882765315               0.0
    "BPM.19R3.B1"       4387.075086                 1      174.35368075               0.0        168.762939       10.07937985     177.797391556               0.0
    "BPM.20R3.B1"       4440.523602                 1     36.9129862882               0.0       34.53896949       10.19225756     37.6420655322               0.0
    "BPM.21R3.B1"       4493.972118                 1     205.860405547               0.0       170.4377228       10.32603287     209.926414937               0.0
    "BPM.22R3.B1"       4547.420634                 1     31.3459530756               0.0       33.11660593       10.44113938       31.96507621               0.0
    "BPM.23R3.B1"        4600.86915                 1     176.880379996               0.0       170.3751177       10.57881784     180.373996382               0.0
    "BPM.24R3.B1"       4654.317666                 1     11.4032168113               0.0        33.1163837       10.69392434      11.628445099               0.0
    "BPM.25R3.B1"       4707.766181                 1     177.174164053               0.0       170.3736653       10.83160423     180.673583054               0.0
    "BPM.26R3.B1"       4761.214697                 1     18.7824084273               0.0       33.11661706       10.94671083     19.1533852979               0.0
    "BPM.27R3.B1"       4814.663213                 1     179.703465426               0.0       170.3750681       11.08438929     183.252841402               0.0
    "BPM.28R3.B1"       4868.111729                 1     36.9082767346               0.0       33.11637287       11.19949583     37.6372629589               0.0
    "BPM.29R3.B1"       4921.560245                 1     193.303423425               0.0       170.3737166       11.33717572     197.121416169               0.0
    "BPM.30R3.B1"       4975.008761                 1     32.8764761396               0.0       33.11662759       11.45228227      33.525829085               0.0
    "BPM.31R3.B1"       5028.457277                 1     185.688149849               0.0       170.3750152       11.58996073     189.355731087               0.0
    "BPM.32R3.B1"       5081.905793                 1     34.2878426516               0.0       33.11636264       11.70506732     34.9650719119               0.0
    "BPM.33R3.B1"       5135.354309                 1     166.062857066               0.0       170.3737711       11.84274721     169.342813376               0.0
    "BPM.34R3.B1"       5188.802825                 1     33.3872014519               0.0       33.11663749       11.95785372     34.0466418832               0.0
    "BPM.33L4.B1"        5242.25134                 1     175.122068471               0.0       170.3749591       12.09553218     178.580955928               0.0
    "BPM.32L4.B1"       5295.699856                 1     33.4341659077               0.0       33.11635308       12.21063881     34.0945339477               0.0
    "BPM.31L4.B1"       5349.148372                 1     177.661231329               0.0       170.3738287       12.34831869     181.170270539               0.0
    "BPM.30L4.B1"       5402.596888                 1     33.1045779725               0.0       33.11664671       12.46342516     33.7584362243               0.0
    "BPM.29L4.B1"       5456.045404                 1     182.850846992               0.0       170.3749002       12.60110363     186.462387826               0.0
    "BPM.28L4.B1"        5509.49392                 1     32.5746877292               0.0       33.11634423        12.7162103     33.2180799631               0.0
    "BPM.27L4.B1"       5562.942436                 1      175.07416152               0.0       170.3738889       12.85389018     178.532102754               0.0
    "BPM.26L4.B1"       5616.390952                 1     32.7301798511               0.0       33.11665519        12.9689966     33.3766432555               0.0
    "BPM.25L4.B1"       5669.839468                 1        172.402226               0.0       170.3748387       13.10667508      175.80739305               0.0
    "BPM.24L4.B1"       5723.287984                 1     34.4831666422               0.0       33.11633612       13.22178179     35.1642538041               0.0
    "BPM.23L4.B1"         5776.7365                 1     171.792614988               0.0       170.3739515       13.35946166     175.185741431               0.0
    "BPM.22L4.B1"       5830.185015                 1     33.6923909041               0.0        33.1166629       13.47456804     34.3578592219               0.0
    "BPM.21L4.B1"       5883.633531                 1     177.454861099               0.0        170.374775       13.61224654      180.95982423               0.0
    "BPM.20L4.B1"       5937.082047                 1     35.0877211682               0.0        34.5523301       13.72445156     35.7807490643               0.0
    "BPM.19L4.B1"       5990.530563                 1     172.593580266               0.0       168.8189486       13.85904485      176.00252681               0.0
    "BPM.18L4.B1"       6043.979079                 1     32.7281525642               0.0       33.10237926        13.9748551     33.3745759271               0.0
    "BPM.17L4.B1"       6097.427595                 1      178.93771814               0.0       170.3873833       14.11252694     182.471969617               0.0
    "BPM.16L4.B1"       6150.876111                 1     38.4109550862               0.0       34.55213024       14.22472735     39.1696211524               0.0
    "BPM.15L4.B1"       6204.324627                 1     174.842061992               0.0       168.8063453       14.35932787     178.295418959               0.0
    "BPM.14L4.B1"       6257.773143                 1     34.0579759152               0.0       33.10258368       14.47514296       34.73066501               0.0
    "BPM.13L4.B1"       6311.221659                 1     182.599653195               0.0       170.3999817       14.61280733     186.206232627               0.0
    "BPM.12L4.B1"       6364.670174                 1     35.2498334481               0.0       33.66441246       14.72676903     35.9460632715               0.0
    "BPM.11L4.B1"        6418.11869                 1     169.745703333               0.0       166.5763012       14.86492988     173.098400622               0.0
    "BPM.10L4.B1"       6469.957401                 1     35.4204319606               0.0       31.52780044       14.98126706     36.1200313253               0.0
     "BPM.9L4.B1"       6509.022412                 1     109.569718155               0.0        111.000041       15.10739803      111.73386187               0.0
     "BPM.8L4.B1"       6549.485422                 1     24.6871334917               0.0       21.02823162       15.23843666      25.174736323               0.0
     "BPM.7L4.B1"       6588.549433                 1     96.0478391351               0.0       103.4394451       15.41380548     97.9449082426               0.0
   "BPMYB.6L4.B1"       6685.153433                 1     117.176429263               0.0       134.8490532       15.55382553     119.490815366               0.0
   "BPMYA.5L4.B1"       6722.153433                 1     398.303148356               0.0       431.6814919       15.57941125     406.170150934               0.0
  "BPMWI.A5L4.B1"       6798.755933                 1     284.873870205               0.0       315.6044425        15.6113604     290.500497765               0.0
  "BPMWA.B5L4.B1"       6824.619933                 1     259.580173453               0.0       277.6303821       15.62528443     264.707217772               0.0
  "BPMWA.A5L4.B1"       6833.504933                 1      240.46233875               0.0       266.1917904       15.63048707     245.211781095               0.0
  "BPMWA.A5R4.B1"       6881.553933                 1     194.662989022               0.0       218.5680628       15.66240457     198.507834946               0.0
  "BPMWA.B5R4.B1"       6890.438933                 1     187.415017463               0.0       212.3939333       15.66896959     191.116706571               0.0
   "BPMYB.5R4.B1"       6992.829433                 1     202.227918556               0.0       217.2561595       15.75149725     206.222181627               0.0
   "BPMYA.6R4.B1"       7024.393433                 1      447.26289119               0.0       486.1398227       15.76697937     456.096912043               0.0
     "BPM.7R4.B1"       7120.909433                 1     23.4905856246               0.0       22.79889128       15.93450269     23.9545550872               0.0
     "BPM.8R4.B1"       7158.698443                 1     114.043508388               0.0       113.0607275       16.07991314     116.296015249               0.0
     "BPM.9R4.B1"       7197.763454                 1     18.5328697416               0.0        18.5713731       16.21624484     18.8989179002               0.0
    "BPM.10R4.B1"       7238.226465                 1     159.793472206               0.0       152.1990454        16.3816195     162.949600052               0.0
    "BPM.11R4.B1"       7290.065175                 1     34.9145606494               0.0       34.70392971       16.49278171     35.6041684012               0.0
    "BPM.12R4.B1"       7344.788691                 1     163.682562197               0.0        170.420853        16.6284393     166.915504604               0.0
    "BPM.13R4.B1"       7398.237207                 1     32.8285324945               0.0       33.47884206       16.74286491     33.4769384909               0.0
    "BPM.14R4.B1"       7451.685723                 1     179.704136704               0.0       171.6773885       16.87901446     183.253525938               0.0
    "BPM.15R4.B1"       7505.134239                 1     36.0549682231               0.0       33.49086865       16.99285025     36.7671005001               0.0
    "BPM.16R4.B1"       7558.582755                 1     171.452956465               0.0       171.6764447       17.12900082     174.839374213               0.0
    "BPM.17R4.B1"       7612.031271                 1     37.0849208287               0.0       33.49130626       17.24283608     37.8173960025               0.0
    "BPM.18R4.B1"       7665.479786                 1     175.068817261               0.0       171.6773889       17.37898495     178.526652938               0.0
    "BPM.19R4.B1"       7718.928302                 1     34.4618741877               0.0        33.4908687       17.49282073     35.1425407961               0.0
    "BPM.20R4.B1"       7772.376818                 1     171.015769445               0.0       171.6764442        17.6289713     174.393552184               0.0
    "BPM.21R4.B1"       7825.825334                 1     32.7928361695               0.0       33.49130622       17.74280656     33.4405371172               0.0
    "BPM.22R4.B1"        7879.27385                 1     177.162504059               0.0       171.6773894       17.87895543      180.66169276               0.0
    "BPM.23R4.B1"       7932.722366                 1      34.665524083               0.0       33.49177445       17.99278936     35.3502130403               0.0
    "BPM.24R4.B1"       7986.170882                 1     162.123667616               0.0       171.6788307       18.12893623     165.325819837               0.0
    "BPM.25R4.B1"       8039.619398                 1     37.1681501973               0.0       33.49132722       18.24277051     37.9022692587               0.0
    "BPM.26R4.B1"       8093.067914                 1     183.889276404               0.0       171.6773888       18.37891937     187.521327563               0.0
    "BPM.27R4.B1"        8146.51643                 1     34.1549002722               0.0       33.49177437       18.49275331     34.8295037485               0.0
    "BPM.28R4.B1"       8199.964946                 1     174.354663979               0.0       171.6788313       18.62890018     177.798394205               0.0
    "BPM.29R4.B1"       8253.413461                 1     33.8799545999               0.0        33.4913273       18.74273446     34.5491275435               0.0
    "BPM.30R4.B1"       8306.861977                 1     177.580368687               0.0       171.6773882       18.87888332     181.087810755               0.0
    "BPM.31R4.B1"       8360.310493                 1     37.8383879218               0.0        33.4917743       18.99271725     38.5857450456               0.0
    "BPM.32R4.B1"       8413.759009                 1     166.893628975               0.0       171.6788318       19.12886413     170.189994105               0.0
    "BPM.33R4.B1"       8467.207525                 1     31.3520661188               0.0       33.49132738        19.2426984     31.9713099937               0.0
    "BPM.34R4.B1"       8520.656041                 1      175.93860863               0.0       171.6773877       19.37884727     179.413623812               0.0
    "BPM.33L5.B1"       8574.104557                 1     34.2076999831               0.0       33.49177422        19.4926812      34.883346322               0.0
    "BPM.32L5.B1"       8627.553073                 1     164.883177652               0.0       171.6788324       19.62882807     168.139833767               0.0
    "BPM.31L5.B1"       8681.001589                 1     33.2134736916               0.0       33.49132746       19.74266235     33.8694827748               0.0
    "BPM.30L5.B1"       8734.450105                 1     176.435865078               0.0       171.6773871       19.87881121     179.920701719               0.0
    "BPM.29L5.B1"        8787.89862                 1     33.3568418366               0.0       33.49177414       19.99264515     34.0156826261               0.0
    "BPM.28L5.B1"       8841.347136                 1     173.927555707               0.0        171.678833       20.12879202     177.362849992               0.0
    "BPM.27L5.B1"       8894.795652                 1     31.6904961694               0.0       33.49132754       20.24262629     32.3164244758               0.0
    "BPM.26L5.B1"       8948.244168                 1     180.550174545               0.0       171.6773865       20.37877516     184.116274121               0.0
    "BPM.25L5.B1"       9001.692684                 1     28.1592087172               0.0       33.49177406       20.49260909     28.7153895269               0.0
    "BPM.24L5.B1"         9055.1412                 1     169.612248563               0.0       171.6788335       20.62875597     172.962309948               0.0
    "BPM.23L5.B1"       9108.589716                 1     33.0445352509               0.0       33.49132762       20.74259024     33.6972075813               0.0
    "BPM.22L5.B1"       9162.038232                 1     183.917392629               0.0        171.677386       20.87873911      187.54999912               0.0
    "BPM.21L5.B1"       9215.486748                 1     34.5101715372               0.0       33.49177398       20.99257304     35.1917920807               0.0
    "BPM.20L5.B1"       9268.935264                 1     178.097999688               0.0        171.676489       21.12872111     181.615665638               0.0
    "BPM.19L5.B1"       9322.383779                 1     31.6190382579               0.0       33.49040098       21.24255822     32.2435551781               0.0
    "BPM.17L5.B1"       9429.280811                 1     37.1964980988               0.0       33.49177398       21.49254352     37.9311770679               0.0
    "BPM.16L5.B1"       9482.729327                 1     171.871152293               0.0       171.6764903       21.62869159     175.265829949               0.0
    "BPM.15L5.B1"       9536.177843                 1     34.4150640572               0.0       33.49040098        21.7425287     35.0948061049               0.0
    "BPM.14L5.B1"       9589.626359                 1     187.533996852               0.0       171.6773425       21.87868007     191.238035956               0.0
    "BPM.13L5.B1"       9643.074875                 1     36.4669901248               0.0       33.49177397       21.99251401     37.1872603675               0.0
    "BPM.12L5.B1"       9696.523391                 1     173.470562873               0.0       168.1512586       22.13049826     176.896830958               0.0
    "BPM.11L5.B1"       9749.971907                 1     36.4471113433               0.0        37.5248342        22.2382219     37.1669889543               0.0
    "BPM.10L5.B1"       9802.752617                 1     163.205127717               0.0       150.3503314       22.36968741     166.428640175               0.0
     "BPM.9L5.B1"       9841.817628                 1     21.3050901684               0.0       21.32865309       22.47730301     21.7258932677               0.0
     "BPM.8L5.B1"       9882.280639                 1     123.113316824               0.0       118.0728601       22.66146928     125.544964138               0.0
    "BPMR.7L5.B1"       9921.346649                 1     33.2680417026               0.0       30.35294283       22.76050366     33.9251285745               0.0
     "BPM.6L5.B1"       9958.240649                 1     164.683907902               0.0       176.9865915       22.86409762     167.936628182               0.0
    "BPMR.5L5.B1"       9990.140649                 1     426.985394713               0.0       462.1055391       22.88181088     435.418908771               0.0
   "BPMYA.4L5.B1"       10017.54665                 1     931.103846366               0.0       1054.043045        22.8881843     949.494352166               0.0
   "BPMWB.4L5.B1"       10038.68115                 1     1192.15704717               0.0       1315.864719       22.89098702     1215.70369149               0.0
   "BPMSY.4L5.B1"       10131.46115                 1     2330.48185186               0.0       2485.073071       22.89915642     2376.51188404               0.0
    "BPMS.2L5.B1"       10158.24665                 1     3406.29072496               0.0       3889.910817       22.90029854     3473.56937447               0.0
   "BPMSW.1L5.B1"       10168.21165                 1     1113.93888524               0.0       1162.912886       22.90113517     1135.94061964               0.0
   "BPMSW.1R5.B1"       10211.33965                 1     1141.15193545               0.0       1162.912184       23.39523136     1163.69116281               0.0
    "BPMS.2R5.B1"       10221.30465                 1     348.729434902               0.0       1466.574275       23.39630629     355.617292492               0.0
   "BPMWB.4R5.B1"       10340.87015                 1     788.408422162               0.0       817.3344555        23.4051606     803.980508689               0.0
   "BPMYA.4R5.B1"       10362.00265                 1     343.220001379               0.0       369.6082815       23.41139683     349.999040528               0.0
     "BPM.5R5.B1"       10383.12065                 1     171.569821629               0.0       168.4295663       23.42488375     174.958547615               0.0
    "BPMR.6R5.B1"       10415.02065                 1     8.03261202729               0.0       8.430381443       23.58150134     8.19126650891               0.0
   "BPM_A.7R5.B1"       10449.03465                 1     139.188607172               0.0       141.2419446       23.85403894     141.937762271               0.0
     "BPM.8R5.B1"       10490.47364                 1     21.3762250617               0.0       18.49863175       23.96924729     21.7984331672               0.0
     "BPM.9R5.B1"       10529.54063                 1      102.69819846               0.0       110.3220925       24.17193213      104.72662077               0.0
    "BPM.10R5.B1"       10570.00562                 1     36.4699651005               0.0       38.03706263       24.26381535     37.1902941029               0.0
    "BPM.11R5.B1"       10622.78831                 1     195.164726006               0.0       181.7845149       24.38513182     199.019481885               0.0
    "BPM.12R5.B1"       10677.51479                 1     37.3491711767               0.0         34.790099       24.49695998     38.0868656367               0.0
    "BPM.13R5.B1"       10730.96627                 1     170.526178085               0.0       171.7494436       24.62968881     173.894290761               0.0
    "BPM.14R5.B1"       10784.41776                 1     32.8920119773               0.0       33.48864627        24.7435307     33.5416717756               0.0
    "BPM.15R5.B1"       10837.86924                 1     180.457365218               0.0       171.6886063       24.87969107      184.02163169               0.0
    "BPM.16R5.B1"       10891.32073                 1     36.8256432298               0.0       33.48817036       24.99353555     37.5529973355               0.0
    "BPM.17R5.B1"       10944.77221                 1     175.133365096               0.0       171.6923318       25.12969523     178.592475676               0.0
    "BPM.18R5.B1"        10998.2237                 1     31.7667889351               0.0       33.48864624       25.24353723     32.3942241223               0.0
    "BPM.19R5.B1"       11051.67518                 1      177.24729312               0.0       171.6886062        25.3796976     180.748156514               0.0
    "BPM.20R5.B1"       11105.12666                 1     33.7937696296               0.0       33.48817039       25.49354209     34.4612403084               0.0
    "BPM.21R5.B1"       11158.57815                 1     169.258352741               0.0       171.6923319       25.62970177     172.601424225               0.0
    "BPM.22R5.B1"       11212.02963                 1     33.2847379392               0.0       33.48864622       25.74354377     33.9421545834               0.0
    "BPM.23R5.B1"       11265.48112                 1     183.915113073               0.0       171.6909512       25.87970295      187.54767454               0.0
    "BPM.24R5.B1"        11318.9326                 1     34.5564254549               0.0       33.48909703       25.99354459     35.2389595731               0.0
    "BPM.25R5.B1"       11372.38408                 1     163.102173139               0.0       171.6923727       26.12970177      166.32365211               0.0
    "BPM.26R5.B1"       11425.83557                 1     33.8889271284               0.0       33.48864622       26.24354377      34.558277291               0.0
    "BPM.27R5.B1"       11479.28705                 1     183.631702081               0.0       171.6909512       26.37970295     187.258665814               0.0
    "BPM.28R5.B1"       11532.73854                 1     34.6281715794               0.0       33.48909703       26.49354459     35.3121227764               0.0
    "BPM.29R5.B1"       11586.19002                 1     180.873771047               0.0       171.6923727       26.62970177     184.446262073               0.0
    "BPM.30R5.B1"        11639.6415                 1      35.007291081               0.0       33.48864622       26.74354377     35.6987303788               0.0
    "BPM.31R5.B1"       11693.09299                 1     182.942974795               0.0       171.6909512       26.87970295     186.556335273               0.0
    "BPM.32R5.B1"       11746.54447                 1     33.2502103354               0.0       33.48909703       26.99354459     33.9069450148               0.0
    "BPM.33R5.B1"       11799.99596                 1     169.474941341               0.0       171.6923727       27.12970177      172.82229073               0.0
    "BPM.34R5.B1"       11853.44744                 1     35.0092440133               0.0       33.48864622       27.24354377      35.700721884               0.0
    "BPM.33L6.B1"       11906.89893                 1     182.355012547               0.0       171.6909512       27.37970295     185.956760009               0.0
    "BPM.32L6.B1"       11960.35041                 1     35.4255413566               0.0       33.48909703       27.49354459     36.1252416385               0.0
    "BPM.31L6.B1"       12013.80189                 1   0.0218233275703               0.0       171.6923727       27.62970177   0.0222543665289               0.0
    "BPM.30L6.B1"       12067.25338                 1     34.1723147376               0.0       33.48864622       27.74354377     34.8472621722               0.0
    "BPM.29L6.B1"       12120.70486                 1     189.517850775               0.0       171.6909512       27.87970295     193.261073561               0.0
    "BPM.28L6.B1"       12174.15635                 1     35.8744116404               0.0       33.48909703       27.99354459     36.5829776913               0.0
    "BPM.27L6.B1"       12227.60783                 1     174.123979438               0.0       171.6923727       28.12970177     177.563153346               0.0
    "BPM.26L6.B1"       12281.05931                 1     33.3396268615               0.0       33.48864622       28.24354377      33.998127633               0.0
    "BPM.25L6.B1"        12334.5108                 1      177.03566148               0.0       171.6909512       28.37970295     180.532344876               0.0
    "BPM.24L6.B1"       12387.96228                 1     34.7588404218               0.0       33.48909703       28.49354459     35.4453724976               0.0
    "BPM.23L6.B1"       12441.41377                 1      97.242351092               0.0       171.6923727       28.62970177     99.1630133562               0.0
    "BPM.22L6.B1"       12494.86525                 1     33.4863569688               0.0       33.48864622       28.74354377     34.1477558498               0.0
    "BPM.21L6.B1"       12548.31673                 1     183.047422698               0.0       171.6909512       28.87970294     186.662846157               0.0
    "BPM.20L6.B1"       12601.76822                 1      36.484399564               0.0       33.48819131       28.99354644     37.2050136657               0.0
    "BPM.19L6.B1"        12655.2197                 1     169.760639978               0.0       171.6899869       29.12970732     173.113632286               0.0
    "BPM.18L6.B1"       12708.67119                 1     34.5093428636               0.0        33.4886253       29.24355031     35.1909470397               0.0
    "BPM.17L6.B1"       12762.12267                 1     182.439126243               0.0       171.6909511       29.37970948      186.04253506               0.0
    "BPM.16L6.B1"       12815.57415                 1     33.2088940794               0.0        33.4881913       29.49355298     33.8648127093               0.0
    "BPM.15L6.B1"       12869.02564                 1     170.656739638               0.0        171.689987       29.62971385     174.027431073               0.0
    "BPM.14L6.B1"       12922.47712                 1     32.5976112887               0.0       33.48862531       29.74355684     33.2414562925               0.0
    "BPM.13L6.B1"       12975.92861                 1     178.001830415               0.0        171.690951       29.87971602     181.517596897               0.0
    "BPM.12L6.B1"       13029.38009                 1      34.353243932               0.0       32.85380122       29.99488123     35.0317649522               0.0
    "BPM.11L6.B1"       13082.83158                 1     171.584765465               0.0       177.4262416       30.12992819     174.973786611               0.0
    "BPM.10L6.B1"       13134.67226                 1      26.673635875               0.0       29.61362466       30.24585235     27.2004746988               0.0
     "BPM.9L6.B1"       13173.73925                 1     137.157746634               0.0       135.2126565       30.36561155     139.866789611               0.0
     "BPM.8L6.B1"       13214.20424                 1      18.031581181               0.0       18.86386505       30.48833405     18.3877282419               0.0
   "BPMYA.5L6.B1"       13311.29423                 1     540.756641077               0.0       576.8072326        30.7339036      551.43728447               0.0
   "BPMYB.4L6.B1"       13347.69423                 1     208.011207966               0.0       225.3551484       30.74912326     212.119698487               0.0
   "BPMSE.4L6.B1"       13476.94473                 1     146.999766831               0.0       152.5292131       30.87890794     149.903202442               0.0
   "BPMSA.4R6.B1"       13568.51473                 1     242.819965216               0.0       254.5630301       30.95582807     247.615973735               0.0
   "BPMYA.4R6.B1"       13691.29423                 1     519.648687378               0.0       573.8297065       31.00787876     529.912421372               0.0
   "BPMYB.5R6.B1"       13727.69423                 1     114.181228448               0.0       120.7891535       31.02888512     116.436455458               0.0
     "BPM.8R6.B1"       13823.42122                 1     106.827229869               0.0       106.2294544       31.35214226     108.937205892               0.0
    "BPM.10R6.B1"        13902.9532                 1     169.377313585               0.0       167.3166396       31.65352068       172.7227347               0.0
    "BPM.11R6.B1"       13954.79389                 1     36.7435631694               0.0       35.32712386       31.75757036     37.4692960876               0.0
    "BPM.12R6.B1"       14009.52037                 1     173.645987858               0.0       170.4229761       31.89361398     177.075720814               0.0
    "BPM.13R6.B1"       14062.97186                 1     32.0060686961               0.0       32.87662121       32.00924581     32.6382299682               0.0
    "BPM.14R6.B1"       14116.42334                 1     178.568642655               0.0       173.7588578       32.14617605     182.095604413               0.0
    "BPM.15R6.B1"       14169.87483                 1     32.2750599945               0.0       31.52267301       32.26333567     32.9125341928               0.0
    "BPM.16R6.B1"       14223.32631                 1     179.211565472               0.0       174.0748047       32.40416773     182.751225787               0.0
    "BPM.17R6.B1"       14276.77779                 1     33.9044335637               0.0       32.91556085       32.51814385     34.5740899984               0.0
    "BPM.19R6.B1"       14383.68076                 1     33.7885680051               0.0       31.51889039       32.77262488     34.4559359452               0.0
    "BPM.20R6.B1"       14437.13225                 1     181.112127283               0.0       174.5016795       32.91323081     184.689326153               0.0
    "BPM.21R6.B1"       14490.58373                 1     34.5606476439               0.0       32.91478852       33.02703912     35.2432651558               0.0
    "BPM.22R6.B1"       14544.03522                 1     187.252319691               0.0       172.9065002       33.16440245     190.950795307               0.0
    "BPM.23R6.B1"        14597.4867                 1      32.875045033               0.0       32.89954089       33.27890599     33.5243697123               0.0
    "BPM.24R6.B1"       14650.93818                 1     174.754694671               0.0       172.9086952       33.41627076     178.206326021               0.0
    "BPM.25R6.B1"       14704.38967                 1     32.1680613555               0.0       32.90016379       33.53077209     32.8034221923               0.0
    "BPM.26R6.B1"       14757.84115                 1     176.563623638               0.0       172.9064302       33.66813632     180.050983675               0.0
    "BPM.27R6.B1"       14811.29264                 1     33.7126519512               0.0         32.899549       33.78263987     34.3785204509               0.0
    "BPM.29R6.B1"        14918.1956                 1     34.5728644869               0.0       32.90015534        34.0345059     35.2557232973               0.0
    "BPM.30R6.B1"       14971.64709                 1     183.973501733               0.0       172.9063627       34.17187019     187.607216452               0.0
    "BPM.31R6.B1"       15025.09857                 1     33.1434129064               0.0       32.89955779       34.28637375     33.7980381983               0.0
    "BPM.32R6.B1"       15078.55006                 1     168.664773092               0.0       172.9088301       34.42373839     171.996120611               0.0
    "BPM.33R6.B1"       15132.00154                 1     32.1567615997               0.0       32.90014622       34.53823971     32.7918992516               0.0
    "BPM.34R6.B1"       15185.45302                 1     180.311152398               0.0       172.9062979       34.67560406     183.872530977               0.0
    "BPM.33L7.B1"       15238.90451                 1     35.2934519895               0.0       32.89956723       34.79010763     35.9905433355               0.0
    "BPM.32L7.B1"       15292.35599                 1      175.74533166               0.0       172.9088936       34.92747221     179.216529372               0.0
    "BPM.31L7.B1"       15345.80748                 1      32.580494902               0.0       32.90013647       35.04197353      33.224001835               0.0
    "BPM.30L7.B1"       15399.25896                 1     177.691475508               0.0       172.9062359       35.17933793      181.20111208               0.0
    "BPM.29L7.B1"       15452.71045                 1     35.9098358621               0.0        32.8995773        35.2938415     36.6191015872               0.0
    "BPM.28L7.B1"       15506.16193                 1     177.317118439               0.0       172.9089541       35.43120603     180.819360974               0.0
    "BPM.27L7.B1"       15559.61341                 1     34.3940386875               0.0       32.90012609       35.54570734      35.073365457               0.0
    "BPM.26L7.B1"        15613.0649                 1     173.575699852               0.0       172.9061768        35.6830718     177.004044529               0.0
    "BPM.25L7.B1"       15666.51638                 1      34.276437683               0.0       32.89958798       35.79757538     34.9534416804               0.0
    "BPM.24L7.B1"       15719.96787                 1     169.539025622               0.0       172.9090116       35.93493984     172.887640759               0.0
    "BPM.23L7.B1"       15773.41935                 1     33.9804241546               0.0       32.90011511       36.04944115     34.6515815018               0.0
    "BPM.22L7.B1"       15826.87083                 1     175.009315019               0.0       172.9061209       36.18680568      178.46597545               0.0
    "BPM.21L7.B1"       15880.32232                 1     34.3281713579               0.0       32.89959925       36.30130925     35.0061971624               0.0
    "BPM.20L7.B1"        15933.7738                 1     184.623130011               0.0       174.5646964       36.43783228     188.269675728               0.0
    "BPM.19L7.B1"       15987.22529                 1     31.5949919222               0.0       31.52314421       36.55465792     32.2190338961               0.0
    "BPM.18L7.B1"       16040.67677                 1      169.72446415               0.0       173.2832302       36.69593289     173.076741938               0.0
    "BPM.17L7.B1"       16094.12825                 1     34.3200608689               0.0       32.92502084        36.8102053     34.9979264808               0.0
    "BPM.16L7.B1"       16147.57974                 1     192.465428729               0.0        174.119195       36.94689257     196.266869994               0.0
    "BPM.15L7.B1"       16201.03122                 1     30.3435708157               0.0       31.50229455       37.06394951     30.9428956034               0.0
    "BPM.14L7.B1"       16254.48271                 1     174.575170526               0.0        173.731458       37.20503681     178.023256041               0.0
    "BPM.13L7.B1"       16307.93419                 1     34.5401586038               0.0       32.94123056       37.31909572     35.2223714307               0.0
    "BPM.12L7.B1"       16361.38567                 1     166.363955957               0.0       168.3162799       37.45878799     169.649859359               0.0
    "BPM.11L7.B1"       16414.83716                 1     31.0123946859               0.0        31.4156062        37.5785266     31.6249296105               0.0
    "BPM.10L7.B1"       16467.61985                 1     153.286521906               0.0       159.4968211       37.72231549     156.314129064               0.0
     "BPM.9L7.B1"       16506.68684                 1     27.5118745479               0.0        25.8352186       37.81597601     28.0552696701               0.0
     "BPM.7L7.B1"       16586.21782                 1     65.0082937854               0.0        67.2066817       38.09126598     66.2922917074               0.0
     "BPM.6L7.B1"       16621.03582                 1     234.838432234               0.0       240.4385357       38.13795827     239.476795148               0.0
   "BPMWC.6L7.B1"       16633.13832                 1     229.361374586               0.0       238.4299536       38.14551791     233.891558524               0.0
   "BPMWE.5L7.B1"       16710.19232                 1     26.3659022603               0.0       28.93132311       38.33464748      26.886662947               0.0
    "BPMW.5L7.B1"       16733.39732                 1     59.8074719577               0.0       65.83947785       38.43173704     60.9887469189               0.0
   "BPMWE.4L7.B1"       16768.48232                 1     253.638556169               0.0       277.5166264       38.47352541     258.648245858               0.0
    "BPMW.4L7.B1"       16796.58732                 1     328.149516435               0.0       342.5069838       38.48680076     334.630894005               0.0
    "BPMW.4R7.B1"       16912.63432                 1     44.8531193237               0.0       45.93433561       38.67484765     45.7390264696               0.0
   "BPMWE.4R7.B1"       16940.73932                 1     394.003156463               0.0       94.10543615       38.75102107     401.785228638               0.0
    "BPMW.5R7.B1"       16975.82432                 1     298.532893283               0.0       309.2923975       38.78398655     304.429304222               0.0
   "BPMWE.5R7.B1"       16999.02932                 1     317.421901178               0.0       349.9894117       38.79440234     323.691394466               0.0
    "BPMR.6R7.B1"       17078.24482                 1     60.2491086528               0.0        59.2828978        38.8870777     61.4391065101               0.0
   "BPM_A.7R7.B1"       17116.28082                 1     129.624650011               0.0        127.874134        38.9671717     132.184904581               0.0
     "BPM.9R7.B1"        17194.4138                 1     111.140141709               0.0       108.6113909       39.28496583     113.335303322               0.0
    "BPM.10R7.B1"       17234.87878                 1     36.4304061946               0.0       34.81349859       39.38460427     37.1499538574               0.0
    "BPM.11R7.B1"       17287.66147                 1       182.2351177               0.0       179.6221878       39.51149712     185.834497085               0.0
    "BPM.12R7.B1"       17342.38796                 1     33.1806987183               0.0       30.98983344       39.63185931     33.8360604533               0.0
    "BPM.13R7.B1"       17395.83944                 1     172.294019478               0.0       171.9742438       39.77544702     175.697049309               0.0
    "BPM.14R7.B1"       17449.29093                 1     33.3433060792               0.0       32.82282969        39.8904541       34.00187952               0.0
    "BPM.15R7.B1"       17502.74241                 1      175.74101929               0.0       175.4195302       40.02674292     179.212131827               0.0
    "BPM.16R7.B1"       17556.19389                 1     32.5124702268               0.0       31.59138403        40.1430642     33.1546335845               0.0
    "BPM.17R7.B1"       17609.64538                 1     166.588108389               0.0       172.4144417        40.2846197     169.878439092               0.0
    "BPM.18R7.B1"       17663.09686                 1     32.4329730612               0.0       32.86554494       40.39936862      33.073566247               0.0
    "BPM.19R7.B1"       17716.54835                 1     188.949217265               0.0       174.9991676       40.53575831     192.681208804               0.0
    "BPM.20R7.B1"       17769.99983                 1     31.8626425418               0.0       31.55282419        40.6523383     32.4919709618               0.0
    "BPM.21R7.B1"       17823.45131                 1     173.875780846               0.0       172.8432339          40.79377     177.310052511               0.0
    "BPM.22R7.B1"        17876.9028                 1     35.2855588329               0.0        32.8998236       40.90827269     35.9824942788               0.0
    "BPM.23R7.B1"       17930.35428                 1     175.011979367               0.0       172.9077162       41.04563718     178.468692423               0.0
    "BPM.24R7.B1"       17983.80577                 1     34.1584729534               0.0       32.89988454       41.16013951     34.8331469948               0.0
    "BPM.25R7.B1"       18037.25725                 1     175.990338246               0.0       172.9074405       41.29750398     179.466375155               0.0
    "BPM.26R7.B1"       18090.70874                 1     34.0915181033               0.0       32.89982464       41.41200654     34.7648696997               0.0
    "BPM.27R7.B1"       18144.16022                 1     182.567038185               0.0       172.9077228       41.54937102     186.172973428               0.0
    "BPM.28R7.B1"        18197.6117                 1      35.619061997               0.0       32.89988346       41.66387335      36.322584562               0.0
    "BPM.29R7.B1"       18251.06319                 1     180.901618066               0.0       172.9074341       41.80123782     184.474659107               0.0
    "BPM.30R7.B1"       18304.51467                 1     32.8832066476               0.0       32.89982575       41.91574038     33.5326925293               0.0
    "BPM.31R7.B1"       18357.96616                 1     179.931438819               0.0        172.907729       42.05310486     183.485317564               0.0
    "BPM.32R7.B1"       18411.41764                 1     35.2014420495               0.0       32.89988233       42.16760719     35.8967160801               0.0
    "BPM.33R7.B1"       18464.86912                 1     181.807119398               0.0       172.9074281       42.30497167     185.398045262               0.0
    "BPM.34R7.B1"       18518.32061                 1     33.5706510507               0.0       32.89982691       42.41947423     34.2337148489               0.0
    "BPM.33L8.B1"       18571.77209                 1     176.707194797               0.0       172.9077348       42.55683871     180.197390551               0.0
    "BPM.32L8.B1"       18625.22358                 1     34.5196892338               0.0       32.89988113       42.67134103     35.2014977642               0.0
    "BPM.31L8.B1"       18678.67506                 1     175.721057888               0.0       172.9074224       42.80870552     179.191776162               0.0
    "BPM.30L8.B1"       18732.12654                 1     34.2813121124               0.0       32.89982814       42.92320808     34.9584123861               0.0
    "BPM.29L8.B1"       18785.57803                 1     180.004419354               0.0       172.9077404       43.06057255     183.559739559               0.0
    "BPM.28L8.B1"       18839.02951                 1     34.4523198272               0.0       32.89987987       43.17507487     35.1327977246               0.0
    "BPM.27L8.B1"         18892.481                 1     165.831378345               0.0        172.907417       43.31243937      169.10676265               0.0
    "BPM.26L8.B1"       18945.93248                 1     34.5864647557               0.0       32.89982943       43.42694193     35.2695921891               0.0
    "BPM.25L8.B1"       18999.38397                 1      185.70954421               0.0       172.9077455       43.56430639     189.377548013               0.0
    "BPM.24L8.B1"       19052.83545                 1     31.9698848767               0.0       32.89987856       43.67880871     32.6013314716               0.0
    "BPM.23L8.B1"       19106.28693                 1     170.078993061               0.0        172.907412       43.81617321     173.438273254               0.0
    "BPM.22L8.B1"       19159.73842                 1     34.7228207985               0.0       32.89983076       43.93067577     35.4086414401               0.0
    "BPM.21L8.B1"        19213.1899                 1     180.467780926               0.0       172.9077504       44.06804023     184.032253122               0.0
    "BPM.20L8.B1"       19266.64139                 1     32.7354658398               0.0       31.52453011        44.1855504     33.3820336494               0.0
    "BPM.19L8.B1"       19320.09287                 1     171.505312435               0.0       174.9181093       44.32590831     174.892764281               0.0
    "BPM.18L8.B1"       19373.54435                 1     35.0854675545               0.0       32.90461086       44.43957341     35.7784509388               0.0
    "BPM.17L8.B1"       19426.99584                 1     173.126292761               0.0       172.4966394       44.57718664     176.545761066               0.0
    "BPM.16L8.B1"       19480.44732                 1     32.4478955502               0.0       31.53886767       44.69483639     33.0887834744               0.0
    "BPM.15L8.B1"       19533.89881                 1      173.80563802               0.0       175.3213232       44.83492832     177.238524272               0.0
    "BPM.14L8.B1"       19587.35029                 1     33.3928090783               0.0        32.8858192       44.94847408     34.0523602674               0.0
    "BPM.13L8.B1"       19640.80177                 1     168.141998251               0.0       172.1026377       45.08635444     171.463020289               0.0
    "BPM.12L8.B1"       19694.25326                 1     30.8260032067               0.0       31.37293495       45.20455088     31.4348566585               0.0
    "BPM.11L8.B1"       19747.70474                 1      175.47651123               0.0       172.5250638       45.34663709     178.942399391               0.0
    "BPM.10L8.B1"       19799.54543                 1     40.2875880841               0.0       36.73155567       45.45089375     41.0833200803               0.0
     "BPM.9L8.B1"       19838.61242                 1     119.092294117               0.0       116.6497955       45.56264025      121.44452103               0.0
     "BPM.8L8.B1"       19879.07741                 1     14.1681325483               0.0       14.69965899       45.72432814     14.4479714995               0.0
     "BPM.7L8.B1"        19918.1454                 1     154.184165597               0.0       157.3086004       45.89965505     157.229502379               0.0
    "BPMR.6L8.B1"        19950.6144                 1     14.6467882114               0.0       15.18895857       46.01190509     14.9360812313               0.0
     "BPM.5L8.B1"        20011.0334                 1  0.00182762353092               0.0       195.5158164       46.26272826  0.00186372146057               0.0
   "BPMYB.4L8.B1"        20031.8004                 1     140.735596162               0.0       147.7706102         46.282222     143.515306296               0.0
   "BPMWB.4L8.B1"        20056.1919                 1     206.617139732               0.0       227.0523647       46.30501382     210.698095601               0.0
    "BPMS.2L8.B1"        20144.3364                 1     185.706385251               0.0       195.9886869       46.34282134     189.374326661               0.0
   "BPMSW.1L8.B1"        20154.2704                 1     155.943519483               0.0       158.4488479       46.35076145     159.023605781               0.0
   "BPMSW.1R8.B1"        20197.4604                 1     138.842627877               0.0       158.4488681       46.80682297     141.584949438               0.0
    "BPMS.2R8.B1"        20207.3944                 1     520.245101813               0.0       525.7496897       46.81297355     530.520615763               0.0
   "BPMSX.4R8.B1"        20245.3059                 1       294.7165852               0.0        333.385457       46.82652686     300.537619117               0.0
   "BPMWB.4R8.B1"        20295.4629                 1     282.816702789               0.0       285.9696942       46.85249538      288.40269863               0.0
   "BPMYB.4R8.B1"        20319.9304                 1      212.90321491               0.0       223.2398237       46.86685044     217.108328898               0.0
   "BPMYB.5R8.B1"        20340.5074                 1     62.6684162319               0.0       65.38134792       46.89409074     63.9061985445               0.0
     "BPM.6R8.B1"        20424.6154                 1     143.458969847               0.0       141.7589033       47.24936918     146.292470136               0.0
   "BPM_A.7R8.B1"        20446.8554                 1     52.9050037869               0.0       49.54158699       47.29211854       53.94994607               0.0
     "BPM.8R8.B1"       20488.29241                 1     143.330828117               0.0       136.2596583       47.39261708      146.16179744               0.0
     "BPM.9R8.B1"       20527.35742                 1     14.3844169717               0.0       14.60444459       47.53603644     14.6685278201               0.0
    "BPM.10R8.B1"       20567.82043                 1       173.4763198               0.0       171.6500136       47.72557715     176.902701591               0.0
    "BPM.11R8.B1"       20619.65914                 1     38.4934588703               0.0       37.28617047       47.82442681      39.253754493               0.0
    "BPM.12R8.B1"       20674.38266                 1     168.165471195               0.0       163.8206717        47.9590259     171.486956855               0.0
    "BPM.13R8.B1"       20727.83117                 1     32.6722091635               0.0       33.41790804       48.07641291     33.3175275718               0.0
    "BPM.14R8.B1"       20781.27969                 1     169.955432895               0.0       171.6782551       48.21256525     173.312272614               0.0
    "BPM.15R8.B1"       20834.72821                 1     31.7893727378               0.0       33.49083193       48.32640076     32.4172539844               0.0
    "BPM.16R8.B1"       20888.17672                 1     164.801935803               0.0        171.675578       48.46255189     168.056987287               0.0
    "BPM.17R8.B1"       20941.62524                 1     35.7138265062               0.0       33.49134296       48.57638743     36.4192207929               0.0
    "BPM.18R8.B1"       20995.07375                 1     165.533145518               0.0       171.6782556       48.71253573     168.802639339               0.0
    "BPM.19R8.B1"       21048.52227                 1     34.4393543357               0.0       33.49083204       48.82637125     35.1195761478               0.0
    "BPM.20R8.B1"       21101.97079                 1     169.987153477               0.0       171.6755775       48.96252238     173.344619719               0.0
    "BPM.21R8.B1"        21155.4193                 1     33.7065072535               0.0       33.49134285       49.07635791     34.3722543874               0.0
    "BPM.22R8.B1"       21208.86782                 1     182.453326175               0.0       171.6782562       49.21250622     186.057015459               0.0
    "BPM.23R8.B1"       21262.31633                 1     34.0077642405               0.0       33.49173786       49.32633988     34.6794615898               0.0
    "BPM.24R8.B1"       21315.76485                 1     171.441687122               0.0       171.6779638       49.46248731     174.827882286               0.0
    "BPM.25R8.B1"       21369.21337                 1     35.0690235583               0.0       33.49136377       49.57632186     35.7616821524               0.0
    "BPM.26R8.B1"       21422.66188                 1     177.334912016               0.0       171.6782558       49.71247016     180.837505998               0.0
    "BPM.27R8.B1"        21476.1104                 1     33.8100484688               0.0       33.49173786       49.82630382     34.4778406758               0.0
    "BPM.29R8.B1"       21583.00743                 1     34.4504614978               0.0       33.49136377       50.07628581     35.1309026908               0.0
    "BPM.30R8.B1"       21636.45594                 1     177.599939907               0.0       171.6782553       50.21243411     181.107768532               0.0
    "BPM.31R8.B1"       21689.90446                 1     35.8384840171               0.0       33.49173786       50.32626777     36.5463404509               0.0
    "BPM.32R8.B1"       21743.35298                 1     184.493744288               0.0       171.6779647        50.4624152      188.13773447               0.0
    "BPM.33R8.B1"       21796.80149                 1     34.4851697038               0.0       33.49136377       50.57624975     35.1662964288               0.0
    "BPM.34R8.B1"       21850.25001                 1     179.728832822               0.0       171.6782549       50.71239806     183.278709837               0.0
    "BPM.33L1.B1"       21903.69852                 1      33.295049189               0.0       33.49173786       50.82623172     33.9526694938               0.0
    "BPM.32L1.B1"       21957.14704                 1     184.467903906               0.0       171.6779651       50.96237915     188.111383707               0.0
    "BPM.31L1.B1"       22010.59556                 1     33.8056819153               0.0       33.49136377        51.0762137     34.4733878771               0.0
    "BPM.30L1.B1"       22064.04407                 1     179.032344318               0.0       171.6782545         51.212362     182.568464783               0.0
    "BPM.29L1.B1"       22117.49259                 1     32.9796096565               0.0       33.49173786       51.32619566     33.6309996223               0.0
    "BPM.28L1.B1"        22170.9411                 1      179.32389679               0.0       171.6779655        51.4623431     182.865775795               0.0
    "BPM.27L1.B1"       22224.38962                 1      34.933797263               0.0       33.49136377       51.57617765     35.6237849627               0.0
    "BPM.26L1.B1"       22277.83814                 1     174.601005806               0.0       171.6782541       51.71232595     178.049601602               0.0
    "BPM.25L1.B1"       22331.28665                 1     36.0834154208               0.0       33.49173786       51.82615961     36.7961095668               0.0
    "BPM.24L1.B1"       22384.73517                 1     184.954741932               0.0        171.677966       51.96230704     188.607837414               0.0
    "BPM.23L1.B1"       22438.18368                 1     35.8474310959               0.0       33.49136377       52.07614159     36.5554642461               0.0
    "BPM.22L1.B1"        22491.6322                 1     177.189452345               0.0       171.6782536        52.2122899      180.68917331               0.0
    "BPM.21L1.B1"       22545.08071                 1     36.2155064917               0.0       33.49173786       52.32612356     36.9308096073               0.0
    "BPM.20L1.B1"       22598.52923                 1     175.111364702               0.0       171.6756212       52.46227218     178.570040747               0.0
    "BPM.19L1.B1"       22651.97775                 1      35.145414948               0.0       33.49134274       52.57610772     35.8395823708               0.0
    "BPM.18L1.B1"       22705.42626                 1     175.961175924               0.0       171.6782533       52.71225603      179.43663684               0.0
    "BPM.17L1.B1"       22758.87478                 1      35.138979974               0.0       33.49173796       52.82608969     35.8330202979               0.0
    "BPM.16L1.B1"       22812.32329                 1     174.692922837               0.0       171.6756216       52.96223831     178.143334113               0.0
    "BPM.15L1.B1"       22865.77181                 1     33.7220277813               0.0       33.49134265       53.07607385     34.3880814658               0.0
    "BPM.14L1.B1"       22919.22033                 1     173.917660682               0.0       171.6782529       53.21222216     177.352759527               0.0
    "BPM.13L1.B1"       22972.66884                 1     33.9253187638               0.0       33.49173806       53.32605582     34.5953877083               0.0
    "BPM.12L1.B1"       23026.11736                 1      172.82854451               0.0       168.1504141       53.46404064     176.242131902               0.0
    "BPM.11L1.B1"       23079.56587                 1     35.6911528625               0.0       37.52486372       53.57176455     36.3960993154               0.0
    "BPM.10L1.B1"       23132.34658                 1     43.0131663926               0.0       150.3511185       53.70322954     43.8627320873               0.0
     "BPM.9L1.B1"        23171.4116                 1     22.9962458241               0.0       21.32865198       53.81084481     23.4504514359               0.0
     "BPM.8L1.B1"       23211.87461                 1     116.899440744               0.0       118.0723971        53.9950118     119.208355965               0.0
    "BPMR.7L1.B1"       23250.94062                 1      30.803288289               0.0       30.35301037       54.09404628     31.4116930917               0.0
     "BPM.6L1.B1"       23294.12462                 1     218.097017937               0.0       223.6907522         54.202662     222.404716256               0.0
    "BPMR.5L1.B1"       23326.02462                 1     25843.3188879               0.0       557.7754692       54.21734278     26353.7578768               0.0
   "BPMYA.4L1.B1"       23347.14262                 1     989.517758997               0.0       1054.102596       54.22172664     1009.06201516               0.0
   "BPMWB.4L1.B1"       23368.27512                 1      1244.7726838               0.0        1315.87094       54.22452905     1269.35855503               0.0
   "BPMSY.4L1.B1"       23461.05512                 1      2271.5253843               0.0       2485.084106       54.23269841     2316.39094996               0.0
    "BPMS.2L1.B1"       23487.84062                 1     3672.12301869               0.0        3889.92792       54.23384052     3744.65219998               0.0
   "BPMSW.1L1.B1"       23497.79062                 1     1098.14179342               0.0       1164.535827        54.2346751     1119.83151482               0.0
   "BPMSW.1R1.B1"       23540.93362                 1     1111.67495446               0.0       1162.917516       54.72877337      1133.6319733               0.0
    "BPMS.2R1.B1"       23550.89862                 1     1538.54973494               0.0       1466.580942       54.72984829     1568.93808306               0.0
   "BPMSY.4R1.B1"       23577.68412                 1     4687.21834904               0.0       5153.600961       54.73150531     4779.79697663               0.0
   "BPMWB.4R1.B1"       23670.46412                 1     736.516471628               0.0       817.3378881       54.73870256     751.063624984               0.0
   "BPMYA.4R1.B1"       23691.59662                 1     317.112896215               0.0        369.609732       54.74493876     323.376286255               0.0
     "BPM.5R1.B1"       23719.00462                 1     110.405702666               0.0       119.2959437       54.76543758     112.586358157               0.0
    "BPMR.6R1.B1"       23750.90462                 1       9.344965997               0.0       8.901368823       55.04470962     9.52954116768               0.0
   "BPMSX.7R1.B1"       23757.12012                 1     21.5034262874               0.0       20.14614964        55.1215284     21.9281467816               0.0
   "BPM_A.7R1.B1"       23778.62862                 1      151.69958909               0.0       141.2427034       55.18758116     154.695852271               0.0
     "BPM.8R1.B1"       23820.06761                 1     19.9275132182               0.0       18.49864084        55.3027891     20.3211073901               0.0
     "BPM.9R1.B1"        23859.1346                 1     112.892832396               0.0       110.3217168       55.50547469     115.122611917               0.0
    "BPM.10R1.B1"       23899.59958                 1     39.7250645019               0.0       38.03715495       55.59735796     40.5096859294               0.0
    "BPM.11R1.B1"       23952.38227                 1     190.917176582               0.0       181.7854061       55.71867387     194.688037863               0.0
    "BPM.12R1.B1"       24007.10876                 1     38.5451543247               0.0       34.79005152       55.83050179     39.3064709994               0.0
    "BPM.13R1.B1"       24060.56024                 1     171.509283628               0.0       171.7485776       55.96323119      174.89681391               0.0
    "BPM.14R1.B1"       24114.01173                 1     34.8464620219               0.0       33.48868443       56.07707335     35.5347247376               0.0
    "BPM.15R1.B1"       24167.46321                 1     181.483163774               0.0       171.6894719       56.21323315     185.067691095               0.0
    "BPM.16R1.B1"       24220.91469                 1     35.8531959794               0.0       33.48813219       56.32707736     36.5613429935               0.0
    "BPM.17R1.B1"       24274.36618                 1     180.576659391               0.0       171.6914662       56.46323761     184.143282078               0.0
    "BPM.18R1.B1"       24327.81766                 1     35.8668893296               0.0       33.48868442       56.57707988     36.5753068051               0.0
    "BPM.19R1.B1"       24381.26915                 1     173.750338282               0.0       171.6894718       56.71323968     177.182132294               0.0
    "BPM.20R1.B1"       24434.72063                 1     34.1143453151               0.0        33.4881322        56.8270839     34.7881477785               0.0
    "BPM.21R1.B1"       24488.17211                 1     187.081069719               0.0       171.6914663       56.96324415     190.776162927               0.0
    "BPM.22R1.B1"        24541.6236                 1     31.5279811876               0.0        33.4886844       57.07708642     32.1506996128               0.0
    "BPM.23R1.B1"       24595.07508                 1     179.872807393               0.0       171.6918168       57.21324503     183.425528092               0.0
    "BPM.24R1.B1"       24648.52657                 1     33.8711544745               0.0       33.48905884        57.3270864     34.5401536042               0.0
    "BPM.25R1.B1"       24701.97805                 1     173.977144087               0.0       171.6915071       57.46324415     177.413417806               0.0
    "BPM.26R1.B1"       24755.42954                 1     34.5887555291               0.0        33.4886844       57.57708642     35.2719282081               0.0
    "BPM.27R1.B1"       24808.88102                 1     182.063025291               0.0       171.6918168       57.71324503     185.659005627               0.0
    "BPM.28R1.B1"        24862.3325                 1      31.522058731               0.0       33.48905884        57.8270864     32.1446601801               0.0
    "BPM.29R1.B1"       24915.78399                 1     172.267853836               0.0       171.6915071       57.96324415     175.670366861               0.0
    "BPM.30R1.B1"       24969.23547                 1     36.7892309929               0.0        33.4886844       58.07708642     37.5158659098               0.0
    "BPM.31R1.B1"       25022.68696                 1     171.768927807               0.0       171.6918168       58.21324503     175.161586398               0.0
    "BPM.32R1.B1"       25076.13844                 1     33.2586464403               0.0       33.48905884        58.3270864     33.9155477437               0.0
    "BPM.33R1.B1"       25129.58992                 1     172.918860916               0.0       171.6915071       58.46324415     176.334232174               0.0
    "BPM.34R1.B1"       25183.04141                 1      26.298310992               0.0        33.4886844       58.57708642     26.8177366637               0.0
    "BPM.33L2.B1"       25236.49289                 1     190.488423231               0.0       171.6918168       58.71324503      194.25081608               0.0
    "BPM.32L2.B1"       25289.94438                 1     36.8428481065               0.0       33.48905884        58.8270864     37.5705420307               0.0
    "BPM.31L2.B1"       25343.39586                 1     149.307429085               0.0       171.6915071       58.96324415     152.256444011               0.0
    "BPM.30L2.B1"       25396.84734                 1      32.472740338               0.0        33.4886844       59.07708642     33.1141189789               0.0
    "BPM.29L2.B1"       25450.29883                 1     191.954062305               0.0       171.6918168       59.21324503     195.745403422               0.0
    "BPM.28L2.B1"       25503.75031                 1     35.9095987582               0.0       33.48905884        59.3270864     36.6188598001               0.0
    "BPM.27L2.B1"        25557.2018                 1     158.401190283               0.0       171.6915071       59.46324415      161.52981876               0.0
    "BPM.26L2.B1"       25610.65328                 1     32.9544137119               0.0        33.4886844       59.57708642     33.6053060252               0.0
    "BPM.25L2.B1"       25664.10477                 1     199.055978805               0.0       171.6918168       59.71324503     202.987591962               0.0
    "BPM.24L2.B1"       25717.55625                 1     36.1215113021               0.0       33.48905884        59.8270864     36.8349578911               0.0
    "BPM.23L2.B1"       25771.00773                 1     154.530695336               0.0       171.6915071       59.96324415     157.582876529               0.0
    "BPM.22L2.B1"       25824.45922                 1     33.0232155697               0.0        33.4886844       60.07708642     33.6754668088               0.0
    "BPM.21L2.B1"        25877.9107                 1      194.57224085               0.0       171.6918168       60.21324503     198.415294381               0.0
    "BPM.20L2.B1"       25931.36219                 1     36.2329754215               0.0       33.48815312       60.32708825      36.948623571               0.0
    "BPM.19L2.B1"       25984.81367                 1     156.804920111               0.0       171.6891213       60.46324969     159.902020186               0.0
    "BPM.18L2.B1"       26038.26515                 1      36.084594383               0.0       33.48866351       60.57709295      36.797311815               0.0
    "BPM.17L2.B1"       26091.71664                 1     192.651576517               0.0       171.6918167       60.71325156     196.456694441               0.0
    "BPM.16L2.B1"       26145.16812                 1      38.317703841               0.0        33.4881531       60.82709479     39.0745280744               0.0
    "BPM.15L2.B1"       26198.61961                 1     159.894519008               0.0       171.6891214       60.96325623      163.05264266               0.0
    "BPM.14L2.B1"       26252.07109                 1      33.488689669               0.0       33.48866353       61.07709949     34.1501346238               0.0
    "BPM.13L2.B1"       26305.52257                 1     194.676149679               0.0       171.6918166        61.2132581     198.521255543               0.0
    "BPM.12L2.B1"       26358.97406                 1     33.2016021426               0.0       31.47929129       61.33145893     33.8573767473               0.0
    "BPM.11L2.B1"       26412.42554                 1     165.410443938               0.0       174.6850902       61.47187703     168.677514245               0.0
    "BPM.10L2.B1"       26464.26623                 1     32.3376375402               0.0       32.23807272       61.58317875     32.9763477261               0.0
     "BPM.9L2.B1"       26503.33322                 1     134.754375298               0.0       115.6055364       61.70563118      137.41594858               0.0
     "BPM.8L2.B1"       26543.79821                 1     20.3487031166               0.0       18.34519332       61.84459768      20.750616334               0.0
     "BPM.7L2.B1"        26582.8662                 1      100.56985896               0.0       115.9740203       62.02647857      102.55624381               0.0
    "BPMR.6L2.B1"        26614.9722                 1     24.6080938093               0.0       24.05271479       62.12478977     25.0941355046               0.0