@ GetLLMVersion %s "V3.0.0 Dev"
@ Command %s "/afs/cern.ch/work/o/omc/anaconda/bin/python '/afs/cern.ch/work/e/efol/public/Beta-Beat.src/GetLLM/GetLLM.py' '--accel=LHCB1' '--model=/afs/cern.ch/work/e/efol/public/betabeatGui/temp/2017-12-20/models/LHCB1/Multiturn-model_40cm_2041/twiss.dat' '--files=/afs/cern.ch/work/e/efol/public/betabeatGui/temp/2017-12-20/LHCB1/Measurements/Beam1@Turn@2017_09_11@19_02_33_250_notcleaned/Beam1@Turn@2017_09_11@19_02_33_250_notcleaned.sdds' '--output=/afs/cern.ch/work/e/efol/public/betabeatGui/temp/2017-12-20/LHCB1/Results/40cm_notcleaned' '--tbtana=SUSSIX' '--bpmu=mm' '--lhcphase=1' '--errordefs=/afs/cern.ch/work/e/efol/public/betabeatGui/temp/2017-12-20/models/LHCB1/Multiturn-model_40cm_2041/error_deff.txt'"
@ CWD %s "/home/efol/Workspaces/Accsoft-Eclipse-Pro/lhc-app-beta-beating"
@ Date %s "20. December 2017, 16:53:14"
@ TABLE %s "ORBIT"
@ TYPE %s "ORBIT"
@ SEQUENCE %s "LHCB1"
@ Q1 %le 0.299858442458
@ Q2 %le 0.33142165071
@ FILES %s "/afs/cern.ch/work/e/efol/public/betabeatGui/temp/2017-12-20/LHCB1/Measurements/Beam1@Turn@2017_09_11@19_02_33_250_notcleaned/Beam1@Turn@2017_09_11@19_02_33_250_notcleaned.sdds.liny"
*            NAME                 S             COUNT                 Y              STDY              YMDL            MUYMDL
$              %s               %le               %le               %le               %le               %le               %le
   "BPMYB.5L2.B1"            28.288                 1   -0.331137719076 1.48323969742e-08               0.0      0.1162609817
   "BPMYB.4L2.B1"            48.858                 1   -0.779615015773 1.48323969742e-08               0.0      0.1696003151
   "BPMWI.4L2.B1"           73.3255                 1    -1.52701410621 1.48323969742e-08               0.0      0.2045427787
   "BPMSX.4L2.B1"          123.4825                 1    -4.94754905606 1.48323969742e-08               0.0      0.2859021958
    "BPMS.2L2.B1"           161.394                 1    -8.18028274697 1.48323969742e-08               0.0      0.3294328583
   "BPMSW.1L2.B1"           171.328                 1    -4.00184532727 1.48323969742e-08               0.0      0.3473795232
   "BPMSW.1R2.B1"           214.518                 1     6.08893006061 1.48323969742e-08               0.0      0.7093334983
    "BPMS.2R2.B1"           224.452                 1     5.90949876061 1.48323969742e-08               0.0      0.7327587614
   "BPMSX.4R2.B1"          262.3635                 1     7.30380281667 1.48323969742e-08               0.0      0.7831637028
   "BPMWB.4R2.B1"          312.5965                 1     2.38643143788 1.48323969742e-08               0.0      0.8523756946
   "BPMYB.4R2.B1"           336.988                 1    0.519065467086 1.48323969742e-08               0.0      0.9035045484
    "BPMR.5R2.B1"           366.522                 1  -0.0163655381223 1.48323969742e-08               0.0      0.9382608249
     "BPM.6R2.B1"           439.818                 1   -0.238275054842 1.48323969742e-08               0.0       1.202622917
   "BPM_A.7R2.B1"           452.693                 1  -0.0683057752273 1.48323969742e-08               0.0       1.233940504
     "BPM.8R2.B1"       494.1300106                 1    0.405248348091 1.48323969742e-08               0.0       1.328247327
     "BPM.9R2.B1"       533.1950212                 1    0.117947347965 1.48323969742e-08               0.0       1.433617497
    "BPM.10R2.B1"       573.6580318                 1  -0.0759838818333 1.48323969742e-08               0.0       1.545209058
    "BPM.11R2.B1"       625.4967424                 1    -0.11473059451 1.48323969742e-08               0.0       1.717704706
    "BPM.12R2.B1"       680.2202583                 1    0.143821471265 1.48323969742e-08               0.0       1.836418256
    "BPM.13R2.B1"       733.6687742                 1  -0.0829472283924 1.48323969742e-08               0.0       1.980789832
    "BPM.14R2.B1"       787.1172901                 1  -0.0629697977879 1.48323969742e-08               0.0       2.092608637
    "BPM.15R2.B1"        840.565806                 1  -0.0734436955561 1.48323969742e-08               0.0       2.224249713
    "BPM.16R2.B1"       894.0143219                 1    0.303329481441 1.48323969742e-08               0.0       2.331482339
    "BPM.17R2.B1"       947.4628378                 1  -0.0613847693545 1.48323969742e-08               0.0       2.459722589
    "BPM.18R2.B1"       1000.911354                 1    0.173534682977 1.48323969742e-08               0.0       2.571138337
    "BPM.19R2.B1"        1054.35987                 1  -0.0468009934918 1.48323969742e-08               0.0       2.703425811
    "BPM.20R2.B1"       1107.808386                 1    0.218265568321 1.48323969742e-08               0.0       2.811106284
    "BPM.21R2.B1"       1161.256901                 1    -0.35357083261 1.48323969742e-08               0.0       2.938797872
    "BPM.22R2.B1"       1214.705417                 1    0.345954950694 1.48323969742e-08               0.0       3.049673702
    "BPM.23R2.B1"       1268.153933                 1   0.0403356068939 1.48323969742e-08               0.0        3.18175462
    "BPM.24R2.B1"       1321.602449                 1   -0.215230804909 1.48323969742e-08               0.0       3.292640446
    "BPM.25R2.B1"       1375.050965                 1 -0.00805512064697 1.48323969742e-08               0.0       3.424727436
    "BPM.26R2.B1"       1428.499481                 1    0.314373970492 1.48323969742e-08               0.0       3.535603889
    "BPM.27R2.B1"       1481.947997                 1  0.00637634190909 1.48323969742e-08               0.0       3.667683855
    "BPM.28R2.B1"       1535.396513                 1  -0.0165816160955 1.48323969742e-08               0.0       3.778569141
    "BPM.29R2.B1"       1588.845029                 1    -0.17140099545 1.48323969742e-08               0.0       3.910657029
    "BPM.30R2.B1"       1642.293545                 1  -0.0325052766909 1.48323969742e-08               0.0        4.02153409
    "BPM.31R2.B1"        1695.74206                 1    0.169082644186 1.48323969742e-08               0.0       4.153613221
    "BPM.32R2.B1"       1749.190576                 1   -0.457513588236 1.48323969742e-08               0.0       4.264497834
    "BPM.33R2.B1"       1802.639092                 1    0.240431720702 1.48323969742e-08               0.0       4.396586489
    "BPM.34R2.B1"       1856.087608                 1  -0.0821014043121 1.48323969742e-08               0.0       4.507464282
    "BPM.33L3.B1"       1909.536124                 1    0.039610284968 1.48323969742e-08               0.0       4.639542719
    "BPM.32L3.B1"        1962.98464                 1    0.317248325727 1.48323969742e-08               0.0       4.750426547
    "BPM.31L3.B1"       2016.433156                 1   -0.557606553975 1.48323969742e-08               0.0       4.882515816
    "BPM.30L3.B1"       2069.881672                 1   -0.103230402474 1.48323969742e-08               0.0       4.993394442
    "BPM.29L3.B1"       2123.330188                 1   0.0132249848485 1.48323969742e-08               0.0        5.12547235
    "BPM.27L3.B1"        2230.22722                 1   0.0753865675909 1.48323969742e-08               0.0       5.368445013
    "BPM.26L3.B1"       2283.675735                 1  -0.0185025977515 1.48323969742e-08               0.0       5.479324546
    "BPM.25L3.B1"       2337.124251                 1    0.173068033921 1.48323969742e-08               0.0       5.611402107
    "BPM.24L3.B1"       2390.572767                 1     -0.2291102941 1.48323969742e-08               0.0       5.722284128
    "BPM.23L3.B1"       2444.021283                 1   -0.210287064206 1.48323969742e-08               0.0       5.854374089
    "BPM.22L3.B1"       2497.469799                 1      0.2761889683 1.48323969742e-08               0.0       5.965254575
    "BPM.21L3.B1"       2550.918315                 1  -0.0303344975864 1.48323969742e-08               0.0        6.09733198
    "BPM.20L3.B1"       2604.366831                 1   -0.297660755729 1.48323969742e-08               0.0       6.204947961
    "BPM.19L3.B1"       2657.815347                 1  0.00706385794242 1.48323969742e-08               0.0       6.332831672
    "BPM.18L3.B1"       2711.263863                 1    0.378626798989 1.48323969742e-08               0.0       6.443801585
    "BPM.17L3.B1"       2764.712379                 1   -0.016534409303 1.48323969742e-08               0.0        6.57640033
    "BPM.16L3.B1"       2818.160894                 1    0.168747639606 1.48323969742e-08               0.0       6.684541688
    "BPM.15L3.B1"        2871.60941                 1  -0.0831365853182 1.48323969742e-08               0.0        6.81201147
    "BPM.14L3.B1"       2925.057926                 1  -0.0391393721712 1.48323969742e-08               0.0       6.922383399
    "BPM.13L3.B1"       2978.506442                 1   -0.164552958015 1.48323969742e-08               0.0       7.055330313
    "BPM.12L3.B1"       3031.954958                 1    0.331881542477 1.48323969742e-08               0.0       7.169737579
    "BPM.11L3.B1"       3085.403474                 1   0.0357430253833 1.48323969742e-08               0.0       7.301795446
    "BPM.10L3.B1"       3138.184185                 1  -0.0131870993939 1.48323969742e-08               0.0       7.409621911
     "BPM.9L3.B1"       3177.249195                 1   0.0957491958091 1.48323969742e-08               0.0        7.52721441
     "BPM.8L3.B1"       3217.712206                 1    0.169134656606 1.48323969742e-08               0.0       7.693751159
     "BPM.7L3.B1"       3256.776216                 1    0.132451452841 1.48323969742e-08               0.0       7.866931697
     "BPM.6L3.B1"       3329.415216                 1   -0.910437836818 1.48323969742e-08               0.0       7.986287904
  "BPMWG.A5L3.B1"       3371.119716                 1     0.40754903455 1.48323969742e-08               0.0       8.033061368
    "BPMW.5L3.B1"       3400.089716                 1   -0.137847068936 1.48323969742e-08               0.0       8.048660806
   "BPMWE.4L3.B1"       3475.217716                 1  -0.0750129097424 1.48323969742e-08               0.0        8.12208579
    "BPMW.4L3.B1"       3502.762716                 1   -0.397201720773 1.48323969742e-08               0.0       8.167712979
    "BPMW.4R3.B1"       3547.727716                 1   -0.053029952997 1.48323969742e-08               0.0       8.202856154
   "BPMWE.4R3.B1"       3575.272716                 1   0.0551252140939 1.48323969742e-08               0.0       8.214145088
    "BPMW.5R3.B1"       3650.400716                 1    0.631131835864 1.48323969742e-08               0.0       8.287530793
  "BPMWJ.A5R3.B1"       3679.118716                 1    0.322892105682 1.48323969742e-08               0.0       8.350892092
   "BPMWC.6R3.B1"       3718.936716                 1    0.712472560174 1.48323969742e-08               0.0       8.395849882
    "BPMR.6R3.B1"       3731.015216                 1   -0.658423669742 1.48323969742e-08               0.0        8.40352483
   "BPM_A.7R3.B1"       3786.839216                 1  -0.0705004055697 1.48323969742e-08               0.0       8.475038195
     "BPM.8R3.B1"       3825.903227                 1    0.202220109138 1.48323969742e-08               0.0       8.537054472
     "BPM.9R3.B1"       3864.968238                 1    -0.35593632705 1.48323969742e-08               0.0       8.589817924
    "BPM.10R3.B1"       3905.431248                 1    0.445111202465 1.48323969742e-08               0.0       8.653033727
    "BPM.11R3.B1"       3958.211959                 1   -0.236367152953 1.48323969742e-08               0.0       8.754732451
    "BPM.12R3.B1"       4012.935475                 1  -0.0758513104045 1.48323969742e-08               0.0       8.876804075
    "BPM.13R3.B1"       4066.383991                 1   -0.172537159018 1.48323969742e-08               0.0       8.991775721
    "BPM.14R3.B1"       4119.832506                 1    0.208785574682 1.48323969742e-08               0.0       9.122466035
    "BPM.15R3.B1"       4173.281022                 1   -0.392653706559 1.48323969742e-08               0.0       9.229430697
    "BPM.17R3.B1"       4280.178054                 1    0.115804523121 1.48323969742e-08               0.0       9.470372048
    "BPM.18R3.B1"        4333.62657                 1    0.212070142605 1.48323969742e-08               0.0       9.601799865
    "BPM.19R3.B1"       4387.075086                 1   -0.379502588597 1.48323969742e-08               0.0       9.709017423
    "BPM.20R3.B1"       4440.523602                 1   -0.140609210748 1.48323969742e-08               0.0       9.837463804
    "BPM.21R3.B1"       4493.972118                 1    0.238991425808 1.48323969742e-08               0.0       9.948923651
    "BPM.22R3.B1"       4547.420634                 1   -0.191968090061 1.48323969742e-08               0.0       10.08100529
    "BPM.23R3.B1"        4600.86915                 1    0.441339959085 1.48323969742e-08               0.0       10.19188996
    "BPM.24R3.B1"       4654.317666                 1  -0.0907473245258 1.48323969742e-08               0.0       10.32397676
    "BPM.25R3.B1"       4707.766181                 1  -0.0478328182682 1.48323969742e-08               0.0       10.43485436
    "BPM.26R3.B1"       4761.214697                 1    0.374196985767 1.48323969742e-08               0.0       10.56693462
    "BPM.27R3.B1"       4814.663213                 1    0.039289235203 1.48323969742e-08               0.0       10.67781879
    "BPM.28R3.B1"       4868.111729                 1   0.0302601802818 1.48323969742e-08               0.0       10.80990626
    "BPM.29R3.B1"       4921.560245                 1   0.0597361725318 1.48323969742e-08               0.0       10.92078441
    "BPM.30R3.B1"       4975.008761                 1     0.02739071415 1.48323969742e-08               0.0       11.05286407
    "BPM.31R3.B1"       5028.457277                 1   -0.357014408755 1.48323969742e-08               0.0       11.16374763
    "BPM.32R3.B1"       5081.905793                 1    0.323975777776 1.48323969742e-08               0.0       11.29583566
    "BPM.33R3.B1"       5135.354309                 1   -0.498282522061 1.48323969742e-08               0.0       11.40671445
    "BPM.34R3.B1"       5188.802825                 1    0.239587937386 1.48323969742e-08               0.0       11.53879362
    "BPM.33L4.B1"        5242.25134                 1  -0.0619624748242 1.48323969742e-08               0.0       11.64967651
    "BPM.32L4.B1"       5295.699856                 1    0.257900700909 1.48323969742e-08               0.0       11.78176494
    "BPM.31L4.B1"       5349.148372                 1   -0.647533597879 1.48323969742e-08               0.0       11.89264445
    "BPM.30L4.B1"       5402.596888                 1  -0.0385770837091 1.48323969742e-08               0.0       12.02472328
    "BPM.29L4.B1"       5456.045404                 1    0.174723154055 1.48323969742e-08               0.0       12.13560542
    "BPM.28L4.B1"        5509.49392                 1   0.0916680640955 1.48323969742e-08               0.0       12.26769413
    "BPM.27L4.B1"       5562.942436                 1  -0.0710210711985 1.48323969742e-08               0.0       12.37857439
    "BPM.26L4.B1"       5616.390952                 1  -0.0288411581318 1.48323969742e-08               0.0       12.51065303
    "BPM.25L4.B1"       5669.839468                 1    0.327374015917 1.48323969742e-08               0.0        12.6215344
    "BPM.24L4.B1"       5723.287984                 1 -0.00841159711818 1.48323969742e-08               0.0       12.75362322
    "BPM.23L4.B1"         5776.7365                 1   0.0838019791667 1.48323969742e-08               0.0       12.86450427
    "BPM.22L4.B1"       5830.185015                 1   -0.153426096644 1.48323969742e-08               0.0       12.99658287
    "BPM.21L4.B1"       5883.633531                 1   -0.102107363776 1.48323969742e-08               0.0       13.10746346
    "BPM.20L4.B1"       5937.082047                 1    0.150441634264 1.48323969742e-08               0.0        13.2402561
    "BPM.19L4.B1"       5990.530563                 1  -0.0532224141697 1.48323969742e-08               0.0       13.34850102
    "BPM.17L4.B1"       6097.427595                 1   -0.187702267288 1.48323969742e-08               0.0       13.58604195
    "BPM.16L4.B1"       6150.876111                 1   0.0224010037803 1.48323969742e-08               0.0       13.71914686
    "BPM.15L4.B1"       6204.324627                 1    0.344889826433 1.48323969742e-08               0.0       13.82804602
    "BPM.14L4.B1"       6257.773143                 1   -0.161036737561 1.48323969742e-08               0.0       13.95515061
    "BPM.13L4.B1"       6311.221659                 1   -0.133719902024 1.48323969742e-08               0.0       14.06470084
    "BPM.12L4.B1"       6364.670174                 1   -0.157383042602 1.48323969742e-08               0.0       14.19746998
    "BPM.11L4.B1"        6418.11869                 1    0.587102856318 1.48323969742e-08               0.0       14.30258266
    "BPM.10L4.B1"       6469.957401                 1    0.162661585462 1.48323969742e-08               0.0         14.419632
     "BPM.9L4.B1"       6509.022412                 1   -0.228211025603 1.48323969742e-08               0.0       14.48026195
     "BPM.7L4.B1"       6588.549433                 1    0.567038825175 1.48323969742e-08               0.0       14.61796582
   "BPMYB.6L4.B1"       6685.153433                 1    0.255362640277 1.48323969742e-08               0.0        14.6956054
   "BPMYA.5L4.B1"       6722.153433                 1     0.42597050353 1.48323969742e-08               0.0       14.71069821
  "BPMWI.A5L4.B1"       6798.755933                 1    -1.97773181258 1.48323969742e-08               0.0       14.76688731
  "BPMWA.B5L4.B1"       6824.619933                 1  -0.0955518308091 1.48323969742e-08               0.0       14.78571677
  "BPMWA.A5L4.B1"       6833.504933                 1   -0.383173426139 1.48323969742e-08               0.0       14.79199225
  "BPMWA.A5R4.B1"       6881.553933                 1    -0.48359171297 1.48323969742e-08               0.0       14.82342859
  "BPMWA.B5R4.B1"       6890.438933                 1     -0.2958924771 1.48323969742e-08               0.0       14.82870702
   "BPMYB.5R4.B1"       6992.829433                 1    0.170925650159 1.48323969742e-08               0.0       14.87710599
   "BPMYA.6R4.B1"       7024.393433                 1    0.846817469439 1.48323969742e-08               0.0       14.89843142
     "BPM.7R4.B1"       7120.909433                 1   -0.214740109409 1.48323969742e-08               0.0       15.01762451
     "BPM.8R4.B1"       7158.698443                 1   -0.101152080742 1.48323969742e-08               0.0       15.14998494
     "BPM.9R4.B1"       7197.763454                 1   -0.577374161266 1.48323969742e-08               0.0       15.35269025
    "BPM.10R4.B1"       7238.226465                 1    0.268149333923 1.48323969742e-08               0.0       15.42406791
    "BPM.11R4.B1"       7290.065175                 1    0.033526136897 1.48323969742e-08               0.0       15.53198227
    "BPM.12R4.B1"       7344.788691                 1   0.0135687349439 1.48323969742e-08               0.0       15.64495876
    "BPM.13R4.B1"       7398.237207                 1 -0.00392049939091 1.48323969742e-08               0.0       15.77719422
    "BPM.14R4.B1"       7451.685723                 1    -0.15945703603 1.48323969742e-08               0.0       15.89102747
    "BPM.15R4.B1"       7505.134239                 1  -0.0546378947955 1.48323969742e-08               0.0       16.02716683
    "BPM.16R4.B1"       7558.582755                 1  -0.0699326625136 1.48323969742e-08               0.0       16.14099622
    "BPM.17R4.B1"       7612.031271                 1   0.0957328638955 1.48323969742e-08               0.0       16.27714552
    "BPM.18R4.B1"       7665.479786                 1   -0.197486790595 1.48323969742e-08               0.0        16.3909789
    "BPM.19R4.B1"       7718.928302                 1     0.24192673873 1.48323969742e-08               0.0       16.52711827
    "BPM.20R4.B1"       7772.376818                 1   -0.230884992014 1.48323969742e-08               0.0       16.64094765
    "BPM.21R4.B1"       7825.825334                 1  -0.0405833491939 1.48323969742e-08               0.0       16.77709695
    "BPM.22R4.B1"        7879.27385                 1    0.372523620538 1.48323969742e-08               0.0       16.89093033
    "BPM.23R4.B1"       7932.722366                 1   -0.151490716979 1.48323969742e-08               0.0       17.02707015
    "BPM.24R4.B1"       7986.170882                 1   -0.228824007242 1.48323969742e-08               0.0       17.14090488
    "BPM.25R4.B1"       8039.619398                 1   0.0558863129955 1.48323969742e-08               0.0       17.27706089
    "BPM.26R4.B1"       8093.067914                 1  -0.0240100506591 1.48323969742e-08               0.0       17.39089428
    "BPM.27R4.B1"        8146.51643                 1  -0.0515000783182 1.48323969742e-08               0.0       17.52703409
    "BPM.28R4.B1"       8199.964946                 1     0.46596072608 1.48323969742e-08               0.0       17.64086882
    "BPM.29R4.B1"       8253.413461                 1    0.218476406495 1.48323969742e-08               0.0       17.77702483
    "BPM.30R4.B1"       8306.861977                 1   -0.969414033485 1.48323969742e-08               0.0       17.89085822
    "BPM.31R4.B1"       8360.310493                 1   0.0723302925106 1.48323969742e-08               0.0       18.02699803
    "BPM.32R4.B1"       8413.759009                 1    0.180268467753 1.48323969742e-08               0.0       18.14083276
    "BPM.33R4.B1"       8467.207525                 1   -0.127338890076 1.48323969742e-08               0.0       18.27698877
    "BPM.34R4.B1"       8520.656041                 1    0.171401513762 1.48323969742e-08               0.0       18.39082217
    "BPM.33L5.B1"       8574.104557                 1   0.0227463093879 1.48323969742e-08               0.0       18.52696198
    "BPM.32L5.B1"       8627.553073                 1    0.169360701318 1.48323969742e-08               0.0        18.6407967
    "BPM.31L5.B1"       8681.001589                 1  -0.0371997655455 1.48323969742e-08               0.0       18.77695271
    "BPM.30L5.B1"       8734.450105                 1    0.072081160853 1.48323969742e-08               0.0       18.89078611
    "BPM.29L5.B1"        8787.89862                 1   -0.188719402002 1.48323969742e-08               0.0       19.02692592
    "BPM.28L5.B1"       8841.347136                 1    0.224479524029 1.48323969742e-08               0.0       19.14076064
    "BPM.27L5.B1"       8894.795652                 1  -0.0826463105379 1.48323969742e-08               0.0       19.27691665
    "BPM.26L5.B1"       8948.244168                 1    0.115857894567 1.48323969742e-08               0.0       19.39075006
    "BPM.25L5.B1"       9001.692684                 1    0.116180184124 1.48323969742e-08               0.0       19.52688987
    "BPM.24L5.B1"         9055.1412                 1   -0.101992094329 1.48323969742e-08               0.0       19.64072458
    "BPM.23L5.B1"       9108.589716                 1    0.201312552802 1.48323969742e-08               0.0       19.77688059
    "BPM.22L5.B1"       9162.038232                 1   -0.276928030838 1.48323969742e-08               0.0         19.890714
    "BPM.21L5.B1"       9215.486748                 1   0.0268217234424 1.48323969742e-08               0.0       20.02685381
    "BPM.20L5.B1"       9268.935264                 1   0.0349418302545 1.48323969742e-08               0.0       20.14068354
    "BPM.19L5.B1"       9322.383779                 1   0.0420095620212 1.48323969742e-08               0.0       20.27683239
    "BPM.18L5.B1"       9375.832295                 1   0.0976496449576 1.48323969742e-08               0.0       20.39066543
    "BPM.17L5.B1"       9429.280811                 1   0.0467529729121 1.48323969742e-08               0.0       20.52680524
    "BPM.16L5.B1"       9482.729327                 1    0.149709171541 1.48323969742e-08               0.0       20.64063497
    "BPM.15L5.B1"       9536.177843                 1   0.0614360755576 1.48323969742e-08               0.0       20.77678382
    "BPM.14L5.B1"       9589.626359                 1  -0.0762507018879 1.48323969742e-08               0.0       20.89061687
    "BPM.13L5.B1"       9643.074875                 1   -0.137807550364 1.48323969742e-08               0.0       21.02675668
    "BPM.12L5.B1"       9696.523391                 1    0.259190606688 1.48323969742e-08               0.0       21.13341341
    "BPM.11L5.B1"       9749.971907                 1  -0.0962598495848 1.48323969742e-08               0.0       21.26095278
    "BPM.10L5.B1"       9802.752617                 1    0.211319204606 1.48323969742e-08               0.0       21.34475036
     "BPM.9L5.B1"       9841.817628                 1   -0.144056252755 1.48323969742e-08               0.0       21.40603613
     "BPM.8L5.B1"       9882.280639                 1    0.460071732223 1.48323969742e-08               0.0       21.53265896
    "BPMR.7L5.B1"       9921.346649                 1    0.100573704394 1.48323969742e-08               0.0        21.7978012
     "BPM.6L5.B1"       9958.240649                 1   -0.346442376461 1.48323969742e-08               0.0       21.92741913
    "BPMR.5L5.B1"       9990.140649                 1   -0.186263175712 1.48323969742e-08               0.0       22.23328728
   "BPMYA.4L5.B1"       10017.54665                 1   -0.195902050741 1.48323969742e-08               0.0       22.25380832
   "BPMWB.4L5.B1"       10038.68115                 1   -0.167358272783 1.48323969742e-08               0.0       22.26004595
   "BPMSY.4L5.B1"       10131.46115                 1   -0.449739006942 1.48323969742e-08               0.0       22.26724363
    "BPMS.2L5.B1"       10158.24665                 1    -1.15674229637 1.48323969742e-08               0.0       22.26890073
   "BPMSW.1L5.B1"       10168.21165                 1    0.754840334006 1.48323969742e-08               0.0       22.26997571
   "BPMSW.1R5.B1"       10211.33965                 1    0.474820840288 1.48323969742e-08               0.0       22.76407165
    "BPMS.2R5.B1"       10221.30465                 1     3.09814482121 1.48323969742e-08               0.0       22.76490831
   "BPMSY.4R5.B1"       10248.09015                 1     0.23229488832 1.48323969742e-08               0.0       22.76605049
   "BPMWB.4R5.B1"       10340.87015                 1    0.541828678874 1.48323969742e-08               0.0       22.77422027
   "BPMYA.4R5.B1"       10362.00265                 1    0.726125413945 1.48323969742e-08               0.0       22.77702284
     "BPM.5R5.B1"       10383.12065                 1    0.136806870992 1.48323969742e-08               0.0       22.78140701
    "BPMR.6R5.B1"       10415.02065                 1    0.114201696535 1.48323969742e-08               0.0       22.79688794
   "BPM_A.7R5.B1"       10449.03465                 1   -0.519718896406 1.48323969742e-08               0.0       22.88362654
     "BPM.8R5.B1"       10490.47364                 1     0.18572888765 1.48323969742e-08               0.0       23.09302801
     "BPM.9R5.B1"       10529.54063                 1   -0.176128657283 1.48323969742e-08               0.0       23.17322829
    "BPM.10R5.B1"       10570.00562                 1   0.0275309361712 1.48323969742e-08               0.0       23.26437707
    "BPM.11R5.B1"       10622.78831                 1  -0.0509457076015 1.48323969742e-08               0.0       23.38103112
    "BPM.12R5.B1"       10677.51479                 1   0.0117676470439 1.48323969742e-08               0.0       23.52745829
    "BPM.13R5.B1"       10730.96627                 1    0.181656330752 1.48323969742e-08               0.0       23.64181628
    "BPM.14R5.B1"       10784.41776                 1    0.140167038241 1.48323969742e-08               0.0       23.77798319
    "BPM.15R5.B1"       10837.86924                 1   -0.248466636358 1.48323969742e-08               0.0       23.89181923
    "BPM.16R5.B1"       10891.32073                 1    0.160256876558 1.48323969742e-08               0.0        24.0279622
    "BPM.17R5.B1"       10944.77221                 1   -0.496529811121 1.48323969742e-08               0.0       24.14180437
    "BPM.18R5.B1"        10998.2237                 1    0.132682048902 1.48323969742e-08               0.0       24.27797067
    "BPM.19R5.B1"       11051.67518                 1   -0.205185764253 1.48323969742e-08               0.0       24.39180672
    "BPM.20R5.B1"       11105.12666                 1    0.133651253409 1.48323969742e-08               0.0       24.52794969
    "BPM.21R5.B1"       11158.57815                 1  -0.0947871727879 1.48323969742e-08               0.0       24.64179185
    "BPM.22R5.B1"       11212.02963                 1    0.252237343742 1.48323969742e-08               0.0       24.77795816
    "BPM.23R5.B1"       11265.48112                 1   -0.338625317077 1.48323969742e-08               0.0       24.89179919
    "BPM.24R5.B1"        11318.9326                 1   -0.209802915124 1.48323969742e-08               0.0       25.02794932
    "BPM.25R5.B1"       11372.38408                 1   -0.326302660071 1.48323969742e-08               0.0       25.14179185
    "BPM.26R5.B1"       11425.83557                 1  -0.0308045206515 1.48323969742e-08               0.0       25.27795816
    "BPM.27R5.B1"       11479.28705                 1    0.175137070246 1.48323969742e-08               0.0       25.39179919
    "BPM.28R5.B1"       11532.73854                 1   -0.220501150259 1.48323969742e-08               0.0       25.52794932
    "BPM.29R5.B1"       11586.19002                 1   -0.385368338662 1.48323969742e-08               0.0       25.64179185
    "BPM.30R5.B1"        11639.6415                 1    0.191558899058 1.48323969742e-08               0.0       25.77795816
    "BPM.31R5.B1"       11693.09299                 1  -0.0596416815909 1.48323969742e-08               0.0       25.89179919
    "BPM.32R5.B1"       11746.54447                 1  -0.0242118087136 1.48323969742e-08               0.0       26.02794932
    "BPM.33R5.B1"       11799.99596                 1      0.0763936154 1.48323969742e-08               0.0       26.14179185
    "BPM.34R5.B1"       11853.44744                 1   -0.206597331894 1.48323969742e-08               0.0       26.27795816
    "BPM.33L6.B1"       11906.89893                 1    0.328968470477 1.48323969742e-08               0.0       26.39179919
    "BPM.32L6.B1"       11960.35041                 1    -0.10171244463 1.48323969742e-08               0.0       26.52794932
    "BPM.31L6.B1"       12013.80189                 1    0.332301233955 1.48323969742e-08               0.0       26.64179185
    "BPM.30L6.B1"       12067.25338                 1    -0.17159730165 1.48323969742e-08               0.0       26.77795816
    "BPM.29L6.B1"       12120.70486                 1    0.312337991205 1.48323969742e-08               0.0       26.89179919
    "BPM.28L6.B1"       12174.15635                 1  -0.0317072380318 1.48323969742e-08               0.0       27.02794932
    "BPM.27L6.B1"       12227.60783                 1   0.0246740419394 1.48323969742e-08               0.0       27.14179185
    "BPM.26L6.B1"       12281.05931                 1    0.108039080238 1.48323969742e-08               0.0       27.27795816
    "BPM.25L6.B1"        12334.5108                 1   -0.422026129424 1.48323969742e-08               0.0       27.39179919
    "BPM.24L6.B1"       12387.96228                 1    0.246366089291 1.48323969742e-08               0.0       27.52794932
    "BPM.23L6.B1"       12441.41377                 1   -0.177396250606 1.48323969742e-08               0.0       27.64179185
    "BPM.22L6.B1"       12494.86525                 1  -0.0670143340848 1.48323969742e-08               0.0       27.77795816
    "BPM.21L6.B1"       12548.31673                 1    0.393376295018 1.48323969742e-08               0.0       27.89179919
    "BPM.20L6.B1"       12601.76822                 1  -0.0605953689677 1.48323969742e-08               0.0       28.02794888
    "BPM.19L6.B1"        12655.2197                 1    -0.18159532522 1.48323969742e-08               0.0       28.14178606
    "BPM.18L6.B1"       12708.67119                 1    0.185992825488 1.48323969742e-08               0.0       28.27794565
    "BPM.17L6.B1"       12762.12267                 1   -0.667148446818 1.48323969742e-08               0.0       28.39178668
    "BPM.16L6.B1"       12815.57415                 1    0.102331625464 1.48323969742e-08               0.0       28.52793637
    "BPM.15L6.B1"       12869.02564                 1    0.480253389409 1.48323969742e-08               0.0       28.64177355
    "BPM.14L6.B1"       12922.47712                 1   -0.177855501223 1.48323969742e-08               0.0       28.77793314
    "BPM.13L6.B1"       12975.92861                 1    0.217206920602 1.48323969742e-08               0.0       28.89177417
    "BPM.12L6.B1"       13029.38009                 1 -0.00859323529091 1.48323969742e-08               0.0       29.02761038
    "BPM.11L6.B1"       13082.83158                 1   -0.214981948606 1.48323969742e-08               0.0       29.15448507
    "BPM.10L6.B1"       13134.67226                 1   -0.165285854106 1.48323969742e-08               0.0       29.30126285
     "BPM.9L6.B1"       13173.73925                 1    0.427119365924 1.48323969742e-08               0.0       29.41453321
     "BPM.8L6.B1"       13214.20424                 1  -0.0572672554576 1.48323969742e-08               0.0       29.64014429
   "BPMYA.5L6.B1"       13311.29423                 1    0.202926065717 1.48323969742e-08               0.0       29.74224023
   "BPMYB.4L6.B1"       13347.69423                 1       0.230145575 1.48323969742e-08               0.0       29.76118221
   "BPMSE.4L6.B1"       13476.94473                 1   -0.521274393591 1.48323969742e-08               0.0       29.81247146
   "BPMSA.4R6.B1"       13568.51473                 1       0.334596684 1.48323969742e-08               0.0       29.89620361
   "BPMYA.4R6.B1"       13691.29423                 1   -0.113472607915 1.48323969742e-08               0.0       30.04035375
   "BPMYB.5R6.B1"       13727.69423                 1   -0.294099163364 1.48323969742e-08               0.0       30.05837476
     "BPM.8R6.B1"       13823.42122                 1  -0.0648991482424 1.48323969742e-08               0.0       30.20104456
    "BPM.10R6.B1"        13902.9532                 1   -0.199966549876 1.48323969742e-08               0.0       30.46847799
    "BPM.11R6.B1"       13954.79389                 1    0.100529014005 1.48323969742e-08               0.0       30.61535096
    "BPM.12R6.B1"       14009.52037                 1  -0.0459427920924 1.48323969742e-08               0.0       30.72900997
    "BPM.13R6.B1"       14062.97186                 1  0.00382639218333 1.48323969742e-08               0.0        30.8641026
    "BPM.14R6.B1"       14116.42334                 1   -0.168923302888 1.48323969742e-08               0.0       30.98188857
    "BPM.15R6.B1"       14169.87483                 1  0.00782049416667 1.48323969742e-08               0.0       31.12059537
    "BPM.16R6.B1"       14223.32631                 1  -0.0497323008227 1.48323969742e-08               0.0       31.23893138
    "BPM.17R6.B1"       14276.77779                 1  -0.0360983417652 1.48323969742e-08               0.0       31.38428663
    "BPM.19R6.B1"       14383.68076                 1  -0.0285573282894 1.48323969742e-08               0.0       31.64024116
    "BPM.20R6.B1"       14437.13225                 1    0.131022925762 1.48323969742e-08               0.0       31.75928499
    "BPM.21R6.B1"       14490.58373                 1    -0.12618437335 1.48323969742e-08               0.0       31.90434748
    "BPM.22R6.B1"       14544.03522                 1    0.246355920023 1.48323969742e-08               0.0       32.02075961
    "BPM.23R6.B1"        14597.4867                 1  -0.0670930375288 1.48323969742e-08               0.0        32.1607023
    "BPM.24R6.B1"       14650.93818                 1   -0.180653193936 1.48323969742e-08               0.0       32.27712494
    "BPM.25R6.B1"       14704.38967                 1   0.0124384831318 1.48323969742e-08               0.0       32.41706918
    "BPM.26R6.B1"       14757.84115                 1    0.132644992667 1.48323969742e-08               0.0       32.53348104
    "BPM.27R6.B1"       14811.29264                 1  -0.0519296421939 1.48323969742e-08               0.0       32.67342473
    "BPM.29R6.B1"        14918.1956                 1  -0.0246063137424 1.48323969742e-08               0.0       32.92979065
    "BPM.30R6.B1"       14971.64709                 1   -0.132848285431 1.48323969742e-08               0.0       33.04620254
    "BPM.31R6.B1"       15025.09857                 1  -0.0920719286909 1.48323969742e-08               0.0       33.18614723
    "BPM.33R6.B1"       15132.00154                 1   -0.197690324379 1.48323969742e-08               0.0       33.44251206
    "BPM.34R6.B1"       15185.45302                 1     0.37423817598 1.48323969742e-08               0.0       33.55892412
    "BPM.33L7.B1"       15238.90451                 1    0.134238420347 1.48323969742e-08               0.0       33.69886977
    "BPM.32L7.B1"       15292.35599                 1   -0.705633885455 1.48323969742e-08               0.0       33.81529211
    "BPM.31L7.B1"       15345.80748                 1    0.144109522409 1.48323969742e-08               0.0       33.95523343
    "BPM.30L7.B1"       15399.25896                 1   0.0149847970621 1.48323969742e-08               0.0       34.07164578
    "BPM.29L7.B1"       15452.71045                 1    -0.05946791785 1.48323969742e-08               0.0       34.21159236
    "BPM.28L7.B1"       15506.16193                 1   0.0802828042121 1.48323969742e-08               0.0       34.32801433
    "BPM.27L7.B1"       15559.61341                 1   -0.101979269489 1.48323969742e-08               0.0       34.46795476
    "BPM.26L7.B1"        15613.0649                 1    0.273784344091 1.48323969742e-08               0.0       34.58436754
    "BPM.25L7.B1"       15666.51638                 1  -0.0354663545152 1.48323969742e-08               0.0       34.72431496
    "BPM.24L7.B1"       15719.96787                 1   -0.117355207745 1.48323969742e-08               0.0       34.84073646
    "BPM.23L7.B1"       15773.41935                 1  -0.0146732819242 1.48323969742e-08               0.0       34.98067608
    "BPM.22L7.B1"       15826.87083                 1   0.0536940406667 1.48323969742e-08               0.0        35.0970894
    "BPM.21L7.B1"       15880.32232                 1   -0.011007218947 1.48323969742e-08               0.0       35.23703758
    "BPM.20L7.B1"        15933.7738                 1  -0.0631714010152 1.48323969742e-08               0.0       35.35724459
    "BPM.19L7.B1"       15987.22529                 1   0.0440381038152 1.48323969742e-08               0.0       35.50102397
    "BPM.18L7.B1"       16040.67677                 1   -0.102951268482 1.48323969742e-08               0.0       35.61646626
    "BPM.17L7.B1"       16094.12825                 1   0.0956304977242 1.48323969742e-08               0.0       35.75708902
    "BPM.16L7.B1"       16147.57974                 1   -0.200394452853 1.48323969742e-08               0.0       35.87764884
    "BPM.15L7.B1"       16201.03122                 1   -0.073854922853 1.48323969742e-08               0.0       36.02068135
    "BPM.14L7.B1"       16254.48271                 1    0.335041360656 1.48323969742e-08               0.0        36.1358715
    "BPM.13L7.B1"       16307.93419                 1  -0.0781437760348 1.48323969742e-08               0.0        36.2772605
    "BPM.12L7.B1"       16361.38567                 1  -0.0725745832273 1.48323969742e-08               0.0        36.3863031
    "BPM.11L7.B1"       16414.83716                 1     0.01013692625 1.48323969742e-08               0.0       36.51311475
    "BPM.10L7.B1"       16467.61985                 1    0.150977017424 1.48323969742e-08               0.0         36.605004
     "BPM.9L7.B1"       16506.68684                 1     1.50544609773 1.48323969742e-08               0.0       36.68466988
     "BPM.7L7.B1"       16586.21782                 1   -0.189664078923 1.48323969742e-08               0.0       36.82220919
     "BPM.6L7.B1"       16621.03582                 1    -1.90670939545 1.48323969742e-08               0.0       36.88797155
   "BPMWC.6L7.B1"       16633.13832                 1    0.303513170917 1.48323969742e-08               0.0       36.92958517
   "BPMWE.5L7.B1"       16710.19232                 1   -0.136649001336 1.48323969742e-08               0.0       37.03535636
    "BPMW.5L7.B1"       16733.39732                 1   -0.164707992926 1.48323969742e-08               0.0       37.04678483
   "BPMWE.4L7.B1"       16768.48232                 1    0.257939750833 1.48323969742e-08               0.0       37.08127598
    "BPMW.4L7.B1"       16796.58732                 1    0.070398946297 1.48323969742e-08               0.0       37.15211142
    "BPMW.4R7.B1"       16912.63432                 1   -0.177046364258 1.48323969742e-08               0.0       37.30278616
   "BPMWE.4R7.B1"       16940.73932                 1    0.131416974448 1.48323969742e-08               0.0       37.31478815
    "BPMW.5R7.B1"       16975.82432                 1 -0.00230430478485 1.48323969742e-08               0.0       37.34749066
   "BPMWE.5R7.B1"       16999.02932                 1   0.0479456528667 1.48323969742e-08               0.0       37.40873517
    "BPMR.6R7.B1"       17078.24482                 1     0.00106755725 1.48323969742e-08               0.0       37.58115555
   "BPM_A.7R7.B1"       17116.28082                 1   0.0522749148152 1.48323969742e-08               0.0       37.63773019
     "BPM.8R7.B1"       17155.34681                 1     1.49006958394 1.48323969742e-08               0.0       37.71898544
     "BPM.9R7.B1"        17194.4138                 1   -0.148408159256 1.48323969742e-08               0.0        37.7980369
    "BPM.10R7.B1"       17234.87878                 1    0.272061215092 1.48323969742e-08               0.0       37.88340212
    "BPM.11R7.B1"       17287.66147                 1   -0.428906043321 1.48323969742e-08               0.0        37.9924227
    "BPM.12R7.B1"       17342.38796                 1   0.0889344860318 1.48323969742e-08               0.0       38.12925375
    "BPM.13R7.B1"       17395.83944                 1  -0.0749250555744 1.48323969742e-08               0.0       38.24600156
    "BPM.14R7.B1"       17449.29093                 1  -0.0221894388197 1.48323969742e-08               0.0       38.38501933
    "BPM.15R7.B1"       17502.74241                 1    0.170759473811 1.48323969742e-08               0.0       38.50411043
    "BPM.16R7.B1"       17556.19389                 1    0.165559787974 1.48323969742e-08               0.0       38.64902696
    "BPM.17R7.B1"       17609.64538                 1   -0.587766230742 1.48323969742e-08               0.0       38.76541233
    "BPM.18R7.B1"       17663.09686                 1    0.245184229852 1.48323969742e-08               0.0       38.90480998
    "BPM.19R7.B1"       17716.54835                 1   -0.317970368958 1.48323969742e-08               0.0       39.02451018
    "BPM.20R7.B1"       17769.99983                 1    0.133809443074 1.48323969742e-08               0.0       39.16893725
    "BPM.21R7.B1"       17823.45131                 1   -0.255693482159 1.48323969742e-08               0.0       39.28479073
    "BPM.22R7.B1"        17876.9028                 1    0.227639076409 1.48323969742e-08               0.0       39.42473037
    "BPM.23R7.B1"       17930.35428                 1    -0.36858717053 1.48323969742e-08               0.0       39.54114326
    "BPM.24R7.B1"       17983.80577                 1    0.159095364765 1.48323969742e-08               0.0       39.68109076
    "BPM.25R7.B1"       18037.25725                 1   -0.146372318736 1.48323969742e-08               0.0       39.79751214
    "BPM.26R7.B1"       18090.70874                 1   0.0983985962303 1.48323969742e-08               0.0       39.93745169
    "BPM.27R7.B1"       18144.16022                 1  -0.0386782292212 1.48323969742e-08               0.0       40.05386514
    "BPM.28R7.B1"        18197.6117                 1   0.0807798703318 1.48323969742e-08               0.0       40.19381337
    "BPM.29R7.B1"       18251.06319                 1  -0.0918832348409 1.48323969742e-08               0.0       40.31023415
    "BPM.30R7.B1"       18304.51467                 1    0.186181229906 1.48323969742e-08               0.0       40.45017302
    "BPM.31R7.B1"       18357.96616                 1   -0.372986662691 1.48323969742e-08               0.0       40.56658712
    "BPM.32R7.B1"       18411.41764                 1    0.118465340353 1.48323969742e-08               0.0       40.70653596
    "BPM.33R7.B1"       18464.86912                 1  -0.0639104359242 1.48323969742e-08               0.0       40.82295605
    "BPM.34R7.B1"       18518.32061                 1    0.227005771267 1.48323969742e-08               0.0       40.96289437
    "BPM.33L8.B1"       18571.77209                 1   -0.703363086364 1.48323969742e-08               0.0        41.0793092
    "BPM.32L8.B1"       18625.22358                 1    0.205665628339 1.48323969742e-08               0.0       41.21925853
    "BPM.31L8.B1"       18678.67506                 1  0.00413742266667 1.48323969742e-08               0.0       41.33567785
    "BPM.30L8.B1"       18732.12654                 1    0.194124542817 1.48323969742e-08               0.0       41.47561576
    "BPM.29L8.B1"       18785.57803                 1   -0.575920686894 1.48323969742e-08               0.0       41.59203137
    "BPM.28L8.B1"       18839.02951                 1 -0.00508116460424 1.48323969742e-08               0.0       41.73198105
    "BPM.27L8.B1"         18892.481                 1    0.381282465091 1.48323969742e-08               0.0       41.84839955
    "BPM.26L8.B1"       18945.93248                 1    0.172910537768 1.48323969742e-08               0.0        41.9883372
    "BPM.25L8.B1"       18999.38397                 1   -0.936217773333 1.48323969742e-08               0.0       42.10475365
    "BPM.24L8.B1"       19052.83545                 1    0.224037641087 1.48323969742e-08               0.0       42.24470351
    "BPM.23L8.B1"       19106.28693                 1    0.165425864654 1.48323969742e-08               0.0       42.36112117
    "BPM.22L8.B1"       19159.73842                 1    0.235538042571 1.48323969742e-08               0.0        42.5010587
    "BPM.21L8.B1"        19213.1899                 1   -0.867720617879 1.48323969742e-08               0.0         42.617476
    "BPM.20L8.B1"       19266.64139                 1    0.157027066218 1.48323969742e-08               0.0       42.75673544
    "BPM.19L8.B1"       19320.09287                 1    0.142043814486 1.48323969742e-08               0.0       42.87641422
    "BPM.18L8.B1"       19373.54435                 1   0.0318380779879 1.48323969742e-08               0.0       43.02098645
    "BPM.17L8.B1"       19426.99584                 1   -0.352742585901 1.48323969742e-08               0.0       43.13684192
    "BPM.16L8.B1"       19480.44732                 1    0.168951736441 1.48323969742e-08               0.0       43.27663932
    "BPM.15L8.B1"       19533.89881                 1   -0.113456292545 1.48323969742e-08               0.0        43.3968488
    "BPM.14L8.B1"       19587.35029                 1  0.00580287526061 1.48323969742e-08               0.0        43.5407806
    "BPM.13L8.B1"       19640.80177                 1   0.0131499751491 1.48323969742e-08               0.0       43.65620162
    "BPM.12L8.B1"       19694.25326                 1    0.140665470096 1.48323969742e-08               0.0       43.79657847
    "BPM.11L8.B1"       19747.70474                 1   -0.392859956195 1.48323969742e-08               0.0       43.90942579
    "BPM.10L8.B1"       19799.54543                 1   0.0686952186144 1.48323969742e-08               0.0       44.04149357
     "BPM.9L8.B1"       19838.61242                 1   -0.294054079803 1.48323969742e-08               0.0       44.10743533
     "BPM.8L8.B1"       19879.07741                 1    0.279087339795 1.48323969742e-08               0.0       44.19856933
     "BPM.7L8.B1"        19918.1454                 1   -0.197007360261 1.48323969742e-08               0.0        44.2966103
    "BPMR.6L8.B1"        19950.6144                 1  -0.0468081077167 1.48323969742e-08               0.0       44.43087555
     "BPM.5L8.B1"        20011.0334                 1    -1.45745846455 1.48323969742e-08               0.0       44.71535482
   "BPMYB.4L8.B1"        20031.8004                 1   -0.258106867473 1.48323969742e-08               0.0       44.74306391
   "BPMWB.4L8.B1"        20056.1919                 1    -1.06833203073 1.48323969742e-08               0.0       44.75737744
   "BPMSX.4L8.B1"        20106.4249                 1    -1.14567990473 1.48323969742e-08               0.0       44.78338874
    "BPMS.2L8.B1"        20144.3364                 1    -1.20041692606 1.48323969742e-08               0.0       44.79694195
   "BPMSW.1L8.B1"        20154.2704                 1   -0.456240270809 1.48323969742e-08               0.0       44.80309245
   "BPMSW.1R8.B1"        20197.4604                 1     1.78660402894 1.48323969742e-08               0.0       45.25915413
    "BPMS.2R8.B1"        20207.3944                 1   -0.950399489606 1.48323969742e-08               0.0       45.26709429
   "BPMSX.4R8.B1"        20245.3059                 1    0.263287528644 1.48323969742e-08               0.0       45.28256609
   "BPMWB.4R8.B1"        20295.4629                 1    0.826749373152 1.48323969742e-08               0.0        45.3048489
   "BPMYB.4R8.B1"        20319.9304                 1    0.398459633658 1.48323969742e-08               0.0       45.32769508
   "BPMYB.5R8.B1"        20340.5074                 1   -0.550924279879 1.48323969742e-08               0.0       45.34703565
     "BPM.6R8.B1"        20424.6154                 1   -0.240063172159 1.48323969742e-08               0.0       45.58519154
   "BPM_A.7R8.B1"        20446.8554                 1   -0.122882498236 1.48323969742e-08               0.0       45.62849476
     "BPM.8R8.B1"       20488.29241                 1    0.418734015894 1.48323969742e-08               0.0        45.7453478
     "BPM.9R8.B1"       20527.35742                 1   -0.263688814524 1.48323969742e-08               0.0       45.96239046
    "BPM.10R8.B1"       20567.82043                 1   -0.565336529985 1.48323969742e-08               0.0       46.07412945
    "BPM.11R8.B1"       20619.65914                 1   0.0866530742394 1.48323969742e-08               0.0       46.23601302
    "BPM.12R8.B1"       20674.38266                 1   -0.489428891485 1.48323969742e-08               0.0       46.33313795
    "BPM.13R8.B1"       20727.83117                 1    0.296675710568 1.48323969742e-08               0.0       46.44848118
    "BPM.14R8.B1"       20781.27969                 1   -0.449866177132 1.48323969742e-08               0.0       46.56231394
    "BPM.15R8.B1"       20834.72821                 1    0.388416932591 1.48323969742e-08               0.0       46.69846668
    "BPM.16R8.B1"       20888.17672                 1   -0.747700204697 1.48323969742e-08               0.0        46.8122959
    "BPM.17R8.B1"       20941.62524                 1     0.22271892925 1.48323969742e-08               0.0       46.94843182
    "BPM.18R8.B1"       20995.07375                 1  -0.0407644271818 1.48323969742e-08               0.0       47.06226537
    "BPM.19R8.B1"       21048.52227                 1   0.0211104578697 1.48323969742e-08               0.0       47.19841811
    "BPM.20R8.B1"       21101.97079                 1   -0.396706546289 1.48323969742e-08               0.0       47.31224734
    "BPM.21R8.B1"        21155.4193                 1   0.0346651413829 1.48323969742e-08               0.0       47.44838326
    "BPM.22R8.B1"       21208.86782                 1    0.386598238632 1.48323969742e-08               0.0        47.5622168
    "BPM.23R8.B1"       21262.31633                 1  -0.0305411568697 1.48323969742e-08               0.0       47.69836998
    "BPM.24R8.B1"       21315.76485                 1   -0.251525385005 1.48323969742e-08               0.0       47.81220456
    "BPM.25R8.B1"       21369.21337                 1    0.297728803896 1.48323969742e-08               0.0        47.9483472
    "BPM.26R8.B1"       21422.66188                 1   -0.372080980273 1.48323969742e-08               0.0       48.06218074
    "BPM.27R8.B1"        21476.1104                 1  -0.0113910019121 1.48323969742e-08               0.0       48.19833392
    "BPM.29R8.B1"       21583.00743                 1    0.171794439605 1.48323969742e-08               0.0       48.44831114
    "BPM.30R8.B1"       21636.45594                 1   -0.314609375895 1.48323969742e-08               0.0       48.56214468
    "BPM.31R8.B1"       21689.90446                 1   -0.102445631738 1.48323969742e-08               0.0       48.69829786
    "BPM.32R8.B1"       21743.35298                 1    0.454682968436 1.48323969742e-08               0.0       48.81213245
    "BPM.33R8.B1"       21796.80149                 1     -0.0502736638 1.48323969742e-08               0.0       48.94827509
    "BPM.34R8.B1"       21850.25001                 1   -0.144932066409 1.48323969742e-08               0.0       49.06210862
    "BPM.33L1.B1"       21903.69852                 1  -0.0245665064136 1.48323969742e-08               0.0        49.1982618
    "BPM.32L1.B1"       21957.14704                 1   -0.152078292158 1.48323969742e-08               0.0       49.31209639
    "BPM.31L1.B1"       22010.59556                 1     -0.0694223505 1.48323969742e-08               0.0       49.44823903
    "BPM.30L1.B1"       22064.04407                 1    0.509364766636 1.48323969742e-08               0.0       49.56207257
    "BPM.29L1.B1"       22117.49259                 1  -0.0380716862242 1.48323969742e-08               0.0       49.69822575
    "BPM.28L1.B1"        22170.9411                 1   -0.324865463439 1.48323969742e-08               0.0       49.81206034
    "BPM.27L1.B1"       22224.38962                 1   0.0947633336212 1.48323969742e-08               0.0       49.94820298
    "BPM.26L1.B1"       22277.83814                 1   0.0644197318788 1.48323969742e-08               0.0       50.06203651
    "BPM.25L1.B1"       22331.28665                 1     -0.1587306051 1.48323969742e-08               0.0       50.19818969
    "BPM.24L1.B1"       22384.73517                 1   0.0588535510556 1.48323969742e-08               0.0       50.31202428
    "BPM.23L1.B1"       22438.18368                 1   0.0652916883606 1.48323969742e-08               0.0       50.44816692
    "BPM.22L1.B1"        22491.6322                 1   -0.103395916633 1.48323969742e-08               0.0       50.56200045
    "BPM.21L1.B1"       22545.08071                 1  -0.0258075121712 1.48323969742e-08               0.0       50.69815363
    "BPM.20L1.B1"       22598.52923                 1    0.261368861296 1.48323969742e-08               0.0       50.81198324
    "BPM.19L1.B1"       22651.97775                 1  -0.0954367819395 1.48323969742e-08               0.0       50.94811916
    "BPM.18L1.B1"       22705.42626                 1    0.218477197894 1.48323969742e-08               0.0       51.06195269
    "BPM.17L1.B1"       22758.87478                 1  -0.0368520609027 1.48323969742e-08               0.0       51.19810587
    "BPM.16L1.B1"       22812.32329                 1   -0.401541132759 1.48323969742e-08               0.0       51.31193549
    "BPM.15L1.B1"       22865.77181                 1   0.0948475413955 1.48323969742e-08               0.0       51.44807141
    "BPM.14L1.B1"       22919.22033                 1   0.0111377651788 1.48323969742e-08               0.0       51.56190493
    "BPM.13L1.B1"       22972.66884                 1    0.142122931717 1.48323969742e-08               0.0       51.69805811
    "BPM.12L1.B1"       23026.11736                 1   -0.187031297777 1.48323969742e-08               0.0       51.80471524
    "BPM.11L1.B1"       23079.56587                 1   0.0458519438485 1.48323969742e-08               0.0         51.932242
    "BPM.10L1.B1"       23132.34658                 1    0.170280740221 1.48323969742e-08               0.0        52.0160363
     "BPM.9L1.B1"        23171.4116                 1   -0.233186031082 1.48323969742e-08               0.0       52.07732545
     "BPM.8L1.B1"       23211.87461                 1    0.276917585389 1.48323969742e-08               0.0        52.2039608
    "BPMR.7L1.B1"       23250.94062                 1   -0.181252861806 1.48323969742e-08               0.0       52.46908789
     "BPM.6L1.B1"       23294.12462                 1    0.569926540242 1.48323969742e-08               0.0       52.73362348
    "BPMR.5L1.B1"       23326.02462                 1   -0.199616552409 1.48323969742e-08               0.0       52.91161164
   "BPMYA.4L1.B1"       23347.14262                 1    0.101409074736 1.48323969742e-08               0.0       52.92509906
   "BPMWB.4L1.B1"       23368.27512                 1    -1.51369462182 1.48323969742e-08               0.0       52.93133526
   "BPMSY.4L1.B1"       23461.05512                 1    -5.99876916667 1.48323969742e-08               0.0       52.93853233
    "BPMS.2L1.B1"       23487.84062                 1    -3.34816969848 1.48323969742e-08               0.0       52.94018929
   "BPMSW.1L1.B1"       23497.79062                 1    -3.28041137576 1.48323969742e-08               0.0       52.94126213
   "BPMSW.1R1.B1"       23540.93362                 1     3.41544053636 1.48323969742e-08               0.0        53.4353606
    "BPMS.2R1.B1"       23550.89862                 1     6.78770126818 1.48323969742e-08               0.0        53.4361972
   "BPMSY.4R1.B1"       23577.68412                 1     4.22382346515 1.48323969742e-08               0.0       53.43733928
   "BPMWB.4R1.B1"       23670.46412                 1    0.841407295968 1.48323969742e-08               0.0       53.44550841
   "BPMYA.4R1.B1"       23691.59662                 1       1.487996495 1.48323969742e-08               0.0       53.44831078
     "BPM.5R1.B1"       23719.00462                 1   -0.368030297672 1.48323969742e-08               0.0       53.45468971
    "BPMR.6R1.B1"       23750.90462                 1   0.0696581979091 1.48323969742e-08               0.0       53.47391543
   "BPMSX.7R1.B1"       23757.12012                 1     1.21404040258 1.48323969742e-08               0.0       53.48159167
   "BPM_A.7R1.B1"       23778.62862                 1   -0.836066386288 1.48323969742e-08               0.0       53.55491412
     "BPM.8R1.B1"       23820.06761                 1    0.158019829252 1.48323969742e-08               0.0       53.76433149
     "BPM.9R1.B1"        23859.1346                 1   -0.496950577524 1.48323969742e-08               0.0       53.84452673
    "BPM.10R1.B1"       23899.59958                 1    0.208196943788 1.48323969742e-08               0.0       53.93566601
    "BPM.11R1.B1"       23952.38227                 1    -3.73899886515 1.48323969742e-08               0.0       54.05231853
    "BPM.12R1.B1"       24007.10876                 1   -0.018431573147 1.48323969742e-08               0.0       54.19875978
    "BPM.13R1.B1"       24060.56024                 1   -0.247255491102 1.48323969742e-08               0.0       54.31311752
    "BPM.14R1.B1"       24114.01173                 1  -0.0375143452167 1.48323969742e-08               0.0       54.44927106
    "BPM.15R1.B1"       24167.46321                 1     0.50561284197 1.48323969742e-08               0.0       54.56310739
    "BPM.16R1.B1"       24220.91469                 1  -0.0453313131015 1.48323969742e-08               0.0       54.69926373
    "BPM.17R1.B1"       24274.36618                 1   -0.171414044948 1.48323969742e-08               0.0       54.81310561
    "BPM.18R1.B1"       24327.81766                 1    0.110523068068 1.48323969742e-08               0.0       54.94925855
    "BPM.19R1.B1"       24381.26915                 1   -0.146055823561 1.48323969742e-08               0.0       55.06309487
    "BPM.20R1.B1"       24434.72063                 1   0.0725185003379 1.48323969742e-08               0.0       55.19925121
    "BPM.21R1.B1"       24488.17211                 1   -0.421905823456 1.48323969742e-08               0.0        55.3130931
    "BPM.22R1.B1"        24541.6236                 1    0.144325769167 1.48323969742e-08               0.0       55.44924604
    "BPM.23R1.B1"       24595.07508                 1   -0.234206973808 1.48323969742e-08               0.0       55.56308734
    "BPM.24R1.B1"       24648.52657                 1   0.0916778979727 1.48323969742e-08               0.0       55.69925085
    "BPM.25R1.B1"       24701.97805                 1   -0.179437034015 1.48323969742e-08               0.0        55.8130931
    "BPM.26R1.B1"       24755.42954                 1    0.127730637882 1.48323969742e-08               0.0       55.94924604
    "BPM.27R1.B1"       24808.88102                 1   -0.122963192358 1.48323969742e-08               0.0       56.06308734
    "BPM.28R1.B1"        24862.3325                 1  -0.0347641186167 1.48323969742e-08               0.0       56.19925085
    "BPM.29R1.B1"       24915.78399                 1   -0.140543912211 1.48323969742e-08               0.0        56.3130931
    "BPM.30R1.B1"       24969.23547                 1    0.384311688905 1.48323969742e-08               0.0       56.44924604
    "BPM.31R1.B1"       25022.68696                 1    -0.92086735303 1.48323969742e-08               0.0       56.56308734
    "BPM.32R1.B1"       25076.13844                 1    0.398622841224 1.48323969742e-08               0.0       56.69925085
    "BPM.33R1.B1"       25129.58992                 1   -0.302866585733 1.48323969742e-08               0.0        56.8130931
    "BPM.34R1.B1"       25183.04141                 1    0.039988036197 1.48323969742e-08               0.0       56.94924604
    "BPM.33L2.B1"       25236.49289                 1    0.248863386336 1.48323969742e-08               0.0       57.06308734
    "BPM.32L2.B1"       25289.94438                 1  0.00114418909697 1.48323969742e-08               0.0       57.19925085
    "BPM.31L2.B1"       25343.39586                 1   -0.482240234864 1.48323969742e-08               0.0        57.3130931
    "BPM.30L2.B1"       25396.84734                 1   0.0497639233245 1.48323969742e-08               0.0       57.44924604
    "BPM.29L2.B1"       25450.29883                 1    0.278980919605 1.48323969742e-08               0.0       57.56308734
    "BPM.28L2.B1"       25503.75031                 1   0.0994307149485 1.48323969742e-08               0.0       57.69925085
    "BPM.27L2.B1"        25557.2018                 1   -0.418796751364 1.48323969742e-08               0.0        57.8130931
    "BPM.26L2.B1"       25610.65328                 1    0.161514865795 1.48323969742e-08               0.0       57.94924604
    "BPM.25L2.B1"       25664.10477                 1   0.0514306042424 1.48323969742e-08               0.0       58.06308734
    "BPM.24L2.B1"       25717.55625                 1   0.0669886592455 1.48323969742e-08               0.0       58.19925085
    "BPM.23L2.B1"       25771.00773                 1   -0.459540926197 1.48323969742e-08               0.0        58.3130931
    "BPM.22L2.B1"       25824.45922                 1   0.0713401850136 1.48323969742e-08               0.0       58.44924604
    "BPM.21L2.B1"        25877.9107                 1   0.0625617119697 1.48323969742e-08               0.0       58.56308734
    "BPM.20L2.B1"       25931.36219                 1    0.131459039667 1.48323969742e-08               0.0        58.6992504
    "BPM.19L2.B1"       25984.81367                 1   -0.190095309265 1.48323969742e-08               0.0        58.8130873
    "BPM.18L2.B1"       26038.26515                 1     0.77148433953 1.48323969742e-08               0.0       58.94923352
    "BPM.17L2.B1"       26091.71664                 1   -0.334493368626 1.48323969742e-08               0.0       59.06307483
    "BPM.16L2.B1"       26145.16812                 1  -0.0995954342121 1.48323969742e-08               0.0       59.19923789
    "BPM.15L2.B1"       26198.61961                 1    0.444808279639 1.48323969742e-08               0.0       59.31307479
    "BPM.14L2.B1"       26252.07109                 1   -0.260814443752 1.48323969742e-08               0.0       59.44922101
    "BPM.13L2.B1"       26305.52257                 1    0.187180773044 1.48323969742e-08               0.0       59.56306232
    "BPM.12L2.B1"       26358.97406                 1   -0.115859776841 1.48323969742e-08               0.0       59.69821776
    "BPM.11L2.B1"       26412.42554                 1  -0.0167857371288 1.48323969742e-08               0.0       59.81689121
    "BPM.10L2.B1"       26464.26623                 1    0.874423493182 1.48323969742e-08               0.0       59.95693287
     "BPM.9L2.B1"       26503.33322                 1   -0.827352279848 1.48323969742e-08               0.0       60.02668153
     "BPM.8L2.B1"       26543.79821                 1    -1.03279211091 1.48323969742e-08               0.0       60.13706873
     "BPM.7L2.B1"        26582.8662                 1    0.550341310447 1.48323969742e-08               0.0       60.20618479
    "BPMR.6L2.B1"        26614.9722                 1    0.351454140487 1.48323969742e-08               0.0       60.25327776