@ GetLLMVersion %s "V3.0.0 Dev"
@ Command %s "/afs/cern.ch/work/o/omc/anaconda/bin/python '/afs/cern.ch/work/e/efol/public/Beta-Beat.src/GetLLM/GetLLM.py' '--accel=LHCB1' '--model=/afs/cern.ch/work/e/efol/public/betabeatGui/temp/2017-12-20/models/LHCB1/Multiturn-model_40cm_2041/twiss.dat' '--files=/afs/cern.ch/work/e/efol/public/betabeatGui/temp/2017-12-20/LHCB1/Measurements/Beam1@Turn@2017_09_11@19_02_33_250_notcleaned/Beam1@Turn@2017_09_11@19_02_33_250_notcleaned.sdds' '--output=/afs/cern.ch/work/e/efol/public/betabeatGui/temp/2017-12-20/LHCB1/Results/40cm_notcleaned' '--tbtana=SUSSIX' '--bpmu=mm' '--lhcphase=1' '--errordefs=/afs/cern.ch/work/e/efol/public/betabeatGui/temp/2017-12-20/models/LHCB1/Multiturn-model_40cm_2041/error_deff.txt'"
@ CWD %s "/home/efol/Workspaces/Accsoft-Eclipse-Pro/lhc-app-beta-beating"
@ Date %s "20. December 2017, 16:53:14"
@ DQMIN %le 2.67024466748e-05
@ DQMINE %le 0.0624764957274
@ FILES %s ""
*            NAME                 S              DETC             DETCE             GAMMA            GAMMAE               C11               C12               C21               C22
$              %s               %le               %le               %le               %le               %le               %le               %le               %le               %le
     BPMYB.5L2.B1            28.288   0.0313414433294               0.0     1.01604897115               0.0    0.178680213754  0.00458287640315 -0.00458287640315   -0.178680213754
     BPMYB.4L2.B1            48.858   0.0197675109532               0.0     1.01003274474               0.0    0.127305636158  -0.0151677671846   0.0151677671846   -0.127305636158
     BPMWI.4L2.B1           73.3255   0.0723628890388               0.0     1.03827152306               0.0    0.297308204262    0.170059067389   -0.170059067389   -0.297308204262
     BPMSX.4L2.B1          123.4825   0.0545953407533               0.0     1.02846882256               0.0    0.211122143331    -0.20755517915     0.20755517915   -0.211122143331
      BPMS.2L2.B1           161.394 -0.00815308952943                -1    0.995948214398                -1    0.228402769791    0.786021795074   -0.786021795074   -0.228402769791
     BPMSW.1L2.B1           171.328   0.0484308378814               0.0     1.02513207066               0.0    0.295308567407   0.0868099434043  -0.0868099434043   -0.295308567407
     BPMSW.1R2.B1           214.518   0.0535339792997               0.0     1.02789200135               0.0    0.208228829692    0.300288808836   -0.300288808836   -0.208228829692
      BPMS.2R2.B1           224.452   0.0452734724567               0.0     1.02343556547               0.0    0.133586428873   0.0452276341103  -0.0452276341103   -0.133586428873
     BPMSX.4R2.B1          262.3635   0.0122954516984               0.0     1.00620500484               0.0    0.204698130361  -0.0205796503849   0.0205796503849   -0.204698130361
     BPMWB.4R2.B1          312.5965    0.051839151055               0.0       1.026972917               0.0    0.238180375851   0.0985888172752  -0.0985888172752   -0.238180375851
     BPMYB.4R2.B1           336.988   0.0731609629702               0.0     1.03871843947               0.0    0.248896862308   0.0628799605938  -0.0628799605938   -0.248896862308
      BPMR.5R2.B1           366.522   0.0366621987626               0.0     1.01885105352               0.0    0.253482207875    0.037413609809   -0.037413609809   -0.253482207875
       BPM.6R2.B1           439.818    0.116083560324               0.0     1.06363934611               0.0    0.444497272949   -0.351080792037    0.351080792037   -0.444497272949
     BPM_A.7R2.B1           452.693   0.0303946749177               0.0      1.0155527909               0.0   0.0950777734601  -0.0853370154492   0.0853370154492  -0.0950777734601
       BPM.8R2.B1       494.1300106   0.0397279465136               0.0     1.02047614052               0.0    0.185784772797   -0.070721112403    0.070721112403   -0.185784772797
       BPM.9R2.B1       533.1950212   0.0364744096562               0.0     1.01875176272               0.0     0.26579942337  -0.0598884494363   0.0598884494363    -0.26579942337
      BPM.10R2.B1       573.6580318   0.0357294038854               0.0     1.01835813743               0.0    0.170914168142  -0.0378225610488   0.0378225610488   -0.170914168142
      BPM.11R2.B1       625.4967424   0.0442551607601               0.0      1.0228902033               0.0    0.172860695355  -0.0658792465845   0.0658792465845   -0.172860695355
      BPM.12R2.B1       680.2202583    0.038849041581               0.0     1.02000945699               0.0    0.233805283825   0.0132883378663  -0.0132883378663   -0.233805283825
      BPM.13R2.B1       733.6687742   0.0371081642293               0.0     1.01908696776               0.0    0.237714769446   -0.111401788933    0.111401788933   -0.237714769446
      BPM.14R2.B1       787.1172901   0.0371981424977               0.0     1.01913458583               0.0     0.17840331041   -0.106806704533    0.106806704533    -0.17840331041
      BPM.15R2.B1        840.565806   0.0366317061945               0.0     1.01883492904               0.0    0.147984110759  -0.0398292089252   0.0398292089252   -0.147984110759
      BPM.16R2.B1       894.0143219    0.043135977673               0.0     1.02229182342               0.0    0.223675682521 -0.000199947161561 0.000199947161561   -0.223675682521
      BPM.17R2.B1       947.4628378   0.0360347867852               0.0     1.01851943191               0.0    0.256311945243   -0.087541087177    0.087541087177   -0.256311945243
      BPM.18R2.B1       1000.911354    0.039599017405               0.0     1.02040764127               0.0    0.196997400783  -0.0695453027159   0.0695453027159   -0.196997400783
      BPM.19R2.B1        1054.35987   0.0418844647696               0.0     1.02162393451               0.0    0.158705910644  -0.0248053769871   0.0248053769871   -0.158705910644
      BPM.20R2.B1       1107.808386   0.0417983833384               0.0     1.02157804395               0.0    0.224646333309   0.0279630637092  -0.0279630637092   -0.224646333309
      BPM.21R2.B1       1161.256901   0.0494411341929               0.0       1.025676704               0.0    0.288462792067  -0.0733180846681   0.0733180846681   -0.288462792067
      BPM.22R2.B1       1214.705417   0.0320356811275               0.0     1.01641326824               0.0    0.161770427822  -0.0538041852182   0.0538041852182   -0.161770427822
      BPM.23R2.B1       1268.153933   0.0416679524199               0.0     1.02150852217               0.0    0.165704984587  -0.0808635099309   0.0808635099309   -0.165704984587
      BPM.24R2.B1       1321.602449   0.0249079530922               0.0     1.01269156558               0.0    0.165022930929    0.108715795004   -0.108715795004   -0.165022930929
      BPM.25R2.B1       1375.050965   0.0581985511332               0.0     1.03043433867               0.0    0.294621322491  0.00599267253868 -0.00599267253868   -0.294621322491
      BPM.26R2.B1       1428.499481   0.0409311815852               0.0     1.02111607781               0.0    0.201612831785  -0.0339998918009   0.0339998918009   -0.201612831785
      BPM.27R2.B1       1481.947997   0.0379254747073               0.0     1.01951974797               0.0    0.168724576452  -0.0209942295632   0.0209942295632   -0.168724576452
      BPM.28R2.B1       1535.396513   0.0309990708576               0.0     1.01586945742               0.0    0.199035752079    0.123479184805   -0.123479184805   -0.199035752079
      BPM.29R2.B1       1588.845029   0.0389416757825               0.0     1.02005861399               0.0    0.273039987562  0.00537682136761 -0.00537682136761   -0.273039987562
      BPM.30R2.B1       1642.293545   0.0418840665862               0.0     1.02162372222               0.0    0.192280566428 -0.000798242812408 0.000798242812408   -0.192280566428
      BPM.31R2.B1        1695.74206   0.0339619851244               0.0     1.01742614032               0.0    0.143842445469  -0.0563826670349   0.0563826670349   -0.143842445469
      BPM.32R2.B1       1749.190576   0.0294690916957               0.0     1.01506841538               0.0   0.0593888068642   -0.214548533271    0.214548533271  -0.0593888068642
      BPM.33R2.B1       1802.639092   0.0364355568768               0.0      1.0187312235               0.0    0.252302331625   0.0232049523574  -0.0232049523574   -0.252302331625
      BPM.34R2.B1       1856.087608   0.0585917245833               0.0     1.03064949353               0.0    0.232351454578    0.114502830789   -0.114502830789   -0.232351454578
      BPM.33L3.B1       1909.536124   0.0430727665294               0.0     1.02225805842               0.0    0.161878297468   0.0395877700066  -0.0395877700066   -0.161878297468
      BPM.32L3.B1        1962.98464    0.036292869912               0.0     1.01865580378               0.0    0.208847272492    0.113499210222   -0.113499210222   -0.208847272492
      BPM.31L3.B1       2016.433156   0.0510585678596               0.0     1.02655044482               0.0    0.265777757448   0.0432889369484  -0.0432889369484   -0.265777757448
      BPM.30L3.B1       2069.881672   0.0423689627198               0.0     1.02188233889               0.0    0.205454515235   0.0628210110306  -0.0628210110306   -0.205454515235
      BPM.29L3.B1       2123.330188   0.0414400022927               0.0     1.02138705515               0.0    0.156716052957   0.0749241534648  -0.0749241534648   -0.156716052957
      BPM.27L3.B1        2230.22722   0.0293790917825               0.0     1.01502135365               0.0    0.240029762383   0.0308914010071  -0.0308914010071   -0.240029762383
      BPM.26L3.B1       2283.675735   0.0371765275032               0.0     1.01912314619               0.0    0.128375711009   0.0963310168798  -0.0963310168798   -0.128375711009
      BPM.25L3.B1       2337.124251   0.0490747892013               0.0     1.02547911342               0.0    0.177982251437   0.0858237937842  -0.0858237937842   -0.177982251437
      BPM.24L3.B1       2390.572767   0.0358063962398               0.0     1.01839879535               0.0    0.175708270425    0.153139895524   -0.153139895524   -0.175708270425
      BPM.23L3.B1       2444.021283   0.0352065388726               0.0     1.01808215297               0.0    0.242122617595   0.0520541472911  -0.0520541472911   -0.242122617595
      BPM.22L3.B1       2497.469799   0.0379960711518               0.0      1.0195571559               0.0     0.14114660869   0.0927511942771  -0.0927511942771    -0.14114660869
      BPM.21L3.B1       2550.918315   0.0491985039325               0.0     1.02554582701               0.0    0.189131967528     0.12440147833    -0.12440147833   -0.189131967528
      BPM.20L3.B1       2604.366831   0.0366607030035               0.0     1.01885026255               0.0    0.147978234885    0.154677850153   -0.154677850153   -0.147978234885
      BPM.19L3.B1       2657.815347   0.0411833847144               0.0     1.02125036404               0.0    0.224763648343    0.158712651569   -0.158712651569   -0.224763648343
      BPM.18L3.B1       2711.263863   0.0455418496702               0.0     1.02357944159               0.0    0.154966903057    0.122555196986   -0.122555196986   -0.154966903057
      BPM.17L3.B1       2764.712379   0.0451318944417               0.0     1.02335969041               0.0    0.120580611137    0.178712996577   -0.178712996577   -0.120580611137
      BPM.16L3.B1       2818.160894   0.0484911684768               0.0     1.02516456949               0.0    0.128678666719     0.18462926035    -0.18462926035   -0.128678666719
      BPM.15L3.B1        2871.60941   0.0332814983687               0.0       1.017067987               0.0    0.153213289861    0.140667638908   -0.140667638908   -0.153213289861
      BPM.14L3.B1       2925.057926   0.0338424047061               0.0     1.01736317543               0.0    0.217487023213  -0.0352873150151   0.0352873150151   -0.217487023213
      BPM.13L3.B1       2978.506442   0.0455621108729               0.0     1.02359030602               0.0   0.0978552294746    0.205852141829   -0.205852141829  -0.0978552294746
      BPM.12L3.B1       3031.954958   0.0484429038963               0.0     1.02513857012               0.0    0.139575647629    0.189249665865   -0.189249665865   -0.139575647629
      BPM.11L3.B1       3085.403474   0.0418762446482               0.0     1.02161955204               0.0    0.158816709795    0.182993870924   -0.182993870924   -0.158816709795
      BPM.10L3.B1       3138.184185   0.0444460444601               0.0     1.02299236567               0.0   0.0862402496422    0.182055909618   -0.182055909618  -0.0862402496422
       BPM.9L3.B1       3177.249195   0.0356725163008               0.0     1.01832809951               0.0    0.115302674368    0.108895221262   -0.108895221262   -0.115302674368
       BPM.8L3.B1       3217.712206   0.0390751150431               0.0     1.02012943698               0.0     0.18733873223   0.0825814390104  -0.0825814390104    -0.18733873223
       BPM.7L3.B1       3256.776216    0.034115573395               0.0     1.01750702915               0.0    0.205889641214  -0.0826016402001   0.0826016402001   -0.205889641214
       BPM.6L3.B1       3329.415216   0.0267003798085               0.0     1.01362362209               0.0    0.156442499191  -0.0642690837891   0.0642690837891   -0.156442499191
    BPMWG.A5L3.B1       3371.119716   0.0299419479899               0.0     1.01531578357               0.0    0.181161968678  -0.0602810863999   0.0602810863999   -0.181161968678
      BPMW.5L3.B1       3400.089716   0.0289579996276               0.0     1.01480124789               0.0    0.189799406335  -0.0663125626653   0.0663125626653   -0.189799406335
     BPMWE.4L3.B1       3475.217716 -0.00162907010109                -1    0.999186458801                -1  -0.0424763559305    0.233718725768   -0.233718725768   0.0424763559305
      BPMW.4L3.B1       3502.762716    0.059192033671               0.0      1.0309782586               0.0    0.204048397242 -0.00167293581181  0.00167293581181   -0.204048397242
      BPMW.4R3.B1       3547.727716   0.0130676630348               0.0     1.00659857336               0.0    0.131398210409  -0.0387677873031   0.0387677873031   -0.131398210409
     BPMWE.4R3.B1       3575.272716   0.0456090546922               0.0     1.02361547948               0.0    0.160835179678    0.205167478607   -0.205167478607   -0.160835179678
      BPMW.5R3.B1       3650.400716   0.0356191076278               0.0     1.01829990094               0.0    0.120903255666    0.167094595637   -0.167094595637   -0.120903255666
    BPMWJ.A5R3.B1       3679.118716   0.0265750013342               0.0     1.01355834193               0.0   0.0741928931667    0.139446934913   -0.139446934913  -0.0741928931667
     BPMWC.6R3.B1       3718.936716  -0.0343419108169                -1    0.983259019301                -1    0.146896230175   0.0279344647377  -0.0279344647377   -0.146896230175
      BPMR.6R3.B1       3731.015216   0.0410560453624               0.0     1.02118255524               0.0   0.0524393864587    0.158800407382   -0.158800407382  -0.0524393864587
       BPM.8R3.B1       3825.903227   0.0302793627988               0.0     1.01549240804               0.0   -0.151301848355    0.118202953745   -0.118202953745    0.151301848355
       BPM.9R3.B1       3864.968238    0.047557673867               0.0     1.02466206127               0.0   -0.212233939432    0.148501240126   -0.148501240126    0.212233939432
      BPM.10R3.B1       3905.431248   0.0324568597036               0.0     1.01663447022               0.0   -0.120813300898     0.17670002616    -0.17670002616    0.120813300898
      BPM.11R3.B1       3958.211959   0.0194127610617               0.0     1.00985002698               0.0   -0.115522806233  -0.0725581331053   0.0725581331053    0.115522806233
      BPM.12R3.B1       4012.935475   0.0349846014026               0.0     1.01796507527               0.0   -0.207460523506   0.0790180950843  -0.0790180950843    0.207460523506
      BPM.13R3.B1       4066.383991   0.0341740422361               0.0     1.01753782743               0.0   -0.184621150323    0.150751437864   -0.150751437864    0.184621150323
      BPM.14R3.B1       4119.832506   0.0341054943008               0.0      1.0175017203               0.0   -0.126889703425    0.167756179608   -0.167756179608    0.126889703425
      BPM.15R3.B1       4173.281022   0.0372703176951               0.0     1.01917278704               0.0   -0.128314654441   0.0990539224625  -0.0990539224625    0.128314654441
      BPM.17R3.B1       4280.178054    0.036896361696               0.0      1.0189749045               0.0   -0.214338682644     0.10351390291    -0.10351390291    0.214338682644
      BPM.18R3.B1        4333.62657   0.0421286525418               0.0     1.02175414624               0.0   -0.164801800491    0.120664526314   -0.120664526314    0.164801800491
      BPM.19R3.B1       4387.075086   0.0497819393657               0.0     1.02586062209               0.0   -0.198362031559   0.0723439920918  -0.0723439920918    0.198362031559
      BPM.20R3.B1       4440.523602   0.0417595208692               0.0     1.02155732814               0.0   -0.190755003854   0.0550293516989  -0.0550293516989    0.190755003854
      BPM.21R3.B1       4493.972118   0.0734700135854               0.0     1.03889166095               0.0    0.488661075198  -0.0707460428701   0.0707460428701   -0.488661075198
      BPM.22R3.B1       4547.420634   0.0400494068261               0.0     1.02064699052               0.0   -0.180053292533    0.121565872094   -0.121565872094    0.180053292533
      BPM.23R3.B1        4600.86915    0.034588843316               0.0     1.01775640293               0.0   -0.138208724088   0.0448623919519  -0.0448623919519    0.138208724088
      BPM.24R3.B1       4654.317666   0.0392455037065               0.0     1.02021989234               0.0  0.00354393018552    0.204883452663   -0.204883452663 -0.00354393018552
      BPM.25R3.B1       4707.766181   0.0235223035147               0.0     1.01197279146               0.0   -0.184689582871  -0.0440750381749   0.0440750381749    0.184689582871
      BPM.26R3.B1       4761.214697   0.0319681221918               0.0     1.01637779988               0.0   -0.140444130706    0.182325852589   -0.182325852589    0.140444130706
      BPM.27R3.B1       4814.663213   0.0341794393762               0.0     1.01754067049               0.0   -0.148622011169  -0.0568638637453   0.0568638637453    0.148622011169
      BPM.28R3.B1       4868.111729   0.0296946646734               0.0     1.01518639818               0.0   -0.217665503935   0.0329017591484  -0.0329017591484    0.217665503935
      BPM.29R3.B1       4921.560245   0.0358132647695               0.0     1.01840242271               0.0    -0.23095694553   -0.027772479068    0.027772479068     0.23095694553
      BPM.30R3.B1       4975.008761   0.0365379049785               0.0     1.01878533172               0.0   -0.174820944161   0.0804060011535  -0.0804060011535    0.174820944161
      BPM.31R3.B1       5028.457277   0.0383060387155               0.0     1.01972145151               0.0   -0.171797030841  -0.0823656594454   0.0823656594454    0.171797030841
      BPM.32R3.B1       5081.905793   0.0244293295446               0.0     1.01244311741               0.0   -0.218893583056  -0.0116918650381   0.0116918650381    0.218893583056
      BPM.33R3.B1       5135.354309   0.0403531599966               0.0     1.02080850839               0.0   -0.224092730218  -0.0187610534336   0.0187610534336    0.224092730218
      BPM.34R3.B1       5188.802825   0.0413092491657               0.0     1.02131740073               0.0   -0.188505149867    0.024433342938   -0.024433342938    0.188505149867
      BPM.33L4.B1        5242.25134    0.041748597784               0.0     1.02155150577               0.0   -0.175740590909    -0.10636290004     0.10636290004    0.175740590909
      BPM.32L4.B1       5295.699856   0.0449291015464               0.0     1.02325103822               0.0   -0.251809856226  -0.0924526957703   0.0924526957703    0.251809856226
      BPM.31L4.B1       5349.148372   0.0546766318854               0.0     1.02851304214               0.0   -0.285658924872  -0.0535641552358   0.0535641552358    0.285658924872
      BPM.30L4.B1       5402.596888   0.0456863824051               0.0     1.02365695025               0.0    -0.20349588648  0.00585404248965 -0.00585404248965     0.20349588648
      BPM.29L4.B1       5456.045404   0.0408060772645               0.0     1.02104948534               0.0   -0.172506499066  -0.0856189536596   0.0856189536596    0.172506499066
      BPM.28L4.B1        5509.49392   0.0407061747983               0.0     1.02099631705               0.0    -0.23139060268  -0.0879477634291   0.0879477634291     0.23139060268
      BPM.27L4.B1       5562.942436   0.0417853245117               0.0     1.02157108274               0.0   -0.221473705956   -0.098586488045    0.098586488045    0.221473705956
      BPM.26L4.B1       5616.390952   0.0407296338534               0.0     1.02100880126               0.0   -0.188746503938   -0.036481154676    0.036481154676    0.188746503938
      BPM.25L4.B1       5669.839468   0.0405204781466               0.0       1.020897511               0.0    -0.14175780046   -0.127419768197    0.127419768197     0.14175780046
      BPM.24L4.B1       5723.287984   0.0253884723507               0.0     1.01294118188               0.0   -0.192177326998  -0.0940615415084   0.0940615415084    0.192177326998
      BPM.23L4.B1         5776.7365   0.0436785497928               0.0     1.02258178261               0.0   -0.191902977207   -0.127814761009    0.127814761009    0.191902977207
      BPM.22L4.B1       5830.185015   0.0422299598975               0.0     1.02180818242               0.0   -0.168544502133   -0.094222142118    0.094222142118    0.168544502133
      BPM.21L4.B1       5883.633531   0.0377383798401               0.0      1.0194206293               0.0  -0.0971902008085   -0.162165127609    0.162165127609   0.0971902008085
      BPM.20L4.B1       5937.082047   0.0530096028979               0.0     1.02760737495               0.0   -0.196762501573   -0.169208172255    0.169208172255    0.196762501573
      BPM.19L4.B1       5990.530563   0.0429680033978               0.0     1.02220210528               0.0   -0.201304235523   -0.129062293334    0.129062293334    0.201304235523
      BPM.17L4.B1       6097.427595   0.0383403139458               0.0     1.01973962367               0.0  -0.0949808501272   -0.180739735305    0.180739735305   0.0949808501272
      BPM.16L4.B1       6150.876111    0.047811399591               0.0     1.02479857089               0.0   -0.197130023384   -0.183847216936    0.183847216936    0.197130023384
      BPM.15L4.B1       6204.324627   0.0423615199688               0.0     1.02187836786               0.0   -0.187212278202   -0.148701018337    0.148701018337    0.187212278202
      BPM.14L4.B1       6257.773143   0.0468787672359               0.0     1.02429706374               0.0   -0.141353958776   -0.150422702686    0.150422702686    0.141353958776
      BPM.13L4.B1       6311.221659   0.0456281017212               0.0     1.02362569392               0.0  -0.0842669353346   -0.161802655997    0.161802655997   0.0842669353346
      BPM.12L4.B1       6364.670174   0.0505478948401               0.0     1.02627433709               0.0   -0.172173691294   -0.254765100655    0.254765100655    0.172173691294
      BPM.11L4.B1        6418.11869   0.0568609821157               0.0     1.02970339337               0.0     -0.1378703524   -0.260924695099    0.260924695099      0.1378703524
      BPM.10L4.B1       6469.957401    0.024157164157               0.0     1.01230192091               0.0   -0.141402688228  -0.0630769644423   0.0630769644423    0.141402688228
       BPM.9L4.B1       6509.022412   0.0560462275117               0.0     1.02925891361               0.0 -0.00667240413392   -0.268475225491    0.268475225491  0.00667240413392
       BPM.7L4.B1       6588.549433    0.040517495572               0.0     1.02089592425               0.0     0.15032653465   -0.117854808724    0.117854808724    -0.15032653465
     BPMYB.6L4.B1       6685.153433   0.0967652272841               0.0     1.05220333905               0.0    0.347803680801   -0.254449998122    0.254449998122   -0.347803680801
     BPMYA.5L4.B1       6722.153433   0.0587069727641               0.0     1.03071258592               0.0    0.282638625431   0.0730877244694  -0.0730877244694   -0.282638625431
    BPMWI.A5L4.B1       6798.755933  -0.0273979500834                -1    0.986576241263                -1  -0.0852878416859    0.231433381774   -0.231433381774   0.0852878416859
    BPMWA.B5L4.B1       6824.619933  0.00713345961491               0.0      1.0035859263               0.0    0.328810638291    0.169584916158   -0.169584916158   -0.328810638291
    BPMWA.A5L4.B1       6833.504933   0.0535621031414               0.0     1.02790727338               0.0    0.192186189372  -0.0351545283199   0.0351545283199   -0.192186189372
    BPMWA.A5R4.B1       6881.553933    0.852117505628               0.0     2.60040873582               0.0     11.5710550784     -21.562512222      21.562512222    -11.5710550784
    BPMWA.B5R4.B1       6890.438933   0.0457847998634               0.0     1.02370973872               0.0    0.214217034684  0.00456908054675 -0.00456908054675   -0.214217034684
     BPMYB.5R4.B1       6992.829433  0.00452972246096               0.0     1.00227258479               0.0    0.395527448687   -0.111834906257    0.111834906257   -0.395527448687
     BPMYA.6R4.B1       7024.393433   0.0518352114126               0.0     1.02697078346               0.0    0.272453738669   0.0460711563283  -0.0460711563283   -0.272453738669
       BPM.7R4.B1       7120.909433   0.0378602747424               0.0     1.01948520321               0.0    0.207835805754  -0.0322046313427   0.0322046313427   -0.207835805754
       BPM.8R4.B1       7158.698443    0.043972715162               0.0     1.02273909246               0.0    0.153150225437    0.133293470641   -0.133293470641   -0.153150225437
       BPM.9R4.B1       7197.763454   0.0595791017453               0.0     1.03119040707               0.0    0.278945776137   0.0229776083044  -0.0229776083044   -0.278945776137
      BPM.10R4.B1       7238.226465   0.0373112775755               0.0     1.01919446837               0.0    0.258991344119   0.0114041568718  -0.0114041568718   -0.258991344119
      BPM.11R4.B1       7290.065175   0.0490819288355               0.0     1.02548296314               0.0    0.160655671731    0.080410992721   -0.080410992721   -0.160655671731
      BPM.12R4.B1       7344.788691   0.0450377242359               0.0     1.02330923168               0.0    0.152297148913    0.147579656124   -0.147579656124   -0.152297148913
      BPM.13R4.B1       7398.237207   0.0465523639234               0.0     1.02412171977               0.0    0.233177712703    0.153875004636   -0.153875004636   -0.233177712703
      BPM.14R4.B1       7451.685723   0.0423195851357               0.0     1.02185599465               0.0    0.215877385848    0.109978124437   -0.109978124437   -0.215877385848
      BPM.15R4.B1       7505.134239   0.0468487217244               0.0     1.02428091952               0.0    0.172659501568   0.0655031257692  -0.0655031257692   -0.172659501568
      BPM.16R4.B1       7558.582755   0.0443139846067               0.0       1.022921683               0.0    0.127451327571     0.17996888879    -0.17996888879   -0.127451327571
      BPM.17R4.B1       7612.031271   0.0493761447211               0.0     1.02564164317               0.0    0.244850068871    0.145058401998   -0.145058401998   -0.244850068871
      BPM.18R4.B1       7665.479786   0.0448074901612               0.0     1.02318589798               0.0    0.216427354093    0.157450095518   -0.157450095518   -0.216427354093
      BPM.19R4.B1       7718.928302   0.0383251614907               0.0     1.01973158997               0.0    0.143113603632    0.053624562954   -0.053624562954   -0.143113603632
      BPM.20R4.B1       7772.376818   0.0417597090658               0.0     1.02155742846               0.0    0.131056828797     0.17613255503    -0.17613255503   -0.131056828797
      BPM.21R4.B1       7825.825334   0.0308065574769               0.0     1.01576856003               0.0    0.203728562318    0.161236067998   -0.161236067998   -0.203728562318
      BPM.22R4.B1        7879.27385    0.049985852761               0.0     1.02597071282               0.0    0.172210175708    0.149100363741   -0.149100363741   -0.172210175708
      BPM.23R4.B1       7932.722366   0.0411694624725               0.0     1.02124294973               0.0    0.156658255687   0.0723614026307  -0.0723614026307   -0.156658255687
      BPM.24R4.B1       7986.170882   0.0436894967201               0.0     1.02258763536               0.0    0.138317588584    0.212436883174   -0.212436883174   -0.138317588584
      BPM.25R4.B1       8039.619398   0.0448533411825               0.0     1.02321045628               0.0    0.222696179988    0.142107532014   -0.142107532014   -0.222696179988
      BPM.26R4.B1       8093.067914   0.0452720454078               0.0      1.0234348006               0.0    0.183343593751    0.129130126555   -0.129130126555   -0.183343593751
      BPM.27R4.B1        8146.51643   0.0494584261147               0.0     1.02568603333               0.0    0.152927660889    0.115627848609   -0.115627848609   -0.152927660889
      BPM.28R4.B1       8199.964946   0.0411841461569               0.0     1.02125076956               0.0      0.1621455252    0.183071490252   -0.183071490252     -0.1621455252
      BPM.29R4.B1       8253.413461   0.0252102131165               0.0     1.01284855966               0.0     0.21629499854   0.0756351622546  -0.0756351622546    -0.21629499854
      BPM.30R4.B1       8306.861977   0.0514069518285               0.0     1.02673893497               0.0    0.129736381507    0.170914024387   -0.170914024387   -0.129736381507
      BPM.31R4.B1       8360.310493   0.0486522043254               0.0     1.02525133127               0.0    0.161741303794    0.109374526258   -0.109374526258   -0.161741303794
      BPM.32R4.B1       8413.759009   0.0495941401969               0.0     1.02575926261               0.0    0.196337953286    0.138434922514   -0.138434922514   -0.196337953286
      BPM.33R4.B1       8467.207525   0.0484014623964               0.0     1.02511624782               0.0    0.250008705246   0.0961328974035  -0.0961328974035   -0.250008705246
      BPM.34R4.B1       8520.656041   0.0361316297493               0.0     1.01857059759               0.0    0.164262655667   0.0756867838161  -0.0756867838161   -0.164262655667
      BPM.33L5.B1       8574.104557   0.0362981924534               0.0      1.0186586168               0.0    0.143956485179    0.109762068701   -0.109762068701   -0.143956485179
      BPM.32L5.B1       8627.553073   0.0405708877051               0.0     1.02092433023               0.0    0.158019010846    0.136476710331   -0.136476710331   -0.158019010846
      BPM.31L5.B1       8681.001589   0.0500654008171               0.0      1.0260136696               0.0    0.228132361557    0.141970045961   -0.141970045961   -0.228132361557
      BPM.30L5.B1       8734.450105   0.0377662375466               0.0     1.01943538586               0.0    0.181184941931   0.0822908207235  -0.0822908207235   -0.181184941931
      BPM.29L5.B1        8787.89862   0.0446239858576               0.0      1.0230876288               0.0    0.169700784296   0.0819660839457  -0.0819660839457   -0.169700784296
      BPM.28L5.B1       8841.347136   0.0369925620901               0.0     1.01902579888               0.0     0.15867215589    0.135120648105   -0.135120648105    -0.15867215589
      BPM.27L5.B1       8894.795652   0.0502236683672               0.0     1.02609915179               0.0    0.226707521623    0.129877130119   -0.129877130119   -0.226707521623
      BPM.26L5.B1       8948.244168   0.0306678286382               0.0     1.01569587007               0.0    0.187777268655   0.0692150710953  -0.0692150710953   -0.187777268655
      BPM.25L5.B1       9001.692684   0.0369405968238               0.0     1.01899830595               0.0   -0.141542760249    0.209163649967   -0.209163649967    0.141542760249
      BPM.24L5.B1         9055.1412    0.049803902057               0.0     1.02587247782               0.0    0.182985680142    0.174778338168   -0.174778338168   -0.182985680142
      BPM.23L5.B1       9108.589716   0.0464330898847               0.0     1.02405766818               0.0    0.231835526271      0.1325053145     -0.1325053145   -0.231835526271
      BPM.22L5.B1       9162.038232    0.051492630267               0.0     1.02678530646               0.0    0.204368648338    0.157002924716   -0.157002924716   -0.204368648338
      BPM.21L5.B1       9215.486748   0.0288418810562               0.0     1.01474057765               0.0    0.157347384834   0.0227172197671  -0.0227172197671   -0.157347384834
      BPM.20L5.B1       9268.935264   0.0466393494184               0.0     1.02416843961               0.0    0.106220008579    0.195034509823   -0.195034509823   -0.106220008579
      BPM.19L5.B1       9322.383779    0.047195375696               0.0     1.02446723198               0.0    0.238610186192    0.153994741489   -0.153994741489   -0.238610186192
      BPM.17L5.B1       9429.280811   0.0504038650623               0.0     1.02619650418               0.0    0.160980128217     0.10495106287    -0.10495106287   -0.160980128217
      BPM.16L5.B1       9482.729327   0.0414552713888               0.0     1.02139519019               0.0    0.121723576717     0.18371994066    -0.18371994066   -0.121723576717
      BPM.15L5.B1       9536.177843   0.0536793284314               0.0     1.02797093732               0.0    0.221012374478    0.146670436734   -0.146670436734   -0.221012374478
      BPM.14L5.B1       9589.626359   0.0304655422836               0.0     1.01558990575               0.0    0.225496146125   0.0540261398283  -0.0540261398283   -0.225496146125
      BPM.13L5.B1       9643.074875   0.0439534269307               0.0     1.02272877553               0.0    0.156957116976   0.0885380030678  -0.0885380030678   -0.156957116976
      BPM.12L5.B1       9696.523391   0.0418517198197               0.0     1.02160647724               0.0    0.149710575195    0.175106538524   -0.175106538524   -0.149710575195
      BPM.11L5.B1       9749.971907   0.0517481217859               0.0      1.0269236227               0.0    0.213186299258    0.161714710709   -0.161714710709   -0.213186299258
      BPM.10L5.B1       9802.752617   0.0319598908375               0.0     1.01637347868               0.0    0.155283242336    0.146659138385   -0.146659138385   -0.155283242336
       BPM.9L5.B1       9841.817628   0.0487893067939               0.0     1.02532521576               0.0   0.0508154742528    0.185756104674   -0.185756104674  -0.0508154742528
       BPM.8L5.B1       9882.280639   0.0457746022073               0.0     1.02370426859               0.0  -0.0795350518151     0.24968795324    -0.24968795324   0.0795350518151
      BPMR.7L5.B1       9921.346649   0.0346800301745               0.0     1.01780447187               0.0    0.227924200779   0.0490769239885  -0.0490769239885   -0.227924200779
       BPM.6L5.B1       9958.240649   0.0302381595881               0.0      1.0154708347               0.0    0.167743094996   0.0245867417904  -0.0245867417904   -0.167743094996
      BPMR.5L5.B1       9990.140649    0.043361419999               0.0     1.02241227344               0.0  -0.0198384255703   -0.264530946385    0.264530946385   0.0198384255703
     BPMYA.4L5.B1       10017.54665     0.11825704544               0.0     1.06494946794               0.0   0.0557894632771     -0.3424183471      0.3424183471  -0.0557894632771
     BPMWB.4L5.B1       10038.68115   0.0480243805407               0.0     1.02491320111               0.0   0.0599359585617   -0.283376919768    0.283376919768  -0.0599359585617
     BPMSY.4L5.B1       10131.46115   -0.183287780753                -1    0.919294813914                -1   -0.133725135469    0.258993957369   -0.258993957369    0.133725135469
      BPMS.2L5.B1       10158.24665    0.284394931391               0.0     1.18212471135               0.0   -0.230424974467    -1.04319872919     1.04319872919    0.230424974467
     BPMSW.1L5.B1       10168.21165  -0.0991646989601                -1    0.953824808411                -1  -0.0457528953855    0.364269201615   -0.364269201615   0.0457528953855
     BPMSW.1R5.B1       10211.33965     1.27647331765                -1                -1                -1                -1                -1                -1                -1
      BPMS.2R5.B1       10221.30465    0.955316808057               0.0     4.73072720409               0.0     1.31255481946     22.9056871977    -22.9056871977    -1.31255481946
     BPMWB.4R5.B1       10340.87015    0.298138269513               0.0     1.19364234881               0.0   -0.330008492138    -1.43535159905     1.43535159905    0.330008492138
     BPMYA.4R5.B1       10362.00265  0.00490357022327               0.0     1.00246083899               0.0  -0.0153947833771  -0.0172941318003   0.0172941318003   0.0153947833771
       BPM.5R5.B1       10383.12065   0.0242178204425               0.0     1.01233338363               0.0   0.0809370531375  -0.0710674942327   0.0710674942327  -0.0809370531375
      BPMR.6R5.B1       10415.02065   0.0500539691177               0.0     1.02600749604               0.0    0.207316203533  -0.0730484631186   0.0730484631186   -0.207316203533
     BPM_A.7R5.B1       10449.03465   0.0314416988776               0.0     1.01610155544               0.0    0.214893344991   0.0026646977617  -0.0026646977617   -0.214893344991
       BPM.8R5.B1       10490.47364   0.0134603661604               0.0     1.00679889733               0.0     0.11517792947  0.00207923487092 -0.00207923487092    -0.11517792947
       BPM.9R5.B1       10529.54063   0.0391808046149               0.0     1.02018554227               0.0    0.138889997956    0.253204124816   -0.253204124816   -0.138889997956
      BPM.10R5.B1       10570.00562  0.00766051266351               0.0     1.00385240406               0.0    0.172744496102   0.0504770648791  -0.0504770648791   -0.172744496102
      BPM.11R5.B1       10622.78831   0.0331002474227               0.0     1.01697265489               0.0   0.0899779000905    0.133382801111   -0.133382801111  -0.0899779000905
      BPM.12R5.B1       10677.51479    0.016592564523               0.0      1.0084009733               0.0   0.0694685948783   0.0479007445991  -0.0479007445991  -0.0694685948783
      BPM.13R5.B1       10730.96627   0.0246091935136               0.0     1.01253646135               0.0   0.0951962316039    0.188306413223   -0.188306413223  -0.0951962316039
      BPM.14R5.B1       10784.41776   0.0208670317113               0.0     1.01059969551               0.0    0.225007223365   0.0690105464167  -0.0690105464167   -0.225007223365
      BPM.15R5.B1       10837.86924   0.0263881465106               0.0      1.0134610766               0.0     0.12823176175   0.0791809667403  -0.0791809667403    -0.12823176175
      BPM.16R5.B1       10891.32073   0.0268977179983               0.0     1.01372639469               0.0   0.0841750294372   0.0867734263796  -0.0867734263796  -0.0841750294372
      BPM.17R5.B1       10944.77221   0.0247123219929               0.0     1.01258999355               0.0    0.140026748405    0.169063165536   -0.169063165536   -0.140026748405
      BPM.18R5.B1        10998.2237   0.0171321148733               0.0     1.00867771876               0.0    0.204316364078   0.0532588442569  -0.0532588442569   -0.204316364078
      BPM.19R5.B1       11051.67518   0.0225882180103               0.0     1.01148911862               0.0    0.120719823143   0.0530690990747  -0.0530690990747   -0.120719823143
      BPM.20R5.B1       11105.12666   0.0235066183579               0.0      1.0119646639               0.0   0.0704607307661   0.0950381242134  -0.0950381242134  -0.0704607307661
      BPM.21R5.B1       11158.57815   0.0238547645608               0.0     1.01214510849               0.0    0.144744256553    0.119337904176   -0.119337904176   -0.144744256553
      BPM.22R5.B1       11212.02963   0.0269535730774               0.0     1.01375548937               0.0     0.22464093695    0.107789965839   -0.107789965839    -0.22464093695
      BPM.23R5.B1       11265.48112   0.0248981253437               0.0     1.01268646227               0.0    0.153434649539   0.0150646543037  -0.0150646543037   -0.153434649539
      BPM.24R5.B1        11318.9326   0.0248901048473               0.0     1.01268229747               0.0   0.0990236620486   0.0506485936829  -0.0506485936829  -0.0990236620486
      BPM.25R5.B1       11372.38408   0.0224512636957               0.0     1.01141826146               0.0    0.143410879559    0.123387406613   -0.123387406613   -0.143410879559
      BPM.26R5.B1       11425.83557   0.0175611910868               0.0     1.00889796269               0.0    0.236593234917   0.0275532053039  -0.0275532053039   -0.236593234917
      BPM.27R5.B1       11479.28705   0.0219427196365               0.0     1.01115528217               0.0    0.108911584372   0.0515812411298  -0.0515812411298   -0.108911584372
      BPM.28R5.B1       11532.73854   0.0227044695702               0.0     1.01154927631               0.0    0.106380709833   0.0476794873441  -0.0476794873441   -0.106380709833
      BPM.29R5.B1       11586.19002   0.0252007022371               0.0     1.01284361859               0.0    0.153452571218    0.136429073584   -0.136429073584   -0.153452571218
      BPM.30R5.B1        11639.6415   0.0348709673673               0.0     1.01790514604               0.0    0.216126385247   0.0520257146967  -0.0520257146967   -0.216126385247
      BPM.31R5.B1       11693.09299   0.0316329628524               0.0     1.01620189654               0.0    0.178901927515   0.0357614105843  -0.0357614105843   -0.178901927515
      BPM.32R5.B1       11746.54447   0.0222319242125               0.0     1.01130481104               0.0     0.10570453674    0.025045560923   -0.025045560923    -0.10570453674
      BPM.33R5.B1       11799.99596   0.0139780781041               0.0      1.0070631731               0.0    0.110772361218    0.119277696211   -0.119277696211   -0.110772361218
      BPM.34R5.B1       11853.44744   0.0371462090691               0.0     1.01910710094               0.0    0.222244613906   0.0878836026619  -0.0878836026619   -0.222244613906
      BPM.33L6.B1       11906.89893   0.0277191840219               0.0     1.01415454567               0.0    0.162387998169   0.0380172119819  -0.0380172119819   -0.162387998169
      BPM.32L6.B1       11960.35041   0.0231996556079               0.0     1.01180564478               0.0    0.106939606859   0.0366356180644  -0.0366356180644   -0.106939606859
      BPM.31L6.B1       12013.80189   0.0201069383208               0.0     1.01020766336               0.0   0.0642158884161   -0.106838458742    0.106838458742  -0.0642158884161
      BPM.30L6.B1       12067.25338   0.0201798684244               0.0     1.01024525861               0.0    0.208836181624   0.0494240416885  -0.0494240416885   -0.208836181624
      BPM.29L6.B1       12120.70486   0.0174566564495               0.0     1.00884429198               0.0    0.106124043653   0.0150360621805  -0.0150360621805   -0.106124043653
      BPM.28L6.B1       12174.15635   0.0173659538281               0.0     1.00879772992               0.0    0.110970971545 -0.00178727777261  0.00178727777261   -0.110970971545
      BPM.27L6.B1       12227.60783   0.0247670281563               0.0     1.01261839402               0.0   0.0978713873703    0.194526330152   -0.194526330152  -0.0978713873703
      BPM.26L6.B1       12281.05931   0.0242541949499               0.0     1.01235225268               0.0     0.24728750909   0.0109002567466  -0.0109002567466    -0.24728750909
      BPM.25L6.B1        12334.5108    0.013654384877               0.0     1.00689791344               0.0    0.104237090205    0.022952573102   -0.022952573102   -0.104237090205
      BPM.24L6.B1       12387.96228   0.0146932373297               0.0     1.00742858208               0.0   0.0910127630678  -0.0414358320898   0.0414358320898  -0.0910127630678
      BPM.23L6.B1       12441.41377   0.0177625137236               0.0     1.00900135092               0.0  -0.0771380403506   0.0485138271751  -0.0485138271751   0.0771380403506
      BPM.22L6.B1       12494.86525   0.0321116389053               0.0     1.01645315041               0.0    0.250236059035   0.0878921304843  -0.0878921304843   -0.250236059035
      BPM.21L6.B1       12548.31673   0.0208540349411               0.0     1.01059298835               0.0    0.141712050874  -0.0194688080727   0.0194688080727   -0.141712050874
      BPM.20L6.B1       12601.76822   0.0281602856638               0.0     1.01438467338               0.0    0.102312753167    0.103836360143   -0.103836360143   -0.102312753167
      BPM.19L6.B1        12655.2197   0.0251062644527               0.0     1.01279456041               0.0    0.148903414066    0.130836921866   -0.130836921866   -0.148903414066
      BPM.18L6.B1       12708.67119   0.0152300061222               0.0     1.00770310434               0.0    0.228149911067   0.0659825705288  -0.0659825705288   -0.228149911067
      BPM.17L6.B1       12762.12267   0.0149324414844               0.0      1.0075508917               0.0    0.106752162765  -0.0064550553626   0.0064550553626   -0.106752162765
      BPM.16L6.B1       12815.57415   0.0166657893937               0.0     1.00843851834               0.0   0.0743425292396    0.066198642901   -0.066198642901  -0.0743425292396
      BPM.15L6.B1       12869.02564    0.023702004987               0.0     1.01206592114               0.0    0.137907876117    0.160149062101   -0.160149062101   -0.137907876117
      BPM.14L6.B1       12922.47712   0.0139659071304               0.0     1.00705695781               0.0    0.244133187082  -0.0190191328308   0.0190191328308   -0.244133187082
      BPM.13L6.B1       12975.92861   0.0189255032294               0.0     1.00959922113               0.0    0.100947728291   0.0342661700471  -0.0342661700471   -0.100947728291
      BPM.12L6.B1       13029.38009   0.0219185851447               0.0     1.01114280679               0.0   0.0783941954847   0.0871779179301  -0.0871779179301  -0.0783941954847
      BPM.11L6.B1       13082.83158   0.0298293554594               0.0     1.01525686595               0.0    0.225605824028   0.0911710703468  -0.0911710703468   -0.225605824028
      BPM.10L6.B1       13134.67226   0.0255166295002               0.0     1.01300778711               0.0    0.223199791295  -0.0144590823339   0.0144590823339   -0.223199791295
       BPM.9L6.B1       13173.73925   0.0175141463602               0.0     1.00887380769               0.0    0.125600867078  -0.0349065623237   0.0349065623237   -0.125600867078
       BPM.8L6.B1       13214.20424   0.0179688646814               0.0     1.00910735441               0.0   0.0846815281295  -0.0143684679663   0.0143684679663  -0.0846815281295
     BPMYA.5L6.B1       13311.29423   0.0427331818988               0.0     1.02207672239               0.0    0.398943281196    0.086683011768   -0.086683011768   -0.398943281196
     BPMYB.4L6.B1       13347.69423   0.0189397030395               0.0     1.00960652754               0.0    0.223313657903   -0.109937562774    0.109937562774   -0.223313657903
     BPMSE.4L6.B1       13476.94473   0.0122468812787               0.0     1.00618026567               0.0   0.0807391480019   0.0523138899953  -0.0523138899953  -0.0807391480019
     BPMSA.4R6.B1       13568.51473    0.018551945041               0.0     1.00940706631               0.0   0.0785525086315   0.0707408339372  -0.0707408339372  -0.0785525086315
     BPMYA.4R6.B1       13691.29423   0.0157380989383               0.0     1.00796316756               0.0   0.0696983513346    0.109124101802   -0.109124101802  -0.0696983513346
     BPMYB.5R6.B1       13727.69423   0.0223048215785               0.0     1.01134251199               0.0    0.110499606766   0.0859393571459  -0.0859393571459   -0.110499606766
       BPM.8R6.B1       13823.42122   0.0158792423497               0.0     1.00803544643               0.0   0.0983026962225    0.101380236027   -0.101380236027  -0.0983026962225
      BPM.10R6.B1        13902.9532    0.015162723702               0.0     1.00766868146               0.0  -0.0484923346975    0.208821043759   -0.208821043759   0.0484923346975
      BPM.11R6.B1       13954.79389   0.0144123476648               0.0     1.00728501472               0.0   0.0896269968736    0.164513732578   -0.164513732578  -0.0896269968736
      BPM.12R6.B1       14009.52037    0.027154950655               0.0     1.01386040693               0.0   0.0232544686544    0.153701853085   -0.153701853085  -0.0232544686544
      BPM.13R6.B1       14062.97186   0.0165281650319               0.0     1.00836795681               0.0  -0.0469043555254    0.098868073214   -0.098868073214   0.0469043555254
      BPM.14R6.B1       14116.42334   0.0198110610034               0.0      1.0100551825               0.0  -0.0265048656278    0.233579768627   -0.233579768627   0.0265048656278
      BPM.15R6.B1       14169.87483   0.0189676339658               0.0     1.00962089967               0.0   0.0764343666535    0.159641049124   -0.159641049124  -0.0764343666535
      BPM.16R6.B1       14223.32631   0.0169506749768               0.0     1.00858462942               0.0   0.0451104681891    0.103000428702   -0.103000428702  -0.0451104681891
      BPM.17R6.B1       14276.77779   0.0178509227393               0.0     1.00904676297               0.0  -0.0134720512532    0.105908916028   -0.105908916028   0.0134720512532
      BPM.19R6.B1       14383.68076   0.0049344815136               0.0     1.00247640938               0.0    0.135830378491   0.0858064878317  -0.0858064878317   -0.135830378491
      BPM.20R6.B1       14437.13225   0.0115809414361               0.0     1.00584125539               0.0 -0.00838521838906   0.0691000354445  -0.0691000354445  0.00838521838906
      BPM.21R6.B1       14490.58373    0.017031605717               0.0     1.00862614846               0.0   0.0050573563809    0.133015534907   -0.133015534907  -0.0050573563809
      BPM.22R6.B1       14544.03522   0.0206438778857               0.0     1.01048455249               0.0   0.0212664802532    0.238001485452   -0.238001485452  -0.0212664802532
      BPM.23R6.B1        14597.4867   0.0300373078699               0.0     1.01536569168               0.0    0.153334486794    0.147882858932   -0.147882858932   -0.153334486794
      BPM.24R6.B1       14650.93818   0.0156026893946               0.0      1.0078938396               0.0     0.10068967646   0.0776388308404  -0.0776388308404    -0.10068967646
      BPM.25R6.B1       14704.38967   0.0162678475602               0.0     1.00823452965               0.0  -0.0166795672542    0.111988143598   -0.111988143598   0.0166795672542
      BPM.26R6.B1       14757.84115    0.018647613315               0.0     1.00945626672               0.0   0.0369010780747    0.226052008796   -0.226052008796  -0.0369010780747
      BPM.27R6.B1       14811.29264   0.0263505296925               0.0     1.01344149894               0.0     0.14670424783    0.212181599336   -0.212181599336    -0.14670424783
      BPM.29R6.B1        14918.1956   0.0270117385569               0.0      1.0137857902               0.0   0.0060837706601    0.133240192434   -0.133240192434  -0.0060837706601
      BPM.30R6.B1       14971.64709   0.0245795360418               0.0     1.01252106825               0.0   0.0262307377604    0.232095169833   -0.232095169833  -0.0262307377604
      BPM.31R6.B1       15025.09857   0.0214956433635               0.0     1.01092425857               0.0    0.149313489676    0.196591961266   -0.196591961266   -0.149313489676
      BPM.33R6.B1       15132.00154   0.0117498570172               0.0     1.00592721288               0.0  -0.0176642508513   0.0811948760671  -0.0811948760671   0.0176642508513
      BPM.34R6.B1       15185.45302    0.025404784553               0.0     1.01294965885               0.0 -0.00900876817107    0.291196109912   -0.291196109912  0.00900876817107
      BPM.33L7.B1       15238.90451   0.0245109653951               0.0     1.01248548074               0.0    0.157154968575    0.176292699366   -0.176292699366   -0.157154968575
      BPM.32L7.B1       15292.35599   0.0181637681961               0.0     1.00920750798               0.0   0.0675792039341   0.0625119772703  -0.0625119772703  -0.0675792039341
      BPM.31L7.B1       15345.80748   0.0122633922634               0.0     1.00618867528               0.0   0.0213039649099   0.0745324608676  -0.0745324608676  -0.0213039649099
      BPM.30L7.B1       15399.25896   0.0158862015345               0.0     1.00803901059               0.0  -0.0017968505791    0.245523317859   -0.245523317859   0.0017968505791
      BPM.29L7.B1       15452.71045   0.0252633907755               0.0     1.01287618773               0.0    0.164130112655    0.177210417303   -0.177210417303   -0.164130112655
      BPM.28L7.B1       15506.16193   0.0147207431978               0.0     1.00744264409               0.0    0.108511954838   0.0379920637362  -0.0379920637362   -0.108511954838
      BPM.27L7.B1       15559.61341   0.0286581947467               0.0     1.01464462648               0.0 -0.00406601360597    0.217115517795   -0.217115517795  0.00406601360597
      BPM.26L7.B1        15613.0649   0.0288781789732               0.0     1.01475954161               0.0   0.0741514488006    0.224528267706   -0.224528267706  -0.0741514488006
      BPM.25L7.B1       15666.51638   0.0302876438882               0.0     1.01549674405               0.0    0.195119924866    0.154209798211   -0.154209798211   -0.195119924866
      BPM.24L7.B1       15719.96787   0.0239096743772               0.0     1.01217357712               0.0    0.103500412167   0.0573883560992  -0.0573883560992   -0.103500412167
      BPM.23L7.B1       15773.41935   0.0263970652665               0.0     1.01346571853               0.0     0.01605004768    0.191996052347   -0.191996052347    -0.01605004768
      BPM.22L7.B1       15826.87083    0.025749867239               0.0     1.01312903806               0.0    0.091913596774    0.276563843021   -0.276563843021   -0.091913596774
      BPM.21L7.B1       15880.32232   0.0312617848813               0.0      1.0160071959               0.0    0.171035748525    0.120440553321   -0.120440553321   -0.171035748525
      BPM.20L7.B1        15933.7738   0.0316373766974               0.0     1.01620421249               0.0   0.0311739737707     0.11839071898    -0.11839071898  -0.0311739737707
      BPM.19L7.B1       15987.22529   0.0219266705984               0.0      1.0111469862               0.0    0.041410779175    0.177729659669   -0.177729659669   -0.041410779175
      BPM.18L7.B1       16040.67677   0.0274629139701               0.0      1.0140209186               0.0    0.140135032363    0.252651932677   -0.252651932677   -0.140135032363
      BPM.17L7.B1       16094.12825   0.0270002674592               0.0     1.01377981421               0.0    0.178746962581   0.0905500096639  -0.0905500096639   -0.178746962581
      BPM.16L7.B1       16147.57974   0.0235275923847               0.0     1.01197553203               0.0  0.00720361037594    0.100021351551   -0.100021351551 -0.00720361037594
      BPM.15L7.B1       16201.03122   0.0279425575614               0.0     1.01427106259               0.0   0.0972039588205    0.192864315965   -0.192864315965  -0.0972039588205
      BPM.14L7.B1       16254.48271   0.0280198668013               0.0     1.01431139827               0.0    0.172333889616    0.216492507762   -0.216492507762   -0.172333889616
      BPM.13L7.B1       16307.93419    0.022436932327               0.0     1.01141084759               0.0    0.187055492859   0.0559284409765  -0.0559284409765   -0.187055492859
      BPM.12L7.B1       16361.38567    0.020903026889               0.0       1.010618272               0.0   0.0214838876725   0.0948721852919  -0.0948721852919  -0.0214838876725
      BPM.11L7.B1       16414.83716   0.0190621195765               0.0      1.0096695227               0.0   0.0620581810811     0.16717865122    -0.16717865122  -0.0620581810811
      BPM.10L7.B1       16467.61985   0.0242649217993               0.0     1.01235781736               0.0    0.106436435538    0.269772232903   -0.269772232903   -0.106436435538
       BPM.9L7.B1       16506.68684   0.0301716328813               0.0      1.0154360053               0.0    0.128416488695    0.169963090032   -0.169963090032   -0.128416488695
       BPM.7L7.B1       16586.21782   0.0116359944934               0.0     1.00586926829               0.0   -0.232335845837   0.0843120158168  -0.0843120158168    0.232335845837
       BPM.6L7.B1       16621.03582     0.41703384941               0.0     1.30971961182               0.0     1.72726297075     2.40535964955    -2.40535964955    -1.72726297075
     BPMWC.6L7.B1       16633.13832   0.0245141615885               0.0     1.01248713945               0.0    -0.08887920553    0.218401295391   -0.218401295391     0.08887920553
     BPMWE.5L7.B1       16710.19232   0.0155832179153               0.0     1.00788387162               0.0  -0.0394342328722    0.044808755922   -0.044808755922   0.0394342328722
      BPMW.5L7.B1       16733.39732   0.0364677509624               0.0     1.01874824257               0.0   -0.106559777546   0.0807508317422  -0.0807508317422    0.106559777546
     BPMWE.4L7.B1       16768.48232  0.00645592800588               0.0     1.00324367819               0.0   -0.127814107783  -0.0713435397618   0.0713435397618    0.127814107783
      BPMW.4L7.B1       16796.58732   0.0378128996698               0.0     1.01946010478               0.0   -0.169575913764   0.0143160746304  -0.0143160746304    0.169575913764
      BPMW.4R7.B1       16912.63432   0.0286538342632               0.0     1.01464234905               0.0    -0.21685595238   0.0898613681472  -0.0898613681472     0.21685595238
     BPMWE.4R7.B1       16940.73932   0.0256508698769               0.0     1.01307756798               0.0  -0.0633400011914    0.136691744117   -0.136691744117   0.0633400011914
      BPMW.5R7.B1       16975.82432   0.0559077568726               0.0      1.0291834298               0.0   -0.286333936256 -0.00581940326262  0.00581940326262    0.286333936256
     BPMWE.5R7.B1       16999.02932   0.0276093366077               0.0     1.01409726139               0.0   -0.187033720858    0.144681892959   -0.144681892959    0.187033720858
      BPMR.6R7.B1       17078.24482   0.0294477740705               0.0     1.01505726761               0.0  -0.0739567488426    0.121790224288   -0.121790224288   0.0739567488426
     BPM_A.7R7.B1       17116.28082   0.0256989033725               0.0     1.01310254027               0.0  -0.0927793537791   0.0486131687169  -0.0486131687169   0.0927793537791
       BPM.9R7.B1        17194.4138   0.0198675083204               0.0     1.01008426739               0.0   -0.233324248391 -0.00900937051148  0.00900937051148    0.233324248391
      BPM.10R7.B1       17234.87878   0.0136700196541               0.0     1.00690589382               0.0   -0.101388832794 -0.00441075044454  0.00441075044454    0.101388832794
      BPM.11R7.B1       17287.66147   0.0295291836139               0.0      1.0150998416               0.0  -0.0398343447897    -0.19221738287     0.19221738287   0.0398343447897
      BPM.12R7.B1       17342.38796   0.0245428189967               0.0     1.01250201199               0.0   -0.193047800556   -0.158671470997    0.158671470997    0.193047800556
      BPM.13R7.B1       17395.83944   0.0278396296452               0.0     1.01421736797               0.0   -0.209211719335  -0.0926688869978   0.0926688869978    0.209211719335
      BPM.14R7.B1       17449.29093   0.0281231786925               0.0     1.01436530821               0.0   -0.110190489112   -0.041515114444    0.041515114444    0.110190489112
      BPM.15R7.B1       17502.74241   0.0282772415112               0.0     1.01444571684               0.0  -0.0744211229268   -0.186859292614    0.186859292614   0.0744211229268
      BPM.16R7.B1       17556.19389   0.0248094131946               0.0     1.01264039966               0.0   -0.190356665706   -0.143123874796    0.143123874796    0.190356665706
      BPM.17R7.B1       17609.64538    0.024521978318               0.0     1.01249119609               0.0   -0.216986796217  -0.0940071409863   0.0940071409863    0.216986796217
      BPM.18R7.B1       17663.09686   0.0247280138615               0.0     1.01259813967               0.0  -0.0998308934547  -0.0314995276934   0.0314995276934   0.0998308934547
      BPM.19R7.B1       17716.54835     0.02971338517               0.0     1.01519619153               0.0  -0.0952293393104   -0.162647020089    0.162647020089   0.0952293393104
      BPM.20R7.B1       17769.99983   0.0386848793877               0.0     1.01992236061               0.0   -0.224727077099   -0.154777180152    0.154777180152    0.224727077099
      BPM.21R7.B1       17823.45131   0.0212315104517               0.0      1.0107878441               0.0   -0.235074867101  -0.0212158671318   0.0212158671318    0.235074867101
      BPM.22R7.B1        17876.9028   0.0388681127315               0.0     1.02001957665               0.0   -0.119787254367  -0.0664706648382   0.0664706648382    0.119787254367
      BPM.23R7.B1       17930.35428   0.0311330223203               0.0     1.01593967991               0.0   -0.128690771271    -0.12020068662     0.12020068662    0.128690771271
      BPM.24R7.B1       17983.80577   0.0204839204103               0.0     1.01040204177               0.0   -0.217770645692    -0.12213940286     0.12213940286    0.217770645692
      BPM.25R7.B1       18037.25725   0.0356513107647               0.0     1.01831690319               0.0    -0.20376102419  -0.0665430668068   0.0665430668068     0.20376102419
      BPM.26R7.B1       18090.70874   0.0266354107286               0.0      1.0135897934               0.0   -0.107250415341  -0.0783704620847   0.0783704620847    0.107250415341
      BPM.27R7.B1       18144.16022   0.0617079373935               0.0     1.03235954792               0.0   -0.197597949444   -0.021048533529    0.021048533529    0.197597949444
      BPM.28R7.B1        18197.6117   0.0281270827662               0.0      1.0143673456               0.0   -0.208235882517  -0.0776032810598   0.0776032810598    0.208235882517
      BPM.29R7.B1       18251.06319   0.0325841111748               0.0      1.0167013308               0.0   -0.239815471589  -0.0322115725467   0.0322115725467    0.239815471589
      BPM.30R7.B1       18304.51467   0.0289998529089               0.0     1.01482311828               0.0   -0.136111361685 -0.00692038202882  0.00692038202882    0.136111361685
      BPM.31R7.B1       18357.96616   0.0315733278642               0.0     1.01617060758               0.0    -0.13254760124   -0.120288012602    0.120288012602     0.13254760124
      BPM.32R7.B1       18411.41764   0.0156488968261               0.0     1.00791749561               0.0   -0.184484866228  -0.0937035923795   0.0937035923795    0.184484866228
      BPM.33R7.B1       18464.86912    0.038279886497               0.0     1.01970758669               0.0   -0.237439529551  -0.0221046739345   0.0221046739345    0.237439529551
      BPM.34R7.B1       18518.32061   0.0220886991609               0.0     1.01123075039               0.0   -0.142166474345   0.0420318944645  -0.0420318944645    0.142166474345
      BPM.33L8.B1       18571.77209   0.0212086769991               0.0     1.01077605409               0.0   -0.100416789144   -0.106305480444    0.106305480444    0.100416789144
      BPM.32L8.B1       18625.22358   0.0176160966603               0.0     1.00892615602               0.0    -0.19366721657  -0.0817702428656   0.0817702428656     0.19366721657
      BPM.31L8.B1       18678.67506   0.0299607525094               0.0     1.01532562463               0.0   -0.189895870411 -0.00901870330642  0.00901870330642    0.189895870411
      BPM.30L8.B1       18732.12654   0.0254125080509               0.0      1.0129536726               0.0   -0.139186311034  0.00334763547256 -0.00334763547256    0.139186311034
      BPM.29L8.B1       18785.57803   0.0267724613689               0.0     1.01366115813               0.0   -0.147041768358   -0.122685054633    0.122685054633    0.147041768358
      BPM.28L8.B1       18839.02951    0.035930513751               0.0     1.01846434927               0.0   -0.227986258066  -0.0826781819801   0.0826781819801    0.227986258066
      BPM.27L8.B1         18892.481   0.0289929301173               0.0     1.01481950068               0.0   -0.222430579169   0.0495876731282  -0.0495876731282    0.222430579169
      BPM.26L8.B1       18945.93248   0.0345091924487               0.0     1.01771442073               0.0   -0.129512282375 -0.00764489045228  0.00764489045228    0.129512282375
      BPM.25L8.B1       18999.38397   0.0288008422709               0.0     1.01471913809               0.0   -0.176118946762  -0.0955590619291   0.0955590619291    0.176118946762
      BPM.24L8.B1       19052.83545   0.0271712933176               0.0     1.01386892288               0.0    -0.25715672722  -0.0391607295581   0.0391607295581     0.25715672722
      BPM.23L8.B1       19106.28693   0.0202515722363               0.0     1.01028222581               0.0   -0.204299907686   0.0824850386664  -0.0824850386664    0.204299907686
      BPM.22L8.B1       19159.73842   0.0247575484069               0.0     1.01261347247               0.0  -0.0867022991827  0.00974166188857 -0.00974166188857   0.0867022991827
      BPM.21L8.B1        19213.1899     0.02486060648               0.0     1.01266698033               0.0   -0.166602393103  -0.0833480426426   0.0833480426426    0.166602393103
      BPM.20L8.B1       19266.64139   0.0309081484398               0.0      1.0158218007               0.0    -0.29249969465  -0.0408650863382   0.0408650863382     0.29249969465
      BPM.19L8.B1       19320.09287   0.0258927022695               0.0     1.01320331376               0.0   -0.205212599668    0.141169044912   -0.141169044912    0.205212599668
      BPM.18L8.B1       19373.54435   0.0186864277041               0.0     1.00947623028               0.0  -0.0702650575532   0.0098453964776  -0.0098453964776   0.0702650575532
      BPM.17L8.B1       19426.99584   0.0182075640126               0.0     1.00923001711               0.0   -0.184873659457  -0.0915825989171   0.0915825989171    0.184873659457
      BPM.16L8.B1       19480.44732   0.0355896891382               0.0     1.01828436965               0.0   -0.293008077253   0.0975458121702  -0.0975458121702    0.293008077253
      BPM.15L8.B1       19533.89881   0.0331427782599               0.0     1.01699502232               0.0   -0.183904585413   0.0924886740107  -0.0924886740107    0.183904585413
      BPM.14L8.B1       19587.35029   0.0297046372912               0.0     1.01519161517               0.0   -0.111219013167 -0.00423004945307  0.00423004945307    0.111219013167
      BPM.13L8.B1       19640.80177   0.0298082256572               0.0     1.01524581025               0.0    -0.25447218643  -0.0900914107828   0.0900914107828     0.25447218643
      BPM.12L8.B1       19694.25326    0.030968194706               0.0     1.01585327303               0.0   -0.257640253409   0.0358574388719  -0.0358574388719    0.257640253409
      BPM.11L8.B1       19747.70474   0.0242235190754               0.0     1.01233633969               0.0   -0.164054196465   0.0784328211142  -0.0784328211142    0.164054196465
      BPM.10L8.B1       19799.54543   0.0257103575874               0.0     1.01310849551               0.0   -0.096712458163  -0.0178913383636   0.0178913383636    0.096712458163
       BPM.9L8.B1       19838.61242   0.0273235972704               0.0     1.01394829676               0.0   -0.168645521816  -0.0986662098278   0.0986662098278    0.168645521816
       BPM.8L8.B1       19879.07741   0.0330962508351               0.0     1.01697055312               0.0   -0.206888535488    -0.17642437051     0.17642437051    0.206888535488
       BPM.7L8.B1        19918.1454   0.0146710936368               0.0     1.00741726185               0.0   -0.116796709376  -0.0265175159705   0.0265175159705    0.116796709376
      BPMR.6L8.B1        19950.6144 -0.00017478941929                -1    0.999912616745                -1   -0.056365958446    0.127697950418   -0.127697950418    0.056365958446
       BPM.5L8.B1        20011.0334   0.0723914763369               0.0     1.03828752181               0.0    -0.25265608914    0.236958016108   -0.236958016108     0.25265608914
     BPMYB.4L8.B1        20031.8004  -0.0219221465472                -1     0.98921591405                -1   -0.266296903211   0.0314438759703  -0.0314438759703    0.266296903211
     BPMWB.4L8.B1        20056.1919   0.0470251315859               0.0     1.02437571997               0.0   -0.186736506028   -0.129585555915    0.129585555915    0.186736506028
      BPMS.2L8.B1        20144.3364   0.0672777657305               0.0     1.03543737031               0.0   -0.224866570075   -0.250962226332    0.250962226332    0.224866570075
     BPMSW.1L8.B1        20154.2704  0.00997612818306               0.0     1.00502569827               0.0   -0.216624555558   0.0237846287469  -0.0237846287469    0.216624555558
     BPMSW.1R8.B1        20197.4604   -0.233821998468                -1     0.90027200482                -1   -0.824568676107    -1.29548434231     1.29548434231    0.824568676107
      BPMS.2R8.B1        20207.3944  -0.0813101842635                -1        0.96166731                -1   -0.285984683701    0.409638522325   -0.409638522325    0.285984683701
     BPMSX.4R8.B1        20245.3059   0.0397479235368               0.0     1.02048675543               0.0   -0.174992335159    -0.15548239708     0.15548239708    0.174992335159
     BPMWB.4R8.B1        20295.4629   0.0482296495109               0.0     1.02502371703               0.0   -0.160570132836   -0.149266115434    0.149266115434    0.160570132836
     BPMYB.4R8.B1        20319.9304  -0.0157275517642                -1    0.992227783352                -1  -0.0900459159342    0.119101449866   -0.119101449866   0.0900459159342
     BPMYB.5R8.B1        20340.5074   0.0383033574316               0.0     1.01972002998               0.0   -0.115588134406   -0.120091185735    0.120091185735    0.115588134406
       BPM.6R8.B1        20424.6154    0.059699434397               0.0     1.03125638699               0.0  -0.0594584719084   -0.434526649373    0.434526649373   0.0594584719084
     BPM_A.7R8.B1        20446.8554    0.041279462987               0.0     1.02130153511               0.0  -0.0647402038027   -0.240317792513    0.240317792513   0.0647402038027
       BPM.8R8.B1       20488.29241   0.0286095880527               0.0     1.01461924063               0.0   -0.107031533775   -0.135817512288    0.135817512288    0.107031533775
       BPM.9R8.B1       20527.35742   0.0508480041315               0.0     1.02643657144               0.0   0.0147483552162   -0.313745822825    0.313745822825  -0.0147483552162
      BPM.10R8.B1       20567.82043   0.0554918022158               0.0     1.02895678233               0.0   0.0102216857887   -0.262362423488    0.262362423488  -0.0102216857887
      BPM.11R8.B1       20619.65914   0.0228382504921               0.0     1.01161851836               0.0   -0.156037021687   -0.119689057599    0.119689057599    0.156037021687
      BPM.12R8.B1       20674.38266    0.030951339935               0.0     1.01584443856               0.0 -0.00196787018414   -0.124661209178    0.124661209178  0.00196787018414
      BPM.13R8.B1       20727.83117   0.0322920385743               0.0     1.01654788935               0.0   0.0270327747973   -0.241721399031    0.241721399031  -0.0270327747973
      BPM.14R8.B1       20781.27969   0.0365791919699               0.0     1.01880716129               0.0  -0.0874183564925   -0.267687912956    0.267687912956   0.0874183564925
      BPM.15R8.B1       20834.72821   0.0182903635146               0.0     1.00927257652               0.0   -0.169728411071   -0.186058081873    0.186058081873    0.169728411071
      BPM.16R8.B1       20888.17672   0.0266575754915               0.0     1.01360133397               0.0    0.026550505287   -0.103606499226    0.103606499226   -0.026550505287
      BPM.17R8.B1       20941.62524    0.026166957592               0.0      1.0133459752               0.0   0.0144949002282   -0.213334557351    0.213334557351  -0.0144949002282
      BPM.18R8.B1       20995.07375   0.0321958816346               0.0     1.01649738814               0.0  -0.0291892573985   -0.289115404442    0.289115404442   0.0291892573985
      BPM.19R8.B1       21048.52227   0.0104236384888               0.0     1.00525292102               0.0   -0.132150789806   -0.115637688707    0.115637688707    0.132150789806
      BPM.20R8.B1       21101.97079   0.0351033266093               0.0     1.01802770083               0.0   0.0866493607513   -0.131334847134    0.131334847134  -0.0866493607513
      BPM.21R8.B1        21155.4193   0.0216585136574               0.0     1.01100840234               0.0   0.0966397892929   -0.159033294542    0.159033294542  -0.0966397892929
      BPM.22R8.B1       21208.86782    0.133650804857               0.0     1.07436910693               0.0   -0.140410690094   -0.720913996304    0.720913996304    0.140410690094
      BPM.23R8.B1       21262.31633   0.0306986255214               0.0     1.01571200541               0.0  -0.0931169601927   -0.173107466444    0.173107466444   0.0931169601927
      BPM.24R8.B1       21315.76485   0.0283872206953               0.0     1.01450312899               0.0   0.0434956049496   -0.110128118089    0.110128118089  -0.0434956049496
      BPM.25R8.B1       21369.21337   0.0384666663433               0.0     1.01980662204               0.0   0.0666558304018   -0.278188279636    0.278188279636  -0.0666558304018
      BPM.26R8.B1       21422.66188   0.0321223258831               0.0     1.01645876206               0.0  -0.0509355207067   -0.254278410591    0.254278410591   0.0509355207067
      BPM.27R8.B1        21476.1104   0.0251069821002               0.0     1.01279493319               0.0  -0.0747714882168   -0.129060469153    0.129060469153   0.0747714882168
      BPM.29R8.B1       21583.00743   0.0260013695217               0.0     1.01325983281               0.0   0.0492173113401   -0.240737899778    0.240737899778  -0.0492173113401
      BPM.30R8.B1       21636.45594   0.0202833278165               0.0     1.01029859883               0.0  -0.0459025503629   -0.254049980582    0.254049980582   0.0459025503629
      BPM.31R8.B1       21689.90446   0.0523141750439               0.0     1.02723026793               0.0  -0.0778271035526    -0.19437017962     0.19437017962   0.0778271035526
      BPM.32R8.B1       21743.35298   0.0182192892505               0.0     1.00923604362               0.0   0.0202340894962  -0.0775679999306   0.0775679999306  -0.0202340894962
      BPM.33R8.B1       21796.80149   0.0329928720261               0.0     1.01691619157               0.0   0.0169308218675   -0.293987495926    0.293987495926  -0.0169308218675
      BPM.34R8.B1       21850.25001   0.0363186724939               0.0     1.01866944095               0.0  -0.0205380921755   -0.273636222619    0.273636222619   0.0205380921755
      BPM.33L1.B1       21903.69852   0.0112753927627               0.0     1.00568582424               0.0   -0.113098274199  -0.0740921352985   0.0740921352985    0.113098274199
      BPM.32L1.B1       21957.14704   0.0343313611043               0.0     1.01762070854               0.0   0.0691277648443   -0.167198617958    0.167198617958  -0.0691277648443
      BPM.31L1.B1       22010.59556    0.026113011726               0.0     1.01331790902               0.0   0.0321967633026   -0.228782967878    0.228782967878  -0.0321967633026
      BPM.30L1.B1       22064.04407    0.015902929645               0.0      1.0080475781               0.0   -0.100961285973   -0.243786977404    0.243786977404    0.100961285973
      BPM.29L1.B1       22117.49259      0.0241229336               0.0     1.01228416665               0.0   -0.117640268419   -0.123653215827    0.123653215827    0.117640268419
      BPM.28L1.B1        22170.9411   0.0308284078197               0.0     1.01578001041               0.0   0.0818883596231   -0.133786941493    0.133786941493  -0.0818883596231
      BPM.27L1.B1       22224.38962   0.0250151316086               0.0     1.01274722583               0.0   0.0298390211627   -0.226950953648    0.226950953648  -0.0298390211627
      BPM.26L1.B1       22277.83814   0.0282541509777               0.0     1.01443366419               0.0  -0.0384047979846   -0.274254908767    0.274254908767   0.0384047979846
      BPM.25L1.B1       22331.28665   0.0299797194384               0.0     1.01533555098               0.0   -0.110534215765   -0.156227822279    0.156227822279    0.110534215765
      BPM.24L1.B1       22384.73517   0.0262591780025               0.0     1.01339395972               0.0   0.0744571801014   -0.111653179188    0.111653179188  -0.0744571801014
      BPM.23L1.B1       22438.18368   0.0272130878057               0.0     1.01389070241               0.0 -0.00309510274943   -0.238996620696    0.238996620696  0.00309510274943
      BPM.22L1.B1        22491.6322   0.0383532274869               0.0     1.01974647047               0.0  -0.0400234778163   -0.269008803176    0.269008803176   0.0400234778163
      BPM.21L1.B1       22545.08071   0.0307938489961               0.0      1.0157619005               0.0   -0.105864431891   -0.154662391036    0.154662391036    0.105864431891
      BPM.20L1.B1       22598.52923   0.0336200321367               0.0     1.01724611657               0.0  0.00980834799624   -0.144835829328    0.144835829328 -0.00980834799624
      BPM.19L1.B1       22651.97775    0.031766642696               0.0     1.01627204545               0.0   0.0305946254046   -0.211824336653    0.211824336653  -0.0305946254046
      BPM.18L1.B1       22705.42626   0.0320049249608               0.0     1.01639712083               0.0  -0.0551882492457   -0.277613149181    0.277613149181   0.0551882492457
      BPM.17L1.B1       22758.87478  0.00326972741344               0.0     1.00163888383               0.0   -0.157879138048  -0.0443985127771   0.0443985127771    0.157879138048
      BPM.16L1.B1       22812.32329   0.0352617945125               0.0     1.01811130802               0.0    0.111754327634   -0.152502193848    0.152502193848   -0.111754327634
      BPM.15L1.B1       22865.77181   0.0340024612759               0.0     1.01744745563               0.0   0.0486520259743    -0.24956182934     0.24956182934  -0.0486520259743
      BPM.14L1.B1       22919.22033   0.0374773359398               0.0     1.01928238239               0.0  -0.0451097915711   -0.296299283447    0.296299283447   0.0451097915711
      BPM.13L1.B1       22972.66884    0.022989757654               0.0     1.01169695229               0.0   -0.116335593576   -0.136298579992    0.136298579992    0.116335593576
      BPM.12L1.B1       23026.11736    0.040493417168               0.0      1.0208831147               0.0   0.0480953079043   -0.157274036881    0.157274036881  -0.0480953079043
      BPM.11L1.B1       23079.56587   0.0320835210899               0.0      1.0164383864               0.0    0.137667056327   -0.263617774748    0.263617774748   -0.137667056327
      BPM.10L1.B1       23132.34658   0.0250289542393               0.0      1.0127544049               0.0  -0.0445718391157   -0.263404001401    0.263404001401   0.0445718391157
       BPM.9L1.B1        23171.4116   0.0367499144324               0.0     1.01889744188               0.0   0.0143937329403   -0.235293614486    0.235293614486  -0.0143937329403
       BPM.8L1.B1       23211.87461   0.0289885519113               0.0     1.01481721282               0.0    0.141808838836    -0.10655903936     0.10655903936   -0.141808838836
      BPMR.7L1.B1       23250.94062   0.0348692787057               0.0     1.01790425554               0.0    0.108880078761   -0.277164819285    0.277164819285   -0.108880078761
       BPM.6L1.B1       23294.12462   0.0326324287185               0.0      1.0167267213               0.0   -0.262995869397    0.112778594313   -0.112778594313    0.262995869397
      BPMR.5L1.B1       23326.02462    0.495529551078               0.0     1.40793347386               0.0   -0.489389011298    -1.69534430775     1.69534430775    0.489389011298
     BPMYA.4L1.B1       23347.14262  -0.0365238995218                -1    0.982223543723                -1  -0.0325406746583    0.822922077807   -0.822922077807   0.0325406746583
     BPMWB.4L1.B1       23368.27512   0.0322483439386               0.0     1.01652494019               0.0   -0.616003206941    0.170953299179   -0.170953299179    0.616003206941
     BPMSY.4L1.B1       23461.05512     1.38802613318                -1                -1                -1                -1                -1                -1                -1
      BPMS.2L1.B1       23487.84062    0.311875144916               0.0     1.20549767629               0.0   -0.315229448915    -2.75803887537     2.75803887537    0.315229448915
     BPMSW.1L1.B1       23497.79062   0.0415418924934               0.0     1.02144134368               0.0   0.0113394496224    0.794010750024   -0.794010750024  -0.0113394496224
     BPMSW.1R1.B1       23540.93362    0.147369390846               0.0     1.08297776532               0.0  -0.0596466752111     2.16531924474    -2.16531924474   0.0596466752111
      BPMS.2R1.B1       23550.89862    -3.13475935873                -1    0.491784549808                -1     2.61731120516     0.50419765943    -0.50419765943    -2.61731120516
     BPMSY.4R1.B1       23577.68412   0.0335847395857               0.0     1.01722754198               0.0   -0.236382324376    0.172052467259   -0.172052467259    0.236382324376
     BPMWB.4R1.B1       23670.46412   0.0700866166748               0.0     1.03699998698               0.0   -0.118672591853    0.448561986382   -0.448561986382    0.118672591853
     BPMYA.4R1.B1       23691.59662   0.0319314545028               0.0     1.01635855095               0.0   -0.266365148869   -0.106455220273    0.106455220273    0.266365148869
       BPM.5R1.B1       23719.00462   0.0264135087768               0.0     1.01347427702               0.0   -0.147225268949    0.186739333053   -0.186739333053    0.147225268949
      BPMR.6R1.B1       23750.90462   0.0548381924925               0.0     1.02860094248               0.0   0.0700358952388   -0.197599803167    0.197599803167  -0.0700358952388
     BPMSX.7R1.B1       23757.12012    0.033627541495               0.0      1.0172500689               0.0     0.11792988429    -0.24490513139     0.24490513139    -0.11792988429
     BPM_A.7R1.B1       23778.62862    0.032834599423               0.0     1.01683298111               0.0  -0.0264762806167   -0.231385187247    0.231385187247   0.0264762806167
       BPM.8R1.B1       23820.06761   0.0215381343057               0.0     1.01094620867               0.0   -0.161681468452  -0.0762650937945   0.0762650937945    0.161681468452
       BPM.9R1.B1        23859.1346   0.0267987513132               0.0      1.0136748495               0.0   0.0834400143831   -0.148469582861    0.148469582861  -0.0834400143831
      BPM.10R1.B1       23899.59958   0.0329611766485               0.0     1.01689952636               0.0   0.0680349374666   -0.221452472607    0.221452472607  -0.0680349374666
      BPM.11R1.B1       23952.38227   0.0344904716403               0.0     1.01770455416               0.0 -0.000220773498628   -0.249527136978    0.249527136978 0.000220773498628
      BPM.12R1.B1       24007.10876   0.0267929277769               0.0     1.01367181665               0.0   -0.031503846616   -0.146800813724    0.146800813724    0.031503846616
      BPM.13R1.B1       24060.56024   0.0392413110262               0.0     1.02021766625               0.0   0.0396515359628   -0.184917773487    0.184917773487  -0.0396515359628
      BPM.14R1.B1       24114.01173   0.0417752855562               0.0     1.02156573142               0.0   0.0334255619579   -0.244147511822    0.244147511822  -0.0334255619579
      BPM.15R1.B1       24167.46321   0.0402942638665               0.0     1.02077718494               0.0 -0.00507778296393   -0.242828262374    0.242828262374  0.00507778296393
      BPM.16R1.B1       24220.91469   0.0442933265172               0.0     1.02291062745               0.0  -0.0585734841421   -0.221929335573    0.221929335573   0.0585734841421
      BPM.17R1.B1       24274.36618   0.0295626718082               0.0     1.01511735616               0.0  -0.0316969810188   -0.132106826558    0.132106826558   0.0316969810188
      BPM.18R1.B1       24327.81766   0.0347182754826               0.0     1.01782463482               0.0   0.0372669277813   -0.229250689734    0.229250689734  -0.0372669277813
      BPM.19R1.B1       24381.26915   0.0337729588902               0.0     1.01732661421               0.0  -0.0307639981878   -0.244944233842    0.244944233842   0.0307639981878
      BPM.20R1.B1       24434.72063   0.0367869803901               0.0     1.01891704608               0.0  -0.0574796531848   -0.172996791439    0.172996791439   0.0574796531848
      BPM.21R1.B1       24488.17211   0.0353433757334               0.0     1.01815435805               0.0   0.0314133393401   -0.157289999755    0.157289999755  -0.0314133393401
      BPM.22R1.B1        24541.6236   0.0380439412202               0.0     1.01958252383               0.0   0.0283430270322   -0.254782229346    0.254782229346  -0.0283430270322
      BPM.23R1.B1       24595.07508   0.0334019339255               0.0     1.01713134701               0.0  -0.0390235652534   -0.216227934345    0.216227934345   0.0390235652534
      BPM.24R1.B1       24648.52657   0.0297880749751               0.0     1.01523526719               0.0  -0.0224642114825   -0.147563169362    0.147563169362   0.0224642114825
      BPM.25R1.B1       24701.97805   0.0374934647189               0.0     1.01929092244               0.0   0.0637635492587   -0.188013734808    0.188013734808  -0.0637635492587
      BPM.26R1.B1       24755.42954   0.0434951528165               0.0     1.02248374474               0.0 -0.00355827745984   -0.266613032653    0.266613032653  0.00355827745984
      BPM.27R1.B1       24808.88102   0.0374166790751               0.0     1.01925026701               0.0  -0.0140368486281   -0.229358365453    0.229358365453   0.0140368486281
      BPM.28R1.B1        24862.3325   0.0382201153384               0.0     1.01967590062               0.0  -0.0310162361573   -0.183357329382    0.183357329382   0.0310162361573
      BPM.29R1.B1       24915.78399    0.032390618926               0.0     1.01659967115               0.0   0.0442661680651   -0.158965236972    0.158965236972  -0.0442661680651
      BPM.30R1.B1       24969.23547   0.0235276031904               0.0     1.01197553763               0.0   0.0101278245399   -0.169757121968    0.169757121968  -0.0101278245399
      BPM.31R1.B1       25022.68696   0.0335836332501               0.0     1.01722695973               0.0  0.00122687036657   -0.229426323263    0.229426323263 -0.00122687036657
      BPM.32R1.B1       25076.13844   0.0302290419742               0.0     1.01546606105               0.0  -0.0332169605027   -0.139708943864    0.139708943864   0.0332169605027
      BPM.33R1.B1       25129.58992   0.0284737130317               0.0     1.01454828721               0.0   0.0288835379909   -0.131911371094    0.131911371094  -0.0288835379909
      BPM.34R1.B1       25183.04141   0.0200805759683               0.0     1.01019407467               0.0   -0.180800855286   0.0582119563765  -0.0582119563765    0.180800855286
      BPM.33L2.B1       25236.49289   0.0355035903819               0.0     1.01823891849               0.0  0.00152967572846   -0.220242240732    0.220242240732 -0.00152967572846
      BPM.32L2.B1       25289.94438   0.0308990242242               0.0     1.01581701864               0.0 -0.00225833592983   -0.140369013095    0.140369013095  0.00225833592983
      BPM.31L2.B1       25343.39586   0.0418809465268               0.0     1.02162205879               0.0    0.114696623803   -0.203239971604    0.203239971604   -0.114696623803
      BPM.30L2.B1       25396.84734    0.039268356972               0.0     1.02023202643               0.0 -0.00191637583525   -0.240306406215    0.240306406215  0.00191637583525
      BPM.29L2.B1       25450.29883   0.0466995686877               0.0     1.02420078707               0.0   0.0145558135176   -0.237872460027    0.237872460027  -0.0145558135176
      BPM.28L2.B1       25503.75031   0.0332179258971               0.0     1.01703454689               0.0  0.00163159811172   -0.144845558535    0.144845558535 -0.00163159811172
      BPM.27L2.B1        25557.2018   0.0352133227612               0.0     1.01808573228               0.0    0.124355207413   -0.167486722359    0.167486722359   -0.124355207413
      BPM.26L2.B1       25610.65328   0.0325438361439               0.0     1.01668016803               0.0   0.0592038234695   -0.217802443279    0.217802443279  -0.0592038234695
      BPM.25L2.B1       25664.10477   0.0425572277739               0.0     1.02198280196               0.0 0.000184954321265   -0.266972269036    0.266972269036 -0.000184954321265
      BPM.24L2.B1       25717.55625   0.0448560305911               0.0     1.02321189681               0.0  -0.0113482017991   -0.194000105484    0.194000105484   0.0113482017991
      BPM.23L2.B1       25771.00773   0.0324621241832               0.0     1.01663723602               0.0    0.114847271548   -0.134823590764    0.134823590764   -0.114847271548
      BPM.22L2.B1       25824.45922   0.0302325106123               0.0      1.0154678771               0.0   0.0655120056441   -0.222274778072    0.222274778072  -0.0655120056441
      BPM.21L2.B1        25877.9107   0.0342015604793               0.0     1.01755232354               0.0 0.000994747427836   -0.233569897062    0.233569897062 -0.000994747427836
      BPM.20L2.B1       25931.36219   0.0438152165842               0.0     1.02265485843               0.0  -0.0116040092315   -0.189334324169    0.189334324169   0.0116040092315
      BPM.19L2.B1       25984.81367   0.0320951748907               0.0     1.01644450546               0.0    0.096145271493   -0.147222202582    0.147222202582   -0.096145271493
      BPM.18L2.B1       26038.26515     0.03433880214               0.0     1.01762462924               0.0   0.0459125834088     -0.2518953637      0.2518953637  -0.0459125834088
      BPM.17L2.B1       26091.71664   0.0332988058439               0.0     1.01707709157               0.0 -0.00705815096501   -0.231028323019    0.231028323019  0.00705815096501
      BPM.16L2.B1       26145.16812   0.0415201839479               0.0     1.02142977634               0.0  -0.0186655942283   -0.173363057904    0.173363057904   0.0186655942283
      BPM.15L2.B1       26198.61961   0.0399501906001               0.0     1.02059424984               0.0    0.123939502089   -0.168606261804    0.168606261804   -0.123939502089
      BPM.14L2.B1       26252.07109   0.0379234413916               0.0     1.01951867061               0.0   0.0599320642554   -0.253473588221    0.253473588221  -0.0599320642554
      BPM.13L2.B1       26305.52257   0.0360451129229               0.0     1.01852488722               0.0  0.00251845788411   -0.236569434246    0.236569434246 -0.00251845788411
      BPM.12L2.B1       26358.97406   0.0318255837158               0.0     1.01630297954               0.0  -0.0287784368098   -0.147538439561    0.147538439561   0.0287784368098
      BPM.11L2.B1       26412.42554   0.0389677216874               0.0     1.02007243671               0.0    0.144887753184   -0.159208393293    0.159208393293   -0.144887753184
      BPM.10L2.B1       26464.26623   0.0401689765262               0.0     1.02071056143               0.0   0.0547034612164   -0.257821684656    0.257821684656  -0.0547034612164
       BPM.9L2.B1       26503.33322   0.0362409453255               0.0     1.01862836227               0.0   0.0159272009963     -0.2345292549      0.2345292549  -0.0159272009963
       BPM.8L2.B1       26543.79821   0.0564629822792               0.0     1.02948619733               0.0   0.0449310318029    -0.21338339157     0.21338339157  -0.0449310318029
       BPM.7L2.B1        26582.8662 -0.000188615500448                -1    0.999905705589                -1     0.16928284427  -0.0233532374227   0.0233532374227    -0.16928284427
      BPMR.6L2.B1        26614.9722    0.117885262231               0.0     1.06472502319               0.0    0.712624135669    -1.58032764036     1.58032764036   -0.712624135669