@ GetLLMVersion %s "V3.0.0 Dev"
@ Command %s "/afs/cern.ch/work/o/omc/anaconda/bin/python '/afs/cern.ch/work/e/efol/public/Beta-Beat.src/GetLLM/GetLLM.py' '--accel=LHCB1' '--model=/afs/cern.ch/work/e/efol/public/betabeatGui/temp/2017-12-20/models/LHCB1/Multiturn-model_40cm_2041/twiss.dat' '--files=/afs/cern.ch/work/e/efol/public/betabeatGui/temp/2017-12-20/LHCB1/Measurements/Beam1@Turn@2017_09_11@19_02_33_250_notcleaned/Beam1@Turn@2017_09_11@19_02_33_250_notcleaned.sdds' '--output=/afs/cern.ch/work/e/efol/public/betabeatGui/temp/2017-12-20/LHCB1/Results/40cm_notcleaned' '--tbtana=SUSSIX' '--bpmu=mm' '--lhcphase=1' '--errordefs=/afs/cern.ch/work/e/efol/public/betabeatGui/temp/2017-12-20/models/LHCB1/Multiturn-model_40cm_2041/error_deff.txt'"
@ CWD %s "/home/efol/Workspaces/Accsoft-Eclipse-Pro/lhc-app-beta-beating"
@ Date %s "20. December 2017, 16:53:14"
@ TABLE %s "ORBIT"
@ TYPE %s "ORBIT"
@ SEQUENCE %s "LHCB1"
@ Q1 %le 0.299858442458
@ Q2 %le 0.33142165071
@ FILES %s "/afs/cern.ch/work/e/efol/public/betabeatGui/temp/2017-12-20/LHCB1/Measurements/Beam1@Turn@2017_09_11@19_02_33_250_notcleaned/Beam1@Turn@2017_09_11@19_02_33_250_notcleaned.sdds.linx"
*            NAME                 S             COUNT                 X              STDX              XMDL            MUXMDL
$              %s               %le               %le               %le               %le               %le               %le
   "BPMYB.5L2.B1"            28.288                 1  -0.0930665380485 1.48323969742e-08               0.0     0.03145312858
   "BPMYB.4L2.B1"            48.858                 1    0.611762150023 1.48323969742e-08               0.0     0.05851807485
   "BPMWI.4L2.B1"           73.3255                 1   -0.504748788136 1.48323969742e-08               0.0      0.1097876872
   "BPMSX.4L2.B1"          123.4825                 1     1.68206204242 1.48323969742e-08               0.0      0.1788502064
    "BPMS.2L2.B1"           161.394                 1     2.03931294545 1.48323969742e-08               0.0       0.229253766
   "BPMSW.1L2.B1"           171.328                 1     4.06761569697 1.48323969742e-08               0.0      0.2526788187
   "BPMSW.1R2.B1"           214.518                 1     3.24464814394 1.48323969742e-08               0.0      0.6146370966
    "BPMS.2R2.B1"           224.452                 1      1.9795079197 1.48323969742e-08               0.0       0.632582971
   "BPMSX.4R2.B1"          262.3635                 1     1.22952336015 1.48323969742e-08               0.0      0.6761117673
   "BPMWB.4R2.B1"          312.5965                 1     1.87113106364 1.48323969742e-08               0.0      0.7575836096
   "BPMYB.4R2.B1"           336.988                 1   -0.107022740802 1.48323969742e-08               0.0      0.7924101326
    "BPMR.5R2.B1"           366.522                 1   -0.157304272939 1.48323969742e-08               0.0      0.8883971562
     "BPM.6R2.B1"           439.818                 1 -0.00446943831818 1.48323969742e-08               0.0       1.036087404
   "BPM_A.7R2.B1"           452.693                 1     0.64195138832 1.48323969742e-08               0.0        1.05258811
     "BPM.8R2.B1"       494.1300106                 1   -0.223831786709 1.48323969742e-08               0.0       1.134746992
     "BPM.9R2.B1"       533.1950212                 1 -4.02921666667e-06 1.48323969742e-08               0.0       1.292805637
    "BPM.10R2.B1"       573.6580318                 1  -0.0568473857229 1.48323969742e-08               0.0       1.460281322
    "BPM.11R2.B1"       625.4967424                 1   0.0890729838939 1.48323969742e-08               0.0       1.566688573
    "BPM.12R2.B1"       680.2202583                 1 -0.000569625386364 1.48323969742e-08               0.0       1.709291425
    "BPM.13R2.B1"       733.6687742                 1   -0.391793559582 1.48323969742e-08               0.0       1.822798755
    "BPM.14R2.B1"       787.1172901                 1    0.238793265461 1.48323969742e-08               0.0       1.960490566
    "BPM.15R2.B1"        840.565806                 1   -0.115779092745 1.48323969742e-08               0.0       2.072703938
    "BPM.16R2.B1"       894.0143219                 1  -0.0990586536985 1.48323969742e-08               0.0       2.207282493
    "BPM.17R2.B1"       947.4628378                 1     0.26361195477 1.48323969742e-08               0.0       2.323083936
    "BPM.18R2.B1"       1000.911354                 1    0.151423847079 1.48323969742e-08               0.0       2.460771013
    "BPM.19R2.B1"        1054.35987                 1   -0.629469496515 1.48323969742e-08               0.0       2.572979721
    "BPM.20R2.B1"       1107.808386                 1   0.0655810246076 1.48323969742e-08               0.0       2.707565464
    "BPM.21R2.B1"       1161.256901                 1   -0.177595930853 1.48323969742e-08               0.0       2.823371809
    "BPM.22R2.B1"       1214.705417                 1    0.327763383505 1.48323969742e-08               0.0        2.96105144
    "BPM.23R2.B1"       1268.153933                 1   -0.561154656515 1.48323969742e-08               0.0       3.076157208
    "BPM.24R2.B1"       1321.602449                 1    0.155201747705 1.48323969742e-08               0.0       3.213836773
    "BPM.25R2.B1"       1375.050965                 1   -0.267391951576 1.48323969742e-08               0.0        3.32894411
    "BPM.26R2.B1"       1428.499481                 1   0.0682223839697 1.48323969742e-08               0.0       3.466622864
    "BPM.27R2.B1"       1481.947997                 1    0.176396982455 1.48323969742e-08               0.0       3.581728657
    "BPM.28R2.B1"       1535.396513                 1  -0.0725618891076 1.48323969742e-08               0.0       3.719408284
    "BPM.29R2.B1"       1588.845029                 1   -0.400684599865 1.48323969742e-08               0.0       3.834515594
    "BPM.30R2.B1"       1642.293545                 1    0.354978977159 1.48323969742e-08               0.0       3.972194287
    "BPM.31R2.B1"        1695.74206                 1   -0.475929214471 1.48323969742e-08               0.0       4.087300109
    "BPM.32R2.B1"       1749.190576                 1   0.0188959884697 1.48323969742e-08               0.0       4.224979796
    "BPM.33R2.B1"       1802.639092                 1   -0.025917713103 1.48323969742e-08               0.0       4.340087075
    "BPM.34R2.B1"       1856.087608                 1   0.0645665236924 1.48323969742e-08               0.0        4.47776571
    "BPM.33L3.B1"       1909.536124                 1   -0.203120547042 1.48323969742e-08               0.0       4.592871563
    "BPM.32L3.B1"        1962.98464                 1   0.0965947454045 1.48323969742e-08               0.0       4.730551308
    "BPM.31L3.B1"       2016.433156                 1      -0.428398615 1.48323969742e-08               0.0       4.845658554
    "BPM.30L3.B1"       2069.881672                 1     0.10602870422 1.48323969742e-08               0.0       4.983337132
    "BPM.29L3.B1"       2123.330188                 1  -0.0379064716545 1.48323969742e-08               0.0       5.098443021
    "BPM.28L3.B1"       2176.778704                 1   0.0277664060955 1.48323969742e-08               0.0        5.23612282
    "BPM.27L3.B1"        2230.22722                 1  -0.0867706740758 1.48323969742e-08               0.0       5.351230029
    "BPM.26L3.B1"       2283.675735                 1   -0.184488553021 1.48323969742e-08               0.0       5.488908554
    "BPM.25L3.B1"       2337.124251                 1    0.346507865573 1.48323969742e-08               0.0       5.604014482
    "BPM.24L3.B1"       2390.572767                 1    0.130729520453 1.48323969742e-08               0.0       5.741694333
    "BPM.23L3.B1"       2444.021283                 1    -0.25131593993 1.48323969742e-08               0.0       5.856801501
    "BPM.22L3.B1"       2497.469799                 1  -0.0294562084273 1.48323969742e-08               0.0       5.994479976
    "BPM.21L3.B1"       2550.918315                 1    0.055205827053 1.48323969742e-08               0.0       6.109585946
    "BPM.20L3.B1"       2604.366831                 1   0.0607130851273 1.48323969742e-08               0.0       6.248110946
    "BPM.19L3.B1"       2657.815347                 1   -0.255680586898 1.48323969742e-08               0.0       6.360982089
    "BPM.18L3.B1"       2711.263863                 1   0.0429035610712 1.48323969742e-08               0.0       6.494760431
    "BPM.17L3.B1"       2764.712379                 1   -0.388029124455 1.48323969742e-08               0.0       6.609873695
    "BPM.16L3.B1"       2818.160894                 1    0.154029889303 1.48323969742e-08               0.0       6.748394012
    "BPM.15L3.B1"        2871.60941                 1    0.563415068727 1.48323969742e-08               0.0       6.861257971
    "BPM.14L3.B1"       2925.057926                 1 -0.000159985056061 1.48323969742e-08               0.0       6.995040774
    "BPM.13L3.B1"       2978.506442                 1     0.41029548435 1.48323969742e-08               0.0       7.110161452
    "BPM.12L3.B1"       3031.954958                 1    0.170512508932 1.48323969742e-08               0.0       7.247251311
    "BPM.11L3.B1"       3085.403474                 1   -0.552598901939 1.48323969742e-08               0.0       7.373708861
    "BPM.10L3.B1"       3138.184185                 1    0.135061467826 1.48323969742e-08               0.0       7.522788108
     "BPM.9L3.B1"       3177.249195                 1   -0.480453872571 1.48323969742e-08               0.0       7.583724784
     "BPM.8L3.B1"       3217.712206                 1    0.260776913067 1.48323969742e-08               0.0       7.660416551
     "BPM.7L3.B1"       3256.776216                 1   -0.247960001839 1.48323969742e-08               0.0       7.719364003
     "BPM.6L3.B1"       3329.415216                 1   -0.171495435611 1.48323969742e-08               0.0       7.831510896
  "BPMWG.A5L3.B1"       3371.119716                 1   0.0933221528333 1.48323969742e-08               0.0       7.888594994
    "BPMW.5L3.B1"       3400.089716                 1   0.0727920079621 1.48323969742e-08               0.0       7.971952656
   "BPMWE.4L3.B1"       3475.217716                 1  -0.0911403650303 1.48323969742e-08               0.0        8.07532486
    "BPMW.4L3.B1"       3502.762716                 1    0.127631090615 1.48323969742e-08               0.0       8.090528029
    "BPMW.4R3.B1"       3547.727716                 1    0.744693956474 1.48323969742e-08               0.0       8.160679045
   "BPMWE.4R3.B1"       3575.272716                 1   -0.941543111061 1.48323969742e-08               0.0       8.308322669
    "BPMW.5R3.B1"       3650.400716                 1    0.621167266338 1.48323969742e-08               0.0       8.437850831
  "BPMWJ.A5R3.B1"       3679.118716                 1   -0.583137652744 1.48323969742e-08               0.0       8.450477678
   "BPMWC.6R3.B1"       3718.936716                 1    0.298528921915 1.48323969742e-08               0.0       8.496370937
    "BPMR.6R3.B1"       3731.015216                 1    0.393189940052 1.48323969742e-08               0.0       8.536481749
     "BPM.8R3.B1"       3825.903227                 1     0.15002752497 1.48323969742e-08               0.0       8.835957198
     "BPM.9R3.B1"       3864.968238                 1   -0.182088840114 1.48323969742e-08               0.0       8.940088827
    "BPM.10R3.B1"       3905.431248                 1    0.652773347273 1.48323969742e-08               0.0       9.014821952
    "BPM.11R3.B1"       3958.211959                 1   -0.433098949546 1.48323969742e-08               0.0       9.107876696
    "BPM.12R3.B1"       4012.935475                 1    0.375152347906 1.48323969742e-08               0.0       9.208659941
    "BPM.13R3.B1"       4066.383991                 1   0.0442653986364 1.48323969742e-08               0.0       9.325472939
    "BPM.14R3.B1"       4119.832506                 1   -0.107790847995 1.48323969742e-08               0.0       9.440563908
    "BPM.15R3.B1"       4173.281022                 1  -0.0378884007606 1.48323969742e-08               0.0       9.579096744
    "BPM.16R3.B1"       4226.729538                 1  -0.0237762134985 1.48323969742e-08               0.0       9.691981666
    "BPM.17R3.B1"       4280.178054                 1  -0.0183740993788 1.48323969742e-08               0.0       9.825752567
    "BPM.18R3.B1"        4333.62657                 1    0.576149733939 1.48323969742e-08               0.0        9.94085164
    "BPM.19R3.B1"       4387.075086                 1  -0.0546714272652 1.48323969742e-08               0.0       10.07937985
    "BPM.20R3.B1"       4440.523602                 1   -0.431908322742 1.48323969742e-08               0.0       10.19225756
    "BPM.21R3.B1"       4493.972118                 1    0.227078539462 1.48323969742e-08               0.0       10.32603287
    "BPM.22R3.B1"       4547.420634                 1  0.00541212654242 1.48323969742e-08               0.0       10.44113938
    "BPM.23R3.B1"        4600.86915                 1   -0.107069063173 1.48323969742e-08               0.0       10.57881784
    "BPM.24R3.B1"       4654.317666                 1    0.214323984122 1.48323969742e-08               0.0       10.69392434
    "BPM.25R3.B1"       4707.766181                 1   -0.179558225314 1.48323969742e-08               0.0       10.83160423
    "BPM.26R3.B1"       4761.214697                 1    0.132501996148 1.48323969742e-08               0.0       10.94671083
    "BPM.27R3.B1"       4814.663213                 1    0.095349907547 1.48323969742e-08               0.0       11.08438929
    "BPM.28R3.B1"       4868.111729                 1   -0.205067341427 1.48323969742e-08               0.0       11.19949583
    "BPM.29R3.B1"       4921.560245                 1  -0.0173376966212 1.48323969742e-08               0.0       11.33717572
    "BPM.30R3.B1"       4975.008761                 1   -0.150280455095 1.48323969742e-08               0.0       11.45228227
    "BPM.31R3.B1"       5028.457277                 1  -0.0330836154333 1.48323969742e-08               0.0       11.58996073
    "BPM.32R3.B1"       5081.905793                 1    0.188581485153 1.48323969742e-08               0.0       11.70506732
    "BPM.33R3.B1"       5135.354309                 1   0.0525267520182 1.48323969742e-08               0.0       11.84274721
    "BPM.34R3.B1"       5188.802825                 1   -0.440813693761 1.48323969742e-08               0.0       11.95785372
    "BPM.33L4.B1"        5242.25134                 1    0.309009049898 1.48323969742e-08               0.0       12.09553218
    "BPM.32L4.B1"       5295.699856                 1   -0.185176429773 1.48323969742e-08               0.0       12.21063881
    "BPM.31L4.B1"       5349.148372                 1     -0.0844775096 1.48323969742e-08               0.0       12.34831869
    "BPM.30L4.B1"       5402.596888                 1   0.0577591815303 1.48323969742e-08               0.0       12.46342516
    "BPM.29L4.B1"       5456.045404                 1   0.0159035534621 1.48323969742e-08               0.0       12.60110363
    "BPM.28L4.B1"        5509.49392                 1   -0.103527095742 1.48323969742e-08               0.0        12.7162103
    "BPM.27L4.B1"       5562.942436                 1   0.0259700244803 1.48323969742e-08               0.0       12.85389018
    "BPM.26L4.B1"       5616.390952                 1   0.0199985099121 1.48323969742e-08               0.0        12.9689966
    "BPM.25L4.B1"       5669.839468                 1    0.109905355055 1.48323969742e-08               0.0       13.10667508
    "BPM.24L4.B1"       5723.287984                 1   -0.206573567606 1.48323969742e-08               0.0       13.22178179
    "BPM.23L4.B1"         5776.7365                 1  -0.0187917254197 1.48323969742e-08               0.0       13.35946166
    "BPM.22L4.B1"       5830.185015                 1   -0.093370307003 1.48323969742e-08               0.0       13.47456804
    "BPM.21L4.B1"       5883.633531                 1    0.158983890245 1.48323969742e-08               0.0       13.61224654
    "BPM.20L4.B1"       5937.082047                 1    -0.47352873003 1.48323969742e-08               0.0       13.72445156
    "BPM.19L4.B1"       5990.530563                 1    0.263842539076 1.48323969742e-08               0.0       13.85904485
    "BPM.18L4.B1"       6043.979079                 1   -0.311450528318 1.48323969742e-08               0.0        13.9748551
    "BPM.17L4.B1"       6097.427595                 1  -0.0404338183197 1.48323969742e-08               0.0       14.11252694
    "BPM.16L4.B1"       6150.876111                 1    0.336791912724 1.48323969742e-08               0.0       14.22472735
    "BPM.15L4.B1"       6204.324627                 1   -0.196121931002 1.48323969742e-08               0.0       14.35932787
    "BPM.14L4.B1"       6257.773143                 1   0.0370753011273 1.48323969742e-08               0.0       14.47514296
    "BPM.13L4.B1"       6311.221659                 1  -0.0610276023268 1.48323969742e-08               0.0       14.61280733
    "BPM.12L4.B1"       6364.670174                 1   0.0794737781955 1.48323969742e-08               0.0       14.72676903
    "BPM.11L4.B1"        6418.11869                 1   -0.134421306158 1.48323969742e-08               0.0       14.86492988
    "BPM.10L4.B1"       6469.957401                 1     0.18630900972 1.48323969742e-08               0.0       14.98126706
     "BPM.9L4.B1"       6509.022412                 1 -0.00595882973636 1.48323969742e-08               0.0       15.10739803
     "BPM.8L4.B1"       6549.485422                 1  -0.0802948877242 1.48323969742e-08               0.0       15.23843666
     "BPM.7L4.B1"       6588.549433                 1  -0.0714837591909 1.48323969742e-08               0.0       15.41380548
   "BPMYB.6L4.B1"       6685.153433                 1    0.101940007265 1.48323969742e-08               0.0       15.55382553
   "BPMYA.5L4.B1"       6722.153433                 1   0.0884630468636 1.48323969742e-08               0.0       15.57941125
  "BPMWI.A5L4.B1"       6798.755933                 1    -0.39926642748 1.48323969742e-08               0.0        15.6113604
  "BPMWA.B5L4.B1"       6824.619933                 1   -0.218407252621 1.48323969742e-08               0.0       15.62528443
  "BPMWA.A5L4.B1"       6833.504933                 1     0.09968790655 1.48323969742e-08               0.0       15.63048707
  "BPMWA.A5R4.B1"       6881.553933                 1    0.493089733398 1.48323969742e-08               0.0       15.66240457
  "BPMWA.B5R4.B1"       6890.438933                 1    0.310093981469 1.48323969742e-08               0.0       15.66896959
   "BPMYB.5R4.B1"       6992.829433                 1  -0.0408318662424 1.48323969742e-08               0.0       15.75149725
   "BPMYA.6R4.B1"       7024.393433                 1  -0.0467289216667 1.48323969742e-08               0.0       15.76697937
     "BPM.7R4.B1"       7120.909433                 1   -0.172445346108 1.48323969742e-08               0.0       15.93450269
     "BPM.8R4.B1"       7158.698443                 1    0.370603378424 1.48323969742e-08               0.0       16.07991314
     "BPM.9R4.B1"       7197.763454                 1   -0.233051550218 1.48323969742e-08               0.0       16.21624484
    "BPM.10R4.B1"       7238.226465                 1   0.0486216147724 1.48323969742e-08               0.0        16.3816195
    "BPM.11R4.B1"       7290.065175                 1    0.345791339054 1.48323969742e-08               0.0       16.49278171
    "BPM.12R4.B1"       7344.788691                 1   -0.109864216875 1.48323969742e-08               0.0        16.6284393
    "BPM.13R4.B1"       7398.237207                 1     0.15251778572 1.48323969742e-08               0.0       16.74286491
    "BPM.14R4.B1"       7451.685723                 1    0.111294296439 1.48323969742e-08               0.0       16.87901446
    "BPM.15R4.B1"       7505.134239                 1   -0.332203517791 1.48323969742e-08               0.0       16.99285025
    "BPM.16R4.B1"       7558.582755                 1    -0.06528436195 1.48323969742e-08               0.0       17.12900082
    "BPM.17R4.B1"       7612.031271                 1    0.716944189394 1.48323969742e-08               0.0       17.24283608
    "BPM.18R4.B1"       7665.479786                 1  -0.0612261531106 1.48323969742e-08               0.0       17.37898495
    "BPM.19R4.B1"       7718.928302                 1   -0.551633173712 1.48323969742e-08               0.0       17.49282073
    "BPM.20R4.B1"       7772.376818                 1     0.16050012652 1.48323969742e-08               0.0        17.6289713
    "BPM.21R4.B1"       7825.825334                 1    -0.10891638013 1.48323969742e-08               0.0       17.74280656
    "BPM.22R4.B1"        7879.27385                 1  -0.0851315721667 1.48323969742e-08               0.0       17.87895543
    "BPM.23R4.B1"       7932.722366                 1    0.223199523609 1.48323969742e-08               0.0       17.99278936
    "BPM.24R4.B1"       7986.170882                 1    0.028577353697 1.48323969742e-08               0.0       18.12893623
    "BPM.25R4.B1"       8039.619398                 1  -0.0627074267136 1.48323969742e-08               0.0       18.24277051
    "BPM.26R4.B1"       8093.067914                 1   -0.150764520703 1.48323969742e-08               0.0       18.37891937
    "BPM.27R4.B1"        8146.51643                 1    0.485969872498 1.48323969742e-08               0.0       18.49275331
    "BPM.28R4.B1"       8199.964946                 1   0.0228151737212 1.48323969742e-08               0.0       18.62890018
    "BPM.29R4.B1"       8253.413461                 1   -0.573934858409 1.48323969742e-08               0.0       18.74273446
    "BPM.30R4.B1"       8306.861977                 1    0.238520110227 1.48323969742e-08               0.0       18.87888332
    "BPM.31R4.B1"       8360.310493                 1   0.0105394438318 1.48323969742e-08               0.0       18.99271725
    "BPM.32R4.B1"       8413.759009                 1   0.0950792363485 1.48323969742e-08               0.0       19.12886413
    "BPM.33R4.B1"       8467.207525                 1   -0.320006283732 1.48323969742e-08               0.0        19.2426984
    "BPM.34R4.B1"       8520.656041                 1    0.205769843435 1.48323969742e-08               0.0       19.37884727
    "BPM.33L5.B1"       8574.104557                 1   -0.253533680417 1.48323969742e-08               0.0        19.4926812
    "BPM.32L5.B1"       8627.553073                 1     -0.0457227478 1.48323969742e-08               0.0       19.62882807
    "BPM.31L5.B1"       8681.001589                 1    0.102701815133 1.48323969742e-08               0.0       19.74266235
    "BPM.30L5.B1"       8734.450105                 1   0.0212836809742 1.48323969742e-08               0.0       19.87881121
    "BPM.29L5.B1"        8787.89862                 1     -0.1164888159 1.48323969742e-08               0.0       19.99264515
    "BPM.28L5.B1"       8841.347136                 1    0.084930216392 1.48323969742e-08               0.0       20.12879202
    "BPM.27L5.B1"       8894.795652                 1   -0.146441501739 1.48323969742e-08               0.0       20.24262629
    "BPM.26L5.B1"       8948.244168                 1   0.0971397925394 1.48323969742e-08               0.0       20.37877516
    "BPM.25L5.B1"       9001.692684                 1   -0.205642441882 1.48323969742e-08               0.0       20.49260909
    "BPM.24L5.B1"         9055.1412                 1  -0.0423894398439 1.48323969742e-08               0.0       20.62875597
    "BPM.23L5.B1"       9108.589716                 1    0.427025177361 1.48323969742e-08               0.0       20.74259024
    "BPM.22L5.B1"       9162.038232                 1    -0.13928546205 1.48323969742e-08               0.0       20.87873911
    "BPM.21L5.B1"       9215.486748                 1   -0.127893844873 1.48323969742e-08               0.0       20.99257304
    "BPM.20L5.B1"       9268.935264                 1   0.0875009676788 1.48323969742e-08               0.0       21.12872111
    "BPM.19L5.B1"       9322.383779                 1  -0.0787452737308 1.48323969742e-08               0.0       21.24255822
    "BPM.17L5.B1"       9429.280811                 1    0.419156098526 1.48323969742e-08               0.0       21.49254352
    "BPM.16L5.B1"       9482.729327                 1    0.118124539203 1.48323969742e-08               0.0       21.62869159
    "BPM.15L5.B1"       9536.177843                 1   -0.355857513056 1.48323969742e-08               0.0        21.7425287
    "BPM.14L5.B1"       9589.626359                 1    0.179715378198 1.48323969742e-08               0.0       21.87868007
    "BPM.13L5.B1"       9643.074875                 1   -0.406002519532 1.48323969742e-08               0.0       21.99251401
    "BPM.12L5.B1"       9696.523391                 1    0.254745464836 1.48323969742e-08               0.0       22.13049826
    "BPM.11L5.B1"       9749.971907                 1   0.0777421315591 1.48323969742e-08               0.0        22.2382219
    "BPM.10L5.B1"       9802.752617                 1   -0.196103707962 1.48323969742e-08               0.0       22.36968741
     "BPM.9L5.B1"       9841.817628                 1   -0.197504368477 1.48323969742e-08               0.0       22.47730301
     "BPM.8L5.B1"       9882.280639                 1   0.0820512764424 1.48323969742e-08               0.0       22.66146928
    "BPMR.7L5.B1"       9921.346649                 1    0.282961168909 1.48323969742e-08               0.0       22.76050366
     "BPM.6L5.B1"       9958.240649                 1   -0.123758524429 1.48323969742e-08               0.0       22.86409762
    "BPMR.5L5.B1"       9990.140649                 1   -0.169387449764 1.48323969742e-08               0.0       22.88181088
   "BPMYA.4L5.B1"       10017.54665                 1   -0.950495064524 1.48323969742e-08               0.0        22.8881843
   "BPMWB.4L5.B1"       10038.68115                 1     -1.8669904097 1.48323969742e-08               0.0       22.89098702
   "BPMSY.4L5.B1"       10131.46115                 1    -4.68803148182 1.48323969742e-08               0.0       22.89915642
    "BPMS.2L5.B1"       10158.24665                 1    -5.10412028939 1.48323969742e-08               0.0       22.90029854
   "BPMSW.1L5.B1"       10168.21165                 1    -2.74104832121 1.48323969742e-08               0.0       22.90113517
   "BPMSW.1R5.B1"       10211.33965                 1     2.84243515758 1.48323969742e-08               0.0       23.39523136
    "BPMS.2R5.B1"       10221.30465                 1     3.09072191212 1.48323969742e-08               0.0       23.39630629
   "BPMWB.4R5.B1"       10340.87015                 1     1.54603664242 1.48323969742e-08               0.0        23.4051606
   "BPMYA.4R5.B1"       10362.00265                 1    0.578031299518 1.48323969742e-08               0.0       23.41139683
     "BPM.5R5.B1"       10383.12065                 1   -0.519621959414 1.48323969742e-08               0.0       23.42488375
    "BPMR.6R5.B1"       10415.02065                 1  -0.0808405605955 1.48323969742e-08               0.0       23.58150134
   "BPM_A.7R5.B1"       10449.03465                 1    0.241129817959 1.48323969742e-08               0.0       23.85403894
     "BPM.8R5.B1"       10490.47364                 1   -0.239620654806 1.48323969742e-08               0.0       23.96924729
     "BPM.9R5.B1"       10529.54063                 1   -0.183432717115 1.48323969742e-08               0.0       24.17193213
    "BPM.10R5.B1"       10570.00562                 1    0.345824303758 1.48323969742e-08               0.0       24.26381535
    "BPM.11R5.B1"       10622.78831                 1  -0.0920185521061 1.48323969742e-08               0.0       24.38513182
    "BPM.12R5.B1"       10677.51479                 1    0.156842921489 1.48323969742e-08               0.0       24.49695998
    "BPM.13R5.B1"       10730.96627                 1  -0.0458465523068 1.48323969742e-08               0.0       24.62968881
    "BPM.14R5.B1"       10784.41776                 1   -0.154093118483 1.48323969742e-08               0.0        24.7435307
    "BPM.15R5.B1"       10837.86924                 1   0.0482222049091 1.48323969742e-08               0.0       24.87969107
    "BPM.16R5.B1"       10891.32073                 1   -0.204671035621 1.48323969742e-08               0.0       24.99353555
    "BPM.17R5.B1"       10944.77221                 1    0.118998260224 1.48323969742e-08               0.0       25.12969523
    "BPM.18R5.B1"        10998.2237                 1   0.0828662509879 1.48323969742e-08               0.0       25.24353723
    "BPM.19R5.B1"       11051.67518                 1  -0.0469443993348 1.48323969742e-08               0.0        25.3796976
    "BPM.20R5.B1"       11105.12666                 1   0.0512991334014 1.48323969742e-08               0.0       25.49354209
    "BPM.21R5.B1"       11158.57815                 1   0.0278135989455 1.48323969742e-08               0.0       25.62970177
    "BPM.22R5.B1"       11212.02963                 1   -0.319710509125 1.48323969742e-08               0.0       25.74354377
    "BPM.23R5.B1"       11265.48112                 1  -0.0540562985712 1.48323969742e-08               0.0       25.87970295
    "BPM.24R5.B1"        11318.9326                 1  -0.0637596550803 1.48323969742e-08               0.0       25.99354459
    "BPM.25R5.B1"       11372.38408                 1    0.125112105026 1.48323969742e-08               0.0       26.12970177
    "BPM.26R5.B1"       11425.83557                 1   -0.124654644485 1.48323969742e-08               0.0       26.24354377
    "BPM.27R5.B1"       11479.28705                 1    0.123164813262 1.48323969742e-08               0.0       26.37970295
    "BPM.28R5.B1"       11532.73854                 1   -0.332435791821 1.48323969742e-08               0.0       26.49354459
    "BPM.29R5.B1"       11586.19002                 1  -0.0406674512955 1.48323969742e-08               0.0       26.62970177
    "BPM.30R5.B1"        11639.6415                 1     0.18983264528 1.48323969742e-08               0.0       26.74354377
    "BPM.31R5.B1"       11693.09299                 1  -0.0551764639833 1.48323969742e-08               0.0       26.87970295
    "BPM.32R5.B1"       11746.54447                 1    -0.15963669602 1.48323969742e-08               0.0       26.99354459
    "BPM.33R5.B1"       11799.99596                 1   0.0267899828212 1.48323969742e-08               0.0       27.12970177
    "BPM.34R5.B1"       11853.44744                 1    0.173846764233 1.48323969742e-08               0.0       27.24354377
    "BPM.33L6.B1"       11906.89893                 1   -0.170407668418 1.48323969742e-08               0.0       27.37970295
    "BPM.32L6.B1"       11960.35041                 1    0.297893168126 1.48323969742e-08               0.0       27.49354459
    "BPM.31L6.B1"       12013.80189                 1 0.000958443787879 1.48323969742e-08               0.0       27.62970177
    "BPM.30L6.B1"       12067.25338                 1  -0.0614076775167 1.48323969742e-08               0.0       27.74354377
    "BPM.29L6.B1"       12120.70486                 1  0.00129357758182 1.48323969742e-08               0.0       27.87970295
    "BPM.28L6.B1"       12174.15635                 1   0.0928769479288 1.48323969742e-08               0.0       27.99354459
    "BPM.27L6.B1"       12227.60783                 1   -0.074630673397 1.48323969742e-08               0.0       28.12970177
    "BPM.26L6.B1"       12281.05931                 1    0.108216869594 1.48323969742e-08               0.0       28.24354377
    "BPM.25L6.B1"        12334.5108                 1  -0.0540183434212 1.48323969742e-08               0.0       28.37970295
    "BPM.24L6.B1"       12387.96228                 1    0.113701626456 1.48323969742e-08               0.0       28.49354459
    "BPM.23L6.B1"       12441.41377                 1  -0.0986718027136 1.48323969742e-08               0.0       28.62970177
    "BPM.22L6.B1"       12494.86525                 1   -0.379371491233 1.48323969742e-08               0.0       28.74354377
    "BPM.21L6.B1"       12548.31673                 1    0.185099209732 1.48323969742e-08               0.0       28.87970294
    "BPM.20L6.B1"       12601.76822                 1  -0.0854744578762 1.48323969742e-08               0.0       28.99354644
    "BPM.19L6.B1"        12655.2197                 1   0.0215910981591 1.48323969742e-08               0.0       29.12970732
    "BPM.18L6.B1"       12708.67119                 1    0.117666354398 1.48323969742e-08               0.0       29.24355031
    "BPM.17L6.B1"       12762.12267                 1   0.0458420013348 1.48323969742e-08               0.0       29.37970948
    "BPM.16L6.B1"       12815.57415                 1   -0.163722926102 1.48323969742e-08               0.0       29.49355298
    "BPM.15L6.B1"       12869.02564                 1  -0.0499151957606 1.48323969742e-08               0.0       29.62971385
    "BPM.14L6.B1"       12922.47712                 1   -0.183550160829 1.48323969742e-08               0.0       29.74355684
    "BPM.13L6.B1"       12975.92861                 1   0.0481880808848 1.48323969742e-08               0.0       29.87971602
    "BPM.12L6.B1"       13029.38009                 1    0.157047057488 1.48323969742e-08               0.0       29.99488123
    "BPM.11L6.B1"       13082.83158                 1   0.0592167897697 1.48323969742e-08               0.0       30.12992819
    "BPM.10L6.B1"       13134.67226                 1   -0.147111413608 1.48323969742e-08               0.0       30.24585235
     "BPM.9L6.B1"       13173.73925                 1   -0.133839722412 1.48323969742e-08               0.0       30.36561155
     "BPM.8L6.B1"       13214.20424                 1    0.359324017761 1.48323969742e-08               0.0       30.48833405
   "BPMYA.5L6.B1"       13311.29423                 1   -0.230742831182 1.48323969742e-08               0.0        30.7339036
   "BPMYB.4L6.B1"       13347.69423                 1   -0.226286123124 1.48323969742e-08               0.0       30.74912326
   "BPMSE.4L6.B1"       13476.94473                 1    -49.2120929091 1.48323969742e-08               0.0       30.87890794
   "BPMSA.4R6.B1"       13568.51473                 1   -0.712882240015 1.48323969742e-08               0.0       30.95582807
   "BPMYA.4R6.B1"       13691.29423                 1  -0.0646706840318 1.48323969742e-08               0.0       31.00787876
   "BPMYB.5R6.B1"       13727.69423                 1   -0.156354468121 1.48323969742e-08               0.0       31.02888512
     "BPM.8R6.B1"       13823.42122                 1   -0.113051343611 1.48323969742e-08               0.0       31.35214226
    "BPM.10R6.B1"        13902.9532                 1   0.0820795510167 1.48323969742e-08               0.0       31.65352068
    "BPM.11R6.B1"       13954.79389                 1   -0.671116391515 1.48323969742e-08               0.0       31.75757036
    "BPM.12R6.B1"       14009.52037                 1   0.0168950287985 1.48323969742e-08               0.0       31.89361398
    "BPM.13R6.B1"       14062.97186                 1    0.296485898462 1.48323969742e-08               0.0       32.00924581
    "BPM.14R6.B1"       14116.42334                 1  -0.0345395989333 1.48323969742e-08               0.0       32.14617605
    "BPM.15R6.B1"       14169.87483                 1   -0.185383698858 1.48323969742e-08               0.0       32.26333567
    "BPM.16R6.B1"       14223.32631                 1  -0.0236738840894 1.48323969742e-08               0.0       32.40416773
    "BPM.17R6.B1"       14276.77779                 1    0.282868558818 1.48323969742e-08               0.0       32.51814385
    "BPM.19R6.B1"       14383.68076                 1   -0.109505553892 1.48323969742e-08               0.0       32.77262488
    "BPM.20R6.B1"       14437.13225                 1    0.147010730047 1.48323969742e-08               0.0       32.91323081
    "BPM.21R6.B1"       14490.58373                 1    -0.35088423592 1.48323969742e-08               0.0       33.02703912
    "BPM.22R6.B1"       14544.03522                 1    0.305525453468 1.48323969742e-08               0.0       33.16440245
    "BPM.23R6.B1"        14597.4867                 1   -0.695920339091 1.48323969742e-08               0.0       33.27890599
    "BPM.24R6.B1"       14650.93818                 1    0.362073783797 1.48323969742e-08               0.0       33.41627076
    "BPM.25R6.B1"       14704.38967                 1   -0.604857096515 1.48323969742e-08               0.0       33.53077209
    "BPM.26R6.B1"       14757.84115                 1    0.185617410145 1.48323969742e-08               0.0       33.66813632
    "BPM.27R6.B1"       14811.29264                 1   -0.353837692595 1.48323969742e-08               0.0       33.78263987
    "BPM.29R6.B1"        14918.1956                 1   -0.274101509568 1.48323969742e-08               0.0        34.0345059
    "BPM.30R6.B1"       14971.64709                 1     0.14731427697 1.48323969742e-08               0.0       34.17187019
    "BPM.31R6.B1"       15025.09857                 1  -0.0860072131833 1.48323969742e-08               0.0       34.28637375
    "BPM.32R6.B1"       15078.55006                 1   0.0431753625818 1.48323969742e-08               0.0       34.42373839
    "BPM.33R6.B1"       15132.00154                 1   -0.177048997644 1.48323969742e-08               0.0       34.53823971
    "BPM.34R6.B1"       15185.45302                 1  -0.0283551354288 1.48323969742e-08               0.0       34.67560406
    "BPM.33L7.B1"       15238.90451                 1  -0.0802313979576 1.48323969742e-08               0.0       34.79010763
    "BPM.32L7.B1"       15292.35599                 1   0.0111262948955 1.48323969742e-08               0.0       34.92747221
    "BPM.31L7.B1"       15345.80748                 1   -0.209259089967 1.48323969742e-08               0.0       35.04197353
    "BPM.30L7.B1"       15399.25896                 1    0.140923879759 1.48323969742e-08               0.0       35.17933793
    "BPM.29L7.B1"       15452.71045                 1  -0.0650888248682 1.48323969742e-08               0.0        35.2938415
    "BPM.28L7.B1"       15506.16193                 1 -0.00766336435152 1.48323969742e-08               0.0       35.43120603
    "BPM.27L7.B1"       15559.61341                 1  -0.0519002381758 1.48323969742e-08               0.0       35.54570734
    "BPM.26L7.B1"        15613.0649                 1  -0.0823398133636 1.48323969742e-08               0.0        35.6830718
    "BPM.25L7.B1"       15666.51638                 1   0.0443012452136 1.48323969742e-08               0.0       35.79757538
    "BPM.24L7.B1"       15719.96787                 1   0.0505749873409 1.48323969742e-08               0.0       35.93493984
    "BPM.23L7.B1"       15773.41935                 1   -0.374159422298 1.48323969742e-08               0.0       36.04944115
    "BPM.22L7.B1"       15826.87083                 1  0.00486411016667 1.48323969742e-08               0.0       36.18680568
    "BPM.21L7.B1"       15880.32232                 1    0.471711530859 1.48323969742e-08               0.0       36.30130925
    "BPM.20L7.B1"        15933.7738                 1   -0.299635407273 1.48323969742e-08               0.0       36.43783228
    "BPM.19L7.B1"       15987.22529                 1    0.205387083082 1.48323969742e-08               0.0       36.55465792
    "BPM.18L7.B1"       16040.67677                 1    0.106905900297 1.48323969742e-08               0.0       36.69593289
    "BPM.17L7.B1"       16094.12825                 1   -0.697132668485 1.48323969742e-08               0.0        36.8102053
    "BPM.16L7.B1"       16147.57974                 1    0.320233797076 1.48323969742e-08               0.0       36.94689257
    "BPM.15L7.B1"       16201.03122                 1     -0.5663168705 1.48323969742e-08               0.0       37.06394951
    "BPM.14L7.B1"       16254.48271                 1    0.148929515202 1.48323969742e-08               0.0       37.20503681
    "BPM.13L7.B1"       16307.93419                 1   0.0568106299379 1.48323969742e-08               0.0       37.31909572
    "BPM.12L7.B1"       16361.38567                 1   -0.180459124988 1.48323969742e-08               0.0       37.45878799
    "BPM.11L7.B1"       16414.83716                 1    0.319028379105 1.48323969742e-08               0.0        37.5785266
    "BPM.10L7.B1"       16467.61985                 1  0.00511348107121 1.48323969742e-08               0.0       37.72231549
     "BPM.9L7.B1"       16506.68684                 1   -0.557166977439 1.48323969742e-08               0.0       37.81597601
     "BPM.7L7.B1"       16586.21782                 1   -0.197997848985 1.48323969742e-08               0.0       38.09126598
     "BPM.6L7.B1"       16621.03582                 1    0.483769935973 1.48323969742e-08               0.0       38.13795827
   "BPMWC.6L7.B1"       16633.13832                 1   -0.179206069541 1.48323969742e-08               0.0       38.14551791
   "BPMWE.5L7.B1"       16710.19232                 1  -0.0233616395045 1.48323969742e-08               0.0       38.33464748
    "BPMW.5L7.B1"       16733.39732                 1   -0.776362559348 1.48323969742e-08               0.0       38.43173704
   "BPMWE.4L7.B1"       16768.48232                 1   -0.322497800121 1.48323969742e-08               0.0       38.47352541
    "BPMW.4L7.B1"       16796.58732                 1    0.562241935648 1.48323969742e-08               0.0       38.48680076
    "BPMW.4R7.B1"       16912.63432                 1   -0.124830032773 1.48323969742e-08               0.0       38.67484765
   "BPMWE.4R7.B1"       16940.73932                 1     1.00198969141 1.48323969742e-08               0.0       38.75102107
    "BPMW.5R7.B1"       16975.82432                 1   -0.117213166774 1.48323969742e-08               0.0       38.78398655
   "BPMWE.5R7.B1"       16999.02932                 1   -0.239050493359 1.48323969742e-08               0.0       38.79440234
    "BPMR.6R7.B1"       17078.24482                 1  -0.0957636529697 1.48323969742e-08               0.0        38.8870777
   "BPM_A.7R7.B1"       17116.28082                 1   0.0859842332235 1.48323969742e-08               0.0        38.9671717
     "BPM.9R7.B1"        17194.4138                 1  -0.0155127614818 1.48323969742e-08               0.0       39.28496583
    "BPM.10R7.B1"       17234.87878                 1   -0.398224039506 1.48323969742e-08               0.0       39.38460427
    "BPM.11R7.B1"       17287.66147                 1    0.078109532203 1.48323969742e-08               0.0       39.51149712
    "BPM.12R7.B1"       17342.38796                 1   -0.333522099735 1.48323969742e-08               0.0       39.63185931
    "BPM.13R7.B1"       17395.83944                 1    0.193326464148 1.48323969742e-08               0.0       39.77544702
    "BPM.14R7.B1"       17449.29093                 1   -0.571891461364 1.48323969742e-08               0.0        39.8904541
    "BPM.15R7.B1"       17502.74241                 1    0.204215798055 1.48323969742e-08               0.0       40.02674292
    "BPM.16R7.B1"       17556.19389                 1  -0.0317762242439 1.48323969742e-08               0.0        40.1430642
    "BPM.17R7.B1"       17609.64538                 1  -0.0389910598273 1.48323969742e-08               0.0        40.2846197
    "BPM.18R7.B1"       17663.09686                 1    0.085250796497 1.48323969742e-08               0.0       40.39936862
    "BPM.19R7.B1"       17716.54835                 1  -0.0484262645348 1.48323969742e-08               0.0       40.53575831
    "BPM.20R7.B1"       17769.99983                 1   -0.279087639342 1.48323969742e-08               0.0        40.6523383
    "BPM.21R7.B1"       17823.45131                 1    0.181951861709 1.48323969742e-08               0.0          40.79377
    "BPM.22R7.B1"        17876.9028                 1   -0.275921570785 1.48323969742e-08               0.0       40.90827269
    "BPM.23R7.B1"       17930.35428                 1    0.181191902353 1.48323969742e-08               0.0       41.04563718
    "BPM.24R7.B1"       17983.80577                 1   -0.207645782514 1.48323969742e-08               0.0       41.16013951
    "BPM.25R7.B1"       18037.25725                 1    0.258730180473 1.48323969742e-08               0.0       41.29750398
    "BPM.26R7.B1"       18090.70874                 1   -0.613865221561 1.48323969742e-08               0.0       41.41200654
    "BPM.27R7.B1"       18144.16022                 1   0.0422437161545 1.48323969742e-08               0.0       41.54937102
    "BPM.28R7.B1"        18197.6117                 1  -0.0856986704439 1.48323969742e-08               0.0       41.66387335
    "BPM.29R7.B1"       18251.06319                 1    0.376508650888 1.48323969742e-08               0.0       41.80123782
    "BPM.30R7.B1"       18304.51467                 1    0.392020633098 1.48323969742e-08               0.0       41.91574038
    "BPM.31R7.B1"       18357.96616                 1  0.00214357329545 1.48323969742e-08               0.0       42.05310486
    "BPM.32R7.B1"       18411.41764                 1   -0.170742029432 1.48323969742e-08               0.0       42.16760719
    "BPM.33R7.B1"       18464.86912                 1    0.651820736342 1.48323969742e-08               0.0       42.30497167
    "BPM.34R7.B1"       18518.32061                 1    -0.31946787453 1.48323969742e-08               0.0       42.41947423
    "BPM.33L8.B1"       18571.77209                 1    0.136689762796 1.48323969742e-08               0.0       42.55683871
    "BPM.32L8.B1"       18625.22358                 1   -0.485507189606 1.48323969742e-08               0.0       42.67134103
    "BPM.31L8.B1"       18678.67506                 1    0.109903550005 1.48323969742e-08               0.0       42.80870552
    "BPM.30L8.B1"       18732.12654                 1   0.0735394278782 1.48323969742e-08               0.0       42.92320808
    "BPM.29L8.B1"       18785.57803                 1   -0.104083444469 1.48323969742e-08               0.0       43.06057255
    "BPM.28L8.B1"       18839.02951                 1    0.220706209314 1.48323969742e-08               0.0       43.17507487
    "BPM.27L8.B1"         18892.481                 1    0.245490083654 1.48323969742e-08               0.0       43.31243937
    "BPM.26L8.B1"       18945.93248                 1   -0.814282264091 1.48323969742e-08               0.0       43.42694193
    "BPM.25L8.B1"       18999.38397                 1   0.0849652747741 1.48323969742e-08               0.0       43.56430639
    "BPM.24L8.B1"       19052.83545                 1     0.17874117775 1.48323969742e-08               0.0       43.67880871
    "BPM.23L8.B1"       19106.28693                 1   -0.217609719956 1.48323969742e-08               0.0       43.81617321
    "BPM.22L8.B1"       19159.73842                 1    0.313519946592 1.48323969742e-08               0.0       43.93067577
    "BPM.21L8.B1"        19213.1899                 1  -0.0485584187652 1.48323969742e-08               0.0       44.06804023
    "BPM.20L8.B1"       19266.64139                 1   -0.212986607232 1.48323969742e-08               0.0        44.1855504
    "BPM.19L8.B1"       19320.09287                 1    0.233769371607 1.48323969742e-08               0.0       44.32590831
    "BPM.18L8.B1"       19373.54435                 1    -0.46294342047 1.48323969742e-08               0.0       44.43957341
    "BPM.17L8.B1"       19426.99584                 1   0.0833472051368 1.48323969742e-08               0.0       44.57718664
    "BPM.16L8.B1"       19480.44732                 1   -0.107218845668 1.48323969742e-08               0.0       44.69483639
    "BPM.15L8.B1"       19533.89881                 1  -0.0336291218939 1.48323969742e-08               0.0       44.83492832
    "BPM.14L8.B1"       19587.35029                 1    0.135830487736 1.48323969742e-08               0.0       44.94847408
    "BPM.13L8.B1"       19640.80177                 1  -0.0449962614485 1.48323969742e-08               0.0       45.08635444
    "BPM.12L8.B1"       19694.25326                 1  -0.0821459079955 1.48323969742e-08               0.0       45.20455088
    "BPM.11L8.B1"       19747.70474                 1  -0.0119959589015 1.48323969742e-08               0.0       45.34663709
    "BPM.10L8.B1"       19799.54543                 1    0.142247211005 1.48323969742e-08               0.0       45.45089375
     "BPM.9L8.B1"       19838.61242                 1   -0.462733340148 1.48323969742e-08               0.0       45.56264025
     "BPM.8L8.B1"       19879.07741                 1    0.252628340655 1.48323969742e-08               0.0       45.72432814
     "BPM.7L8.B1"        19918.1454                 1   -0.182103407862 1.48323969742e-08               0.0       45.89965505
    "BPMR.6L8.B1"        19950.6144                 1   -0.601137294864 1.48323969742e-08               0.0       46.01190509
     "BPM.5L8.B1"        20011.0334                 1 0.000643262680909 1.48323969742e-08               0.0       46.26272826
   "BPMYB.4L8.B1"        20031.8004                 1     1.01667692121 1.48323969742e-08               0.0         46.282222
   "BPMWB.4L8.B1"        20056.1919                 1    0.630575499421 1.48323969742e-08               0.0       46.30501382
    "BPMS.2L8.B1"        20144.3364                 1     5.84734593939 1.48323969742e-08               0.0       46.34282134
   "BPMSW.1L8.B1"        20154.2704                 1     5.45173058939 1.48323969742e-08               0.0       46.35076145
   "BPMSW.1R8.B1"        20197.4604                 1    -4.76114628182 1.48323969742e-08               0.0       46.80682297
    "BPMS.2R8.B1"        20207.3944                 1    -8.44313527879 1.48323969742e-08               0.0       46.81297355
   "BPMSX.4R8.B1"        20245.3059                 1    -6.50174263182 1.48323969742e-08               0.0       46.82652686
   "BPMWB.4R8.B1"        20295.4629                 1    -1.82155195758 1.48323969742e-08               0.0       46.85249538
   "BPMYB.4R8.B1"        20319.9304                 1    -0.62193933983 1.48323969742e-08               0.0       46.86685044
   "BPMYB.5R8.B1"        20340.5074                 1   -0.145363521652 1.48323969742e-08               0.0       46.89409074
     "BPM.6R8.B1"        20424.6154                 1    0.031928051647 1.48323969742e-08               0.0       47.24936918
   "BPM_A.7R8.B1"        20446.8554                 1    0.275303392267 1.48323969742e-08               0.0       47.29211854
     "BPM.8R8.B1"       20488.29241                 1   -0.344948784379 1.48323969742e-08               0.0       47.39261708
     "BPM.9R8.B1"       20527.35742                 1 -0.00769383875758 1.48323969742e-08               0.0       47.53603644
    "BPM.10R8.B1"       20567.82043                 1    0.275057676571 1.48323969742e-08               0.0       47.72557715
    "BPM.11R8.B1"       20619.65914                 1   -0.315753783791 1.48323969742e-08               0.0       47.82442681
    "BPM.12R8.B1"       20674.38266                 1   0.0549131518424 1.48323969742e-08               0.0        47.9590259
    "BPM.13R8.B1"       20727.83117                 1   -0.233551251638 1.48323969742e-08               0.0       48.07641291
    "BPM.14R8.B1"       20781.27969                 1   0.0485636997273 1.48323969742e-08               0.0       48.21256525
    "BPM.15R8.B1"       20834.72821                 1    0.113350335041 1.48323969742e-08               0.0       48.32640076
    "BPM.16R8.B1"       20888.17672                 1    0.031166646697 1.48323969742e-08               0.0       48.46255189
    "BPM.17R8.B1"       20941.62524                 1    -0.45116123847 1.48323969742e-08               0.0       48.57638743
    "BPM.18R8.B1"       20995.07375                 1    0.120585531445 1.48323969742e-08               0.0       48.71253573
    "BPM.19R8.B1"       21048.52227                 1  -0.0170972066758 1.48323969742e-08               0.0       48.82637125
    "BPM.20R8.B1"       21101.97079                 1  -0.0282667907167 1.48323969742e-08               0.0       48.96252238
    "BPM.21R8.B1"        21155.4193                 1   -0.257240567618 1.48323969742e-08               0.0       49.07635791
    "BPM.22R8.B1"       21208.86782                 1     0.02738268197 1.48323969742e-08               0.0       49.21250622
    "BPM.23R8.B1"       21262.31633                 1    0.199117193329 1.48323969742e-08               0.0       49.32633988
    "BPM.24R8.B1"       21315.76485                 1    0.174109944418 1.48323969742e-08               0.0       49.46248731
    "BPM.25R8.B1"       21369.21337                 1   -0.603232292879 1.48323969742e-08               0.0       49.57632186
    "BPM.26R8.B1"       21422.66188                 1    0.100140874961 1.48323969742e-08               0.0       49.71247016
    "BPM.27R8.B1"        21476.1104                 1    0.107342469094 1.48323969742e-08               0.0       49.82630382
    "BPM.29R8.B1"       21583.00743                 1   0.0681837905364 1.48323969742e-08               0.0       50.07628581
    "BPM.30R8.B1"       21636.45594                 1    0.112474048688 1.48323969742e-08               0.0       50.21243411
    "BPM.31R8.B1"       21689.90446                 1   -0.159902984662 1.48323969742e-08               0.0       50.32626777
    "BPM.32R8.B1"       21743.35298                 1  -0.0513423621364 1.48323969742e-08               0.0        50.4624152
    "BPM.33R8.B1"       21796.80149                 1     0.15513042497 1.48323969742e-08               0.0       50.57624975
    "BPM.34R8.B1"       21850.25001                 1    0.044825555953 1.48323969742e-08               0.0       50.71239806
    "BPM.33L1.B1"       21903.69852                 1   -0.222295124218 1.48323969742e-08               0.0       50.82623172
    "BPM.32L1.B1"       21957.14704                 1  -0.0535839856529 1.48323969742e-08               0.0       50.96237915
    "BPM.31L1.B1"       22010.59556                 1   0.0251977933485 1.48323969742e-08               0.0        51.0762137
    "BPM.30L1.B1"       22064.04407                 1    0.182893413803 1.48323969742e-08               0.0         51.212362
    "BPM.29L1.B1"       22117.49259                 1    -0.29042800512 1.48323969742e-08               0.0       51.32619566
    "BPM.28L1.B1"        22170.9411                 1   -0.112341525159 1.48323969742e-08               0.0        51.4623431
    "BPM.27L1.B1"       22224.38962                 1    0.295681671136 1.48323969742e-08               0.0       51.57617765
    "BPM.26L1.B1"       22277.83814                 1   -0.127028921545 1.48323969742e-08               0.0       51.71232595
    "BPM.25L1.B1"       22331.28665                 1   -0.214598582012 1.48323969742e-08               0.0       51.82615961
    "BPM.24L1.B1"       22384.73517                 1  -0.0930421332879 1.48323969742e-08               0.0       51.96230704
    "BPM.23L1.B1"       22438.18368                 1    0.302008214614 1.48323969742e-08               0.0       52.07614159
    "BPM.22L1.B1"        22491.6322                 1   -0.360809341403 1.48323969742e-08               0.0        52.2122899
    "BPM.21L1.B1"       22545.08071                 1   0.0901026463648 1.48323969742e-08               0.0       52.32612356
    "BPM.20L1.B1"       22598.52923                 1   -0.223139351687 1.48323969742e-08               0.0       52.46227218
    "BPM.19L1.B1"       22651.97775                 1    0.252826720738 1.48323969742e-08               0.0       52.57610772
    "BPM.18L1.B1"       22705.42626                 1   -0.158526952358 1.48323969742e-08               0.0       52.71225603
    "BPM.17L1.B1"       22758.87478                 1  -0.0283370966321 1.48323969742e-08               0.0       52.82608969
    "BPM.16L1.B1"       22812.32329                 1  -0.0981896722121 1.48323969742e-08               0.0       52.96223831
    "BPM.15L1.B1"       22865.77181                 1    0.192084812032 1.48323969742e-08               0.0       53.07607385
    "BPM.14L1.B1"       22919.22033                 1   0.0245731948848 1.48323969742e-08               0.0       53.21222216
    "BPM.13L1.B1"       22972.66884                 1   0.0167719488803 1.48323969742e-08               0.0       53.32605582
    "BPM.12L1.B1"       23026.11736                 1   -0.156308157956 1.48323969742e-08               0.0       53.46404064
    "BPM.11L1.B1"       23079.56587                 1    0.145397758368 1.48323969742e-08               0.0       53.57176455
    "BPM.10L1.B1"       23132.34658                 1  -0.0477245076197 1.48323969742e-08               0.0       53.70322954
     "BPM.9L1.B1"        23171.4116                 1  0.00536094047576 1.48323969742e-08               0.0       53.81084481
     "BPM.8L1.B1"       23211.87461                 1   -0.198459126318 1.48323969742e-08               0.0        53.9950118
    "BPMR.7L1.B1"       23250.94062                 1    0.289307203658 1.48323969742e-08               0.0       54.09404628
     "BPM.6L1.B1"       23294.12462                 1    0.118465393089 1.48323969742e-08               0.0         54.202662
    "BPMR.5L1.B1"       23326.02462                 1    0.486685282173 1.48323969742e-08               0.0       54.21734278
   "BPMYA.4L1.B1"       23347.14262                 1   0.0805890952742 1.48323969742e-08               0.0       54.22172664
   "BPMWB.4L1.B1"       23368.27512                 1   -0.495806760038 1.48323969742e-08               0.0       54.22452905
   "BPMSY.4L1.B1"       23461.05512                 1    -1.58367455601 1.48323969742e-08               0.0       54.23269841
    "BPMS.2L1.B1"       23487.84062                 1   -0.249453256435 1.48323969742e-08               0.0       54.23384052
   "BPMSW.1L1.B1"       23497.79062                 1    0.308243710332 1.48323969742e-08               0.0        54.2346751
   "BPMSW.1R1.B1"       23540.93362                 1    -1.44707930079 1.48323969742e-08               0.0       54.72877337
    "BPMS.2R1.B1"       23550.89862                 1    -0.02474692339 1.48323969742e-08               0.0       54.72984829
   "BPMSY.4R1.B1"       23577.68412                 1   -0.458352206468 1.48323969742e-08               0.0       54.73150531
   "BPMWB.4R1.B1"       23670.46412                 1   0.0594165102045 1.48323969742e-08               0.0       54.73870256
   "BPMYA.4R1.B1"       23691.59662                 1   -0.265538242011 1.48323969742e-08               0.0       54.74493876
     "BPM.5R1.B1"       23719.00462                 1   -0.265604687026 1.48323969742e-08               0.0       54.76543758
    "BPMR.6R1.B1"       23750.90462                 1   0.0168028011712 1.48323969742e-08               0.0       55.04470962
   "BPMSX.7R1.B1"       23757.12012                 1   -0.254473575241 1.48323969742e-08               0.0        55.1215284
   "BPM_A.7R1.B1"       23778.62862                 1     3.60918029242 1.48323969742e-08               0.0       55.18758116
     "BPM.8R1.B1"       23820.06761                 1     0.31451327253 1.48323969742e-08               0.0        55.3027891
     "BPM.9R1.B1"        23859.1346                 1  -0.0687080977394 1.48323969742e-08               0.0       55.50547469
    "BPM.10R1.B1"       23899.59958                 1      -0.158682833 1.48323969742e-08               0.0       55.59735796
    "BPM.11R1.B1"       23952.38227                 1   0.0633201357727 1.48323969742e-08               0.0       55.71867387
    "BPM.12R1.B1"       24007.10876                 1   0.0548487174606 1.48323969742e-08               0.0       55.83050179
    "BPM.13R1.B1"       24060.56024                 1   0.0398701122182 1.48323969742e-08               0.0       55.96323119
    "BPM.14R1.B1"       24114.01173                 1   -0.191671717875 1.48323969742e-08               0.0       56.07707335
    "BPM.15R1.B1"       24167.46321                 1   0.0985100279288 1.48323969742e-08               0.0       56.21323315
    "BPM.16R1.B1"       24220.91469                 1   -0.372198036923 1.48323969742e-08               0.0       56.32707736
    "BPM.17R1.B1"       24274.36618                 1    0.125512377576 1.48323969742e-08               0.0       56.46323761
    "BPM.18R1.B1"       24327.81766                 1   -0.155084460802 1.48323969742e-08               0.0       56.57707988
    "BPM.19R1.B1"       24381.26915                 1   0.0865423947318 1.48323969742e-08               0.0       56.71323968
    "BPM.20R1.B1"       24434.72063                 1     -0.1768944469 1.48323969742e-08               0.0        56.8270839
    "BPM.21R1.B1"       24488.17211                 1     0.20406573107 1.48323969742e-08               0.0       56.96324415
    "BPM.22R1.B1"        24541.6236                 1   -0.193401404965 1.48323969742e-08               0.0       57.07708642
    "BPM.23R1.B1"       24595.07508                 1    0.146679499864 1.48323969742e-08               0.0       57.21324503
    "BPM.24R1.B1"       24648.52657                 1   -0.264926118971 1.48323969742e-08               0.0        57.3270864
    "BPM.25R1.B1"       24701.97805                 1     0.10966288463 1.48323969742e-08               0.0       57.46324415
    "BPM.26R1.B1"       24755.42954                 1   -0.382680310861 1.48323969742e-08               0.0       57.57708642
    "BPM.27R1.B1"       24808.88102                 1   0.0373051754621 1.48323969742e-08               0.0       57.71324503
    "BPM.28R1.B1"        24862.3325                 1   -0.226648969833 1.48323969742e-08               0.0        57.8270864
    "BPM.29R1.B1"       24915.78399                 1    0.100173882012 1.48323969742e-08               0.0       57.96324415
    "BPM.30R1.B1"       24969.23547                 1  -0.0638412660576 1.48323969742e-08               0.0       58.07708642
    "BPM.31R1.B1"       25022.68696                 1    0.093026565597 1.48323969742e-08               0.0       58.21324503
    "BPM.32R1.B1"       25076.13844                 1  -0.0684895069864 1.48323969742e-08               0.0        58.3270864
    "BPM.33R1.B1"       25129.58992                 1  -0.0355529059288 1.48323969742e-08               0.0       58.46324415
    "BPM.34R1.B1"       25183.04141                 1    0.114769130415 1.48323969742e-08               0.0       58.57708642
    "BPM.33L2.B1"       25236.49289                 1   -0.154284804008 1.48323969742e-08               0.0       58.71324503
    "BPM.32L2.B1"       25289.94438                 1   0.0885321831212 1.48323969742e-08               0.0        58.8270864
    "BPM.31L2.B1"       25343.39586                 1  -0.0715596552939 1.48323969742e-08               0.0       58.96324415
    "BPM.30L2.B1"       25396.84734                 1   -0.145852131321 1.48323969742e-08               0.0       59.07708642
    "BPM.29L2.B1"       25450.29883                 1   0.0779464060167 1.48323969742e-08               0.0       59.21324503
    "BPM.28L2.B1"       25503.75031                 1    0.164401543285 1.48323969742e-08               0.0        59.3270864
    "BPM.27L2.B1"        25557.2018                 1   -0.110113134509 1.48323969742e-08               0.0       59.46324415
    "BPM.26L2.B1"       25610.65328                 1    0.171188836558 1.48323969742e-08               0.0       59.57708642
    "BPM.25L2.B1"       25664.10477                 1   -0.169489510918 1.48323969742e-08               0.0       59.71324503
    "BPM.24L2.B1"       25717.55625                 1  -0.0551824314091 1.48323969742e-08               0.0        59.8270864
    "BPM.23L2.B1"       25771.00773                 1  -0.0502868494455 1.48323969742e-08               0.0       59.96324415
    "BPM.22L2.B1"       25824.45922                 1    -0.16406369448 1.48323969742e-08               0.0       60.07708642
    "BPM.21L2.B1"        25877.9107                 1   -0.188992125114 1.48323969742e-08               0.0       60.21324503
    "BPM.20L2.B1"       25931.36219                 1    0.160183745164 1.48323969742e-08               0.0       60.32708825
    "BPM.19L2.B1"       25984.81367                 1   0.0141328947409 1.48323969742e-08               0.0       60.46324969
    "BPM.18L2.B1"       26038.26515                 1   -0.269948721755 1.48323969742e-08               0.0       60.57709295
    "BPM.17L2.B1"       26091.71664                 1  -0.0360462643712 1.48323969742e-08               0.0       60.71325156
    "BPM.16L2.B1"       26145.16812                 1    0.398490417117 1.48323969742e-08               0.0       60.82709479
    "BPM.15L2.B1"       26198.61961                 1   -0.233390929812 1.48323969742e-08               0.0       60.96325623
    "BPM.14L2.B1"       26252.07109                 1   0.0482407164879 1.48323969742e-08               0.0       61.07709949
    "BPM.13L2.B1"       26305.52257                 1   0.0168691117803 1.48323969742e-08               0.0        61.2132581
    "BPM.12L2.B1"       26358.97406                 1  -0.0245487069879 1.48323969742e-08               0.0       61.33145893
    "BPM.11L2.B1"       26412.42554                 1   -0.218198573545 1.48323969742e-08               0.0       61.47187703
    "BPM.10L2.B1"       26464.26623                 1    0.351505902123 1.48323969742e-08               0.0       61.58317875
     "BPM.9L2.B1"       26503.33322                 1  -0.0143945213894 1.48323969742e-08               0.0       61.70563118
     "BPM.8L2.B1"       26543.79821                 1  -0.0675140670837 1.48323969742e-08               0.0       61.84459768
     "BPM.7L2.B1"        26582.8662                 1    0.151473720086 1.48323969742e-08               0.0       62.02647857
    "BPMR.6L2.B1"        26614.9722                 1   -0.432447981142 1.48323969742e-08               0.0       62.12478977