@ GetLLMVersion %s "V3.0.0 Dev"
@ Command %s "/afs/cern.ch/work/o/omc/anaconda/bin/python '/afs/cern.ch/work/e/efol/public/Beta-Beat.src/GetLLM/GetLLM.py' '--accel=LHCB1' '--model=/afs/cern.ch/work/e/efol/public/betabeatGui/temp/2017-12-20/models/LHCB1/Multiturn-model_40cm_2041/twiss.dat' '--files=/afs/cern.ch/work/e/efol/public/betabeatGui/temp/2017-12-20/LHCB1/Measurements/Beam1@Turn@2017_09_11@19_02_33_250_notcleaned/Beam1@Turn@2017_09_11@19_02_33_250_notcleaned.sdds' '--output=/afs/cern.ch/work/e/efol/public/betabeatGui/temp/2017-12-20/LHCB1/Results/40cm_notcleaned' '--tbtana=SUSSIX' '--bpmu=mm' '--lhcphase=1' '--errordefs=/afs/cern.ch/work/e/efol/public/betabeatGui/temp/2017-12-20/models/LHCB1/Multiturn-model_40cm_2041/error_deff.txt'"
@ CWD %s "/home/efol/Workspaces/Accsoft-Eclipse-Pro/lhc-app-beta-beating"
@ Date %s "20. December 2017, 16:53:14"
@ Q1 %le 0.309858442458
@ MUX %le 78.3098584425
@ Q2 %le 0.31942165071
@ MUY %le 64.3194216507
@ FILES %s "/afs/cern.ch/work/e/efol/public/betabeatGui/temp/2017-12-20/LHCB1/Measurements/Beam1@Turn@2017_09_11@19_02_33_250_notcleaned/Beam1@Turn@2017_09_11@19_02_33_250_notcleaned.sdds.liny"
*            NAME             NAME2                 S                S1             COUNT            PHASEY            STDPHY            PHYMDL            MUYMDL
$              %s                %s               %le               %le               %le               %le               %le               %le               %le
   "BPMYB.5L2.B1"    "BPMYB.4L2.B1"            28.288            48.858                 1    0.051125106129                 0      0.0533393334      0.1162609817
   "BPMYB.4L2.B1"    "BPMWI.4L2.B1"            48.858           73.3255                 1    0.034291409305                 0      0.0349424636      0.1696003151
   "BPMWI.4L2.B1"    "BPMSX.4L2.B1"           73.3255          123.4825                 1    0.084853325598                 0      0.0813594171      0.2045427787
   "BPMSX.4L2.B1"     "BPMS.2L2.B1"          123.4825           161.394                 1     0.04580968315                 0      0.0435306625      0.2859021958
    "BPMS.2L2.B1"    "BPMSW.1L2.B1"           161.394           171.328                 1    0.015467843791                 0      0.0179466649      0.3294328583
   "BPMSW.1L2.B1"    "BPMSW.1R2.B1"           171.328           214.518                 1    0.682120631185                 0      0.3619539751      0.3473795232
   "BPMSW.1R2.B1"     "BPMS.2R2.B1"           214.518           224.452                 1    0.033577210817                 0      0.0234252631      0.7093334983
    "BPMS.2R2.B1"    "BPMSX.4R2.B1"           224.452          262.3635                 1     0.05906774773                 0      0.0504049414      0.7327587614
   "BPMSX.4R2.B1"    "BPMWB.4R2.B1"          262.3635          312.5965                 1    0.064575114899                 0      0.0692119918      0.7831637028
   "BPMWB.4R2.B1"    "BPMYB.4R2.B1"          312.5965           336.988                 1   0.0490391149337                 0      0.0511288538      0.8523756946
   "BPMYB.4R2.B1"     "BPMR.5R2.B1"           336.988           366.522                 1   0.0400337299417                 0      0.0347562765      0.9035045484
    "BPMR.5R2.B1"      "BPM.6R2.B1"           366.522           439.818                 1      0.2600217316                 0      0.2643620921      0.9382608249
     "BPM.6R2.B1"    "BPM_A.7R2.B1"           439.818           452.693                 1    0.037576791013                 0       0.031317587       1.202622917
   "BPM_A.7R2.B1"      "BPM.8R2.B1"           452.693       494.1300106                 1    0.098466321479                 0       0.094306823       1.233940504
     "BPM.8R2.B1"      "BPM.9R2.B1"       494.1300106       533.1950212                 1    0.096102229449                 0        0.10537017       1.328247327
     "BPM.9R2.B1"     "BPM.10R2.B1"       533.1950212       573.6580318                 1     0.10876470599                 0       0.111591561       1.433617497
    "BPM.10R2.B1"     "BPM.11R2.B1"       573.6580318       625.4967424                 1    0.177331190803                 0       0.172495648       1.545209058
    "BPM.11R2.B1"     "BPM.12R2.B1"       625.4967424       680.2202583                 1    0.114316689685                 0        0.11871355       1.717704706
    "BPM.12R2.B1"     "BPM.13R2.B1"       680.2202583       733.6687742                 1    0.149048855366                 0       0.144371576       1.836418256
    "BPM.13R2.B1"     "BPM.14R2.B1"       733.6687742       787.1172901                 1    0.105654822106                 0       0.111818805       1.980789832
    "BPM.14R2.B1"     "BPM.15R2.B1"       787.1172901        840.565806                 1    0.137923412515                 0       0.131641076       2.092608637
    "BPM.15R2.B1"     "BPM.16R2.B1"        840.565806       894.0143219                 1    0.106292555006                 0       0.107232626       2.224249713
    "BPM.16R2.B1"     "BPM.17R2.B1"       894.0143219       947.4628378                 1    0.122477983215                 0        0.12824025       2.331482339
    "BPM.17R2.B1"     "BPM.18R2.B1"       947.4628378       1000.911354                 1    0.112583842742                 0       0.111415748       2.459722589
    "BPM.18R2.B1"     "BPM.19R2.B1"       1000.911354        1054.35987                 1    0.138352655915                 0       0.132287474       2.571138337
    "BPM.19R2.B1"     "BPM.20R2.B1"        1054.35987       1107.808386                 1     0.10195784883                 0       0.107680473       2.703425811
    "BPM.20R2.B1"     "BPM.21R2.B1"       1107.808386       1161.256901                 1    0.121708226446                 0       0.127691588       2.811106284
    "BPM.21R2.B1"     "BPM.22R2.B1"       1161.256901       1214.705417                 1    0.118644774536                 0        0.11087583       2.938797872
    "BPM.22R2.B1"     "BPM.23R2.B1"       1214.705417       1268.153933                 1    0.134623857458                 0       0.132080918       3.049673702
    "BPM.23R2.B1"     "BPM.24R2.B1"       1268.153933       1321.602449                 1    0.101995643684                 0       0.110885826        3.18175462
    "BPM.24R2.B1"     "BPM.25R2.B1"       1321.602449       1375.050965                 1    0.134627649768                 0        0.13208699       3.292640446
    "BPM.25R2.B1"     "BPM.26R2.B1"       1375.050965       1428.499481                 1    0.114706764221                 0       0.110876453       3.424727436
    "BPM.26R2.B1"     "BPM.27R2.B1"       1428.499481       1481.947997                 1    0.131255467508                 0       0.132079966       3.535603889
    "BPM.27R2.B1"     "BPM.28R2.B1"       1481.947997       1535.396513                 1    0.112852394603                 0       0.110885286       3.667683855
    "BPM.28R2.B1"     "BPM.29R2.B1"       1535.396513       1588.845029                 1    0.127436870097                 0       0.132087888       3.778569141
    "BPM.29R2.B1"     "BPM.30R2.B1"       1588.845029       1642.293545                 1    0.110920399888                 0       0.110877061       3.910657029
    "BPM.30R2.B1"     "BPM.31R2.B1"       1642.293545        1695.74206                 1     0.13217602125                 0       0.132079131        4.02153409
    "BPM.31R2.B1"     "BPM.32R2.B1"        1695.74206       1749.190576                 1    0.117176489099                 0       0.110884613       4.153613221
    "BPM.32R2.B1"     "BPM.33R2.B1"       1749.190576       1802.639092                 1    0.128313248307                 0       0.132088655       4.264497834
    "BPM.33R2.B1"     "BPM.34R2.B1"       1802.639092       1856.087608                 1    0.104360319281                 0       0.110877793       4.396586489
    "BPM.34R2.B1"     "BPM.33L3.B1"       1856.087608       1909.536124                 1    0.134042267557                 0       0.132078437       4.507464282
    "BPM.33L3.B1"     "BPM.32L3.B1"       1909.536124        1962.98464                 1    0.118645706323                 0       0.110883828       4.639542719
    "BPM.32L3.B1"     "BPM.31L3.B1"        1962.98464       2016.433156                 1    0.131785063041                 0       0.132089269       4.750426547
    "BPM.31L3.B1"     "BPM.30L3.B1"       2016.433156       2069.881672                 1     0.10701774697                 0       0.110878626       4.882515816
    "BPM.30L3.B1"     "BPM.29L3.B1"       2069.881672       2123.330188                 1     0.13512670128                 0       0.132077908       4.993394442
    "BPM.29L3.B1"     "BPM.27L3.B1"       2123.330188        2230.22722                 1    0.243163074415                 0       0.242972663        5.12547235
    "BPM.27L3.B1"     "BPM.26L3.B1"        2230.22722       2283.675735                 1    0.108583897121                 0       0.110879533       5.368445013
    "BPM.26L3.B1"     "BPM.25L3.B1"       2283.675735       2337.124251                 1    0.136945221031                 0       0.132077561       5.479324546
    "BPM.25L3.B1"     "BPM.24L3.B1"       2337.124251       2390.572767                 1    0.112056937189                 0       0.110882021       5.611402107
    "BPM.24L3.B1"     "BPM.23L3.B1"       2390.572767       2444.021283                 1    0.133096940818                 0       0.132089961       5.722284128
    "BPM.23L3.B1"     "BPM.22L3.B1"       2444.021283       2497.469799                 1    0.105973565404                 0       0.110880486       5.854374089
    "BPM.22L3.B1"     "BPM.21L3.B1"       2497.469799       2550.918315                 1    0.132839302125                 0       0.132077405       5.965254575
    "BPM.21L3.B1"     "BPM.20L3.B1"       2550.918315       2604.366831                 1    0.107228802182                 0       0.107615981        6.09733198
    "BPM.20L3.B1"     "BPM.19L3.B1"       2604.366831       2657.815347                 1    0.128575900804                 0       0.127883711       6.204947961
    "BPM.19L3.B1"     "BPM.18L3.B1"       2657.815347       2711.263863                 1    0.111333340428                 0       0.110969913       6.332831672
    "BPM.18L3.B1"     "BPM.17L3.B1"       2711.263863       2764.712379                 1    0.133822857802                 0       0.132598745       6.443801585
    "BPM.17L3.B1"     "BPM.16L3.B1"       2764.712379       2818.160894                 1    0.108786428667                 0       0.108141358        6.57640033
    "BPM.16L3.B1"     "BPM.15L3.B1"       2818.160894        2871.60941                 1    0.125956588773                 0       0.127469782       6.684541688
    "BPM.15L3.B1"     "BPM.14L3.B1"        2871.60941       2925.057926                 1    0.109419061278                 0       0.110371929        6.81201147
    "BPM.14L3.B1"     "BPM.13L3.B1"       2925.057926       2978.506442                 1    0.130250339933                 0       0.132946914       6.922383399
    "BPM.13L3.B1"     "BPM.12L3.B1"       2978.506442       3031.954958                 1     0.10776164682                 0       0.114407266       7.055330313
    "BPM.12L3.B1"     "BPM.11L3.B1"       3031.954958       3085.403474                 1    0.138239058218                 0       0.132057867       7.169737579
    "BPM.11L3.B1"     "BPM.10L3.B1"       3085.403474       3138.184185                 1    0.108659594144                 0       0.107826465       7.301795446
    "BPM.10L3.B1"      "BPM.9L3.B1"       3138.184185       3177.249195                 1    0.122601438072                 0       0.117592499       7.409621911
     "BPM.9L3.B1"      "BPM.8L3.B1"       3177.249195       3217.712206                 1    0.165465426314                 0       0.166536749        7.52721441
     "BPM.8L3.B1"      "BPM.7L3.B1"       3217.712206       3256.776216                 1    0.168985857325                 0       0.173180538       7.693751159
     "BPM.7L3.B1"      "BPM.6L3.B1"       3256.776216       3329.415216                 1    0.122298419401                 0       0.119356207       7.866931697
     "BPM.6L3.B1"   "BPMWG.A5L3.B1"       3329.415216       3371.119716                 1   0.0460927323987                 0       0.046773464       7.986287904
  "BPMWG.A5L3.B1"     "BPMW.5L3.B1"       3371.119716       3400.089716                 1   0.0089277076868                 0       0.015599438       8.033061368
    "BPMW.5L3.B1"    "BPMWE.4L3.B1"       3400.089716       3475.217716                 1   0.0819331285109                 0       0.073424984       8.048660806
   "BPMWE.4L3.B1"     "BPMW.4L3.B1"       3475.217716       3502.762716                 1    0.040803360144                 0       0.045627189        8.12208579
    "BPMW.4L3.B1"     "BPMW.4R3.B1"       3502.762716       3547.727716                 1    0.033429062056                 0       0.035143175       8.167712979
    "BPMW.4R3.B1"    "BPMWE.4R3.B1"       3547.727716       3575.272716                 1    0.012794795107                 0       0.011288934       8.202856154
   "BPMWE.4R3.B1"     "BPMW.5R3.B1"       3575.272716       3650.400716                 1    0.069016176495                 0       0.073385705       8.214145088
    "BPMW.5R3.B1"   "BPMWJ.A5R3.B1"       3650.400716       3679.118716                 1    0.068642779788                 0       0.063361299       8.287530793
  "BPMWJ.A5R3.B1"    "BPMWC.6R3.B1"       3679.118716       3718.936716                 1    0.042498996554                 0        0.04495779       8.350892092
   "BPMWC.6R3.B1"     "BPMR.6R3.B1"       3718.936716       3731.015216                 1    0.007860213405                 0       0.007674948       8.395849882
    "BPMR.6R3.B1"    "BPM_A.7R3.B1"       3731.015216       3786.839216                 1     0.06922523747                 0       0.071513365        8.40352483
   "BPM_A.7R3.B1"      "BPM.8R3.B1"       3786.839216       3825.903227                 1    0.062762280071                 0       0.062016277       8.475038195
     "BPM.8R3.B1"      "BPM.9R3.B1"       3825.903227       3864.968238                 1    0.049205635068                 0       0.052763452       8.537054472
     "BPM.9R3.B1"     "BPM.10R3.B1"       3864.968238       3905.431248                 1    0.064179392435                 0       0.063215803       8.589817924
    "BPM.10R3.B1"     "BPM.11R3.B1"       3905.431248       3958.211959                 1    0.094951533244                 0       0.101698724       8.653033727
    "BPM.11R3.B1"     "BPM.12R3.B1"       3958.211959       4012.935475                 1    0.129506855775                 0       0.122071624       8.754732451
    "BPM.12R3.B1"     "BPM.13R3.B1"       4012.935475       4066.383991                 1    0.115194407322                 0       0.114971646       8.876804075
    "BPM.13R3.B1"     "BPM.14R3.B1"       4066.383991       4119.832506                 1    0.129782342963                 0       0.130690314       8.991775721
    "BPM.14R3.B1"     "BPM.15R3.B1"       4119.832506       4173.281022                 1    0.136068635143                 0       0.106964662       9.122466035
    "BPM.15R3.B1"     "BPM.17R3.B1"       4173.281022       4280.178054                 1    0.207060502396                 0       0.240941351       9.229430697
    "BPM.17R3.B1"     "BPM.18R3.B1"       4280.178054        4333.62657                 1    0.142588691572                 0       0.131427817       9.470372048
    "BPM.18R3.B1"     "BPM.19R3.B1"        4333.62657       4387.075086                 1     0.10577580084                 0       0.107217558       9.601799865
    "BPM.19R3.B1"     "BPM.20R3.B1"       4387.075086       4440.523602                 1    0.134097303695                 0       0.128446381       9.709017423
    "BPM.20R3.B1"     "BPM.21R3.B1"       4440.523602       4493.972118                 1    0.105670687644                 0       0.111459847       9.837463804
    "BPM.21R3.B1"     "BPM.22R3.B1"       4493.972118       4547.420634                 1    0.133092751808                 0       0.132081639       9.948923651
    "BPM.22R3.B1"     "BPM.23R3.B1"       4547.420634        4600.86915                 1    0.107401238943                 0        0.11088467       10.08100529
    "BPM.23R3.B1"     "BPM.24R3.B1"        4600.86915       4654.317666                 1    0.132203011647                 0         0.1320868       10.19188996
    "BPM.24R3.B1"     "BPM.25R3.B1"       4654.317666       4707.766181                 1    0.109920365492                 0         0.1108776       10.32397676
    "BPM.25R3.B1"     "BPM.26R3.B1"       4707.766181       4761.214697                 1    0.140077432117                 0        0.13208026       10.43485436
    "BPM.26R3.B1"     "BPM.27R3.B1"       4761.214697       4814.663213                 1    0.112351617777                 0        0.11088417       10.56693462
    "BPM.27R3.B1"     "BPM.28R3.B1"       4814.663213       4868.111729                 1    0.131524075043                 0        0.13208747       10.67781879
    "BPM.28R3.B1"     "BPM.29R3.B1"       4868.111729       4921.560245                 1    0.113398551645                 0        0.11087815       10.80990626
    "BPM.29R3.B1"     "BPM.30R3.B1"       4921.560245       4975.008761                 1     0.12885788806                 0        0.13207966       10.92078441
    "BPM.30R3.B1"     "BPM.31R3.B1"       4975.008761       5028.457277                 1    0.111908162037                 0        0.11088356       11.05286407
    "BPM.31R3.B1"     "BPM.32R3.B1"       5028.457277       5081.905793                 1    0.126235635565                 0        0.13208803       11.16374763
    "BPM.32R3.B1"     "BPM.33R3.B1"       5081.905793       5135.354309                 1    0.119978562484                 0        0.11087879       11.29583566
    "BPM.33R3.B1"     "BPM.34R3.B1"       5135.354309       5188.802825                 1    0.128440062301                 0        0.13207917       11.40671445
    "BPM.34R3.B1"     "BPM.33L4.B1"       5188.802825        5242.25134                 1    0.100197603248                 0        0.11088289       11.53879362
    "BPM.33L4.B1"     "BPM.32L4.B1"        5242.25134       5295.699856                 1    0.138408782599                 0        0.13208843       11.64967651
    "BPM.32L4.B1"     "BPM.31L4.B1"       5295.699856       5349.148372                 1    0.109734968619                 0        0.11087951       11.78176494
    "BPM.31L4.B1"     "BPM.30L4.B1"       5349.148372       5402.596888                 1    0.138872788234                 0        0.13207883       11.89264445
    "BPM.30L4.B1"     "BPM.29L4.B1"       5402.596888       5456.045404                 1     0.13123261992                 0        0.11088214       12.02472328
    "BPM.29L4.B1"     "BPM.28L4.B1"       5456.045404        5509.49392                 1    0.104523182664                 0        0.13208871       12.13560542
    "BPM.28L4.B1"     "BPM.27L4.B1"        5509.49392       5562.942436                 1    0.109684826807                 0        0.11088026       12.26769413
    "BPM.27L4.B1"     "BPM.26L4.B1"       5562.942436       5616.390952                 1    0.135795477554                 0        0.13207864       12.37857439
    "BPM.26L4.B1"     "BPM.25L4.B1"       5616.390952       5669.839468                 1    0.115407118373                 0        0.11088137       12.51065303
    "BPM.25L4.B1"     "BPM.24L4.B1"       5669.839468       5723.287984                 1    0.130885892282                 0        0.13208882        12.6215344
    "BPM.24L4.B1"     "BPM.23L4.B1"       5723.287984         5776.7365                 1    0.107396245151                 0        0.11088105       12.75362322
    "BPM.23L4.B1"     "BPM.22L4.B1"         5776.7365       5830.185015                 1    0.134858741281                 0         0.1320786       12.86450427
    "BPM.22L4.B1"     "BPM.21L4.B1"       5830.185015       5883.633531                 1    0.105683104133                 0        0.11088059       12.99658287
    "BPM.21L4.B1"     "BPM.20L4.B1"       5883.633531       5937.082047                 1    0.131238859089                 0        0.13279264       13.10746346
    "BPM.20L4.B1"     "BPM.19L4.B1"       5937.082047       5990.530563                 1    0.112642768191                 0        0.10824492        13.2402561
    "BPM.19L4.B1"     "BPM.17L4.B1"       5990.530563       6097.427595                 1    0.236761788582                 0        0.23754093       13.34850102
    "BPM.17L4.B1"     "BPM.16L4.B1"       6097.427595       6150.876111                 1    0.134786351808                 0        0.13310491       13.58604195
    "BPM.16L4.B1"     "BPM.15L4.B1"       6150.876111       6204.324627                 1    0.118414210845                 0        0.10889916       13.71914686
    "BPM.15L4.B1"     "BPM.14L4.B1"       6204.324627       6257.773143                 1    0.125794806706                 0        0.12710459       13.82804602
    "BPM.14L4.B1"     "BPM.13L4.B1"       6257.773143       6311.221659                 1    0.106201676431                 0        0.10955023       13.95515061
    "BPM.13L4.B1"     "BPM.12L4.B1"       6311.221659       6364.670174                 1    0.133141424241                 0        0.13276914       14.06470084
    "BPM.12L4.B1"     "BPM.11L4.B1"       6364.670174        6418.11869                 1    0.112163432803                 0        0.10511268       14.19746998
    "BPM.11L4.B1"     "BPM.10L4.B1"        6418.11869       6469.957401                 1    0.110157812563                 0        0.11704934       14.30258266
    "BPM.10L4.B1"      "BPM.9L4.B1"       6469.957401       6509.022412                 1     0.06134752767                 0        0.06062995         14.419632
     "BPM.9L4.B1"      "BPM.7L4.B1"       6509.022412       6588.549433                 1    0.123155655666                 0        0.13770387       14.48026195
     "BPM.7L4.B1"    "BPMYB.6L4.B1"       6588.549433       6685.153433                 1    0.086410940469                 0        0.07763958       14.61796582
   "BPMYB.6L4.B1"    "BPMYA.5L4.B1"       6685.153433       6722.153433                 1    0.015082202158                 0        0.01509281        14.6956054
   "BPMYA.5L4.B1"   "BPMWI.A5L4.B1"       6722.153433       6798.755933                 1    0.053961647538                 0         0.0561891       14.71069821
  "BPMWI.A5L4.B1"   "BPMWA.B5L4.B1"       6798.755933       6824.619933                 1     0.02234771664                 0        0.01882946       14.76688731
  "BPMWA.B5L4.B1"   "BPMWA.A5L4.B1"       6824.619933       6833.504933                 1    0.006507817415                 0        0.00627548       14.78571677
  "BPMWA.A5L4.B1"   "BPMWA.A5R4.B1"       6833.504933       6881.553933                 1    0.025019547048                 0        0.03143634       14.79199225
  "BPMWA.A5R4.B1"   "BPMWA.B5R4.B1"       6881.553933       6890.438933                 1    0.999477982962                 0        0.00527843       14.82342859
  "BPMWA.B5R4.B1"    "BPMYB.5R4.B1"       6890.438933       6992.829433                 1   0.0573591207217                 0        0.04839897       14.82870702
   "BPMYB.5R4.B1"    "BPMYA.6R4.B1"       6992.829433       7024.393433                 1   0.0255214370798                 0        0.02132543       14.87710599
   "BPMYA.6R4.B1"      "BPM.7R4.B1"       7024.393433       7120.909433                 1    0.112270198094                 0        0.11919309       14.89843142
     "BPM.7R4.B1"      "BPM.8R4.B1"       7120.909433       7158.698443                 1    0.130505755202                 0        0.13236043       15.01762451
     "BPM.8R4.B1"      "BPM.9R4.B1"       7158.698443       7197.763454                 1    0.204022554139                 0        0.20270531       15.14998494
     "BPM.9R4.B1"     "BPM.10R4.B1"       7197.763454       7238.226465                 1    0.075015177613                 0        0.07137766       15.35269025
    "BPM.10R4.B1"     "BPM.11R4.B1"       7238.226465       7290.065175                 1    0.103261386801                 0        0.10791436       15.42406791
    "BPM.11R4.B1"     "BPM.12R4.B1"       7290.065175       7344.788691                 1    0.112789642494                 0        0.11297649       15.53198227
    "BPM.12R4.B1"     "BPM.13R4.B1"       7344.788691       7398.237207                 1    0.132761127381                 0        0.13223546       15.64495876
    "BPM.13R4.B1"     "BPM.14R4.B1"       7398.237207       7451.685723                 1    0.110900636031                 0        0.11383325       15.77719422
    "BPM.14R4.B1"     "BPM.15R4.B1"       7451.685723       7505.134239                 1    0.139249913852                 0        0.13613936       15.89102747
    "BPM.15R4.B1"     "BPM.16R4.B1"       7505.134239       7558.582755                 1    0.111550357254                 0        0.11382939       16.02716683
    "BPM.16R4.B1"     "BPM.17R4.B1"       7558.582755       7612.031271                 1    0.132257766274                 0         0.1361493       16.14099622
    "BPM.17R4.B1"     "BPM.18R4.B1"       7612.031271       7665.479786                 1    0.115247537589                 0        0.11383338       16.27714552
    "BPM.18R4.B1"     "BPM.19R4.B1"       7665.479786       7718.928302                 1    0.138490499811                 0        0.13613937        16.3909789
    "BPM.19R4.B1"     "BPM.20R4.B1"       7718.928302       7772.376818                 1    0.110346705499                 0        0.11382938       16.52711827
    "BPM.20R4.B1"     "BPM.21R4.B1"       7772.376818       7825.825334                 1    0.134866331719                 0         0.1361493       16.64094765
    "BPM.21R4.B1"     "BPM.22R4.B1"       7825.825334        7879.27385                 1    0.104221401634                 0        0.11383338       16.77709695
    "BPM.22R4.B1"     "BPM.23R4.B1"        7879.27385       7932.722366                 1    0.145931228196                 0        0.13613982       16.89093033
    "BPM.23R4.B1"     "BPM.24R4.B1"       7932.722366       7986.170882                 1     0.11640867036                 0        0.11383473       17.02707015
    "BPM.24R4.B1"     "BPM.25R4.B1"       7986.170882       8039.619398                 1    0.132852196011                 0        0.13615601       17.14090488
    "BPM.25R4.B1"     "BPM.26R4.B1"       8039.619398       8093.067914                 1    0.114025232028                 0        0.11383339       17.27706089
    "BPM.26R4.B1"     "BPM.27R4.B1"       8093.067914        8146.51643                 1    0.139778504831                 0        0.13613981       17.39089428
    "BPM.27R4.B1"     "BPM.28R4.B1"        8146.51643       8199.964946                 1    0.107215489205                 0        0.11383473       17.52703409
    "BPM.28R4.B1"     "BPM.29R4.B1"       8199.964946       8253.413461                 1     0.14385077965                 0        0.13615601       17.64086882
    "BPM.29R4.B1"     "BPM.30R4.B1"       8253.413461       8306.861977                 1    0.109832377839                 0        0.11383339       17.77702483
    "BPM.30R4.B1"     "BPM.31R4.B1"       8306.861977       8360.310493                 1    0.140738667238                 0        0.13613981       17.89085822
    "BPM.31R4.B1"     "BPM.32R4.B1"       8360.310493       8413.759009                 1     0.11856157822                 0        0.11383473       18.02699803
    "BPM.32R4.B1"     "BPM.33R4.B1"       8413.759009       8467.207525                 1    0.136281077754                 0        0.13615601       18.14083276
    "BPM.33R4.B1"     "BPM.34R4.B1"       8467.207525       8520.656041                 1     0.10948224324                 0         0.1138334       18.27698877
    "BPM.34R4.B1"     "BPM.33L5.B1"       8520.656041       8574.104557                 1     0.13536353051                 0        0.13613981       18.39082217
    "BPM.33L5.B1"     "BPM.32L5.B1"       8574.104557       8627.553073                 1    0.120162132048                 0        0.11383472       18.52696198
    "BPM.32L5.B1"     "BPM.31L5.B1"       8627.553073       8681.001589                 1    0.133374842765                 0        0.13615601        18.6407967
    "BPM.31L5.B1"     "BPM.30L5.B1"       8681.001589       8734.450105                 1    0.103656104779                 0         0.1138334       18.77695271
    "BPM.30L5.B1"     "BPM.29L5.B1"       8734.450105        8787.89862                 1    0.146486481597                 0        0.13613981       18.89078611
    "BPM.29L5.B1"     "BPM.28L5.B1"        8787.89862       8841.347136                 1    0.110551897721                 0        0.11383472       19.02692592
    "BPM.28L5.B1"     "BPM.27L5.B1"       8841.347136       8894.795652                 1    0.138100932537                 0        0.13615601       19.14076064
    "BPM.27L5.B1"     "BPM.26L5.B1"       8894.795652       8948.244168                 1    0.109310762543                 0        0.11383341       19.27691665
    "BPM.26L5.B1"     "BPM.25L5.B1"       8948.244168       9001.692684                 1    0.136743060142                 0        0.13613981       19.39075006
    "BPM.25L5.B1"     "BPM.24L5.B1"       9001.692684         9055.1412                 1    0.121472387781                 0        0.11383471       19.52688987
    "BPM.24L5.B1"     "BPM.23L5.B1"         9055.1412       9108.589716                 1    0.137089124349                 0        0.13615601       19.64072458
    "BPM.23L5.B1"     "BPM.22L5.B1"       9108.589716       9162.038232                 1    0.105646402225                 0        0.11383341       19.77688059
    "BPM.22L5.B1"     "BPM.21L5.B1"       9162.038232       9215.486748                 1    0.143833855276                 0        0.13613981         19.890714
    "BPM.21L5.B1"     "BPM.20L5.B1"       9215.486748       9268.935264                 1     0.11387825139                 0        0.11382973       20.02685381
    "BPM.20L5.B1"     "BPM.19L5.B1"       9268.935264       9322.383779                 1    0.132601209434                 0        0.13614885       20.14068354
    "BPM.19L5.B1"     "BPM.18L5.B1"       9322.383779       9375.832295                 1    0.110322992591                 0        0.11383304       20.27683239
    "BPM.18L5.B1"     "BPM.17L5.B1"       9375.832295       9429.280811                 1    0.134291080727                 0        0.13613981       20.39066543
    "BPM.17L5.B1"     "BPM.16L5.B1"       9429.280811       9482.729327                 1    0.111094855632                 0        0.11382973       20.52680524
    "BPM.16L5.B1"     "BPM.15L5.B1"       9482.729327       9536.177843                 1    0.136711237963                 0        0.13614885       20.64063497
    "BPM.15L5.B1"     "BPM.14L5.B1"       9536.177843       9589.626359                 1     0.10791443463                 0        0.11383305       20.77678382
    "BPM.14L5.B1"     "BPM.13L5.B1"       9589.626359       9643.074875                 1    0.143257808706                 0        0.13613981       20.89061687
    "BPM.13L5.B1"     "BPM.12L5.B1"       9643.074875       9696.523391                 1    0.112238261132                 0        0.10665673       21.02675668
    "BPM.12L5.B1"     "BPM.11L5.B1"       9696.523391       9749.971907                 1    0.124784228866                 0        0.12753937       21.13341341
    "BPM.11L5.B1"     "BPM.10L5.B1"       9749.971907       9802.752617                 1     0.07926227459                 0        0.08379758       21.26095278
    "BPM.10L5.B1"      "BPM.9L5.B1"       9802.752617       9841.817628                 1    0.063578259305                 0        0.06128577       21.34475036
     "BPM.9L5.B1"      "BPM.8L5.B1"       9841.817628       9882.280639                 1    0.136185240844                 0        0.12662283       21.40603613
     "BPM.8L5.B1"     "BPMR.7L5.B1"       9882.280639       9921.346649                 1    0.255959227402                 0        0.26514224       21.53265896
    "BPMR.7L5.B1"      "BPM.6L5.B1"       9921.346649       9958.240649                 1     0.11109323861                 0        0.12961793        21.7978012
     "BPM.6L5.B1"     "BPMR.5L5.B1"       9958.240649       9990.140649                 1    0.323975973776                 0        0.30586815       21.92741913
    "BPMR.5L5.B1"    "BPMYA.4L5.B1"       9990.140649       10017.54665                 1    0.024534360655                 0        0.02052104       22.23328728
   "BPMYA.4L5.B1"    "BPMWB.4L5.B1"       10017.54665       10038.68115                 1    0.003681910336                 0        0.00623763       22.25380832
   "BPMWB.4L5.B1"    "BPMSY.4L5.B1"       10038.68115       10131.46115                 1    0.006087922438                 0        0.00719768       22.26004595
   "BPMSY.4L5.B1"     "BPMS.2L5.B1"       10131.46115       10158.24665                 1     0.00267815038                 0         0.0016571       22.26724363
    "BPMS.2L5.B1"    "BPMSW.1L5.B1"       10158.24665       10168.21165                 1 0.000844252941999                 0        0.00107498       22.26890073
   "BPMSW.1L5.B1"    "BPMSW.1R5.B1"       10168.21165       10211.33965                 1     0.49533762958                 0        0.49409594       22.26997571
   "BPMSW.1R5.B1"     "BPMS.2R5.B1"       10211.33965       10221.30465                 1  0.00623063383999                 0 0.000836659999997       22.76407165
    "BPMS.2R5.B1"    "BPMSY.4R5.B1"       10221.30465       10248.09015                 1    0.994126166616                 0        0.00114218       22.76490831
   "BPMSY.4R5.B1"    "BPMWB.4R5.B1"       10248.09015       10340.87015                 1      0.0087240567                 0        0.00816978       22.76605049
   "BPMWB.4R5.B1"    "BPMYA.4R5.B1"       10340.87015       10362.00265                 1    0.001260482326                 0        0.00280257       22.77422027
   "BPMYA.4R5.B1"      "BPM.5R5.B1"       10362.00265       10383.12065                 1    0.006609360605                 0        0.00438417       22.77702284
     "BPM.5R5.B1"     "BPMR.6R5.B1"       10383.12065       10415.02065                 1    0.017587167296                 0        0.01548093       22.78140701
    "BPMR.6R5.B1"    "BPM_A.7R5.B1"       10415.02065       10449.03465                 1   0.0895053273408                 0         0.0867386       22.79688794
   "BPM_A.7R5.B1"      "BPM.8R5.B1"       10449.03465       10490.47364                 1    0.202814297854                 0        0.20940147       22.88362654
     "BPM.8R5.B1"      "BPM.9R5.B1"       10490.47364       10529.54063                 1    0.080780690552                 0        0.08020028       23.09302801
     "BPM.9R5.B1"     "BPM.10R5.B1"       10529.54063       10570.00562                 1     0.09063092732                 0        0.09114878       23.17322829
    "BPM.10R5.B1"     "BPM.11R5.B1"       10570.00562       10622.78831                 1    0.104225744368                 0        0.11665405       23.26437707
    "BPM.11R5.B1"     "BPM.12R5.B1"       10622.78831       10677.51479                 1    0.159381614616                 0        0.14642717       23.38103112
    "BPM.12R5.B1"     "BPM.13R5.B1"       10677.51479       10730.96627                 1    0.119940938874                 0        0.11435799       23.52745829
    "BPM.13R5.B1"     "BPM.14R5.B1"       10730.96627       10784.41776                 1    0.129304999065                 0        0.13616691       23.64181628
    "BPM.14R5.B1"     "BPM.15R5.B1"       10784.41776       10837.86924                 1    0.115892600108                 0        0.11383604       23.77798319
    "BPM.15R5.B1"     "BPM.16R5.B1"       10837.86924       10891.32073                 1     0.13981075599                 0        0.13614297       23.89181923
    "BPM.16R5.B1"     "BPM.17R5.B1"       10891.32073       10944.77221                 1    0.115550816478                 0        0.11384217        24.0279622
    "BPM.17R5.B1"     "BPM.18R5.B1"       10944.77221        10998.2237                 1    0.132543102625                 0         0.1361663       24.14180437
    "BPM.18R5.B1"     "BPM.19R5.B1"        10998.2237       11051.67518                 1     0.11765539534                 0        0.11383605       24.27797067
    "BPM.19R5.B1"     "BPM.20R5.B1"       11051.67518       11105.12666                 1    0.138300580731                 0        0.13614297       24.39180672
    "BPM.20R5.B1"     "BPM.21R5.B1"       11105.12666       11158.57815                 1     0.10496612286                 0        0.11384216       24.52794969
    "BPM.21R5.B1"     "BPM.22R5.B1"       11158.57815       11212.02963                 1    0.143630115142                 0        0.13616631       24.64179185
    "BPM.22R5.B1"     "BPM.23R5.B1"       11212.02963       11265.48112                 1    0.119452107627                 0        0.11384103       24.77795816
    "BPM.23R5.B1"     "BPM.24R5.B1"       11265.48112        11318.9326                 1    0.134766886873                 0        0.13615013       24.89179919
    "BPM.24R5.B1"     "BPM.25R5.B1"        11318.9326       11372.38408                 1    0.116303682103                 0        0.11384253       25.02794932
    "BPM.25R5.B1"     "BPM.26R5.B1"       11372.38408       11425.83557                 1    0.130670027792                 0        0.13616631       25.14179185
    "BPM.26R5.B1"     "BPM.27R5.B1"       11425.83557       11479.28705                 1      0.1187985683                 0        0.11384103       25.27795816
    "BPM.27R5.B1"     "BPM.28R5.B1"       11479.28705       11532.73854                 1     0.13063710069                 0        0.13615013       25.39179919
    "BPM.28R5.B1"     "BPM.29R5.B1"       11532.73854       11586.19002                 1     0.11206042998                 0        0.11384253       25.52794932
    "BPM.29R5.B1"     "BPM.30R5.B1"       11586.19002        11639.6415                 1    0.142709249689                 0        0.13616631       25.64179185
    "BPM.30R5.B1"     "BPM.31R5.B1"        11639.6415       11693.09299                 1    0.108122844547                 0        0.11384103       25.77795816
    "BPM.31R5.B1"     "BPM.32R5.B1"       11693.09299       11746.54447                 1    0.133225951891                 0        0.13615013       25.89179919
    "BPM.32R5.B1"     "BPM.33R5.B1"       11746.54447       11799.99596                 1    0.116965807905                 0        0.11384253       26.02794932
    "BPM.33R5.B1"     "BPM.34R5.B1"       11799.99596       11853.44744                 1    0.136299381643                 0        0.13616631       26.14179185
    "BPM.34R5.B1"     "BPM.33L6.B1"       11853.44744       11906.89893                 1     0.10802837764                 0        0.11384103       26.27795816
    "BPM.33L6.B1"     "BPM.32L6.B1"       11906.89893       11960.35041                 1    0.135342018421                 0        0.13615013       26.39179919
    "BPM.32L6.B1"     "BPM.31L6.B1"       11960.35041       12013.80189                 1    0.116654971809                 0        0.11384253       26.52794932
    "BPM.31L6.B1"     "BPM.30L6.B1"       12013.80189       12067.25338                 1    0.137761269461                 0        0.13616631       26.64179185
    "BPM.30L6.B1"     "BPM.29L6.B1"       12067.25338       12120.70486                 1    0.120949327887                 0        0.11384103       26.77795816
    "BPM.29L6.B1"     "BPM.28L6.B1"       12120.70486       12174.15635                 1    0.128890550387                 0        0.13615013       26.89179919
    "BPM.28L6.B1"     "BPM.27L6.B1"       12174.15635       12227.60783                 1    0.107040547318                 0        0.11384253       27.02794932
    "BPM.27L6.B1"     "BPM.26L6.B1"       12227.60783       12281.05931                 1    0.137358498512                 0        0.13616631       27.14179185
    "BPM.26L6.B1"     "BPM.25L6.B1"       12281.05931        12334.5108                 1    0.116039502808                 0        0.11384103       27.27795816
    "BPM.25L6.B1"     "BPM.24L6.B1"        12334.5108       12387.96228                 1    0.135138594039                 0        0.13615013       27.39179919
    "BPM.24L6.B1"     "BPM.23L6.B1"       12387.96228       12441.41377                 1     0.09394325099                 0        0.11384253       27.52794932
    "BPM.23L6.B1"     "BPM.22L6.B1"       12441.41377       12494.86525                 1    0.158147891486                 0        0.13616631       27.64179185
    "BPM.22L6.B1"     "BPM.21L6.B1"       12494.86525       12548.31673                 1    0.115621303904                 0        0.11384103       27.77795816
    "BPM.21L6.B1"     "BPM.20L6.B1"       12548.31673       12601.76822                 1    0.132294282029                 0        0.13614969       27.89179919
    "BPM.20L6.B1"     "BPM.19L6.B1"       12601.76822        12655.2197                 1    0.108551875877                 0        0.11383718       28.02794888
    "BPM.19L6.B1"     "BPM.18L6.B1"        12655.2197       12708.67119                 1    0.143720977807                 0        0.13615959       28.14178606
    "BPM.18L6.B1"     "BPM.17L6.B1"       12708.67119       12762.12267                 1    0.112698083948                 0        0.11384103       28.27794565
    "BPM.17L6.B1"     "BPM.16L6.B1"       12762.12267       12815.57415                 1    0.141964809799                 0        0.13614969       28.39178668
    "BPM.16L6.B1"     "BPM.15L6.B1"       12815.57415       12869.02564                 1     0.09500844271                 0        0.11383718       28.52793637
    "BPM.15L6.B1"     "BPM.14L6.B1"       12869.02564       12922.47712                 1     0.15639964625                 0        0.13615959       28.64177355
    "BPM.14L6.B1"     "BPM.13L6.B1"       12922.47712       12975.92861                 1    0.118223599802                 0        0.11384103       28.77793314
    "BPM.13L6.B1"     "BPM.12L6.B1"       12975.92861       13029.38009                 1    0.130779314748                 0        0.13583621       28.89177417
    "BPM.12L6.B1"     "BPM.11L6.B1"       13029.38009       13082.83158                 1    0.125355413455                 0        0.12687469       29.02761038
    "BPM.11L6.B1"     "BPM.10L6.B1"       13082.83158       13134.67226                 1    0.149255627658                 0        0.14677778       29.15448507
    "BPM.10L6.B1"      "BPM.9L6.B1"       13134.67226       13173.73925                 1    0.112504865087                 0        0.11327036       29.30126285
     "BPM.9L6.B1"      "BPM.8L6.B1"       13173.73925       13214.20424                 1    0.219763818299                 0        0.22561108       29.41453321
     "BPM.8L6.B1"    "BPMYA.5L6.B1"       13214.20424       13311.29423                 1    0.102651492923                 0        0.10209594       29.64014429
   "BPMYA.5L6.B1"    "BPMYB.4L6.B1"       13311.29423       13347.69423                 1    0.024050909385                 0        0.01894198       29.74224023
   "BPMYB.4L6.B1"    "BPMSE.4L6.B1"       13347.69423       13476.94473                 1    0.037584168285                 0        0.05128925       29.76118221
   "BPMSE.4L6.B1"    "BPMSA.4R6.B1"       13476.94473       13568.51473                 1    0.079373992998                 0        0.08373215       29.81247146
   "BPMSA.4R6.B1"    "BPMYA.4R6.B1"       13568.51473       13691.29423                 1    0.160845022045                 0        0.14415014       29.89620361
   "BPMYA.4R6.B1"    "BPMYB.5R6.B1"       13691.29423       13727.69423                 1   0.0174608446691                 0        0.01802101       30.04035375
   "BPMYB.5R6.B1"      "BPM.8R6.B1"       13727.69423       13823.42122                 1    0.134139238902                 0         0.1426698       30.05837476
     "BPM.8R6.B1"     "BPM.10R6.B1"       13823.42122        13902.9532                 1     0.26537354281                 0        0.26743343       30.20104456
    "BPM.10R6.B1"     "BPM.11R6.B1"        13902.9532       13954.79389                 1    0.150308192958                 0        0.14687297       30.46847799
    "BPM.11R6.B1"     "BPM.12R6.B1"       13954.79389       14009.52037                 1    0.109699974202                 0        0.11365901       30.61535096
    "BPM.12R6.B1"     "BPM.13R6.B1"       14009.52037       14062.97186                 1    0.140648201634                 0        0.13509263       30.72900997
    "BPM.13R6.B1"     "BPM.14R6.B1"       14062.97186       14116.42334                 1    0.114980583525                 0        0.11778597        30.8641026
    "BPM.14R6.B1"     "BPM.15R6.B1"       14116.42334       14169.87483                 1     0.14106501488                 0         0.1387068       30.98188857
    "BPM.15R6.B1"     "BPM.16R6.B1"       14169.87483       14223.32631                 1    0.121897567737                 0        0.11833601       31.12059537
    "BPM.16R6.B1"     "BPM.17R6.B1"       14223.32631       14276.77779                 1    0.147053496886                 0        0.14535525       31.23893138
    "BPM.17R6.B1"     "BPM.19R6.B1"       14276.77779       14383.68076                 1    0.255473084925                 0        0.25595453       31.38428663
    "BPM.19R6.B1"     "BPM.20R6.B1"       14383.68076       14437.13225                 1    0.120960278926                 0        0.11904383       31.64024116
    "BPM.20R6.B1"     "BPM.21R6.B1"       14437.13225       14490.58373                 1    0.149282183255                 0        0.14506249       31.75928499
    "BPM.21R6.B1"     "BPM.22R6.B1"       14490.58373       14544.03522                 1    0.107998538616                 0        0.11641213       31.90434748
    "BPM.22R6.B1"     "BPM.23R6.B1"       14544.03522        14597.4867                 1    0.150328160944                 0        0.13994269       32.02075961
    "BPM.23R6.B1"     "BPM.24R6.B1"        14597.4867       14650.93818                 1    0.110147946602                 0        0.11642264        32.1607023
    "BPM.24R6.B1"     "BPM.25R6.B1"       14650.93818       14704.38967                 1    0.142191868702                 0        0.13994424       32.27712494
    "BPM.25R6.B1"     "BPM.26R6.B1"       14704.38967       14757.84115                 1    0.122355984236                 0        0.11641186       32.41706918
    "BPM.26R6.B1"     "BPM.27R6.B1"       14757.84115       14811.29264                 1    0.133818118816                 0        0.13994369       32.53348104
    "BPM.27R6.B1"     "BPM.29R6.B1"       14811.29264        14918.1956                 1    0.255898896343                 0        0.25636592       32.67342473
    "BPM.29R6.B1"     "BPM.30R6.B1"        14918.1956       14971.64709                 1    0.117476043666                 0        0.11641189       32.92979065
    "BPM.30R6.B1"     "BPM.31R6.B1"       14971.64709       15025.09857                 1    0.139885855122                 0        0.13994469       33.04620254
    "BPM.31R6.B1"     "BPM.33R6.B1"       15025.09857       15132.00154                 1    0.253595030777                 0        0.25636483       33.18614723
    "BPM.33R6.B1"     "BPM.34R6.B1"       15132.00154       15185.45302                 1    0.116218765762                 0        0.11641206       33.44251206
    "BPM.34R6.B1"     "BPM.33L7.B1"       15185.45302       15238.90451                 1     0.13578499221                 0        0.13994565       33.55892412
    "BPM.33L7.B1"     "BPM.32L7.B1"       15238.90451       15292.35599                 1    0.117958382252                 0        0.11642234       33.69886977
    "BPM.32L7.B1"     "BPM.31L7.B1"       15292.35599       15345.80748                 1    0.142020293222                 0        0.13994132       33.81529211
    "BPM.31L7.B1"     "BPM.30L7.B1"       15345.80748       15399.25896                 1    0.103088036919                 0        0.11641235       33.95523343
    "BPM.30L7.B1"     "BPM.29L7.B1"       15399.25896       15452.71045                 1    0.151516722535                 0        0.13994658       34.07164578
    "BPM.29L7.B1"     "BPM.28L7.B1"       15452.71045       15506.16193                 1    0.108628767775                 0        0.11642197       34.21159236
    "BPM.28L7.B1"     "BPM.27L7.B1"       15506.16193       15559.61341                 1    0.146265533355                 0        0.13994043       34.32801433
    "BPM.27L7.B1"     "BPM.26L7.B1"       15559.61341        15613.0649                 1    0.122102942028                 0        0.11641278       34.46795476
    "BPM.26L7.B1"     "BPM.25L7.B1"        15613.0649       15666.51638                 1    0.133945783375                 0        0.13994742       34.58436754
    "BPM.25L7.B1"     "BPM.24L7.B1"       15666.51638       15719.96787                 1    0.120497698615                 0         0.1164215       34.72431496
    "BPM.24L7.B1"     "BPM.23L7.B1"       15719.96787       15773.41935                 1    0.131320539767                 0        0.13993962       34.84073646
    "BPM.23L7.B1"     "BPM.22L7.B1"       15773.41935       15826.87083                 1    0.122300933583                 0        0.11641332       34.98067608
    "BPM.22L7.B1"     "BPM.21L7.B1"       15826.87083       15880.32232                 1    0.139155376849                 0        0.13994818        35.0970894
    "BPM.21L7.B1"     "BPM.20L7.B1"       15880.32232        15933.7738                 1    0.117028733663                 0        0.12020701       35.23703758
    "BPM.20L7.B1"     "BPM.19L7.B1"        15933.7738       15987.22529                 1    0.151334010181                 0        0.14377938       35.35724459
    "BPM.19L7.B1"     "BPM.18L7.B1"       15987.22529       16040.67677                 1    0.113912902494                 0        0.11544229       35.50102397
    "BPM.18L7.B1"     "BPM.17L7.B1"       16040.67677       16094.12825                 1    0.142066490111                 0        0.14062276       35.61646626
    "BPM.17L7.B1"     "BPM.16L7.B1"       16094.12825       16147.57974                 1    0.114843971155                 0        0.12055982       35.75708902
    "BPM.16L7.B1"     "BPM.15L7.B1"       16147.57974       16201.03122                 1    0.151637719359                 0        0.14303251       35.87764884
    "BPM.15L7.B1"     "BPM.14L7.B1"       16201.03122       16254.48271                 1    0.113860712755                 0        0.11519015       36.02068135
    "BPM.14L7.B1"     "BPM.13L7.B1"       16254.48271       16307.93419                 1    0.137589184471                 0          0.141389        36.1358715
    "BPM.13L7.B1"     "BPM.12L7.B1"       16307.93419       16361.38567                 1    0.116539973361                 0         0.1090426        36.2772605
    "BPM.12L7.B1"     "BPM.11L7.B1"       16361.38567       16414.83716                 1     0.12454220935                 0        0.12681165        36.3863031
    "BPM.11L7.B1"     "BPM.10L7.B1"       16414.83716       16467.61985                 1    0.098001801639                 0        0.09188925       36.51311475
    "BPM.10L7.B1"      "BPM.9L7.B1"       16467.61985       16506.68684                 1    0.073292014225                 0        0.07966588         36.605004
     "BPM.9L7.B1"      "BPM.7L7.B1"       16506.68684       16586.21782                 1    0.130853181715                 0        0.13753931       36.68466988
     "BPM.7L7.B1"      "BPM.6L7.B1"       16586.21782       16621.03582                 1   0.0701508478102                 0        0.06576236       36.82220919
     "BPM.6L7.B1"    "BPMWC.6L7.B1"       16621.03582       16633.13832                 1   0.0322241124395                 0        0.04161362       36.88797155
   "BPMWC.6L7.B1"    "BPMWE.5L7.B1"       16633.13832       16710.19232                 1    0.114780158523                 0        0.10577119       36.92958517
   "BPMWE.5L7.B1"     "BPMW.5L7.B1"       16710.19232       16733.39732                 1   0.0175818280397                 0        0.01142847       37.03535636
    "BPMW.5L7.B1"    "BPMWE.4L7.B1"       16733.39732       16768.48232                 1   0.0229169766426                 0        0.03449115       37.04678483
   "BPMWE.4L7.B1"     "BPMW.4L7.B1"       16768.48232       16796.58732                 1    0.095007645929                 0        0.07083544       37.08127598
    "BPMW.4L7.B1"     "BPMW.4R7.B1"       16796.58732       16912.63432                 1    0.129156916549                 0        0.15067474       37.15211142
    "BPMW.4R7.B1"    "BPMWE.4R7.B1"       16912.63432       16940.73932                 1    0.008231568923                 0        0.01200199       37.30278616
   "BPMWE.4R7.B1"     "BPMW.5R7.B1"       16940.73932       16975.82432                 1    0.032814195318                 0        0.03270251       37.31478815
    "BPMW.5R7.B1"    "BPMWE.5R7.B1"       16975.82432       16999.02932                 1    0.068614794813                 0        0.06124451       37.34749066
   "BPMWE.5R7.B1"     "BPMR.6R7.B1"       16999.02932       17078.24482                 1    0.165074816996                 0        0.17242038       37.40873517
    "BPMR.6R7.B1"    "BPM_A.7R7.B1"       17078.24482       17116.28082                 1    0.074404617585                 0        0.05657464       37.58115555
   "BPM_A.7R7.B1"      "BPM.8R7.B1"       17116.28082       17155.34681                 1    0.067905473987                 0        0.08125525       37.63773019
     "BPM.8R7.B1"      "BPM.9R7.B1"       17155.34681        17194.4138                 1    0.080842589493                 0        0.07905146       37.71898544
     "BPM.9R7.B1"     "BPM.10R7.B1"        17194.4138       17234.87878                 1   0.0828039273528                 0        0.08536522        37.7980369
    "BPM.10R7.B1"     "BPM.11R7.B1"       17234.87878       17287.66147                 1     0.10335011723                 0        0.10902058       37.88340212
    "BPM.11R7.B1"     "BPM.12R7.B1"       17287.66147       17342.38796                 1    0.138718569606                 0        0.13683105        37.9924227
    "BPM.12R7.B1"     "BPM.13R7.B1"       17342.38796       17395.83944                 1    0.122737628091                 0        0.11674781       38.12925375
    "BPM.13R7.B1"     "BPM.14R7.B1"       17395.83944       17449.29093                 1     0.13254473182                 0        0.13901777       38.24600156
    "BPM.14R7.B1"     "BPM.15R7.B1"       17449.29093       17502.74241                 1    0.120315160937                 0         0.1190911       38.38501933
    "BPM.15R7.B1"     "BPM.16R7.B1"       17502.74241       17556.19389                 1    0.149594897326                 0        0.14491653       38.50411043
    "BPM.16R7.B1"     "BPM.17R7.B1"       17556.19389       17609.64538                 1    0.104971172608                 0        0.11638537       38.64902696
    "BPM.17R7.B1"     "BPM.18R7.B1"       17609.64538       17663.09686                 1    0.147414221529                 0        0.13939765       38.76541233
    "BPM.18R7.B1"     "BPM.19R7.B1"       17663.09686       17716.54835                 1    0.119856961126                 0         0.1197002       38.90480998
    "BPM.19R7.B1"     "BPM.20R7.B1"       17716.54835       17769.99983                 1    0.149582290555                 0        0.14442707       39.02451018
    "BPM.20R7.B1"     "BPM.21R7.B1"       17769.99983       17823.45131                 1    0.116506416985                 0        0.11585348       39.16893725
    "BPM.21R7.B1"     "BPM.22R7.B1"       17823.45131        17876.9028                 1    0.136000041384                 0        0.13993964       39.28479073
    "BPM.22R7.B1"     "BPM.23R7.B1"        17876.9028       17930.35428                 1    0.118812016458                 0        0.11641289       39.42473037
    "BPM.23R7.B1"     "BPM.24R7.B1"       17930.35428       17983.80577                 1    0.138836500466                 0         0.1399475       39.54114326
    "BPM.24R7.B1"     "BPM.25R7.B1"       17983.80577       18037.25725                 1      0.1101870195                 0        0.11642138       39.68109076
    "BPM.25R7.B1"     "BPM.26R7.B1"       18037.25725       18090.70874                 1    0.144794011376                 0        0.13993955       39.79751214
    "BPM.26R7.B1"     "BPM.27R7.B1"       18090.70874       18144.16022                 1    0.204161229037                 0        0.11641345       39.93745169
    "BPM.27R7.B1"     "BPM.28R7.B1"       18144.16022        18197.6117                 1    0.054108547641                 0        0.13994823       40.05386514
    "BPM.28R7.B1"     "BPM.29R7.B1"        18197.6117       18251.06319                 1    0.113836676836                 0        0.11642078       40.19381337
    "BPM.29R7.B1"     "BPM.30R7.B1"       18251.06319       18304.51467                 1     0.14132715649                 0        0.13993887       40.31023415
    "BPM.30R7.B1"     "BPM.31R7.B1"       18304.51467       18357.96616                 1    0.112164332373                 0         0.1164141       40.45017302
    "BPM.31R7.B1"     "BPM.32R7.B1"       18357.96616       18411.41764                 1    0.142799754752                 0        0.13994884       40.56658712
    "BPM.32R7.B1"     "BPM.33R7.B1"       18411.41764       18464.86912                 1    0.112413864157                 0        0.11642009       40.70653596
    "BPM.33R7.B1"     "BPM.34R7.B1"       18464.86912       18518.32061                 1    0.143439052007                 0        0.13993832       40.82295605
    "BPM.34R7.B1"     "BPM.33L8.B1"       18518.32061       18571.77209                 1    0.117431190302                 0        0.11641483       40.96289437
    "BPM.33L8.B1"     "BPM.32L8.B1"       18571.77209       18625.22358                 1    0.138765588629                 0        0.13994933        41.0793092
    "BPM.32L8.B1"     "BPM.31L8.B1"       18625.22358       18678.67506                 1    0.117848037901                 0        0.11641932       41.21925853
    "BPM.31L8.B1"     "BPM.30L8.B1"       18678.67506       18732.12654                 1    0.137599419227                 0        0.13993791       41.33567785
    "BPM.30L8.B1"     "BPM.29L8.B1"       18732.12654       18785.57803                 1    0.125209820452                 0        0.11641561       41.47561576
    "BPM.29L8.B1"     "BPM.28L8.B1"       18785.57803       18839.02951                 1     0.12860732243                 0        0.13994968       41.59203137
    "BPM.28L8.B1"     "BPM.27L8.B1"       18839.02951         18892.481                 1    0.120451004862                 0         0.1164185       41.73198105
    "BPM.27L8.B1"     "BPM.26L8.B1"         18892.481       18945.93248                 1    0.138208129103                 0        0.13993765       41.84839955
    "BPM.26L8.B1"     "BPM.25L8.B1"       18945.93248       18999.38397                 1    0.116485607963                 0        0.11641645        41.9883372
    "BPM.25L8.B1"     "BPM.24L8.B1"       18999.38397       19052.83545                 1    0.145812901462                 0        0.13994986       42.10475365
    "BPM.24L8.B1"     "BPM.23L8.B1"       19052.83545       19106.28693                 1     0.10808216856                 0        0.11641766       42.24470351
    "BPM.23L8.B1"     "BPM.22L8.B1"       19106.28693       19159.73842                 1    0.144613640876                 0        0.13993753       42.36112117
    "BPM.22L8.B1"     "BPM.21L8.B1"       19159.73842        19213.1899                 1    0.112282864253                 0         0.1164173        42.5010587
    "BPM.21L8.B1"     "BPM.20L8.B1"        19213.1899       19266.64139                 1    0.144223534232                 0        0.13925944         42.617476
    "BPM.20L8.B1"     "BPM.19L8.B1"       19266.64139       19320.09287                 1      0.1299912832                 0        0.11967878       42.75673544
    "BPM.19L8.B1"     "BPM.18L8.B1"       19320.09287       19373.54435                 1    0.135150385853                 0        0.14457223       42.87641422
    "BPM.18L8.B1"     "BPM.17L8.B1"       19373.54435       19426.99584                 1    0.120558262895                 0        0.11585547       43.02098645
    "BPM.17L8.B1"     "BPM.16L8.B1"       19426.99584       19480.44732                 1    0.135895328508                 0         0.1397974       43.13684192
    "BPM.16L8.B1"     "BPM.15L8.B1"       19480.44732       19533.89881                 1    0.113816782993                 0        0.12020948       43.27663932
    "BPM.15L8.B1"     "BPM.14L8.B1"       19533.89881       19587.35029                 1    0.151302376059                 0         0.1439318        43.3968488
    "BPM.14L8.B1"     "BPM.13L8.B1"       19587.35029       19640.80177                 1    0.104934754971                 0        0.11542102        43.5407806
    "BPM.13L8.B1"     "BPM.12L8.B1"       19640.80177       19694.25326                 1    0.154801462465                 0        0.14037685       43.65620162
    "BPM.12L8.B1"     "BPM.11L8.B1"       19694.25326       19747.70474                 1    0.102523554351                 0        0.11284732       43.79657847
    "BPM.11L8.B1"     "BPM.10L8.B1"       19747.70474       19799.54543                 1    0.138085087504                 0        0.13206778       43.90942579
    "BPM.10L8.B1"      "BPM.9L8.B1"       19799.54543       19838.61242                 1   0.0558478338755                 0        0.06594176       44.04149357
     "BPM.9L8.B1"      "BPM.8L8.B1"       19838.61242       19879.07741                 1    0.097929073666                 0          0.091134       44.10743533
     "BPM.8L8.B1"      "BPM.7L8.B1"       19879.07741        19918.1454                 1    0.115351632981                 0        0.09804097       44.19856933
     "BPM.7L8.B1"     "BPMR.6L8.B1"        19918.1454        19950.6144                 1    0.113364204882                 0        0.13426525        44.2966103
    "BPMR.6L8.B1"      "BPM.5L8.B1"        19950.6144        20011.0334                 1    0.287019729791                 0        0.28447927       44.43087555
     "BPM.5L8.B1"    "BPMYB.4L8.B1"        20011.0334        20031.8004                 1     0.02711319489                 0        0.02770909       44.71535482
   "BPMYB.4L8.B1"    "BPMWB.4L8.B1"        20031.8004        20056.1919                 1    0.012081595569                 0        0.01431353       44.74306391
   "BPMWB.4L8.B1"    "BPMSX.4L8.B1"        20056.1919        20106.4249                 1    0.030913287941                 0         0.0260113       44.75737744
   "BPMSX.4L8.B1"     "BPMS.2L8.B1"        20106.4249        20144.3364                 1    0.015707719019                 0        0.01355321       44.78338874
    "BPMS.2L8.B1"    "BPMSW.1L8.B1"        20144.3364        20154.2704                 1    0.007685003249                 0         0.0061505       44.79694195
   "BPMSW.1L8.B1"    "BPMSW.1R8.B1"        20154.2704        20197.4604                 1    0.449421978004                 0        0.45606168       44.80309245
   "BPMSW.1R8.B1"     "BPMS.2R8.B1"        20197.4604        20207.3944                 1    0.004078883628                 0        0.00794016       45.25915413
    "BPMS.2R8.B1"    "BPMSX.4R8.B1"        20207.3944        20245.3059                 1     0.01776181812                 0         0.0154718       45.26709429
   "BPMSX.4R8.B1"    "BPMWB.4R8.B1"        20245.3059        20295.4629                 1    0.029957760061                 0        0.02228281       45.28256609
   "BPMWB.4R8.B1"    "BPMYB.4R8.B1"        20295.4629        20319.9304                 1    0.021251182536                 0        0.02284618        45.3048489
   "BPMYB.4R8.B1"    "BPMYB.5R8.B1"        20319.9304        20340.5074                 1    0.019398397833                 0        0.01934057       45.32769508
   "BPMYB.5R8.B1"      "BPM.6R8.B1"        20340.5074        20424.6154                 1    0.228823396203                 0        0.23815589       45.34703565
     "BPM.6R8.B1"    "BPM_A.7R8.B1"        20424.6154        20446.8554                 1    0.050457305925                 0        0.04330322       45.58519154
   "BPM_A.7R8.B1"      "BPM.8R8.B1"        20446.8554       20488.29241                 1    0.119946921074                 0        0.11685304       45.62849476
     "BPM.8R8.B1"      "BPM.9R8.B1"       20488.29241       20527.35742                 1    0.220711934252                 0        0.21704266        45.7453478
     "BPM.9R8.B1"     "BPM.10R8.B1"       20527.35742       20567.82043                 1    0.100301604714                 0        0.11173899       45.96239046
    "BPM.10R8.B1"     "BPM.11R8.B1"       20567.82043       20619.65914                 1    0.164851411098                 0        0.16188357       46.07412945
    "BPM.11R8.B1"     "BPM.12R8.B1"       20619.65914       20674.38266                 1    0.105802269725                 0        0.09712493       46.23601302
    "BPM.12R8.B1"     "BPM.13R8.B1"       20674.38266       20727.83117                 1     0.11488378888                 0        0.11534323       46.33313795
    "BPM.13R8.B1"     "BPM.14R8.B1"       20727.83117       20781.27969                 1    0.115825183209                 0        0.11383276       46.44848118
    "BPM.14R8.B1"     "BPM.15R8.B1"       20781.27969       20834.72821                 1     0.23761694247                 0        0.13615274       46.56231394
    "BPM.15R8.B1"     "BPM.16R8.B1"       20834.72821       20888.17672                 1   -0.001525161249                 0        0.11382922       46.69846668
    "BPM.16R8.B1"     "BPM.17R8.B1"       20888.17672       20941.62524                 1    0.138595210293                 0        0.13613592        46.8122959
    "BPM.17R8.B1"     "BPM.18R8.B1"       20941.62524       20995.07375                 1    0.114220398315                 0        0.11383355       46.94843182
    "BPM.18R8.B1"     "BPM.19R8.B1"       20995.07375       21048.52227                 1    0.132550126116                 0        0.13615274       47.06226537
    "BPM.19R8.B1"     "BPM.20R8.B1"       21048.52227       21101.97079                 1    0.108070749254                 0        0.11382923       47.19841811
    "BPM.20R8.B1"     "BPM.21R8.B1"       21101.97079        21155.4193                 1    0.133821530214                 0        0.13613592       47.31224734
    "BPM.21R8.B1"     "BPM.22R8.B1"        21155.4193       21208.86782                 1    0.229088565694                 0        0.11383354       47.44838326
    "BPM.22R8.B1"     "BPM.23R8.B1"       21208.86782       21262.31633                 1    0.025423286343                 0        0.13615318        47.5622168
    "BPM.23R8.B1"     "BPM.24R8.B1"       21262.31633       21315.76485                 1    0.111286566736                 0        0.11383458       47.69836998
    "BPM.24R8.B1"     "BPM.25R8.B1"       21315.76485       21369.21337                 1    0.137087418239                 0        0.13614264       47.81220456
    "BPM.25R8.B1"     "BPM.26R8.B1"       21369.21337       21422.66188                 1    0.114288240689                 0        0.11383354        47.9483472
    "BPM.26R8.B1"     "BPM.27R8.B1"       21422.66188        21476.1104                 1    0.139839035226                 0        0.13615318       48.06218074
    "BPM.27R8.B1"     "BPM.29R8.B1"        21476.1104       21583.00743                 1    0.249986614781                 0        0.24997722       48.19833392
    "BPM.29R8.B1"     "BPM.30R8.B1"       21583.00743       21636.45594                 1    0.116050085068                 0        0.11383354       48.44831114
    "BPM.30R8.B1"     "BPM.31R8.B1"       21636.45594       21689.90446                 1    0.136351743124                 0        0.13615318       48.56214468
    "BPM.31R8.B1"     "BPM.32R8.B1"       21689.90446       21743.35298                 1    0.108583195502                 0        0.11383459       48.69829786
    "BPM.32R8.B1"     "BPM.33R8.B1"       21743.35298       21796.80149                 1    0.143455542029                 0        0.13614264       48.81213245
    "BPM.33R8.B1"     "BPM.34R8.B1"       21796.80149       21850.25001                 1    0.102112009145                 0        0.11383353       48.94827509
    "BPM.34R8.B1"     "BPM.33L1.B1"       21850.25001       21903.69852                 1    0.144924320317                 0        0.13615318       49.06210862
    "BPM.33L1.B1"     "BPM.32L1.B1"       21903.69852       21957.14704                 1    0.118032704504                 0        0.11383459        49.1982618
    "BPM.32L1.B1"     "BPM.31L1.B1"       21957.14704       22010.59556                 1    0.133977201443                 0        0.13614264       49.31209639
    "BPM.31L1.B1"     "BPM.30L1.B1"       22010.59556       22064.04407                 1    0.112457310213                 0        0.11383354       49.44823903
    "BPM.30L1.B1"     "BPM.29L1.B1"       22064.04407       22117.49259                 1    0.140109902567                 0        0.13615318       49.56207257
    "BPM.29L1.B1"     "BPM.28L1.B1"       22117.49259        22170.9411                 1    0.106372358341                 0        0.11383459       49.69822575
    "BPM.28L1.B1"     "BPM.27L1.B1"        22170.9411       22224.38962                 1    0.141046782066                 0        0.13614264       49.81206034
    "BPM.27L1.B1"     "BPM.26L1.B1"       22224.38962       22277.83814                 1    0.114777131325                 0        0.11383353       49.94820298
    "BPM.26L1.B1"     "BPM.25L1.B1"       22277.83814       22331.28665                 1    0.130215219221                 0        0.13615318       50.06203651
    "BPM.25L1.B1"     "BPM.24L1.B1"       22331.28665       22384.73517                 1    0.110290053629                 0        0.11383459       50.19818969
    "BPM.24L1.B1"     "BPM.23L1.B1"       22384.73517       22438.18368                 1    0.147179802674                 0        0.13614264       50.31202428
    "BPM.23L1.B1"     "BPM.22L1.B1"       22438.18368        22491.6322                 1    0.114565395993                 0        0.11383353       50.44816692
    "BPM.22L1.B1"     "BPM.21L1.B1"        22491.6322       22545.08071                 1    0.132734117727                 0        0.13615318       50.56200045
    "BPM.21L1.B1"     "BPM.20L1.B1"       22545.08071       22598.52923                 1    0.107097851317                 0        0.11382961       50.69815363
    "BPM.20L1.B1"     "BPM.19L1.B1"       22598.52923       22651.97775                 1    0.141974728205                 0        0.13613592       50.81198324
    "BPM.19L1.B1"     "BPM.18L1.B1"       22651.97775       22705.42626                 1    0.117731155617                 0        0.11383353       50.94811916
    "BPM.18L1.B1"     "BPM.17L1.B1"       22705.42626       22758.87478                 1    0.130014040401                 0        0.13615318       51.06195269
    "BPM.17L1.B1"     "BPM.16L1.B1"       22758.87478       22812.32329                 1    0.106034468682                 0        0.11382962       51.19810587
    "BPM.16L1.B1"     "BPM.15L1.B1"       22812.32329       22865.77181                 1    0.139918253024                 0        0.13613592       51.31193549
    "BPM.15L1.B1"     "BPM.14L1.B1"       22865.77181       22919.22033                 1    0.116377365768                 0        0.11383352       51.44807141
    "BPM.14L1.B1"     "BPM.13L1.B1"       22919.22033       22972.66884                 1     0.13488303727                 0        0.13615318       51.56190493
    "BPM.13L1.B1"     "BPM.12L1.B1"       22972.66884       23026.11736                 1    0.100997643813                 0        0.10665713       51.69805811
    "BPM.12L1.B1"     "BPM.11L1.B1"       23026.11736       23079.56587                 1    0.134749441768                 0        0.12752676       51.80471524
    "BPM.11L1.B1"     "BPM.10L1.B1"       23079.56587       23132.34658                 1   0.0876226980436                 0         0.0837943         51.932242
    "BPM.10L1.B1"      "BPM.9L1.B1"       23132.34658        23171.4116                 1   0.0570640066049                 0        0.06128915        52.0160363
     "BPM.9L1.B1"      "BPM.8L1.B1"        23171.4116       23211.87461                 1    0.125917519949                 0        0.12663535       52.07732545
     "BPM.8L1.B1"     "BPMR.7L1.B1"       23211.87461       23250.94062                 1    0.268464254443                 0        0.26512709        52.2039608
    "BPMR.7L1.B1"      "BPM.6L1.B1"       23250.94062       23294.12462                 1    0.234832186987                 0        0.26453559       52.46908789
     "BPM.6L1.B1"     "BPMR.5L1.B1"       23294.12462       23326.02462                 1    0.216478110446                 0        0.17798816       52.73362348
    "BPMR.5L1.B1"    "BPMYA.4L1.B1"       23326.02462       23347.14262                 1   0.0079842278912                 0        0.01348742       52.91161164
   "BPMYA.4L1.B1"    "BPMWB.4L1.B1"       23347.14262       23368.27512                 1   0.0034716500596                 0         0.0062362       52.92509906
   "BPMWB.4L1.B1"    "BPMSY.4L1.B1"       23368.27512       23461.05512                 1   0.0096853440797                 0        0.00719707       52.93133526
   "BPMSY.4L1.B1"     "BPMS.2L1.B1"       23461.05512       23487.84062                 1 0.000131988295297                 0        0.00165696       52.93853233
    "BPMS.2L1.B1"    "BPMSW.1L1.B1"       23487.84062       23497.79062                 1   0.0004445441095                 0        0.00107284       52.94018929
   "BPMSW.1L1.B1"    "BPMSW.1R1.B1"       23497.79062       23540.93362                 1    0.496832148785                 0        0.49409847       52.94126213
   "BPMSW.1R1.B1"     "BPMS.2R1.B1"       23540.93362       23550.89862                 1 0.000600924528005                 0         0.0008366        53.4353606
    "BPMS.2R1.B1"    "BPMSY.4R1.B1"       23550.89862       23577.68412                 1    0.999732477928                 0        0.00114208        53.4361972
   "BPMSY.4R1.B1"    "BPMWB.4R1.B1"       23577.68412       23670.46412                 1     0.00947902071                 0        0.00816913       53.43733928
   "BPMWB.4R1.B1"    "BPMYA.4R1.B1"       23670.46412       23691.59662                 1    0.002033990709                 0        0.00280237       53.44550841
   "BPMYA.4R1.B1"      "BPM.5R1.B1"       23691.59662       23719.00462                 1    0.005065663024                 0        0.00637893       53.44831078
     "BPM.5R1.B1"     "BPMR.6R1.B1"       23719.00462       23750.90462                 1    0.019635133328                 0        0.01922572       53.45468971
    "BPMR.6R1.B1"    "BPMSX.7R1.B1"       23750.90462       23757.12012                 1    0.008454579026                 0        0.00767624       53.47391543
   "BPMSX.7R1.B1"    "BPM_A.7R1.B1"       23757.12012       23778.62862                 1    0.068152074267                 0        0.07332245       53.48159167
   "BPM_A.7R1.B1"      "BPM.8R1.B1"       23778.62862       23820.06761                 1    0.227348607249                 0        0.20941737       53.55491412
     "BPM.8R1.B1"      "BPM.9R1.B1"       23820.06761        23859.1346                 1    0.073815218092                 0        0.08019524       53.76433149
     "BPM.9R1.B1"     "BPM.10R1.B1"        23859.1346       23899.59958                 1   0.0861044270093                 0        0.09113928       53.84452673
    "BPM.10R1.B1"     "BPM.11R1.B1"       23899.59958       23952.38227                 1    0.109139912857                 0        0.11665252       53.93566601
    "BPM.11R1.B1"     "BPM.12R1.B1"       23952.38227       24007.10876                 1     0.15486645829                 0        0.14644125       54.05231853
    "BPM.12R1.B1"     "BPM.13R1.B1"       24007.10876       24060.56024                 1    0.120923830855                 0        0.11435774       54.19875978
    "BPM.13R1.B1"     "BPM.14R1.B1"       24060.56024       24114.01173                 1    0.129583446597                 0        0.13615354       54.31311752
    "BPM.14R1.B1"     "BPM.15R1.B1"       24114.01173       24167.46321                 1    0.118886902231                 0        0.11383633       54.44927106
    "BPM.15R1.B1"     "BPM.16R1.B1"       24167.46321       24220.91469                 1    0.131602620746                 0        0.13615634       54.56310739
    "BPM.16R1.B1"     "BPM.17R1.B1"       24220.91469       24274.36618                 1    0.116047714968                 0        0.11384188       54.69926373
    "BPM.17R1.B1"     "BPM.18R1.B1"       24274.36618       24327.81766                 1    0.134918438679                 0        0.13615294       54.81310561
    "BPM.18R1.B1"     "BPM.19R1.B1"       24327.81766       24381.26915                 1    0.105172099433                 0        0.11383632       54.94925855
    "BPM.19R1.B1"     "BPM.20R1.B1"       24381.26915       24434.72063                 1    0.148234815028                 0        0.13615634       55.06309487
    "BPM.20R1.B1"     "BPM.21R1.B1"       24434.72063       24488.17211                 1    0.112385018908                 0        0.11384189       55.19925121
    "BPM.21R1.B1"     "BPM.22R1.B1"       24488.17211        24541.6236                 1    0.134720275584                 0        0.13615294        55.3130931
    "BPM.22R1.B1"     "BPM.23R1.B1"        24541.6236       24595.07508                 1    0.107561999135                 0         0.1138413       55.44924604
    "BPM.23R1.B1"     "BPM.24R1.B1"       24595.07508       24648.52657                 1    0.139099211801                 0        0.13616351       55.56308734
    "BPM.24R1.B1"     "BPM.25R1.B1"       24648.52657       24701.97805                 1     0.12585230122                 0        0.11384225       55.69925085
    "BPM.25R1.B1"     "BPM.26R1.B1"       24701.97805       24755.42954                 1    0.129142927913                 0        0.13615294        55.8130931
    "BPM.26R1.B1"     "BPM.27R1.B1"       24755.42954       24808.88102                 1    0.114681080448                 0         0.1138413       55.94924604
    "BPM.27R1.B1"     "BPM.28R1.B1"       24808.88102        24862.3325                 1    0.136706673342                 0        0.13616351       56.06308734
    "BPM.28R1.B1"     "BPM.29R1.B1"        24862.3325       24915.78399                 1     0.10780898075                 0        0.11384225       56.19925085
    "BPM.29R1.B1"     "BPM.30R1.B1"       24915.78399       24969.23547                 1    0.138984988637                 0        0.13615294        56.3130931
    "BPM.30R1.B1"     "BPM.31R1.B1"       24969.23547       25022.68696                 1    0.118053409133                 0         0.1138413       56.44924604
    "BPM.31R1.B1"     "BPM.32R1.B1"       25022.68696       25076.13844                 1    0.133824552819                 0        0.13616351       56.56308734
    "BPM.32R1.B1"     "BPM.33R1.B1"       25076.13844       25129.58992                 1    0.105959018191                 0        0.11384225       56.69925085
    "BPM.33R1.B1"     "BPM.34R1.B1"       25129.58992       25183.04141                 1    0.143528193132                 0        0.13615294        56.8130931
    "BPM.34R1.B1"     "BPM.33L2.B1"       25183.04141       25236.49289                 1    0.786539275753                 0         0.1138413       56.94924604
    "BPM.33L2.B1"     "BPM.32L2.B1"       25236.49289       25289.94438                 1    0.132610042511                 0        0.13616351       57.06308734
    "BPM.32L2.B1"     "BPM.31L2.B1"       25289.94438       25343.39586                 1     0.11761943342                 0        0.11384225       57.19925085
    "BPM.31L2.B1"     "BPM.30L2.B1"       25343.39586       25396.84734                 1    0.134809543656                 0        0.13615294        57.3130931
    "BPM.30L2.B1"     "BPM.29L2.B1"       25396.84734       25450.29883                 1    0.111044074977                 0         0.1138413       57.44924604
    "BPM.29L2.B1"     "BPM.28L2.B1"       25450.29883       25503.75031                 1    0.134500572233                 0        0.13616351       57.56308734
    "BPM.28L2.B1"     "BPM.27L2.B1"       25503.75031        25557.2018                 1    0.114567953506                 0        0.11384225       57.69925085
    "BPM.27L2.B1"     "BPM.26L2.B1"        25557.2018       25610.65328                 1     0.13854164186                 0        0.13615294        57.8130931
    "BPM.26L2.B1"     "BPM.25L2.B1"       25610.65328       25664.10477                 1    0.108618259835                 0         0.1138413       57.94924604
    "BPM.25L2.B1"     "BPM.24L2.B1"       25664.10477       25717.55625                 1    0.140360822586                 0        0.13616351       58.06308734
    "BPM.24L2.B1"     "BPM.23L2.B1"       25717.55625       25771.00773                 1    0.109728385009                 0        0.11384225       58.19925085
    "BPM.23L2.B1"     "BPM.22L2.B1"       25771.00773       25824.45922                 1    0.135788051617                 0        0.13615294        58.3130931
    "BPM.22L2.B1"     "BPM.21L2.B1"       25824.45922        25877.9107                 1    0.117539980025                 0         0.1138413       58.44924604
    "BPM.21L2.B1"     "BPM.20L2.B1"        25877.9107       25931.36219                 1     0.13859274679                 0        0.13616306       58.56308734
    "BPM.20L2.B1"     "BPM.19L2.B1"       25931.36219       25984.81367                 1    0.121849682288                 0         0.1138369        58.6992504
    "BPM.19L2.B1"     "BPM.18L2.B1"       25984.81367       26038.26515                 1     0.13194751326                 0        0.13614622        58.8130873
    "BPM.18L2.B1"     "BPM.17L2.B1"       26038.26515       26091.71664                 1    0.107251788454                 0        0.11384131       58.94923352
    "BPM.17L2.B1"     "BPM.16L2.B1"       26091.71664       26145.16812                 1    0.136897494645                 0        0.13616306       59.06307483
    "BPM.16L2.B1"     "BPM.15L2.B1"       26145.16812       26198.61961                 1    0.118069050579                 0         0.1138369       59.19923789
    "BPM.15L2.B1"     "BPM.14L2.B1"       26198.61961       26252.07109                 1    0.135458785015                 0        0.13614622       59.31307479
    "BPM.14L2.B1"     "BPM.13L2.B1"       26252.07109       26305.52257                 1    0.112489005485                 0        0.11384131       59.44922101
    "BPM.13L2.B1"     "BPM.12L2.B1"       26305.52257       26358.97406                 1    0.131167055375                 0        0.13515544       59.56306232
    "BPM.12L2.B1"     "BPM.11L2.B1"       26358.97406       26412.42554                 1    0.117017920497                 0        0.11867345       59.69821776
    "BPM.11L2.B1"     "BPM.10L2.B1"       26412.42554       26464.26623                 1    0.143823408722                 0        0.14004166       59.81689121
    "BPM.10L2.B1"      "BPM.9L2.B1"       26464.26623       26503.33322                 1    0.069999382201                 0        0.06974866       59.95693287
     "BPM.9L2.B1"      "BPM.8L2.B1"       26503.33322       26543.79821                 1    0.113657243007                 0         0.1103872       60.02668153
     "BPM.8L2.B1"      "BPM.7L2.B1"       26543.79821        26582.8662                 1   0.0715490950816                 0        0.06911606       60.13706873
     "BPM.7L2.B1"     "BPMR.6L2.B1"        26582.8662        26614.9722                 1   0.0502043821536                 0        0.04709297       60.20618479
    "BPMR.6L2.B1"    "BPMYB.5L2.B1"        26614.9722            28.288                 1    0.172112938725                 0     0.18240487241       60.25327776