@ GetLLMVersion %s "V3.0.0 Dev"
@ Command %s "/afs/cern.ch/work/o/omc/anaconda/bin/python '/afs/cern.ch/work/e/efol/public/Beta-Beat.src/GetLLM/GetLLM.py' '--accel=LHCB1' '--model=/afs/cern.ch/work/e/efol/public/betabeatGui/temp/2017-12-20/models/LHCB1/Multiturn-model_40cm_2041/twiss.dat' '--files=/afs/cern.ch/work/e/efol/public/betabeatGui/temp/2017-12-20/LHCB1/Measurements/Beam1@Turn@2017_09_11@19_02_33_250_onlydbscan/Beam1@Turn@2017_09_11@19_02_33_250_onlydbscan.sdds' '--output=/afs/cern.ch/work/e/efol/public/betabeatGui/temp/2017-12-20/LHCB1/Results/40cm_cleaned_arcs_with_dbscan_only' '--tbtana=SUSSIX' '--bpmu=mm' '--lhcphase=1' '--errordefs=/afs/cern.ch/work/e/efol/public/betabeatGui/temp/2017-12-20/models/LHCB1/Multiturn-model_40cm_2041/error_deff.txt'"
@ CWD %s "/home/efol/Workspaces/Accsoft-Eclipse-Pro/lhc-app-beta-beating"
@ Date %s "21. December 2017, 13:48:45"
@ Q1 %le 0.299858916597
@ Q2 %le 0.33142165071
@ RMSbetabeat %le 1.80341530166
@ RescalingFactor %le 1.08707930313
@ FILES %s "/afs/cern.ch/work/e/efol/public/betabeatGui/temp/2017-12-20/LHCB1/Measurements/Beam1@Turn@2017_09_11@19_02_33_250_onlydbscan/Beam1@Turn@2017_09_11@19_02_33_250_onlydbscan.sdds.linx"
*            NAME                 S             COUNT              BETX           BETXSTD           BETXMDL            MUXMDL           BETXRES        BETXSTDRES
$              %s               %le               %le               %le               %le               %le               %le               %le               %le
   "BPMYB.5L2.B1"            28.288                 1     139.091606785 1.48323969742e-08       177.1517339      0.0307105773     151.203606975 1.61239917664e-08
   "BPMYB.4L2.B1"            48.858                 1     67.9385004282 1.48323969742e-08       83.42430573     0.05777070718     73.8545377012 1.61239917664e-08
   "BPMWI.4L2.B1"           73.3255                 1     65.3159098767 1.48323969742e-08       79.46384864      0.1106630256      71.003573792 1.61239917664e-08
   "BPMSX.4L2.B1"          123.4825                 1     141.088993424 1.48323969742e-08       159.6296909      0.1841212942      153.37492465 1.61239917664e-08
    "BPMS.2L2.B1"           161.394                 1     59.3723082478 1.48323969742e-08       60.51586181      0.2375585824     64.5424074752 1.61239917664e-08
   "BPMSW.1L2.B1"           171.328                 1     49.6822242531 1.48323969742e-08       54.94020744      0.2619098945      54.008517719 1.61239917664e-08
   "BPMSW.1R2.B1"           214.518                 1     48.2051828306 1.48323969742e-08       53.78132057      0.6157627793     52.4028565587 1.61239917664e-08
    "BPMS.2R2.B1"           224.452                 1     143.252216497 1.48323969742e-08       163.3198522      0.6347445753     155.726519682 1.61239917664e-08
   "BPMSX.4R2.B1"          262.3635                 1     71.1748951659 1.48323969742e-08       93.77997746      0.6811952369     77.3727554373 1.61239917664e-08
   "BPMWB.4R2.B1"          312.5965                 1     87.2573122195 1.48323969742e-08       102.1823307      0.7669564086     94.8556181606 1.61239917664e-08
   "BPMYB.4R2.B1"           336.988                 1     89.4370902975 1.48323969742e-08       101.4268726      0.8022192363     97.2252097945 1.61239917664e-08
    "BPMR.5R2.B1"           366.522                 1     35.5973925269 1.48323969742e-08       34.89104464      0.8947403531     38.6971886614 1.61239917664e-08
     "BPM.6R2.B1"           439.818                 1     153.253138066 1.48323969742e-08       183.0161833       1.035300704     166.598314531 1.61239917664e-08
   "BPM_A.7R2.B1"           452.693                 1     74.8495145519 1.48323969742e-08       84.69129598       1.051789175     81.3673581187 1.61239917664e-08
     "BPM.8R2.B1"       494.1300106                 1     94.5774333161 1.48323969742e-08       106.4141936       1.137043441     102.813170301 1.61239917664e-08
     "BPM.9R2.B1"       533.1950212                 1     15.1097241003 1.48323969742e-08        15.9858868       1.302613849     16.4254683454 1.61239917664e-08
    "BPM.10R2.B1"       573.6580318                 1     166.101750608 1.48323969742e-08       181.9953665       1.462134842       180.5657753 1.61239917664e-08
    "BPM.11R2.B1"       625.4967424                 1     29.9249928634 1.48323969742e-08       32.31860712       1.566060696     32.5308403881 1.61239917664e-08
    "BPM.12R2.B1"       680.2202583                 1     149.999820539 1.48323969742e-08       164.4711574        1.71652591     163.061700381 1.61239917664e-08
    "BPM.13R2.B1"       733.6687742                 1     31.8834308474 1.48323969742e-08        34.0452889       1.832168847     34.6598177869 1.61239917664e-08
    "BPM.14R2.B1"       787.1172901                 1     169.043607793 1.48323969742e-08       180.5063043       1.962332305     183.763807358 1.61239917664e-08
    "BPM.15R2.B1"        840.565806                 1     31.2139014514 1.48323969742e-08       33.77617929       2.072199532     33.9319862377 1.61239917664e-08
    "BPM.16R2.B1"       894.0143219                 1      144.20731819 1.48323969742e-08       159.3057621       2.214397629     156.764790964 1.61239917664e-08
    "BPM.17R2.B1"       947.4628378                 1     32.8520852469 1.48323969742e-08       34.00358741       2.332446493     35.7128219365 1.61239917664e-08
    "BPM.18R2.B1"       1000.911354                 1     169.040099882 1.48323969742e-08       180.4990122       2.462596989     183.759993981 1.61239917664e-08
    "BPM.19R2.B1"        1054.35987                 1      30.758605446 1.48323969742e-08       33.76856551       2.572481689     33.4370433735 1.61239917664e-08
    "BPM.20R2.B1"       1107.808386                 1     144.299774704 1.48323969742e-08       159.3131206       2.714697524     156.865298527 1.61239917664e-08
    "BPM.21R2.B1"       1161.256901                 1     31.9830751259 1.48323969742e-08       34.01120045         2.8327267     34.7681390198 1.61239917664e-08
    "BPM.22R2.B1"       1214.705417                 1     166.643797528 1.48323969742e-08       180.4915873       2.962861683     181.155023288 1.61239917664e-08
    "BPM.23R2.B1"       1268.153933                 1     30.1260325335 1.48323969742e-08       32.28357935       3.075737078     32.7493864525 1.61239917664e-08
    "BPM.24R2.B1"       1321.602449                 1     153.476423247 1.48323969742e-08       161.2314885       3.221334147     166.841043231 1.61239917664e-08
    "BPM.26R2.B1"       1428.499481                 1     178.602056252 1.48323969742e-08       180.0536797       3.468127126     194.154598848 1.61239917664e-08
    "BPM.27R2.B1"       1481.947997                 1     29.3367562348 1.48323969742e-08        32.1444477       3.581464712     31.8913805238 1.61239917664e-08
    "BPM.28R2.B1"       1535.396513                 1     157.386777785 1.48323969742e-08       161.6924597       3.727213292     171.091908716 1.61239917664e-08
    "BPM.29R2.B1"       1588.845029                 1     32.8245024841 1.48323969742e-08       34.30419083       3.843527967      35.682837286 1.61239917664e-08
    "BPM.30R2.B1"       1642.293545                 1     170.789634594 1.48323969742e-08       179.5702099       3.973406065     185.661876956 1.61239917664e-08
    "BPM.33R2.B1"       1802.639092                 1     32.6015515372 1.48323969742e-08       34.43538651       4.348896202      35.440471926 1.61239917664e-08
    "BPM.34R2.B1"       1856.087608                 1     170.110540403 1.48323969742e-08       179.0435469        4.47869988     184.923647716 1.61239917664e-08
    "BPM.33L3.B1"       1909.536124                 1     30.2189463109 1.48323969742e-08        31.8822171       4.592992385     32.8503910969 1.61239917664e-08
    "BPM.32L3.B1"        1962.98464                 1     149.340072202 1.48323969742e-08       162.7451403       4.738917489     162.344501619 1.61239917664e-08
    "BPM.31L3.B1"       2016.433156                 1     32.3841506418 1.48323969742e-08       34.56048233       4.854244488     35.2041399121 1.61239917664e-08
    "BPM.30L3.B1"       2069.881672                 1     163.016433249 1.48323969742e-08       178.4762713         4.9840099     177.211790655 1.61239917664e-08
    "BPM.29L3.B1"       2123.330188                 1     28.2025996594 1.48323969742e-08       31.76040305       5.098790731     30.6584623842 1.61239917664e-08
    "BPM.28L3.B1"       2176.778704                 1     148.902415155 1.48323969742e-08       163.3316918       5.244739765     161.868733701 1.61239917664e-08
    "BPM.27L3.B1"        2230.22722                 1     32.9088042217 1.48323969742e-08       34.67886535       5.359573959     35.7744799602 1.61239917664e-08
    "BPM.26L3.B1"       2283.675735                 1     165.042875139 1.48323969742e-08       177.8711626       5.489337398     179.414693692 1.61239917664e-08
    "BPM.25L3.B1"       2337.124251                 1     30.9418986939 1.48323969742e-08       31.64559612       5.604610723     33.6362976696 1.61239917664e-08
    "BPM.24L3.B1"       2390.572767                 1     151.956048321 1.48323969742e-08       163.9546162       5.750540516     165.188275115 1.61239917664e-08
    "BPM.23L3.B1"       2444.021283                 1     33.1058142638 1.48323969742e-08       34.78995551       5.864885818     35.9886454995 1.61239917664e-08
    "BPM.22L3.B1"       2497.469799                 1     168.385790691 1.48323969742e-08       177.2311858       5.994683583     183.048708002 1.61239917664e-08
    "BPM.21L3.B1"       2550.918315                 1     29.3370479381 1.48323969742e-08       31.53835885       6.110451177     31.8916976284 1.61239917664e-08
    "BPM.20L3.B1"       2604.366831                 1     148.223170145 1.48323969742e-08       163.1672425       6.257193088     161.130340509 1.61239917664e-08
    "BPM.19L3.B1"       2657.815347                 1      32.362026968 1.48323969742e-08       36.36702505         6.3688608     35.1800897242 1.61239917664e-08
    "BPM.18L3.B1"       2711.263863                 1     174.067127964 1.48323969742e-08       177.2510812       6.494953214     189.224772165 1.61239917664e-08
    "BPM.17L3.B1"       2764.712379                 1     32.6002394331 1.48323969742e-08       31.53213964        6.61075335     35.4390455648 1.61239917664e-08
    "BPM.16L3.B1"       2818.160894                 1     147.573533423 1.48323969742e-08       163.2140611        6.75748585     160.424133874 1.61239917664e-08
    "BPM.14L3.B1"       2925.057926                 1  0.00545801216801 1.48323969742e-08       177.2042186       6.995222789  0.00593329206407 1.61239917664e-08
    "BPM.13L3.B1"       2978.506442                 1     30.4221018315 1.48323969742e-08       31.52595076       7.111055582     33.0712372587 1.61239917664e-08
    "BPM.12L3.B1"       3031.954958                 1     162.956518837 1.48323969742e-08       165.7149525       7.256303633     177.146658938 1.61239917664e-08
    "BPM.11L3.B1"       3085.403474                 1     27.5809700913 1.48323969742e-08       29.93219266       7.380910847     29.9827017464 1.61239917664e-08
    "BPM.10L3.B1"       3138.184185                 1     165.911897384 1.48323969742e-08       175.9864401       7.522174718     180.359389789 1.61239917664e-08
     "BPM.9L3.B1"       3177.249195                 1     47.8544103403 1.48323969742e-08       53.24474648       7.583522769     52.0215390444 1.61239917664e-08
     "BPM.8L3.B1"       3217.712206                 1     149.257407812 1.48323969742e-08       164.2959028       7.664417355     162.254638871 1.61239917664e-08
     "BPM.7L3.B1"       3256.776216                 1     50.1270941909 1.48323969742e-08       55.13891143       7.727166632     54.4921266209 1.61239917664e-08
     "BPM.6L3.B1"       3329.415216                 1     189.591946528 1.48323969742e-08       213.7359192       7.840624224     206.101481111 1.61239917664e-08
  "BPMWG.A5L3.B1"       3371.119716                 1      59.057868157 1.48323969742e-08       72.68014082        7.89492617     64.2005861604 1.61239917664e-08
    "BPMW.5L3.B1"       3400.089716                 1     45.8375155477 1.48323969742e-08       59.65413939        7.97317682     49.8290144587 1.61239917664e-08
   "BPMWE.4L3.B1"       3475.217716                 1     220.404186933 1.48323969742e-08       265.9798231       8.074883532     239.596829938 1.61239917664e-08
    "BPMW.4L3.B1"       3502.762716                 1     212.297132696 1.48323969742e-08       241.6652601        8.09056014     230.783819068 1.61239917664e-08
    "BPMW.4R3.B1"       3547.727716                 1     37.6552587929 1.48323969742e-08       41.47047719       8.164697911     40.9342524877 1.61239917664e-08
   "BPMWE.4R3.B1"       3575.272716                 1     25.9823517764 1.48323969742e-08         31.195122       8.317993867     28.2448768628 1.61239917664e-08
    "BPMW.5R3.B1"       3650.400716                 1     301.738937239 1.48323969742e-08       370.9335428        8.44104824     328.014153621 1.61239917664e-08
  "BPMWJ.A5R3.B1"       3679.118716                 1      260.77223328 1.48323969742e-08       321.7697782       8.452900622      283.48009763 1.61239917664e-08
   "BPMWC.6R3.B1"       3718.936716                 1     57.1425480216 1.48323969742e-08       67.31857841       8.496502549     62.1184812824 1.61239917664e-08
    "BPMR.6R3.B1"       3731.015216                 1     34.6861058335 1.48323969742e-08       40.00073496       8.535692106     37.7065477577 1.61239917664e-08
     "BPM.8R3.B1"       3825.903227                 1     30.1118756705 1.48323969742e-08       36.56673345       8.844918955     32.7339968198 1.61239917664e-08
     "BPM.9R3.B1"       3864.968238                 1     119.072447804 1.48323969742e-08       137.0512693       8.943146289      129.44119358 1.61239917664e-08
    "BPM.10R3.B1"       3905.431248                 1     49.2930025836 1.48323969742e-08       56.04345033       9.014379317     53.5854028977 1.61239917664e-08
    "BPM.11R3.B1"       3958.211959                 1      164.70851046 1.48323969742e-08       174.9530542       9.108657306     179.051212771 1.61239917664e-08
    "BPM.12R3.B1"       4012.935475                 1     42.8699493089 1.48323969742e-08       40.18104704       9.215857112     46.6030346199 1.61239917664e-08
    "BPM.13R3.B1"       4066.383991                 1     169.238846951 1.48323969742e-08       175.7486142       9.334770036     183.976047806 1.61239917664e-08
    "BPM.14R3.B1"       4119.832506                 1     31.3865920143 1.48323969742e-08       35.31549583       9.443591792     34.1197145745 1.61239917664e-08
    "BPM.18R3.B1"        4333.62657                 1     32.2811985117 1.48323969742e-08       35.31217894       9.943861633     35.0922227822 1.61239917664e-08
    "BPM.19R3.B1"       4387.075086                 1     154.467390303 1.48323969742e-08       164.1047179       10.07904705     167.918303007 1.61239917664e-08
    "BPM.22R3.B1"       4547.420634                 1     30.4557309114 1.48323969742e-08       35.30884388        10.4441315     33.1077947354 1.61239917664e-08
    "BPM.27R3.B1"       4814.663213                 1     158.093755423 1.48323969742e-08       165.0409475       11.08420858     171.860449475 1.61239917664e-08
    "BPM.28R3.B1"       4868.111729                 1     31.5963193564 1.48323969742e-08       31.15148108       11.20613189     34.3477048274 1.61239917664e-08
    "BPM.29R3.B1"       4921.560245                 1     182.442600724 1.48323969742e-08       176.8104358       11.34609361     198.329575256 1.61239917664e-08
    "BPM.30R3.B1"       4975.008761                 1     31.9043850808 1.48323969742e-08       35.19795088       11.45459801     34.6825967004 1.61239917664e-08
    "BPM.31R3.B1"       5028.457277                 1     162.915403551 1.48323969742e-08       164.3653558       11.58997198     177.101963361 1.61239917664e-08
    "BPM.32R3.B1"       5081.905793                 1     29.3686284461 1.48323969742e-08       31.21695227       11.71204874      31.926028145 1.61239917664e-08
    "BPM.33R3.B1"       5135.354309                 1     156.921069179 1.48323969742e-08       177.4707782       11.85145219      170.58564653 1.61239917664e-08
    "BPM.34R3.B1"       5188.802825                 1     32.3536455929 1.48323969742e-08       35.12760163       11.95984513     35.1709785048 1.61239917664e-08
    "BPM.33L4.B1"        5242.25134                 1     153.235220024 1.48323969742e-08       163.7210719       12.09575858     166.578836199 1.61239917664e-08
    "BPM.32L4.B1"       5295.699856                 1     28.8403514506 1.48323969742e-08       31.29209337       12.21795228     31.3517491569 1.61239917664e-08
    "BPM.31L4.B1"       5349.148372                 1     168.829704889 1.48323969742e-08        178.098214       12.35679135     183.531277938 1.61239917664e-08
    "BPM.30L4.B1"       5402.596888                 1     32.0550464192 1.48323969742e-08       35.04776075       12.46510348     34.8463775232 1.61239917664e-08
    "BPM.29L4.B1"       5456.045404                 1     159.725661845 1.48323969742e-08       163.1112529       12.60156739      173.63446117 1.61239917664e-08
    "BPM.28L4.B1"        5509.49392                 1     28.1235680989 1.48323969742e-08        31.3765362       12.72384078     30.5725488105 1.61239917664e-08
    "BPM.27L4.B1"       5562.942436                 1     167.260890474 1.48323969742e-08       178.6896691       12.86211227     181.825852257 1.61239917664e-08
    "BPM.26L4.B1"       5616.390952                 1      31.618060631 1.48323969742e-08       34.95881945       12.97037452      34.371339317 1.61239917664e-08
    "BPM.25L4.B1"       5669.839468                 1     149.644623114 1.48323969742e-08       162.5388866        13.1073973     162.675572611 1.61239917664e-08
    "BPM.24L4.B1"       5723.287984                 1     29.7622929345 1.48323969742e-08         31.469867       13.22971261     32.3539726627 1.61239917664e-08
    "BPM.23L4.B1"         5776.7365                 1      164.56536411 1.48323969742e-08       179.2422452       13.36741618     178.895601336 1.61239917664e-08
    "BPM.22L4.B1"       5830.185015                 1     32.1777764585 1.48323969742e-08       34.86121351       13.47565965     34.9797948088 1.61239917664e-08
    "BPM.21L4.B1"       5883.633531                 1     154.043661523 1.48323969742e-08       162.0067777       13.61324706      167.45767622 1.61239917664e-08
    "BPM.20L4.B1"       5937.082047                 1     30.4867629561 1.48323969742e-08       32.88428042       13.73251994      33.141529029 1.61239917664e-08
    "BPM.19L4.B1"       5990.530563                 1     165.446013581 1.48323969742e-08       177.5667392       13.86701995      179.85293715 1.61239917664e-08
    "BPM.18L4.B1"       6043.979079                 1     31.3637558239 1.48323969742e-08       34.84092437       13.97593236     34.0948898246 1.61239917664e-08
    "BPM.17L4.B1"       6097.427595                 1     155.019213407 1.48323969742e-08       161.9930993       14.11354197     168.518178483 1.61239917664e-08
    "BPM.16L4.B1"       6150.876111                 1      33.226305093 1.48323969742e-08       32.88934887        14.2328097     36.1196285861 1.61239917664e-08
    "BPM.15L4.B1"       6204.324627                 1     167.656859155 1.48323969742e-08       177.5803688         14.367289     182.256301616 1.61239917664e-08
    "BPM.14L4.B1"       6257.773143                 1     32.6976561832 1.48323969742e-08        34.8358498       14.47620588     35.5449452976 1.61239917664e-08
    "BPM.13L4.B1"       6311.221659                 1     158.318581547 1.48323969742e-08       161.9795185       14.61383691     172.104853301 1.61239917664e-08
    "BPM.12L4.B1"       6364.670174                 1     30.8380664376 1.48323969742e-08       32.08291075       14.73495331     33.5234237728 1.61239917664e-08
    "BPM.11L4.B1"        6418.11869                 1     163.124623507 1.48323969742e-08       175.7375792       14.87260648     177.329402045 1.61239917664e-08
    "BPM.10L4.B1"       6469.957401                 1     33.8900047297 1.48323969742e-08       33.06663816       14.98203498     36.8411227247 1.61239917664e-08
     "BPM.9L4.B1"       6509.022412                 1     95.2119149602 1.48323969742e-08       105.8483827       15.10815527     103.502902165 1.61239917664e-08
     "BPM.8L4.B1"       6549.485422                 1     21.4059199964 1.48323969742e-08       20.19056672       15.24715149     23.2699325926 1.61239917664e-08
     "BPM.7L4.B1"       6588.549433                 1     93.4812052051 1.48323969742e-08       110.5800885        15.4185443      101.62148341 1.61239917664e-08
   "BPMYB.6L4.B1"       6685.153433                 1     105.588696952 1.48323969742e-08       133.8799566       15.55303491     114.783287101 1.61239917664e-08
   "BPMYA.5L4.B1"       6722.153433                 1     356.937869283 1.48323969742e-08         424.29007       15.57904232       388.0197702 1.61239917664e-08
  "BPMWI.A5L4.B1"       6798.755933                 1     263.537156606 1.48323969742e-08       318.5810442       15.61111939     286.485788552 1.61239917664e-08
  "BPMWA.B5L4.B1"       6824.619933                 1     242.070268223 1.48323969742e-08       283.4316006       15.62483513     263.149578489 1.61239917664e-08
  "BPMWA.A5L4.B1"       6833.504933                 1     225.969285894 1.48323969742e-08       272.8601656       15.62992091     245.646533838 1.61239917664e-08
  "BPMWA.A5R4.B1"       6881.553933                 1     186.641357253 1.48323969742e-08       229.0117166       15.66070432     202.893956578 1.61239917664e-08
  "BPMWA.B5R4.B1"       6890.438933                 1     180.060986319 1.48323969742e-08       223.3666447       15.66695823     195.740571528 1.61239917664e-08
   "BPMYB.5R4.B1"       6992.829433                 1     196.155953962 1.48323969742e-08       231.6295468       15.74447957     213.237077738 1.61239917664e-08
   "BPMYA.6R4.B1"       7024.393433                 1     431.011022322 1.48323969742e-08        515.870197       15.75903249     468.543161787 1.61239917664e-08
     "BPM.7R4.B1"       7120.909433                 1     20.1935298141 1.48323969742e-08       21.54511547       15.92616669     21.9519683181 1.61239917664e-08
     "BPM.8R4.B1"       7158.698443                 1     102.630980696 1.48323969742e-08       111.1705448       16.07955285     111.568014974 1.61239917664e-08
     "BPM.9R4.B1"       7197.763454                 1     18.0554136169 1.48323969742e-08       19.84176826       16.21148303     19.6276664524 1.61239917664e-08
    "BPM.10R4.B1"       7238.226465                 1      142.37399837 1.48323969742e-08       148.9304019       16.37108623     154.771826932 1.61239917664e-08
    "BPM.11R4.B1"       7290.065175                 1     29.8092498327 1.48323969742e-08       32.50178677       16.48830677      32.405018535 1.61239917664e-08
    "BPM.12R4.B1"       7344.788691                 1     152.719538546 1.48323969742e-08       174.4131392       16.62792159     166.018249537 1.61239917664e-08
    "BPM.13R4.B1"       7398.237207                 1     31.9632889631 1.48323969742e-08       35.75236044       16.73639002     34.7466298917 1.61239917664e-08
    "BPM.14R4.B1"       7451.685723                 1     160.320368325 1.48323969742e-08       168.3439607       16.86842681     174.280954277 1.61239917664e-08
    "BPM.15R4.B1"       7505.134239                 1     30.7600830213 1.48323969742e-08       31.36606306       16.98837996      33.438649615 1.61239917664e-08
    "BPM.16R4.B1"       7558.582755                 1     160.112977609 1.48323969742e-08        175.774888       17.12847014     174.055504121 1.61239917664e-08
    "BPM.17R4.B1"       7612.031271                 1      36.016494007 1.48323969742e-08       35.76582385       17.23636302     39.1527852063 1.61239917664e-08
    "BPM.18R4.B1"       7665.479786                 1     156.100824685 1.48323969742e-08       168.3479905       17.36839671     169.693975717 1.61239917664e-08
    "BPM.19R4.B1"       7718.928302                 1     29.4102921076 1.48323969742e-08       31.36590685       17.48834844     31.9713198491 1.61239917664e-08
    "BPM.20R4.B1"       7772.376818                 1     160.326189115 1.48323969742e-08       175.7708579       17.62844131     174.287281937 1.61239917664e-08
    "BPM.21R4.B1"       7825.825334                 1     31.8081507782 1.48323969742e-08        35.7659799       17.73633538     34.5779823818 1.61239917664e-08
    "BPM.22R4.B1"        7879.27385                 1     157.362926913 1.48323969742e-08       168.3520209       17.86836661     171.065980927 1.61239917664e-08
    "BPM.23R4.B1"       7932.722366                 1     29.5846999519 1.48323969742e-08        31.3665894       17.98831494      32.160915007 1.61239917664e-08
    "BPM.24R4.B1"       7986.170882                 1     151.536374436 1.48323969742e-08       175.7685136       18.12840706     164.732056321 1.61239917664e-08
    "BPM.25R4.B1"       8039.619398                 1     36.1313850053 1.48323969742e-08       35.76619259       18.23630162     39.2776808327 1.61239917664e-08
    "BPM.26R4.B1"       8093.067914                 1     163.488171643 1.48323969742e-08       168.3569433       18.36832984       177.7246077 1.61239917664e-08
    "BPM.27R4.B1"        8146.51643                 1     29.1749377785 1.48323969742e-08       31.36639928       18.48827645     31.7154710291 1.61239917664e-08
    "BPM.28R4.B1"       8199.964946                 1     162.389418498 1.48323969742e-08       175.7635908       18.62837185     176.530175896 1.61239917664e-08
    "BPM.29R4.B1"       8253.413461                 1     32.9910019784 1.48323969742e-08       35.76638249       18.73626786     35.8638354402 1.61239917664e-08
    "BPM.30R4.B1"       8306.861977                 1     159.174728533 1.48323969742e-08       168.3618665       18.86829308      173.03555297 1.61239917664e-08
    "BPM.31R4.B1"       8360.310493                 1      32.285764087 1.48323969742e-08        31.3662096       18.98823795     35.0971859247 1.61239917664e-08
    "BPM.32R4.B1"       8413.759009                 1     155.284716658 1.48323969742e-08       175.7586672       19.12833663     168.806801571 1.61239917664e-08
    "BPM.33R4.B1"       8467.207525                 1     30.5258623799 1.48323969742e-08       35.76657194        19.2362341     33.1840332033 1.61239917664e-08
    "BPM.34R4.B1"       8520.656041                 1      157.29495484 1.48323969742e-08       168.3667905       19.36825631     170.992089893 1.61239917664e-08
    "BPM.33L5.B1"       8574.104557                 1     29.1735686177 1.48323969742e-08       31.36602038       19.48819945     31.7139826428 1.61239917664e-08
    "BPM.32L5.B1"       8627.553073                 1     152.899293423 1.48323969742e-08       175.7537429       19.62830141     166.213657344 1.61239917664e-08
    "BPM.31L5.B1"       8681.001589                 1     32.3273372082 1.48323969742e-08       35.76676093       19.73620034     35.1423792043 1.61239917664e-08
    "BPM.30L5.B1"       8734.450105                 1     157.775118681 1.48323969742e-08       168.3717152       19.86821955     171.514066066 1.61239917664e-08
    "BPM.29L5.B1"        8787.89862                 1     28.4490109936 1.48323969742e-08       31.36583161       19.98816096     30.9263310456 1.61239917664e-08
    "BPM.28L5.B1"       8841.347136                 1     161.140695072 1.48323969742e-08       175.7488178       20.12826619     175.172714504 1.61239917664e-08
    "BPM.27L5.B1"       8894.795652                 1     30.8429928615 1.48323969742e-08       35.76694948       20.23616658     33.5287791863 1.61239917664e-08
    "BPM.24L5.B1"         9055.1412                 1     156.875734991 1.48323969742e-08        175.743892       20.62823098     170.536364672 1.61239917664e-08
    "BPM.23L5.B1"       9108.589716                 1     32.1938597708 1.48323969742e-08       35.76713757       20.73613282     34.9972786447 1.61239917664e-08
    "BPM.22L5.B1"       9162.038232                 1     165.064119598 1.48323969742e-08       168.3815669       20.86814603     179.437788104 1.61239917664e-08
    "BPM.21L5.B1"       9215.486748                 1     29.4415134842 1.48323969742e-08       31.36545543       20.98808396     32.0052599615 1.61239917664e-08
    "BPM.20L5.B1"       9268.935264                 1     164.682582361 1.48323969742e-08       175.7367281       21.12819692     179.023026871 1.61239917664e-08
    "BPM.16L5.B1"       9482.729327                 1      159.30054866 1.48323969742e-08       175.7326949       21.62816809     173.172329426 1.61239917664e-08
    "BPM.15L5.B1"       9536.177843                 1     33.5055884834 1.48323969742e-08        35.7664678        21.7360752     36.4232317795 1.61239917664e-08
    "BPM.14L5.B1"       9589.626359                 1     167.641261823 1.48323969742e-08       168.3895931       21.86808584     182.239346079 1.61239917664e-08
    "BPM.13L5.B1"       9643.074875                 1     31.0972068763 1.48323969742e-08       31.36514891       21.98802093     33.8051299803 1.61239917664e-08
    "BPM.12L5.B1"       9696.523391                 1     161.213893491 1.48323969742e-08       172.3651049       22.12993182     175.252286991 1.61239917664e-08
    "BPM.11L5.B1"       9749.971907                 1      35.502437374 1.48323969742e-08       40.09649446        22.2320436     38.5939648799 1.61239917664e-08
    "BPM.10L5.B1"       9802.752617                 1     147.003136911 1.48323969742e-08       148.5657784       22.35895129     159.804067631 1.61239917664e-08
     "BPM.9L5.B1"       9841.817628                 1     18.1766088535 1.48323969742e-08       19.94999097       22.47176515     19.7594152857 1.61239917664e-08
     "BPM.8L5.B1"       9882.280639                 1     118.237393463 1.48323969742e-08       123.6463183       22.65981144     128.533423289 1.61239917664e-08
    "BPMR.7L5.B1"       9921.346649                 1     32.0858521264 1.48323969742e-08       32.28132098         22.752937     34.8798657699 1.61239917664e-08
     "BPM.6L5.B1"       9958.240649                 1     148.379915984 1.48323969742e-08       175.7040571       22.85330752     161.300735666 1.61239917664e-08
    "BPMR.5L5.B1"       9990.140649                 1     377.974009415 1.48323969742e-08       452.1118489       22.87128183     410.887722756 1.61239917664e-08
   "BPMYA.4L5.B1"       10017.54665                 1     820.796549496 1.48323969742e-08       1026.060262       22.87781266     892.270941037 1.61239917664e-08
   "BPMWB.4L5.B1"       10038.68115                 1      1046.7920299 1.48323969742e-08       1278.157626       22.88069495     1137.94595039 1.61239917664e-08
   "BPMSY.4L5.B1"       10131.46115                 1     2037.19577188 1.48323969742e-08       2399.160588       22.88913132     2214.59336004 1.61239917664e-08
    "BPMS.2L5.B1"       10158.24665                 1     2968.63963994 1.48323969742e-08       3752.328769       22.89031483     3227.14671102 1.61239917664e-08
   "BPMSW.1L5.B1"       10168.21165                 1     973.453925901 1.48323969742e-08       1121.108197        22.8911824      1058.2216154 1.61239917664e-08
   "BPMSW.1R5.B1"       10211.33965                 1     998.150408991 1.48323969742e-08       1125.962039       23.38507157     1085.06865102 1.61239917664e-08
    "BPMS.2R5.B1"       10221.30465                 1     302.776399405 1.48323969742e-08       1418.839508       23.38618221     329.141957269 1.61239917664e-08
   "BPMWB.4R5.B1"       10340.87015                 1      684.83733095 1.48323969742e-08       785.7236725       23.39536389     744.472488486 1.61239917664e-08
   "BPMYA.4R5.B1"       10362.00265                 1     297.567336089 1.48323969742e-08       353.8292001       23.40186474     323.479292349 1.61239917664e-08
     "BPM.5R5.B1"       10383.12065                 1     147.489257925 1.48323969742e-08       159.9402018       23.41601191     160.332519724 1.61239917664e-08
    "BPMR.6R5.B1"       10415.02065                 1     7.24690736536 1.48323969742e-08       8.300261333         23.581167     7.87796300858 1.61239917664e-08
   "BPM_A.7R5.B1"       10449.03465                 1      126.31189634 1.48323969742e-08       141.4078201       23.84321808      137.31104825 1.61239917664e-08
     "BPM.8R5.B1"       10490.47364                 1     18.2290599243 1.48323969742e-08       17.30997942       23.96315398     19.8164337592 1.61239917664e-08
     "BPM.9R5.B1"       10529.54063                 1     98.4676122588 1.48323969742e-08        116.202738       24.16977302     107.042103315 1.61239917664e-08
    "BPM.10R5.B1"       10570.00562                 1      35.233705059 1.48323969742e-08       40.40930468       24.25605254     38.3018315422 1.61239917664e-08
    "BPM.11R5.B1"       10622.78831                 1     173.100032256 1.48323969742e-08       177.3831489       24.37468068     188.173462436 1.61239917664e-08
    "BPM.12R5.B1"       10677.51479                 1     31.9139495383 1.48323969742e-08       32.60852176       24.49276643     34.6929940242 1.61239917664e-08
    "BPM.13R5.B1"       10730.96627                 1     159.105593581 1.48323969742e-08       175.9434467       24.62914192     172.960397794 1.61239917664e-08
    "BPM.14R5.B1"       10784.41776                 1     31.9739964753 1.48323969742e-08       35.75922259        24.7370135     34.7582698067 1.61239917664e-08
    "BPM.15R5.B1"       10837.86924                 1     160.442824626 1.48323969742e-08       168.2627331         24.869117     174.414073987 1.61239917664e-08
    "BPM.16R5.B1"       10891.32073                 1     31.4390397283 1.48323969742e-08       31.36724834       24.98911164     34.1767293989 1.61239917664e-08
    "BPM.17R5.B1"       10944.77221                 1     163.024730174 1.48323969742e-08       175.8858141       25.12914818      177.22081007 1.61239917664e-08
    "BPM.18R5.B1"        10998.2237                 1     30.9221765328 1.48323969742e-08       35.75918637       25.23701962     33.6148581166 1.61239917664e-08
    "BPM.19R5.B1"       11051.67518                 1     158.492363209 1.48323969742e-08       168.2618434       25.36912367     172.293767749 1.61239917664e-08
    "BPM.20R5.B1"       11105.12666                 1     28.8433233387 1.48323969742e-08       31.36728456       25.48911862     31.3549798349 1.61239917664e-08
    "BPM.21R5.B1"       11158.57815                 1     157.046643416 1.48323969742e-08       175.8867038       25.62915456     170.722155684 1.61239917664e-08
    "BPM.22R5.B1"       11212.02963                 1     32.3900604621 1.48323969742e-08       35.75915015       25.73702574     35.2105643554 1.61239917664e-08
    "BPM.23R5.B1"       11265.48112                 1     164.540877846 1.48323969742e-08       168.2634146       25.86912912     178.868982825 1.61239917664e-08
    "BPM.24R5.B1"        11318.9326                 1     29.4988541249 1.48323969742e-08       31.36816637       25.98912128     32.0675937852 1.61239917664e-08
    "BPM.25R5.B1"       11372.38408                 1     151.891207208 1.48323969742e-08       175.8867456       26.12915456     165.117787683 1.61239917664e-08
    "BPM.26R5.B1"       11425.83557                 1     32.9774355113 1.48323969742e-08       35.75915015       26.23702574     35.8490876146 1.61239917664e-08
    "BPM.27R5.B1"       11479.28705                 1     164.250148407 1.48323969742e-08       168.2634146       26.36912912      178.55293687 1.61239917664e-08
    "BPM.28R5.B1"       11532.73854                 1     29.5452154123 1.48323969742e-08       31.36816637       26.48912128     32.1179921812 1.61239917664e-08
    "BPM.29R5.B1"       11586.19002                 1     168.435243749 1.48323969742e-08       175.8867456       26.62915456     183.102467397 1.61239917664e-08
    "BPM.30R5.B1"        11639.6415                 1     34.0874636609 1.48323969742e-08       35.75915015       26.73702574      37.055776242 1.61239917664e-08
    "BPM.31R5.B1"       11693.09299                 1     163.478202754 1.48323969742e-08       168.2634146       26.86912912     177.713770727 1.61239917664e-08
    "BPM.32R5.B1"       11746.54447                 1     28.3766845343 1.48323969742e-08       31.36816637       26.98912128     30.8477064487 1.61239917664e-08
    "BPM.33R5.B1"       11799.99596                 1     158.410062112 1.48323969742e-08       175.8867456       27.12915456     172.204299929 1.61239917664e-08
    "BPM.34R5.B1"       11853.44744                 1     34.1086608677 1.48323969742e-08       35.75915015       27.23702574     37.0788192868 1.61239917664e-08
    "BPM.33L6.B1"       11906.89893                 1     162.847825836 1.48323969742e-08       168.2634146       27.36912912     177.028501026 1.61239917664e-08
    "BPM.30L6.B1"       12067.25338                 1     33.2538407683 1.48323969742e-08       35.75915015       27.73702574     36.1495620487 1.61239917664e-08
    "BPM.29L6.B1"       12120.70486                 1     169.462217291 1.48323969742e-08       168.2634146       27.86912912      184.21886908 1.61239917664e-08
    "BPM.28L6.B1"       12174.15635                 1     30.6197778883 1.48323969742e-08       31.36816637       27.98912128     33.2861268088 1.61239917664e-08
    "BPM.27L6.B1"       12227.60783                 1     162.799711716 1.48323969742e-08       175.8867456       28.12915456     176.976197162 1.61239917664e-08
    "BPM.26L6.B1"       12281.05931                 1      32.425264336 1.48323969742e-08       35.75915015       28.23702574     35.2488337581 1.61239917664e-08
    "BPM.25L6.B1"        12334.5108                 1     158.222193864 1.48323969742e-08       168.2634146       28.36912912     172.000072246 1.61239917664e-08
    "BPM.22L6.B1"       12494.86525                 1     32.5541304168 1.48323969742e-08       35.75915015       28.73702574     35.3889214075 1.61239917664e-08
    "BPM.21L6.B1"       12548.31673                 1     163.273520387 1.48323969742e-08       168.2634146       28.86912912     177.491264762 1.61239917664e-08
    "BPM.20L6.B1"       12601.76822                 1     31.1739039121 1.48323969742e-08       31.36732828       28.98912326     33.8885057406 1.61239917664e-08
    "BPM.19L6.B1"        12655.2197                 1     158.037210189 1.48323969742e-08       175.8850565       29.12915998     171.798980321 1.61239917664e-08
    "BPM.18L6.B1"       12708.67119                 1     33.6127773048 1.48323969742e-08       35.75909161       29.23703186     36.5397545287 1.61239917664e-08
    "BPM.17L6.B1"       12762.12267                 1     163.069550348 1.48323969742e-08        168.262525       29.36913579     177.269533154 1.61239917664e-08
    "BPM.16L6.B1"       12815.57415                 1     28.3184561082 1.48323969742e-08       31.36736448       29.48913024     30.7844075318 1.61239917664e-08
    "BPM.15L6.B1"       12869.02564                 1     158.157217486 1.48323969742e-08       175.8859462       29.62916636     171.929437769 1.61239917664e-08
    "BPM.14L6.B1"       12922.47712                 1     31.7347328293 1.48323969742e-08        35.7590554       29.73703798     34.4981712491 1.61239917664e-08
    "BPM.13L6.B1"       12975.92861                 1     159.023663347 1.48323969742e-08       168.2616353       29.86914246     172.871333132 1.61239917664e-08
    "BPM.12L6.B1"       13029.38009                 1      29.341984435 1.48323969742e-08       30.78067222       29.99054813      31.897063992 1.61239917664e-08
    "BPM.11L6.B1"       13082.83158                 1     159.075968362 1.48323969742e-08       181.7925202       30.12937556     172.928192832 1.61239917664e-08
    "BPM.10L6.B1"       13134.67226                 1     25.9427613024 1.48323969742e-08       31.60928228       30.23918814     28.2018388778 1.61239917664e-08
     "BPM.9L6.B1"       13173.73925                 1      123.97011964 1.48323969742e-08       134.0627938       30.35483346     134.765351268 1.61239917664e-08
     "BPM.8L6.B1"       13214.20424                 1     15.3763017239 1.48323969742e-08       17.65558322       30.48355616     16.7152593627 1.61239917664e-08
   "BPMYA.5L6.B1"       13311.29423                 1     526.828548004 1.48323969742e-08       616.5545995       30.72800304     572.704410832 1.61239917664e-08
   "BPMYB.4L6.B1"       13347.69423                 1     202.334328926 1.48323969742e-08       240.3899517       30.74225348     219.953461289 1.61239917664e-08
   "BPMSE.4L6.B1"       13476.94473                 1     132.998225846 1.48323969742e-08       149.5805039       30.86831818      144.57961867 1.61239917664e-08
   "BPMSA.4R6.B1"       13568.51473                 1     207.763449811 1.48323969742e-08       238.7515706       30.94882731     225.855346236 1.61239917664e-08
   "BPMYA.4R6.B1"       13691.29423                 1     444.981023906 1.48323969742e-08       539.4498459       31.00439961     483.729661374 1.61239917664e-08
   "BPMYB.5R6.B1"       13727.69423                 1     98.8480016222 1.48323969742e-08       114.5906637       31.02665116     107.455616719 1.61239917664e-08
     "BPM.8R6.B1"       13823.42122                 1     97.7617232228 1.48323969742e-08       106.5235246       31.34132513     106.274745954 1.61239917664e-08
    "BPM.10R6.B1"        13902.9532                 1     160.850616174 1.48323969742e-08       174.3512624       31.65220263     174.857375739 1.61239917664e-08
    "BPM.11R6.B1"       13954.79389                 1     35.6477978259 1.48323969742e-08       37.60485249       31.75018016     38.7519832186 1.61239917664e-08
    "BPM.12R6.B1"       14009.52037                 1     153.751265164 1.48323969742e-08        165.208622       31.88340212     167.139818189 1.61239917664e-08
    "BPM.13R6.B1"       14062.97186                 1     27.5044202508 1.48323969742e-08       30.92113284       32.00585345     29.8994859992 1.61239917664e-08
    "BPM.14R6.B1"       14116.42334                 1      168.92104666 1.48323969742e-08        180.174393       32.14513714     183.630573687 1.61239917664e-08
    "BPM.15R6.B1"       14169.87483                 1     31.2418260685 1.48323969742e-08       33.49416001       32.25560105      33.962342511 1.61239917664e-08
    "BPM.16R6.B1"       14223.32631                 1     157.516548931 1.48323969742e-08       167.4578296       32.39433142     171.232980244 1.61239917664e-08
    "BPM.20R6.B1"       14437.13225                 1     159.032988221 1.48323969742e-08       166.8548466       32.90378165      172.88147001 1.61239917664e-08
    "BPM.21R6.B1"       14490.58373                 1     29.7249915926 1.48323969742e-08       31.19560573       33.02470436     32.3134231461 1.61239917664e-08
    "BPM.22R6.B1"       14544.03522                 1     178.183058355 1.48323969742e-08       181.3783926       33.16260999     193.699114906 1.61239917664e-08
    "BPM.23R6.B1"        14597.4867                 1      31.775905103 1.48323969742e-08       34.73445384       33.27029924     34.5429287757 1.61239917664e-08
    "BPM.24R6.B1"       14650.93818                 1     153.245509914 1.48323969742e-08       165.0172788       33.40696396     166.590022125 1.61239917664e-08
    "BPM.25R6.B1"       14704.38967                 1     27.6759946363 1.48323969742e-08       31.24358054        33.5286392     30.0860009626 1.61239917664e-08
    "BPM.26R6.B1"       14757.84115                 1      168.35042812 1.48323969742e-08        181.757115       33.66616571     183.010266082 1.61239917664e-08
    "BPM.30R6.B1"       14971.64709                 1     175.760834075 1.48323969742e-08       182.1172079       34.16971421     191.065965024 1.61239917664e-08
    "BPM.31R6.B1"       15025.09857                 1     31.9512037796 1.48323969742e-08        34.6031918       34.27738565     34.7334923389 1.61239917664e-08
    "BPM.32R6.B1"       15078.55006                 1     146.566150542 1.48323969742e-08       164.2972912       34.41480614     159.329028793 1.61239917664e-08
    "BPM.33R6.B1"       15132.00154                 1     27.8355590072 1.48323969742e-08       31.37854163       34.53648613     30.2594600877 1.61239917664e-08
    "BPM.34R6.B1"       15185.45302                 1     173.118629323 1.48323969742e-08       182.4578788       34.67325589     188.193678924 1.61239917664e-08
    "BPM.33L7.B1"       15238.90451                 1     33.8271742815 1.48323969742e-08       34.53210505       34.78093931     36.7728210448 1.61239917664e-08
    "BPM.32L7.B1"       15292.35599                 1     152.469150845 1.48323969742e-08       163.9666154       34.91873966      165.74605825 1.61239917664e-08
    "BPM.31L7.B1"       15345.80748                 1     28.2710053106 1.48323969742e-08       31.45136399        35.0403965     30.7328247518 1.61239917664e-08
    "BPM.30L7.B1"       15399.25896                 1     170.565434374 1.48323969742e-08       182.7783776       35.17679116     185.418153537 1.61239917664e-08
    "BPM.29L7.B1"       15452.71045                 1     34.3549528998 1.48323969742e-08       34.45758715       35.28450048     37.3465582574 1.61239917664e-08
    "BPM.28L7.B1"       15506.16193                 1     153.361350325 1.48323969742e-08       163.6564699       35.42268088     166.715949838 1.61239917664e-08
    "BPM.27L7.B1"       15559.61341                 1     30.0692649889 1.48323969742e-08       31.52753642       35.54429762     32.6876756298 1.61239917664e-08
    "BPM.26L7.B1"        15613.0649                 1      167.61897486 1.48323969742e-08       183.0779991       35.68032044     182.215118382 1.61239917664e-08
    "BPM.25L7.B1"       15666.51638                 1     32.6984643311 1.48323969742e-08       34.37980212       35.78806953     35.5458238184 1.61239917664e-08
    "BPM.24L7.B1"       15719.96787                 1     146.411440405 1.48323969742e-08       163.3675374       35.92662932     159.160846606 1.61239917664e-08
    "BPM.23L7.B1"       15773.41935                 1     29.6040066911 1.48323969742e-08       31.60689124       36.04818912     32.1819029636 1.61239917664e-08
    "BPM.22L7.B1"       15826.87083                 1     169.502330838 1.48323969742e-08       183.3560835       36.18384415     184.262475686 1.61239917664e-08
    "BPM.21L7.B1"       15880.32232                 1      32.771495108 1.48323969742e-08       34.29892118       36.29164683     35.6252140645 1.61239917664e-08
    "BPM.20L7.B1"        15933.7738                 1     159.162531409 1.48323969742e-08       164.7209809       36.42969267     173.022293728 1.61239917664e-08
    "BPM.19L7.B1"       15987.22529                 1     27.7347145215 1.48323969742e-08       30.39508018       36.55360949     30.1498341345 1.61239917664e-08
    "BPM.18L7.B1"       16040.67677                 1     164.267860435 1.48323969742e-08       184.3427764       36.69243693     178.572191248 1.61239917664e-08
    "BPM.17L7.B1"       16094.12825                 1      32.614589514 1.48323969742e-08       34.12112127       36.80020511     35.4546452408 1.61239917664e-08
    "BPM.16L7.B1"       16147.57974                 1      165.67389909 1.48323969742e-08       163.7301776       36.93931177     180.100666769 1.61239917664e-08
    "BPM.15L7.B1"       16201.03122                 1     26.8402363338 1.48323969742e-08       30.58503181       37.06321315     29.1774654096 1.61239917664e-08
    "BPM.14L7.B1"       16254.48271                 1     169.412800733 1.48323969742e-08       185.2663559       37.20098379     184.165149362 1.61239917664e-08
    "BPM.13L7.B1"       16307.93419                 1     32.5238251768 1.48323969742e-08        33.9196374       37.30881116     35.3559772083 1.61239917664e-08
    "BPM.12L7.B1"       16361.38567                 1       142.6820809 1.48323969742e-08       157.7552839       37.45198433     155.106737074 1.61239917664e-08
    "BPM.11L7.B1"       16414.83716                 1     27.5311980676 1.48323969742e-08        30.8553783       37.57814193     29.9285956096 1.61239917664e-08
    "BPM.10L7.B1"       16467.61985                 1      149.31766124 1.48323969742e-08       170.4940859       37.71716338     162.320139126 1.61239917664e-08
     "BPM.9L7.B1"       16506.68684                 1     26.0735578572 1.48323969742e-08       26.66375875       37.80578493     28.3440251055 1.61239917664e-08
     "BPM.7L7.B1"       16586.21782                 1     58.9723750638 1.48323969742e-08       66.70885309       38.09104468     64.1076483882 1.61239917664e-08
     "BPM.6L7.B1"       16621.03582                 1     220.510487757 1.48323969742e-08       247.8545208       38.13718886     239.712387363 1.61239917664e-08
   "BPMWC.6L7.B1"       16633.13832                 1     215.345376026 1.48323969742e-08       247.1202554       38.14450228     234.097501302 1.61239917664e-08
   "BPMWE.5L7.B1"       16710.19232                 1     24.4386230419 1.48323969742e-08       29.43295422       38.32400472     26.5667213058 1.61239917664e-08
    "BPMW.5L7.B1"       16733.39732                 1     52.0525751252 1.48323969742e-08       62.30021128       38.42324199     56.5852770932 1.61239917664e-08
   "BPMWE.4L7.B1"       16768.48232                 1     216.413178738 1.48323969742e-08       259.6044069       38.46772666      235.25828753 1.61239917664e-08
    "BPMW.4L7.B1"       16796.58732                 1     279.844677828 1.48323969742e-08       320.5143308        38.4819178     304.213357357 1.61239917664e-08
    "BPMW.4R7.B1"       16912.63432                 1     42.8228879986 1.48323969742e-08       48.45390015       38.67253895     46.5518752435 1.61239917664e-08
   "BPMWE.4R7.B1"       16940.73932                 1     336.176538642 1.48323969742e-08       100.3422812       38.74403296     365.450557355 1.61239917664e-08
    "BPMW.5R7.B1"       16975.82432                 1     287.925679528 1.48323969742e-08       325.7181849       38.77511741     312.998047054 1.61239917664e-08
   "BPMWE.5R7.B1"       16999.02932                 1     303.721897128 1.48323969742e-08       366.4415632       38.78503605     330.169788275 1.61239917664e-08
    "BPMR.6R7.B1"       17078.24482                 1     53.7100803053 1.48323969742e-08       57.75897841       38.87667637     58.3871166693 1.61239917664e-08
   "BPM_A.7R7.B1"       17116.28082                 1     110.802365306 1.48323969742e-08       119.6841796        38.9609361     120.450958062 1.61239917664e-08
     "BPM.9R7.B1"        17194.4138                 1     107.141372102 1.48323969742e-08       114.3210552       39.27604755     116.471168121 1.61239917664e-08
    "BPM.10R7.B1"       17234.87878                 1     32.6308477532 1.48323969742e-08       33.98479034       39.37414015     35.4723192361 1.61239917664e-08
    "BPM.11R7.B1"       17287.66147                 1     155.993432384 1.48323969742e-08       169.0736537       39.50824619     169.577231769 1.61239917664e-08
    "BPM.12R7.B1"       17342.38796                 1     30.7085315046 1.48323969742e-08       31.79964567        39.6312589     33.3826090282 1.61239917664e-08
    "BPM.13R7.B1"       17395.83944                 1     166.468782766 1.48323969742e-08       181.8565373       39.76702564     180.964768362 1.61239917664e-08
    "BPM.14R7.B1"       17449.29093                 1       29.78073355 1.48323969742e-08       31.89532697       39.88014641     32.3740190743 1.61239917664e-08
    "BPM.15R7.B1"       17502.74241                 1     151.376515722 1.48323969742e-08       166.2318675       40.02439181     164.558277221 1.61239917664e-08
    "BPM.16R7.B1"       17556.19389                 1     30.3081098487 1.48323969742e-08       32.68635289       40.14213283     32.9473189335 1.61239917664e-08
    "BPM.17R7.B1"       17609.64538                 1     160.826800615 1.48323969742e-08       181.5111463       40.27571873     174.831486337 1.61239917664e-08
    "BPM.18R7.B1"       17663.09686                 1      28.643764442 1.48323969742e-08       31.72444772       40.38935114     31.1380434886 1.61239917664e-08
    "BPM.19R7.B1"       17716.54835                 1     163.161490343 1.48323969742e-08       166.6584227       40.53388246      177.36947922 1.61239917664e-08
    "BPM.20R7.B1"       17769.99983                 1     29.8255782032 1.48323969742e-08       32.85409508       40.65106751     32.4227687686 1.61239917664e-08
    "BPM.21R7.B1"       17823.45131                 1     166.913738943 1.48323969742e-08        181.036152       40.78443221     181.448471013 1.61239917664e-08
    "BPM.22R7.B1"        17876.9028                 1      31.023112192 1.48323969742e-08       31.56038965       40.89860463     33.7245831826 1.61239917664e-08
    "BPM.23R7.B1"       17930.35428                 1     151.935786216 1.48323969742e-08       165.6863453       41.04422441       165.1662486 1.61239917664e-08
    "BPM.24R7.B1"       17983.80577                 1     32.4271724806 1.48323969742e-08       34.42545946        41.1585411     35.2509080627 1.61239917664e-08
    "BPM.25R7.B1"       18037.25725                 1     168.760637831 1.48323969742e-08       180.6948446       41.28800121     183.456196569 1.61239917664e-08
    "BPM.26R7.B1"       18090.70874                 1     29.8026996457 1.48323969742e-08       31.48284302       41.40250177     32.3978979623 1.61239917664e-08
    "BPM.27R7.B1"       18144.16022                 1      159.03901435 1.48323969742e-08        166.103156       41.54811612      172.88802089 1.61239917664e-08
    "BPM.28R7.B1"        18197.6117                 1     33.5161138946 1.48323969742e-08       34.50138657       41.66210552     36.4346737361 1.61239917664e-08
    "BPM.29R7.B1"       18251.06319                 1     173.167864769 1.48323969742e-08       180.2700031       41.79157832     188.247201758 1.61239917664e-08
    "BPM.30R7.B1"       18304.51467                 1     28.8486143042 1.48323969742e-08       31.40857721       41.90640831      31.360731534 1.61239917664e-08
    "BPM.31R7.B1"       18357.96616                 1     156.938709798 1.48323969742e-08       166.5357945        42.0519979     170.604823281 1.61239917664e-08
    "BPM.32R7.B1"       18411.41764                 1     33.6023877795 1.48323969742e-08        34.5739502       42.16566227     36.5284602909 1.61239917664e-08
    "BPM.33R7.B1"       18464.86912                 1     173.321578852 1.48323969742e-08       179.8298058       42.29516402     188.414301155 1.61239917664e-08
    "BPM.34R7.B1"       18518.32061                 1     29.2987129089 1.48323969742e-08        31.3377557       42.41032389     31.8500244115 1.61239917664e-08
    "BPM.33L8.B1"       18571.77209                 1     154.917927237 1.48323969742e-08       166.9833084       42.55586943     168.408072383 1.61239917664e-08
    "BPM.32L8.B1"       18625.22358                 1     32.9698229312 1.48323969742e-08       34.64299061       42.66921175     35.8408121363 1.61239917664e-08
    "BPM.31L8.B1"       18678.67506                 1     167.119637402 1.48323969742e-08       179.3752216       42.79875866     181.672298966 1.61239917664e-08
    "BPM.30L8.B1"       18732.12654                 1     29.7276776711 1.48323969742e-08       31.27053438       42.91424811     32.3163431264 1.61239917664e-08
    "BPM.29L8.B1"       18785.57803                 1     158.472013913 1.48323969742e-08       167.4447128       43.05973044      172.27164645 1.61239917664e-08
    "BPM.28L8.B1"       18839.02951                 1     32.9923756245 1.48323969742e-08       34.70835585       43.17275434     35.8653287024 1.61239917664e-08
    "BPM.27L8.B1"         18892.481                 1     156.879486857 1.48323969742e-08       178.9072511       43.30236256     170.540443247 1.61239917664e-08
    "BPM.26L8.B1"       18945.93248                 1     29.9272519336 1.48323969742e-08        31.2070612       43.41818053     32.5332961765 1.61239917664e-08
    "BPM.25L8.B1"       18999.38397                 1     163.823128827 1.48323969742e-08       167.9189918       43.56358068     178.088732722 1.61239917664e-08
    "BPM.24L8.B1"       19052.83545                 1     30.7242792164 1.48323969742e-08       34.76990203       43.67629047     33.3997280398 1.61239917664e-08
    "BPM.23L8.B1"       19106.28693                 1     160.343247925 1.48323969742e-08       178.4269245       43.80597602     174.305826216 1.61239917664e-08
    "BPM.22L8.B1"       19159.73842                 1     30.0485381636 1.48323969742e-08        31.1474759       43.92212072      32.665143927 1.61239917664e-08
    "BPM.21L8.B1"        19213.1899                 1     159.582966057 1.48323969742e-08       168.4051017       44.06741991     173.479339532 1.61239917664e-08
    "BPM.20L8.B1"       19266.64139                 1     31.6465068264 1.48323969742e-08       33.41318129       44.18266011     34.4022625874 1.61239917664e-08
    "BPM.19L8.B1"       19320.09287                 1     160.906607787 1.48323969742e-08       179.1839366       44.31544428     174.918243062 1.61239917664e-08
    "BPM.18L8.B1"       19373.54435                 1      30.195628772 1.48323969742e-08       31.02641547       44.43153853      32.825043083 1.61239917664e-08
    "BPM.17L8.B1"       19426.99584                 1     153.874319479 1.48323969742e-08       169.2357533       44.57677689     167.273587988 1.61239917664e-08
    "BPM.16L8.B1"       19480.44732                 1     31.2590919353 1.48323969742e-08       33.54028319       44.69140604     33.9811118775 1.61239917664e-08
    "BPM.15L8.B1"       19533.89881                 1     161.560281368 1.48323969742e-08        178.320841        44.8242808     175.628838083 1.61239917664e-08
    "BPM.14L8.B1"       19587.35029                 1     28.7583649794 1.48323969742e-08       30.90751204       44.94099408      31.262623361 1.61239917664e-08
    "BPM.13L8.B1"       19640.80177                 1     150.362403996 1.48323969742e-08        170.128478        45.0860863     163.455857353 1.61239917664e-08
    "BPM.12L8.B1"       19694.25326                 1     29.8809104843 1.48323969742e-08       33.45229143       45.20052808     32.4829193461 1.61239917664e-08
    "BPM.11L8.B1"       19747.70474                 1     160.974318257 1.48323969742e-08       173.7999312       45.33584777     174.991849713 1.61239917664e-08
    "BPM.10L8.B1"       19799.54543                 1     34.5016590158 1.48323969742e-08       34.49607754        45.4435696     37.5060394397 1.61239917664e-08
     "BPM.9L8.B1"       19838.61242                 1     104.726101389 1.48323969742e-08       113.1403981       45.56186395     113.845577317 1.61239917664e-08
     "BPM.8L8.B1"       19879.07741                 1     13.8077296115 1.48323969742e-08       15.71458834       45.71904613     15.0100970839 1.61239917664e-08
     "BPM.7L8.B1"        19918.1454                 1     136.561504552 1.48323969742e-08       151.8152984        45.8896479     148.453185203 1.61239917664e-08
    "BPMR.6L8.B1"        19950.6144                 1     12.5343288166 1.48323969742e-08       14.29912146       46.00867957     13.6258094351 1.61239917664e-08
     "BPM.5L8.B1"        20011.0334                 1  0.00155967533592 1.48323969742e-08       207.7865219       46.25502945  0.00169549077728 1.61239917664e-08
   "BPMYB.4L8.B1"        20031.8004                 1     135.216620923 1.48323969742e-08       155.7587187       46.27344261     146.991190045 1.61239917664e-08
   "BPMWB.4L8.B1"        20056.1919                 1     196.628659146 1.48323969742e-08       236.1358085       46.29520455      213.75094576 1.61239917664e-08
    "BPMS.2L8.B1"        20144.3364                 1     172.388349939 1.48323969742e-08       198.0621234         46.332066     187.399807319 1.61239917664e-08
   "BPMSW.1L8.B1"        20154.2704                 1     142.185496955 1.48323969742e-08       159.0713072       46.33994893     154.566910945 1.61239917664e-08
   "BPMSW.1R8.B1"        20197.4604                 1     131.511547764 1.48323969742e-08       164.5874465       46.79694516     142.963481697 1.61239917664e-08
    "BPMS.2R8.B1"        20207.3944                 1     492.015377968 1.48323969742e-08       543.7863244       46.80287893     534.859734211 1.61239917664e-08
   "BPMSX.4R8.B1"        20245.3059                 1      276.58848006 1.48323969742e-08       341.3521851       46.81604825     300.673612157 1.61239917664e-08
   "BPMWB.4R8.B1"        20295.4629                 1     260.459296392 1.48323969742e-08       286.6764719       46.84167732     283.139910416 1.61239917664e-08
   "BPMYB.4R8.B1"        20319.9304                 1     192.868303118 1.48323969742e-08       221.1122661       46.85608363     209.663140549 1.61239917664e-08
   "BPMYB.5R8.B1"        20340.5074                 1     55.8127586603 1.48323969742e-08       63.35812232       46.88389401     60.6728947902 1.61239917664e-08
     "BPM.6R8.B1"        20424.6154                 1      139.50615487 1.48323969742e-08       151.2086882       47.24248404     151.654253618 1.61239917664e-08
   "BPM_A.7R8.B1"        20446.8554                 1       50.68386992 1.48323969742e-08       51.94011794       47.28285626     55.0973859925 1.61239917664e-08
     "BPM.8R8.B1"       20488.29241                 1     127.473076911 1.48323969742e-08        132.190381       47.38237415     138.573343616 1.61239917664e-08
     "BPM.9R8.B1"       20527.35742                 1     12.3971769509 1.48323969742e-08       13.91065027       47.53417449     13.4767144805 1.61239917664e-08
    "BPM.10R8.B1"       20567.82043                 1     169.022284646 1.48323969742e-08       183.5078849       47.72021445     183.740627406 1.61239917664e-08
    "BPM.11R8.B1"       20619.65914                 1      36.011766302 1.48323969742e-08       38.23914355       47.81399887      39.147645816 1.61239917664e-08
    "BPM.12R8.B1"       20674.38266                 1     143.865674531 1.48323969742e-08       153.5340576       47.95223819     156.393397213 1.61239917664e-08
    "BPM.13R8.B1"       20727.83117                 1     28.9583946925 1.48323969742e-08       32.76559303       48.07598801      31.480071522 1.61239917664e-08
    "BPM.14R8.B1"       20781.27969                 1     165.294623381 1.48323969742e-08       183.3333075       48.20803824     179.688363996 1.61239917664e-08
    "BPM.15R8.B1"       20834.72821                 1     29.8838505158 1.48323969742e-08       34.29450056        48.3159251     32.4861153936 1.61239917664e-08
    "BPM.16R8.B1"       20888.17672                 1     140.645440296 1.48323969742e-08       160.7879665       48.45600172     152.892747225 1.61239917664e-08
    "BPM.17R8.B1"       20941.62524                 1     31.8339609171 1.48323969742e-08       32.83691656       48.57596202     34.6060400497 1.61239917664e-08
    "BPM.18R8.B1"       20995.07375                 1     161.186379515 1.48323969742e-08       183.3324982       48.70801059     175.222377117 1.61239917664e-08
    "BPM.19R8.B1"       21048.52227                 1     32.2353674097 1.48323969742e-08       34.29528616       48.81589627     35.0424007399 1.61239917664e-08
    "BPM.20R8.B1"       21101.97079                 1     145.026717512 1.48323969742e-08       160.7887766        48.9559702     157.655543008 1.61239917664e-08
    "BPM.21R8.B1"        21155.4193                 1     30.3029472151 1.48323969742e-08       32.83613101       49.07593192     32.9417067414 1.61239917664e-08
    "BPM.22R8.B1"       21208.86782                 1     177.811126445 1.48323969742e-08       183.3316873       49.20798295     193.294795424 1.61239917664e-08
    "BPM.23R8.B1"       21262.31633                 1      31.595889604 1.48323969742e-08       34.29704845       49.31586564     34.3472376525 1.61239917664e-08
    "BPM.24R8.B1"       21315.76485                 1     146.229432291 1.48323969742e-08       160.7919766       49.45593276     158.962989352 1.61239917664e-08
    "BPM.25R8.B1"       21369.21337                 1     31.5351969754 1.48323969742e-08       32.83519232       49.57589514     34.2812599521 1.61239917664e-08
    "BPM.26R8.B1"       21422.66188                 1     172.753874824 1.48323969742e-08       183.3306935       49.70794919     187.797161856 1.61239917664e-08
    "BPM.30R8.B1"       21636.45594                 1     172.992692825 1.48323969742e-08       183.3296974       50.20791543     188.056775963 1.61239917664e-08
    "BPM.31R8.B1"       21689.90446                 1     33.4832970858 1.48323969742e-08       34.29896662       50.31579523     36.3989992625 1.61239917664e-08
    "BPM.32R8.B1"       21743.35298                 1     157.453662007 1.48323969742e-08       160.7939688       50.45585577      171.16461717 1.61239917664e-08
    "BPM.33R8.B1"       21796.80149                 1     30.7590527549 1.48323969742e-08        32.8332743       50.57582159     33.4375296337 1.61239917664e-08
    "BPM.34R8.B1"       21850.25001                 1     175.115356736 1.48323969742e-08       183.3286991       50.70788167     190.364279967 1.61239917664e-08
    "BPM.33L1.B1"       21903.69852                 1     30.9675409317 1.48323969742e-08       34.29992548       50.81576002     33.6641728156 1.61239917664e-08
    "BPM.32L1.B1"       21957.14704                 1     157.422917133 1.48323969742e-08       160.7949683       50.95581728     171.131195054 1.61239917664e-08
    "BPM.31L1.B1"       22010.59556                 1     30.2168905766 1.48323969742e-08       32.83231551       51.07578482     32.8481563507 1.61239917664e-08
    "BPM.30L1.B1"       22064.04407                 1     174.306758056 1.48323969742e-08       183.3276984       51.20784791     189.485269078 1.61239917664e-08
    "BPM.29L1.B1"       22117.49259                 1     30.9729342136 1.48323969742e-08       34.30088419       51.31572482     33.6700357408 1.61239917664e-08
    "BPM.28L1.B1"        22170.9411                 1     152.980124759 1.48323969742e-08       160.7959701       51.45577878     166.301527415 1.61239917664e-08
    "BPM.27L1.B1"       22224.38962                 1     31.1144800706 1.48323969742e-08       32.83135688       51.57574804     33.8239073124 1.61239917664e-08
    "BPM.26L1.B1"       22277.83814                 1     169.989018586 1.48323969742e-08       183.3266954       51.70781414     184.791543864 1.61239917664e-08
    "BPM.25L1.B1"       22331.28665                 1     33.5897607486 1.48323969742e-08       34.30184275       51.81568962     36.5147337069 1.61239917664e-08
    "BPM.24L1.B1"       22384.73517                 1     157.975585839 1.48323969742e-08       160.7969743       51.95574029     171.731989765 1.61239917664e-08
    "BPM.23L1.B1"       22438.18368                 1     31.9385066542 1.48323969742e-08       32.83039839       52.07571126     34.7196895566 1.61239917664e-08
    "BPM.22L1.B1"        22491.6322                 1     172.449680783 1.48323969742e-08         183.32569       52.20778038      187.46647881 1.61239917664e-08
    "BPM.21L1.B1"       22545.08071                 1     33.7827419713 1.48323969742e-08       34.30280116       52.31565442        36.7245196 1.61239917664e-08
    "BPM.20L1.B1"       22598.52923                 1     149.650603479 1.48323969742e-08       160.7957509       52.45570307     162.682073742 1.61239917664e-08
    "BPM.19L1.B1"       22651.97775                 1     31.3287224996 1.48323969742e-08       32.82947747       52.57567671     34.0568058228 1.61239917664e-08
    "BPM.18L1.B1"       22705.42626                 1     171.194659122 1.48323969742e-08       183.3247436       52.70774866     186.102170738 1.61239917664e-08
    "BPM.17L1.B1"       22758.87478                 1     32.9580617459 1.48323969742e-08       34.30370148       52.81562135     35.8280267952 1.61239917664e-08
    "BPM.16L1.B1"       22812.32329                 1     149.186909729 1.48323969742e-08       160.7966984       52.95566691     162.178001864 1.61239917664e-08
    "BPM.15L1.B1"       22865.77181                 1     30.0773215398 1.48323969742e-08       32.82857721       53.07564215     32.6964337395 1.61239917664e-08
    "BPM.14L1.B1"       22919.22033                 1     169.295348675 1.48323969742e-08        183.323795       53.20771694      184.03746966 1.61239917664e-08
    "BPM.13L1.B1"       22972.66884                 1     31.7770921478 1.48323969742e-08       34.30460166       53.31558828     34.5442191875 1.61239917664e-08
    "BPM.12L1.B1"       23026.11736                 1     147.597236344 1.48323969742e-08       157.4482936       53.45759147     160.449900828 1.61239917664e-08
    "BPM.11L1.B1"       23079.56587                 1     31.7615520921 1.48323969742e-08       36.65524126       53.57123821     34.5273259146 1.61239917664e-08
    "BPM.10L1.B1"       23132.34658                 1     41.0577324182 1.48323969742e-08       160.2668245       53.69928869     44.6330111452 1.61239917664e-08
     "BPM.9L1.B1"        23171.4116                 1     21.6137094275 1.48323969742e-08       22.09359526       53.80082234     23.4958161825 1.61239917664e-08
     "BPM.8L1.B1"       23211.87461                 1     99.7607768341 1.48323969742e-08       110.6246078       53.99068749      108.44787576 1.61239917664e-08
    "BPMR.7L1.B1"       23250.94062                 1     27.8838755922 1.48323969742e-08       30.19851435       54.09384246     30.3119840474 1.61239917664e-08
     "BPM.6L1.B1"       23294.12462                 1      211.08169523 1.48323969742e-08       238.4104761       54.19875622     229.462542154 1.61239917664e-08
    "BPMR.5L1.B1"       23326.02462                 1     24364.7959045 1.48323969742e-08       596.0015265       54.21251061     26486.4653527 1.61239917664e-08
   "BPMYA.4L1.B1"       23347.14262                 1     963.240790823 1.48323969742e-08       1126.744993        54.2166125     1047.11912763 1.61239917664e-08
   "BPMWB.4L1.B1"       23368.27512                 1     1212.08390758 1.48323969742e-08       1406.733828       54.21923405     1317.63132959 1.61239917664e-08
   "BPMSY.4L1.B1"       23461.05512                 1      2213.2686371 1.48323969742e-08       2656.503969       54.22687558     2405.99852766 1.61239917664e-08
    "BPMS.2L1.B1"       23487.84062                 1     3578.25192599 1.48323969742e-08       4157.995798       54.22794403     3889.84361013 1.61239917664e-08
   "BPMSW.1L1.B1"       23497.79062                 1     1070.06527756 1.48323969742e-08        1244.72144       54.22872482     1163.24581624 1.61239917664e-08
   "BPMSW.1R1.B1"       23540.93362                 1     1082.70576354 1.48323969742e-08       1243.277489       54.72320408     1176.98702692 1.61239917664e-08
    "BPMS.2R1.B1"       23550.89862                 1     1498.85349792 1.48323969742e-08       1567.899171       54.72420953     1629.37261601 1.61239917664e-08
   "BPMSY.4R1.B1"       23577.68412                 1     4566.41358514 1.48323969742e-08       5509.374366       54.72575951     4964.05369793 1.61239917664e-08
   "BPMWB.4R1.B1"       23670.46412                 1     717.785334029 1.48323969742e-08       873.3076785       54.73249345     780.289580713 1.61239917664e-08
   "BPMYA.4R1.B1"       23691.59662                 1     308.998514774 1.48323969742e-08       394.5799829       54.73833231     335.905890109 1.61239917664e-08
     "BPM.5R1.B1"       23719.00462                 1     107.239089772 1.48323969742e-08       126.6633837       54.75757997     116.577394978 1.61239917664e-08
    "BPMR.6R1.B1"       23750.90462                 1     8.15378390979 1.48323969742e-08       8.524410772       55.04325612     8.86380973052 1.61239917664e-08
   "BPMSX.7R1.B1"       23757.12012                 1     19.9141577007 1.48323969742e-08       20.50565354       55.12115048     21.6482686757 1.61239917664e-08
   "BPM_A.7R1.B1"       23778.62862                 1      145.79090601 1.48323969742e-08       149.8239524       55.18457532     158.486276508 1.61239917664e-08
     "BPM.8R1.B1"       23820.06761                 1      19.151391964 1.48323969742e-08       19.26695895       55.29306698     20.8190818302 1.61239917664e-08
     "BPM.9R1.B1"        23859.1346                 1     96.5349096782 1.48323969742e-08       103.6328435       55.50184133     104.941102341 1.61239917664e-08
    "BPM.10R1.B1"       23899.59958                 1     35.7397365258 1.48323969742e-08       37.94897859       55.59716646     38.8519278765 1.61239917664e-08
    "BPM.11R1.B1"       23952.38227                 1     185.898759498 1.48323969742e-08       194.2686184       55.71375625     202.086693928 1.61239917664e-08
    "BPM.12R1.B1"       24007.10876                 1     36.1461332105 1.48323969742e-08       35.51057049       55.81993645     39.2937133013 1.61239917664e-08
    "BPM.13R1.B1"       24060.56024                 1     146.747956547 1.48323969742e-08       160.8381018       55.95672705     159.526666339 1.61239917664e-08
    "BPM.14R1.B1"       24114.01173                 1     31.0041666576 1.48323969742e-08       32.85258835       56.07666141     33.7039878842 1.61239917664e-08
    "BPM.15R1.B1"       24167.46321                 1     176.652346908 1.48323969742e-08       183.3631992       56.20866364     192.035110173 1.61239917664e-08
    "BPM.16R1.B1"       24220.91469                 1     33.5490422765 1.48323969742e-08       34.27370559       56.31658601     36.4704694986 1.61239917664e-08
    "BPM.17R1.B1"       24274.36618                 1     154.367061448 1.48323969742e-08         160.78445       56.45673391     167.809237585 1.61239917664e-08
    "BPM.18R1.B1"       24327.81766                 1     31.9887358581 1.48323969742e-08       32.85276278       56.57666808     34.7742926847 1.61239917664e-08
    "BPM.19R1.B1"       24381.26915                 1     169.142861693 1.48323969742e-08       183.3633705       56.70866976     183.871704218 1.61239917664e-08
    "BPM.20R1.B1"       24434.72063                 1      31.881380694 1.48323969742e-08       34.27353117        56.8165924     34.6575891076 1.61239917664e-08
    "BPM.21R1.B1"       24488.17211                 1     159.697845298 1.48323969742e-08       160.7842788       56.95674089     173.604222378 1.61239917664e-08
    "BPM.22R1.B1"        24541.6236                 1     28.1476907907 1.48323969742e-08        32.8529372       57.07667474     30.5987720895 1.61239917664e-08
    "BPM.23R1.B1"       24595.07508                 1     175.095475334 1.48323969742e-08       183.3660149       57.20867476     190.342667307 1.61239917664e-08
    "BPM.24R1.B1"       24648.52657                 1     31.3936303503 1.48323969742e-08       34.27441281       57.31659484      34.127365804 1.61239917664e-08
    "BPM.25R1.B1"       24701.97805                 1     148.545376682 1.48323969742e-08        160.784317       57.45674089     161.480604567 1.61239917664e-08
    "BPM.26R1.B1"       24755.42954                 1      30.893019651 1.48323969742e-08        32.8529372       57.57667474     33.5831622738 1.61239917664e-08
    "BPM.27R1.B1"       24808.88102                 1     177.228114291 1.48323969742e-08       183.3660149       57.70867476     192.661014978 1.61239917664e-08
    "BPM.28R1.B1"        24862.3325                 1     29.3549063071 1.48323969742e-08       34.27441281       57.81659484     31.9111110917 1.61239917664e-08
    "BPM.29R1.B1"       24915.78399                 1     147.002914383 1.48323969742e-08        160.784317       57.95674089     159.803825726 1.61239917664e-08
    "BPM.30R1.B1"       24969.23547                 1     32.9396036917 1.48323969742e-08        32.8529372       58.07667474     35.8079614265 1.61239917664e-08
    "BPM.31R1.B1"       25022.68696                 1     167.211022805 1.48323969742e-08       183.3660149       58.20867476     181.771642147 1.61239917664e-08
    "BPM.32R1.B1"       25076.13844                 1     31.1431297924 1.48323969742e-08       34.27441281       58.31659484      33.855051832 1.61239917664e-08
    "BPM.33L2.B1"       25236.49289                 1     165.552106924 1.48323969742e-08       183.3660149       58.70867476     179.968269027 1.61239917664e-08
    "BPM.32L2.B1"       25289.94438                 1     31.7555534721 1.48323969742e-08       34.27441281       58.81659484      34.520804939 1.61239917664e-08
    "BPM.31L2.B1"       25343.39586                 1     142.865259186 1.48323969742e-08        160.784317       58.95674089     155.305866397 1.61239917664e-08
    "BPM.30L2.B1"       25396.84734                 1     31.2542392785 1.48323969742e-08        32.8529372       59.07667474     33.9758366547 1.61239917664e-08
    "BPM.29L2.B1"       25450.29883                 1     167.161709142 1.48323969742e-08       183.3660149       59.20867476     181.718034284 1.61239917664e-08
    "BPM.28L2.B1"       25503.75031                 1     30.9600827101 1.48323969742e-08       34.27441281       59.31659484     33.6560651373 1.61239917664e-08
    "BPM.27L2.B1"        25557.2018                 1     151.452192546 1.48323969742e-08        160.784317       59.45674089     164.640543931 1.61239917664e-08
    "BPM.26L2.B1"       25610.65328                 1     31.5415963653 1.48323969742e-08        32.8529372       59.57667474     34.2882165964 1.61239917664e-08
    "BPM.25L2.B1"       25664.10477                 1     173.176587441 1.48323969742e-08       183.3660149       59.70867476     188.256683994 1.61239917664e-08
    "BPM.24L2.B1"       25717.55625                 1     31.0455581808 1.48323969742e-08       34.27441281       59.81659484     33.7489837524 1.61239917664e-08
    "BPM.23L2.B1"       25771.00773                 1     147.933712317 1.48323969742e-08        160.784317       59.95674089     160.815676895 1.61239917664e-08
    "BPM.22L2.B1"       25824.45922                 1      31.707517583 1.48323969742e-08        32.8529372       60.07667474     34.4685861181 1.61239917664e-08
    "BPM.21L2.B1"        25877.9107                 1     168.745610795 1.48323969742e-08       183.3660149       60.20867476     183.439860989 1.61239917664e-08
    "BPM.20L2.B1"       25931.36219                 1     31.2293877171 1.48323969742e-08       34.27343639       60.31659665     33.9488210367 1.61239917664e-08
    "BPM.19L2.B1"       25984.81367                 1     149.969281727 1.48323969742e-08       160.7819375       60.45674681     163.028502271 1.61239917664e-08
    "BPM.18L2.B1"       26038.26515                 1     34.5868134037 1.48323969742e-08       32.85309111        60.5766814     37.5986090124 1.61239917664e-08
    "BPM.17L2.B1"       26091.71664                 1     167.421183218 1.48323969742e-08        183.366186       60.70868088     182.000103181 1.61239917664e-08
    "BPM.16L2.B1"       26145.16812                 1     33.0821028904 1.48323969742e-08       34.27326192       60.81660304     35.9628693562 1.61239917664e-08
    "BPM.15L2.B1"       26198.61961                 1     153.178350522 1.48323969742e-08       160.7817664       60.95675379      166.51701454 1.61239917664e-08
    "BPM.14L2.B1"       26252.07109                 1     32.0478263434 1.48323969742e-08       32.85326558       61.07668806     34.8385287282 1.61239917664e-08
    "BPM.13L2.B1"       26305.52257                 1     168.866807578 1.48323969742e-08       183.3663571         61.208687     183.571611504 1.61239917664e-08
    "BPM.12L2.B1"       26358.97406                 1     28.7738705845 1.48323969742e-08       32.10686703       61.32087451     31.2794791834 1.61239917664e-08
    "BPM.11L2.B1"       26412.42554                 1     159.537525191 1.48323969742e-08       163.4255268       61.46596462     173.429941708 1.61239917664e-08
    "BPM.10L2.B1"       26464.26623                 1     30.7481426862 1.48323969742e-08       31.78444102       61.58286953     33.4256695238 1.61239917664e-08
     "BPM.9L2.B1"       26503.33322                 1     117.439383746 1.48323969742e-08       123.2972355       61.70154111     127.665923442 1.61239917664e-08
     "BPM.8L2.B1"       26543.79821                 1     17.6628198779 1.48323969742e-08       18.51206702       61.83382504     19.2008859242 1.61239917664e-08
     "BPM.7L2.B1"        26582.8662                 1     98.0003793876 1.48323969742e-08       109.8850023       62.02411283     106.534184131 1.61239917664e-08
    "BPMR.6L2.B1"        26614.9722                 1     22.9117883141 1.48323969742e-08       24.54569767        62.1243505      24.906930874 1.61239917664e-08