@ GetLLMVersion %s "V3.0.0 Dev"
@ Command %s "/afs/cern.ch/work/o/omc/anaconda/bin/python '/afs/cern.ch/work/e/efol/public/Beta-Beat.src/GetLLM/GetLLM.py' '--accel=LHCB1' '--model=/afs/cern.ch/work/e/efol/public/betabeatGui/temp/2017-12-20/models/LHCB1/Multiturn-model_40cm_2041/twiss.dat' '--files=/afs/cern.ch/work/e/efol/public/betabeatGui/temp/2017-12-20/LHCB1/Measurements/Beam1@Turn@2017_09_11@19_02_33_250_onlydbscan/Beam1@Turn@2017_09_11@19_02_33_250_onlydbscan.sdds' '--output=/afs/cern.ch/work/e/efol/public/betabeatGui/temp/2017-12-20/LHCB1/Results/40cm_cleaned_arcs_with_dbscan_only' '--tbtana=SUSSIX' '--bpmu=mm' '--lhcphase=1' '--errordefs=/afs/cern.ch/work/e/efol/public/betabeatGui/temp/2017-12-20/models/LHCB1/Multiturn-model_40cm_2041/error_deff.txt'"
@ CWD %s "/home/efol/Workspaces/Accsoft-Eclipse-Pro/lhc-app-beta-beating"
@ Date %s "21. December 2017, 13:48:45"
@ Q1 %le 0.299858916597
@ Q2 %le 0.33142165071
@ RMSbetabeat %le 0.100133243197
@ RescalingFactor %le 1.02398924592
@ FILES %s "/afs/cern.ch/work/e/efol/public/betabeatGui/temp/2017-12-20/LHCB1/Measurements/Beam1@Turn@2017_09_11@19_02_33_250_onlydbscan/Beam1@Turn@2017_09_11@19_02_33_250_onlydbscan.sdds.liny"
*            NAME                 S             COUNT              BETY           BETYSTD           BETYMDL            MUYMDL           BETYRES        BETYSTDRES
$              %s               %le               %le               %le               %le               %le               %le               %le               %le
   "BPMYB.5L2.B1"            28.288                 1     36.9368109354 1.48323969742e-08       36.79270806      0.1253734494     37.8228971766 1.51882149929e-08
   "BPMYB.4L2.B1"            48.858                 1     98.4634708614 1.48323969742e-08       101.7337616      0.1799473837     100.825535279 1.51882149929e-08
   "BPMWI.4L2.B1"           73.3255                 1     104.701815824 1.48323969742e-08       109.1955534      0.2140933253     107.213533432 1.51882149929e-08
   "BPMSX.4L2.B1"          123.4825                 1     105.277942418 1.48323969742e-08       109.0509593      0.2901034415     107.803480869 1.51882149929e-08
    "BPMS.2L2.B1"           161.394                 1     190.857413825 1.48323969742e-08       187.2656009      0.3301845247     195.435939262 1.51882149929e-08
   "BPMSW.1L2.B1"           171.328                 1     57.5183018643 1.48323969742e-08       60.57107152      0.3468791826     58.8981225529 1.51882149929e-08
   "BPMSW.1R2.B1"           214.518                 1     59.9388154341 1.48323969742e-08       59.21667092      0.7186849694      61.376702418 1.51882149929e-08
    "BPMS.2R2.B1"           224.452                 1     65.8564085948 1.48323969742e-08       67.53675791       0.740873163     67.4362541763 1.51882149929e-08
   "BPMSX.4R2.B1"          262.3635                 1     179.791943826 1.48323969742e-08       185.5131129      0.7875864765     184.105016982 1.51882149929e-08
   "BPMWB.4R2.B1"          312.5965                 1     82.2462177386 1.48323969742e-08       88.87633786      0.8515579821     84.2192424824 1.51882149929e-08
   "BPMYB.4R2.B1"           336.988                 1     81.8566243734 1.48323969742e-08       85.96644093      0.9005400248     83.8203030661 1.51882149929e-08
    "BPMR.5R2.B1"           366.522                 1     166.452851148 1.48323969742e-08       174.5396444      0.9352754339     170.445929529 1.51882149929e-08
     "BPM.6R2.B1"           439.818                 1     41.2594757929 1.48323969742e-08       43.11908205       1.212247596     42.2492595044 1.51882149929e-08
   "BPM_A.7R2.B1"           452.693                 1     107.094974056 1.48323969742e-08       111.4300463       1.241982113     109.664101726 1.51882149929e-08
     "BPM.8R2.B1"       494.1300106                 1     43.4971479478 1.48323969742e-08       40.18921261       1.329086933     44.5406117269 1.51882149929e-08
     "BPM.9R2.B1"       533.1950212                 1     134.858303295 1.48323969742e-08       127.8156363       1.430560351     138.093452297 1.51882149929e-08
    "BPM.10R2.B1"       573.6580318                 1     22.2418464151 1.48323969742e-08       21.70338425       1.549002685     22.7754115386 1.51882149929e-08
    "BPM.11R2.B1"       625.4967424                 1     197.786890906 1.48323969742e-08       187.1609046       1.726662106     202.531649273 1.51882149929e-08
    "BPM.12R2.B1"       680.2202583                 1     36.6733474508 1.48323969742e-08       33.46794304       1.836663846     37.5531134017 1.51882149929e-08
    "BPM.13R2.B1"       733.6687742                 1     159.285874579 1.48323969742e-08       160.2966384       1.979494307     163.107022597 1.51882149929e-08
    "BPM.14R2.B1"       787.1172901                 1     33.6158556603 1.48323969742e-08       32.62744691       2.100287046     34.4222746887 1.51882149929e-08
    "BPM.15R2.B1"        840.565806                 1     186.703588928 1.48323969742e-08       183.4556299       2.232860629     191.182467238 1.51882149929e-08
    "BPM.16R2.B1"       894.0143219                 1     42.3160172886 1.48323969742e-08       39.66783428       2.332083326     43.3311466338 1.51882149929e-08
    "BPM.17R2.B1"       947.4628378                 1     164.116949036 1.48323969742e-08       164.6514988       2.457365183     168.053990887 1.51882149929e-08
    "BPM.18R2.B1"       1000.911354                 1     32.8561021611 1.48323969742e-08       32.23318057        2.57716969     33.6442952759 1.51882149929e-08
    "BPM.19R2.B1"        1054.35987                 1     180.880366114 1.48323969742e-08       179.0138669       2.713019887       185.2195497 1.51882149929e-08
    "BPM.20R2.B1"       1107.808386                 1     42.4106870089 1.48323969742e-08       39.93386784       2.813269589     43.4280874093 1.51882149929e-08
    "BPM.21R2.B1"       1161.256901                 1     173.348200992 1.48323969742e-08       169.3409837       2.935822271     177.506693616 1.51882149929e-08
    "BPM.22R2.B1"       1214.705417                 1     31.0241817422 1.48323969742e-08       32.09996833       3.053861814     31.7684284676 1.51882149929e-08
    "BPM.23R2.B1"       1268.153933                 1      180.45754961 1.48323969742e-08       175.5018563       3.191962427     184.786590147 1.51882149929e-08
    "BPM.24R2.B1"       1321.602449                 1      41.121410714 1.48323969742e-08       38.01840941       3.296294469     42.1078823484 1.51882149929e-08
    "BPM.25R2.B1"       1375.050965                 1     177.803685277 1.48323969742e-08       171.8112234       3.421597518      182.06906161 1.51882149929e-08
    "BPM.26R2.B1"       1428.499481                 1     33.5053789595 1.48323969742e-08       32.10343822       3.538548466     34.3091477352 1.51882149929e-08
    "BPM.27R2.B1"       1481.947997                 1     173.028206995 1.48323969742e-08       172.9271282        3.67803878     177.179023205 1.51882149929e-08
    "BPM.28R2.B1"       1535.396513                 1     38.5084123941 1.48323969742e-08       37.96873847       3.783361568     39.4322001692 1.51882149929e-08
    "BPM.29R2.B1"       1588.845029                 1     186.594814744 1.48323969742e-08       174.3946677       3.907584224     191.071083643 1.51882149929e-08
    "BPM.30R2.B1"       1642.293545                 1      32.518264302 1.48323969742e-08       32.19892224       4.023258739     33.2983529414 1.51882149929e-08
    "BPM.31R2.B1"        1695.74206                 1     164.957381435 1.48323969742e-08       170.3551466       4.163905823     168.914584625 1.51882149929e-08
    "BPM.32R2.B1"       1749.190576                 1     37.7228500779 1.48323969742e-08       37.82818718       4.270396119     38.6277928054 1.51882149929e-08
    "BPM.33R2.B1"       1802.639092                 1     182.340520787 1.48323969742e-08       176.9350971       4.393775845     186.714732383 1.51882149929e-08
    "BPM.34R2.B1"       1856.087608                 1     8.42676193071 1.48323969742e-08       32.38344297       4.508035461     8.62891359501 1.51882149929e-08
    "BPM.33L3.B1"       1909.536124                 1     167.230965029 1.48323969742e-08       167.8661122        4.64956083     171.242709775 1.51882149929e-08
    "BPM.32L3.B1"        1962.98464                 1     38.3704800736 1.48323969742e-08       37.60113828       4.757367307     39.2909589564 1.51882149929e-08
    "BPM.31L3.B1"       2016.433156                 1     175.184205238 1.48323969742e-08       179.3532948       4.880160159      179.38674222 1.51882149929e-08
    "BPM.30L3.B1"       2069.881672                 1     32.3478468678 1.48323969742e-08        32.6512466       4.992918316     33.1238473215 1.51882149929e-08
    "BPM.29L3.B1"       2123.330188                 1     170.593708154 1.48323969742e-08       165.5376394       5.135008023     174.686122572 1.51882149929e-08
    "BPM.27L3.B1"        2230.22722                 1     194.864043949 1.48323969742e-08       181.5738554       5.366719942     199.538685421 1.51882149929e-08
    "BPM.26L3.B1"       2283.675735                 1     35.1981711264 1.48323969742e-08       32.99398235       5.477942111     36.0425487096 1.51882149929e-08
    "BPM.25L3.B1"       2337.124251                 1     178.619341434 1.48323969742e-08       163.4423356       5.620259028     182.904284743 1.51882149929e-08
    "BPM.24L3.B1"       2390.572767                 1     34.2900355196 1.48323969742e-08       36.91834384       5.731002475     35.1126276145 1.51882149929e-08
    "BPM.23L3.B1"       2444.021283                 1     176.977964724 1.48323969742e-08       183.5275363        5.85343381     181.223532643 1.51882149929e-08
    "BPM.22L3.B1"       2497.469799                 1      33.763898034 1.48323969742e-08       33.40096287        5.96313543     34.5738684873 1.51882149929e-08
    "BPM.21L3.B1"       2550.918315                 1     164.244676997 1.48323969742e-08       161.6455375       6.105333009     168.184782945 1.51882149929e-08
    "BPM.20L3.B1"       2604.366831                 1     40.4331743598 1.48323969742e-08       38.26126251       6.214482444     41.4031357231 1.51882149929e-08
    "BPM.19L3.B1"       2657.815347                 1      186.96162671 1.48323969742e-08        185.636807       6.333334423     191.446695151 1.51882149929e-08
    "BPM.18L3.B1"       2711.263863                 1     33.9920798145 1.48323969742e-08       34.12812293       6.440932002     34.8075241767 1.51882149929e-08
    "BPM.17L3.B1"       2764.712379                 1     161.400436643 1.48323969742e-08       158.5783161       6.582858936      165.27231141 1.51882149929e-08
    "BPM.16L3.B1"       2818.160894                 1     38.9680738958 1.48323969742e-08        37.4505488       6.694696187     39.9028886036 1.51882149929e-08
    "BPM.15L3.B1"        2871.60941                 1     113.822565213 1.48323969742e-08        188.237324       6.814102897     116.553082722 1.51882149929e-08
    "BPM.14L3.B1"       2925.057926                 1     37.0954567129 1.48323969742e-08       34.99614179       6.919248412     37.9853487467 1.51882149929e-08
    "BPM.13L3.B1"       2978.506442                 1     158.100382916 1.48323969742e-08       156.4893572       7.060015092     161.893091882 1.51882149929e-08
    "BPM.12L3.B1"       3031.954958                 1     36.6357421162 1.48323969742e-08       33.76910971       7.180083936     37.5146059435 1.51882149929e-08
    "BPM.11L3.B1"       3085.403474                 1     202.214555431 1.48323969742e-08       195.3527263       7.304706215      207.06553013 1.51882149929e-08
    "BPM.10L3.B1"       3138.184185                 1      36.818496751 1.48323969742e-08       34.94476338       7.406561521     37.7017447242 1.51882149929e-08
     "BPM.9L3.B1"       3177.249195                 1     103.103096519 1.48323969742e-08        102.722325       7.529425938     105.576462057 1.51882149929e-08
     "BPM.8L3.B1"       3217.712206                 1     16.0510028746 1.48323969742e-08       15.64879804       7.703674744     16.4360543299 1.51882149929e-08
     "BPM.7L3.B1"       3256.776216                 1     153.672216274 1.48323969742e-08       153.2825682       7.865284043     157.358696862 1.51882149929e-08
     "BPM.6L3.B1"       3329.415216                 1     69.5116534351 1.48323969742e-08       75.35505915       7.985334437     71.1791855839 1.51882149929e-08
  "BPMWG.A5L3.B1"       3371.119716                 1     221.703179559 1.48323969742e-08       237.5739559       8.035782471     227.021671656 1.51882149929e-08
    "BPMW.5L3.B1"       3400.089716                 1     245.082425087 1.48323969742e-08       269.6061169       8.052759551     250.961767654 1.51882149929e-08
   "BPMWE.4L3.B1"       3475.217716                 1     88.0405951715 1.48323969742e-08       92.91685615       8.131475434     90.1526226604 1.51882149929e-08
    "BPMW.4L3.B1"       3502.762716                 1     105.206133232 1.48323969742e-08        118.717368       8.178067814     107.729949035 1.51882149929e-08
    "BPMW.4R3.B1"       3547.727716                 1     345.436345526 1.48323969742e-08       370.1926369       8.212472002      353.72310297 1.51882149929e-08
   "BPMWE.4R3.B1"       3575.272716                 1      361.79023958 1.48323969742e-08       385.8362615       8.223277026     370.469314611 1.51882149929e-08
    "BPMW.5R3.B1"       3650.400716                 1     78.9707032605 1.48323969742e-08       84.44063974       8.291599988     80.8651508819 1.51882149929e-08
  "BPMWJ.A5R3.B1"       3679.118716                 1     96.9276829686 1.48323969742e-08       93.37258999       8.350167019     99.2529049922 1.51882149929e-08
   "BPMWC.6R3.B1"       3718.936716                 1      231.83745127 1.48323969742e-08       239.5404082       8.393058404     237.399056903 1.51882149929e-08
    "BPMR.6R3.B1"       3731.015216                 1     256.615474422 1.48323969742e-08       249.6601964       8.400559925     262.771486146 1.51882149929e-08
   "BPM_A.7R3.B1"       3786.839216                 1     71.0048540509 1.48323969742e-08       63.91364884       8.473412226     72.7082069566 1.51882149929e-08
     "BPM.8R3.B1"       3825.903227                 1      170.22336792 1.48323969742e-08       164.9490712        8.54012691     174.306898155 1.51882149929e-08
     "BPM.9R3.B1"       3864.968238                 1     72.2818279648 1.48323969742e-08       67.79374017       8.597298184     74.0158145117 1.51882149929e-08
    "BPM.10R3.B1"       3905.431248                 1     164.371922729 1.48323969742e-08       168.2508684       8.663319209     168.315081207 1.51882149929e-08
    "BPM.11R3.B1"       3958.211959                 1     43.0681021558 1.48323969742e-08       45.02422489       8.761362748       44.10127345 1.51882149929e-08
    "BPM.12R3.B1"       4012.935475                 1      178.97732346 1.48323969742e-08       169.9287435       8.874684343     183.270854487 1.51882149929e-08
    "BPM.13R3.B1"       4066.383991                 1     36.7845319329 1.48323969742e-08       32.74165054       8.991187548     37.6669651157 1.51882149929e-08
    "BPM.14R3.B1"       4119.832506                 1     163.742224032 1.48323969742e-08       167.1087129       9.131872637     167.670276512 1.51882149929e-08
    "BPM.15R3.B1"       4173.281022                 1      37.479332458 1.48323969742e-08       38.96235047       9.237745192     38.3784333814 1.51882149929e-08
    "BPM.17R3.B1"       4280.178054                 1     35.6571758106 1.48323969742e-08       33.26966495       9.468499714     36.5125645701 1.51882149929e-08
    "BPM.18R3.B1"        4333.62657                 1     84.7233109043 1.48323969742e-08       163.2270049       9.610090404     86.7557592452 1.51882149929e-08
    "BPM.19R3.B1"       4387.075086                 1     37.3362066787 1.48323969742e-08       38.39542165       9.718382637     38.2318741227 1.51882149929e-08
    "BPM.20R3.B1"       4440.523602                 1     185.490346526 1.48323969742e-08       183.9864421        9.83763556     189.940120066 1.51882149929e-08
    "BPM.21R3.B1"       4493.972118                 1     39.7749403068 1.48323969742e-08       33.92500273       9.946190096     40.7291111314 1.51882149929e-08
    "BPM.22R3.B1"       4547.420634                 1     155.057999646 1.48323969742e-08       159.9995713        10.0878264     158.777724132 1.51882149929e-08
    "BPM.23R3.B1"        4600.86915                 1     36.4350544637 1.48323969742e-08       35.92439726       10.20186687     37.3091039455 1.51882149929e-08
    "BPM.24R3.B1"       4654.317666                 1     185.753958144 1.48323969742e-08       186.5725389       10.32513756     190.210055527 1.51882149929e-08
    "BPM.25R3.B1"       4707.766181                 1       33.98562636 1.48323969742e-08       34.43812937       10.43181406     34.8009159087 1.51882149929e-08
    "BPM.26R3.B1"       4761.214697                 1     165.779161287 1.48323969742e-08       159.0246356       10.57261599     169.756078356 1.51882149929e-08
    "BPM.27R3.B1"       4814.663213                 1      39.591866617 1.48323969742e-08       35.41212191       10.68808844     40.5416456419 1.51882149929e-08
    "BPM.28R3.B1"       4868.111729                 1     199.675526824 1.48323969742e-08       187.3323016       10.81216511     204.465592142 1.51882149929e-08
    "BPM.29R3.B1"       4921.560245                 1     34.2087627382 1.48323969742e-08       34.95801245       10.91764933     35.0294051603 1.51882149929e-08
    "BPM.30R3.B1"       4975.008761                 1     157.511693286 1.48323969742e-08       158.4859803       11.05733289     161.290280032 1.51882149929e-08
    "BPM.31R3.B1"       5028.457277                 1      35.768544562 1.48323969742e-08       34.88869184       11.17410646     36.6266049739 1.51882149929e-08
    "BPM.32R3.B1"       5081.905793                 1     186.091485469 1.48323969742e-08       187.6456421       11.29922989     190.555679879 1.51882149929e-08
    "BPM.33R3.B1"       5135.354309                 1     37.9747932757 1.48323969742e-08       35.48090106       11.40369485     38.8857799305 1.51882149929e-08
    "BPM.34R3.B1"       5188.802825                 1     160.922942865 1.48323969742e-08        158.400402       11.54201962     164.783362917 1.51882149929e-08
    "BPM.33L4.B1"        5242.25134                 1     36.2272902199 1.48323969742e-08       34.37042889       11.65991364     37.0963555941 1.51882149929e-08
    "BPM.32L4.B1"       5295.699856                 1      193.99030841 1.48323969742e-08       187.5027897       11.78630056     198.643989626 1.51882149929e-08
    "BPM.31L4.B1"       5349.148372                 1     36.7096101078 1.48323969742e-08       35.99049026       11.88994249     37.5902459724 1.51882149929e-08
    "BPM.30L4.B1"       5402.596888                 1     170.588863736 1.48323969742e-08       158.7705693       12.02672012      174.68116194 1.51882149929e-08
    "BPM.29L4.B1"       5456.045404                 1     34.4408753126 1.48323969742e-08       33.87349378       12.14550913     35.2670859403 1.51882149929e-08
    "BPM.28L4.B1"        5509.49392                 1     194.730213043 1.48323969742e-08       186.9081989       12.27334569     199.401644012 1.51882149929e-08
    "BPM.27L4.B1"       5562.942436                 1     35.1148938771 1.48323969742e-08       36.47088979       12.37637852     35.9572737019 1.51882149929e-08
    "BPM.26L4.B1"       5616.390952                 1     168.761769044 1.48323969742e-08       159.5849394       12.51147768     172.810236625 1.51882149929e-08
    "BPM.25L4.B1"       5669.839468                 1     35.1720703149 1.48323969742e-08       33.41338216       12.63089921     36.0158217594 1.51882149929e-08
    "BPM.24L4.B1"       5723.287984                 1     191.106757331 1.48323969742e-08       185.8804104       12.76033428     195.691264331 1.51882149929e-08
    "BPM.23L4.B1"         5776.7365                 1     36.4916985252 1.48323969742e-08       36.90711963       12.86298445     37.3671068553 1.51882149929e-08
    "BPM.22L4.B1"       5830.185015                 1     160.371078514 1.48323969742e-08       160.8181183       12.99633288     164.218259756 1.51882149929e-08
    "BPM.21L4.B1"       5883.633531                 1     34.3089144958 1.48323969742e-08       33.00444145       13.11609764      35.131959483 1.51882149929e-08
    "BPM.20L4.B1"       5937.082047                 1     182.658768919 1.48323969742e-08       182.9855105       13.24789401     187.040615047 1.51882149929e-08
    "BPM.19L4.B1"       5990.530563                 1     38.8195765009 1.48323969742e-08       39.21279242       13.34792812     39.7508288683 1.51882149929e-08
    "BPM.17L4.B1"       6097.427595                 1     32.3789532144 1.48323969742e-08       32.60437068       13.59324574     33.1556998858 1.51882149929e-08
    "BPM.16L4.B1"       6150.876111                 1     185.948061009 1.48323969742e-08       179.0683217       13.72803071     190.408814774 1.51882149929e-08
    "BPM.15L4.B1"       6204.324627                 1     39.9034432544 1.48323969742e-08       39.49888125       13.82890062     40.8606967679 1.51882149929e-08
    "BPM.14L4.B1"       6257.773143                 1     167.771620987 1.48323969742e-08       168.6568284       13.95261937     171.796335662 1.51882149929e-08
    "BPM.13L4.B1"       6311.221659                 1     32.0241509901 1.48323969742e-08       32.43719825        14.0701935     32.7923862237 1.51882149929e-08
    "BPM.12L4.B1"       6364.670174                 1     177.483661649 1.48323969742e-08       175.5566068       14.20727716     181.741360856 1.51882149929e-08
    "BPM.11L4.B1"        6418.11869                 1     43.6082186472 1.48323969742e-08       42.26546525       14.30542978     44.6543469287 1.51882149929e-08
    "BPM.10L4.B1"       6469.957401                 1     174.983347204 1.48323969742e-08       175.6574743       14.41649855     179.181065753 1.51882149929e-08
     "BPM.9L4.B1"       6509.022412                 1     49.3269493572 1.48323969742e-08       50.70740069       14.47893491      50.510265676 1.51882149929e-08
     "BPM.7L4.B1"       6588.549433                 1     82.7590327588 1.48323969742e-08       80.16518377       14.62716277     84.7443595481 1.51882149929e-08
   "BPMYB.6L4.B1"       6685.153433                 1     537.361224813 1.48323969742e-08       584.9008385       14.70547257     550.252115385 1.51882149929e-08
   "BPMYA.5L4.B1"       6722.153433                 1     249.469392459 1.48323969742e-08       254.5795686       14.72004294     255.453975065 1.51882149929e-08
  "BPMWI.A5L4.B1"       6798.755933                 1     190.750991173 1.48323969742e-08        209.293857       14.77610729     195.326963611 1.51882149929e-08
  "BPMWA.B5L4.B1"       6824.619933                 1     201.598922761 1.48323969742e-08       213.3257673       14.79563746     206.435128898 1.51882149929e-08
  "BPMWA.A5L4.B1"       6833.504933                 1     200.017609981 1.48323969742e-08       216.1861308       14.80222413     204.815881617 1.51882149929e-08
  "BPMWA.A5R4.B1"       6881.553933                 1     232.143344735 1.48323969742e-08       244.7287019       14.83571747     237.712288522 1.51882149929e-08
  "BPMWA.B5R4.B1"       6890.438933                 1     233.847701919 1.48323969742e-08       252.4242602       14.84140812     239.457531949 1.51882149929e-08
   "BPMYB.5R4.B1"       6992.829433                 1     342.667384789 1.48323969742e-08       364.3593943       14.89398032     350.887716953 1.51882149929e-08
   "BPMYA.6R4.B1"       7024.393433                 1     136.235691683 1.48323969742e-08       130.6858935       14.91708282     139.503883194 1.51882149929e-08
     "BPM.7R4.B1"       7120.909433                 1     163.008728804 1.48323969742e-08       163.6375311       15.03941322     166.919185287 1.51882149929e-08
     "BPM.8R4.B1"       7158.698443                 1     16.9867337757 1.48323969742e-08       15.68439859       15.16266639     17.3942327097 1.51882149929e-08
     "BPM.9R4.B1"       7197.763454                 1      137.01649598 1.48323969742e-08       132.0582103       15.36741389     140.303418398 1.51882149929e-08
    "BPM.10R4.B1"       7238.226465                 1     40.6684096414 1.48323969742e-08       43.58913477       15.44452368     41.6440141216 1.51882149929e-08
    "BPM.11R4.B1"       7290.065175                 1     189.146018572 1.48323969742e-08       187.9747962       15.55319686     193.683488927 1.51882149929e-08
    "BPM.12R4.B1"       7344.788691                 1     40.2612000688 1.48323969742e-08       37.80653187       15.65801489     41.2270358985 1.51882149929e-08
    "BPM.13R4.B1"       7398.237207                 1     163.825582431 1.48323969742e-08        165.432673       15.78675325     167.755634616 1.51882149929e-08
    "BPM.14R4.B1"       7451.685723                 1     31.5157917333 1.48323969742e-08       30.94738201       15.90908263     32.2718318117 1.51882149929e-08
    "BPM.15R4.B1"       7505.134239                 1     183.034565246 1.48323969742e-08       179.2461074       16.04859403     187.425426444 1.51882149929e-08
    "BPM.16R4.B1"       7558.582755                 1     36.2534132954 1.48323969742e-08       36.27999783       16.15435421     37.1231053425 1.51882149929e-08
    "BPM.17R4.B1"       7612.031271                 1     163.259867087 1.48323969742e-08       165.3775587       16.28670269     167.176348188 1.51882149929e-08
    "BPM.18R4.B1"       7665.479786                 1     31.2844464451 1.48323969742e-08        30.9467779       16.40903006     32.0349367245 1.51882149929e-08
    "BPM.19R4.B1"       7718.928302                 1     180.580468831 1.48323969742e-08       179.2382788        16.5485475     184.912458106 1.51882149929e-08
    "BPM.20R4.B1"       7772.376818                 1     38.6090494565 1.48323969742e-08       36.28060145       16.65430937     39.5352514389 1.51882149929e-08
    "BPM.21R4.B1"       7825.825334                 1     168.772352964 1.48323969742e-08       165.3853886       16.78665227     172.821074445 1.51882149929e-08
    "BPM.22R4.B1"        7879.27385                 1     30.5165941771 1.48323969742e-08       30.94617477        16.9089775     31.2486642596 1.51882149929e-08
    "BPM.23R4.B1"       7932.722366                 1     189.079657763 1.48323969742e-08       179.2296084       17.04850141     193.615536172 1.51882149929e-08
    "BPM.24R4.B1"       7986.170882                 1     35.6952798428 1.48323969742e-08       36.27848657       17.15426988     36.5515826893 1.51882149929e-08
    "BPM.25R4.B1"       8039.619398                 1     159.322718739 1.48323969742e-08       165.3910947       17.28661484      163.14475062 1.51882149929e-08
    "BPM.26R4.B1"       8093.067914                 1     32.8837218276 1.48323969742e-08       30.94572763       17.40893848     33.6725775174 1.51882149929e-08
    "BPM.27R4.B1"        8146.51643                 1     183.104138672 1.48323969742e-08       179.2237959       17.54846686     187.496668885 1.51882149929e-08
    "BPM.28R4.B1"       8199.964946                 1      34.967960042 1.48323969742e-08       36.27893344        17.6542366      35.806815035 1.51882149929e-08
    "BPM.29R4.B1"       8253.413461                 1     161.849870363 1.48323969742e-08       165.3969079       17.78657741     165.732526706 1.51882149929e-08
    "BPM.30R4.B1"       8306.861977                 1     30.9489809453 1.48323969742e-08       30.94528104       17.90889945     31.6914236603 1.51882149929e-08
    "BPM.31R4.B1"       8360.310493                 1     168.365021868 1.48323969742e-08        179.217982       18.04843232     172.403971783 1.51882149929e-08
    "BPM.32R4.B1"       8413.759009                 1     35.9402240432 1.48323969742e-08       36.27937975       18.15420331     36.8024029164 1.51882149929e-08
    "BPM.33R4.B1"       8467.207525                 1     165.087576532 1.48323969742e-08       165.4027225       18.28653998     169.047903005 1.51882149929e-08
    "BPM.34R4.B1"       8520.656041                 1     30.8455232516 1.48323969742e-08         30.944835       18.40886043     31.5854840945 1.51882149929e-08
    "BPM.33L5.B1"       8574.104557                 1     185.189441645 1.48323969742e-08       179.2121667       18.54839778     189.631996703 1.51882149929e-08
    "BPM.32L5.B1"       8627.553073                 1      38.210711846 1.48323969742e-08       36.27982553       18.65417002     39.1273580094 1.51882149929e-08
    "BPM.31L5.B1"       8681.001589                 1     167.584527568 1.48323969742e-08       165.4085386       18.78650255     171.604754013 1.51882149929e-08
    "BPM.30L5.B1"       8734.450105                 1     29.7655644574 1.48323969742e-08        30.9443895        18.9088214     30.4796179033 1.51882149929e-08
    "BPM.29L5.B1"        8787.89862                 1      186.06984472 1.48323969742e-08       179.2063499       19.04836323     190.533519984 1.51882149929e-08
    "BPM.28L5.B1"       8841.347136                 1     36.9038158775 1.48323969742e-08       36.28027075       19.15413674     37.7891105921 1.51882149929e-08
    "BPM.27L5.B1"       8894.795652                 1     168.642808336 1.48323969742e-08        165.414356       19.28646512     172.688422138 1.51882149929e-08
    "BPM.26L5.B1"       8948.244168                 1     30.7707269719 1.48323969742e-08       30.94394455       19.40878238     31.5088935085 1.51882149929e-08
    "BPM.25L5.B1"       9001.692684                 1      181.25008101 1.48323969742e-08       179.2005318       19.54832869     185.598133778 1.51882149929e-08
    "BPM.24L5.B1"         9055.1412                 1     35.4013542645 1.48323969742e-08       36.28071543       19.65410345      36.250606058 1.51882149929e-08
    "BPM.23L5.B1"       9108.589716                 1     160.609962071 1.48323969742e-08       165.4201749        19.7864277     164.462873949 1.51882149929e-08
    "BPM.22L5.B1"       9162.038232                 1     31.5318340229 1.48323969742e-08       30.94350015       19.90874335     32.2882589437 1.51882149929e-08
    "BPM.21L5.B1"       9215.486748                 1     180.657209319 1.48323969742e-08       179.1947122       20.04829414     184.991039542 1.51882149929e-08
    "BPM.20L5.B1"       9268.935264                 1     36.1763185574 1.48323969742e-08       36.28385824       20.15406557     37.0441611599 1.51882149929e-08
    "BPM.19L5.B1"       9322.383779                 1     176.577420592 1.48323969742e-08       165.4289058       20.28637767      180.81337976 1.51882149929e-08
    "BPM.18L5.B1"       9375.832295                 1     31.4844935153 1.48323969742e-08       30.94290974       20.40869078     32.2397827731 1.51882149929e-08
    "BPM.17L5.B1"       9429.280811                 1     184.274346176 1.48323969742e-08        179.186867        20.5482476     188.694948784 1.51882149929e-08
    "BPM.16L5.B1"       9482.729327                 1     38.6688818227 1.48323969742e-08       36.28445535       20.65402073     39.5965191384 1.51882149929e-08
    "BPM.15L5.B1"       9536.177843                 1     164.407429341 1.48323969742e-08       165.4367523       20.78632727     168.351439595 1.51882149929e-08
    "BPM.14L5.B1"       9589.626359                 1      31.616882504 1.48323969742e-08       30.94231313       20.90863821     32.3753476737 1.51882149929e-08
    "BPM.13L5.B1"       9643.074875                 1     179.203803568 1.48323969742e-08       179.1790193       21.04820107     183.502767682 1.51882149929e-08
    "BPM.12L5.B1"       9696.523391                 1     39.8349055246 1.48323969742e-08       40.57508799       21.14736228     40.7905148697 1.51882149929e-08
    "BPM.11L5.B1"       9749.971907                 1     173.460774738 1.48323969742e-08       166.2227861       21.27002798     177.621967921 1.51882149929e-08
    "BPM.10L5.B1"       9802.752617                 1     53.5298399507 1.48323969742e-08       54.44482325       21.35878388     54.8139804456 1.51882149929e-08
     "BPM.9L5.B1"       9841.817628                 1     209.659933294 1.48323969742e-08       204.5086662       21.42526921     214.689516995 1.51882149929e-08
     "BPM.8L5.B1"       9882.280639                 1     10.6636681443 1.48323969742e-08       11.61188095       21.55384212     10.9194815019 1.51882149929e-08
    "BPMR.7L5.B1"       9921.346649                 1     163.057055189 1.48323969742e-08       162.3038963       21.80835338     166.968670985 1.51882149929e-08
     "BPM.6L5.B1"       9958.240649                 1     8.70928109557 1.48323969742e-08       9.306968009       21.94807398      8.9182101816 1.51882149929e-08
    "BPMR.5L5.B1"       9990.140649                 1     112.720560926 1.48323969742e-08       119.2054184       22.24218454     115.424642183 1.51882149929e-08
   "BPMYA.4L5.B1"       10017.54665                 1     332.480043872 1.48323969742e-08        364.590906       22.26275902     340.455989409 1.51882149929e-08
   "BPMWB.4L5.B1"       10038.68115                 1     718.712988874 1.48323969742e-08       801.0322376       22.26910232     735.954371513 1.51882149929e-08
   "BPMSY.4L5.B1"       10131.46115                 1     4744.42180373 1.48323969742e-08       5013.434616        22.2764735     4858.23690515 1.51882149929e-08
    "BPMS.2L5.B1"       10158.24665                 1     1326.38207293 1.48323969742e-08       1424.287612       22.27817828     1358.20097867 1.51882149929e-08
   "BPMSW.1L5.B1"       10168.21165                 1     1064.24527617 1.48323969742e-08       1128.152508       22.27928573     1089.77571782 1.51882149929e-08
   "BPMSW.1R5.B1"       10211.33965                 1     1094.29632272 1.48323969742e-08       1134.983162       22.77321828     1120.54766632 1.51882149929e-08
    "BPMS.2R5.B1"       10221.30465                 1     886.713454096 1.48323969742e-08       3793.210267       22.77407587     907.985041211 1.51882149929e-08
   "BPMSY.4R5.B1"       10248.09015                 1     2185.88775162 1.48323969742e-08       2420.451069        22.7752478     2238.32555046 1.51882149929e-08
   "BPMWB.4R5.B1"       10340.87015                 1     1183.34737462 1.48323969742e-08       1271.107986       22.78367023      1211.7349858 1.51882149929e-08
   "BPMYA.4R5.B1"       10362.00265                 1     951.444256004 1.48323969742e-08        1015.43527       22.78657535     974.268686245 1.51882149929e-08
     "BPM.5R5.B1"       10383.12065                 1     505.988601244 1.48323969742e-08       535.0446065       22.79113583     518.126886234 1.51882149929e-08
    "BPMR.6R5.B1"       10415.02065                 1     192.659533762 1.48323969742e-08       189.0883721       22.80738778     197.281290697 1.51882149929e-08
   "BPM_A.7R5.B1"       10449.03465                 1     19.4143903762 1.48323969742e-08       19.67997882       22.90106191     19.8801269614 1.51882149929e-08
     "BPM.8R5.B1"       10490.47364                 1      141.86592878 1.48323969742e-08       133.4144604       23.11022989     145.269185434 1.51882149929e-08
     "BPM.9R5.B1"       10529.54063                 1     48.0944790876 1.48323969742e-08       45.76759963       23.18433345     49.2482293741 1.51882149929e-08
    "BPM.10R5.B1"       10570.00562                 1     168.348895595 1.48323969742e-08       162.2757464       23.27353126     172.387458653 1.51882149929e-08
    "BPM.11R5.B1"       10622.78831                 1     20.6401631141 1.48323969742e-08        28.8241163        23.3982446      21.135305063 1.51882149929e-08
    "BPM.12R5.B1"       10677.51479                 1     190.293912899 1.48323969742e-08       178.0009517       23.54887318     194.858920374 1.51882149929e-08
    "BPM.13R5.B1"       10730.96627                 1     36.9156527923 1.48323969742e-08       36.25232534       23.65511137     37.8012314656 1.51882149929e-08
    "BPM.14R5.B1"       10784.41776                 1     167.689069333 1.48323969742e-08       165.2559444       23.78757266     171.711803656 1.51882149929e-08
    "BPM.15R5.B1"       10837.86924                 1     29.4154954927 1.48323969742e-08        30.9571451       23.90993939     30.1211510481 1.51882149929e-08
    "BPM.16R5.B1"       10891.32073                 1     180.927263183 1.48323969742e-08       179.3881394       24.04935563     185.267571794 1.51882149929e-08
    "BPM.17R5.B1"       10944.77221                 1     37.0789140284 1.48323969742e-08       36.26426915       24.15510037     37.9684092156 1.51882149929e-08
    "BPM.18R5.B1"        10998.2237                 1     171.265296504 1.48323969742e-08       165.2579479       24.28755966      175.37382182 1.51882149929e-08
    "BPM.19R5.B1"       11051.67518                 1       31.01166081 1.48323969742e-08       30.95698517       24.40992585     31.7556071677 1.51882149929e-08
    "BPM.20R5.B1"       11105.12666                 1     187.044503871 1.48323969742e-08       179.3861357       24.54934366     191.531560474 1.51882149929e-08
    "BPM.21R5.B1"       11158.57815                 1     36.3617357562 1.48323969742e-08       36.26442904       24.65508881     37.2340263775 1.51882149929e-08
    "BPM.22R5.B1"       11212.02963                 1     160.442469751 1.48323969742e-08       165.2599516       24.78754666     164.291363614 1.51882149929e-08
    "BPM.23R5.B1"       11265.48112                 1     32.4173732175 1.48323969742e-08       30.95463855       24.90991771     33.1950415559 1.51882149929e-08
    "BPM.24R5.B1"        11318.9326                 1     184.873075561 1.48323969742e-08       179.3850505       25.04934331     189.308041235 1.51882149929e-08
    "BPM.25R5.B1"       11372.38408                 1     37.0271024778 1.48323969742e-08       36.26442062       25.15508881      37.915354745 1.51882149929e-08
    "BPM.26R5.B1"       11425.83557                 1      173.29619427 1.48323969742e-08       165.2599516       25.28754666     177.453439292 1.51882149929e-08
    "BPM.27R5.B1"       11479.28705                 1     30.4492515668 1.48323969742e-08       30.95463855       25.40991771     31.1797061509 1.51882149929e-08
    "BPM.28R5.B1"       11532.73854                 1     185.534773507 1.48323969742e-08       179.3850505       25.54934331     189.985612816 1.51882149929e-08
    "BPM.29R5.B1"       11586.19002                 1     37.6032657676 1.48323969742e-08       36.26442062       25.65508881     38.5053397577 1.51882149929e-08
    "BPM.30R5.B1"        11639.6415                 1     165.675413585 1.48323969742e-08       165.2599516       25.78754666     169.649841825 1.51882149929e-08
    "BPM.31R5.B1"       11693.09299                 1      31.150635652 1.48323969742e-08       30.95463855       25.90991771     31.8979159114 1.51882149929e-08
    "BPM.32R5.B1"       11746.54447                 1      184.19169467 1.48323969742e-08       179.3850505       26.04934331     188.610314531 1.51882149929e-08
    "BPM.33R5.B1"       11799.99596                 1     35.7197371278 1.48323969742e-08       36.26442062       26.15508881     36.5766266861 1.51882149929e-08
    "BPM.34R5.B1"       11853.44744                 1     155.142292159 1.48323969742e-08       165.2599516       26.28754666     158.864038759 1.51882149929e-08
    "BPM.33L6.B1"       11906.89893                 1     33.2267756547 1.48323969742e-08       30.95463855       26.40991771     34.0238609472 1.51882149929e-08
    "BPM.32L6.B1"       11960.35041                 1     187.535885019 1.48323969742e-08       179.3850505       26.54934331     192.034729484 1.51882149929e-08
    "BPM.31L6.B1"       12013.80189                 1     39.8040481942 1.48323969742e-08       36.26442062       26.65508881     40.7589172951 1.51882149929e-08
    "BPM.30L6.B1"       12067.25338                 1     167.886597553 1.48323969742e-08       165.2599516       26.78754666     171.914070429 1.51882149929e-08
    "BPM.29L6.B1"       12120.70486                 1     29.9916422679 1.48323969742e-08       30.95463855       26.90991771       30.71111915 1.51882149929e-08
    "BPM.28L6.B1"       12174.15635                 1     200.863553734 1.48323969742e-08       179.3850505       27.04934331     205.682118922 1.51882149929e-08
    "BPM.27L6.B1"       12227.60783                 1     38.1970114358 1.48323969742e-08       36.26442062       27.15508881     39.1133289367 1.51882149929e-08
    "BPM.26L6.B1"       12281.05931                 1     160.995158427 1.48323969742e-08       165.2599516       27.28754666     164.857310876 1.51882149929e-08
    "BPM.25L6.B1"        12334.5108                 1     33.2660953062 1.48323969742e-08       30.95463855       27.40991771     34.0641238474 1.51882149929e-08
    "BPM.24L6.B1"       12387.96228                 1     193.015699185 1.48323969742e-08       179.3850505       27.54934331      197.64600026 1.51882149929e-08
    "BPM.23L6.B1"       12441.41377                 1     37.5290558075 1.48323969742e-08       36.26442062       27.65508881     38.4293495566 1.51882149929e-08
    "BPM.22L6.B1"       12494.86525                 1     168.614094423 1.48323969742e-08       165.2599516       27.78754666     172.659019401 1.51882149929e-08
    "BPM.21L6.B1"       12548.31673                 1     31.5550703643 1.48323969742e-08       30.95463855       27.90991771     32.3120527074 1.51882149929e-08
    "BPM.20L6.B1"       12601.76822                 1     189.499102919 1.48323969742e-08       179.3858909       28.04934288     194.045043501 1.51882149929e-08
    "BPM.19L6.B1"        12655.2197                 1     34.9276125394 1.48323969742e-08       36.26713947       28.15508346     35.7654996262 1.51882149929e-08
    "BPM.18L6.B1"       12708.67119                 1     161.574963014 1.48323969742e-08        165.262063       28.28753366     165.451024537 1.51882149929e-08
    "BPM.17L6.B1"       12762.12267                 1     33.1303639628 1.48323969742e-08       30.95447878       28.40990417     33.9251364115 1.51882149929e-08
    "BPM.16L6.B1"       12815.57415                 1      190.82617672 1.48323969742e-08        179.383885        28.5493309     195.403952803 1.51882149929e-08
    "BPM.15L6.B1"       12869.02564                 1     37.4398575312 1.48323969742e-08        36.2672992       28.65507191     38.3380114809 1.51882149929e-08
    "BPM.14L6.B1"       12922.47712                 1     166.613638425 1.48323969742e-08       165.2640689       28.78752066     170.610573972 1.51882149929e-08
    "BPM.13L6.B1"       12975.92861                 1     31.5717053843 1.48323969742e-08       30.95431908       28.90989063     32.3290867891 1.51882149929e-08
    "BPM.12L6.B1"       13029.38009                 1     187.312267584 1.48323969742e-08       179.9765749       29.04901881     191.805747636 1.51882149929e-08
    "BPM.11L6.B1"       13082.83158                 1     31.6791525382 1.48323969742e-08       30.15913995       29.16683987     32.4391115192 1.51882149929e-08
    "BPM.10L6.B1"       13134.67226                 1     164.984406011 1.48323969742e-08       163.3486252       29.31201997       168.9422575 1.51882149929e-08
     "BPM.9L6.B1"       13173.73925                 1     17.4357833437 1.48323969742e-08       15.54383698       29.43437245     17.8540546382 1.51882149929e-08
     "BPM.8L6.B1"       13214.20424                 1     144.329680931 1.48323969742e-08       141.2600439       29.65356784     147.792041141 1.51882149929e-08
   "BPMYA.5L6.B1"       13311.29423                 1     167.021099167 1.48323969742e-08       173.5885274       29.75110552     171.027809389 1.51882149929e-08
   "BPMYB.4L6.B1"       13347.69423                 1     545.490904209 1.48323969742e-08        589.428629       29.77026231      558.57681966 1.51882149929e-08
   "BPMSE.4L6.B1"       13476.94473                 1      211.79476531 1.48323969742e-08       236.5153648       29.82395893     216.875562021 1.51882149929e-08
   "BPMSA.4R6.B1"       13568.51473                 1     115.066705503 1.48323969742e-08       121.7422348       29.91467846     117.827068999 1.51882149929e-08
   "BPMYA.4R6.B1"       13691.29423                 1      186.30412605 1.48323969742e-08       195.5239563       30.06115376     190.773421547 1.51882149929e-08
   "BPMYB.5R6.B1"       13727.69423                 1      623.67706681 1.48323969742e-08       659.3114758       30.07810951     638.638609343 1.51882149929e-08
     "BPM.8R6.B1"       13823.42122                 1     25.0702827562 1.48323969742e-08       22.45803312       30.21073099     25.6716999346 1.51882149929e-08
    "BPM.10R6.B1"        13902.9532                 1     24.5718284994 1.48323969742e-08        28.4402815       30.49070184     25.1612881361 1.51882149929e-08
    "BPM.11R6.B1"       13954.79389                 1     201.341524248 1.48323969742e-08       192.9538073       30.63075208     206.171555588 1.51882149929e-08
    "BPM.12R6.B1"       14009.52037                 1     38.9660509999 1.48323969742e-08       34.63275591       30.73795226     39.9008171801 1.51882149929e-08
    "BPM.13R6.B1"       14062.97186                 1     162.082774583 1.48323969742e-08       156.3547172       30.87983371     165.971018123 1.51882149929e-08
    "BPM.14R6.B1"       14116.42334                 1     34.5328898744 1.48323969742e-08        31.8047457       31.00424465     35.3613078621 1.51882149929e-08
    "BPM.15R6.B1"       14169.87483                 1     197.622125843 1.48323969742e-08       191.1761856       31.13557089      202.36293162 1.51882149929e-08
    "BPM.16R6.B1"       14223.32631                 1     31.2486476855 1.48323969742e-08       30.70117636       31.24779858     31.9982791797 1.51882149929e-08
    "BPM.17R6.B1"       14276.77779                 1     173.924224482 1.48323969742e-08       157.6319651       31.40177809     178.096535476 1.51882149929e-08
    "BPM.19R6.B1"       14383.68076                 1     193.496599095 1.48323969742e-08       189.2269245       31.65365725     198.138436597 1.51882149929e-08
    "BPM.20R6.B1"       14437.13225                 1     28.4476330876 1.48323969742e-08       29.93590822       31.76832623     29.1300703537 1.51882149929e-08
    "BPM.21R6.B1"       14490.58373                 1     159.585438909 1.48323969742e-08       160.0740134       31.92345439     163.413773249 1.51882149929e-08
    "BPM.22R6.B1"       14544.03522                 1     32.4183458111 1.48323969742e-08       33.32334608       32.04243857     33.1960374812 1.51882149929e-08
    "BPM.23R6.B1"        14597.4867                 1      197.93514435 1.48323969742e-08       184.8534027       32.17262135     202.683459205 1.51882149929e-08
    "BPM.24R6.B1"       14650.93818                 1     32.4593024617 1.48323969742e-08       30.92749836       32.28668133      33.237976651 1.51882149929e-08
    "BPM.25R6.B1"       14704.38967                 1      163.72646122 1.48323969742e-08       161.4712771       32.43707934     167.654135563 1.51882149929e-08
    "BPM.26R6.B1"       14757.84115                 1     35.4782807175 1.48323969742e-08       33.70641718       32.55462552     36.3293779186 1.51882149929e-08
    "BPM.27R6.B1"       14811.29264                 1     188.835400039 1.48323969742e-08       183.3796212       32.68451789      193.36541889 1.51882149929e-08
    "BPM.29R6.B1"        14918.1956                 1     168.971701334 1.48323969742e-08       163.0849679       32.95058052     173.025205031 1.51882149929e-08
    "BPM.30R6.B1"       14971.64709                 1     34.9948228578 1.48323969742e-08       34.05166226       33.06668118     35.8343222694 1.51882149929e-08
    "BPM.31R6.B1"       15025.09857                 1     183.557654472 1.48323969742e-08       181.6363264       33.19651952     187.961064186 1.51882149929e-08
    "BPM.33R6.B1"       15132.00154                 1     174.779399413 1.48323969742e-08       164.9467339       33.46393838     178.972225408 1.51882149929e-08
    "BPM.34R6.B1"       15185.45302                 1     37.1730490228 1.48323969742e-08       34.35027631       33.57862311     38.0648024376 1.51882149929e-08
    "BPM.33L7.B1"       15238.90451                 1     187.188145916 1.48323969742e-08       179.6679787       33.70864472     191.678648382 1.51882149929e-08
    "BPM.32L7.B1"       15292.35599                 1     31.7912498264 1.48323969742e-08       29.96685266       33.82697824     32.5538979367 1.51882149929e-08
    "BPM.31L7.B1"       15345.80748                 1      175.39374094 1.48323969742e-08       167.0090932         33.977138     179.601304525 1.51882149929e-08
    "BPM.30L7.B1"       15399.25896                 1     35.5258780866 1.48323969742e-08       34.59464356       34.09047077     36.3781171127 1.51882149929e-08
    "BPM.29L7.B1"       15452.71045                 1     177.551926985 1.48323969742e-08       177.5247783       34.22090981     181.811263826 1.51882149929e-08
    "BPM.28L7.B1"       15506.16193                 1     31.5314358638 1.48323969742e-08       29.75203902       34.34066048     32.2878512331 1.51882149929e-08
    "BPM.27L7.B1"       15559.61341                 1     175.988084347 1.48323969742e-08        169.219448       34.49016954     180.209905783 1.51882149929e-08
    "BPM.26L7.B1"        15613.0649                 1     36.6796501762 1.48323969742e-08       34.77853176       34.60224513     37.5595673247 1.51882149929e-08
    "BPM.25L7.B1"       15666.51638                 1       195.2291819 1.48323969742e-08       175.2613847       34.73332844     199.912582756 1.51882149929e-08
    "BPM.24L7.B1"       15719.96787                 1     27.6398629373 1.48323969742e-08        29.6002506        34.8544274     28.3029224066 1.51882149929e-08
    "BPM.23L7.B1"       15773.41935                 1     173.313244374 1.48323969742e-08       171.5214261       35.00302814     177.470898416 1.51882149929e-08
    "BPM.22L7.B1"       15826.87083                 1     37.4412000822 1.48323969742e-08       34.89725107       35.11396824     38.3393862387 1.51882149929e-08
    "BPM.21L7.B1"       15880.32232                 1     174.629234115 1.48323969742e-08       172.9355227       35.24591111     178.818457758 1.51882149929e-08
    "BPM.20L7.B1"        15933.7738                 1     29.6603522969 1.48323969742e-08       28.00243639       35.37236911     30.3718817823 1.51882149929e-08
    "BPM.19L7.B1"       15987.22529                 1     179.133033102 1.48323969742e-08       177.6433068       35.52323758     183.430299486 1.51882149929e-08
    "BPM.18L7.B1"       16040.67677                 1     37.7322225979 1.48323969742e-08       34.93468363       35.63177674     38.6373901651 1.51882149929e-08
    "BPM.17L7.B1"       16094.12825                 1     171.015341254 1.48323969742e-08        168.226346        35.7660901     175.117870332 1.51882149929e-08
    "BPM.16L7.B1"       16147.57974                 1     28.4847468379 1.48323969742e-08       28.08579987        35.8945703     29.1680744349 1.51882149929e-08
    "BPM.15L7.B1"       16201.03122                 1     182.861208892 1.48323969742e-08       182.2056069       36.04236317     187.247911402 1.51882149929e-08
    "BPM.14L7.B1"       16254.48271                 1     38.1318259664 1.48323969742e-08       34.74449797       36.14962713     39.0465797171 1.51882149929e-08
    "BPM.13L7.B1"       16307.93419                 1     168.986401266 1.48323969742e-08       163.8820808       36.28682206     173.040257604 1.51882149929e-08
    "BPM.12L7.B1"       16361.38567                 1     35.4748911967 1.48323969742e-08       33.43099641       36.40396499     36.3259070857 1.51882149929e-08
    "BPM.11L7.B1"       16414.83716                 1     182.971955412 1.48323969742e-08       182.4026106       36.53504529     187.361314648 1.51882149929e-08
    "BPM.10L7.B1"       16467.61985                 1     51.3824960089 1.48323969742e-08       51.55625808        36.6212456     52.6151233419 1.51882149929e-08
     "BPM.9L7.B1"       16506.68684                 1     188.795207262 1.48323969742e-08       175.6909606       36.69511988     193.324261918 1.51882149929e-08
     "BPM.7L7.B1"       16586.21782                 1     123.363815298 1.48323969742e-08       125.2656564        36.8344051     126.323220201 1.51882149929e-08
     "BPM.6L7.B1"       16621.03582                 1     48.2475293101 1.48323969742e-08        45.9751557       36.90577333     49.4049511559 1.51882149929e-08
   "BPMWC.6L7.B1"       16633.13832                 1     39.5555808775 1.48323969742e-08       47.05357784       36.95036354     40.5044894348 1.51882149929e-08
   "BPMWE.5L7.B1"       16710.19232                 1     311.851670838 1.48323969742e-08       330.2868589       37.05641054     319.332757262 1.51882149929e-08
    "BPMW.5L7.B1"       16733.39732                 1     279.844551767 1.48323969742e-08       303.0192869       37.06723013      286.55781154 1.51882149929e-08
   "BPMWE.4L7.B1"       16768.48232                 1     92.2562478298 1.48323969742e-08       100.8602164       37.09938938     94.4694056471 1.51882149929e-08
    "BPMW.4L7.B1"       16796.58732                 1     51.7378020268 1.48323969742e-08       58.68994804       37.16463742     52.9789528832 1.51882149929e-08
    "BPMW.4R7.B1"       16912.63432                 1     340.026018859 1.48323969742e-08       353.8206897       37.31363667     348.182986647 1.51882149929e-08
   "BPMWE.4R7.B1"       16940.73932                 1     276.283582547 1.48323969742e-08       296.7412916       37.32643837     282.911417354 1.51882149929e-08
    "BPMW.5R7.B1"       16975.82432                 1     87.4728904985 1.48323969742e-08       85.61461859       37.36176074     89.5712991804 1.51882149929e-08
   "BPMWE.5R7.B1"       16999.02932                 1     42.0741642351 1.48323969742e-08       44.36348662       37.42816614      43.083491708 1.51882149929e-08
    "BPMR.6R7.B1"       17078.24482                 1     180.777583932 1.48323969742e-08       182.7988004       37.59927807     185.114301851 1.51882149929e-08
   "BPM_A.7R7.B1"       17116.28082                 1     57.3692948489 1.48323969742e-08       62.08670576       37.65134073     58.7455409716 1.51882149929e-08
     "BPM.8R7.B1"       17155.34681                 1     145.911232474 1.48323969742e-08       136.6250496       37.72810681     149.411532913 1.51882149929e-08
     "BPM.9R7.B1"        17194.4138                 1     42.7966836268 1.48323969742e-08       42.14203665       37.80860272     43.8233437951 1.51882149929e-08
    "BPM.10R7.B1"       17234.87878                 1     169.939783547 1.48323969742e-08         160.96515       37.90081838     174.016510806 1.51882149929e-08
    "BPM.11R7.B1"       17287.66147                 1     36.1317365393 1.48323969742e-08       34.73345448       38.01474782     36.9985096529 1.51882149929e-08
    "BPM.12R7.B1"       17342.38796                 1     197.962730677 1.48323969742e-08        186.964359       38.14353274     202.711707307 1.51882149929e-08
    "BPM.13R7.B1"       17395.83944                 1     32.9878471246 1.48323969742e-08       31.85074271       38.25487886     33.7792007018 1.51882149929e-08
    "BPM.14R7.B1"       17449.29093                 1     169.809720939 1.48323969742e-08       160.8438246       38.40257288     173.883328095 1.51882149929e-08
    "BPM.15R7.B1"       17502.74241                 1     33.3273280835 1.48323969742e-08       31.17121992       38.52626557     34.1268255529 1.51882149929e-08
    "BPM.16R7.B1"       17556.19389                 1     183.697788575 1.48323969742e-08       186.0442378       38.66177907     188.104560001 1.51882149929e-08
    "BPM.17R7.B1"       17609.64538                 1     33.5318025232 1.48323969742e-08       31.27724607       38.77459285     34.3362051802 1.51882149929e-08
    "BPM.18R7.B1"       17663.09686                 1     170.895015824 1.48323969742e-08       161.2476391       38.92395162     174.994658385 1.51882149929e-08
    "BPM.19R7.B1"       17716.54835                 1      32.037230113 1.48323969742e-08       31.74101821       39.04604617     32.8057791049 1.51882149929e-08
    "BPM.20R7.B1"       17769.99983                 1     178.591452951 1.48323969742e-08       185.2536703       39.18031074     182.875727236 1.51882149929e-08
    "BPM.21R7.B1"       17823.45131                 1      32.410876884 1.48323969742e-08       30.71468124       39.29466867     33.1883893802 1.51882149929e-08
    "BPM.22R7.B1"        17876.9028                 1     176.105817536 1.48323969742e-08       162.4126292       39.44522624     180.330463301 1.51882149929e-08
    "BPM.23R7.B1"       17930.35428                 1     35.1531490866 1.48323969742e-08       33.91862896       39.56190136     35.9964466251 1.51882149929e-08
    "BPM.24R7.B1"       17983.80577                 1     185.919825987 1.48323969742e-08       182.3572211       39.69173576     190.379902415 1.51882149929e-08
    "BPM.25R7.B1"       18037.25725                 1     32.5819520462 1.48323969742e-08       30.36276624       39.80804768     33.3635685065 1.51882149929e-08
    "BPM.26R7.B1"       18090.70874                 1     165.389810912 1.48323969742e-08       164.1803692       39.95864306      169.35738776 1.51882149929e-08
    "BPM.27R7.B1"       18144.16022                 1    0.258710514006 1.48323969742e-08       34.23670912       40.07388659    0.264916784149 1.51882149929e-08
    "BPM.28R7.B1"        18197.6117                 1     198.676335308 1.48323969742e-08       180.4734015       40.20380984     203.442430775 1.51882149929e-08
    "BPM.29R7.B1"       18251.06319                 1     29.9790431678 1.48323969742e-08       30.06942553        40.3215681      30.698217807 1.51882149929e-08
    "BPM.30R7.B1"       18304.51467                 1     173.701491994 1.48323969742e-08        166.168238       40.47190704     177.868459803 1.51882149929e-08
    "BPM.31R7.B1"       18357.96616                 1      36.422341235 1.48323969742e-08       34.50343706       40.58576963      37.296085736 1.51882149929e-08
    "BPM.32R7.B1"       18411.41764                 1     183.503875419 1.48323969742e-08       178.3941783       40.71601756     187.905995014 1.51882149929e-08
    "BPM.33R7.B1"       18464.86912                 1     38.8194244155 1.48323969742e-08        29.8310137       40.83520879     39.7506731344 1.51882149929e-08
    "BPM.34R7.B1"       18518.32061                 1     172.427152883 1.48323969742e-08       168.3255375        40.9850063     176.563550258 1.51882149929e-08
    "BPM.33L8.B1"       18571.77209                 1     35.3612273722 1.48323969742e-08       34.71201024       41.09757088     36.2095165519 1.51882149929e-08
    "BPM.32L8.B1"       18625.22358                 1      169.80778592 1.48323969742e-08       176.1725792       41.22837369     173.881346657 1.51882149929e-08
    "BPM.31L8.B1"       18678.67506                 1     30.1382067238 1.48323969742e-08       29.65361114       41.34894502     30.8611995766 1.51882149929e-08
    "BPM.30L8.B1"       18732.12654                 1     171.551706782 1.48323969742e-08       170.5972487       41.49793403     175.667102865 1.51882149929e-08
    "BPM.29L8.B1"       18785.57803                 1      37.241204137 1.48323969742e-08       34.85710927         41.609312     38.1345925415 1.51882149929e-08
    "BPM.28L8.B1"       18839.02951                 1      171.32396962 1.48323969742e-08       173.8652633       41.74089004      175.43390246 1.51882149929e-08
    "BPM.27L8.B1"         18892.481                 1     29.9405422716 1.48323969742e-08       29.54174226       41.86274851     30.6587933032 1.51882149929e-08
    "BPM.26L8.B1"       18945.93248                 1     181.638742717 1.48323969742e-08       172.9254346       42.01068828     185.996119186 1.51882149929e-08
    "BPM.25L8.B1"       18999.38397                 1     36.4385253383 1.48323969742e-08       34.93503359       42.12101552     37.3126580838 1.51882149929e-08
    "BPM.24L8.B1"       19052.83545                 1     171.468010939 1.48323969742e-08       171.5310756       42.25357495     175.581399221 1.51882149929e-08
    "BPM.23L8.B1"       19106.28693                 1     29.5709022766 1.48323969742e-08       29.49826014       42.37658839     30.2802859235 1.51882149929e-08
    "BPM.22L8.B1"       19159.73842                 1     188.189807656 1.48323969742e-08       175.2507177       42.52327171     192.704339232 1.51882149929e-08
    "BPM.21L8.B1"        19213.1899                 1     37.3156876599 1.48323969742e-08       34.94379584       42.63270448      38.210862868 1.51882149929e-08
    "BPM.20L8.B1"       19266.64139                 1     180.612721442 1.48323969742e-08       170.6395677       42.76573053     184.945484434 1.51882149929e-08
    "BPM.19L8.B1"       19320.09287                 1      27.458309696 1.48323969742e-08       28.01976726       42.89322839     28.1170138399 1.51882149929e-08
    "BPM.18L8.B1"       19373.54435                 1     193.949596366 1.48323969742e-08       179.8778621       43.04265712     198.602300931 1.51882149929e-08
    "BPM.17L8.B1"       19426.99584                 1     35.2452762135 1.48323969742e-08       34.86439403       43.15052168     36.0907838122 1.51882149929e-08
    "BPM.16L8.B1"       19480.44732                 1      175.11305982 1.48323969742e-08       166.0768309       43.28617732     179.313890076 1.51882149929e-08
    "BPM.15L8.B1"       19533.89881                 1     27.6451665141 1.48323969742e-08       28.20592487       43.41537505     28.3083532123 1.51882149929e-08
    "BPM.14L8.B1"       19587.35029                 1     195.296682323 1.48323969742e-08       184.2253439       43.56155801     199.981702463 1.51882149929e-08
    "BPM.13L8.B1"       19640.80177                 1     35.3149803108 1.48323969742e-08       34.57438413       43.66843422     36.1621600583 1.51882149929e-08
    "BPM.12L8.B1"       19694.25326                 1      163.10070846 1.48323969742e-08       162.1984555       43.80706074     167.013371466 1.51882149929e-08
    "BPM.11L8.B1"       19747.70474                 1     29.4381238335 1.48323969742e-08       31.68741996       43.92890662     30.1443222257 1.51882149929e-08
    "BPM.10L8.B1"       19799.54543                 1     183.418769747 1.48323969742e-08       174.4318474       44.06223292     187.818847721 1.51882149929e-08
     "BPM.9L8.B1"       19838.61242                 1     53.5509678109 1.48323969742e-08       52.56137068       44.12347982     54.8356151473 1.51882149929e-08
     "BPM.8L8.B1"       19879.07741                 1     153.970475275 1.48323969742e-08        155.662235       44.20835684     157.664110872 1.51882149929e-08
     "BPM.7L8.B1"        19918.1454                 1     23.3872682501 1.48323969742e-08       23.77664533       44.30709437     23.9483111797 1.51882149929e-08
    "BPMR.6L8.B1"        19950.6144                 1     66.3059389605 1.48323969742e-08       68.37271868       44.45172553     67.8965684365 1.51882149929e-08
     "BPM.5L8.B1"        20011.0334                 1     65.1769013022 1.48323969742e-08       66.13705855       44.72456585     66.7404460161 1.51882149929e-08
   "BPMYB.4L8.B1"        20031.8004                 1      194.33870638 1.48323969742e-08       222.7645034       44.75193053       199.0007454 1.51882149929e-08
   "BPMWB.4L8.B1"        20056.1919                 1     243.026288394 1.48323969742e-08       281.0053314        44.7663835     248.856305792 1.51882149929e-08
   "BPMSX.4L8.B1"        20106.4249                 1      229.32795673 1.48323969742e-08       319.2272314       44.79320354     234.829361482 1.51882149929e-08
    "BPMS.2L8.B1"        20144.3364                 1     464.833521146 1.48323969742e-08       497.4210596       44.80744487     475.984526798 1.51882149929e-08
   "BPMSW.1L8.B1"        20154.2704                 1     138.472189025 1.48323969742e-08       149.1743582       44.81396197     141.794032421 1.51882149929e-08
   "BPMSW.1R8.B1"        20197.4604                 1      152.08514579 1.48323969742e-08       155.4434362       45.26819284     155.733553754 1.51882149929e-08
    "BPMS.2R8.B1"        20207.3944                 1     181.751789253 1.48323969742e-08       190.6957642       45.27631999     186.111877622 1.51882149929e-08
   "BPMSX.4R8.B1"        20245.3059                 1     496.166258837 1.48323969742e-08       544.2948179       45.29234473     508.068913239 1.51882149929e-08
   "BPMWB.4R8.B1"        20295.4629                 1     176.333115932 1.48323969742e-08       213.8318977       45.31582891     180.563214414 1.51882149929e-08
   "BPMYB.4R8.B1"        20319.9304                 1     125.699888687 1.48323969742e-08       136.9429481       45.34031598     128.715334229 1.51882149929e-08
   "BPMYB.5R8.B1"        20340.5074                 1      165.43364329 1.48323969742e-08       179.4702428       45.36126632     169.402271643 1.51882149929e-08
     "BPM.6R8.B1"        20424.6154                 1     45.7483799883 1.48323969742e-08       46.19667213       45.60300575     46.8458491265 1.51882149929e-08
   "BPM_A.7R8.B1"        20446.8554                 1     175.403727076 1.48323969742e-08       174.5797427       45.64283436      179.61153022 1.51882149929e-08
     "BPM.8R8.B1"       20488.29241                 1     16.8337507815 1.48323969742e-08       16.70379711       45.75422192     17.2375797688 1.51882149929e-08
     "BPM.9R8.B1"       20527.35742                 1     114.605559837 1.48323969742e-08       114.0142002       45.98449066     117.354860796 1.51882149929e-08
    "BPM.10R8.B1"       20567.82043                 1     29.5664557415 1.48323969742e-08       26.72543439       46.09277457     30.2757327194 1.51882149929e-08
    "BPM.11R8.B1"       20619.65914                 1     179.263338855 1.48323969742e-08       184.2047037       46.24489157     183.563731176 1.51882149929e-08
    "BPM.12R8.B1"       20674.38266                 1     38.3896855952 1.48323969742e-08       40.00840998       46.34619626     39.3106252039 1.51882149929e-08
    "BPM.13R8.B1"       20727.83117                 1     165.803743391 1.48323969742e-08       165.7790188       46.47015232     169.781250166 1.51882149929e-08
    "BPM.14R8.B1"       20781.27969                 1     36.2037708401 1.48323969742e-08       35.90292924       46.58178842     37.0722720022 1.51882149929e-08
    "BPM.15R8.B1"       20834.72821                 1     116.735298503 1.48323969742e-08       179.2139814       46.70825849     119.535690287 1.51882149929e-08
    "BPM.16R8.B1"       20888.17672                 1     33.4615869418 1.48323969742e-08       31.32422911       46.82377119       34.26430518 1.51882149929e-08
    "BPM.17R8.B1"       20941.62524                 1     174.409244653 1.48323969742e-08        165.399637       46.97010109     178.593190915 1.51882149929e-08
    "BPM.18R8.B1"       20995.07375                 1     35.3853739048 1.48323969742e-08       35.90190156       47.08174312     36.2342423415 1.51882149929e-08
    "BPM.19R8.B1"       21048.52227                 1     184.582391388 1.48323969742e-08       179.2218085       47.20821196     189.010383768 1.51882149929e-08
    "BPM.20R8.B1"       21101.97079                 1     31.8062460006 1.48323969742e-08       31.32525722       47.32371926     32.5692538578 1.51882149929e-08
    "BPM.21R8.B1"        21155.4193                 1     159.562951999 1.48323969742e-08       165.3918112       47.47005067     163.390746895 1.51882149929e-08
    "BPM.22R8.B1"       21208.86782                 1     24.4997857679 1.48323969742e-08       35.90087302        47.5816978     25.0875171538 1.51882149929e-08
    "BPM.23R8.B1"       21262.31633                 1     181.115454524 1.48323969742e-08       179.2286504       47.70816586     185.460277704 1.51882149929e-08
    "BPM.24R8.B1"       21315.76485                 1     31.7947583385 1.48323969742e-08       31.32387905       47.82367352     32.5574906154 1.51882149929e-08
    "BPM.25R8.B1"       21369.21337                 1     171.025676957 1.48323969742e-08       165.3858946       47.97001324     175.128453981 1.51882149929e-08
    "BPM.26R8.B1"       21422.66188                 1     37.0443945867 1.48323969742e-08       35.90010886       48.08166417     37.9330616785 1.51882149929e-08
    "BPM.27R8.B1"        21476.1104                 1     180.344340822 1.48323969742e-08       179.2344606       48.20813132     184.670665565 1.51882149929e-08
    "BPM.29R8.B1"       21583.00743                 1     164.673497644 1.48323969742e-08       165.3800851        48.4699758     168.623890676 1.51882149929e-08
    "BPM.30R8.B1"       21636.45594                 1     36.7249341066 1.48323969742e-08       35.89934424       48.58163053     37.6059375824 1.51882149929e-08
    "BPM.31R8.B1"       21689.90446                 1     178.331041532 1.48323969742e-08       179.2402694       48.70809678     182.609068743 1.51882149929e-08
    "BPM.32R8.B1"       21743.35298                 1     32.6151026009 1.48323969742e-08        31.3254083       48.82359642      33.397514318 1.51882149929e-08
    "BPM.33R8.B1"       21796.80149                 1      165.47759964 1.48323969742e-08        165.374277       48.96993837     169.447282473 1.51882149929e-08
    "BPM.34R8.B1"       21850.25001                 1     37.6271743224 1.48323969742e-08       35.89857914       49.08159689     38.5298218606 1.51882149929e-08
    "BPM.33L1.B1"       21903.69852                 1     174.811696469 1.48323969742e-08       179.2460767       49.20806224     179.005297246 1.51882149929e-08
    "BPM.32L1.B1"       21957.14704                 1     31.7781733997 1.48323969742e-08       31.32617363       49.32355787     32.5405078164 1.51882149929e-08
    "BPM.31L1.B1"       22010.59556                 1     171.293848424 1.48323969742e-08       165.3684703       49.46990094     175.403058679 1.51882149929e-08
    "BPM.30L1.B1"       22064.04407                 1     37.6748248297 1.48323969742e-08       35.89781358       49.58156325     38.5786154677 1.51882149929e-08
    "BPM.29L1.B1"       22117.49259                 1      184.48813001 1.48323969742e-08       179.2518827        49.7080277     188.913861131 1.51882149929e-08
    "BPM.28L1.B1"        22170.9411                 1     32.5289727413 1.48323969742e-08       31.32693943       49.82351932     33.3093182681 1.51882149929e-08
    "BPM.27L1.B1"       22224.38962                 1     175.240774549 1.48323969742e-08       165.3626651        49.9698635     179.444668586 1.51882149929e-08
    "BPM.26L1.B1"       22277.83814                 1     37.0116059486 1.48323969742e-08       35.89704754       50.08152961     37.8994864658 1.51882149929e-08
    "BPM.25L1.B1"       22331.28665                 1     188.440021828 1.48323969742e-08       179.2576872       50.20799317     192.960555853 1.51882149929e-08
    "BPM.24L1.B1"       22384.73517                 1      31.369496989 1.48323969742e-08        31.3277057       50.32348077     32.1220275668 1.51882149929e-08
    "BPM.23L1.B1"       22438.18368                 1     163.699392438 1.48323969742e-08       165.3568613       50.46982606     167.626417421 1.51882149929e-08
    "BPM.22L1.B1"        22491.6322                 1     36.0859377045 1.48323969742e-08       35.89628104       50.58149597     36.9516121385 1.51882149929e-08
    "BPM.21L1.B1"       22545.08071                 1     188.251364488 1.48323969742e-08       179.2634903       50.70795863     192.767372767 1.51882149929e-08
    "BPM.20L1.B1"       22598.52923                 1     31.6002361064 1.48323969742e-08       31.33085575        50.8234369     32.3583019417 1.51882149929e-08
    "BPM.19L1.B1"       22651.97775                 1      168.25169191 1.48323969742e-08        165.349286       50.96977647     172.287923125 1.51882149929e-08
    "BPM.18L1.B1"       22705.42626                 1     35.8878281776 1.48323969742e-08        35.8952652       51.08145141     36.7487501134 1.51882149929e-08
    "BPM.17L1.B1"       22758.87478                 1     178.361018893 1.48323969742e-08         179.27117       51.20791289     182.639765239 1.51882149929e-08
    "BPM.16L1.B1"       22812.32329                 1     33.4351056552 1.48323969742e-08         31.331872       51.32338585     34.2371886272 1.51882149929e-08
    "BPM.15L1.B1"       22865.77181                 1     172.259615688 1.48323969742e-08       165.3416076       51.46972689     176.391993971 1.51882149929e-08
    "BPM.14L1.B1"       22919.22033                 1     37.6049772257 1.48323969742e-08       35.89424855       51.58140685     38.5070922724 1.51882149929e-08
    "BPM.13L1.B1"       22972.66884                 1     183.668577591 1.48323969742e-08       179.2788473       51.70786716     188.074648267 1.51882149929e-08
    "BPM.12L1.B1"       23026.11736                 1     34.0836967049 1.48323969742e-08       35.14385176       51.81568676     34.9013388872 1.51882149929e-08
    "BPM.11L1.B1"       23079.56587                 1     163.888314465 1.48323969742e-08       161.1192213       51.95316619     167.819871545 1.51882149929e-08
    "BPM.10L1.B1"       23132.34658                 1      60.836903302 1.48323969742e-08        61.0834308       52.03787714     62.2963347366 1.51882149929e-08
     "BPM.9L1.B1"        23171.4116                 1     240.028054254 1.48323969742e-08       237.2868492       52.09573524     245.786146276 1.51882149929e-08
     "BPM.8L1.B1"       23211.87461                 1     11.0418231626 1.48323969742e-08        11.4957502       52.21353507     11.3067081739 1.51882149929e-08
    "BPMR.7L1.B1"       23250.94062                 1     183.382284263 1.48323969742e-08        168.908329       52.49132195     187.781486978 1.51882149929e-08
     "BPM.6L1.B1"       23294.12462                 1     7.17805692011 1.48323969742e-08       7.234360215       52.74251801     7.35025309283 1.51882149929e-08
    "BPMR.5L1.B1"       23326.02462                 1     1.42776511581 1.48323969742e-08       157.3345492       52.93124811     1.46201612429 1.51882149929e-08
   "BPMYA.4L1.B1"       23347.14262                 1     310.926828195 1.48323969742e-08       348.6982491        52.9456171     318.385728341 1.51882149929e-08
   "BPMWB.4L1.B1"       23368.27512                 1     712.620051538 1.48323969742e-08       775.0999514       52.95221039     729.715269205 1.51882149929e-08
   "BPMSY.4L1.B1"       23461.05512                 1     4581.37882443 1.48323969742e-08       4918.544457       52.95977594     4691.28264772 1.51882149929e-08
    "BPMS.2L1.B1"       23487.84062                 1     1342.62724083 1.48323969742e-08       1401.817578       52.96151083     1374.83585589 1.51882149929e-08
   "BPMSW.1L1.B1"       23497.79062                 1     1102.83042081 1.48323969742e-08       1114.216932       52.96263271     1129.28649099 1.51882149929e-08
   "BPMSW.1R1.B1"       23540.93362                 1     1042.17404664 1.48323969742e-08       1106.717546       53.45644776     1067.17501614 1.51882149929e-08
    "BPMS.2R1.B1"       23550.89862                 1     3815.09705215 1.48323969742e-08       3704.696295       53.45732655     3906.61835356 1.51882149929e-08
   "BPMSY.4R1.B1"       23577.68412                 1     2337.68234467 1.48323969742e-08       2369.175985       53.45852515     2393.76158133 1.51882149929e-08
   "BPMWB.4R1.B1"       23670.46412                 1     1220.93426021 1.48323969742e-08       1264.054348       53.46706207     1250.22355243 1.51882149929e-08
   "BPMYA.4R1.B1"       23691.59662                 1     988.973199758 1.48323969742e-08       1015.329665       53.46997543     1012.69792106 1.51882149929e-08
     "BPM.5R1.B1"       23719.00462                 1     452.649816684 1.48323969742e-08       444.1600354       53.47657723     463.508544455 1.51882149929e-08
    "BPMR.6R1.B1"       23750.90462                 1     141.265196646 1.48323969742e-08       149.9387752       53.49621618     144.654042189 1.51882149929e-08
   "BPMSX.7R1.B1"       23757.12012                 1     105.955057527 1.48323969742e-08       109.2895351       53.50394691     108.496839459 1.51882149929e-08
   "BPM_A.7R1.B1"       23778.62862                 1     21.8112159911 1.48323969742e-08       22.78487989          53.57487     22.3344506155 1.51882149929e-08
     "BPM.8R1.B1"       23820.06761                 1     127.610603899 1.48323969742e-08        119.882739       53.77348455     130.671886059 1.51882149929e-08
     "BPM.9R1.B1"        23859.1346                 1     42.5489688451 1.48323969742e-08       39.57322314       53.85854105     43.5696865226 1.51882149929e-08
    "BPM.10R1.B1"       23899.59958                 1     161.981845862 1.48323969742e-08       158.3272843       53.95676864     165.867668197 1.51882149929e-08
    "BPM.11R1.B1"       23952.38227                 1     33.8148662125 1.48323969742e-08       33.33756428        54.0724354      34.626059354 1.51882149929e-08
    "BPM.12R1.B1"       24007.10876                 1     176.363529092 1.48323969742e-08       177.8755211       54.20853932     180.594357164 1.51882149929e-08
    "BPM.13R1.B1"       24060.56024                 1      31.000085906 1.48323969742e-08       31.29200574       54.32464999     31.7437545905 1.51882149929e-08
    "BPM.14R1.B1"       24114.01173                 1     169.940672192 1.48323969742e-08       165.5483072       54.47097192      174.01742077 1.51882149929e-08
    "BPM.15R1.B1"       24167.46321                 1     35.5971953538 1.48323969742e-08       35.91933462       54.58252839     36.4511452273 1.51882149929e-08
    "BPM.16R1.B1"       24220.91469                 1     181.097177248 1.48323969742e-08       179.0993427       54.70902234     185.441561969 1.51882149929e-08
    "BPM.17R1.B1"       24274.36618                 1     31.7331092471 1.48323969742e-08       31.30243243       54.82463725     32.4943626088 1.51882149929e-08
    "BPM.18R1.B1"       24327.81766                 1      167.59206439 1.48323969742e-08       165.5462775       54.97095894     171.612471638 1.51882149929e-08
    "BPM.19R1.B1"       24381.26915                 1     35.2876068711 1.48323969742e-08       35.91907352       55.08251673     36.1341299504 1.51882149929e-08
    "BPM.20R1.B1"       24434.72063                 1     186.209136335 1.48323969742e-08       179.1013724       55.20901034       190.6761531 1.51882149929e-08
    "BPM.21R1.B1"       24488.17211                 1     32.0909981325 1.48323969742e-08       31.30269356       55.32462386     32.8608369786 1.51882149929e-08
    "BPM.22R1.B1"        24541.6236                 1     169.207415646 1.48323969742e-08       165.5442479       55.47094596     173.266573953 1.51882149929e-08
    "BPM.23R1.B1"       24595.07508                 1     36.9463065296 1.48323969742e-08       35.91630523        55.5825097      37.832620563 1.51882149929e-08
    "BPM.24R1.B1"       24648.52657                 1     183.081085756 1.48323969742e-08       179.1004074       55.70900999     187.473062946 1.51882149929e-08
    "BPM.25R1.B1"       24701.97805                 1     30.4512326469 1.48323969742e-08        31.3026863       55.82462386     31.1817347555 1.51882149929e-08
    "BPM.26R1.B1"       24755.42954                 1     169.440857939 1.48323969742e-08       165.5442479       55.97094596     173.505616349 1.51882149929e-08
    "BPM.27R1.B1"       24808.88102                 1     36.3876475401 1.48323969742e-08       35.91630523        56.0825097     37.2605597656 1.51882149929e-08
    "BPM.28R1.B1"        24862.3325                 1     177.107339226 1.48323969742e-08       179.1004074       56.20900999     181.356010742 1.51882149929e-08
    "BPM.29R1.B1"       24915.78399                 1     32.3518696905 1.48323969742e-08        31.3026863       56.32462386     33.1279666486 1.51882149929e-08
    "BPM.30R1.B1"       24969.23547                 1     170.128669322 1.48323969742e-08       165.5442479       56.47094596     174.209927809 1.51882149929e-08
    "BPM.31R1.B1"       25022.68696                 1     37.6852622155 1.48323969742e-08       35.91630523        56.5825097     38.5893032386 1.51882149929e-08
    "BPM.32R1.B1"       25076.13844                 1     181.484932319 1.48323969742e-08       179.1004074       56.70900999     185.838618992 1.51882149929e-08
    "BPM.33R1.B1"       25129.58992                 1     35.1481151978 1.48323969742e-08        31.3026863       56.82462386     35.9912919771 1.51882149929e-08
    "BPM.34R1.B1"       25183.04141                 1     173.745718307 1.48323969742e-08       165.5442479       56.97094596     177.913747072 1.51882149929e-08
    "BPM.33L2.B1"       25236.49289                 1     37.0647791121 1.48323969742e-08       35.91630523        57.0825097     37.9539352133 1.51882149929e-08
    "BPM.32L2.B1"       25289.94438                 1     180.982709175 1.48323969742e-08       179.1004074       57.20900999     185.324347893 1.51882149929e-08
    "BPM.31L2.B1"       25343.39586                 1     32.2121935073 1.48323969742e-08        31.3026863       57.32462386     32.9849397391 1.51882149929e-08
    "BPM.30L2.B1"       25396.84734                 1     168.586269696 1.48323969742e-08       165.5442479       57.47094596      172.63052718 1.51882149929e-08
    "BPM.29L2.B1"       25450.29883                 1     37.5147626174 1.48323969742e-08       35.91630523        57.5825097     38.4147134836 1.51882149929e-08
    "BPM.28L2.B1"       25503.75031                 1     186.354640881 1.48323969742e-08       179.1004074       57.70900999      190.82514819 1.51882149929e-08
    "BPM.27L2.B1"        25557.2018                 1     31.8475448885 1.48323969742e-08        31.3026863       57.82462386     32.6115434749 1.51882149929e-08
    "BPM.26L2.B1"       25610.65328                 1     171.083429413 1.48323969742e-08       165.5442479       57.97094596     175.187591875 1.51882149929e-08
    "BPM.25L2.B1"       25664.10477                 1     37.9284955068 1.48323969742e-08       35.91630523        58.0825097     38.8383715131 1.51882149929e-08
    "BPM.24L2.B1"       25717.55625                 1     185.746220148 1.48323969742e-08       179.1004074       58.20900999     190.202131903 1.51882149929e-08
    "BPM.23L2.B1"       25771.00773                 1     30.6676760769 1.48323969742e-08        31.3026863       58.32462386     31.4033705002 1.51882149929e-08
    "BPM.22L2.B1"       25824.45922                 1     166.891653391 1.48323969742e-08       165.5442479       58.47094596     170.895258307 1.51882149929e-08
    "BPM.21L2.B1"        25877.9107                 1     40.3717533469 1.48323969742e-08       35.91630523        58.5825097     41.3402412663 1.51882149929e-08
    "BPM.20L2.B1"       25931.36219                 1     183.502886641 1.48323969742e-08       179.1013897       58.70900956     187.904982516 1.51882149929e-08
    "BPM.19L2.B1"       25984.81367                 1     30.9276832368 1.48323969742e-08        31.3050902       58.82461766     31.6696150359 1.51882149929e-08
    "BPM.18L2.B1"       26038.26515                 1     177.434762084 1.48323969742e-08       165.5423262       58.97093299     181.691288227 1.51882149929e-08
    "BPM.17L2.B1"       26091.71664                 1     35.7297252443 1.48323969742e-08        35.9160441       59.08249804       36.58685441 1.51882149929e-08
    "BPM.16L2.B1"       26145.16812                 1     187.536402587 1.48323969742e-08       179.1034171       59.20899757     192.035259469 1.51882149929e-08
    "BPM.15L2.B1"       26198.61961                 1     32.7123381326 1.48323969742e-08       31.30535136       59.32460428     33.4970824568 1.51882149929e-08
    "BPM.14L2.B1"       26252.07109                 1     173.335387891 1.48323969742e-08       165.5402989       59.47092001     177.493573138 1.51882149929e-08
    "BPM.13L2.B1"       26305.52257                 1     38.1447351185 1.48323969742e-08       35.91578291       59.58248637     39.0597985499 1.51882149929e-08
    "BPM.12L2.B1"       26358.97406                 1     186.340363615 1.48323969742e-08        181.357995       59.70802005     190.810528424 1.51882149929e-08
    "BPM.11L2.B1"       26412.42554                 1     29.3726221498 1.48323969742e-08       28.82302132       59.82869241      30.077249206 1.51882149929e-08
    "BPM.10L2.B1"       26464.26623                 1     175.061358313 1.48323969742e-08       162.6958127       59.97888877     179.260948289 1.51882149929e-08
     "BPM.9L2.B1"       26503.33322                 1     46.1634471152 1.48323969742e-08       44.24993661       60.04812905     47.2708734007 1.51882149929e-08
     "BPM.8L2.B1"       26543.79821                 1     120.325950263 1.48323969742e-08       131.7227629       60.15073079     123.212479075 1.51882149929e-08
     "BPM.7L2.B1"        26582.8662                 1     64.4832377316 1.48323969742e-08       63.31468691       60.21567867     66.0301419796 1.51882149929e-08
    "BPMR.6L2.B1"        26614.9722                 1     201.546512313 1.48323969742e-08        203.011592        60.2622214     206.381461163 1.51882149929e-08