@ GetLLMVersion %s "V3.0.0 Dev"
@ Command %s "/afs/cern.ch/work/o/omc/anaconda/bin/python '/afs/cern.ch/work/e/efol/public/Beta-Beat.src/GetLLM/GetLLM.py' '--accel=LHCB1' '--model=/afs/cern.ch/work/e/efol/public/betabeatGui/temp/2017-12-20/models/LHCB1/Multiturn-model_40cm_2041/twiss.dat' '--files=/afs/cern.ch/work/e/efol/public/betabeatGui/temp/2017-12-20/LHCB1/Measurements/Beam1@Turn@2017_09_11@19_02_33_250_onlydbscan/Beam1@Turn@2017_09_11@19_02_33_250_onlydbscan.sdds' '--output=/afs/cern.ch/work/e/efol/public/betabeatGui/temp/2017-12-20/LHCB1/Results/40cm_cleaned_arcs_with_dbscan_only' '--tbtana=SUSSIX' '--bpmu=mm' '--lhcphase=1' '--errordefs=/afs/cern.ch/work/e/efol/public/betabeatGui/temp/2017-12-20/models/LHCB1/Multiturn-model_40cm_2041/error_deff.txt'"
@ CWD %s "/home/efol/Workspaces/Accsoft-Eclipse-Pro/lhc-app-beta-beating"
@ Date %s "21. December 2017, 13:48:45"
@ Q1 %le 0.309858916597
@ Q2 %le 0.31942165071
@ RMSbetabeat %le 0.100133243197
@ RescalingFactor %le 1.02398924592
@ FILES %s "/afs/cern.ch/work/e/efol/public/betabeatGui/temp/2017-12-20/LHCB1/Measurements/Beam1@Turn@2017_09_11@19_02_33_250_onlydbscan/Beam1@Turn@2017_09_11@19_02_33_250_onlydbscan.sdds.liny"
*            NAME                 S             COUNT              BETY           BETYSTD           BETYMDL            MUYMDL           BETYRES        BETYSTDRES
$              %s               %le               %le               %le               %le               %le               %le               %le               %le
   "BPMYB.5L2.B1"            28.288                 1     38.7965916832 1.48323969742e-08       38.64523318      0.1162609817     39.7272926621 1.51882149929e-08
   "BPMYB.4L2.B1"            48.858                 1     97.9600508697 1.48323969742e-08       101.2136214      0.1696003151     100.310038621 1.51882149929e-08
   "BPMWI.4L2.B1"           73.3255                 1     100.569662504 1.48323969742e-08       104.8860506      0.2045427787     102.982252871 1.51882149929e-08
   "BPMSX.4L2.B1"          123.4825                 1     96.7482606977 1.48323969742e-08       100.2155855      0.2859021958     99.0691785164 1.51882149929e-08
    "BPMS.2L2.B1"           161.394                 1     176.745198675 1.48323969742e-08       173.4189685      0.3294328583     180.985182712 1.51882149929e-08
   "BPMSW.1L2.B1"           171.328                 1     53.7778052573 1.48323969742e-08       56.63204898      0.3473795232     55.0678942529 1.51882149929e-08
   "BPMSW.1R2.B1"           214.518                 1     57.3245942041 1.48323969742e-08        56.6339459      0.7093334983      58.699767992 1.51882149929e-08
    "BPMS.2R2.B1"           224.452                 1     61.8248503446 1.48323969742e-08       63.40233304      0.7327587614     63.3079818838 1.51882149929e-08
   "BPMSX.4R2.B1"          262.3635                 1     165.273097124 1.48323969742e-08       170.5322612      0.7831637028     169.237874096 1.51882149929e-08
   "BPMWB.4R2.B1"          312.5965                 1     77.1490690718 1.48323969742e-08       83.36829239      0.8523756946     78.9998170626 1.51882149929e-08
   "BPMYB.4R2.B1"           336.988                 1      80.318799488 1.48323969742e-08        84.3514057      0.9035045484     82.2455869213 1.51882149929e-08
    "BPMR.5R2.B1"           366.522                 1     169.439446336 1.48323969742e-08       177.6713376      0.9382608249     173.504170883 1.51882149929e-08
     "BPM.6R2.B1"           439.818                 1     39.7016427806 1.48323969742e-08       41.49103593       1.202622917     40.6540552528 1.51882149929e-08
   "BPM_A.7R2.B1"           452.693                 1      100.45769828 1.48323969742e-08       104.5241018       1.233940504     102.867602709 1.51882149929e-08
     "BPM.8R2.B1"       494.1300106                 1     40.2604710972 1.48323969742e-08       37.19868334       1.328247327     41.2262894394 1.51882149929e-08
     "BPM.9R2.B1"       533.1950212                 1      136.60622069 1.48323969742e-08       129.4722727       1.433617497     139.883300913 1.51882149929e-08
    "BPM.10R2.B1"       573.6580318                 1      24.209868823 1.48323969742e-08       23.62376198       1.545209058       24.79064532 1.51882149929e-08
    "BPM.11R2.B1"       625.4967424                 1     187.810252689 1.48323969742e-08       177.7202555       1.717704706     192.315679028 1.51882149929e-08
    "BPM.12R2.B1"       680.2202583                 1     34.0743572988 1.48323969742e-08       31.09611553       1.836418256     34.8917754358 1.51882149929e-08
    "BPM.13R2.B1"       733.6687742                 1     168.832817635 1.48323969742e-08       169.9041625       1.980789832     172.882989617 1.51882149929e-08
    "BPM.14R2.B1"       787.1172901                 1     35.9698252092 1.48323969742e-08       34.91220257       2.092608637      36.832714192 1.51882149929e-08
    "BPM.15R2.B1"        840.565806                 1     176.364965932 1.48323969742e-08       173.2968611       2.224249713     180.595828472 1.51882149929e-08
    "BPM.16R2.B1"       894.0143219                 1     39.2230083283 1.48323969742e-08       36.76838923       2.331482339      40.163938721 1.51882149929e-08
    "BPM.17R2.B1"       947.4628378                 1     170.735720057 1.48323969742e-08        171.291828       2.459722589     174.831541234 1.51882149929e-08
    "BPM.18R2.B1"       1000.911354                 1     35.5632723778 1.48323969742e-08       34.88902532       2.571138337     36.4164084648 1.51882149929e-08
    "BPM.19R2.B1"        1054.35987                 1     173.921031544 1.48323969742e-08       172.1263455       2.703425811     178.093265942 1.51882149929e-08
    "BPM.20R2.B1"       1107.808386                 1     39.0390649015 1.48323969742e-08       36.75915125       2.811106284     39.9755826301 1.51882149929e-08
    "BPM.21R2.B1"       1161.256901                 1     176.558157913 1.48323969742e-08       172.4767374       2.938797872     180.793654983 1.51882149929e-08
    "BPM.22R2.B1"       1214.705417                 1     33.7598705762 1.48323969742e-08       34.93051921       3.049673702     34.5697444138 1.51882149929e-08
    "BPM.23R2.B1"       1268.153933                 1     177.260043976 1.48323969742e-08         172.39216        3.18175462     181.512378764 1.51882149929e-08
    "BPM.24R2.B1"       1321.602449                 1     37.7775487661 1.48323969742e-08       34.92687363       3.292640446     38.6838036739 1.51882149929e-08
    "BPM.25R2.B1"       1375.050965                 1     178.411053622 1.48323969742e-08       172.3981218       3.424727436     182.691000263 1.51882149929e-08
    "BPM.26R2.B1"       1428.499481                 1     36.4559840307 1.48323969742e-08       34.93058331       3.535603889      37.330535597 1.51882149929e-08
    "BPM.27R2.B1"       1481.947997                 1     172.494498316 1.48323969742e-08       172.3937313       3.667683855     176.632511257 1.51882149929e-08
    "BPM.28R2.B1"       1535.396513                 1     35.4232759574 1.48323969742e-08        34.9268385       3.778569141     36.2730536358 1.51882149929e-08
    "BPM.29R2.B1"       1588.845029                 1     184.456878339 1.48323969742e-08       172.3965162       3.910657029     188.881859756 1.51882149929e-08
    "BPM.30R2.B1"       1642.293545                 1     35.2770233438 1.48323969742e-08       34.93058919        4.02153409     36.1232925323 1.51882149929e-08
    "BPM.31R2.B1"        1695.74206                 1     166.932948571 1.48323969742e-08       172.3953586       4.153613221     170.937544127 1.51882149929e-08
    "BPM.32R2.B1"       1749.190576                 1     34.8296038944 1.48323969742e-08       34.92686191       4.264497834     35.6651398277 1.51882149929e-08
    "BPM.33R2.B1"       1802.639092                 1       177.6615984 1.48323969742e-08       172.3948798       4.396586489     181.923566175 1.51882149929e-08
    "BPM.34R2.B1"       1856.087608                 1     9.08956212293 1.48323969742e-08       34.93053667       4.507464282     9.30761386404 1.51882149929e-08
    "BPM.33L3.B1"       1909.536124                 1     171.744700853 1.48323969742e-08       172.3969913       4.639542719     175.864726718 1.51882149929e-08
    "BPM.32L3.B1"        1962.98464                 1     35.6415693107 1.48323969742e-08       34.92694315       4.750426547     36.4965836821 1.51882149929e-08
    "BPM.31L3.B1"       2016.433156                 1     168.385960923 1.48323969742e-08       172.3932637       4.882515816      172.42541315 1.51882149929e-08
    "BPM.30L3.B1"       2069.881672                 1     34.6058491865 1.48323969742e-08       34.93042737       4.993394442     35.4360174131 1.51882149929e-08
    "BPM.29L3.B1"       2123.330188                 1     177.664202892 1.48323969742e-08       172.3985783        5.12547235     181.926233147 1.51882149929e-08
    "BPM.27L3.B1"        2230.22722                 1     185.009825769 1.48323969742e-08       172.3917182       5.368445013     189.448071978 1.51882149929e-08
    "BPM.26L3.B1"       2283.675735                 1      37.263808332 1.48323969742e-08        34.9302647       5.479324546     38.1577389942 1.51882149929e-08
    "BPM.25L3.B1"       2337.124251                 1     188.408877598 1.48323969742e-08       172.4000702       5.611402107     192.928664497 1.51882149929e-08
    "BPM.24L3.B1"       2390.572767                 1     32.4407085562 1.48323969742e-08        34.9272672       5.722284128     33.2189366917 1.51882149929e-08
    "BPM.23L3.B1"       2444.021283                 1      166.23817626 1.48323969742e-08       172.3902915       5.854374089     170.226104752 1.51882149929e-08
    "BPM.22L3.B1"       2497.469799                 1     35.3096040293 1.48323969742e-08       34.93005375       5.965254575     36.1566548038 1.51882149929e-08
    "BPM.21L3.B1"       2550.918315                 1     175.173506663 1.48323969742e-08       172.4014206        6.09733198     179.375786994 1.51882149929e-08
    "BPM.20L3.B1"       2604.366831                 1     38.8229930003 1.48323969742e-08       36.73757379       6.204947961     39.7543273269 1.51882149929e-08
    "BPM.19L3.B1"       2657.815347                 1     173.404955943 1.48323969742e-08       172.1761995       6.332831672     177.564810075 1.51882149929e-08
    "BPM.18L3.B1"       2711.263863                 1     34.8028169122 1.48323969742e-08       34.94210476       6.443801585      35.637710246 1.51882149929e-08
    "BPM.17L3.B1"       2764.712379                 1     174.301514092 1.48323969742e-08       171.2538155        6.57640033     178.482875979 1.51882149929e-08
    "BPM.16L3.B1"       2818.160894                 1     38.1680777526 1.48323969742e-08       36.68170673       6.684541688     39.0837011563 1.51882149929e-08
    "BPM.15L3.B1"        2871.60941                 1     104.795100119 1.48323969742e-08       173.3078953        6.81201147     107.309055548 1.51882149929e-08
    "BPM.14L3.B1"       2925.057926                 1     37.1292010399 1.48323969742e-08       35.02797645       6.922383399     38.0199025747 1.51882149929e-08
    "BPM.13L3.B1"       2978.506442                 1     171.909285431 1.48323969742e-08       170.1575485       7.055330313     176.033259556 1.51882149929e-08
    "BPM.12L3.B1"       3031.954958                 1     36.4431226441 1.48323969742e-08       33.59156211       7.169737579     37.3173656755 1.51882149929e-08
    "BPM.11L3.B1"       3085.403474                 1     185.856150492 1.48323969742e-08       179.5494178       7.301795446     190.314699393 1.51882149929e-08
    "BPM.10L3.B1"       3138.184185                 1      36.357146094 1.48323969742e-08       34.50689136       7.409621911     37.2293266128 1.51882149929e-08
     "BPM.9L3.B1"       3177.249195                 1     112.022297146 1.48323969742e-08        111.608586        7.52721441     114.709627581 1.51882149929e-08
     "BPM.8L3.B1"       3217.712206                 1      15.576811841 1.48323969742e-08       15.18648925       7.693751159      15.950487811 1.51882149929e-08
     "BPM.7L3.B1"       3256.776216                 1     145.721085954 1.48323969742e-08       145.3515986       7.866931697     149.216824921 1.51882149929e-08
     "BPM.6L3.B1"       3329.415216                 1     73.9911995251 1.48323969742e-08       80.21117239       7.986287904     75.7661926068 1.51882149929e-08
  "BPMWG.A5L3.B1"       3371.119716                 1     241.148388453 1.48323969742e-08       258.4111636       8.033061368     246.933356448 1.51882149929e-08
    "BPMW.5L3.B1"       3400.089716                 1     266.717277996 1.48323969742e-08       293.4058189       8.048660806      273.11562437 1.51882149929e-08
   "BPMWE.4L3.B1"       3475.217716                 1     91.9832748867 1.48323969742e-08       97.07790712        8.12208579     94.1898842889 1.51882149929e-08
    "BPMW.4L3.B1"       3502.762716                 1      104.87837368 1.48323969742e-08       118.3475155       8.167712979     107.394326778 1.51882149929e-08
    "BPMW.4R3.B1"       3547.727716                 1     332.321524024 1.48323969742e-08       356.1379191       8.202856154      340.29366679 1.51882149929e-08
   "BPMWE.4R3.B1"       3575.272716                 1     344.566511337 1.48323969742e-08       367.4677756       8.214145088     352.832402115 1.51882149929e-08
    "BPMW.5R3.B1"       3650.400716                 1     72.5630807371 1.48323969742e-08       77.58919075       8.287530793     74.3038143259 1.51882149929e-08
  "BPMWJ.A5R3.B1"       3679.118716                 1     90.8302252384 1.48323969742e-08       87.49877352       8.350892092      93.009173849 1.51882149929e-08
   "BPMWC.6R3.B1"       3718.936716                 1     225.722076069 1.48323969742e-08       233.2218455       8.395849882     231.136978462 1.51882149929e-08
    "BPMR.6R3.B1"       3731.015216                 1     251.799745014 1.48323969742e-08        244.974992        8.40352483     257.840231021 1.51882149929e-08
   "BPM_A.7R3.B1"       3786.839216                 1     74.9044378421 1.48323969742e-08       67.42378392       8.475038195     76.7013388224 1.51882149929e-08
     "BPM.8R3.B1"       3825.903227                 1       185.2405904 1.48323969742e-08       179.5009916       8.537054472     189.684372479 1.51882149929e-08
     "BPM.9R3.B1"       3864.968238                 1     77.4836009186 1.48323969742e-08       72.67252719       8.589817924     79.3423740762 1.51882149929e-08
    "BPM.10R3.B1"       3905.431248                 1     166.442831209 1.48323969742e-08       170.3706474       8.653033727     170.435669219 1.51882149929e-08
    "BPM.11R3.B1"       3958.211959                 1     39.9219393356 1.48323969742e-08       41.73516558       8.754732451     40.8796365561 1.51882149929e-08
    "BPM.12R3.B1"       4012.935475                 1     171.144480493 1.48323969742e-08       162.4919066       8.876804075     175.250107524 1.51882149929e-08
    "BPM.13R3.B1"       4066.383991                 1     39.3091144807 1.48323969742e-08       34.98876353       8.991775721      40.252110495 1.51882149929e-08
    "BPM.14R3.B1"       4119.832506                 1     171.014235159 1.48323969742e-08       174.5302343       9.122466035     175.116737703 1.51882149929e-08
    "BPM.15R3.B1"       4173.281022                 1     35.2676232112 1.48323969742e-08        36.6631262       9.229430697     36.1136668976 1.51882149929e-08
    "BPM.17R3.B1"       4280.178054                 1      37.463154212 1.48323969742e-08       34.95471978       9.470372048     38.3618670316 1.51882149929e-08
    "BPM.18R3.B1"        4333.62657                 1     90.0627156853 1.48323969742e-08       173.5138438       9.601799865     92.2232523205 1.51882149929e-08
    "BPM.19R3.B1"       4387.075086                 1     35.7178190141 1.48323969742e-08        36.7311209       9.709017423     36.5746625583 1.51882149929e-08
    "BPM.20R3.B1"       4440.523602                 1     172.438362651 1.48323969742e-08       171.0402801       9.837463804     176.575028939 1.51882149929e-08
    "BPM.21R3.B1"       4493.972118                 1      40.938422217 1.48323969742e-08       34.91736442       9.948923651     41.9205040954 1.51882149929e-08
    "BPM.22R3.B1"       4547.420634                 1     167.069180049 1.48323969742e-08       172.3935382       10.08100529     171.077043695 1.51882149929e-08
    "BPM.23R3.B1"        4600.86915                 1     35.4236839329 1.48323969742e-08       34.92720164       10.19188996     36.2734713983 1.51882149929e-08
    "BPM.24R3.B1"       4654.317666                 1     171.640486805 1.48323969742e-08       172.3968723       10.32397676     175.758012654 1.51882149929e-08
    "BPM.25R3.B1"       4707.766181                 1     34.4712675999 1.48323969742e-08        34.9302367       10.43485436     35.2982073157 1.51882149929e-08
    "BPM.26R3.B1"       4761.214697                 1     179.717263465 1.48323969742e-08       172.3948421       10.56693462     184.028545095 1.51882149929e-08
    "BPM.27R3.B1"       4814.663213                 1     39.0497097246 1.48323969742e-08       34.92720095       10.67781879     39.9864828144 1.51882149929e-08
    "BPM.28R3.B1"       4868.111729                 1      183.75460331 1.48323969742e-08       172.3955525       10.80990626     188.162737678 1.51882149929e-08
    "BPM.29R3.B1"       4921.560245                 1     34.1815597749 1.48323969742e-08       34.93021368       10.92078441     35.0015496185 1.51882149929e-08
    "BPM.30R3.B1"       4975.008761                 1     171.336368097 1.48323969742e-08       172.3961675       11.05286407     175.446598367 1.51882149929e-08
    "BPM.31R3.B1"       5028.457277                 1     35.8080725514 1.48323969742e-08        34.9272475       11.16374763       36.66708121 1.51882149929e-08
    "BPM.32R3.B1"       5081.905793                 1     170.966393579 1.48323969742e-08       172.3942319       11.29583566     175.067748439 1.51882149929e-08
    "BPM.33R3.B1"       5135.354309                 1     37.3853243847 1.48323969742e-08       34.93014395       11.40671445     38.2821701254 1.51882149929e-08
    "BPM.34R3.B1"       5188.802825                 1     175.142918397 1.48323969742e-08       172.3974729       11.53879362     179.344464939 1.51882149929e-08
    "BPM.33L4.B1"        5242.25134                 1     36.8142882768 1.48323969742e-08       34.92733985       11.64967651     37.6974352918 1.51882149929e-08
    "BPM.32L4.B1"       5295.699856                 1     178.357676389 1.48323969742e-08       172.3929518       11.78176494     182.636342551 1.51882149929e-08
    "BPM.31L4.B1"       5349.148372                 1     35.6279606764 1.48323969742e-08       34.93002971       11.89264445     36.4826485868 1.51882149929e-08
    "BPM.30L4.B1"       5402.596888                 1      185.23144114 1.48323969742e-08       172.3987177       12.02472328     189.675003734 1.51882149929e-08
    "BPM.29L4.B1"       5456.045404                 1     35.5125108356 1.48323969742e-08        34.9274751       12.13560542     36.3644291915 1.51882149929e-08
    "BPM.28L4.B1"        5509.49392                 1     179.606260139 1.48323969742e-08        172.391752       12.26769413     183.914878883 1.51882149929e-08
    "BPM.27L4.B1"       5562.942436                 1     33.6311738833 1.48323969742e-08        34.9298745       12.37857439     34.4379603844 1.51882149929e-08
    "BPM.26L4.B1"       5616.390952                 1     182.313606717 1.48323969742e-08       172.3998631       12.51065303     186.687172664 1.51882149929e-08
    "BPM.25L4.B1"       5669.839468                 1     36.7660395105 1.48323969742e-08       34.92764906        12.6215344      37.648029074 1.51882149929e-08
    "BPM.24L4.B1"       5723.287984                 1     177.237729715 1.48323969742e-08         172.39067       12.75362322     181.489529201 1.51882149929e-08
    "BPM.23L4.B1"         5776.7365                 1     34.5365197889 1.48323969742e-08       34.92968316       12.86450427     35.3650248555 1.51882149929e-08
    "BPM.22L4.B1"       5830.185015                 1     171.921635946 1.48323969742e-08       172.4008733       12.99658287     176.045906351 1.51882149929e-08
    "BPM.21L4.B1"       5883.633531                 1     36.3083506942 1.48323969742e-08       34.92785628       13.10746346     37.1793606481 1.51882149929e-08
    "BPM.20L4.B1"       5937.082047                 1     170.639954977 1.48323969742e-08       170.9451972        13.2402561     174.733478822 1.51882149929e-08
    "BPM.19L4.B1"       5990.530563                 1     36.3209041234 1.48323969742e-08       36.68881019       13.34850102     37.1922152246 1.51882149929e-08
    "BPM.17L4.B1"       6097.427595                 1     34.7892562921 1.48323969742e-08       35.03145393       13.58604195     35.6238243169 1.51882149929e-08
    "BPM.16L4.B1"       6150.876111                 1     176.360608752 1.48323969742e-08       169.8355877       13.71914686     180.591366767 1.51882149929e-08
    "BPM.15L4.B1"       6204.324627                 1     36.9310528439 1.48323969742e-08       36.55662649       13.82804602     37.8170009528 1.51882149929e-08
    "BPM.14L4.B1"       6257.773143                 1       173.7612351 1.48323969742e-08       174.6780453       13.95515061     177.929636101 1.51882149929e-08
    "BPM.13L4.B1"       6311.221659                 1     34.7418437393 1.48323969742e-08       35.18994378       14.06470084     35.5752743727 1.51882149929e-08
    "BPM.12L4.B1"       6364.670174                 1     171.618378781 1.48323969742e-08       169.7550071       14.19746998     175.735374275 1.51882149929e-08
    "BPM.11L4.B1"        6418.11869                 1     40.0839811202 1.48323969742e-08       38.84974355       14.30258266     41.0455656009 1.51882149929e-08
    "BPM.10L4.B1"       6469.957401                 1     174.629694857 1.48323969742e-08       175.3024595         14.419632     178.818929553 1.51882149929e-08
     "BPM.9L4.B1"       6509.022412                 1     52.2613043424 1.48323969742e-08       53.72387578       14.48026195     53.5150136246 1.51882149929e-08
     "BPM.7L4.B1"       6588.549433                 1     86.7930964014 1.48323969742e-08       84.07281104       14.61796582     88.8751973355 1.51882149929e-08
   "BPMYB.6L4.B1"       6685.153433                 1     520.541560265 1.48323969742e-08       566.5931612        14.6956054     533.028959768 1.51882149929e-08
   "BPMYA.5L4.B1"       6722.153433                 1     241.752568378 1.48323969742e-08       246.7046717       14.71069821     247.552030194 1.51882149929e-08
  "BPMWI.A5L4.B1"       6798.755933                 1     196.003167007 1.48323969742e-08       215.0565958       14.76688731     200.705135183 1.51882149929e-08
  "BPMWA.B5L4.B1"       6824.619933                 1     210.995958097 1.48323969742e-08       223.2694205       14.78571677     216.057592025 1.51882149929e-08
  "BPMWA.A5L4.B1"       6833.504933                 1     210.522254158 1.48323969742e-08        227.539923       14.79199225     215.572524286 1.51882149929e-08
  "BPMWA.A5R4.B1"       6881.553933                 1     249.927482263 1.48323969742e-08       263.4769839       14.82342859     255.923054098 1.51882149929e-08
  "BPMWA.B5R4.B1"       6890.438933                 1     252.443341516 1.48323969742e-08       272.4971133       14.82870702     258.499266918 1.51882149929e-08
   "BPMYB.5R4.B1"       6992.829433                 1     372.440902195 1.48323969742e-08       396.0176765       14.87710599      381.37547859 1.51882149929e-08
   "BPMYA.6R4.B1"       7024.393433                 1     146.952548615 1.48323969742e-08       140.9661806       14.89843142     150.477829443 1.51882149929e-08
     "BPM.7R4.B1"       7120.909433                 1     157.537817215 1.48323969742e-08       158.1455156       15.01762451     161.317030655 1.51882149929e-08
     "BPM.8R4.B1"       7158.698443                 1     15.7373128779 1.48323969742e-08       14.53076802       15.14998494     16.1148391467 1.51882149929e-08
     "BPM.9R4.B1"       7197.763454                 1     149.034611234 1.48323969742e-08       143.6414199       15.35269025     152.609839174 1.51882149929e-08
    "BPM.10R4.B1"       7238.226465                 1      43.142051642 1.48323969742e-08       46.24042887       15.42406791     44.1769969285 1.51882149929e-08
    "BPM.11R4.B1"       7290.065175                 1      180.41402145 1.48323969742e-08        179.296869       15.53198227     184.742017779 1.51882149929e-08
    "BPM.12R4.B1"       7344.788691                 1     37.2217423794 1.48323969742e-08        34.9523856       15.64495876     38.1146639111 1.51882149929e-08
    "BPM.13R4.B1"       7398.237207                 1      170.08168196 1.48323969742e-08       171.7501434       15.77719422     174.161813256 1.51882149929e-08
    "BPM.14R4.B1"       7451.685723                 1       34.10858476 1.48323969742e-08       33.49341217       15.89102747      34.926823988 1.51882149929e-08
    "BPM.15R4.B1"       7505.134239                 1     175.327988363 1.48323969742e-08       171.6990416       16.02716683     179.533974593 1.51882149929e-08
    "BPM.16R4.B1"       7558.582755                 1     33.4680224453 1.48323969742e-08       33.49256446       16.14099622     34.2708950663 1.51882149929e-08
    "BPM.17R4.B1"       7612.031271                 1     169.486317275 1.48323969742e-08        171.684774       16.27714552     173.552166221 1.51882149929e-08
    "BPM.18R4.B1"       7665.479786                 1     33.8588668108 1.48323969742e-08       33.49341127        16.3909789     34.6711154934 1.51882149929e-08
    "BPM.19R4.B1"       7718.928302                 1     172.984777574 1.48323969742e-08       171.6990436       16.52711827     177.134551945 1.51882149929e-08
    "BPM.20R4.B1"       7772.376818                 1     35.6420803499 1.48323969742e-08       33.49256535       16.64094765     36.4971069807 1.51882149929e-08
    "BPM.21R4.B1"       7825.825334                 1     175.200742846 1.48323969742e-08        171.684772       16.77709695     179.403676552 1.51882149929e-08
    "BPM.22R4.B1"        7879.27385                 1     33.0284702316 1.48323969742e-08       33.49341038       16.89093033     33.8207983265 1.51882149929e-08
    "BPM.23R4.B1"       7932.722366                 1     181.134311687 1.48323969742e-08       171.6981728       17.02707015     185.479587236 1.51882149929e-08
    "BPM.24R4.B1"       7986.170882                 1     32.9517423243 1.48323969742e-08       33.49012381       17.14090488     33.7422297745 1.51882149929e-08
    "BPM.25R4.B1"       8039.619398                 1     165.385364478 1.48323969742e-08        171.684658       17.27706089     169.352834659 1.51882149929e-08
    "BPM.26R4.B1"       8093.067914                 1     35.5909539376 1.48323969742e-08       33.49340967       17.39089428     36.4447540843 1.51882149929e-08
    "BPM.27R4.B1"        8146.51643                 1     175.415584028 1.48323969742e-08       171.6981771       17.52703409     179.623671612 1.51882149929e-08
    "BPM.28R4.B1"       8199.964946                 1      32.279927347 1.48323969742e-08       33.49012451       17.64086882     33.0542984625 1.51882149929e-08
    "BPM.29R4.B1"       8253.413461                 1     168.002771718 1.48323969742e-08       171.6846538       17.77702483     172.033031525 1.51882149929e-08
    "BPM.30R4.B1"       8306.861977                 1     33.4974135267 1.48323969742e-08       33.49340896       17.89085822     34.3009912176 1.51882149929e-08
    "BPM.31R4.B1"       8360.310493                 1     161.300600216 1.48323969742e-08       171.6981814       18.02699803     165.170079983 1.51882149929e-08
    "BPM.32R4.B1"       8413.759009                 1     33.1770446997 1.48323969742e-08       33.49012522       18.14083276      33.972936984 1.51882149929e-08
    "BPM.33R4.B1"       8467.207525                 1     171.357534419 1.48323969742e-08       171.6846495       18.27698877     175.468272453 1.51882149929e-08
    "BPM.34R4.B1"       8520.656041                 1     33.3859173251 1.48323969742e-08       33.49340825       18.39082217     34.1868203063 1.51882149929e-08
    "BPM.33L5.B1"       8574.104557                 1     177.424846353 1.48323969742e-08       171.6981857       18.52696198     181.681134625 1.51882149929e-08
    "BPM.32L5.B1"       8627.553073                 1      35.272538743 1.48323969742e-08       33.49012593        18.6407967     36.1187003493 1.51882149929e-08
    "BPM.31L5.B1"       8681.001589                 1     173.943197855 1.48323969742e-08       171.6846452       18.77695271     178.115964005 1.51882149929e-08
    "BPM.30L5.B1"       8734.450105                 1     32.2174777767 1.48323969742e-08       33.49340754       18.89078611     32.9903507742 1.51882149929e-08
    "BPM.29L5.B1"        8787.89862                 1     178.274126836 1.48323969742e-08         171.69819       19.02692592     182.550788707 1.51882149929e-08
    "BPM.28L5.B1"       8841.347136                 1     34.0657178595 1.48323969742e-08       33.49012664       19.14076064     34.8829287429 1.51882149929e-08
    "BPM.27L5.B1"       8894.795652                 1     175.035472674 1.48323969742e-08       171.6846409       19.27691665     179.234441673 1.51882149929e-08
    "BPM.26L5.B1"       8948.244168                 1     33.3059179077 1.48323969742e-08       33.49340683       19.39075006     34.1049017631 1.51882149929e-08
    "BPM.25L5.B1"       9001.692684                 1     173.661937906 1.48323969742e-08       171.6981943       19.52688987     177.827956842 1.51882149929e-08
    "BPM.24L5.B1"         9055.1412                 1     32.6784036265 1.48323969742e-08       33.49012735       19.64072458     33.4623338875 1.51882149929e-08
    "BPM.23L5.B1"       9108.589716                 1      166.69226102 1.48323969742e-08       171.6846366       19.77688059     170.691082664 1.51882149929e-08
    "BPM.22L5.B1"       9162.038232                 1     34.1302217757 1.48323969742e-08       33.49340612         19.890714     34.9489800594 1.51882149929e-08
    "BPM.21L5.B1"       9215.486748                 1     173.099512844 1.48323969742e-08       171.6981985       20.02685381     177.252039628 1.51882149929e-08
    "BPM.20L5.B1"       9268.935264                 1     33.3932959311 1.48323969742e-08       33.49256265       20.14068354     34.1943759194 1.51882149929e-08
    "BPM.19L5.B1"       9322.383779                 1     183.255781532 1.48323969742e-08       171.6856171       20.27683239     187.651949542 1.51882149929e-08
    "BPM.18L5.B1"       9375.832295                 1     34.0796375339 1.48323969742e-08       33.49341312       20.39066543     34.8971823397 1.51882149929e-08
    "BPM.17L5.B1"       9429.280811                 1     176.573061118 1.48323969742e-08       171.6982004       20.52680524     180.808915705 1.51882149929e-08
    "BPM.16L5.B1"       9482.729327                 1     35.6935212368 1.48323969742e-08       33.49256344       20.64063497     36.5497818957 1.51882149929e-08
    "BPM.15L5.B1"       9536.177843                 1     170.617412741 1.48323969742e-08       171.6856152       20.77678382     174.710395815 1.51882149929e-08
    "BPM.14L5.B1"       9589.626359                 1     34.2235978781 1.48323969742e-08       33.49341232       20.89061687      35.044596184 1.51882149929e-08
    "BPM.13L5.B1"       9643.074875                 1     171.721951812 1.48323969742e-08       171.6982023       21.02675668     175.841431944 1.51882149929e-08
    "BPM.12L5.B1"       9696.523391                 1     36.6914903676 1.48323969742e-08       37.37326424       21.13341341     37.5716915533 1.51882149929e-08
    "BPM.11L5.B1"       9749.971907                 1     177.146159807 1.48323969742e-08       169.7543913       21.26095278     181.395762599 1.51882149929e-08
    "BPM.10L5.B1"       9802.752617                 1     58.1311286567 1.48323969742e-08       59.12476159       21.34475036     59.5256505979 1.51882149929e-08
     "BPM.9L5.B1"       9841.817628                 1     225.214656599 1.48323969742e-08       219.6812157       21.40603613     230.617386382 1.51882149929e-08
     "BPM.8L5.B1"       9882.280639                 1      10.165443806 1.48323969742e-08       11.06935453       21.53265896     10.4093051374 1.51882149929e-08
    "BPMR.7L5.B1"       9921.346649                 1     172.467803239 1.48323969742e-08       171.6711762        21.7978012     176.605175785 1.51882149929e-08
     "BPM.6L5.B1"       9958.240649                 1     9.21415442671 1.48323969742e-08       9.846488997       21.92741913     9.43519504324 1.51882149929e-08
    "BPMR.5L5.B1"       9990.140649                 1     111.785343828 1.48323969742e-08       118.2163979       22.23328728     114.466989932 1.51882149929e-08
   "BPMYA.4L5.B1"       10017.54665                 1     337.000382308 1.48323969742e-08       369.5478179       22.25380832     345.084767356 1.51882149929e-08
   "BPMWB.4L5.B1"       10038.68115                 1     733.287653432 1.48323969742e-08       817.2762409       22.26004595     750.878671283 1.51882149929e-08
   "BPMSY.4L5.B1"       10131.46115                 1     4876.83327594 1.48323969742e-08       5153.353933       22.26724363     4993.82482873 1.51882149929e-08
    "BPMS.2L5.B1"       10158.24665                 1     1365.70427287 1.48323969742e-08        1466.51234       22.26890073     1398.46648853 1.51882149929e-08
   "BPMSW.1L5.B1"       10168.21165                 1     1096.99044427 1.48323969742e-08       1162.864002       22.26997571     1123.30641781 1.51882149929e-08
   "BPMSW.1R5.B1"       10211.33965                 1       1121.173557 1.48323969742e-08       1162.859714       22.76407165     1148.06966518 1.51882149929e-08
    "BPMS.2R5.B1"       10221.30465                 1      909.27745882 1.48323969742e-08       3889.735265       22.76490831     931.090339393 1.51882149929e-08
   "BPMSY.4R5.B1"       10248.09015                 1     2244.14785813 1.48323969742e-08       2484.962953       22.76605049     2297.98327299 1.51882149929e-08
   "BPMWB.4R5.B1"       10340.87015                 1     1224.95119201 1.48323969742e-08       1315.797268       22.77422027      1254.3368474 1.51882149929e-08
   "BPMYA.4R5.B1"       10362.00265                 1     987.612545697 1.48323969742e-08        1054.03612       22.77702284     1011.30462593 1.51882149929e-08
     "BPM.5R5.B1"       10383.12065                 1     527.444586439 1.48323969742e-08       557.7326851       22.78140701     540.097584335 1.51882149929e-08
    "BPMR.6R5.B1"       10415.02065                 1     203.625025209 1.48323969742e-08       199.8506058       22.79688794     208.509836015 1.51882149929e-08
   "BPM_A.7R5.B1"       10449.03465                 1     21.0663008957 1.48323969742e-08       21.35448744       22.88362654     21.5716655686 1.51882149929e-08
     "BPM.8R5.B1"       10490.47364                 1     130.641243958 1.48323969742e-08       122.8584708       23.09302801     133.775228887 1.51882149929e-08
     "BPM.9R5.B1"       10529.54063                 1     45.1525324768 1.48323969742e-08       42.96798859       23.17322829     46.2357076825 1.51882149929e-08
    "BPM.10R5.B1"       10570.00562                 1     172.538204799 1.48323969742e-08       166.3139272       23.26437707     176.677266225 1.51882149929e-08
    "BPM.11R5.B1"       10622.78831                 1     22.4127694824 1.48323969742e-08       31.29957213       23.38103112     22.9504349213 1.51882149929e-08
    "BPM.12R5.B1"       10677.51479                 1     182.233963662 1.48323969742e-08       170.4616741       23.52745829     186.605619032 1.51882149929e-08
    "BPM.13R5.B1"       10730.96627                 1     34.0890829681 1.48323969742e-08       33.47654539       23.64181628     34.9068543628 1.51882149929e-08
    "BPM.14R5.B1"       10784.41776                 1     174.226307971 1.48323969742e-08       171.6983294       23.77798319     178.405865719 1.51882149929e-08
    "BPM.15R5.B1"       10837.86924                 1     31.8252401195 1.48323969742e-08       33.49318309       23.89181923     32.5887036313 1.51882149929e-08
    "BPM.16R5.B1"       10891.32073                 1     173.185865257 1.48323969742e-08       171.7125965        24.0279622     177.340463569 1.51882149929e-08
    "BPM.17R5.B1"       10944.77221                 1     34.2397000487 1.48323969742e-08       33.48743432       24.14180437     35.0610846336 1.51882149929e-08
    "BPM.18R5.B1"        10998.2237                 1      177.93979194 1.48323969742e-08       171.6983269       24.27797067     182.208433369 1.51882149929e-08
    "BPM.19R5.B1"       11051.67518                 1     33.5523378341 1.48323969742e-08       33.49318281       24.39180672     34.3572331178 1.51882149929e-08
    "BPM.20R5.B1"       11105.12666                 1     179.043367889 1.48323969742e-08        171.712599       24.52794969     183.338483273 1.51882149929e-08
    "BPM.21R5.B1"       11158.57815                 1     33.5772899315 1.48323969742e-08        33.4874346       24.64179185     34.3827837972 1.51882149929e-08
    "BPM.22R5.B1"       11212.02963                 1     166.693157974 1.48323969742e-08       171.6983244       24.77795816     170.692001134 1.51882149929e-08
    "BPM.23R5.B1"       11265.48112                 1     35.0733241791 1.48323969742e-08       33.49074786       24.89179919     35.9147067783 1.51882149929e-08
    "BPM.24R5.B1"        11318.9326                 1     176.964884199 1.48323969742e-08       171.7116167       25.02794932     181.210138327 1.51882149929e-08
    "BPM.25R5.B1"       11372.38408                 1     34.1917053515 1.48323969742e-08       33.48742682       25.14179185     35.0119385797 1.51882149929e-08
    "BPM.26R5.B1"       11425.83557                 1     180.047651551 1.48323969742e-08       171.6983244       25.27795816     184.366858942 1.51882149929e-08
    "BPM.27R5.B1"       11479.28705                 1     32.9439545903 1.48323969742e-08       33.49074786       25.39179919     33.7342552187 1.51882149929e-08
    "BPM.28R5.B1"       11532.73854                 1     177.598277137 1.48323969742e-08       171.7116167       25.52794932     181.858725883 1.51882149929e-08
    "BPM.29R5.B1"       11586.19002                 1     34.7237482099 1.48323969742e-08       33.48742682       25.64179185     35.5567447451 1.51882149929e-08
    "BPM.30R5.B1"        11639.6415                 1     172.129972394 1.48323969742e-08       171.6983244       25.77795816     176.259240633 1.51882149929e-08
    "BPM.31R5.B1"       11693.09299                 1     33.7028029778 1.48323969742e-08       33.49074786       25.89179919     34.5113078068 1.51882149929e-08
    "BPM.32R5.B1"       11746.54447                 1     176.312650281 1.48323969742e-08       171.7116167       26.02794932     180.542257809 1.51882149929e-08
    "BPM.33R5.B1"       11799.99596                 1      32.984453154 1.48323969742e-08       33.48742682       26.14179185     33.7757253124 1.51882149929e-08
    "BPM.34R5.B1"       11853.44744                 1     161.186490432 1.48323969742e-08       171.6983244       26.27795816     165.053232791 1.51882149929e-08
    "BPM.33L6.B1"       11906.89893                 1     35.9490408475 1.48323969742e-08       33.49074786       26.39179919     36.8114312292 1.51882149929e-08
    "BPM.32L6.B1"       11960.35041                 1     179.513788446 1.48323969742e-08       171.7116167       26.52794932     183.820188864 1.51882149929e-08
    "BPM.31L6.B1"       12013.80189                 1     36.7560029432 1.48323969742e-08       33.48742682       26.64179185      37.637751737 1.51882149929e-08
    "BPM.30L6.B1"       12067.25338                 1     174.427302017 1.48323969742e-08       171.6983244       26.77795816     178.611681461 1.51882149929e-08
    "BPM.29L6.B1"       12120.70486                 1      32.448853424 1.48323969742e-08       33.49074786       26.89179919     33.2272769488 1.51882149929e-08
    "BPM.28L6.B1"       12174.15635                 1      192.27134843 1.48323969742e-08       171.7116167       27.02794932     196.883793092 1.51882149929e-08
    "BPM.27L6.B1"       12227.60783                 1     35.2720270538 1.48323969742e-08       33.48742682       27.14179185     36.1181763851 1.51882149929e-08
    "BPM.26L6.B1"       12281.05931                 1     167.267378883 1.48323969742e-08       171.6983244       27.27795816      171.27999717 1.51882149929e-08
    "BPM.25L6.B1"        12334.5108                 1     35.9915819526 1.48323969742e-08       33.49074786       27.39179919     36.8549928633 1.51882149929e-08
    "BPM.24L6.B1"       12387.96228                 1     184.759196283 1.48323969742e-08       171.7116167       27.52794932     189.191430079 1.51882149929e-08
    "BPM.23L6.B1"       12441.41377                 1     34.6552209712 1.48323969742e-08       33.48742682       27.64179185     35.4865735897 1.51882149929e-08
    "BPM.22L6.B1"       12494.86525                 1     175.183141484 1.48323969742e-08       171.6983244       27.77795816     179.385652947 1.51882149929e-08
    "BPM.21L6.B1"       12548.31673                 1     34.1403729708 1.48323969742e-08       33.49074786       27.89179919      34.959374774 1.51882149929e-08
    "BPM.20L6.B1"       12601.76822                 1      181.39309919 1.48323969742e-08       171.7124894       28.02794888     185.744582855 1.51882149929e-08
    "BPM.19L6.B1"        12655.2197                 1     32.2529208053 1.48323969742e-08       33.48986925       28.14178606     33.0266440543 1.51882149929e-08
    "BPM.18L6.B1"       12708.67119                 1      167.86773416 1.48323969742e-08       171.6984336       28.27794565     171.894754518 1.51882149929e-08
    "BPM.17L6.B1"       12762.12267                 1     35.8449149234 1.48323969742e-08       33.49074763       28.39178668     36.7048074027 1.51882149929e-08
    "BPM.16L6.B1"       12815.57415                 1     182.665449256 1.48323969742e-08       171.7124899       28.52793637      187.04745564 1.51882149929e-08
    "BPM.15L6.B1"       12869.02564                 1     34.5726306991 1.48323969742e-08       33.48986947       28.64177355     35.4020020392 1.51882149929e-08
    "BPM.14L6.B1"       12922.47712                 1     173.100546544 1.48323969742e-08       171.6984331       28.77793314     177.253098125 1.51882149929e-08
    "BPM.13L6.B1"       12975.92861                 1     34.1587229647 1.48323969742e-08        33.4907474       28.89177417     34.9781649704 1.51882149929e-08
    "BPM.12L6.B1"       13029.38009                 1     179.354142689 1.48323969742e-08       172.3301133       29.02761038     183.656713326 1.51882149929e-08
    "BPM.11L6.B1"       13082.83158                 1     29.4113385072 1.48323969742e-08       28.00013899       29.15448507     30.1168943396 1.51882149929e-08
    "BPM.10L6.B1"       13134.67226                 1     174.994202845 1.48323969742e-08       173.2591773       29.30126285     179.192181813 1.51882149929e-08
     "BPM.9L6.B1"       13173.73925                 1     18.6273662368 1.48323969742e-08       16.60612193       29.41453321     19.0742227063 1.51882149929e-08
     "BPM.8L6.B1"       13214.20424                 1     133.202386561 1.48323969742e-08       130.3694074       29.64014429      136.39781137 1.51882149929e-08
   "BPMYA.5L6.B1"       13311.29423                 1     167.218834717 1.48323969742e-08       173.7940381       29.74224023     171.230288466 1.51882149929e-08
   "BPMYB.4L6.B1"       13347.69423                 1     557.213908594 1.48323969742e-08       602.0958877       29.76118221      570.58105008 1.51882149929e-08
   "BPMSE.4L6.B1"       13476.94473                 1     226.499325573 1.48323969742e-08       252.9362354       29.81247146     231.932873596 1.51882149929e-08
   "BPMSA.4R6.B1"       13568.51473                 1     124.252386933 1.48323969742e-08       131.4608183       29.89620361        127.233108 1.51882149929e-08
   "BPMYA.4R6.B1"       13691.29423                 1     176.469995136 1.48323969742e-08       185.2031533       30.04035375     180.703377248 1.51882149929e-08
   "BPMYB.5R6.B1"       13727.69423                 1     583.177102233 1.48323969742e-08       616.4975055       30.05837476     597.167081156 1.51882149929e-08
     "BPM.8R6.B1"       13823.42122                 1     24.0736341236 1.48323969742e-08       21.56523234       30.20104456     24.6511424529 1.51882149929e-08
    "BPM.10R6.B1"        13902.9532                 1     24.9910044002 1.48323969742e-08       28.92545014       30.46847799     25.5905197507 1.51882149929e-08
    "BPM.11R6.B1"       13954.79389                 1     184.976435234 1.48323969742e-08        177.270474       30.61535096      189.41388043 1.51882149929e-08
    "BPM.12R6.B1"       14009.52037                 1      38.469249869 1.48323969742e-08       34.19120251       30.72900997     39.3920981646 1.51882149929e-08
    "BPM.13R6.B1"       14062.97186                 1     176.427413848 1.48323969742e-08       170.1924123        30.8641026     180.659774467 1.51882149929e-08
    "BPM.14R6.B1"       14116.42334                 1     34.6249086173 1.48323969742e-08       31.88949484       30.98188857     35.4555340653 1.51882149929e-08
    "BPM.15R6.B1"       14169.87483                 1     181.620503481 1.48323969742e-08       175.6964962       31.12059537     185.977442404 1.51882149929e-08
    "BPM.16R6.B1"       14223.32631                 1     31.1755129669 1.48323969742e-08       30.62932295       31.23893138     31.9233900143 1.51882149929e-08
    "BPM.17R6.B1"       14276.77779                 1     188.684933569 1.48323969742e-08       171.0099726       31.38428663     193.211342843 1.51882149929e-08
    "BPM.19R6.B1"       14383.68076                 1     178.584472148 1.48323969742e-08       174.6438469       31.64024116     182.868578969 1.51882149929e-08
    "BPM.20R6.B1"       14437.13225                 1     29.0013955026 1.48323969742e-08       30.51864144       31.75928499     29.6971171114 1.51882149929e-08
    "BPM.21R6.B1"       14490.58373                 1     171.593960644 1.48323969742e-08       172.1192995       31.90434748     175.710370365 1.51882149929e-08
    "BPM.22R6.B1"       14544.03522                 1     31.2371070955 1.48323969742e-08       32.10913155       32.02075961     31.9864617396 1.51882149929e-08
    "BPM.23R6.B1"        14597.4867                 1     184.371951162 1.48323969742e-08       172.1866152        32.1607023      188.79489524 1.51882149929e-08
    "BPM.24R6.B1"       14650.93818                 1     33.6965685077 1.48323969742e-08       32.10637593       32.27712494     34.5049237765 1.51882149929e-08
    "BPM.25R6.B1"       14704.38967                 1     174.603629894 1.48323969742e-08       172.1986226       32.41706918     178.792239311 1.51882149929e-08
    "BPM.26R6.B1"       14757.84115                 1     33.7968729159 1.48323969742e-08       32.10898259       32.53348104     34.6076344117 1.51882149929e-08
    "BPM.27R6.B1"       14811.29264                 1     177.308377883 1.48323969742e-08       172.1856345       32.67342473     181.561872165 1.51882149929e-08
    "BPM.29R6.B1"        14918.1956                 1     178.415253647 1.48323969742e-08       172.1995203       32.92979065     182.695301044 1.51882149929e-08
    "BPM.30R6.B1"       14971.64709                 1     32.9981487612 1.48323969742e-08       32.10880139       33.04620254     33.7897494668 1.51882149929e-08
    "BPM.31R6.B1"       15025.09857                 1     174.006176788 1.48323969742e-08       172.1848256       33.18614723     178.180453756 1.51882149929e-08
    "BPM.33R6.B1"       15132.00154                 1     182.465290523 1.48323969742e-08       172.2002354       33.44251206      186.84249525 1.51882149929e-08
    "BPM.34R6.B1"       15185.45302                 1      34.747152403 1.48323969742e-08       32.10859258       33.55892412     35.5807103872 1.51882149929e-08
    "BPM.33L7.B1"       15238.90451                 1     179.391135997 1.48323969742e-08       172.1842088       33.69886977     183.694594075 1.51882149929e-08
    "BPM.32L7.B1"       15292.35599                 1     34.0616456935 1.48323969742e-08       32.10695784       33.81529211     34.8787588887 1.51882149929e-08
    "BPM.31L7.B1"       15345.80748                 1     180.846043298 1.48323969742e-08       172.2007498       33.95523343     185.184403505 1.51882149929e-08
    "BPM.30L7.B1"       15399.25896                 1     32.9726691118 1.48323969742e-08       32.10836147       34.07164578     33.7636585799 1.51882149929e-08
    "BPM.29L7.B1"       15452.71045                 1     172.210131895 1.48323969742e-08          172.1838       34.21159236       176.3413231 1.51882149929e-08
    "BPM.28L7.B1"       15506.16193                 1     34.0274510593 1.48323969742e-08       32.10719791       34.32801433     34.8437439509 1.51882149929e-08
    "BPM.27L7.B1"       15559.61341                 1     179.088948349 1.48323969742e-08       172.2010504       34.46795476     183.385157173 1.51882149929e-08
    "BPM.26L7.B1"        15613.0649                 1     33.8632578492 1.48323969742e-08       32.10811398       34.58436754     34.6756118695 1.51882149929e-08
    "BPM.25L7.B1"       15666.51638                 1     191.800751294 1.48323969742e-08       172.1836097       34.72431496     196.401906686 1.51882149929e-08
    "BPM.24L7.B1"       15719.96787                 1     29.9810148166 1.48323969742e-08       32.10745125       34.84073646     30.7002367541 1.51882149929e-08
    "BPM.23L7.B1"       15773.41935                 1     174.000048172 1.48323969742e-08       172.2011293       34.98067608     178.174178118 1.51882149929e-08
    "BPM.22L7.B1"       15826.87083                 1     34.4484633839 1.48323969742e-08        32.1078564        35.0970894     35.2748560437 1.51882149929e-08
    "BPM.21L7.B1"       15880.32232                 1     173.869990184 1.48323969742e-08       172.1836426       35.23703758     178.041000138 1.51882149929e-08
    "BPM.20L7.B1"        15933.7738                 1     32.2786218106 1.48323969742e-08       30.47435327       35.35724459     33.0529616073 1.51882149929e-08
    "BPM.19L7.B1"       15987.22529                 1     176.019135052 1.48323969742e-08       174.5553049       35.50102397      180.24170137 1.51882149929e-08
    "BPM.18L7.B1"       16040.67677                 1     34.6668389567 1.48323969742e-08       32.09657338       35.61646626     35.4984702818 1.51882149929e-08
    "BPM.17L7.B1"       16094.12825                 1     173.942425157 1.48323969742e-08       171.1056937       35.75708902     178.115172771 1.51882149929e-08
    "BPM.16L7.B1"       16147.57974                 1     30.9561549986 1.48323969742e-08       30.52259439       35.87764884     31.6987698138 1.51882149929e-08
    "BPM.15L7.B1"       16201.03122                 1     176.211210226 1.48323969742e-08       175.5794501       36.02068135     180.438384283 1.51882149929e-08
    "BPM.14L7.B1"       16254.48271                 1     35.1458615473 1.48323969742e-08       32.02378287        36.1358715     35.9889842632 1.51882149929e-08
    "BPM.13L7.B1"       16307.93419                 1     175.450910052 1.48323969742e-08       170.1513258        36.2772605     179.659845081 1.51882149929e-08
    "BPM.12L7.B1"       16361.38567                 1     38.4605075547 1.48323969742e-08       36.24459573        36.3863031     39.3831461288 1.51882149929e-08
    "BPM.11L7.B1"       16414.83716                 1     177.607730418 1.48323969742e-08       177.0550772       36.51311475     181.868405941 1.51882149929e-08
    "BPM.10L7.B1"       16467.61985                 1     47.2216277497 1.48323969742e-08       47.38131886         36.605004     48.3544389907 1.51882149929e-08
     "BPM.9L7.B1"       16506.68684                 1     178.759795882 1.48323969742e-08       166.3521056       36.68466988     183.048108587 1.51882149929e-08
     "BPM.7L7.B1"       16586.21782                 1     132.725076006 1.48323969742e-08       134.7712352       36.82220919     135.909050495 1.51882149929e-08
     "BPM.6L7.B1"       16621.03582                 1     52.2776750947 1.48323969742e-08       49.81548872       36.88797155     53.5317770989 1.51882149929e-08
   "BPMWC.6L7.B1"       16633.13832                 1     41.7734864496 1.48323969742e-08       49.69190068       36.92958517     42.7756008892 1.51882149929e-08
   "BPMWE.5L7.B1"       16710.19232                 1     296.601255768 1.48323969742e-08       314.1349118       37.03535636     303.716496235 1.51882149929e-08
    "BPMW.5L7.B1"       16733.39732                 1     263.763343817 1.48323969742e-08       285.6063477       37.04678483     270.090827538 1.51882149929e-08
   "BPMWE.4L7.B1"       16768.48232                 1      85.267888986 1.48323969742e-08       93.22011178       37.08127598     87.3134013443 1.51882149929e-08
    "BPMW.4L7.B1"       16796.58732                 1     47.9790261983 1.48323969742e-08       54.42609551       37.15211142      49.130006857 1.51882149929e-08
    "BPMW.4R7.B1"       16912.63432                 1     361.086123554 1.48323969742e-08       375.7351914       37.30278616     369.748307372 1.51882149929e-08
   "BPMWE.4R7.B1"       16940.73932                 1      295.91835996 1.48323969742e-08       317.8299468       37.31478815     303.017218271 1.51882149929e-08
    "BPMW.5R7.B1"       16975.82432                 1     95.0544804058 1.48323969742e-08       93.03514539       37.34749066     97.3347657125 1.51882149929e-08
   "BPMWE.5R7.B1"       16999.02932                 1     45.1214110078 1.48323969742e-08       47.57653895       37.40873517     46.2038396329 1.51882149929e-08
    "BPMR.6R7.B1"       17078.24482                 1     167.091445676 1.48323969742e-08       168.9596418       37.58115555     171.099843458 1.51882149929e-08
   "BPM_A.7R7.B1"       17116.28082                 1     52.9056933862 1.48323969742e-08        57.2560675       37.63773019     54.1748610756 1.51882149929e-08
     "BPM.8R7.B1"       17155.34681                 1     142.568713164 1.48323969742e-08       133.4952572       37.71898544     145.988829085 1.51882149929e-08
     "BPM.9R7.B1"        17194.4138                 1     45.2754342504 1.48323969742e-08       44.58287063        37.7980369      46.361557777 1.51882149929e-08
    "BPM.10R7.B1"       17234.87878                 1     184.411793357 1.48323969742e-08       174.6728833       37.88340212     188.835693219 1.51882149929e-08
    "BPM.11R7.B1"       17287.66147                 1     35.8245454515 1.48323969742e-08       34.43815155        37.9924227     36.6839492825 1.51882149929e-08
    "BPM.12R7.B1"       17342.38796                 1     182.169007641 1.48323969742e-08       172.0481003       38.12925375     186.539104765 1.51882149929e-08
    "BPM.13R7.B1"       17395.83944                 1     33.1597143576 1.48323969742e-08       32.01668561       38.24600156     33.9551909001 1.51882149929e-08
    "BPM.14R7.B1"       17449.29093                 1     184.178792923 1.48323969742e-08       174.4542144       38.38501933      188.59710328 1.51882149929e-08
    "BPM.15R7.B1"       17502.74241                 1      32.644177922 1.48323969742e-08       30.53226609       38.50411043     33.4272871342 1.51882149929e-08
    "BPM.16R7.B1"       17556.19389                 1     170.114528181 1.48323969742e-08       172.2874727       38.64902696     174.195447433 1.51882149929e-08
    "BPM.17R7.B1"       17609.64538                 1     34.4029392055 1.48323969742e-08       32.08981069       38.76541233     35.2282397747 1.51882149929e-08
    "BPM.18R7.B1"       17663.09686                 1     183.705655501 1.48323969742e-08       173.3350917       38.90480998     188.112615649 1.51882149929e-08
    "BPM.19R7.B1"       17716.54835                 1     30.7624686809 1.48323969742e-08       30.47804305       39.02451018     31.5004371074 1.51882149929e-08
    "BPM.20R7.B1"       17769.99983                 1      167.18618272 1.48323969742e-08       173.4229352       39.16893725     171.196853173 1.51882149929e-08
    "BPM.21R7.B1"       17823.45131                 1     33.8926372511 1.48323969742e-08       32.11889494       39.28479073     34.7056960612 1.51882149929e-08
    "BPM.22R7.B1"        17876.9028                 1     186.719455941 1.48323969742e-08       172.2009993       39.42473037     191.198714889 1.51882149929e-08
    "BPM.23R7.B1"       17930.35428                 1     33.2766955287 1.48323969742e-08       32.10807333       39.54114326     34.0749783613 1.51882149929e-08
    "BPM.24R7.B1"       17983.80577                 1     175.547528102 1.48323969742e-08       172.1836777       39.68109076     179.758780926 1.51882149929e-08
    "BPM.25R7.B1"       18037.25725                 1     34.4541974608 1.48323969742e-08       32.10749135       39.79751214     35.2807276768 1.51882149929e-08
    "BPM.26R7.B1"       18090.70874                 1     173.469571263 1.48323969742e-08       172.2010449       39.93745169     177.630975468 1.51882149929e-08
    "BPM.27R7.B1"       18144.16022                 1    0.242623490296 1.48323969742e-08       32.10781709       40.05386514    0.248443844872 1.51882149929e-08
    "BPM.28R7.B1"        18197.6117                 1     189.550564097 1.48323969742e-08        172.183743       40.19381337     194.097739195 1.51882149929e-08
    "BPM.29R7.B1"       18251.06319                 1     32.0112405346 1.48323969742e-08       32.10774967       40.31023415     32.7791660562 1.51882149929e-08
    "BPM.30R7.B1"       18304.51467                 1     180.007613039 1.48323969742e-08       172.2008691       40.45017302     184.325859936 1.51882149929e-08
    "BPM.31R7.B1"       18357.96616                 1     33.8932160414 1.48323969742e-08       32.10755835       40.56658712     34.7062887362 1.51882149929e-08
    "BPM.32R7.B1"       18411.41764                 1     177.115849534 1.48323969742e-08       172.1840281       40.70653596     181.364725206 1.51882149929e-08
    "BPM.33R7.B1"       18464.86912                 1     41.7825009495 1.48323969742e-08       32.10800719       40.82295605     42.7848316401 1.51882149929e-08
    "BPM.34R7.B1"       18518.32061                 1     176.396513041 1.48323969742e-08       172.2004764       40.96289437     180.628132373 1.51882149929e-08
    "BPM.33L8.B1"       18571.77209                 1     32.7078051153 1.48323969742e-08       32.10730369        41.0793092     33.4924406959 1.51882149929e-08
    "BPM.32L8.B1"       18625.22358                 1     165.963813697 1.48323969742e-08       172.1845259       41.21925853     169.945160438 1.51882149929e-08
    "BPM.31L8.B1"       18678.67506                 1     32.6329664636 1.48323969742e-08       32.10825736       41.33567785     33.4158067214 1.51882149929e-08
    "BPM.30L8.B1"       18732.12654                 1     173.163301271 1.48323969742e-08       172.1998768       41.47561576     177.317358291 1.51882149929e-08
    "BPM.29L8.B1"       18785.57803                 1     34.3030614476 1.48323969742e-08       32.10705961       41.59203137     35.1259660246 1.51882149929e-08
    "BPM.28L8.B1"       18839.02951                 1     169.668486045 1.48323969742e-08       172.1852235       41.73198105     173.738705082 1.51882149929e-08
    "BPM.27L8.B1"         18892.481                 1     32.5419437735 1.48323969742e-08       32.10849379       41.84839955     33.3226004655 1.51882149929e-08
    "BPM.26L8.B1"       18945.93248                 1     180.875794585 1.48323969742e-08       172.1990855        41.9883372     185.214868503 1.51882149929e-08
    "BPM.25L8.B1"       18999.38397                 1     33.4886073815 1.48323969742e-08       32.10683234       42.10475365     34.2919738196 1.51882149929e-08
    "BPM.24L8.B1"       19052.83545                 1     172.122797813 1.48323969742e-08       172.1861033       42.24470351     176.251893939 1.51882149929e-08
    "BPM.23L8.B1"       19106.28693                 1     32.1877810569 1.48323969742e-08       32.10871045       42.36112117     32.9599416524 1.51882149929e-08
    "BPM.22L8.B1"       19159.73842                 1     184.911834043 1.48323969742e-08       172.1981229        42.5010587     189.347729504 1.51882149929e-08
    "BPM.21L8.B1"        19213.1899                 1     34.2859400794 1.48323969742e-08       32.10662768         42.617476     35.1084339278 1.51882149929e-08
    "BPM.20L8.B1"       19266.64139                 1     183.635631645 1.48323969742e-08       173.4955575       42.75673544     188.040911973 1.51882149929e-08
    "BPM.19L8.B1"       19320.09287                 1     29.8482863496 1.48323969742e-08       30.45861329       42.87641422     30.5643242313 1.51882149929e-08
    "BPM.18L8.B1"       19373.54435                 1     186.842726646 1.48323969742e-08       173.2866211       43.02098645     191.324942765 1.51882149929e-08
    "BPM.17L8.B1"       19426.99584                 1     32.4944103611 1.48323969742e-08       32.14325573       43.13684192     33.2739267625 1.51882149929e-08
    "BPM.16L8.B1"       19480.44732                 1     181.701754846 1.48323969742e-08       172.3255344       43.27663932     186.060642928 1.51882149929e-08
    "BPM.15L8.B1"       19533.89881                 1     29.8429226958 1.48323969742e-08       30.44826064        43.3968488     30.5588319074 1.51882149929e-08
    "BPM.14L8.B1"       19587.35029                 1     184.925024776 1.48323969742e-08        174.441654        43.5407806     189.361236673 1.51882149929e-08
    "BPM.13L8.B1"       19640.80177                 1     32.8153474751 1.48323969742e-08        32.1271715       43.65620162     33.6025629158 1.51882149929e-08
    "BPM.12L8.B1"       19694.25326                 1     172.339442394 1.48323969742e-08       171.3860819       43.79657847      176.47373566 1.51882149929e-08
    "BPM.11L8.B1"       19747.70474                 1     31.5564857617 1.48323969742e-08       33.96764082       43.90942579     32.3135020591 1.51882149929e-08
    "BPM.10L8.B1"       19799.54543                 1     173.579961065 1.48323969742e-08       165.0751083       44.04149357     177.744013439 1.51882149929e-08
     "BPM.9L8.B1"       19838.61242                 1     49.2048732933 1.48323969742e-08       48.29558998       44.10743533     50.3852610994 1.51882149929e-08
     "BPM.8L8.B1"       19879.07741                 1     147.517112976 1.48323969742e-08        149.137966       44.19856933     151.055937278 1.51882149929e-08
     "BPM.7L8.B1"        19918.1454                 1     24.7126801289 1.48323969742e-08       25.12412413        44.2966103     25.3055186899 1.51882149929e-08
    "BPMR.6L8.B1"        19950.6144                 1     69.9474785455 1.48323969742e-08       72.12776635       44.43087555     71.6254658101 1.51882149929e-08
     "BPM.5L8.B1"        20011.0334                 1     63.4516530356 1.48323969742e-08       64.38639469       44.71535482     64.9738103446 1.51882149929e-08
   "BPMYB.4L8.B1"        20031.8004                 1      194.73982711 1.48323969742e-08       223.2242958       44.74306391     199.411488714 1.51882149929e-08
   "BPMWB.4L8.B1"        20056.1919                 1     247.261000973 1.48323969742e-08       285.9018256       44.75737744     253.192605933 1.51882149929e-08
   "BPMSX.4L8.B1"        20106.4249                 1      239.49942286 1.48323969742e-08       333.3860327       44.78338874     245.244833414 1.51882149929e-08
    "BPMS.2L8.B1"        20144.3364                 1     491.312212863 1.48323969742e-08       525.7560619       44.79694195     503.098422363 1.51882149929e-08
   "BPMSW.1L8.B1"        20154.2704                 1     147.083567333 1.48323969742e-08       158.4512884       44.80309245     150.611991201 1.51882149929e-08
   "BPMSW.1R8.B1"        20197.4604                 1     155.024368806 1.48323969742e-08       158.4475621       45.25915413     158.743286514 1.51882149929e-08
    "BPMS.2R8.B1"        20207.3944                 1     186.795742941 1.48323969742e-08         195.98793       45.26709429     191.276831956 1.51882149929e-08
   "BPMSX.4R8.B1"        20245.3059                 1     517.772815527 1.48323969742e-08       567.9972294       45.28256609     530.193794932 1.51882149929e-08
   "BPMWB.4R8.B1"        20295.4629                 1     187.550425821 1.48323969742e-08       227.4346668        45.3048489     192.049619109 1.51882149929e-08
   "BPMYB.4R8.B1"        20319.9304                 1     135.629063819 1.48323969742e-08       147.7602251       45.32769508     138.882702785 1.51882149929e-08
   "BPMYB.5R8.B1"        20340.5074                 1      179.75402245 1.48323969742e-08       195.0056676       45.34703565       184.0661859 1.51882149929e-08
     "BPM.6R8.B1"        20424.6154                 1     42.2238548701 1.48323969742e-08        42.6376099       45.58519154     43.2367733085 1.51882149929e-08
   "BPM_A.7R8.B1"        20446.8554                 1     161.385595676 1.48323969742e-08       160.6274635       45.62849476     165.257114419 1.51882149929e-08
     "BPM.8R8.B1"       20488.29241                 1     16.9096554424 1.48323969742e-08        16.7791158        45.7453478     17.3153053254 1.51882149929e-08
     "BPM.9R8.B1"       20527.35742                 1     117.305180662 1.48323969742e-08       116.6998911       45.96239046     120.119243489 1.51882149929e-08
    "BPM.10R8.B1"       20567.82043                 1     27.4091617344 1.48323969742e-08       24.77543335       46.07412945     28.0666868559 1.51882149929e-08
    "BPM.11R8.B1"       20619.65914                 1     178.289894199 1.48323969742e-08       183.2044262       46.23601302     182.566934317 1.51882149929e-08
    "BPM.12R8.B1"       20674.38266                 1     41.5249816354 1.48323969742e-08       43.27590768       46.33313795     42.5211346319 1.51882149929e-08
    "BPM.13R8.B1"       20727.83117                 1     172.108312326 1.48323969742e-08       172.0826476       46.44848118     176.237060956 1.51882149929e-08
    "BPM.14R8.B1"       20781.27969                 1     33.7715579192 1.48323969742e-08       33.49092722       46.56231394     34.5817121273 1.51882149929e-08
    "BPM.15R8.B1"       20834.72821                 1     111.832234636 1.48323969742e-08       171.6867158       46.69846668     114.515005615 1.51882149929e-08
    "BPM.16R8.B1"       20888.17672                 1     35.7805288335 1.48323969742e-08       33.49504866        46.8122959      36.638876739 1.51882149929e-08
    "BPM.17R8.B1"       20941.62524                 1     181.049746544 1.48323969742e-08       171.6971048       46.94843182     185.392993438 1.51882149929e-08
    "BPM.18R8.B1"       20995.07375                 1      33.009087511 1.48323969742e-08       33.49092802       47.06226537      33.800950629 1.51882149929e-08
    "BPM.19R8.B1"       21048.52227                 1     176.821914495 1.48323969742e-08       171.6867089       47.19841811     181.063738887 1.51882149929e-08
    "BPM.20R8.B1"       21101.97079                 1     34.0093530455 1.48323969742e-08       33.49504786       47.31224734     34.8252117794 1.51882149929e-08
    "BPM.21R8.B1"        21155.4193                 1     165.646036583 1.48323969742e-08       171.6971118       47.44838326     169.619760091 1.51882149929e-08
    "BPM.22R8.B1"       21208.86782                 1      22.855170703 1.48323969742e-08       33.49092882        47.5622168     23.4034490136 1.51882149929e-08
    "BPM.23R8.B1"       21262.31633                 1     173.493227549 1.48323969742e-08       171.6858294       47.69836998     177.655199251 1.51882149929e-08
    "BPM.24R8.B1"       21315.76485                 1      33.996085509 1.48323969742e-08       33.49260464       47.81220456     34.8116259647 1.51882149929e-08
    "BPM.25R8.B1"       21369.21337                 1     177.552000308 1.48323969742e-08       171.6970044        47.9483472     181.811338908 1.51882149929e-08
    "BPM.26R8.B1"       21422.66188                 1     34.5584245403 1.48323969742e-08       33.49092938       48.06218074     35.3874550854 1.51882149929e-08
    "BPM.27R8.B1"        21476.1104                 1     172.748963638 1.48323969742e-08       171.6858271       48.19833392      176.89308101 1.51882149929e-08
    "BPM.29R8.B1"       21583.00743                 1     170.963430156 1.48323969742e-08       171.6970067       48.44831114     175.064713926 1.51882149929e-08
    "BPM.30R8.B1"       21636.45594                 1     34.2611326442 1.48323969742e-08       33.49092993       48.56214468     35.0830313809 1.51882149929e-08
    "BPM.31R8.B1"       21689.90446                 1     170.814918084 1.48323969742e-08       171.6858247       48.69829786     174.912639162 1.51882149929e-08
    "BPM.32R8.B1"       21743.35298                 1     34.8715231536 1.48323969742e-08       33.49260354       48.81213245     35.7080646983 1.51882149929e-08
    "BPM.33R8.B1"       21796.80149                 1     171.804281961 1.48323969742e-08        171.697009       48.94827509     175.925737132 1.51882149929e-08
    "BPM.34R8.B1"       21850.25001                 1      35.103592108 1.48323969742e-08       33.49093048       49.06210862      35.945700812 1.51882149929e-08
    "BPM.33L1.B1"       21903.69852                 1     167.438475787 1.48323969742e-08       171.6858224        49.1982618      171.45519856 1.51882149929e-08
    "BPM.32L1.B1"       21957.14704                 1     33.9758617722 1.48323969742e-08       33.49260298       49.31209639     34.7909170758 1.51882149929e-08
    "BPM.31L1.B1"       22010.59556                 1      177.84914969 1.48323969742e-08       171.6970113       49.44823903      182.11561668 1.51882149929e-08
    "BPM.30L1.B1"       22064.04407                 1     35.1487969456 1.48323969742e-08       33.49093104       49.56207257     35.9919900795 1.51882149929e-08
    "BPM.29L1.B1"       22117.49259                 1     176.701050066 1.48323969742e-08       171.6858201       49.69822575     180.939975011 1.51882149929e-08
    "BPM.28L1.B1"        22170.9411                 1     34.7777335196 1.48323969742e-08       33.49260243       49.81206034     35.6120251217 1.51882149929e-08
    "BPM.27L1.B1"       22224.38962                 1     181.953511894 1.48323969742e-08       171.6970136       49.94820298     186.318439438 1.51882149929e-08
    "BPM.26L1.B1"       22277.83814                 1     34.5307831091 1.48323969742e-08       33.49093159       50.06203651     35.3591505571 1.51882149929e-08
    "BPM.25L1.B1"       22331.28665                 1     180.480289348 1.48323969742e-08       171.6858178       50.19818969     184.809875394 1.51882149929e-08
    "BPM.24L1.B1"       22384.73517                 1     33.5372811494 1.48323969742e-08       33.49260188       50.31202428     34.3418152346 1.51882149929e-08
    "BPM.23L1.B1"       22438.18368                 1     169.975996047 1.48323969742e-08        171.697016       50.44816692     174.053592017 1.51882149929e-08
    "BPM.22L1.B1"        22491.6322                 1     33.6678802331 1.48323969742e-08       33.49093214       50.56200045     34.4755472918 1.51882149929e-08
    "BPM.21L1.B1"       22545.08071                 1     180.293761865 1.48323969742e-08       171.6858155       50.69815363     184.618873257 1.51882149929e-08
    "BPM.20L1.B1"       22598.52923                 1     33.7830237358 1.48323969742e-08       33.49503592       50.81198324     34.5934530003 1.51882149929e-08
    "BPM.19L1.B1"       22651.97775                 1     174.710963308 1.48323969742e-08       171.6971325       50.94811916     178.902147572 1.51882149929e-08
    "BPM.18L1.B1"       22705.42626                 1     33.4839941033 1.48323969742e-08       33.49093298       51.06195269     34.2872498724 1.51882149929e-08
    "BPM.17L1.B1"       22758.87478                 1     170.814168008 1.48323969742e-08       171.6858086       51.19810587     174.911871092 1.51882149929e-08
    "BPM.16L1.B1"       22812.32329                 1     35.7434766901 1.48323969742e-08       33.49503507       51.31193549     36.6009357426 1.51882149929e-08
    "BPM.15L1.B1"       22865.77181                 1     178.881067367 1.48323969742e-08       171.6971394       51.44807141     183.172289284 1.51882149929e-08
    "BPM.14L1.B1"       22919.22033                 1     35.0871199377 1.48323969742e-08       33.49093383       51.56190493     35.9288334866 1.51882149929e-08
    "BPM.13L1.B1"       22972.66884                 1     175.889612657 1.48323969742e-08       171.6858018       51.69805811      180.10907183 1.51882149929e-08
    "BPM.12L1.B1"       23026.11736                 1     36.2482465657 1.48323969742e-08       37.37572878       51.80471524     37.1178146669 1.51882149929e-08
    "BPM.11L1.B1"       23079.56587                 1     172.687006408 1.48323969742e-08       169.7692486         51.932242     176.829637473 1.51882149929e-08
    "BPM.10L1.B1"       23132.34658                 1     58.8851715939 1.48323969742e-08       59.12379015        52.0160363     60.2977824566 1.51882149929e-08
     "BPM.9L1.B1"        23171.4116                 1     222.199383848 1.48323969742e-08       219.6617885       52.07732545     227.529779512 1.51882149929e-08
     "BPM.8L1.B1"       23211.87461                 1     10.6315653071 1.48323969742e-08       11.06862673        52.2039608     10.8866085418 1.51882149929e-08
    "BPMR.7L1.B1"       23250.94062                 1     186.390753108 1.48323969742e-08       171.6793461       52.46908789     190.862126723 1.51882149929e-08
     "BPM.6L1.B1"       23294.12462                 1     7.12103203234 1.48323969742e-08       7.176888035       52.73362348       7.291860221 1.51882149929e-08
    "BPMR.5L1.B1"       23326.02462                 1     1.52834855478 1.48323969742e-08       168.4184802       52.91161164     1.56501248412 1.51882149929e-08
   "BPMYA.4L1.B1"       23347.14262                 1     329.569138546 1.48323969742e-08       369.6052291       52.92509906     337.475253659 1.51882149929e-08
   "BPMWB.4L1.B1"       23368.27512                 1     751.462908398 1.48323969742e-08       817.3484068       52.93133526     769.489936911 1.51882149929e-08
   "BPMSY.4L1.B1"       23461.05512                 1     4800.48487657 1.48323969742e-08       5153.775574       52.93853233     4915.64488883 1.51882149929e-08
    "BPMS.2L1.B1"       23487.84062                 1     1404.70302158 1.48323969742e-08       1466.629998       52.94018929     1438.40078782 1.51882149929e-08
   "BPMSW.1L1.B1"       23497.79062                 1     1152.67287311 1.48323969742e-08       1164.573998       52.94126213     1180.32462614 1.51882149929e-08
   "BPMSW.1R1.B1"       23540.93362                 1     1095.13483371 1.48323969742e-08       1162.958279        53.4353606     1121.40629255 1.51882149929e-08
    "BPMS.2R1.B1"       23550.89862                 1     4005.98668939 1.48323969742e-08       3890.061994        53.4361972     4102.08728925 1.51882149929e-08
   "BPMSY.4R1.B1"       23577.68412                 1     2452.13351274 1.48323969742e-08       2485.169058       53.43733928     2510.95834662 1.51882149929e-08
   "BPMWB.4R1.B1"       23670.46412                 1     1271.00728571 1.48323969742e-08       1315.895817       53.44550841     1301.49779206 1.51882149929e-08
   "BPMYA.4R1.B1"       23691.59662                 1      1026.7487634 1.48323969742e-08        1054.11196       53.44831078     1051.37969199 1.51882149929e-08
     "BPM.5R1.B1"       23719.00462                 1     466.976892767 1.48323969742e-08       458.2183966       53.45468971     478.179316289 1.51882149929e-08
    "BPMR.6R1.B1"       23750.90462                 1     142.850414917 1.48323969742e-08       151.6213247       53.47391543     146.277288651 1.51882149929e-08
   "BPMSX.7R1.B1"       23757.12012                 1     106.271054779 1.48323969742e-08        109.615477       53.48159167     108.820417247 1.51882149929e-08
   "BPM_A.7R1.B1"       23778.62862                 1     20.4405956768 1.48323969742e-08       21.35307438       53.55491412     20.9309501534 1.51882149929e-08
     "BPM.8R1.B1"       23820.06761                 1     130.779995245 1.48323969742e-08       122.8601978       53.76433149     133.917308713 1.51882149929e-08
     "BPM.9R1.B1"        23859.1346                 1     46.2036672244 1.48323969742e-08       42.97232301       53.84452673       47.31205836 1.51882149929e-08
    "BPM.10R1.B1"       23899.59958                 1     170.167214058 1.48323969742e-08       166.3279779       53.93566601     174.249397204 1.51882149929e-08
    "BPM.11R1.B1"       23952.38227                 1     31.7456886088 1.48323969742e-08       31.29759343       54.05231853     32.5072437399 1.51882149929e-08
    "BPM.12R1.B1"       24007.10876                 1     169.000621942 1.48323969742e-08       170.4494906       54.19875978     173.054819423 1.51882149929e-08
    "BPM.13R1.B1"       24060.56024                 1     33.1667344441 1.48323969742e-08       33.47905705       54.31311752     33.9623793932 1.51882149929e-08
    "BPM.14R1.B1"       24114.01173                 1     176.266368353 1.48323969742e-08       171.7105065       54.44927106     180.494865611 1.51882149929e-08
    "BPM.15R1.B1"       24167.46321                 1     33.1903124857 1.48323969742e-08        33.4906705       54.56310739     33.9865230543 1.51882149929e-08
    "BPM.16R1.B1"       24220.91469                 1     173.615716897 1.48323969742e-08       171.7004166       54.69926373     177.780627026 1.51882149929e-08
    "BPM.17R1.B1"       24274.36618                 1     33.9507202584 1.48323969742e-08       33.48994637       54.81310561      34.765172436 1.51882149929e-08
    "BPM.18R1.B1"       24327.81766                 1     173.832469464 1.48323969742e-08       171.7105063       54.94925855     178.002579323 1.51882149929e-08
    "BPM.19R1.B1"       24381.26915                 1     32.9018959548 1.48323969742e-08       33.49067065       55.06309487     33.6911876282 1.51882149929e-08
    "BPM.20R1.B1"       24434.72063                 1     178.514468607 1.48323969742e-08       171.7004168       55.19925121     182.796896096 1.51882149929e-08
    "BPM.21R1.B1"       24488.17211                 1     34.3333329939 1.48323969742e-08       33.48994622        55.3130931     35.1569637625 1.51882149929e-08
    "BPM.22R1.B1"        24541.6236                 1     175.510121082 1.48323969742e-08       171.7105062       55.44924604     179.720476539 1.51882149929e-08
    "BPM.23R1.B1"       24595.07508                 1     34.4486057241 1.48323969742e-08       33.48823615       55.56308734     35.2750017986 1.51882149929e-08
    "BPM.24R1.B1"       24648.52657                 1     175.515619134 1.48323969742e-08       171.6994345       55.69925085     179.726106485 1.51882149929e-08
    "BPM.25R1.B1"       24701.97805                 1     32.5789900902 1.48323969742e-08       33.48993844        55.8130931     33.3605354955 1.51882149929e-08
    "BPM.26R1.B1"       24755.42954                 1     175.752258726 1.48323969742e-08       171.7105062       55.94924604     179.968422883 1.51882149929e-08
    "BPM.27R1.B1"       24808.88102                 1     33.9277140553 1.48323969742e-08       33.48823615       56.06308734     34.7416143315 1.51882149929e-08
    "BPM.28R1.B1"        24862.3325                 1     169.788725958 1.48323969742e-08       171.6994345       56.19925085      173.86182946 1.51882149929e-08
    "BPM.29R1.B1"       24915.78399                 1     34.6124327468 1.48323969742e-08       33.48993844        56.3130931      35.442758908 1.51882149929e-08
    "BPM.30R1.B1"       24969.23547                 1     176.465689983 1.48323969742e-08       171.7105062       56.44924604     180.698968817 1.51882149929e-08
    "BPM.31R1.B1"       25022.68696                 1     35.1376053958 1.48323969742e-08       33.48823615       56.56308734     35.9805300529 1.51882149929e-08
    "BPM.32R1.B1"       25076.13844                 1     173.985423606 1.48323969742e-08       171.6994345       56.69925085      178.15920272 1.51882149929e-08
    "BPM.33R1.B1"       25129.58992                 1     37.6040638486 1.48323969742e-08       33.48993844        56.8130931      38.506156984 1.51882149929e-08
    "BPM.34R1.B1"       25183.04141                 1     180.217468254 1.48323969742e-08       171.7105062       56.94924604      184.54074942 1.51882149929e-08
    "BPM.33L2.B1"       25236.49289                 1     34.5590691415 1.48323969742e-08       33.48823615       57.06308734     35.3881151501 1.51882149929e-08
    "BPM.32L2.B1"       25289.94438                 1     173.503953848 1.48323969742e-08       171.6994345       57.19925085     177.666182865 1.51882149929e-08
    "BPM.31L2.B1"       25343.39586                 1     34.4629967932 1.48323969742e-08       33.48993844        57.3130931     35.2897380986 1.51882149929e-08
    "BPM.30L2.B1"       25396.84734                 1      174.86583844 1.48323969742e-08       171.7105062       57.44924604     179.060738042 1.51882149929e-08
    "BPM.29L2.B1"       25450.29883                 1     34.9786321727 1.48323969742e-08       33.48823615       57.56308734      35.817743182 1.51882149929e-08
    "BPM.28L2.B1"       25503.75031                 1     178.653901017 1.48323969742e-08       171.6994345       57.69925085     182.939673384 1.51882149929e-08
    "BPM.27L2.B1"        25557.2018                 1     34.0728686209 1.48323969742e-08       33.48993844        57.8130931     34.8902510456 1.51882149929e-08
    "BPM.26L2.B1"       25610.65328                 1     177.456013359 1.48323969742e-08       171.7105062       57.94924604     181.713049305 1.51882149929e-08
    "BPM.25L2.B1"       25664.10477                 1     35.3643952576 1.48323969742e-08       33.48823615       58.06308734     36.2127604324 1.51882149929e-08
    "BPM.24L2.B1"       25717.55625                 1     178.070622077 1.48323969742e-08       171.6994345       58.19925085     182.342402022 1.51882149929e-08
    "BPM.23L2.B1"       25771.00773                 1     32.8105573454 1.48323969742e-08       33.48993844        58.3130931     33.5976578745 1.51882149929e-08
    "BPM.22L2.B1"       25824.45922                 1     173.108100389 1.48323969742e-08       171.7105062       58.44924604     177.260833181 1.51882149929e-08
    "BPM.21L2.B1"        25877.9107                 1     37.6424802388 1.48323969742e-08       33.48823615       58.56308734     38.5454949544 1.51882149929e-08
    "BPM.20L2.B1"       25931.36219                 1     175.919919016 1.48323969742e-08        171.700307        58.6992504     180.140105216 1.51882149929e-08
    "BPM.19L2.B1"       25984.81367                 1     33.0886044141 1.48323969742e-08       33.49238085        58.8130873     33.8823750827 1.51882149929e-08
    "BPM.18L2.B1"       26038.26515                 1     184.046178994 1.48323969742e-08       171.7106177       58.94923352     188.461308044 1.51882149929e-08
    "BPM.17L2.B1"       26091.71664                 1     33.3145120429 1.48323969742e-08       33.48823635       59.06307483     34.1137020651 1.51882149929e-08
    "BPM.16L2.B1"       26145.16812                 1     179.784719252 1.48323969742e-08       171.7003052       59.19923789     184.097619095 1.51882149929e-08
    "BPM.15L2.B1"       26198.61961                 1     34.9976612014 1.48323969742e-08       33.49238065       59.31307479     35.8372287027 1.51882149929e-08
    "BPM.14L2.B1"       26252.07109                 1     179.796261296 1.48323969742e-08       171.7106195       59.44922101     184.109438024 1.51882149929e-08
    "BPM.13L2.B1"       26305.52257                 1     35.5665339766 1.48323969742e-08       33.48823656       59.56306232     36.4197483069 1.51882149929e-08
    "BPM.12L2.B1"       26358.97406                 1      178.47382213 1.48323969742e-08       173.7017891       59.69821776      182.75527454 1.51882149929e-08
    "BPM.11L2.B1"       26412.42554                 1     31.5021608413 1.48323969742e-08       30.91271351       59.81689121     32.2578739249 1.51882149929e-08
    "BPM.10L2.B1"       26464.26623                 1     180.192737951 1.48323969742e-08       167.4647348       59.95693287     184.515425855 1.51882149929e-08
     "BPM.9L2.B1"       26503.33322                 1     44.2390994495 1.48323969742e-08       42.40535464       60.02668153     45.3003620857 1.51882149929e-08
     "BPM.8L2.B1"       26543.79821                 1     110.942017494 1.48323969742e-08         121.45002       60.13706873     113.603432835 1.51882149929e-08
     "BPM.7L2.B1"        26582.8662                 1     62.2177115526 1.48323969742e-08       61.09021609       60.20618479     63.7102675359 1.51882149929e-08
    "BPMR.6L2.B1"        26614.9722                 1     204.171834153 1.48323969742e-08       205.6559978       60.25327776     209.069762493 1.51882149929e-08