@ GetLLMVersion %s "V3.0.0 Dev"
@ Command %s "/afs/cern.ch/work/o/omc/anaconda/bin/python '/afs/cern.ch/work/e/efol/public/Beta-Beat.src/GetLLM/GetLLM.py' '--accel=LHCB1' '--model=/afs/cern.ch/work/e/efol/public/betabeatGui/temp/2017-12-20/models/LHCB1/Multiturn-model_40cm_2041/twiss.dat' '--files=/afs/cern.ch/work/e/efol/public/betabeatGui/temp/2017-12-20/LHCB1/Measurements/Beam1@Turn@2017_09_11@19_02_33_250_onlydbscan/Beam1@Turn@2017_09_11@19_02_33_250_onlydbscan.sdds' '--output=/afs/cern.ch/work/e/efol/public/betabeatGui/temp/2017-12-20/LHCB1/Results/40cm_cleaned_arcs_with_dbscan_only' '--tbtana=SUSSIX' '--bpmu=mm' '--lhcphase=1' '--errordefs=/afs/cern.ch/work/e/efol/public/betabeatGui/temp/2017-12-20/models/LHCB1/Multiturn-model_40cm_2041/error_deff.txt'"
@ CWD %s "/home/efol/Workspaces/Accsoft-Eclipse-Pro/lhc-app-beta-beating"
@ Date %s "21. December 2017, 13:48:45"
@ Q1 %le 0.309858916597
@ Q2 %le 0.31942165071
@ RMSbetabeat %le 1.87871856889
@ RescalingFactor %le 1.00422852685
@ FILES %s "/afs/cern.ch/work/e/efol/public/betabeatGui/temp/2017-12-20/LHCB1/Measurements/Beam1@Turn@2017_09_11@19_02_33_250_onlydbscan/Beam1@Turn@2017_09_11@19_02_33_250_onlydbscan.sdds.linx"
*            NAME                 S             COUNT              BETX           BETXSTD           BETXMDL            MUXMDL           BETXRES        BETXSTDRES
$              %s               %le               %le               %le               %le               %le               %le               %le               %le
   "BPMYB.5L2.B1"            28.288                 1     157.838941688               0.0        175.128565     0.03145312858     158.506367891               0.0
   "BPMYB.4L2.B1"            48.858                 1     75.2820923768               0.0       84.35832101     0.05851807485     75.6004247258               0.0
   "BPMWI.4L2.B1"           73.3255                 1     69.4151904627               0.0       83.45002126      0.1097876872     69.7087144594               0.0
   "BPMSX.4L2.B1"          123.4825                 1     142.970986282               0.0       170.5391556      0.1788502064     143.575542936               0.0
    "BPMS.2L2.B1"           161.394                 1     60.0078256337               0.0       63.40330267       0.229253766     60.2615703356               0.0
   "BPMSW.1L2.B1"           171.328                 1     50.6806522547               0.0        56.6340898      0.2526788187     50.8949567536               0.0
   "BPMSW.1R2.B1"           214.518                 1     54.6611002771               0.0        56.6345024      0.6146370966     54.8922362072               0.0
    "BPMS.2R2.B1"           224.452                 1     164.263707621               0.0       173.4266688       0.632582971      164.95830112               0.0
   "BPMSX.4R2.B1"          262.3635                 1       81.77590325               0.0       100.2196997      0.6761117673     82.1216948526               0.0
   "BPMWB.4R2.B1"          312.5965                 1     96.1911321167               0.0       104.9354204      0.7575836096     96.5978789016               0.0
   "BPMYB.4R2.B1"           336.988                 1     95.5983476714               0.0       101.2151279      0.7924101326     96.0025878514               0.0
    "BPMR.5R2.B1"           366.522                 1     35.8725985754               0.0       32.77197257      0.8883971562     36.0242868217               0.0
     "BPM.6R2.B1"           439.818                 1     164.240455693               0.0       181.6208991       1.036087404      164.93495087               0.0
   "BPM_A.7R2.B1"           452.693                 1     80.8661934414               0.0       85.21587822        1.05258811     81.2081383116               0.0
     "BPM.8R2.B1"       494.1300106                 1     108.278077321               0.0       113.0897601       1.134746992     108.735934078               0.0
     "BPM.9R2.B1"       533.1950212                 1     16.1972987658               0.0       15.94722448       1.292805637     16.2657894785               0.0
    "BPM.10R2.B1"       573.6580318                 1     168.674206887               0.0       171.7411105       1.460281322       169.3874503               0.0
    "BPM.11R2.B1"       625.4967424                 1     32.8219324697               0.0       32.90159014       1.566688573     32.9607208924               0.0
    "BPM.12R2.B1"       680.2202583                 1     170.804848946               0.0       174.1654418       1.709291425     171.527101836               0.0
    "BPM.13R2.B1"       733.6687742                 1     33.3639843665               0.0       33.14947812       1.822798755     33.5050648702               0.0
    "BPM.14R2.B1"       787.1172901                 1     171.640143818               0.0         170.35043       1.960490566     172.365928774               0.0
    "BPM.15R2.B1"        840.565806                 1     34.5961417062               0.0       34.55300863       2.072703938     34.7424324203               0.0
    "BPM.16R2.B1"       894.0143219                 1     164.354036655               0.0       168.8433479       2.207282493     165.049012112               0.0
    "BPM.17R2.B1"       947.4628378                 1     34.4368500178               0.0       33.10170512       2.323083936     34.5824671627               0.0
    "BPM.18R2.B1"       1000.911354                 1     172.059366703               0.0       170.3630625       2.460771013     172.786924355               0.0
    "BPM.19R2.B1"        1054.35987                 1     33.9781707032               0.0       34.55282647       2.572979721     34.1218483103               0.0
    "BPM.20R2.B1"       1107.808386                 1     164.153557394               0.0       168.8307202       2.707565464     164.847685119               0.0
    "BPM.21R2.B1"       1161.256901                 1      33.384727974               0.0       33.10189183       2.823371809     33.5258961926               0.0
    "BPM.22R2.B1"       1214.705417                 1     169.735154711               0.0       170.3756854        2.96105144      170.45288437               0.0
    "BPM.23R2.B1"       1268.153933                 1     33.2500113148               0.0       33.11661624       3.076157208     33.3906098804               0.0
    "BPM.24R2.B1"       1321.602449                 1     173.858476667               0.0       170.3730582       3.213836773     174.593641904               0.0
    "BPM.26R2.B1"       1428.499481                 1     182.052819752               0.0       170.3757138       3.466622864     182.822634989               0.0
    "BPM.27R2.B1"       1481.947997                 1     32.8100996381               0.0       33.11659909       3.581728657     32.9488380254               0.0
    "BPM.28R2.B1"       1535.396513                 1     178.425108618               0.0       170.3730331       3.719408284     179.179583981               0.0
    "BPM.29R2.B1"       1588.845029                 1     34.0137653339               0.0       33.11640494       3.834515594     34.1575934539               0.0
    "BPM.30R2.B1"       1642.293545                 1     174.421837534               0.0       170.3757357       3.972194287     175.159384958               0.0
    "BPM.33R2.B1"       1802.639092                 1      33.798584505               0.0       33.11642281       4.340087075      33.941502727               0.0
    "BPM.34R2.B1"       1856.087608                 1     174.609209428               0.0       170.3757509        4.47776571     175.347549159               0.0
    "BPM.33L3.B1"       1909.536124                 1     33.8179472452               0.0       33.11656339       4.592871563     33.9609473431               0.0
    "BPM.32L3.B1"        1962.98464                 1       168.1739339               0.0       170.3730027       4.730551308     168.885061895               0.0
    "BPM.31L3.B1"       2016.433156                 1      33.304929616               0.0       33.11644104       4.845658554     33.4457604051               0.0
    "BPM.30L3.B1"       2069.881672                 1     167.768824893               0.0       170.3757594       4.983337132     168.478239874               0.0
    "BPM.29L3.B1"       2123.330188                 1     31.6090133976               0.0         33.116545       5.098443021     31.7426729595               0.0
    "BPM.28L3.B1"       2176.778704                 1     167.163293464               0.0       170.3729976        5.23612282     167.870147939               0.0
    "BPM.27L3.B1"        2230.22722                 1     33.8560404851               0.0       33.11645955       5.351230029     33.9992016613               0.0
    "BPM.26L3.B1"       2283.675735                 1     169.863223631               0.0       170.3757611       5.488908554     170.581494833               0.0
    "BPM.25L3.B1"       2337.124251                 1     34.7833937964               0.0       33.11652639       5.604014482      34.930476311               0.0
    "BPM.24L3.B1"       2390.572767                 1      170.21633514               0.0       170.3729992       5.741694333     170.936099483               0.0
    "BPM.23L3.B1"       2444.021283                 1      34.017233745               0.0       33.11647824       5.856801501     34.1610765312               0.0
    "BPM.22L3.B1"       2497.469799                 1     173.578269601               0.0       170.3757561       5.994479976     174.312249975               0.0
    "BPM.21L3.B1"       2550.918315                 1     33.0245835749               0.0       33.11650764       6.109585946     33.1642289132               0.0
    "BPM.20L3.B1"       2604.366831                 1     165.518057216               0.0       168.7740195       6.248110946     166.217954765               0.0
    "BPM.19L3.B1"       2657.815347                 1     33.0573259216               0.0       34.54002499       6.360982089     33.1971097118               0.0
    "BPM.18L3.B1"       2711.263863                 1     179.495220706               0.0       170.4266924       6.494760431     180.254221066               0.0
    "BPM.17L3.B1"       2764.712379                 1     36.9019045504               0.0       33.11556542       6.609873695     37.0579452446               0.0
    "BPM.16L3.B1"       2818.160894                 1     164.659097863               0.0       168.7871945       6.748394012      165.35536328               0.0
    "BPM.14L3.B1"       2925.057926                 1  0.00567252561966               0.0       170.4135122       6.995040774  0.00569651204656               0.0
    "BPM.13L3.B1"       2978.506442                 1     34.4469040338               0.0       33.11463215       7.110161452     34.5925636924               0.0
    "BPM.12L3.B1"       3031.954958                 1     181.828544527               0.0       171.5175732       7.247251311     182.597411409               0.0
    "BPM.11L3.B1"       3085.403474                 1     27.9308643086               0.0        28.2592413       7.373708861     28.0489707182               0.0
    "BPM.10L3.B1"       3138.184185                 1     175.118365063               0.0       172.7569671       7.522788108     175.858857771               0.0
     "BPM.9L3.B1"       3177.249195                 1     53.0539124591               0.0       54.93815126       7.583724784     53.2782523524               0.0
     "BPM.8L3.B1"       3217.712206                 1     171.695303506               0.0       175.5991319       7.660416551     172.421321707               0.0
     "BPM.7L3.B1"       3256.776216                 1     56.7457764431               0.0       58.10046323       7.719364003     56.9857274825               0.0
     "BPM.6L3.B1"       3329.415216                 1     198.631925234               0.0       206.7756234       7.831510896     199.471845663               0.0
  "BPMWG.A5L3.B1"       3371.119716                 1     59.6593002032               0.0       68.26217692       7.888594994      59.911571156               0.0
    "BPMW.5L3.B1"       3400.089716                 1     46.9473501214               0.0       56.59279169       7.971952656     47.1458682519               0.0
   "BPMWE.4L3.B1"       3475.217716                 1     243.088623807               0.0       272.6641978        8.07532486      244.11653058               0.0
    "BPMW.4L3.B1"       3502.762716                 1     237.257587998               0.0       250.6035005       8.090528029      238.26083808               0.0
    "BPMW.4R3.B1"       3547.727716                 1     43.3264200048               0.0       44.32448505       8.160679045     43.5096269351               0.0
   "BPMWE.4R3.B1"       3575.272716                 1     27.7386065109               0.0       30.72266468       8.308322669     27.8558999533               0.0
    "BPMW.5R3.B1"       3650.400716                 1     304.423763595               0.0       347.6581685       8.437850831     305.711027654               0.0
  "BPMWJ.A5R3.B1"       3679.118716                 1      263.74113634               0.0       302.5649998       8.450477678     264.856372817               0.0
   "BPMWC.6R3.B1"       3718.936716                 1      59.233117393               0.0       64.79675564       8.496370937     59.4835862203               0.0
    "BPMR.6R3.B1"       3731.015216                 1     37.0719528934               0.0       39.70879417       8.536481749     37.2287126416               0.0
     "BPM.8R3.B1"       3825.903227                 1     31.2501328497               0.0        35.2651492       8.835957198     31.3822748755               0.0
     "BPM.9R3.B1"       3864.968238                 1     120.167665847               0.0       128.5117235       8.940088827     120.675798049               0.0
    "BPM.10R3.B1"       3905.431248                 1     51.7368381365               0.0       54.67179092       9.014821952     51.9556087457               0.0
    "BPM.11R3.B1"       3958.211959                 1     186.219056167               0.0       183.5210003       9.107876696     187.006488446               0.0
    "BPM.12R3.B1"       4012.935475                 1     48.8576591143               0.0       42.56129302       9.208659941     49.0642550377               0.0
    "BPM.13R3.B1"       4066.383991                 1      177.86857408               0.0       170.7795851       9.325472939     178.620696121               0.0
    "BPM.14R3.B1"       4119.832506                 1     31.6414836291               0.0       33.11851399       9.440563908     31.7752804922               0.0
    "BPM.18R3.B1"        4333.62657                 1     32.6065389886               0.0       33.11755551        9.94085164     32.7444166142               0.0
    "BPM.19R3.B1"       4387.075086                 1     171.072695881               0.0        168.762939       10.07937985     171.796081369               0.0
    "BPM.22R3.B1"       4547.420634                 1     30.7560787381               0.0       33.11660593       10.44113938     30.8861316428               0.0
    "BPM.27R3.B1"       4814.663213                 1     176.321807563               0.0       170.3750681       11.08438929      177.06738906               0.0
    "BPM.28R3.B1"       4868.111729                 1     36.2137297945               0.0       33.11637287       11.19949583     36.3668605233               0.0
    "BPM.29R3.B1"       4921.560245                 1     189.665762879               0.0       170.3737166       11.33717572      190.46776965               0.0
    "BPM.30R3.B1"       4975.008761                 1     32.2578005089               0.0       33.11662759       11.45228227     32.3942034844               0.0
    "BPM.31R3.B1"       5028.457277                 1     182.193871761               0.0       170.3750152       11.58996073      182.96428344               0.0
    "BPM.32R3.B1"       5081.905793                 1     33.6426073776               0.0       33.11636264       11.70506732     33.7848660463               0.0
    "BPM.33R3.B1"       5135.354309                 1     162.937820449               0.0       170.3737711       11.84274721     163.626807398               0.0
    "BPM.34R3.B1"       5188.802825                 1     32.7589153047               0.0       33.11663749       11.95785372     32.8974372576               0.0
    "BPM.33L4.B1"        5242.25134                 1     171.826622256               0.0       170.3749591       12.09553218     172.553195741               0.0
    "BPM.32L4.B1"       5295.699856                 1      32.804993753               0.0       33.11635308       12.21063881     32.9437105499               0.0
    "BPM.31L4.B1"       5349.148372                 1     174.317932879               0.0       170.3738287       12.34831869     175.055040939               0.0
    "BPM.30L4.B1"       5402.596888                 1     32.4816104792               0.0       33.11664671       12.46342516     32.6189598413               0.0
    "BPM.29L4.B1"       5456.045404                 1      179.40996023               0.0       170.3749002       12.60110363     180.168600064               0.0
    "BPM.28L4.B1"        5509.49392                 1     31.9616892938               0.0       33.11634423        12.7162103     32.0968401551               0.0
    "BPM.27L4.B1"       5562.942436                 1     171.779548953               0.0       170.3738889       12.85389018     172.505923388               0.0
    "BPM.26L4.B1"       5616.390952                 1      32.114258373               0.0       33.11665519        12.9689966     32.2500543768               0.0
    "BPM.25L4.B1"       5669.839468                 1     169.157959396               0.0       170.3748387       13.10667508     169.873248369               0.0
    "BPM.24L4.B1"       5723.287984                 1     33.8342540372               0.0       33.11633612       13.22178179     33.9773230888               0.0
    "BPM.23L4.B1"         5776.7365                 1     168.559756727               0.0       170.3739515       13.35946166     169.272516185               0.0
    "BPM.22L4.B1"       5830.185015                 1      33.058364294               0.0        33.1166629       13.47456804      33.198152475               0.0
    "BPM.21L4.B1"       5883.633531                 1     174.115513996               0.0        170.374775       13.61224654     174.851766122               0.0
    "BPM.20L4.B1"       5937.082047                 1     34.4274308479               0.0        34.5523301       13.72445156     34.5730081636               0.0
    "BPM.19L4.B1"       5990.530563                 1     169.345649402               0.0       168.8189486       13.85904485     170.061732027               0.0
    "BPM.18L4.B1"       6043.979079                 1     32.1122706152               0.0       33.10237926        13.9748551     32.2480582137               0.0
    "BPM.17L4.B1"       6097.427595                 1     175.570465794               0.0       170.3873833       14.11252694     176.312870223               0.0
    "BPM.16L4.B1"       6150.876111                 1     37.6881279843               0.0       34.55213024       14.22472735     37.8474932454               0.0
    "BPM.15L4.B1"       6204.324627                 1     171.551818486               0.0       168.8063453       14.35932787     172.277229957               0.0
    "BPM.14L4.B1"       6257.773143                 1     33.4170689204               0.0       33.10258368       14.47514296     33.5583738936               0.0
    "BPM.13L4.B1"       6311.221659                 1     179.163490856               0.0       170.3999817       14.61280733     179.921088488               0.0
    "BPM.12L4.B1"       6364.670174                 1     34.5864915693               0.0       33.66441246       14.72676903     34.7327414775               0.0
    "BPM.11L4.B1"        6418.11869                 1     166.551365947               0.0       166.5763012       14.86492988      167.25563287               0.0
    "BPM.10L4.B1"       6469.957401                 1     34.7538866462               0.0       31.52780044       14.98126706     34.9008443891               0.0
     "BPM.9L4.B1"       6509.022412                 1     107.507834491               0.0        111.000041       15.10739803     107.962434256               0.0
     "BPM.8L4.B1"       6549.485422                 1     24.2225644828               0.0       21.02823162       15.23843666     24.3249902471               0.0
     "BPM.7L4.B1"       6588.549433                 1     94.2403820519               0.0       103.4394451       15.41380548     94.6388800378               0.0
   "BPMYB.6L4.B1"       6685.153433                 1      114.97140501               0.0       134.8490532       15.55382553     115.457564683               0.0
   "BPMYA.5L4.B1"       6722.153433                 1     390.807885543               0.0       431.6814919       15.57941125     392.460427181               0.0
  "BPMWI.A5L4.B1"       6798.755933                 1      279.51310974               0.0       315.6044425        15.6113604      280.69503843               0.0
  "BPMWA.B5L4.B1"       6824.619933                 1     254.695386315               0.0       277.6303821       15.62528443     255.772372595               0.0
  "BPMWA.A5L4.B1"       6833.504933                 1     235.937307394               0.0       266.1917904       15.63048707     236.934974633               0.0
  "BPMWA.A5R4.B1"       6881.553933                 1     190.999798887               0.0       218.5680628       15.66240457     191.807446665               0.0
  "BPMWA.B5R4.B1"       6890.438933                 1     183.888218688               0.0       212.3939333       15.66896959     184.665794958               0.0
   "BPMYB.5R4.B1"       6992.829433                 1       198.4223268               0.0       217.2561595       15.75149725     199.261360936               0.0
   "BPMYA.6R4.B1"       7024.393433                 1     438.846137152               0.0       486.1398227       15.76697937     440.701809827               0.0
     "BPM.7R4.B1"       7120.909433                 1     23.0485346385               0.0       22.79889128       15.93450269      23.145995986               0.0
     "BPM.8R4.B1"       7158.698443                 1     111.897439186               0.0       113.0607275       16.07991314     112.370600512               0.0
     "BPM.9R4.B1"       7197.763454                 1      18.184113733               0.0        18.5713731       16.21624484     18.2610057462               0.0
    "BPM.10R4.B1"       7238.226465                 1     156.786423429               0.0       152.1990454        16.3816195      157.44939903               0.0
    "BPM.11R4.B1"       7290.065175                 1     34.2575354168               0.0       34.70392971       16.49278171     34.4023943251               0.0
    "BPM.12R4.B1"       7344.788691                 1     160.602378882               0.0        170.420853        16.6284393     161.281490353               0.0
    "BPM.13R4.B1"       7398.237207                 1     32.2107555114               0.0       33.47884206       16.74286491      32.346959556               0.0
    "BPM.14R4.B1"       7451.685723                 1     176.322401669               0.0       171.6773885       16.87901446     177.067985679               0.0
    "BPM.15R4.B1"       7505.134239                 1     35.3764822482               0.0       33.49086865       16.99285025     35.5260726533               0.0
    "BPM.16R4.B1"       7558.582755                 1     168.226549318               0.0       171.6764447       17.12900082     168.937899798               0.0
    "BPM.17R4.B1"       7612.031271                 1      36.387044868               0.0       33.49130626       17.24283608     36.5409084642               0.0
    "BPM.18R4.B1"       7665.479786                 1     171.774311482               0.0       171.6773889       17.37898495      172.50066377               0.0
    "BPM.19R4.B1"       7718.928302                 1     33.8133674273               0.0        33.4908687       17.49282073     33.9563481593               0.0
    "BPM.20R4.B1"       7772.376818                 1     167.797587813               0.0       171.6764442        17.6289713     168.507124418               0.0
    "BPM.21R4.B1"       7825.825334                 1     32.1757297483               0.0       33.49130622       17.74280656     32.3117856855               0.0
    "BPM.22R4.B1"        7879.27385                 1     173.828600066               0.0       171.6773894       17.87895543     174.563638968               0.0
    "BPM.23R4.B1"       7932.722366                 1      34.013185032               0.0       33.49177445       17.99278936     34.1570106981               0.0
    "BPM.24R4.B1"       7986.170882                 1     159.072819008               0.0       171.6788307       18.12893623     159.745462695               0.0
    "BPM.25R4.B1"       8039.619398                 1     36.4687082992               0.0       33.49132722       18.24277051     36.6229172114               0.0
    "BPM.26R4.B1"       8093.067914                 1     180.428785343               0.0       171.6773888       18.37891937     181.191733306               0.0
    "BPM.27R4.B1"        8146.51643                 1     33.5121705999               0.0       33.49177437       18.49275331     33.6538777131               0.0
    "BPM.28R4.B1"       8199.964946                 1     171.073653359               0.0       171.6788313       18.62890018     171.797042896               0.0
    "BPM.29R4.B1"       8253.413461                 1     33.2423917166               0.0        33.4913273       18.74273446     33.3829580625               0.0
    "BPM.30R4.B1"       8306.861977                 1     174.238597794               0.0       171.6773882       18.87888332     174.975370383               0.0
    "BPM.31R4.B1"       8360.310493                 1     37.1263414803               0.0        33.4917743       18.99271725     37.2833312121               0.0
    "BPM.32R4.B1"       8413.759009                 1     163.753020632               0.0       171.6788318       19.12886413     164.445454677               0.0
    "BPM.33R4.B1"       8467.207525                 1     30.7620737164               0.0       33.49132738        19.2426984     30.8921519711               0.0
    "BPM.34R4.B1"       8520.656041                 1     172.627733848               0.0       171.6773877       19.37884727     173.357694856               0.0
    "BPM.33L5.B1"       8574.104557                 1     33.5639757107               0.0       33.49177422        19.4926812     33.7059018832               0.0
    "BPM.32L5.B1"       8627.553073                 1     161.780403047               0.0       171.6788324       19.62882807     162.464495825               0.0
    "BPM.31L5.B1"       8681.001589                 1     32.5884526048               0.0       33.49132746       19.74266235     32.7262537517               0.0
    "BPM.30L5.B1"       8734.450105                 1      173.11563267               0.0       171.6773871       19.87881121     173.847656771               0.0
    "BPM.29L5.B1"        8787.89862                 1     32.7291291615               0.0       33.49177414       19.99264515     32.8675251629               0.0
    "BPM.28L5.B1"       8841.347136                 1     170.654584104               0.0        171.678833       20.12879202     171.376201595               0.0
    "BPM.27L5.B1"       8894.795652                 1     31.0941349011               0.0       33.49132754       20.24262629     31.2256172854               0.0
    "BPM.24L5.B1"         9055.1412                 1      166.42048296               0.0       171.6788335       20.62875597     167.124196441               0.0
    "BPM.23L5.B1"       9108.589716                 1     32.4226939063               0.0       33.49132762       20.74259024     32.5597941381               0.0
    "BPM.22L5.B1"       9162.038232                 1     180.456368922               0.0        171.677386       20.87873911     181.219433523               0.0
    "BPM.21L5.B1"       9215.486748                 1     33.8607556829               0.0       33.49177398       20.99257304     34.0039367975               0.0
    "BPM.20L5.B1"       9268.935264                 1     174.746549177               0.0        171.676489       21.12872111     175.485469652               0.0
    "BPM.16L5.B1"       9482.729327                 1     168.636878003               0.0       171.6764903       21.62869159      169.34996357               0.0
    "BPM.15L5.B1"       9536.177843                 1     33.7674312163               0.0       33.49040098        21.7425287     33.9102177058               0.0
    "BPM.14L5.B1"       9589.626359                 1     184.004916011               0.0       171.6773425       21.87868007     184.782985739               0.0
    "BPM.13L5.B1"       9643.074875                 1     35.7807497336               0.0       33.49177397       21.99251401     35.9320495946               0.0
    "BPM.12L5.B1"       9696.523391                 1     170.206190016               0.0       168.1512586       22.13049826     170.925911461               0.0
    "BPM.11L5.B1"       9749.971907                 1     35.7612391952               0.0        37.5248342        22.2382219     35.9124565554               0.0
    "BPM.10L5.B1"       9802.752617                 1     160.133873846               0.0       150.3503314       22.36968741     160.811004231               0.0
     "BPM.9L5.B1"       9841.817628                 1     20.9041688722               0.0       21.32865309       22.47730301     20.9925627116               0.0
     "BPM.8L5.B1"       9882.280639                 1      120.79655556               0.0       118.0728601       22.66146928     121.307347039               0.0
    "BPMR.7L5.B1"       9921.346649                 1     32.6419918166               0.0       30.35294283       22.76050366     32.7800193554               0.0
     "BPM.6L5.B1"       9958.240649                 1     161.584825721               0.0       176.9865915       22.86409762     162.268091495               0.0
    "BPMR.5L5.B1"       9990.140649                 1     418.950242483               0.0       462.1055391       22.88181088     420.721784833               0.0
   "BPMYA.4L5.B1"       10017.54665                 1     913.582036775               0.0       1054.043045        22.8881843     917.445142947               0.0
   "BPMWB.4L5.B1"       10038.68115                 1     1169.72266863               0.0       1315.864719       22.89098702     1174.66887234               0.0
   "BPMSY.4L5.B1"       10131.46115                 1     2286.62615977               0.0       2485.073071       22.89915642     2296.29521988               0.0
    "BPMS.2L5.B1"       10158.24665                 1     3342.19018164               0.0       3889.910817       22.90029854     3356.32272256               0.0
   "BPMSW.1L5.B1"       10168.21165                 1     1092.97645722               0.0       1162.912886       22.90113517     1097.59813752               0.0
   "BPMSW.1R5.B1"       10211.33965                 1     1119.67740076               0.0       1162.912184       23.39523136     1124.41198672               0.0
    "BPMS.2R5.B1"       10221.30465                 1     342.166950762               0.0       1466.574275       23.39630629     343.613812901               0.0
   "BPMWB.4R5.B1"       10340.87015                 1     773.571939289               0.0       817.3344555        23.4051606     776.843009005               0.0
   "BPMYA.4R5.B1"       10362.00265                 1     336.761197295               0.0       369.6082815       23.41139683      338.18520106               0.0
     "BPM.5R5.B1"       10383.12065                 1     168.341183138               0.0       168.4295663       23.42488375     169.053018351               0.0
    "BPMR.6R5.B1"       10415.02065                 1     7.88145443386               0.0       8.430381443       23.58150134     7.91478137555               0.0
   "BPM_A.7R5.B1"       10449.03465                 1     136.569303421               0.0       141.2419446       23.85403894     137.146790387               0.0
     "BPM.8R5.B1"       10490.47364                 1     20.9739648071               0.0       18.49863175       23.96924729     21.0626537805               0.0
     "BPM.9R5.B1"       10529.54063                 1     100.765612145               0.0       110.3220925       24.17193213     101.191702242               0.0
    "BPM.10R5.B1"       10570.00562                 1     35.7836605124               0.0       38.03706263       24.26381535     35.9349726817               0.0
    "BPM.11R5.B1"       10622.78831                 1     191.492050778               0.0       181.7845149       24.38513182     192.301780056               0.0
    "BPM.12R5.B1"       10677.51479                 1     36.6463315874               0.0         34.790099       24.49695998     36.8012915845               0.0
    "BPM.13R5.B1"       10730.96627                 1     167.317211401               0.0       171.7494436       24.62968881     168.024716722               0.0
    "BPM.14R5.B1"       10784.41776                 1     32.2730397832               0.0       33.48864627        24.7435307     32.4095071984               0.0
    "BPM.15R5.B1"       10837.86924                 1     177.061457015               0.0       171.6886063       24.87969107      177.81016614               0.0
    "BPM.16R5.B1"       10891.32073                 1     36.1326550496               0.0       33.48817036       24.99353555     36.2854429516               0.0
    "BPM.17R5.B1"       10944.77221                 1     171.837701047               0.0       171.6923318       25.12969523      172.56432138               0.0
    "BPM.18R5.B1"        10998.2237                 1     31.1689920378               0.0       33.48864624       25.24353723     31.3007909576               0.0
    "BPM.19R5.B1"       11051.67518                 1     173.911790991               0.0       171.6886062        25.3796976     174.647181669               0.0
    "BPM.20R5.B1"       11105.12666                 1     33.1578353849               0.0       33.48817039       25.49354209     33.2980441821               0.0
    "BPM.21R5.B1"       11158.57815                 1     166.073245841               0.0       171.6923319       25.62970177     166.775491021               0.0
    "BPM.22R5.B1"       11212.02963                 1     32.6583756891               0.0       33.48864622       25.74354377     32.7964725076               0.0
    "BPM.23R5.B1"       11265.48112                 1     180.454133364               0.0       171.6909512       25.87970295     181.217188512               0.0
    "BPM.24R5.B1"        11318.9326                 1     33.9061395652               0.0       33.48909703       25.99354459     34.0495125867               0.0
    "BPM.25R5.B1"       11372.38408                 1     160.032912223               0.0       171.6923727       26.12970177      160.70961569               0.0
    "BPM.26R5.B1"       11425.83557                 1     33.2511950562               0.0       33.48864622       26.24354377     33.3917986273               0.0
    "BPM.27R5.B1"       11479.28705                 1     180.176055782               0.0       171.6909512       26.37970295     180.937935072               0.0
    "BPM.28R5.B1"       11532.73854                 1     33.9765352658               0.0       33.48909703       26.49354459     34.1202059575               0.0
    "BPM.29R5.B1"       11586.19002                 1     177.470083755               0.0       171.6923727       26.62970177     178.220520769               0.0
    "BPM.30R5.B1"        11639.6415                 1     34.3485136271               0.0       33.48864622       26.74354377     34.4937572392               0.0
    "BPM.31R5.B1"       11693.09299                 1     179.500289558               0.0       171.6909512       26.87970295     180.259311352               0.0
    "BPM.32R5.B1"       11746.54447                 1     32.6245047871               0.0       33.48909703       26.99354459     32.7624583816               0.0
    "BPM.33R5.B1"       11799.99596                 1     166.285756212               0.0       171.6923727       27.12970177     166.988899997               0.0
    "BPM.34R5.B1"       11853.44744                 1     34.3504302481               0.0       33.48864622       27.24354377     34.4956819647               0.0
    "BPM.33L6.B1"       11906.89893                 1      178.92339203               0.0       171.6909512       27.37970295     179.679974397               0.0
    "BPM.30L6.B1"       12067.25338                 1     33.5292498002               0.0       33.48864622       27.74354377     33.6710291332               0.0
    "BPM.29L6.B1"       12120.70486                 1     185.951436965               0.0       171.6909512       27.87970295     186.737737609               0.0
    "BPM.28L6.B1"       12174.15635                 1     35.1993236954               0.0       33.48909703       27.99354459     35.3481649808               0.0
    "BPM.27L6.B1"       12227.60783                 1     170.847308452               0.0       171.6923727       28.12970177     171.569740883               0.0
    "BPM.26L6.B1"       12281.05931                 1     32.7122314765               0.0       33.48864622       28.24354377     32.8505560256               0.0
    "BPM.25L6.B1"        12334.5108                 1     173.704142091               0.0       171.6909512       28.37970295      174.43865472               0.0
    "BPM.22L6.B1"       12494.86525                 1     32.8562002274               0.0       33.48864622       28.74354377     32.9951335523               0.0
    "BPM.21L6.B1"       12548.31673                 1     179.602772613               0.0       171.6909512       28.87970294      180.36222776               0.0
    "BPM.20L6.B1"       12601.76822                 1     35.7978333004               0.0       33.48819131       28.99354644     35.9492053997               0.0
    "BPM.19L6.B1"        12655.2197                 1     166.566079977               0.0       171.6899869       29.12970732     167.270409118               0.0
    "BPM.18L6.B1"       12708.67119                 1     33.8599361472               0.0        33.4886253       29.24355031     34.0031137963               0.0
    "BPM.17L6.B1"       12762.12267                 1     179.005922511               0.0       171.6909511       29.37970948     179.762853861               0.0
    "BPM.16L6.B1"       12815.57415                 1     32.5839651106               0.0        33.4881913       29.49355298      32.721747282               0.0
    "BPM.15L6.B1"       12869.02564                 1      167.44531822               0.0        171.689987       29.62971385     168.153365244               0.0
    "BPM.14L6.B1"       12922.47712                 1     31.9841797878               0.0       33.48862531       29.74355684     32.1194257508               0.0
    "BPM.13L6.B1"       12975.92861                 1     174.652129459               0.0        171.690951       29.87971602     175.390650678               0.0
    "BPM.12L6.B1"       13029.38009                 1     33.7067817809               0.0       32.85380122       29.99488123     33.8493118127               0.0
    "BPM.11L6.B1"       13082.83158                 1     168.355880332               0.0       177.4262416       30.12992819     169.067777692               0.0
    "BPM.10L6.B1"       13134.67226                 1     26.1716831724               0.0       29.61362466       30.24585235     26.2823508374               0.0
     "BPM.9L6.B1"       13173.73925                 1     134.576661168               0.0       135.2126565       30.36561155     135.145722193               0.0
     "BPM.8L6.B1"       13214.20424                 1     17.6922607491               0.0       18.86386505       30.48833405     17.7670729487               0.0
   "BPMYA.5L6.B1"       13311.29423                 1     530.580530523               0.0       576.8072326        30.7339036     532.824104543               0.0
   "BPMYB.4L6.B1"       13347.69423                 1     204.096789187               0.0       225.3551484       30.74912326     204.959817941               0.0
   "BPMSE.4L6.B1"       13476.94473                 1     144.233470352               0.0       152.5292131       30.87890794     144.843365454               0.0
   "BPMSA.4R6.B1"       13568.51473                 1     238.250534493               0.0       254.5630301       30.95582807     239.257983276               0.0
   "BPMYA.4R6.B1"       13691.29423                 1     509.869907244               0.0       573.8297065       31.00787876     512.025905837               0.0
   "BPMYB.5R6.B1"       13727.69423                 1     112.032564208               0.0       120.7891535       31.02888512     112.506296914               0.0
     "BPM.8R6.B1"       13823.42122                 1      104.81691369               0.0       106.2294544       31.35214226     105.260134824               0.0
    "BPM.10R6.B1"        13902.9532                 1     166.189958374               0.0       167.3166396       31.65352068     166.892697075               0.0
    "BPM.11R6.B1"       13954.79389                 1     36.0521107133               0.0       35.32712386       31.75757036     36.2045580314               0.0
    "BPM.12R6.B1"       14009.52037                 1     170.378260183               0.0       170.4229761       31.89361398     171.098709231               0.0
    "BPM.13R6.B1"       14062.97186                 1     31.4037771843               0.0       32.87662121       32.00924581     31.5365688993               0.0
    "BPM.14R6.B1"       14116.42334                 1     175.208326492               0.0       173.7588578       32.14617605     175.949199605               0.0
    "BPM.15R6.B1"       14169.87483                 1     31.6676968849               0.0       31.52267301       32.26333567     31.8016045915               0.0
    "BPM.16R6.B1"       14223.32631                 1     175.839106495               0.0       174.0748047       32.40416773     176.582646878               0.0
    "BPM.20R6.B1"       14437.13225                 1     177.703903466               0.0       174.5016795       32.91323081     178.455329193               0.0
    "BPM.21R6.B1"       14490.58373                 1     33.9102840852               0.0       32.91478852       33.02703912      34.053674632               0.0
    "BPM.22R6.B1"       14544.03522                 1      183.72858997               0.0       172.9065002       33.16440245     184.505491246               0.0
    "BPM.23R6.B1"        14597.4867                 1     32.2563909772               0.0       32.89954089       33.27890599     32.3927879925               0.0
    "BPM.24R6.B1"       14650.93818                 1     171.466107698               0.0       172.9086952       33.41627076     172.191156739               0.0
    "BPM.25R6.B1"       14704.38967                 1     31.5627216163               0.0       32.90016379       33.53077209     31.6961854321               0.0
    "BPM.26R6.B1"       14757.84115                 1     173.241033404               0.0       172.9064302       33.66813632     173.973587765               0.0
    "BPM.30R6.B1"       14971.64709                 1     180.511470355               0.0       172.9063627       34.17187019     181.274767954               0.0
    "BPM.31R6.B1"       15025.09857                 1     32.5197082775               0.0       32.89955779       34.28637375     32.6572187371               0.0
    "BPM.32R6.B1"       15078.55006                 1     165.490793516               0.0       172.9088301       34.42373839      166.19057578               0.0
    "BPM.33R6.B1"       15132.00154                 1      31.551635121               0.0       32.90014622       34.53823971     31.6850520573               0.0
    "BPM.34R6.B1"       15185.45302                 1     176.918035609               0.0       172.9062979       34.67560406     177.666138273               0.0
    "BPM.33L7.B1"       15238.90451                 1     34.6292865906               0.0       32.89956723       34.79010763     34.7757174587               0.0
    "BPM.32L7.B1"       15292.35599                 1     172.438109384               0.0       172.9088936       34.92747221      173.16726856               0.0
    "BPM.31L7.B1"       15345.80748                 1     31.9673947893               0.0       32.90013647       35.04197353     32.1025697765               0.0
    "BPM.30L7.B1"       15399.25896                 1     174.347656298               0.0       172.9062359       35.17933793     175.084890044               0.0
    "BPM.29L7.B1"       15452.71045                 1      35.234070984               0.0        32.8995773        35.2938415     35.3830591993               0.0
    "BPM.28L7.B1"       15506.16193                 1     173.980320271               0.0       172.9089541       35.43120603     174.716000727               0.0
    "BPM.27L7.B1"       15559.61341                 1     33.7468117354               0.0       32.90012609       35.54570734     33.8895110349               0.0
    "BPM.26L7.B1"        15613.0649                 1      170.30932623               0.0       172.9061768        35.6830718     171.029483789               0.0
    "BPM.25L7.B1"       15666.51638                 1     33.6314105372               0.0       32.89958798       35.79757538     33.7736218596               0.0
    "BPM.24L7.B1"       15719.96787                 1     166.348598803               0.0       172.9090116       35.93493984      167.05200832               0.0
    "BPM.23L7.B1"       15773.41935                 1     33.3409804194               0.0       32.90011511       36.04944115     33.4819636503               0.0
    "BPM.22L7.B1"       15826.87083                 1     171.715959911               0.0       172.9061209       36.18680568     172.442065459               0.0
    "BPM.21L7.B1"       15880.32232                 1     33.6821707083               0.0       32.89959925       36.30130925     33.8245966716               0.0
    "BPM.20L7.B1"        15933.7738                 1     181.148848475               0.0       174.5646964       36.43783228     181.914841244               0.0
    "BPM.19L7.B1"       15987.22529                 1     31.0004375788               0.0       31.52314421       36.55465792     31.1315237615               0.0
    "BPM.18L7.B1"       16040.67677                 1     166.530561143               0.0       173.2832302       36.69593289     167.234740092               0.0
    "BPM.17L7.B1"       16094.12825                 1     33.6742126234               0.0       32.92502084        36.8102053     33.8166049357               0.0
    "BPM.16L7.B1"       16147.57974                 1     188.843570579               0.0        174.119195       36.94689257     189.642100687               0.0
    "BPM.15L7.B1"       16201.03122                 1     29.7725658822               0.0       31.50229455       37.06394951     29.8984599764               0.0
    "BPM.14L7.B1"       16254.48271                 1     171.289982415               0.0        173.731458       37.20503681     172.014286705               0.0
    "BPM.13L7.B1"       16307.93419                 1     33.8901682178               0.0       32.94123056       37.31909572     34.0334737041               0.0
    "BPM.12L7.B1"       16361.38567                 1     163.233285201               0.0       168.3162799       37.45878799      163.92352153               0.0
    "BPM.11L7.B1"       16414.83716                 1     30.4288038792               0.0        31.4156062        37.5785266     30.5574728934               0.0
    "BPM.10L7.B1"       16467.61985                 1     150.401939775               0.0       159.4968211       37.72231549     151.037918415               0.0
     "BPM.9L7.B1"       16506.68684                 1      26.994145319               0.0        25.8352186       37.81597601     27.1082907873               0.0
     "BPM.7L7.B1"       16586.21782                 1     63.7849683018               0.0        67.2066817       38.09126598     64.0546847529               0.0
     "BPM.6L7.B1"       16621.03582                 1     230.419232267               0.0       240.4385357       38.13795827     231.393566177               0.0
   "BPMWC.6L7.B1"       16633.13832                 1     225.045242189               0.0       238.4299536       38.14551791     225.996852038               0.0
   "BPMWE.5L7.B1"       16710.19232                 1     25.8697382659               0.0       28.93132311       38.33464748     25.9791291487               0.0
    "BPMW.5L7.B1"       16733.39732                 1     58.6819983194               0.0       65.83947785       38.43173704     58.9301367249               0.0
   "BPMWE.4L7.B1"       16768.48232                 1     248.865548618               0.0       277.5166264       38.47352541     249.917883273               0.0
    "BPMW.4L7.B1"       16796.58732                 1     321.974356179               0.0       342.5069838       38.48680076     323.335833389               0.0
    "BPMW.4R7.B1"       16912.63432                 1      44.009069045               0.0       45.93433561       38.67484765     44.1951625751               0.0
   "BPMWE.4R7.B1"       16940.73932                 1     386.588747291               0.0       94.10543615       38.75102107     388.223448189               0.0
    "BPMW.5R7.B1"       16975.82432                 1      292.91499472               0.0       309.2923975       38.78398655      294.15359364               0.0
   "BPMWE.5R7.B1"       16999.02932                 1     311.448535833               0.0       349.9894117       38.79440234      312.76550433               0.0
    "BPMR.6R7.B1"       17078.24482                 1     59.1153200374               0.0        59.2828978        38.8870777     59.3652907555               0.0
   "BPM_A.7R7.B1"       17116.28082                 1     127.185350829               0.0        127.874134        38.9671717     127.723157499               0.0
     "BPM.9R7.B1"        17194.4138                 1     109.048666666               0.0       108.6113909       39.28496583     109.509781881               0.0
    "BPM.10R7.B1"       17234.87878                 1     35.7448458308               0.0       34.81349859       39.38460427     35.8959938712               0.0
    "BPM.11R7.B1"       17287.66147                 1     178.805805887               0.0       179.6221878       39.51149712     179.561891038               0.0
    "BPM.12R7.B1"       17342.38796                 1     32.5563038436               0.0       30.98983344       39.63185931     32.6939690486               0.0
    "BPM.13R7.B1"       17395.83944                 1     169.051730285               0.0       171.9742438       39.77544702     169.766570066               0.0
    "BPM.14R7.B1"       17449.29093                 1     32.7158400532               0.0       32.82282969        39.8904541     32.8541798613               0.0
    "BPM.15R7.B1"       17502.74241                 1     172.433919223               0.0       175.4195302       40.02674292      173.16306068               0.0
    "BPM.16R7.B1"       17556.19389                 1     31.9006496555               0.0       31.59138403        40.1430642     32.0355424091               0.0
    "BPM.17R7.B1"       17609.64538                 1     163.453194496               0.0       172.4144417        40.2846197     164.144360718               0.0
    "BPM.18R7.B1"       17663.09686                 1      31.822638852               0.0       32.86554494       40.39936862     31.9572017348               0.0
    "BPM.19R7.B1"       17716.54835                 1     185.393566463               0.0       174.9991676       40.53575831     186.177508136               0.0
    "BPM.20R7.B1"       17769.99983                 1     31.2630501638               0.0       31.55282419        40.6523383     31.3952468109               0.0
    "BPM.21R7.B1"       17823.45131                 1     170.603721914               0.0       172.8432339          40.79377     171.325124333               0.0
    "BPM.22R7.B1"        17876.9028                 1     34.6215441815               0.0        32.8998236       40.90827269     34.7679423107               0.0
    "BPM.23R7.B1"       17930.35428                 1     171.718602187               0.0       172.9077162       41.04563718     172.444718908               0.0
    "BPM.24R7.B1"       17983.80577                 1     33.5156762434               0.0       32.89988454       41.16013951     33.6573981803               0.0
    "BPM.25R7.B1"       18037.25725                 1     172.678486334               0.0       172.9074405       41.29750398      173.40866195               0.0
    "BPM.26R7.B1"       18090.70874                 1      33.449973895               0.0       32.89982464       41.41200654     33.5914180077               0.0
    "BPM.27R7.B1"       18144.16022                 1     179.131491022               0.0       172.9077228       41.54937102     179.888953341               0.0
    "BPM.28R7.B1"        18197.6117                 1     34.9487807305               0.0       32.89988346       41.66387335     35.0965625882               0.0
    "BPM.29R7.B1"       18251.06319                 1     177.497343177               0.0       172.9074341       41.80123782     178.247895459               0.0
    "BPM.30R7.B1"       18304.51467                 1     32.2644004227               0.0       32.89982575       41.91574038     32.4008313062               0.0
    "BPM.31R7.B1"       18357.96616                 1     176.545488741               0.0        172.907729       42.05310486     177.292016081               0.0
    "BPM.32R7.B1"       18411.41764                 1     34.5390179776               0.0       32.89988233       42.16760719     34.6850671425               0.0
    "BPM.33R7.B1"       18464.86912                 1     178.385803133               0.0       172.9074281       42.30497167     179.140112291               0.0
    "BPM.34R7.B1"       18518.32061                 1     32.9389088638               0.0       32.89982691       42.41947423     33.0781919243               0.0
    "BPM.33L8.B1"       18571.77209                 1     173.381919762               0.0       172.9077348       42.55683871     174.115069865               0.0
    "BPM.32L8.B1"       18625.22358                 1     33.8700943768               0.0       32.89988113       42.67134103     34.0133149803               0.0
    "BPM.31L8.B1"       18678.67506                 1     172.414270887               0.0       172.9074224       42.80870552      173.14332926               0.0
    "BPM.30L8.B1"       18732.12654                 1     33.6361973512               0.0       32.89982814       42.92320808     33.7784289149               0.0
    "BPM.29L8.B1"       18785.57803                 1     176.617097895               0.0       172.9077404       43.06057255     177.363928035               0.0
    "BPM.28L8.B1"       18839.02951                 1     33.8039923616               0.0       32.89987987       43.17507487      33.946933451               0.0
    "BPM.27L8.B1"         18892.481                 1     162.710698267               0.0        172.907417       43.31243937     163.398724824               0.0
    "BPM.26L8.B1"       18945.93248                 1      33.935607884               0.0       32.89982943       43.42694193     34.0791055131               0.0
    "BPM.25L8.B1"       18999.38397                 1     182.214864044               0.0       172.9077455       43.56430639     182.985364489               0.0
    "BPM.24L8.B1"       19052.83545                 1     31.3682716188               0.0       32.89987856       43.67880871     31.5009131975               0.0
    "BPM.23L8.B1"       19106.28693                 1     166.878379305               0.0        172.907412       43.81617321     167.584029012               0.0
    "BPM.22L8.B1"       19159.73842                 1     34.0693979266               0.0       32.89983076       43.93067577     34.2134612905               0.0
    "BPM.21L8.B1"        19213.1899                 1     177.071740468               0.0       172.9077504       44.06804023     177.820493077               0.0
    "BPM.20L8.B1"       19266.64139                 1     32.1194446938               0.0       31.52453011        44.1855504     32.2552626282               0.0
    "BPM.19L8.B1"       19320.09287                 1     168.277857313               0.0       174.9181093       44.32590831     168.989424751               0.0
    "BPM.18L8.B1"       19373.54435                 1     34.4252212972               0.0       32.90461086       44.43957341     34.5707892698               0.0
    "BPM.17L8.B1"       19426.99584                 1     169.868404677               0.0       172.4966394       44.57718664     170.586697787               0.0
    "BPM.16L8.B1"       19480.44732                 1     31.8372866237               0.0       31.53886767       44.69483639      31.971911445               0.0
    "BPM.15L8.B1"       19533.89881                 1     170.534894496               0.0       175.3213232       44.83492832     171.256005877               0.0
    "BPM.14L8.B1"       19587.35029                 1     32.7644155209               0.0        32.8858192       44.94847408     32.9029607317               0.0
    "BPM.13L8.B1"       19640.80177                 1     164.977904634               0.0       172.1026377       45.08635444     165.675518133               0.0
    "BPM.12L8.B1"       19694.25326                 1     30.2459140261               0.0       31.37293495       45.20455088     30.3738096857               0.0
    "BPM.11L8.B1"       19747.70474                 1     172.174325897               0.0       172.5250638       45.34663709     172.902369657               0.0
    "BPM.10L8.B1"       19799.54543                 1     39.5294485287               0.0       36.73155567       45.45089375     39.6965998632               0.0
     "BPM.9L8.B1"       19838.61242                 1     116.851216337               0.0       116.6497955       45.56264025     117.345324843               0.0
     "BPM.8L8.B1"       19879.07741                 1     13.9015128842               0.0       14.69965899       45.72432814     13.9602958047               0.0
     "BPM.7L8.B1"        19918.1454                 1     151.282676816               0.0       157.3086004       45.89965505     151.922379677               0.0
    "BPMR.6L8.B1"        19950.6144                 1     14.3711640091               0.0       15.18895857       46.01190509      14.431932862               0.0
     "BPM.5L8.B1"        20011.0334                 1  0.00179323114003               0.0       195.5158164       46.26272826  0.00180081386606               0.0
   "BPMYB.4L8.B1"        20031.8004                 1     138.087181825               0.0       147.7706102         46.282222     138.671087181               0.0
   "BPMWB.4L8.B1"        20056.1919                 1     202.728938454               0.0       227.0523647       46.30501382     203.586183213               0.0
    "BPMS.2L8.B1"        20144.3364                 1     182.211688817               0.0       195.9886869       46.34282134     182.982175835               0.0
   "BPMSW.1L8.B1"        20154.2704                 1     153.008914556               0.0       158.4488479       46.35076145     153.655916859               0.0
   "BPMSW.1R8.B1"        20197.4604                 1     136.229832865               0.0       158.4488681       46.80682297     136.805884371               0.0
    "BPMS.2R8.B1"        20207.3944                 1     510.454924821               0.0       525.7496897       46.81297355     512.613397177               0.0
   "BPMSX.4R8.B1"        20245.3059                 1     289.170491409               0.0        333.385457       46.82652686     290.393256596               0.0
   "BPMWB.4R8.B1"        20295.4629                 1     277.494547048               0.0       285.9696942       46.85249538     278.667940191               0.0
   "BPMYB.4R8.B1"        20319.9304                 1     208.896722358               0.0       223.2398237       46.86685044     209.780047758               0.0
   "BPMYB.5R8.B1"        20340.5074                 1     61.4891003789               0.0       65.38134792       46.89409074     61.7491086909               0.0
     "BPM.6R8.B1"        20424.6154                 1     140.759314491               0.0       141.7589033       47.24936918     141.354519032               0.0
   "BPM_A.7R8.B1"        20446.8554                 1     51.9094175571               0.0       49.54158699       47.29211854      52.128917923               0.0
     "BPM.8R8.B1"       20488.29241                 1     140.633579644               0.0       136.2596583       47.39261708     141.228252511               0.0
     "BPM.9R8.B1"       20527.35742                 1     14.1137305861               0.0       14.60444459       47.53603644     14.1734108749               0.0
    "BPM.10R8.B1"       20567.82043                 1     170.211800097               0.0       171.6500136       47.72557715     170.931545264               0.0
    "BPM.11R8.B1"       20619.65914                 1     37.7690736482               0.0       37.28617047       47.82442681     37.9287811902               0.0
    "BPM.12R8.B1"       20674.38266                 1     165.000902698               0.0       163.8206717        47.9590259     165.698613445               0.0
    "BPM.13R8.B1"       20727.83117                 1      32.057383973               0.0       33.41790804       48.07641291     32.1929394818               0.0
    "BPM.14R8.B1"       20781.27969                 1     166.757175862               0.0       171.6782551       48.21256525     167.462313058               0.0
    "BPM.15R8.B1"       20834.72821                 1      31.191147708               0.0       33.49083193       48.32640076     31.3230403136               0.0
    "BPM.16R8.B1"       20888.17672                 1     161.700668068               0.0        171.675578       48.46255189     162.384423685               0.0
    "BPM.17R8.B1"       20941.62524                 1     35.0417642504               0.0       33.49134296       48.57638743     35.1899392914               0.0
    "BPM.18R8.B1"       20995.07375                 1     162.418104925               0.0       171.6782556       48.71253573     163.104894243               0.0
    "BPM.19R8.B1"       21048.52227                 1     33.7912608669               0.0       33.49083204       48.82637125     33.9341481208               0.0
    "BPM.20R8.B1"       21101.97079                 1     166.788310619               0.0       171.6755775       48.96252238     167.493579468               0.0
    "BPM.21R8.B1"        21155.4193                 1     33.0722186665               0.0       33.49134285       49.07635791     33.2120654311               0.0
    "BPM.22R8.B1"       21208.86782                 1     179.019872466               0.0       171.6782562       49.21250622     179.776862803               0.0
    "BPM.23R8.B1"       21262.31633                 1     33.3677926317               0.0       33.49173786       49.32633988     33.5088892387               0.0
    "BPM.24R8.B1"       21315.76485                 1     168.215473897               0.0       171.6779638       49.46248731     168.926777545               0.0
    "BPM.25R8.B1"       21369.21337                 1     34.4090951557               0.0       33.49136377       49.57632186     34.5545949385               0.0
    "BPM.26R8.B1"       21422.66188                 1     173.997781284               0.0       171.6782558       49.71247016     174.733535574               0.0
    "BPM.30R8.B1"       21636.45594                 1     174.257822341               0.0       171.6782553       50.21243411     174.994676222               0.0
    "BPM.31R8.B1"       21689.90446                 1     35.1640611664               0.0       33.49173786       50.32626777     35.3127533432               0.0
    "BPM.32R8.B1"       21743.35298                 1     181.021913063               0.0       171.6779647        50.4624152     181.787369082               0.0
    "BPM.33R8.B1"       21796.80149                 1     33.8362282951               0.0       33.49136377       50.57624975      33.979305695               0.0
    "BPM.34R8.B1"       21850.25001                 1     176.346651764               0.0       171.6782549       50.71239806     177.092338316               0.0
    "BPM.33L1.B1"       21903.69852                 1     32.6684897253               0.0       33.49173786       50.82623172     32.8066293112               0.0
    "BPM.32L1.B1"       21957.14704                 1     180.996559144               0.0       171.6779651       50.96237915     181.761907954               0.0
    "BPM.31L1.B1"       22010.59556                 1     33.1695270979               0.0       33.49136377        51.0762137     33.3097853338               0.0
    "BPM.30L1.B1"       22064.04407                 1      175.66327319               0.0       171.6782545         51.212362     176.406070057               0.0
    "BPM.29L1.B1"       22117.49259                 1     32.3589862656               0.0       33.49173786       51.32619566     32.4958171079               0.0
    "BPM.28L1.B1"        22170.9411                 1     175.949354105               0.0       171.6779655        51.4623431     176.693360673               0.0
    "BPM.27L1.B1"       22224.38962                 1     34.2764135828               0.0       33.49136377       51.57617765      34.421352318               0.0
    "BPM.26L1.B1"       22277.83814                 1     171.315324671               0.0       171.6782541       51.71232595     172.039736121               0.0
    "BPM.25L1.B1"       22331.28665                 1     35.4043833668               0.0       33.49173786       51.82615961     35.5540917525               0.0
    "BPM.24L1.B1"       22384.73517                 1     181.474233224               0.0        171.677966       51.96230704     182.241601891               0.0
    "BPM.23L1.B1"       22438.18368                 1     35.1728546692               0.0       33.49136377       52.07614159     35.3215840296               0.0
    "BPM.22L1.B1"        22491.6322                 1      173.85506227               0.0       171.6782536        52.2122899     174.590213069               0.0
    "BPM.21L1.B1"       22545.08071                 1     35.5339886846               0.0       33.49173786       52.32612356     35.6842451099               0.0
    "BPM.20L1.B1"       22598.52923                 1     171.816089071               0.0       171.6756212       52.46227218     172.542618017               0.0
    "BPM.19L1.B1"       22651.97775                 1     34.4840490525               0.0       33.49134274       52.57610772     34.6298657799               0.0
    "BPM.18L1.B1"       22705.42626                 1     172.649900738               0.0       171.6782533       52.71225603     173.379955479               0.0
    "BPM.17L1.B1"       22758.87478                 1     34.4777206832               0.0       33.49173796       52.82608969     34.6235106509               0.0
    "BPM.16L1.B1"       22812.32329                 1      171.40552311               0.0       171.6756216       52.96223831     172.130315966               0.0
    "BPM.15L1.B1"       22865.77181                 1     33.0874471658               0.0       33.49134265       53.07607385     33.2273583245               0.0
    "BPM.14L1.B1"       22919.22033                 1       170.6448394               0.0       171.6782529       53.21222216     171.366415685               0.0
    "BPM.13L1.B1"       22972.66884                 1     33.2868986239               0.0       33.49173806       53.32605582     33.4276531684               0.0
    "BPM.12L1.B1"       23026.11736                 1     169.576228915               0.0       168.1504141       53.46404064     170.293286552               0.0
    "BPM.11L1.B1"       23079.56587                 1     35.0195172712               0.0       37.52486372       53.57176455     35.1675982402               0.0
    "BPM.10L1.B1"       23132.34658                 1     42.2037405581               0.0       150.3511185       53.70322954     42.3822002082               0.0
     "BPM.9L1.B1"        23171.4116                 1      22.563493344               0.0       21.32865198       53.81084481     22.6589036814               0.0
     "BPM.8L1.B1"       23211.87461                 1     114.699616112               0.0       118.0723971        53.9950118     115.184626518               0.0
    "BPMR.7L1.B1"       23250.94062                 1      30.223632334               0.0       30.35301037       54.09404628     30.3514337748               0.0
     "BPM.6L1.B1"       23294.12462                 1     213.992832248               0.0       223.6907522         54.202662     214.897706685               0.0
    "BPMR.5L1.B1"       23326.02462                 1     25356.9890927               0.0       557.7754692       54.21734278     25464.2118019               0.0
   "BPMYA.4L1.B1"       23347.14262                 1     970.896792992               0.0       1054.102596       54.22172664      975.00225615               0.0
   "BPMWB.4L1.B1"       23368.27512                 1     1221.34826678               0.0        1315.87094       54.22452905     1226.51277072               0.0
   "BPMSY.4L1.B1"       23461.05512                 1     2228.77926306               0.0       2485.084106       54.23269841     2238.20371602               0.0
    "BPMS.2L1.B1"       23487.84062                 1     3603.02009466               0.0        3889.92792       54.23384052     3618.25556187               0.0
   "BPMSW.1L1.B1"       23497.79062                 1     1077.47668832               0.0       1164.535827        54.2346751     1082.03282743               0.0
   "BPMSW.1R1.B1"       23540.93362                 1     1090.75519609               0.0       1162.917516       54.72877337     1095.36748372               0.0
    "BPMS.2R1.B1"       23550.89862                 1     1509.59693711               0.0       1466.580942       54.72984829     1515.98030829               0.0
   "BPMSY.4R1.B1"       23577.68412                 1     4599.01314624               0.0       5153.600961       54.73150531     4618.46019682               0.0
   "BPMWB.4R1.B1"       23670.46412                 1     722.656511234               0.0       817.3378881       54.73870256     725.712283695               0.0
   "BPMYA.4R1.B1"       23691.59662                 1     311.145378424               0.0        369.609732       54.74493876     312.461065011               0.0
     "BPM.5R1.B1"       23719.00462                 1     108.328052779               0.0       119.2959437       54.76543758     108.786120859               0.0
    "BPMR.6R1.B1"       23750.90462                 1      9.1691124186               0.0       8.901368823       55.04470962     9.20788425665               0.0
   "BPMSX.7R1.B1"       23757.12012                 1     21.0987744733               0.0       20.14614964        55.1215284     21.1879912076               0.0
   "BPM_A.7R1.B1"       23778.62862                 1     148.844887402               0.0       141.2427034       55.18758116     149.474282005               0.0
     "BPM.8R1.B1"       23820.06761                 1     19.5525099421               0.0       18.49864084        55.3027891     19.6351882554               0.0
     "BPM.9R1.B1"        23859.1346                 1      110.76840712               0.0       110.3217168       55.50547469     111.236794304               0.0
    "BPM.10R1.B1"       23899.59958                 1      38.977518778               0.0       38.03715495       55.59735796     39.1423362627               0.0
    "BPM.11R1.B1"       23952.38227                 1     187.324453589               0.0       181.7854061       55.71867387      188.11656007               0.0
    "BPM.12R1.B1"       24007.10876                 1     37.8197962896               0.0       34.79005152       55.83050179     37.9797183137               0.0
    "BPM.13R1.B1"       24060.56024                 1     168.281790415               0.0       171.7485776       55.96323119     168.993374484               0.0
    "BPM.14R1.B1"       24114.01173                 1     34.1907218092               0.0       33.48868443       56.07707335     34.3352981944               0.0
    "BPM.15R1.B1"       24167.46321                 1     178.067973298               0.0       171.6894719       56.21323315     178.820938504               0.0
    "BPM.16R1.B1"       24220.91469                 1     35.1784962753               0.0       33.48813219       56.32707736     35.3272494914               0.0
    "BPM.17R1.B1"       24274.36618                 1     177.178536299               0.0       171.6914662       56.46323761     177.927740497               0.0
    "BPM.18R1.B1"       24327.81766                 1     35.1919467414               0.0       33.48868442       56.57707988     35.3407568331               0.0
    "BPM.19R1.B1"       24381.26915                 1     170.480665528               0.0       171.6894718       56.71323968       171.2015476               0.0
    "BPM.20R1.B1"       24434.72063                 1     33.4723679924               0.0        33.4881322        56.8270839     33.6139067992               0.0
    "BPM.21R1.B1"       24488.17211                 1     183.560549065               0.0       171.6914663       56.96324415     184.336739776               0.0
    "BPM.22R1.B1"        24541.6236                 1     30.9346881093               0.0        33.4886844       57.07708642     31.0654962685               0.0
    "BPM.23R1.B1"       24595.07508                 1     176.487920777               0.0       171.6918168       57.21324503     177.234204689               0.0
    "BPM.24R1.B1"       24648.52657                 1     33.2337536712               0.0       33.48905884        57.3270864     33.3742834909               0.0
    "BPM.25R1.B1"       24701.97805                 1     170.703214519               0.0       171.6915071       57.46324415     171.425037645               0.0
    "BPM.26R1.B1"       24755.42954                 1     33.9378648449               0.0        33.4886844       57.57708642     34.0813720177               0.0
    "BPM.27R1.B1"       24808.88102                 1     178.636922656               0.0       171.6918168       57.71324503      179.39229368               0.0
    "BPM.28R1.B1"        24862.3325                 1      30.928864098               0.0       33.48905884        57.8270864     31.0596476303               0.0
    "BPM.29R1.B1"       24915.78399                 1      169.02609165               0.0       171.6915071       57.96324415     169.740823017               0.0
    "BPM.30R1.B1"       24969.23547                 1     36.0969317879               0.0        33.4886844       58.07708642     36.2495686331               0.0
    "BPM.31R1.B1"       25022.68696                 1     168.536541732               0.0       171.6918168       58.21324503     169.249203024               0.0
    "BPM.32R1.B1"       25076.13844                 1     32.6327720038               0.0       33.48905884        58.3270864     32.7707605565               0.0
    "BPM.33L2.B1"       25236.49289                 1     186.903760171               0.0       171.6918168       58.71324503      187.69408774               0.0
    "BPM.32L2.B1"       25289.94438                 1     36.1495383078               0.0       33.48905884        58.8270864     36.3023976011               0.0
    "BPM.31L2.B1"       25343.39586                 1      146.49774631               0.0       171.6915071       58.96324415     147.117215964               0.0
    "BPM.30L2.B1"       25396.84734                 1     31.8616564986               0.0        33.4886844       59.07708642     31.9963843686               0.0
    "BPM.29L2.B1"       25450.29883                 1     188.341816961               0.0       171.6918168       59.21324503     189.138225392               0.0
    "BPM.28L2.B1"       25503.75031                 1     35.2338509081               0.0       33.48905884        59.3270864     35.3828381927               0.0
    "BPM.27L2.B1"        25557.2018                 1     155.420380654               0.0       171.6915071       59.46324415     156.077579906               0.0
    "BPM.26L2.B1"       25610.65328                 1     32.3342651151               0.0        33.4886844       59.57708642     32.4709914234               0.0
    "BPM.25L2.B1"       25664.10477                 1     195.310088347               0.0       171.6918168       59.71324503     196.135962299               0.0
    "BPM.24L2.B1"       25717.55625                 1     35.4417752458               0.0       33.48905884        59.8270864      35.591641744               0.0
    "BPM.23L2.B1"       25771.00773                 1     151.622720282               0.0       171.6915071       59.96324415     152.263861026               0.0
    "BPM.22L2.B1"       25824.45922                 1     32.4017724683               0.0        33.4886844       60.07708642     32.5387842332               0.0
    "BPM.21L2.B1"        25877.9107                 1     190.910729079               0.0       171.6918168       60.21324503     191.718000223               0.0
    "BPM.20L2.B1"       25931.36219                 1     35.5511422228               0.0       33.48815312       60.32708825     35.7014711823               0.0
    "BPM.19L2.B1"       25984.81367                 1      153.85414907               0.0       171.6891213       60.46324969     154.504725471               0.0
    "BPM.18L2.B1"       26038.26515                 1     35.4055409733               0.0       33.48866351       60.57709295      35.555254254               0.0
    "BPM.17L2.B1"       26091.71664                 1     189.026206699               0.0       171.6918167       60.71325156     189.825509089               0.0
    "BPM.16L2.B1"       26145.16812                 1     37.5966403704               0.0        33.4881531       60.82709479     37.7556187737               0.0
    "BPM.15L2.B1"       26198.61961                 1     156.885606458               0.0       171.6891214       60.96325623     157.549001458               0.0
    "BPM.14L2.B1"       26252.07109                 1     32.8584868549               0.0       33.48866353       61.07709949     32.9974298488               0.0
    "BPM.13L2.B1"       26305.52257                 1     191.012682372               0.0       171.6918166        61.2132581     191.820384629               0.0
    "BPM.12L2.B1"       26358.97406                 1     32.5768139328               0.0       31.47929129       61.33145893     32.7145658652               0.0
    "BPM.11L2.B1"       26412.42554                 1     162.297726543               0.0       174.6850902       61.47187703     162.984006838               0.0
    "BPM.10L2.B1"       26464.26623                 1     31.7290953298               0.0       32.23807272       61.58317875     31.8632626613               0.0
     "BPM.9L2.B1"       26503.33322                 1     132.218529315               0.0       115.6055364       61.70563118     132.777618916               0.0
     "BPM.8L2.B1"       26543.79821                 1     19.9657810108               0.0       18.34519332       61.84459768     20.0502068518               0.0
     "BPM.7L2.B1"        26582.8662                 1     98.6773078464               0.0       115.9740203       62.02647857     99.0945674921               0.0
    "BPMR.6L2.B1"        26614.9722                 1     24.1450089177               0.0       24.05271479       62.12478977     24.2471067362               0.0