@ GetLLMVersion %s "V3.0.0 Dev"
@ Command %s "/afs/cern.ch/work/o/omc/anaconda/bin/python '/afs/cern.ch/work/e/efol/public/Beta-Beat.src/GetLLM/GetLLM.py' '--accel=LHCB1' '--model=/afs/cern.ch/work/e/efol/public/betabeatGui/temp/2017-12-20/models/LHCB1/Multiturn-model_40cm_2041/twiss.dat' '--files=/afs/cern.ch/work/e/efol/public/betabeatGui/temp/2017-12-20/LHCB1/Measurements/Beam1@Turn@2017_09_11@19_02_33_250_onlydbscan/Beam1@Turn@2017_09_11@19_02_33_250_onlydbscan.sdds' '--output=/afs/cern.ch/work/e/efol/public/betabeatGui/temp/2017-12-20/LHCB1/Results/40cm_cleaned_arcs_with_dbscan_only' '--tbtana=SUSSIX' '--bpmu=mm' '--lhcphase=1' '--errordefs=/afs/cern.ch/work/e/efol/public/betabeatGui/temp/2017-12-20/models/LHCB1/Multiturn-model_40cm_2041/error_deff.txt'"
@ CWD %s "/home/efol/Workspaces/Accsoft-Eclipse-Pro/lhc-app-beta-beating"
@ Date %s "21. December 2017, 13:48:45"
@ Q1 %le 0.309858916597
@ Q2 %le 0.31942165071
@ RMSbetabeat %le 1.80341530166
@ RescalingFactor %le 1.08707930313
@ FILES %s "/afs/cern.ch/work/e/efol/public/betabeatGui/temp/2017-12-20/LHCB1/Measurements/Beam1@Turn@2017_09_11@19_02_33_250_onlydbscan/Beam1@Turn@2017_09_11@19_02_33_250_onlydbscan.sdds.linx"
*            NAME                 S             COUNT              BETX           BETXSTD           BETXMDL            MUXMDL           BETXRES        BETXSTDRES
$              %s               %le               %le               %le               %le               %le               %le               %le               %le
   "BPMYB.5L2.B1"            28.288                 1     137.503105183 1.48323969742e-08        175.128565     0.03145312858     149.476779761 1.61239917664e-08
   "BPMYB.4L2.B1"            48.858                 1     68.6991372348 1.48323969742e-08       84.35832101     0.05851807485     74.6814102308 1.61239917664e-08
   "BPMWI.4L2.B1"           73.3255                 1      68.592374534 1.48323969742e-08       83.45002126      0.1097876872     74.5653507084 1.61239917664e-08
   "BPMSX.4L2.B1"          123.4825                 1     150.731343695 1.48323969742e-08       170.5391556      0.1788502064     163.856924063 1.61239917664e-08
    "BPMS.2L2.B1"           161.394                 1     62.2051858382 1.48323969742e-08       63.40330267       0.229253766     67.6219700721 1.61239917664e-08
   "BPMSW.1L2.B1"           171.328                 1     51.2139957405 1.48323969742e-08        56.6340898      0.2526788187        55.6736748 1.61239917664e-08
   "BPMSW.1R2.B1"           214.518                 1     50.7625419714 1.48323969742e-08        56.6345024      0.6146370966     55.1829087514 1.61239917664e-08
    "BPMS.2R2.B1"           224.452                 1     152.117176024 1.48323969742e-08       173.4266688       0.632582971     165.363433706 1.61239917664e-08
   "BPMSX.4R2.B1"          262.3635                 1     76.0623622751 1.48323969742e-08       100.2196997      0.6761117673     82.6858197763 1.61239917664e-08
   "BPMWB.4R2.B1"          312.5965                 1     89.6082784372 1.48323969742e-08       104.9354204      0.7575836096     97.4113048782 1.61239917664e-08
   "BPMYB.4R2.B1"           336.988                 1     89.2503761716 1.48323969742e-08       101.2151279      0.7924101326     97.0222367327 1.61239917664e-08
    "BPMR.5R2.B1"           366.522                 1     33.4354211372 1.48323969742e-08       32.77197257      0.8883971562     36.3469543097 1.61239917664e-08
     "BPM.6R2.B1"           439.818                 1     152.084762252 1.48323969742e-08       181.6208991       1.036087404     165.328197365 1.61239917664e-08
   "BPM_A.7R2.B1"           452.693                 1      75.313136292 1.48323969742e-08       85.21587822        1.05258811     81.8713517168 1.61239917664e-08
     "BPM.8R2.B1"       494.1300106                 1     100.510457137 1.48323969742e-08       113.0897601       1.134746992     109.262837702 1.61239917664e-08
     "BPM.9R2.B1"       533.1950212                 1     15.0731808046 1.48323969742e-08       15.94722448       1.292805637      16.385742885 1.61239917664e-08
    "BPM.10R2.B1"       573.6580318                 1     156.742996561 1.48323969742e-08       171.7411105       1.460281322     170.392067472 1.61239917664e-08
    "BPM.11R2.B1"       625.4967424                 1     30.4647983893 1.48323969742e-08       32.90159014       1.566688573      33.117651803 1.61239917664e-08
    "BPM.12R2.B1"       680.2202583                 1     158.841133163 1.48323969742e-08       174.1654418       1.709291425     172.672908347 1.61239917664e-08
    "BPM.13R2.B1"       733.6687742                 1     31.0445035837 1.48323969742e-08       33.14947812       1.822798755     33.7478373218 1.61239917664e-08
    "BPM.14R2.B1"       787.1172901                 1     159.532662241 1.48323969742e-08         170.35043       1.960490566     173.424655296 1.61239917664e-08
    "BPM.15R2.B1"        840.565806                 1     31.9318001295 1.48323969742e-08       34.55300863       2.072703938     34.7123990324 1.61239917664e-08
    "BPM.16R2.B1"       894.0143219                 1     152.840964909 1.48323969742e-08       168.8433479       2.207282493     166.150249623 1.61239917664e-08
    "BPM.17R2.B1"       947.4628378                 1     31.9807444229 1.48323969742e-08       33.10170512       2.323083936     34.7656053608 1.61239917664e-08
    "BPM.18R2.B1"       1000.911354                 1      159.54762716 1.48323969742e-08       170.3630625       2.460771013     173.440923349 1.61239917664e-08
    "BPM.19R2.B1"        1054.35987                 1     31.4729613291 1.48323969742e-08       34.55282647       2.572979721     34.2136048691 1.61239917664e-08
    "BPM.20R2.B1"       1107.808386                 1     152.920454989 1.48323969742e-08       168.8307202       2.707565464     166.236661644 1.61239917664e-08
    "BPM.21R2.B1"       1161.256901                 1     31.1279895799 1.48323969742e-08       33.10189183       2.823371809     33.8385932204 1.61239917664e-08
    "BPM.22R2.B1"       1214.705417                 1     157.304014255 1.48323969742e-08       170.3756854        2.96105144     171.001938195 1.61239917664e-08
    "BPM.23R2.B1"       1268.153933                 1     30.9033966596 1.48323969742e-08       33.11661624       3.076157208     33.5944429051 1.61239917664e-08
    "BPM.24R2.B1"       1321.602449                 1     162.178293046 1.48323969742e-08       170.3730582       3.213836773     176.300665788 1.61239917664e-08
    "BPM.26R2.B1"       1428.499481                 1     169.002115763 1.48323969742e-08       170.3757138       3.466622864     183.718702231 1.61239917664e-08
    "BPM.27R2.B1"       1481.947997                 1     30.2239940128 1.48323969742e-08       33.11659909       3.581728657     32.8558783492 1.61239917664e-08
    "BPM.28R2.B1"       1535.396513                 1     165.836197624 1.48323969742e-08       170.3730331       3.719408284     180.277098146 1.61239917664e-08
    "BPM.29R2.B1"       1588.845029                 1     31.6879509446 1.48323969742e-08       33.11640494       3.834515594     34.4473156305 1.61239917664e-08
    "BPM.30R2.B1"       1642.293545                 1     162.044749294 1.48323969742e-08       170.3757357       3.972194287     176.155493138 1.61239917664e-08
    "BPM.33R2.B1"       1802.639092                 1     31.3528284242 1.48323969742e-08       33.11642281       4.340087075     34.0830108745 1.61239917664e-08
    "BPM.34R2.B1"       1856.087608                 1      161.87520611 1.48323969742e-08       170.3757509        4.47776571     175.971186252 1.61239917664e-08
    "BPM.33L3.B1"       1909.536124                 1     31.3888977026 1.48323969742e-08       33.11656339       4.592871563     34.1222210405 1.61239917664e-08
    "BPM.32L3.B1"        1962.98464                 1     156.339639252 1.48323969742e-08       170.3730027       4.730551308      169.95358609 1.61239917664e-08
    "BPM.31L3.B1"       2016.433156                 1     31.0310430601 1.48323969742e-08       33.11644104       4.845658554     33.7332046651 1.61239917664e-08
    "BPM.30L3.B1"       2069.881672                 1     155.617597831 1.48323969742e-08       170.3757594       4.983337132     169.168669804 1.61239917664e-08
    "BPM.29L3.B1"       2123.330188                 1     29.4068264583 1.48323969742e-08         33.116545       5.098443021     31.9675524136 1.61239917664e-08
    "BPM.28L3.B1"       2176.778704                 1     155.321668075 1.48323969742e-08       170.3729976        5.23612282     168.846970691 1.61239917664e-08
    "BPM.27L3.B1"        2230.22722                 1     31.4261459494 1.48323969742e-08       33.11645955       5.351230029     34.1627128387 1.61239917664e-08
    "BPM.26L3.B1"       2283.675735                 1     158.088051232 1.48323969742e-08       170.3757611       5.488908554     171.854248567 1.61239917664e-08
    "BPM.25L3.B1"       2337.124251                 1     32.3801201521 1.48323969742e-08       33.11652639       5.604014482     35.1997584502 1.61239917664e-08
    "BPM.24L3.B1"       2390.572767                 1     157.904719605 1.48323969742e-08       170.3729992       5.741694333     171.654952549 1.61239917664e-08
    "BPM.23L3.B1"       2444.021283                 1     31.5133480803 1.48323969742e-08       33.11647824       5.856801501     34.2575084704 1.61239917664e-08
    "BPM.22L3.B1"       2497.469799                 1     161.872507234 1.48323969742e-08       170.3757561       5.994479976      175.96825236 1.61239917664e-08
    "BPM.21L3.B1"       2550.918315                 1     30.8050452719 1.48323969742e-08       33.11650764       6.109585946      33.487527147 1.61239917664e-08
    "BPM.20L3.B1"       2604.366831                 1     153.316436713 1.48323969742e-08       168.7740195       6.248110946      166.66712518 1.61239917664e-08
    "BPM.19L3.B1"       2657.815347                 1     30.7362292809 1.48323969742e-08       34.54002499       6.360982089     33.4127187075 1.61239917664e-08
    "BPM.18L3.B1"       2711.263863                 1     167.365325355 1.48323969742e-08       170.4266924       6.494760431     181.939381255 1.61239917664e-08
    "BPM.17L3.B1"       2764.712379                 1     34.2373011784 1.48323969742e-08       33.11556542       6.609873695     37.2186615061 1.61239917664e-08
    "BPM.16L3.B1"       2818.160894                 1     152.612602867 1.48323969742e-08       168.7871945       6.748394012     165.902001973 1.61239917664e-08
    "BPM.14L3.B1"       2925.057926                 1  0.00524885372667 1.48323969742e-08       170.4135122       6.995040774  0.00570592025142 1.61239917664e-08
    "BPM.13L3.B1"       2978.506442                 1     31.9551571671 1.48323969742e-08       33.11463215       7.110161452     34.7377899846 1.61239917664e-08
    "BPM.12L3.B1"       3031.954958                 1     168.662551124 1.48323969742e-08       171.5175732       7.247251311      183.34956854 1.61239917664e-08
    "BPM.11L3.B1"       3085.403474                 1     26.0394317901 1.48323969742e-08        28.2592413       7.373708861     28.3069273642 1.61239917664e-08
    "BPM.10L3.B1"       3138.184185                 1     162.867299217 1.48323969742e-08       172.7569671       7.522788108     177.049670135 1.61239917664e-08
     "BPM.9L3.B1"       3177.249195                 1     49.3763799725 1.48323969742e-08       54.93815126       7.583724784     53.6760407315 1.61239917664e-08
     "BPM.8L3.B1"       3217.712206                 1     159.526018572 1.48323969742e-08       175.5991319       7.660416551     173.417433101 1.61239917664e-08
     "BPM.7L3.B1"       3256.776216                 1     52.8194575724 1.48323969742e-08       58.10046323       7.719364003     57.4189391295 1.61239917664e-08
     "BPM.6L3.B1"       3329.415216                 1     183.417897571 1.48323969742e-08       206.7756234       7.831510896     199.389800272 1.61239917664e-08
  "BPMWG.A5L3.B1"       3371.119716                 1     55.4679531323 1.48323969742e-08       68.26217692       7.888594994     60.2980638371 1.61239917664e-08
    "BPMW.5L3.B1"       3400.089716                 1     43.4852131889 1.48323969742e-08       56.59279169       7.971952656     47.2718752499 1.61239917664e-08
   "BPMWE.4L3.B1"       3475.217716                 1     225.943194192 1.48323969742e-08       272.6641978        8.07532486     245.618170089 1.61239917664e-08
    "BPMW.4L3.B1"       3502.762716                 1     220.149162432 1.48323969742e-08       250.6035005       8.090528029     239.319598081 1.61239917664e-08
    "BPMW.4R3.B1"       3547.727716                 1     40.2467024378 1.48323969742e-08       44.32448505       8.160679045     43.7513572393 1.61239917664e-08
   "BPMWE.4R3.B1"       3575.272716                 1     25.5888430641 1.48323969742e-08       30.72266468       8.308322669      27.817101686 1.61239917664e-08
    "BPMW.5R3.B1"       3650.400716                 1     282.805392831 1.48323969742e-08       347.6581685       8.437850831      307.43188936 1.61239917664e-08
  "BPMWJ.A5R3.B1"       3679.118716                 1     245.208083716 1.48323969742e-08       302.5649998       8.450477678     266.560632768 1.61239917664e-08
   "BPMWC.6R3.B1"       3718.936716                 1     55.0019297534 1.48323969742e-08       64.79675564       8.496370937     59.7914594671 1.61239917664e-08
    "BPMR.6R3.B1"       3731.015216                 1     34.4329532564 1.48323969742e-08       39.70879417       8.536481749     37.4313508307 1.61239917664e-08
     "BPM.8R3.B1"       3825.903227                 1     29.0400505603 1.48323969742e-08        35.2651492       8.835957198     31.5688379259 1.61239917664e-08
     "BPM.9R3.B1"       3864.968238                 1     111.653146788 1.48323969742e-08       128.5117235       8.940088827     121.375825002 1.61239917664e-08
    "BPM.10R3.B1"       3905.431248                 1     48.0865598959 1.48323969742e-08       54.67179092       9.014821952     52.2739040216 1.61239917664e-08
    "BPM.11R3.B1"       3958.211959                 1     172.774752266 1.48323969742e-08       183.5210003       9.107876696     187.819857292 1.61239917664e-08
    "BPM.12R3.B1"       4012.935475                 1     45.4094805562 1.48323969742e-08       42.56129302       9.208659941     49.3637064785 1.61239917664e-08
    "BPM.13R3.B1"       4066.383991                 1     164.453871779 1.48323969742e-08       170.7795851       9.325472939     178.774400331 1.61239917664e-08
    "BPM.14R3.B1"       4119.832506                 1     29.4340278196 1.48323969742e-08       33.11851399       9.440563908     31.9971224505 1.61239917664e-08
    "BPM.18R3.B1"        4333.62657                 1     30.2749480698 1.48323969742e-08       33.11755551        9.94085164       32.91126945 1.61239917664e-08
    "BPM.19R3.B1"       4387.075086                 1     158.852049477 1.48323969742e-08        168.762939       10.07937985     172.684775246 1.61239917664e-08
    "BPM.22R3.B1"       4547.420634                 1     28.5648106273 1.48323969742e-08       33.11660593       10.44113938     31.0522144308 1.61239917664e-08
    "BPM.27R3.B1"       4814.663213                 1     163.203342894 1.48323969742e-08       170.3750681       11.08438929     177.414976262 1.61239917664e-08
    "BPM.28R3.B1"       4868.111729                 1     33.5892694938 1.48323969742e-08       33.11637287       11.19949583     36.5141996739 1.61239917664e-08
    "BPM.29R3.B1"       4921.560245                 1     175.800844621 1.48323969742e-08       170.3737166       11.33717572     191.109459661 1.61239917664e-08
    "BPM.30R3.B1"       4975.008761                 1      30.017816742 1.48323969742e-08       33.11662759       11.45228227     32.6317473053 1.61239917664e-08
    "BPM.31R3.B1"       5028.457277                 1     168.872048621 1.48323969742e-08       170.3750152       11.58996073     183.577308933 1.61239917664e-08
    "BPM.32R3.B1"       5081.905793                 1     31.1555766703 1.48323969742e-08       33.11636264       11.70506732     33.8685825753 1.61239917664e-08
    "BPM.33R3.B1"       5135.354309                 1     150.645839232 1.48323969742e-08       170.3737711       11.84274721     163.763973932 1.61239917664e-08
    "BPM.34R3.B1"       5188.802825                 1     30.5014832457 1.48323969742e-08       33.11663749       11.95785372     33.1575311512 1.61239917664e-08
    "BPM.33L4.B1"        5242.25134                 1      159.46294537 1.48323969742e-08       170.3749591       12.09553218     173.348867528 1.61239917664e-08
    "BPM.32L4.B1"       5295.699856                 1      30.521680039 1.48323969742e-08       33.11635308       12.21063881     33.1794866671 1.61239917664e-08
    "BPM.31L4.B1"       5349.148372                 1      161.50730866 1.48323969742e-08       170.3738287       12.34831869     175.571252548 1.61239917664e-08
    "BPM.30L4.B1"       5402.596888                 1     30.2888294379 1.48323969742e-08       33.11664671       12.46342516      32.926359598 1.61239917664e-08
    "BPM.29L4.B1"       5456.045404                 1     166.838542482 1.48323969742e-08       170.3749002       12.60110363     181.366726496 1.61239917664e-08
    "BPM.28L4.B1"        5509.49392                 1     29.6830012147 1.48323969742e-08       33.11634423        12.7162103     32.2677762753 1.61239917664e-08
    "BPM.27L4.B1"       5562.942436                 1     159.476977681 1.48323969742e-08       170.3738889       12.85389018     173.364121763 1.61239917664e-08
    "BPM.26L4.B1"       5616.390952                 1     29.9519385427 1.48323969742e-08       33.11665519        12.9689966     32.5601324784 1.61239917664e-08
    "BPM.25L4.B1"       5669.839468                 1     156.858946549 1.48323969742e-08       170.3748387       13.10667508     170.518114304 1.61239917664e-08
    "BPM.24L4.B1"       5723.287984                 1     31.3194236417 1.48323969742e-08       33.11633612       13.22178179     34.0466972268 1.61239917664e-08
    "BPM.23L4.B1"         5776.7365                 1     156.423232325 1.48323969742e-08       170.3739515       13.35946166     170.044458389 1.61239917664e-08
    "BPM.22L4.B1"       5830.185015                 1     30.5675123886 1.48323969742e-08        33.1166629       13.47456804     33.2293100658 1.61239917664e-08
    "BPM.21L4.B1"       5883.633531                 1     162.000346805 1.48323969742e-08        170.374775       13.61224654     176.107224112 1.61239917664e-08
    "BPM.20L4.B1"       5937.082047                 1     32.0331989597 1.48323969742e-08        34.5523301       13.72445156     34.8226276021 1.61239917664e-08
    "BPM.19L4.B1"       5990.530563                 1     157.295348153 1.48323969742e-08       168.8189486       13.85904485     170.992517456 1.61239917664e-08
    "BPM.18L4.B1"       6043.979079                 1     29.7987197262 1.48323969742e-08       33.10237926        13.9748551     32.3935714741 1.61239917664e-08
    "BPM.17L4.B1"       6097.427595                 1     163.052119182 1.48323969742e-08       170.3873833       14.11252694     177.250584094 1.61239917664e-08
    "BPM.16L4.B1"       6150.876111                 1      34.906121903 1.48323969742e-08       34.55213024       14.22472735     37.9457226733 1.61239917664e-08
    "BPM.15L4.B1"       6204.324627                 1     159.373143832 1.48323969742e-08       168.8063453       14.35932787     173.251246134 1.61239917664e-08
    "BPM.14L4.B1"       6257.773143                 1      31.070776403 1.48323969742e-08       33.10258368       14.47514296     33.7763979599 1.61239917664e-08
    "BPM.13L4.B1"       6311.221659                 1      166.54873189 1.48323969742e-08       170.3999817       14.61280733       181.0516794 1.61239917664e-08
    "BPM.12L4.B1"       6364.670174                 1     32.3582045318 1.48323969742e-08       33.66441246       14.72676903      35.175934433 1.61239917664e-08
    "BPM.11L4.B1"        6418.11869                 1     154.620864485 1.48323969742e-08       166.5763012       14.86492988     168.085141614 1.61239917664e-08
    "BPM.10L4.B1"       6469.957401                 1     32.3128496117 1.48323969742e-08       31.52780044       14.98126706     35.1266300381 1.61239917664e-08
     "BPM.9L4.B1"       6509.022412                 1     99.8458946154 1.48323969742e-08        111.000041       15.10739803     108.540405539 1.61239917664e-08
     "BPM.8L4.B1"       6549.485422                 1      22.294007393 1.48323969742e-08       21.02823162       15.23843666     24.2353540207 1.61239917664e-08
     "BPM.7L4.B1"       6588.549433                 1      87.444712017 1.48323969742e-08       103.4394451       15.41380548     95.0593366018 1.61239917664e-08
   "BPMYB.6L4.B1"       6685.153433                 1     106.353005888 1.48323969742e-08       134.8490532       15.55382553     115.614151527 1.61239917664e-08
   "BPMYA.5L4.B1"       6722.153433                 1     363.155969989 1.48323969742e-08       431.6814919       15.57941125     394.779338783 1.61239917664e-08
  "BPMWI.A5L4.B1"       6798.755933                 1     261.074847054 1.48323969742e-08       315.6044425        15.6113604       283.8090628 1.61239917664e-08
  "BPMWA.B5L4.B1"       6824.619933                 1     237.115624791 1.48323969742e-08       277.6303821       15.62528443     257.763488159 1.61239917664e-08
  "BPMWA.A5L4.B1"       6833.504933                 1     220.446867556 1.48323969742e-08       266.1917904       15.63048707      239.64322716 1.61239917664e-08
  "BPMWA.A5R4.B1"       6881.553933                 1     178.129924961 1.48323969742e-08       218.5680628       15.66240457     193.641354694 1.61239917664e-08
  "BPMWA.B5R4.B1"       6890.438933                 1     171.215631454 1.48323969742e-08       212.3939333       15.66896959     186.124969326 1.61239917664e-08
   "BPMYB.5R4.B1"       6992.829433                 1     183.983821622 1.48323969742e-08       217.2561595       15.75149725     200.005004596 1.61239917664e-08
   "BPMYA.6R4.B1"       7024.393433                 1     406.171209719 1.48323969742e-08       486.1398227       15.76697937     441.540315612 1.61239917664e-08
     "BPM.7R4.B1"       7120.909433                 1     21.3686527433 1.48323969742e-08       22.79889128       15.93450269     23.2294201329 1.61239917664e-08
     "BPM.8R4.B1"       7158.698443                 1     104.375969034 1.48323969742e-08       113.0607275       16.07991314     113.464955681 1.61239917664e-08
     "BPM.9R4.B1"       7197.763454                 1      16.899392149 1.48323969742e-08        18.5713731       16.21624484     18.3709794406 1.61239917664e-08
    "BPM.10R4.B1"       7238.226465                 1      145.49874549 1.48323969742e-08       152.1990454        16.3816195     158.168674853 1.61239917664e-08
    "BPM.11R4.B1"       7290.065175                 1     31.8289612268 1.48323969742e-08       34.70392971       16.49278171     34.6006049897 1.61239917664e-08
    "BPM.12R4.B1"       7344.788691                 1     149.223815064 1.48323969742e-08        170.420853        16.6284393      162.21812089 1.61239917664e-08
    "BPM.13R4.B1"       7398.237207                 1     29.9307203704 1.48323969742e-08       33.47884206       16.74286491     32.5370666424 1.61239917664e-08
    "BPM.14R4.B1"       7451.685723                 1     163.494918636 1.48323969742e-08       171.6773885       16.87901446     177.731942216 1.61239917664e-08
    "BPM.15R4.B1"       7505.134239                 1     32.8438382005 1.48323969742e-08       33.49086865       16.99285025     35.7038567431 1.61239917664e-08
    "BPM.16R4.B1"       7558.582755                 1     156.379714185 1.48323969742e-08       171.6764447       17.12900082     169.997150719 1.61239917664e-08
    "BPM.17R4.B1"       7612.031271                 1     33.7260351183 1.48323969742e-08       33.49130626       17.24283608     36.6628747538 1.61239917664e-08
    "BPM.18R4.B1"       7665.479786                 1     159.188012328 1.48323969742e-08       171.6773889       17.37898495     173.049993508 1.61239917664e-08
    "BPM.19R4.B1"       7718.928302                 1     31.4027659431 1.48323969742e-08        33.4908687       17.49282073     34.1372969177 1.61239917664e-08
    "BPM.20R4.B1"       7772.376818                 1     156.591544174 1.48323969742e-08       171.6764442        17.6289713     170.227426717 1.61239917664e-08
    "BPM.21R4.B1"       7825.825334                 1     29.7851903117 1.48323969742e-08       33.49130622       17.74280656     32.3788639276 1.61239917664e-08
    "BPM.22R4.B1"        7879.27385                 1     160.471233647 1.48323969742e-08       171.6773894       17.87895543     174.444956845 1.61239917664e-08
    "BPM.23R4.B1"       7932.722366                 1     31.5891563894 1.48323969742e-08       33.49177445       17.99278936     34.3399181143 1.61239917664e-08
    "BPM.24R4.B1"       7986.170882                 1     148.010511319 1.48323969742e-08       171.6788307       18.12893623     160.899163501 1.61239917664e-08
    "BPM.25R4.B1"       8039.619398                 1     33.8332920139 1.48323969742e-08       33.49132722       18.24277051     36.7794715051 1.61239917664e-08
    "BPM.26R4.B1"       8093.067914                 1     166.712592051 1.48323969742e-08       171.6773888       18.37891937      181.22980839 1.61239917664e-08
    "BPM.27R4.B1"        8146.51643                 1     31.1518202844 1.48323969742e-08       33.49177437       18.49275331     33.8644990859 1.61239917664e-08
    "BPM.28R4.B1"       8199.964946                 1     158.615475801 1.48323969742e-08       171.6788313       18.62890018     172.427600899 1.61239917664e-08
    "BPM.29R4.B1"       8253.413461                 1     30.8924852974 1.48323969742e-08        33.4913273       18.74273446      33.582581389 1.61239917664e-08
    "BPM.30R4.B1"       8306.861977                 1     162.309329483 1.48323969742e-08       171.6773882       18.87888332     176.443112785 1.61239917664e-08
    "BPM.31R4.B1"       8360.310493                 1     34.4736433791 1.48323969742e-08        33.4917743       18.99271725     37.4755842209 1.61239917664e-08
    "BPM.32R4.B1"       8413.759009                 1     151.680137184 1.48323969742e-08       171.6788318       19.12886413     164.888337829 1.61239917664e-08
    "BPM.33R4.B1"       8467.207525                 1      28.583998831 1.48323969742e-08       33.49132738        19.2426984     31.0730735298 1.61239917664e-08
    "BPM.34R4.B1"       8520.656041                 1     160.387846469 1.48323969742e-08       171.6773877       19.37884727      174.35430837 1.61239917664e-08
    "BPM.33L5.B1"       8574.104557                 1      31.150734505 1.48323969742e-08       33.49177422        19.4926812     33.8633187577 1.61239917664e-08
    "BPM.32L5.B1"       8627.553073                 1     149.354271133 1.48323969742e-08       171.6788324       19.62882807     162.359936982 1.61239917664e-08
    "BPM.31L5.B1"       8681.001589                 1      30.270715273 1.48323969742e-08       33.49132746       19.74266235     32.9066680642 1.61239917664e-08
    "BPM.30L5.B1"       8734.450105                 1     160.872745712 1.48323969742e-08       171.6773871       19.87881121     174.881432301 1.61239917664e-08
    "BPM.29L5.B1"        8787.89862                 1     30.3772545409 1.48323969742e-08       33.49177414       19.99264515     33.0224846973 1.61239917664e-08
    "BPM.28L5.B1"       8841.347136                 1     157.409004652 1.48323969742e-08        171.678833       20.12879202     171.116071084 1.61239917664e-08
    "BPM.27L5.B1"       8894.795652                 1     28.8806507475 1.48323969742e-08       33.49132754       20.24262629     31.3955576886 1.61239917664e-08
    "BPM.24L5.B1"         9055.1412                 1     153.247107943 1.48323969742e-08       171.6788335       20.62875597     166.591759309 1.61239917664e-08
    "BPM.23L5.B1"       9108.589716                 1     30.1454121909 1.48323969742e-08       33.49132762       20.74259024      32.770453677 1.61239917664e-08
    "BPM.22L5.B1"       9162.038232                 1     168.295004594 1.48323969742e-08        171.677386       20.87873911     182.950016314 1.61239917664e-08
    "BPM.21L5.B1"       9215.486748                 1     31.4374046774 1.48323969742e-08       33.49177398       20.99257304     34.1749519689 1.61239917664e-08
    "BPM.20L5.B1"       9268.935264                 1      160.87773936 1.48323969742e-08        171.676489       21.12872111     174.886860792 1.61239917664e-08
    "BPM.16L5.B1"       9482.729327                 1     155.623625487 1.48323969742e-08       171.6764903       21.62869159     169.175222344 1.61239917664e-08
    "BPM.15L5.B1"       9536.177843                 1     31.3733969945 1.48323969742e-08       33.49040098        21.7425287     34.1053705416 1.61239917664e-08
    "BPM.14L5.B1"       9589.626359                 1      170.91440031 1.48323969742e-08       171.6773425       21.87868007     185.797507184 1.61239917664e-08
    "BPM.13L5.B1"       9643.074875                 1     33.2056648858 1.48323969742e-08       33.49177397       21.99251401      36.097191044 1.61239917664e-08
    "BPM.12L5.B1"       9696.523391                 1     157.272663223 1.48323969742e-08       168.1512586       22.13049826     170.967857137 1.61239917664e-08
    "BPM.11L5.B1"       9749.971907                 1     33.2254251674 1.48323969742e-08        37.5248342        22.2382219     36.1186720371 1.61239917664e-08
    "BPM.10L5.B1"       9802.752617                 1     148.768919663 1.48323969742e-08       150.3503314       22.36968741     161.723613514 1.61239917664e-08
     "BPM.9L5.B1"       9841.817628                 1     19.4327198028 1.48323969742e-08       21.32865309       22.47730301     21.1249075011 1.61239917664e-08
     "BPM.8L5.B1"       9882.280639                 1     112.907746942 1.48323969742e-08       118.0728601       22.66146928     122.739674863 1.61239917664e-08
    "BPMR.7L5.B1"       9921.346649                 1      30.169150632 1.48323969742e-08       30.35294283       22.76050366      32.796259245 1.61239917664e-08
     "BPM.6L5.B1"       9958.240649                 1     149.463000516 1.48323969742e-08       176.9865915       22.86409762     162.478134444 1.61239917664e-08
    "BPMR.5L5.B1"       9990.140649                 1     386.328922393 1.48323969742e-08       462.1055391       22.88181088     419.970175734 1.61239917664e-08
   "BPMYA.4L5.B1"       10017.54665                 1     843.181367019 1.48323969742e-08       1054.043045        22.8881843      916.60501287 1.61239917664e-08
   "BPMWB.4L5.B1"       10038.68115                 1     1077.67357661 1.48323969742e-08       1315.864719       22.89098702     1171.51664066 1.61239917664e-08
   "BPMSY.4L5.B1"       10131.46115                 1     2110.14651473 1.48323969742e-08       2485.073071       22.89915642     2293.89660274 1.61239917664e-08
    "BPMS.2L5.B1"       10158.24665                 1     3077.48711748 1.48323969742e-08       3889.910817       22.90029854     3345.47255106 1.61239917664e-08
   "BPMSW.1L5.B1"       10168.21165                 1     1009.75277621 1.48323969742e-08       1162.912886       22.90113517      1097.6813443 1.61239917664e-08
   "BPMSW.1R5.B1"       10211.33965                 1      1030.9062223 1.48323969742e-08       1162.912184       23.39523136     1120.67681773 1.61239917664e-08
    "BPMS.2R5.B1"       10221.30465                 1     312.962865737 1.48323969742e-08       1466.574275       23.39630629     340.215453991 1.61239917664e-08
   "BPMWB.4R5.B1"       10340.87015                 1     712.389312667 1.48323969742e-08       817.3344555        23.4051606      774.42367757 1.61239917664e-08
   "BPMYA.4R5.B1"       10362.00265                 1     310.837408815 1.48323969742e-08       369.6082815       23.41139683     337.904913762 1.61239917664e-08
     "BPM.5R5.B1"       10383.12065                 1     155.317746674 1.48323969742e-08       168.4295663       23.42488375     168.842707818 1.61239917664e-08
    "BPMR.6R5.B1"       10415.02065                 1     7.36051443695 1.48323969742e-08       8.430381443       23.58150134      8.0014629048 1.61239917664e-08
   "BPM_A.7R5.B1"       10449.03465                 1     126.163728799 1.48323969742e-08       141.2419446       23.85403894     137.149978383 1.61239917664e-08
     "BPM.8R5.B1"       10490.47364                 1     19.4808242406 1.48323969742e-08       18.49863175       23.96924729     21.1772008398 1.61239917664e-08
     "BPM.9R5.B1"       10529.54063                 1     93.4844842285 1.48323969742e-08       110.3220925       24.17193213     101.625047969 1.61239917664e-08
    "BPM.10R5.B1"       10570.00562                 1     33.1652983547 1.48323969742e-08       38.03706263       24.26381535     36.0533094235 1.61239917664e-08
    "BPM.11R5.B1"       10622.78831                 1     177.395122299 1.48323969742e-08       181.7845149       24.38513182     192.842565927 1.61239917664e-08
    "BPM.12R5.B1"       10677.51479                 1     34.0490584667 1.48323969742e-08         34.790099       24.49695998     37.0140267502 1.61239917664e-08
    "BPM.13R5.B1"       10730.96627                 1     155.312958134 1.48323969742e-08       171.7494436       24.62968881     168.837502295 1.61239917664e-08
    "BPM.14R5.B1"       10784.41776                 1      29.943767796 1.48323969742e-08       33.48864627        24.7435307     32.5512502287 1.61239917664e-08
    "BPM.15R5.B1"       10837.86924                 1     163.709482447 1.48323969742e-08       171.6886063       24.87969107     177.965190094 1.61239917664e-08
    "BPM.16R5.B1"       10891.32073                 1     33.5648159814 1.48323969742e-08       33.48817036       24.99353555     36.4876167668 1.61239917664e-08
    "BPM.17R5.B1"       10944.77221                 1     159.137882767 1.48323969742e-08       171.6923318       25.12969523       172.9954987 1.61239917664e-08
    "BPM.18R5.B1"        10998.2237                 1     28.9587637751 1.48323969742e-08       33.48864624       25.24353723     31.4804727441 1.61239917664e-08
    "BPM.19R5.B1"       11051.67518                 1     161.720164138 1.48323969742e-08       171.6886062        25.3796976     175.802643333 1.61239917664e-08
    "BPM.20R5.B1"       11105.12666                 1      30.793552586 1.48323969742e-08       33.48817039       25.49354209     33.4750336861 1.61239917664e-08
    "BPM.21R5.B1"       11158.57815                 1     153.301550615 1.48323969742e-08       171.6923319       25.62970177     166.650942812 1.61239917664e-08
    "BPM.22R5.B1"       11212.02963                 1     30.3334746857 1.48323969742e-08       33.48864622       25.74354377     32.9748925229 1.61239917664e-08
    "BPM.23R5.B1"       11265.48112                 1     167.892586132 1.48323969742e-08       171.6909512       25.87970295     182.512555533 1.61239917664e-08
    "BPM.24R5.B1"        11318.9326                 1     31.4933929006 1.48323969742e-08       33.48909703       25.99354459     34.2358156076 1.61239917664e-08
    "BPM.25R5.B1"       11372.38408                 1     148.269056141 1.48323969742e-08       171.6923727       26.12970177     161.180222225 1.61239917664e-08
    "BPM.26R5.B1"       11425.83557                 1     30.8835547391 1.48323969742e-08       33.48864622       26.24354377     33.5728731639 1.61239917664e-08
    "BPM.27R5.B1"       11479.28705                 1     167.595934516 1.48323969742e-08       171.6909512       26.37970295     182.190071702 1.61239917664e-08
    "BPM.28R5.B1"       11532.73854                 1     31.5428888652 1.48323969742e-08       33.48909703       26.49354459     34.2896216463 1.61239917664e-08
    "BPM.29R5.B1"       11586.19002                 1     164.418566885 1.48323969742e-08       171.6923727       26.62970177     178.736021111 1.61239917664e-08
    "BPM.30R5.B1"        11639.6415                 1     31.9231023749 1.48323969742e-08       33.48864622       26.74354377     34.7029438835 1.61239917664e-08
    "BPM.31R5.B1"       11693.09299                 1     166.808264281 1.48323969742e-08       171.6909512       26.87970295     181.333811691 1.61239917664e-08
    "BPM.32R5.B1"       11746.54447                 1     30.2953488116 1.48323969742e-08       33.48909703       26.99354459     32.9334466742 1.61239917664e-08
    "BPM.33R5.B1"       11799.99596                 1      154.63245585 1.48323969742e-08       171.6923727       27.12970177     168.097742346 1.61239917664e-08
    "BPM.34R5.B1"       11853.44744                 1     31.9429536789 1.48323969742e-08       33.48864622       27.24354377     34.7245238251 1.61239917664e-08
    "BPM.33L6.B1"       11906.89893                 1     166.165046544 1.48323969742e-08       171.6909512       27.37970295     180.634583001 1.61239917664e-08
    "BPM.30L6.B1"       12067.25338                 1     31.1424098244 1.48323969742e-08       33.48864622       27.74354377     33.8542691697 1.61239917664e-08
    "BPM.29L6.B1"       12120.70486                 1     172.914173579 1.48323969742e-08       171.6909512       27.87970295     187.971419316 1.61239917664e-08
    "BPM.28L6.B1"       12174.15635                 1      32.690106927 1.48323969742e-08       33.48909703       27.99354459     35.5367386574 1.61239917664e-08
    "BPM.27L6.B1"       12227.60783                 1     158.917425438 1.48323969742e-08       171.6923727       28.12970177       172.7558441 1.61239917664e-08
    "BPM.26L6.B1"       12281.05931                 1     30.3664433126 1.48323969742e-08       33.48864622       28.24354377     33.0107320348 1.61239917664e-08
    "BPM.25L6.B1"        12334.5108                 1     161.445190151 1.48323969742e-08       171.6909512       28.37970295     175.503724803 1.61239917664e-08
    "BPM.22L6.B1"       12494.86525                 1     30.4871271257 1.48323969742e-08       33.48864622       28.74354377     33.1419249102 1.61239917664e-08
    "BPM.21L6.B1"       12548.31673                 1     166.599412521 1.48323969742e-08       171.6909512       28.87970294     181.106773265 1.61239917664e-08
    "BPM.20L6.B1"       12601.76822                 1     33.2816887932 1.48323969742e-08       33.48819131       28.99354644     36.1798350602 1.61239917664e-08
    "BPM.19L6.B1"        12655.2197                 1     154.267833135 1.48323969742e-08       171.6899869       29.12970732      167.70136854 1.61239917664e-08
    "BPM.18L6.B1"       12708.67119                 1     31.4785877876 1.48323969742e-08        33.4886253       29.24355031     34.2197212757 1.61239917664e-08
    "BPM.17L6.B1"       12762.12267                 1     166.392167208 1.48323969742e-08       171.6909511       29.37970948     180.881481175 1.61239917664e-08
    "BPM.16L6.B1"       12815.57415                 1     30.2331385245 1.48323969742e-08        33.4881913       29.49355298     32.8658191586 1.61239917664e-08
    "BPM.15L6.B1"       12869.02564                 1     154.384197264 1.48323969742e-08        171.689987       29.62971385     167.827865576 1.61239917664e-08
    "BPM.14L6.B1"       12922.47712                 1     29.7198168448 1.48323969742e-08       33.48862531       29.74355684     32.3077977848 1.61239917664e-08
    "BPM.13L6.B1"       12975.92861                 1     162.264701296 1.48323969742e-08        171.690951       29.87971602     176.394598407 1.61239917664e-08
    "BPM.12L6.B1"       13029.38009                 1     31.3182154417 1.48323969742e-08       32.85380122       29.99488123     34.0453838177 1.61239917664e-08
    "BPM.11L6.B1"       13082.83158                 1     155.255294136 1.48323969742e-08       177.4262416       30.12992819     168.774816956 1.61239917664e-08
    "BPM.10L6.B1"       13134.67226                 1     24.3048604852 1.48323969742e-08       29.61362466       30.24585235     26.4213107989 1.61239917664e-08
     "BPM.9L6.B1"       13173.73925                 1     125.033417014 1.48323969742e-08       135.2126565       30.36561155     135.921239835 1.61239917664e-08
     "BPM.8L6.B1"       13214.20424                 1     16.4285980856 1.48323969742e-08       18.86386505       30.48833405     17.8591889583 1.61239917664e-08
   "BPMYA.5L6.B1"       13311.29423                 1     492.865541957 1.48323969742e-08       576.8072326        30.7339036     535.783929887 1.61239917664e-08
   "BPMYB.4L6.B1"       13347.69423                 1      189.67965341 1.48323969742e-08       225.3551484       30.74912326     206.196825446 1.61239917664e-08
   "BPMSE.4L6.B1"       13476.94473                 1     135.620045414 1.48323969742e-08       152.5292131       30.87890794     147.429744459 1.61239917664e-08
   "BPMSA.4R6.B1"       13568.51473                 1     221.522703264 1.48323969742e-08       254.5630301       30.95582807     240.812745892 1.61239917664e-08
   "BPMYA.4R6.B1"       13691.29423                 1     473.340260057 1.48323969742e-08       573.8297065       31.00787876     514.558400046 1.61239917664e-08
   "BPMYB.5R6.B1"       13727.69423                 1     104.194932254 1.48323969742e-08       120.7891535       31.02888512     113.268154344 1.61239917664e-08
     "BPM.8R6.B1"       13823.42122                 1     97.4918409634 1.48323969742e-08       106.2294544       31.35214226     105.981362535 1.61239917664e-08
    "BPM.10R6.B1"        13902.9532                 1     154.360709555 1.48323969742e-08       167.3166396       31.65352068     167.802332574 1.61239917664e-08
    "BPM.11R6.B1"       13954.79389                 1     33.4886081382 1.48323969742e-08       35.32712386       31.75757036     36.4047727976 1.61239917664e-08
    "BPM.12R6.B1"       14009.52037                 1     158.603999423 1.48323969742e-08       170.4229761       31.89361398     172.415125166 1.61239917664e-08
    "BPM.13R6.B1"       14062.97186                 1     29.2438317465 1.48323969742e-08       32.87662121       32.00924581     31.7903642358 1.61239917664e-08
    "BPM.14R6.B1"       14116.42334                 1     162.906213459 1.48323969742e-08       173.7588578       32.14617605     177.091973003 1.61239917664e-08
    "BPM.15R6.B1"       14169.87483                 1     29.4029128391 1.48323969742e-08       31.52267301       32.26333567     31.9632979991 1.61239917664e-08
    "BPM.16R6.B1"       14223.32631                 1     163.740701511 1.48323969742e-08       174.0748047       32.40416773     177.999127693 1.61239917664e-08
    "BPM.20R6.B1"       14437.13225                 1     166.321351199 1.48323969742e-08       174.5016795       32.91323081     180.804498557 1.61239917664e-08
    "BPM.21R6.B1"       14490.58373                 1     31.3631291695 1.48323969742e-08       32.91478852       33.02703912     34.0942086015 1.61239917664e-08
    "BPM.22R6.B1"       14544.03522                 1     169.860414868 1.48323969742e-08       172.9065002       33.16440245     184.651741424 1.61239917664e-08
    "BPM.23R6.B1"        14597.4867                 1     30.0972830627 1.48323969742e-08       32.89954089       33.27890599     32.7181334979 1.61239917664e-08
    "BPM.24R6.B1"       14650.93818                 1     160.573979629 1.48323969742e-08       172.9086952       33.41627076     174.556649875 1.61239917664e-08
    "BPM.25R6.B1"       14704.38967                 1     29.1434189311 1.48323969742e-08       32.90016379       33.53077209     31.6812075424 1.61239917664e-08
    "BPM.26R6.B1"       14757.84115                 1     160.152583566 1.48323969742e-08       172.9064302       33.66813632     174.098558938 1.61239917664e-08
    "BPM.30R6.B1"       14971.64709                 1     166.871471814 1.48323969742e-08       172.9063627       34.17187019     181.402523292 1.61239917664e-08
    "BPM.31R6.B1"       15025.09857                 1     30.3781362507 1.48323969742e-08       32.89955779       34.28637375     33.0234431857 1.61239917664e-08
    "BPM.32R6.B1"       15078.55006                 1     154.248322887 1.48323969742e-08       172.9088301       34.42373839     167.680159353 1.61239917664e-08
    "BPM.33R6.B1"       15132.00154                 1      29.185357696 1.48323969742e-08       32.90014622       34.53823971     31.7267983058 1.61239917664e-08
    "BPM.34R6.B1"       15185.45302                 1     164.055953575 1.48323969742e-08       172.9062979       34.67560406     178.341831687 1.61239917664e-08
    "BPM.33L7.B1"       15238.90451                 1     32.2279627281 1.48323969742e-08       32.89956723       34.79010763     35.0343512638 1.61239917664e-08
    "BPM.32L7.B1"       15292.35599                 1     160.784389655 1.48323969742e-08       172.9088936       34.92747221      174.78538226 1.61239917664e-08
    "BPM.31L7.B1"       15345.80748                 1      29.573278067 1.48323969742e-08       32.90013647       35.04197353     32.1484985123 1.61239917664e-08
    "BPM.30L7.B1"       15399.25896                 1     161.352932548 1.48323969742e-08       172.9062359       35.17933793     175.403433473 1.61239917664e-08
    "BPM.29L7.B1"       15452.71045                 1     32.8015836874 1.48323969742e-08        32.8995773        35.2938415     35.6579227364 1.61239917664e-08
    "BPM.28L7.B1"       15506.16193                 1     162.031789517 1.48323969742e-08       172.9089541       35.43120603     176.141404833 1.61239917664e-08
    "BPM.27L7.B1"       15559.61341                 1     31.3783670373 1.48323969742e-08       32.90012609       35.54570734     34.1107733723 1.61239917664e-08
    "BPM.26L7.B1"        15613.0649                 1     158.306056679 1.48323969742e-08       172.9061768        35.6830718     172.091237776 1.61239917664e-08
    "BPM.25L7.B1"       15666.51638                 1     31.2906397866 1.48323969742e-08       32.89958798       35.79757538     34.0154068937 1.61239917664e-08
    "BPM.24L7.B1"       15719.96787                 1     154.962594469 1.48323969742e-08       172.9090116       35.93493984     168.456629206 1.61239917664e-08
    "BPM.23L7.B1"       15773.41935                 1     30.8152807708 1.48323969742e-08       32.90011511       36.04944115     33.4986539461 1.61239917664e-08
    "BPM.22L7.B1"       15826.87083                 1     159.841931335 1.48323969742e-08       172.9061209       36.18680568     173.760855327 1.61239917664e-08
    "BPM.21L7.B1"       15880.32232                 1     31.4344888639 1.48323969742e-08       32.89959925       36.30130925     34.1717822484 1.61239917664e-08
    "BPM.20L7.B1"        15933.7738                 1     168.674074315 1.48323969742e-08       174.5646964       36.43783228     183.362095162 1.61239917664e-08
    "BPM.19L7.B1"       15987.22529                 1     28.7640434013 1.48323969742e-08       31.52314421       36.55465792     31.2687962559 1.61239917664e-08
    "BPM.18L7.B1"       16040.67677                 1     154.412698073 1.48323969742e-08       173.2832302       36.69593289     167.858848216 1.61239917664e-08
    "BPM.17L7.B1"       16094.12825                 1     31.4712998714 1.48323969742e-08       32.92502084        36.8102053     34.2117987328 1.61239917664e-08
    "BPM.16L7.B1"       16147.57974                 1     176.186249626 1.48323969742e-08        174.119195       36.94689257     191.528425465 1.61239917664e-08
    "BPM.15L7.B1"       16201.03122                 1     27.6451904981 1.48323969742e-08       31.50229455       37.06394951     30.0525144216 1.61239917664e-08
    "BPM.14L7.B1"       16254.48271                 1      158.86496354 1.48323969742e-08        173.731458       37.20503681     172.698813857 1.61239917664e-08
    "BPM.13L7.B1"       16307.93419                 1     31.5856803305 1.48323969742e-08       32.94123056       37.31909572     34.3361393625 1.61239917664e-08
    "BPM.12L7.B1"       16361.38567                 1     152.233994778 1.48323969742e-08       168.3162799       37.45878799     165.490424956 1.61239917664e-08
    "BPM.11L7.B1"       16414.83716                 1     28.0310702496 1.48323969742e-08        31.4156062        37.5785266     30.4719963129 1.61239917664e-08
    "BPM.10L7.B1"       16467.61985                 1     139.686325048 1.48323969742e-08       159.4968211       37.72231549      151.85011289 1.61239917664e-08
     "BPM.9L7.B1"       16506.68684                 1     25.2633573997 1.48323969742e-08        25.8352186       37.81597601     27.4632729568 1.61239917664e-08
     "BPM.7L7.B1"       16586.21782                 1     59.4124686068 1.48323969742e-08        67.2066817       38.09126598     64.5860649703 1.61239917664e-08
     "BPM.6L7.B1"       16621.03582                 1     213.912655745 1.48323969742e-08       240.4385357       38.13795827     232.540020738 1.61239917664e-08
   "BPMWC.6L7.B1"       16633.13832                 1      207.77247875 1.48323969742e-08       238.4299536       38.14551791     225.865161409 1.61239917664e-08
   "BPMWE.5L7.B1"       16710.19232                 1     24.0221112126 1.48323969742e-08       28.93132311       38.33464748     26.1139399167 1.61239917664e-08
    "BPMW.5L7.B1"       16733.39732                 1     55.0096748724 1.48323969742e-08       65.83947785       38.43173704     59.7998790256 1.61239917664e-08
   "BPMWE.4L7.B1"       16768.48232                 1     231.345284115 1.48323969742e-08       277.5166264       38.47352541     251.490670238 1.61239917664e-08
    "BPMW.4L7.B1"       16796.58732                 1     299.046711253 1.48323969742e-08       342.5069838       38.48680076     325.087490472 1.61239917664e-08
    "BPMW.4R7.B1"       16912.63432                 1     40.5961316432 1.48323969742e-08       45.93433561       38.67484765     44.1312144965 1.61239917664e-08
   "BPMWE.4R7.B1"       16940.73932                 1     315.281249479 1.48323969742e-08       94.10543615       38.75102107     342.735720973 1.61239917664e-08
    "BPMW.5R7.B1"       16975.82432                 1     273.405747212 1.48323969742e-08       309.2923975       38.78398655     297.213729151 1.61239917664e-08
   "BPMWE.5R7.B1"       16999.02932                 1     290.085674692 1.48323969742e-08       349.9894117       38.79440234     315.346133092 1.61239917664e-08
    "BPMR.6R7.B1"       17078.24482                 1     55.1271731118 1.48323969742e-08        59.2828978        38.8870777     59.9276089299 1.61239917664e-08
   "BPM_A.7R7.B1"       17116.28082                 1     118.384539678 1.48323969742e-08        127.874134        38.9671717     128.693382895 1.61239917664e-08
     "BPM.9R7.B1"        17194.4138                 1     101.790290744 1.48323969742e-08       108.6113909       39.28496583     110.654118327 1.61239917664e-08
    "BPM.10R7.B1"       17234.87878                 1      33.426540546 1.48323969742e-08       34.81349859       39.38460427     36.3373004028 1.61239917664e-08
    "BPM.11R7.B1"       17287.66147                 1     165.725889244 1.48323969742e-08       179.6221878       39.51149712      180.15718419 1.61239917664e-08
    "BPM.12R7.B1"       17342.38796                 1     29.9265056722 1.48323969742e-08       30.98983344       39.63185931     32.5324849312 1.61239917664e-08
    "BPM.13R7.B1"       17395.83944                 1     157.422677554 1.48323969742e-08       171.9742438       39.77544702     171.130934612 1.61239917664e-08
    "BPM.14R7.B1"       17449.29093                 1      30.646744781 1.48323969742e-08       32.82282969        39.8904541     33.3154419597 1.61239917664e-08
    "BPM.15R7.B1"       17502.74241                 1     159.743120682 1.48323969742e-08       175.4195302       40.02674292     173.653440311 1.61239917664e-08
    "BPM.16R7.B1"       17556.19389                 1     29.2928103871 1.48323969742e-08       31.59138403        40.1430642     31.8436079023 1.61239917664e-08
    "BPM.17R7.B1"       17609.64538                 1     152.766723166 1.48323969742e-08       172.4144417        40.2846197     166.069542961 1.61239917664e-08
    "BPM.18R7.B1"       17663.09686                 1     29.6740525108 1.48323969742e-08       32.86554494       40.39936862     32.2580483244 1.61239917664e-08
    "BPM.19R7.B1"       17716.54835                 1     171.327224462 1.48323969742e-08       174.9991676       40.53575831     186.246279775 1.61239917664e-08
    "BPM.20R7.B1"       17769.99983                 1     28.6442595092 1.48323969742e-08       31.55282419        40.6523383     31.1385816659 1.61239917664e-08
    "BPM.21R7.B1"       17823.45131                 1     159.359940556 1.48323969742e-08       172.8432339          40.79377     173.236893126 1.61239917664e-08
    "BPM.22R7.B1"        17876.9028                 1     32.3397438992 1.48323969742e-08        32.8998236       40.90827269     35.1558662613 1.61239917664e-08
    "BPM.23R7.B1"       17930.35428                 1      158.55784468 1.48323969742e-08       172.9077162       41.04563718     172.364951301 1.61239917664e-08
    "BPM.24R7.B1"       17983.80577                 1     30.9901522683 1.48323969742e-08       32.89988454       41.16013951     33.6887531317 1.61239917664e-08
    "BPM.25R7.B1"       18037.25725                 1     161.487562133 1.48323969742e-08       172.9074405       41.29750398     175.549786508 1.61239917664e-08
    "BPM.26R7.B1"       18090.70874                 1     31.1440612755 1.48323969742e-08       32.89982464       41.41200654      33.856064428 1.61239917664e-08
    "BPM.27R7.B1"       18144.16022                 1     165.554192165 1.48323969742e-08       172.9077228       41.54937102     179.970535848 1.61239917664e-08
    "BPM.28R7.B1"        18197.6117                 1     31.9603456785 1.48323969742e-08       32.89988346       41.66387335     34.7434303079 1.61239917664e-08
    "BPM.29R7.B1"       18251.06319                 1     166.095360575 1.48323969742e-08       172.9074341       41.80123782     180.558828827 1.61239917664e-08
    "BPM.30R7.B1"       18304.51467                 1     30.2183183081 1.48323969742e-08       32.89982575       41.91574038     32.8497084081 1.61239917664e-08
    "BPM.31R7.B1"       18357.96616                 1      162.94344399 1.48323969742e-08        172.907729       42.05310486     177.132445542 1.61239917664e-08
    "BPM.32R7.B1"       18411.41764                 1     31.9753628833 1.48323969742e-08       32.89988233       42.16760719     34.7597552005 1.61239917664e-08
    "BPM.33R7.B1"       18464.86912                 1     166.649729171 1.48323969742e-08       172.9074281       42.30497167     181.161471454 1.61239917664e-08
    "BPM.34R7.B1"       18518.32061                 1     30.7591453777 1.48323969742e-08       32.89982691       42.41947423      33.437630322 1.61239917664e-08
    "BPM.33L8.B1"       18571.77209                 1     160.414284129 1.48323969742e-08       172.9077348       42.55683871     174.383048203 1.61239917664e-08
    "BPM.32L8.B1"       18625.22358                 1     31.3109011726 1.48323969742e-08       32.89988113       42.67134103     34.0374326271 1.61239917664e-08
    "BPM.31L8.B1"       18678.67506                 1     161.093742368 1.48323969742e-08       172.9074224       42.80870552     175.121673191 1.61239917664e-08
    "BPM.30L8.B1"       18732.12654                 1      31.276583716 1.48323969742e-08       32.89982814       42.92320808     34.0001268303 1.61239917664e-08
    "BPM.29L8.B1"       18785.57803                 1     163.642299504 1.48323969742e-08       172.9077404       43.06057255     177.892156907 1.61239917664e-08
    "BPM.28L8.B1"       18839.02951                 1     31.2733106507 1.48323969742e-08       32.89987987       43.17507487     33.9965687487 1.61239917664e-08
    "BPM.27L8.B1"         18892.481                 1     151.618375923 1.48323969742e-08        172.907417       43.31243937      164.82119844 1.61239917664e-08
    "BPM.26L8.B1"       18945.93248                 1     31.5505993215 1.48323969742e-08       32.89982943       43.42694193     34.2980035238 1.61239917664e-08
    "BPM.25L8.B1"       18999.38397                 1     168.690197354 1.48323969742e-08       172.9077455       43.56430639     183.379622185 1.61239917664e-08
    "BPM.24L8.B1"       19052.83545                 1     29.0718407602 1.48323969742e-08       32.89987856       43.67880871     31.6033963943 1.61239917664e-08
    "BPM.23L8.B1"       19106.28693                 1     155.383141351 1.48323969742e-08        172.907412       43.81617321     168.913797018 1.61239917664e-08
    "BPM.22L8.B1"       19159.73842                 1     31.7390668619 1.48323969742e-08       32.89983076       43.93067577     34.5028826862 1.61239917664e-08
    "BPM.21L8.B1"        19213.1899                 1     163.849737238 1.48323969742e-08       172.9077504       44.06804023     178.117658174 1.61239917664e-08
    "BPM.20L8.B1"       19266.64139                 1     29.8577153929 1.48323969742e-08       31.52453011        44.1855504     32.4577044423 1.61239917664e-08
    "BPM.19L8.B1"       19320.09287                 1     157.075908376 1.48323969742e-08       174.9181093       44.32590831     170.753969016 1.61239917664e-08
    "BPM.18L8.B1"       19373.54435                 1     32.0235321859 1.48323969742e-08       32.90461086       44.43957341     34.8121190524 1.61239917664e-08
    "BPM.17L8.B1"       19426.99584                 1     156.839216787 1.48323969742e-08       172.4966394       44.57718664     170.496666489 1.61239917664e-08
    "BPM.16L8.B1"       19480.44732                 1     29.3937996422 1.48323969742e-08       31.53886767       44.69483639     31.9533912314 1.61239917664e-08
    "BPM.15L8.B1"       19533.89881                 1     158.842691338 1.48323969742e-08       175.3213232       44.83492832     172.674602207 1.61239917664e-08
    "BPM.14L8.B1"       19587.35029                 1     30.5991109856 1.48323969742e-08        32.8858192       44.94847408     33.2636602466 1.61239917664e-08
    "BPM.13L8.B1"       19640.80177                 1      152.10719947 1.48323969742e-08       172.1026377       45.08635444     165.352588401 1.61239917664e-08
    "BPM.12L8.B1"       19694.25326                 1     28.0235469917 1.48323969742e-08       31.37293495       45.20455088      30.463817935 1.61239917664e-08
    "BPM.11L8.B1"       19747.70474                 1     159.793530042 1.48323969742e-08       172.5250638       45.34663709     173.708239282 1.61239917664e-08
    "BPM.10L8.B1"       19799.54543                 1     36.7374988468 1.48323969742e-08       36.73155567       45.45089375     39.9365746451 1.61239917664e-08
     "BPM.9L8.B1"       19838.61242                 1     107.974503499 1.48323969742e-08       116.6497955       45.56264025     117.376848019 1.61239917664e-08
     "BPM.8L8.B1"       19879.07741                 1     12.9159550555 1.48323969742e-08       14.69965899       45.72432814      14.040667421 1.61239917664e-08
     "BPM.7L8.B1"        19918.1454                 1     141.502861543 1.48323969742e-08       157.3086004       45.89965505     153.824832117 1.61239917664e-08
    "BPMR.6L8.B1"        19950.6144                 1     13.3143425371 1.48323969742e-08       15.18895857       46.01190509     14.4737462068 1.61239917664e-08
     "BPM.5L8.B1"        20011.0334                 1  0.00146756966637 1.48323969742e-08       195.5158164       46.26272826  0.00159536461021 1.61239917664e-08
   "BPMYB.4L8.B1"        20031.8004                 1      128.28201689 1.48323969742e-08       147.7706102         46.282222     139.452725525 1.61239917664e-08
   "BPMWB.4L8.B1"        20056.1919                 1     189.064938141 1.48323969742e-08       227.0523647       46.30501382     205.528581201 1.61239917664e-08
    "BPMS.2L8.B1"        20144.3364                 1     170.583682339 1.48323969742e-08       195.9886869       46.34282134     185.437990522 1.61239917664e-08
   "BPMSW.1L8.B1"        20154.2704                 1      141.62911324 1.48323969742e-08       158.4488479       46.35076145     153.962077724 1.61239917664e-08
   "BPMSW.1R8.B1"        20197.4604                 1     126.606593203 1.48323969742e-08       158.4488681       46.80682297      137.63140711 1.61239917664e-08
    "BPMS.2R8.B1"        20207.3944                 1     475.695913427 1.48323969742e-08       525.7496897       46.81297355     517.119182069 1.61239917664e-08
   "BPMSX.4R8.B1"        20245.3059                 1     270.133254893 1.48323969742e-08        333.385457       46.82652686     293.656270481 1.61239917664e-08
   "BPMWB.4R8.B1"        20295.4629                 1     259.817155022 1.48323969742e-08       285.9696942       46.85249538     282.441851822 1.61239917664e-08
   "BPMYB.4R8.B1"        20319.9304                 1     194.724095342 1.48323969742e-08       223.2398237       46.86685044     211.680533867 1.61239917664e-08
   "BPMYB.5R8.B1"        20340.5074                 1     57.5950368907 1.48323969742e-08       65.38134792       46.89409074     62.6103725668 1.61239917664e-08
     "BPM.6R8.B1"        20424.6154                 1      130.78771963 1.48323969742e-08       141.7589033       47.24936918     142.176623113 1.61239917664e-08
   "BPM_A.7R8.B1"        20446.8554                 1     48.3433509629 1.48323969742e-08       49.54158699       47.29211854     52.5530562757 1.61239917664e-08
     "BPM.8R8.B1"       20488.29241                 1      131.39713927 1.48323969742e-08       136.2596583       47.39261708      142.83911059 1.61239917664e-08
     "BPM.9R8.B1"       20527.35742                 1     13.0154867197 1.48323969742e-08       14.60444459       47.53603644     14.1488662331 1.61239917664e-08
    "BPM.10R8.B1"       20567.82043                 1     158.100440611 1.48323969742e-08       171.6500136       47.72557715     171.867716803 1.61239917664e-08
    "BPM.11R8.B1"       20619.65914                 1     35.1143025865 1.48323969742e-08       37.28617047       47.82442681     38.1720315856 1.61239917664e-08
    "BPM.12R8.B1"       20674.38266                 1     153.504517529 1.48323969742e-08       163.8206717        47.9590259     166.871583943 1.61239917664e-08
    "BPM.13R8.B1"       20727.83117                 1     29.5349139548 1.48323969742e-08       33.41790804       48.07641291       32.10679368 1.61239917664e-08
    "BPM.14R8.B1"       20781.27969                 1     154.786344644 1.48323969742e-08       171.6782551       48.21256525      168.26503167 1.61239917664e-08
    "BPM.15R8.B1"       20834.72821                 1     29.1835425128 1.48323969742e-08       33.49083193       48.32640076     31.7248250576 1.61239917664e-08
    "BPM.16R8.B1"       20888.17672                 1      150.16911888 1.48323969742e-08        171.675578       48.46255189     163.245741104 1.61239917664e-08
    "BPM.17R8.B1"       20941.62524                 1     32.4683988188 1.48323969742e-08       33.49134296       48.57638743     35.2957243617 1.61239917664e-08
    "BPM.18R8.B1"       20995.07375                 1        150.939941 1.48323969742e-08       171.6782556       48.71253573     164.083685876 1.61239917664e-08
    "BPM.19R8.B1"       21048.52227                 1     31.4792321787 1.48323969742e-08       33.49083204       48.82637125     34.2204217799 1.61239917664e-08
    "BPM.20R8.B1"       21101.97079                 1     154.846289699 1.48323969742e-08       171.6755775       48.96252238     168.330196698 1.61239917664e-08
    "BPM.21R8.B1"        21155.4193                 1     30.9076119302 1.48323969742e-08       33.49134285       49.07635791     33.5990252385 1.61239917664e-08
    "BPM.22R8.B1"       21208.86782                 1     166.508608362 1.48323969742e-08       171.6782562       49.21250622     181.008061944 1.61239917664e-08
    "BPM.23R8.B1"       21262.31633                 1     30.8540034754 1.48323969742e-08       33.49173786       49.32633988     33.5407485968 1.61239917664e-08
    "BPM.24R8.B1"       21315.76485                 1     156.129501696 1.48323969742e-08       171.6779638       49.46248731     169.725149902 1.61239917664e-08
    "BPM.25R8.B1"       21369.21337                 1     32.1653895969 1.48323969742e-08       33.49136377       49.57632186     34.9663293079 1.61239917664e-08
    "BPM.26R8.B1"       21422.66188                 1     161.773696189 1.48323969742e-08       171.6782558       49.71247016     175.860836918 1.61239917664e-08
    "BPM.30R8.B1"       21636.45594                 1     161.998214719 1.48323969742e-08       171.6782553       50.21243411     176.104906365 1.61239917664e-08
    "BPM.31R8.B1"       21689.90446                 1     32.6952651697 1.48323969742e-08       33.49173786       50.32626777     35.5423460763 1.61239917664e-08
    "BPM.32R8.B1"       21743.35298                 1     168.111555612 1.48323969742e-08       171.6779647        50.4624152     182.750592722 1.61239917664e-08
    "BPM.33R8.B1"       21796.80149                 1     31.3755678347 1.48323969742e-08       33.49136377       50.57624975     34.1077304171 1.61239917664e-08
    "BPM.34R8.B1"       21850.25001                 1     163.986866203 1.48323969742e-08       171.6782549       50.71239806     178.266728235 1.61239917664e-08
    "BPM.33L1.B1"       21903.69852                 1     30.2378721976 1.48323969742e-08       33.49173786       50.82623172     32.8709650367 1.61239917664e-08
    "BPM.32L1.B1"       21957.14704                 1     168.077685261 1.48323969742e-08       171.6779651       50.96237915     182.713772966 1.61239917664e-08
    "BPM.31L1.B1"       22010.59556                 1     30.8234389984 1.48323969742e-08       33.49136377        51.0762137     33.5075225864 1.61239917664e-08
    "BPM.30L1.B1"       22064.04407                 1     163.230544166 1.48323969742e-08       171.6782545         51.212362     177.444546202 1.61239917664e-08
    "BPM.29L1.B1"       22117.49259                 1     30.2422931051 1.48323969742e-08       33.49173786       51.32619566     32.8757709137 1.61239917664e-08
    "BPM.28L1.B1"        22170.9411                 1     163.333176597 1.48323969742e-08       171.6779655        51.4623431     177.556115794 1.61239917664e-08
    "BPM.27L1.B1"       22224.38962                 1     31.7399726843 1.48323969742e-08       33.49136377       51.57617765      34.503867387 1.61239917664e-08
    "BPM.26L1.B1"       22277.83814                 1     159.188043309 1.48323969742e-08       171.6782541       51.71232595     173.050027187 1.61239917664e-08
    "BPM.25L1.B1"       22331.28665                 1     32.7964730633 1.48323969742e-08       33.49173786       51.82615961     35.6523670828 1.61239917664e-08
    "BPM.24L1.B1"       22384.73517                 1     168.665656631 1.48323969742e-08        171.677966       51.96230704     183.352944472 1.61239917664e-08
    "BPM.23L1.B1"       22438.18368                 1     32.5815158232 1.48323969742e-08       33.49136377       52.07614159      35.418691516 1.61239917664e-08
    "BPM.22L1.B1"        22491.6322                 1     161.493242058 1.48323969742e-08       171.6782536        52.2122899     175.555961037 1.61239917664e-08
    "BPM.21L1.B1"       22545.08071                 1     32.9839750701 1.48323969742e-08       33.49173786       52.32612356     35.8561966336 1.61239917664e-08
    "BPM.20L1.B1"       22598.52923                 1     159.776363314 1.48323969742e-08       171.6756212       52.46227218     173.689577688 1.61239917664e-08
    "BPM.19L1.B1"       22651.97775                 1     31.9603314978 1.48323969742e-08       33.49134274       52.57610772     34.7434148924 1.61239917664e-08
    "BPM.18L1.B1"       22705.42626                 1     160.318784444 1.48323969742e-08       171.6782533       52.71225603     174.279232471 1.61239917664e-08
    "BPM.17L1.B1"       22758.87478                 1     32.1779493186 1.48323969742e-08       33.49173796       52.82608969     34.9799827214 1.61239917664e-08
    "BPM.16L1.B1"       22812.32329                 1     159.280356607 1.48323969742e-08       171.6756216       52.96223831     173.150379062 1.61239917664e-08
    "BPM.15L1.B1"       22865.77181                 1     30.6845427762 1.48323969742e-08       33.49134265       53.07607385      33.356531378 1.61239917664e-08
    "BPM.14L1.B1"       22919.22033                 1     158.540955824 1.48323969742e-08       171.6782529       53.21222216     172.346591774 1.61239917664e-08
    "BPM.13L1.B1"       22972.66884                 1     31.0241190693 1.48323969742e-08       33.49173806       53.32605582      33.725677738 1.61239917664e-08
    "BPM.12L1.B1"       23026.11736                 1     157.629757959 1.48323969742e-08       168.1504141       53.46404064     171.356047434 1.61239917664e-08
    "BPM.11L1.B1"       23079.56587                 1     32.5150748658 1.48323969742e-08       37.52486372       53.57176455     35.3464649263 1.61239917664e-08
    "BPM.10L1.B1"       23132.34658                 1     38.5174911364 1.48323969742e-08       150.3511185       53.70322954     41.8715674229 1.61239917664e-08
     "BPM.9L1.B1"        23171.4116                 1     20.8653811637 1.48323969742e-08       21.32865198       53.81084481     22.6823240149 1.61239917664e-08
     "BPM.8L1.B1"       23211.87461                 1     106.477159934 1.48323969742e-08       118.0723971        53.9950118      115.74911682 1.61239917664e-08
    "BPMR.7L1.B1"       23250.94062                 1     28.0265298881 1.48323969742e-08       30.35301037       54.09404628     30.4670605799 1.61239917664e-08
     "BPM.6L1.B1"       23294.12462                 1     198.049280191 1.48323969742e-08       223.6907522         54.202662     215.295273496 1.61239917664e-08
    "BPMR.5L1.B1"       23326.02462                 1     22802.0984231 1.48323969742e-08       557.7754692       54.21734278     24787.6892637 1.61239917664e-08
   "BPMYA.4L1.B1"       23347.14262                 1     901.139676224 1.48323969742e-08       1054.102596       54.22172664     979.610291252 1.61239917664e-08
   "BPMWB.4L1.B1"       23368.27512                 1     1133.79372777 1.48323969742e-08        1315.87094       54.22452905     1232.52369548 1.61239917664e-08
   "BPMSY.4L1.B1"       23461.05512                 1     2070.45002626 1.48323969742e-08       2485.084106       54.23269841     2250.74337171 1.61239917664e-08
    "BPMS.2L1.B1"       23487.84062                 1     3347.56039879 1.48323969742e-08        3889.92792       54.23384052      3639.0636255 1.61239917664e-08
   "BPMSW.1L1.B1"       23497.79062                 1     1001.13110685 1.48323969742e-08       1164.535827        54.2346751     1088.30890598 1.61239917664e-08
   "BPMSW.1R1.B1"       23540.93362                 1     1012.72443862 1.48323969742e-08       1162.917516       54.72877337     1100.91177699 1.61239917664e-08
    "BPMS.2R1.B1"       23550.89862                 1     1401.99702606 1.48323969742e-08       1466.580942       54.72984829     1524.08195008 1.61239917664e-08
   "BPMSY.4R1.B1"       23577.68412                 1     4271.53282339 1.48323969742e-08       5153.600961       54.73150531     4643.49492494 1.61239917664e-08
   "BPMWB.4R1.B1"       23670.46412                 1     671.782881873 1.48323969742e-08       817.3378881       54.73870256     730.281267081 1.61239917664e-08
   "BPMYA.4R1.B1"       23691.59662                 1     289.444125865 1.48323969742e-08        369.609732       54.74493876      314.64871864 1.61239917664e-08
     "BPM.5R1.B1"       23719.00462                 1     101.001473687 1.48323969742e-08       119.2959437       54.76543758     109.796611631 1.61239917664e-08
    "BPMR.6R1.B1"       23750.90462                 1     8.51435246674 1.48323969742e-08       8.901368823       55.04470962     9.25577634614 1.61239917664e-08
   "BPMSX.7R1.B1"       23757.12012                 1     19.5650238706 1.48323969742e-08       20.14614964        55.1215284      21.268732515 1.61239917664e-08
   "BPM_A.7R1.B1"       23778.62862                 1     137.440651953 1.48323969742e-08       141.2427034       55.18758116     149.408888147 1.61239917664e-08
     "BPM.8R1.B1"       23820.06761                 1     18.3876823762 1.48323969742e-08       18.49864084        55.3027891     19.9888689437 1.61239917664e-08
     "BPM.9R1.B1"        23859.1346                 1     102.765654277 1.48323969742e-08       110.3217168       55.50547469     111.714415837 1.61239917664e-08
    "BPM.10R1.B1"       23899.59958                 1     35.8227796008 1.48323969742e-08       38.03715495       55.59735796     38.9422022846 1.61239917664e-08
    "BPM.11R1.B1"       23952.38227                 1     173.953373258 1.48323969742e-08       181.7854061       55.71867387     189.101111778 1.61239917664e-08
    "BPM.12R1.B1"       24007.10876                 1      35.412718503 1.48323969742e-08       34.79005152       55.83050179     38.4964333522 1.61239917664e-08
    "BPM.13R1.B1"       24060.56024                 1     156.702625315 1.48323969742e-08       171.7485776       55.96323119     170.348180725 1.61239917664e-08
    "BPM.14R1.B1"       24114.01173                 1     31.6044733568 1.48323969742e-08       33.48868443       56.07707335     34.3565688725 1.61239917664e-08
    "BPM.15R1.B1"       24167.46321                 1     165.405862697 1.48323969742e-08       171.6894719       56.21323315     179.809289954 1.61239917664e-08
    "BPM.16R1.B1"       24220.91469                 1     32.7800785839 1.48323969742e-08       33.48813219       56.32707736     35.6345449836 1.61239917664e-08
    "BPM.17R1.B1"       24274.36618                 1     164.838745992 1.48323969742e-08       171.6914662       56.46323761     179.192789121 1.61239917664e-08
    "BPM.18R1.B1"       24327.81766                 1     32.6079327733 1.48323969742e-08       33.48868442       56.57707988     35.4474088357 1.61239917664e-08
    "BPM.19R1.B1"       24381.26915                 1     158.374317093 1.48323969742e-08       171.6894718       56.71323968     172.165442259 1.61239917664e-08
    "BPM.20R1.B1"       24434.72063                 1     31.1507993181 1.48323969742e-08        33.4881322        56.8270839     33.8633892146 1.61239917664e-08
    "BPM.21R1.B1"       24488.17211                 1     170.531331973 1.48323969742e-08       171.6914663       56.96324415     185.381081523 1.61239917664e-08
    "BPM.22R1.B1"        24541.6236                 1     28.6923853335 1.48323969742e-08        33.4886844       57.07708642     31.1908982534 1.61239917664e-08
    "BPM.23R1.B1"       24595.07508                 1      163.94783019 1.48323969742e-08       171.6918168       57.21324503     178.224292993 1.61239917664e-08
    "BPM.24R1.B1"       24648.52657                 1     30.6742857954 1.48323969742e-08       33.48905884        57.3270864     33.3453812265 1.61239917664e-08
    "BPM.25R1.B1"       24701.97805                 1     158.622308887 1.48323969742e-08       171.6915071       57.46324415     172.435029005 1.61239917664e-08
    "BPM.26R1.B1"       24755.42954                 1     31.4908398892 1.48323969742e-08        33.4886844       57.57708642     34.2330402818 1.61239917664e-08
    "BPM.27R1.B1"       24808.88102                 1     165.944692354 1.48323969742e-08       171.6918168       57.71324503     180.395040522 1.61239917664e-08
    "BPM.28R1.B1"        24862.3325                 1     28.6822764845 1.48323969742e-08       33.48905884        57.8270864     31.1799091329 1.61239917664e-08
    "BPM.29R1.B1"       24915.78399                 1     156.975209955 1.48323969742e-08       171.6915071       57.96324415     170.644501847 1.61239917664e-08
    "BPM.30R1.B1"       24969.23547                 1     33.5770280014 1.48323969742e-08        33.4886844       58.07708642     36.5008922009 1.61239917664e-08
    "BPM.31R1.B1"       25022.68696                 1     156.565349965 1.48323969742e-08       171.6918168       58.21324503     170.198951534 1.61239917664e-08
    "BPM.32R1.B1"       25076.13844                 1     30.4295251347 1.48323969742e-08       33.48905884        58.3270864      33.079306978 1.61239917664e-08
    "BPM.33L2.B1"       25236.49289                 1     155.012050779 1.48323969742e-08       171.6918168       58.71324503     168.510392138 1.61239917664e-08
    "BPM.32L2.B1"       25289.94438                 1     31.0279159156 1.48323969742e-08       33.48905884        58.8270864     33.7298052111 1.61239917664e-08
    "BPM.31L2.B1"       25343.39586                 1     152.556866985 1.48323969742e-08       171.6915071       58.96324415      165.84141265 1.61239917664e-08
    "BPM.30L2.B1"       25396.84734                 1     31.8590495878 1.48323969742e-08        33.4886844       59.07708642     34.6333134243 1.61239917664e-08
    "BPM.29L2.B1"       25450.29883                 1     156.519175909 1.48323969742e-08       171.6918168       59.21324503     170.148756674 1.61239917664e-08
    "BPM.28L2.B1"       25503.75031                 1     30.2506723403 1.48323969742e-08       33.48905884        59.3270864     32.8848798068 1.61239917664e-08
    "BPM.27L2.B1"        25557.2018                 1     161.726315583 1.48323969742e-08       171.6915071       59.46324415     175.809330441 1.61239917664e-08
    "BPM.26L2.B1"       25610.65328                 1     32.1519674092 1.48323969742e-08        33.4886844       59.57708642     34.9517383254 1.61239917664e-08
    "BPM.25L2.B1"       25664.10477                 1     162.151110396 1.48323969742e-08       171.6918168       59.71324503     176.271116091 1.61239917664e-08
    "BPM.24L2.B1"       25717.55625                 1     30.3341892507 1.48323969742e-08       33.48905884        59.8270864     32.9756693117 1.61239917664e-08
    "BPM.23L2.B1"       25771.00773                 1     157.969150801 1.48323969742e-08       171.6915071       59.96324415     171.724994368 1.61239917664e-08
    "BPM.22L2.B1"       25824.45922                 1     32.3210994189 1.48323969742e-08        33.4886844       60.07708642     35.1355982327 1.61239917664e-08
    "BPM.21L2.B1"        25877.9107                 1      158.00223673 1.48323969742e-08       171.6918168       60.21324503     171.760961397 1.61239917664e-08
    "BPM.20L2.B1"       25931.36219                 1     30.5138506047 1.48323969742e-08       33.48815312       60.32708825     33.1709754512 1.61239917664e-08
    "BPM.19L2.B1"       25984.81367                 1     160.142952636 1.48323969742e-08       171.6891213       60.46324969     174.088089353 1.61239917664e-08
    "BPM.18L2.B1"       26038.26515                 1     35.2559262105 1.48323969742e-08       33.48866351       60.57709295     38.3259876961 1.61239917664e-08
    "BPM.17L2.B1"       26091.71664                 1     156.761983917 1.48323969742e-08       171.6918167       60.71325156     170.412708234 1.61239917664e-08
    "BPM.16L2.B1"       26145.16812                 1     32.3242803399 1.48323969742e-08        33.4881531       60.82709479      35.139056146 1.61239917664e-08
    "BPM.15L2.B1"       26198.61961                 1     163.569893574 1.48323969742e-08       171.6891214       60.96325623     177.813445919 1.61239917664e-08
    "BPM.14L2.B1"       26252.07109                 1     32.6676467114 1.48323969742e-08       33.48866353       61.07709949     35.5123226219 1.61239917664e-08
    "BPM.13L2.B1"       26305.52257                 1     158.115422126 1.48323969742e-08       171.6918166        61.2132581     171.884002899 1.61239917664e-08
    "BPM.12L2.B1"       26358.97406                 1     28.2114431416 1.48323969742e-08       31.47929129       61.33145893     30.6680759506 1.61239917664e-08
    "BPM.11L2.B1"       26412.42554                 1     170.529216115 1.48323969742e-08       174.6850902       61.47187703     185.378781417 1.61239917664e-08
    "BPM.10L2.B1"       26464.26623                 1     31.1869842008 1.48323969742e-08       32.23807272       61.58317875     33.9027250517 1.61239917664e-08
     "BPM.9L2.B1"       26503.33322                 1     110.113117276 1.48323969742e-08       115.6055364       61.70563118     119.701690794 1.61239917664e-08
     "BPM.8L2.B1"       26543.79821                 1     17.5036015636 1.48323969742e-08       18.34519332       61.84459768       19.02780299 1.61239917664e-08
     "BPM.7L2.B1"        26582.8662                 1     103.430839065 1.48323969742e-08       115.9740203       62.02647857     112.437524452 1.61239917664e-08
    "BPMR.6L2.B1"        26614.9722                 1     22.4516213414 1.48323969742e-08       24.05271479       62.12478977      24.406692882 1.61239917664e-08