@ GetLLMVersion %s "V3.0.0 Dev"
@ Command %s "/afs/cern.ch/work/o/omc/anaconda/bin/python '/afs/cern.ch/work/e/efol/public/Beta-Beat.src/GetLLM/GetLLM.py' '--accel=LHCB1' '--model=/afs/cern.ch/work/e/efol/public/betabeatGui/temp/2017-12-20/models/LHCB1/Multiturn-model_40cm_2041/twiss.dat' '--files=/afs/cern.ch/work/e/efol/public/betabeatGui/temp/2017-12-20/LHCB1/Measurements/Beam1@Turn@2017_09_11@19_02_33_250_onlydbscan/Beam1@Turn@2017_09_11@19_02_33_250_onlydbscan.sdds' '--output=/afs/cern.ch/work/e/efol/public/betabeatGui/temp/2017-12-20/LHCB1/Results/40cm_cleaned_arcs_with_dbscan_only' '--tbtana=SUSSIX' '--bpmu=mm' '--lhcphase=1' '--errordefs=/afs/cern.ch/work/e/efol/public/betabeatGui/temp/2017-12-20/models/LHCB1/Multiturn-model_40cm_2041/error_deff.txt'"
@ CWD %s "/home/efol/Workspaces/Accsoft-Eclipse-Pro/lhc-app-beta-beating"
@ Date %s "21. December 2017, 13:48:45"
@ Q1 %le 0.309858916597
@ Q2 %le 0.31942165071
@ RMSbetabeat %le 0.11238137627
@ RescalingFactor %le 1.01836645655
@ FILES %s "/afs/cern.ch/work/e/efol/public/betabeatGui/temp/2017-12-20/LHCB1/Measurements/Beam1@Turn@2017_09_11@19_02_33_250_onlydbscan/Beam1@Turn@2017_09_11@19_02_33_250_onlydbscan.sdds.liny"
*            NAME                 S             COUNT              BETY           BETYSTD           BETYMDL            MUYMDL           BETYRES        BETYSTDRES
$              %s               %le               %le               %le               %le               %le               %le               %le               %le
   "BPMYB.5L2.B1"            28.288                 1     38.4442924162               0.0       38.64523318      0.1162609817     39.1503778423               0.0
   "BPMYB.4L2.B1"            48.858                 1     97.3930569222               0.0       101.2136214      0.1696003151     99.1818222701               0.0
   "BPMWI.4L2.B1"           73.3255                 1     99.9980305023               0.0       104.8860506      0.2045427787     101.834639984               0.0
   "BPMSX.4L2.B1"          123.4825                 1     95.6004696365               0.0       100.2155855      0.2859021958     97.3563115078               0.0
    "BPMS.2L2.B1"           161.394                 1     174.492041984               0.0       173.4189685      0.3294328583      177.69684249               0.0
   "BPMSW.1L2.B1"           171.328                 1     52.9956690672               0.0       56.63204898      0.3473795232     53.9690117203               0.0
   "BPMSW.1R2.B1"           214.518                 1     57.4398235169               0.0        56.6339459      0.7093334983     58.4947895395               0.0
    "BPMS.2R2.B1"           224.452                 1     61.2806137784               0.0       63.40233304      0.7327587614     62.4061215084               0.0
   "BPMSX.4R2.B1"          262.3635                 1     163.177749055               0.0       170.5322612      0.7831637028     166.174746093               0.0
   "BPMWB.4R2.B1"          312.5965                 1     76.1687312913               0.0       83.36829239      0.8523756946     77.5676809847               0.0
   "BPMYB.4R2.B1"           336.988                 1     79.1074211579               0.0        84.3514057      0.9035045484     80.5603441711               0.0
    "BPMR.5R2.B1"           366.522                 1     167.795966243               0.0       177.6713376      0.9382608249     170.877783566               0.0
     "BPM.6R2.B1"           439.818                 1     39.2809316239               0.0       41.49103593       1.202622917     40.0023831476               0.0
   "BPM_A.7R2.B1"           452.693                 1     98.9133758708               0.0       104.5241018       1.233940504     100.730064091               0.0
     "BPM.8R2.B1"       494.1300106                 1     39.9428004357               0.0       37.19868334       1.328247327     40.6764081442               0.0
     "BPM.9R2.B1"       533.1950212                 1     134.837073433               0.0       129.4722727       1.433617497     137.313552683               0.0
    "BPM.10R2.B1"       573.6580318                 1     23.9111812092               0.0       23.62376198       1.545209058     24.3503448798               0.0
    "BPM.11R2.B1"       625.4967424                 1     185.280311409               0.0       177.7202555       1.717704706     188.683254197               0.0
    "BPM.12R2.B1"       680.2202583                 1     33.6025492906               0.0       31.09611553       1.836418256      34.219709052               0.0
    "BPM.13R2.B1"       733.6687742                 1      166.95741155               0.0       169.9041625       1.980789832     170.023827594               0.0
    "BPM.14R2.B1"       787.1172901                 1     35.6209775047               0.0       34.91220257       2.092608637     36.2752086401               0.0
    "BPM.15R2.B1"        840.565806                 1     173.947740715               0.0       173.2968611       2.224249713     177.142544336               0.0
    "BPM.16R2.B1"       894.0143219                 1     38.7584172587               0.0       36.76838923       2.331482339      39.470272045               0.0
    "BPM.17R2.B1"       947.4628378                 1     167.854423066               0.0        171.291828       2.459722589     170.937314033               0.0
    "BPM.18R2.B1"       1000.911354                 1     35.1692295029               0.0       34.88902532       2.571138337     35.8151636284               0.0
    "BPM.19R2.B1"        1054.35987                 1     171.401446715               0.0       172.1263455       2.703425811     174.549483938               0.0
    "BPM.20R2.B1"       1107.808386                 1     38.5322593372               0.0       36.75915125       2.811106284     39.2399604039               0.0
    "BPM.21R2.B1"       1161.256901                 1     172.682924937               0.0       172.4767374       2.938797872     175.854498374               0.0
    "BPM.22R2.B1"       1214.705417                 1     33.3467881665               0.0       34.93051921       3.049673702     33.9592505023               0.0
    "BPM.23R2.B1"       1268.153933                 1     174.907645185               0.0         172.39216        3.18175462      178.12007885               0.0
    "BPM.24R2.B1"       1321.602449                 1     37.3335662226               0.0       34.92687363       3.292640446     38.0192515443               0.0
    "BPM.25R2.B1"       1375.050965                 1     175.200621732               0.0       172.3981218       3.424727436     178.418436338               0.0
    "BPM.26R2.B1"       1428.499481                 1     35.9991116055               0.0       34.93058331       3.535603889     36.6602877245               0.0
    "BPM.27R2.B1"       1481.947997                 1     170.809141716               0.0       172.3937313       3.667683855     173.946300395               0.0
    "BPM.28R2.B1"       1535.396513                 1     34.9919277652               0.0        34.9268385       3.778569141     35.6346054859               0.0
    "BPM.29R2.B1"       1588.845029                 1     181.208044244               0.0       172.3965162       3.910657029     184.536193914               0.0
    "BPM.30R2.B1"       1642.293545                 1     34.7855186164               0.0       34.93058919        4.02153409     35.4244053325               0.0
    "BPM.31R2.B1"        1695.74206                 1     165.729662042               0.0       172.3953586       4.153613221     168.773528679               0.0
    "BPM.32R2.B1"       1749.190576                 1      34.385513125               0.0       34.92686191       4.264497834     35.0170531576               0.0
    "BPM.33R2.B1"       1802.639092                 1     175.039954981               0.0       172.3948798       4.396586489     178.254818708               0.0
    "BPM.34R2.B1"       1856.087608                 1     8.93622176822               0.0       34.93053667       4.507464282       9.100348497               0.0
    "BPM.33L3.B1"       1909.536124                 1     170.794785531               0.0       172.3969913       4.639542719     173.931680538               0.0
    "BPM.32L3.B1"        1962.98464                 1     35.1895873641               0.0       34.92694315       4.750426547     35.8358953913               0.0
    "BPM.31L3.B1"       2016.433156                 1      166.39138795               0.0       172.3932637       4.882515816     169.447408146               0.0
    "BPM.30L3.B1"       2069.881672                 1     34.1041633407               0.0       34.93042737       4.993394442     34.7305359748               0.0
    "BPM.29L3.B1"       2123.330188                 1     175.528023692               0.0       172.3985783        5.12547235     178.751851512               0.0
    "BPM.27L3.B1"        2230.22722                 1     182.713083884               0.0       172.3917182       5.368445013     186.068875799               0.0
    "BPM.26L3.B1"       2283.675735                 1     36.7337921473               0.0        34.9302647       5.479324546     37.4084617445               0.0
    "BPM.25L3.B1"       2337.124251                 1     185.716477643               0.0       172.4000702       5.611402107     189.127431259               0.0
    "BPM.24L3.B1"       2390.572767                 1     31.9488930538               0.0        34.9272672       5.722284128     32.5356810098               0.0
    "BPM.23L3.B1"       2444.021283                 1     164.776150289               0.0       172.3902915       5.854374089     167.802504293               0.0
    "BPM.22L3.B1"       2497.469799                 1     34.8644732117               0.0       34.93005375       5.965254575      35.504810044               0.0
    "BPM.21L3.B1"       2550.918315                 1      172.95745347               0.0       172.4014206        6.09733198     176.134069024               0.0
    "BPM.20L3.B1"       2604.366831                 1     38.3434193789               0.0       36.73757379       6.204947961     39.0476521248               0.0
    "BPM.19L3.B1"       2657.815347                 1     171.344555403               0.0       172.1761995       6.332831672     174.491547734               0.0
    "BPM.18L3.B1"       2711.263863                 1     34.4128219651               0.0       34.94210476       6.443801585     35.0448635644               0.0
    "BPM.17L3.B1"       2764.712379                 1     171.967943825               0.0       171.2538155        6.57640033     175.126385592               0.0
    "BPM.16L3.B1"       2818.160894                 1      37.581498057               0.0       36.68170673       6.684541688     38.2717370079               0.0
    "BPM.15L3.B1"        2871.60941                 1     103.549842916               0.0       173.3078953        6.81201147     105.451686606               0.0
    "BPM.14L3.B1"       2925.057926                 1     36.6925730411               0.0       35.02797645       6.922383399     37.3664855894               0.0
    "BPM.13L3.B1"       2978.506442                 1      169.83977674               0.0       170.1575485       7.055330313     172.959131619               0.0
    "BPM.12L3.B1"       3031.954958                 1     36.3341447849               0.0       33.59156211       7.169737579     37.0014742762               0.0
    "BPM.11L3.B1"       3085.403474                 1     183.530412794               0.0       179.5494178       7.301795446     186.901216145               0.0
    "BPM.10L3.B1"       3138.184185                 1     35.8413064843               0.0       34.50689136       7.409621911     36.4995842824               0.0
     "BPM.9L3.B1"       3177.249195                 1     110.706366063               0.0        111.608586        7.52721441     112.739649725               0.0
     "BPM.8L3.B1"       3217.712206                 1     15.3522307321               0.0       15.18648925       7.693751159     15.6341968107               0.0
     "BPM.7L3.B1"       3256.776216                 1     143.681450387               0.0       145.3515986       7.866931697     146.320369502               0.0
     "BPM.6L3.B1"       3329.415216                 1     73.1224865145               0.0       80.21117239       7.986287904     74.4654874856               0.0
  "BPMWG.A5L3.B1"       3371.119716                 1     238.174591581               0.0       258.4111636       8.033061368     242.549014868               0.0
    "BPMW.5L3.B1"       3400.089716                 1     263.478765901               0.0       293.4058189       8.048660806     268.317937206               0.0
   "BPMWE.4L3.B1"       3475.217716                 1     90.6819260274               0.0       97.07790712        8.12208579     92.3474316812               0.0
    "BPMW.4L3.B1"       3502.762716                 1     103.895206087               0.0       118.3475155       8.167712979     105.803392875               0.0
    "BPMW.4R3.B1"       3547.727716                 1     329.686506422               0.0       356.1379191       8.202856154     335.741679316               0.0
   "BPMWE.4R3.B1"       3575.272716                 1     341.256319809               0.0       367.4677756       8.214145088     347.523989178               0.0
    "BPMW.5R3.B1"       3650.400716                 1     71.7412175817               0.0       77.58919075       8.287530793     73.0588495369               0.0
  "BPMWJ.A5R3.B1"       3679.118716                 1     89.5854037695               0.0       87.49877352       8.350892092      91.230770195               0.0
   "BPMWC.6R3.B1"       3718.936716                 1      221.92075063               0.0       233.2218455       8.395849882     225.996648453               0.0
    "BPMR.6R3.B1"       3731.015216                 1     247.575690212               0.0        244.974992        8.40352483     252.122778368               0.0
   "BPM_A.7R3.B1"       3786.839216                 1     73.5720534614               0.0       67.42378392       8.475038195     74.9233113843               0.0
     "BPM.8R3.B1"       3825.903227                 1     182.824147559               0.0       179.5009916       8.537054472     186.181979321               0.0
     "BPM.9R3.B1"       3864.968238                 1     76.9181938825               0.0       72.67252719       8.589817924      78.330908548               0.0
    "BPM.10R3.B1"       3905.431248                 1     165.843043897               0.0       170.3706474       8.653033727     168.888992956               0.0
    "BPM.11R3.B1"       3958.211959                 1     39.7874488034               0.0       41.73516558       8.754732451      40.518203253               0.0
    "BPM.12R3.B1"       4012.935475                 1     167.862856538               0.0       162.4919066       8.876804075     170.945902398               0.0
    "BPM.13R3.B1"       4066.383991                 1     38.6243938349               0.0       34.98876353       8.991775721     39.3337870858               0.0
    "BPM.14R3.B1"       4119.832506                 1     170.148349728               0.0       174.5302343       9.122466035     173.273371999               0.0
    "BPM.15R3.B1"       4173.281022                 1     34.3682328448               0.0        36.6631262       9.229430697     34.9994554999               0.0
    "BPM.17R3.B1"       4280.178054                 1     36.5650569403               0.0       34.95471978       9.470372048     37.2366274697               0.0
    "BPM.18R3.B1"        4333.62657                 1     89.0831422462               0.0       173.5138438       9.601799865     90.7192839073               0.0
    "BPM.19R3.B1"       4387.075086                 1     35.3968327827               0.0        36.7311209       9.709017423     36.0469471739               0.0
    "BPM.20R3.B1"       4440.523602                 1     170.529372478               0.0       171.0402801       9.837463804     173.661392788               0.0
    "BPM.21R3.B1"       4493.972118                 1     40.2855321897               0.0       34.91736442       9.948923651     41.0254346661               0.0
    "BPM.22R3.B1"       4547.420634                 1     165.214232867               0.0       172.3935382       10.08100529     168.248632896               0.0
    "BPM.23R3.B1"        4600.86915                 1     35.2108231673               0.0       34.92720164       10.19188996     35.8575212209               0.0
    "BPM.24R3.B1"       4654.317666                 1     169.165100741               0.0       172.3968723       10.32397676     172.272064213               0.0
    "BPM.25R3.B1"       4707.766181                 1      33.796985459               0.0        34.9302367       10.43485436     34.4177163238               0.0
    "BPM.26R3.B1"       4761.214697                 1     177.439769025               0.0       172.3948421       10.56693462     180.698708832               0.0
    "BPM.27R3.B1"       4814.663213                 1     38.4688071456               0.0       34.92720095       10.67781879     39.1753428204               0.0
    "BPM.28R3.B1"       4868.111729                 1     181.582809282               0.0       172.3955525       10.80990626     184.917842058               0.0
    "BPM.29R3.B1"       4921.560245                 1     33.9200650031               0.0       34.93021368       10.92078441      34.543056403               0.0
    "BPM.30R3.B1"       4975.008761                 1     169.190985143               0.0       172.3961675       11.05286407      172.29842402               0.0
    "BPM.31R3.B1"       5028.457277                 1     35.2833231169               0.0        34.9272475       11.16374763     35.9313527377               0.0
    "BPM.32R3.B1"       5081.905793                 1      168.86413082               0.0       172.3942319       11.29583566      171.96556654               0.0
    "BPM.33R3.B1"       5135.354309                 1     37.1402320827               0.0       34.93014395       11.40671445     37.8223665413               0.0
    "BPM.34R3.B1"       5188.802825                 1     172.993317889               0.0       172.3974729       11.53879362     176.170592145               0.0
    "BPM.33L4.B1"        5242.25134                 1     36.6911690858               0.0       34.92733985       11.64967651     37.3650558485               0.0
    "BPM.32L4.B1"       5295.699856                 1     176.246415437               0.0       172.3929518       11.78176494     179.483437567               0.0
    "BPM.31L4.B1"       5349.148372                 1      35.060361811               0.0       34.93002971       11.89264445     35.7042964227               0.0
    "BPM.30L4.B1"       5402.596888                 1     183.071484828               0.0       172.3987177       12.02472328     186.433859299               0.0
    "BPM.29L4.B1"       5456.045404                 1     34.2403488845               0.0        34.9274751       12.13560542     34.8692227644               0.0
    "BPM.28L4.B1"        5509.49392                 1     177.667672115               0.0        172.391752       12.26769413     180.930797695               0.0
    "BPM.27L4.B1"       5562.942436                 1      33.056846004               0.0        34.9298745       12.37857439     33.6639831297               0.0
    "BPM.26L4.B1"       5616.390952                 1     179.938587608               0.0       172.3998631       12.51065303     183.243421858               0.0
    "BPM.25L4.B1"       5669.839468                 1     36.2162089027               0.0       34.92764906        12.6215344     36.8813723297               0.0
    "BPM.24L4.B1"       5723.287984                 1     174.911173108               0.0         172.39067       12.75362322     178.123671568               0.0
    "BPM.23L4.B1"         5776.7365                 1     34.0635562011               0.0       34.92968316       12.86450427     34.6891830258               0.0
    "BPM.22L4.B1"       5830.185015                 1     169.901788347               0.0       172.4008733       12.99658287      173.02228216               0.0
    "BPM.21L4.B1"       5883.633531                 1     35.9724198576               0.0       34.92785628       13.10746346     36.6331057438               0.0
    "BPM.20L4.B1"       5937.082047                 1     169.210137851               0.0       170.9451972        13.2402561     172.317928495               0.0
    "BPM.19L4.B1"       5990.530563                 1     35.8433773723               0.0       36.68881019       13.34850102     36.5016932053               0.0
    "BPM.17L4.B1"       6097.427595                 1     34.3980211684               0.0       35.03145393       13.58604195     35.0297909295               0.0
    "BPM.16L4.B1"       6150.876111                 1     174.255268352               0.0       169.8355877       13.71914686     177.455720166               0.0
    "BPM.15L4.B1"       6204.324627                 1     36.6482349654               0.0       36.55662649       13.82804602     37.3213331804               0.0
    "BPM.14L4.B1"       6257.773143                 1     172.866712743               0.0       174.6780453       13.95515061     176.041661711               0.0
    "BPM.13L4.B1"       6311.221659                 1     34.2649867095               0.0       35.18994378       14.06470084     34.8943130989               0.0
    "BPM.12L4.B1"       6364.670174                 1     168.707621249               0.0       169.7550071       14.19746998     171.806182444               0.0
    "BPM.11L4.B1"        6418.11869                 1     39.6918296535               0.0       38.84974355       14.30258266     40.4208279181               0.0
    "BPM.10L4.B1"       6469.957401                 1     173.397203744               0.0       175.3024595         14.419632     176.581895952               0.0
     "BPM.9L4.B1"       6509.022412                 1     51.8319314081               0.0       53.72387578       14.48026195      52.783900324               0.0
     "BPM.7L4.B1"       6588.549433                 1     86.3513840301               0.0       84.07281104       14.61796582     87.9373529726               0.0
   "BPMYB.6L4.B1"       6685.153433                 1     514.181944931               0.0       566.5931612        14.6956054     523.625645279               0.0
   "BPMYA.5L4.B1"       6722.153433                 1     238.801916706               0.0       246.7046717       14.71069821     243.187861732               0.0
  "BPMWI.A5L4.B1"       6798.755933                 1     193.173197295               0.0       215.0565958       14.76688731     196.721104429               0.0
  "BPMWA.B5L4.B1"       6824.619933                 1     208.644190217               0.0       223.2694205       14.78571677      212.47624467               0.0
  "BPMWA.A5L4.B1"       6833.504933                 1     208.199974314               0.0        227.539923       14.79199225     212.023870095               0.0
  "BPMWA.A5R4.B1"       6881.553933                 1     246.210102439               0.0       263.4769839       14.82342859     250.732109586               0.0
  "BPMWA.B5R4.B1"       6890.438933                 1     248.002530547               0.0       272.4971133       14.82870702     252.557458248               0.0
   "BPMYB.5R4.B1"       6992.829433                 1     367.947848697               0.0       396.0176765       14.87710599     374.705746871               0.0
   "BPMYA.6R4.B1"       7024.393433                 1     144.960682082               0.0       140.9661806       14.89843142      147.62309615               0.0
     "BPM.7R4.B1"       7120.909433                 1     156.284701284               0.0       158.1455156       15.01762451     159.155097458               0.0
     "BPM.8R4.B1"       7158.698443                 1     15.5017198111               0.0       14.53076802       15.14998494     15.7864314744               0.0
     "BPM.9R4.B1"       7197.763454                 1     147.073966099               0.0       143.6414199       15.35269025     149.775193707               0.0
    "BPM.10R4.B1"       7238.226465                 1     42.6493728508               0.0       46.24042887       15.42406791     43.4326907039               0.0
    "BPM.11R4.B1"       7290.065175                 1     179.178765663               0.0        179.296869       15.53198227     182.469644677               0.0
    "BPM.12R4.B1"       7344.788691                 1     36.6801972025               0.0        34.9523856       15.64495876     37.3538824505               0.0
    "BPM.13R4.B1"       7398.237207                 1     167.090703772               0.0       171.7501434       15.77719422     170.159567922               0.0
    "BPM.14R4.B1"       7451.685723                 1     33.7793751647               0.0       33.49341217       15.89102747     34.3997825908               0.0
    "BPM.15R4.B1"       7505.134239                 1      174.07057561               0.0       171.6990416       16.02716683     177.267635273               0.0
    "BPM.16R4.B1"       7558.582755                 1      32.976933699               0.0       33.49256446       16.14099622     33.5826031188               0.0
    "BPM.17R4.B1"       7612.031271                 1     165.524669946               0.0        171.684774       16.27714552     168.564771604               0.0
    "BPM.18R4.B1"       7665.479786                 1     33.5462479899               0.0       33.49341127        16.3909789     34.1623736959               0.0
    "BPM.19R4.B1"       7718.928302                 1     172.149246868               0.0       171.6990436       16.52711827      175.31101853               0.0
    "BPM.20R4.B1"       7772.376818                 1     35.0891373835               0.0       33.49256535       16.64094765     35.7336005005               0.0
    "BPM.21R4.B1"       7825.825334                 1     170.933433022               0.0        171.684772       16.77709695     174.072874492               0.0
    "BPM.22R4.B1"        7879.27385                 1      32.792971623               0.0       33.49341038       16.89093033     33.3952623114               0.0
    "BPM.23R4.B1"       7932.722366                 1      181.08604849               0.0       171.6981728       17.02707015      184.41195753               0.0
    "BPM.24R4.B1"       7986.170882                 1     32.4513313951               0.0       33.49012381       17.14090488     33.0473473631               0.0
    "BPM.25R4.B1"       8039.619398                 1     161.267367746               0.0        171.684658       17.27706089     164.229277848               0.0
    "BPM.26R4.B1"       8093.067914                 1     35.2846928738               0.0       33.49340967       17.39089428     35.9327476522               0.0
    "BPM.27R4.B1"        8146.51643                 1     174.825798467               0.0       171.6981771       17.52703409     178.036728897               0.0
    "BPM.28R4.B1"       8199.964946                 1     31.7533844104               0.0       33.49012451       17.64086882     32.3365815653               0.0
    "BPM.29R4.B1"       8253.413461                 1     164.622165308               0.0       171.6846538       17.77702483     167.645691154               0.0
    "BPM.30R4.B1"       8306.861977                 1     33.2037678232               0.0       33.49340896       17.89085822     33.8136033821               0.0
    "BPM.31R4.B1"       8360.310493                 1     160.492647407               0.0       171.6981814       18.02699803     163.440328641               0.0
    "BPM.32R4.B1"       8413.759009                 1     32.7370240455               0.0       33.49012522       18.14083276      33.338287175               0.0
    "BPM.33R4.B1"       8467.207525                 1     168.799927844               0.0       171.6846495       18.27698877     171.900184384               0.0
    "BPM.34R4.B1"       8520.656041                 1      33.050215294               0.0       33.49340825       18.39082217      33.657230637               0.0
    "BPM.33L5.B1"       8574.104557                 1     176.584360379               0.0       171.6981857       18.52696198     179.827589361               0.0
    "BPM.32L5.B1"       8627.553073                 1     34.8203359943               0.0       33.49012593        18.6407967     35.4598621823               0.0
    "BPM.31L5.B1"       8681.001589                 1     171.086828807               0.0       171.6846452       18.77695271     174.229087614               0.0
    "BPM.30L5.B1"       8734.450105                 1     31.9500965827               0.0       33.49340754       18.89078611     32.5369066433               0.0
    "BPM.29L5.B1"        8787.89862                 1     176.787222388               0.0         171.69819       19.02692592     180.034177225               0.0
    "BPM.28L5.B1"       8841.347136                 1     33.5685670453               0.0       33.49012664       19.14076064     34.1851026733               0.0
    "BPM.27L5.B1"       8894.795652                 1     171.966290711               0.0       171.6846409       19.27691665     175.124702117               0.0
    "BPM.26L5.B1"       8948.244168                 1     32.9964509161               0.0       33.49340683       19.39075006      33.602478798               0.0
    "BPM.25L5.B1"       9001.692684                 1      173.10408758               0.0       171.6981943       19.52688987     176.283396283               0.0
    "BPM.24L5.B1"         9055.1412                 1      32.256937013               0.0       33.49012735       19.64072458     32.8493826449               0.0
    "BPM.23L5.B1"       9108.589716                 1     164.501241958               0.0       171.6846366       19.77688059     167.522546871               0.0
    "BPM.22L5.B1"       9162.038232                 1     33.8044578064               0.0       33.49340612         19.890714     34.4253259118               0.0
    "BPM.21L5.B1"       9215.486748                 1     171.192908578               0.0       171.6981985       20.02685381     174.337115694               0.0
    "BPM.20L5.B1"       9268.935264                 1     32.9682022098               0.0       33.49256265       20.14068354     33.5737112631               0.0
    "BPM.19L5.B1"       9322.383779                 1     180.157185802               0.0       171.6856171       20.27683239     183.466034926               0.0
    "BPM.18L5.B1"       9375.832295                 1     33.7480746542               0.0       33.49341312       20.39066543     34.3679072008               0.0
    "BPM.17L5.B1"       9429.280811                 1     176.143600434               0.0       171.6982004       20.52680524     179.378734217               0.0
    "BPM.16L5.B1"       9482.729327                 1     35.1299358525               0.0       33.49256344       20.64063497     35.7751482928               0.0
    "BPM.15L5.B1"       9536.177843                 1     166.488968666               0.0       171.6856152       20.77678382     169.546781074               0.0
    "BPM.14L5.B1"       9589.626359                 1     33.9602945589               0.0       33.49341232       20.89061687     34.5840248332               0.0
    "BPM.13L5.B1"       9643.074875                 1     171.471806361               0.0       171.6982023       21.02675668     174.621135841               0.0
    "BPM.12L5.B1"       9696.523391                 1     36.1939329804               0.0       37.37326424       21.13341341     36.8586872777               0.0
    "BPM.11L5.B1"       9749.971907                 1     173.453308061               0.0       169.7543913       21.26095278     176.639030706               0.0
    "BPM.10L5.B1"       9802.752617                 1     57.1791789438               0.0       59.12476159       21.34475036     58.2293578492               0.0
     "BPM.9L5.B1"       9841.817628                 1     223.601822614               0.0       219.6812157       21.40603613     227.708595773               0.0
     "BPM.8L5.B1"       9882.280639                 1     10.0500975879               0.0       11.06935453       21.53265896     10.2346822686               0.0
    "BPMR.7L5.B1"       9921.346649                 1     168.916413534               0.0       171.6711762        21.7978012     172.018809503               0.0
     "BPM.6L5.B1"       9958.240649                 1     9.26849078633               0.0       9.846488997       21.92741913      9.4387201196               0.0
    "BPMR.5L5.B1"       9990.140649                 1     109.173149351               0.0       118.2163979       22.23328728     111.178273254               0.0
   "BPMYA.4L5.B1"       10017.54665                 1      330.53199619               0.0       369.5478179       22.25380832     336.602697735               0.0
   "BPMWB.4L5.B1"       10038.68115                 1     717.364217911               0.0       817.2762409       22.26004595     730.539656647               0.0
   "BPMSY.4L5.B1"       10131.46115                 1     4766.57119798               0.0       5153.353933       22.26724363     4854.11622076               0.0
    "BPMS.2L5.B1"       10158.24665                 1     1336.32233814               0.0        1466.51234       22.26890073     1360.86584429               0.0
   "BPMSW.1L5.B1"       10168.21165                 1     1073.18412589               0.0       1162.864002       22.26997571      1092.8947155               0.0
   "BPMSW.1R5.B1"       10211.33965                 1     1098.01161645               0.0       1162.859714       22.76407165     1118.17819909               0.0
    "BPMS.2R5.B1"       10221.30465                 1     895.462194983               0.0       3889.735265       22.76490831     911.908662476               0.0
   "BPMSY.4R5.B1"       10248.09015                 1     2194.23711827               0.0       2484.962953       22.76605049     2234.53747896               0.0
   "BPMWB.4R5.B1"       10340.87015                 1     1198.81193813               0.0       1315.797268       22.77422027      1220.8298655               0.0
   "BPMYA.4R5.B1"       10362.00265                 1     965.193998583               0.0        1054.03612       22.77702284     982.921192216               0.0
     "BPM.5R5.B1"       10383.12065                 1     516.729228563               0.0       557.7326851       22.78140701     526.219713485               0.0
    "BPMR.6R5.B1"       10415.02065                 1     200.044327865               0.0       199.8506058       22.79688794      203.71843332               0.0
   "BPM_A.7R5.B1"       10449.03465                 1     20.8259569841               0.0       21.35448744       22.88362654     21.2084560181               0.0
     "BPM.8R5.B1"       10490.47364                 1     129.486356231               0.0       122.8584708       23.09302801     131.864561766               0.0
     "BPM.9R5.B1"       10529.54063                 1     44.3016255511               0.0       42.96798859       23.17322829     45.1152894317               0.0
    "BPM.10R5.B1"       10570.00562                 1     168.617637691               0.0       166.3139272       23.26437707     171.714546206               0.0
    "BPM.11R5.B1"       10622.78831                 1     22.1883676355               0.0       31.29957213       23.38103112     22.5958893255               0.0
    "BPM.12R5.B1"       10677.51479                 1     181.704034429               0.0       170.4616741       23.52745829     185.041293682               0.0
    "BPM.13R5.B1"       10730.96627                 1     33.6212372696               0.0       33.47654539       23.64181628      34.238740263               0.0
    "BPM.14R5.B1"       10784.41776                 1     170.251053553               0.0       171.6983294       23.77798319     173.377962129               0.0
    "BPM.15R5.B1"       10837.86924                 1     31.5250206964               0.0       33.49318309       23.89181923     32.1040236191               0.0
    "BPM.16R5.B1"       10891.32073                 1     171.927261758               0.0       171.7125965        24.0279622      175.08495634               0.0
    "BPM.17R5.B1"       10944.77221                 1     33.7761178799               0.0       33.48743432       24.14180437     34.3964654812               0.0
    "BPM.18R5.B1"        10998.2237                 1     174.533171113               0.0       171.6983269       24.27797067     177.738727016               0.0
    "BPM.19R5.B1"       11051.67518                 1     33.1787950053               0.0       33.49318281       24.39180672      33.788171902               0.0
    "BPM.20R5.B1"       11105.12666                 1     177.054290418               0.0        171.712599       24.52794969     180.306150349               0.0
    "BPM.21R5.B1"       11158.57815                 1     33.0610919888               0.0        33.4874346       24.64179185     33.6683070981               0.0
    "BPM.22R5.B1"       11212.02963                 1     164.221721939               0.0       171.6983244       24.77795816     167.237893059               0.0
    "BPM.23R5.B1"       11265.48112                 1     34.5996745097               0.0       33.49074786       24.89179919     35.2351479281               0.0
    "BPM.24R5.B1"        11318.9326                 1     174.540120193               0.0       171.7116167       25.02794932     177.745803726               0.0
    "BPM.25R5.B1"       11372.38408                 1     33.8274879973               0.0       33.48742682       25.14179185     34.4487790857               0.0
    "BPM.26R5.B1"       11425.83557                 1     177.578471903               0.0       171.6983244       25.27795816     180.839959191               0.0
    "BPM.27R5.B1"       11479.28705                 1     32.4917480707               0.0       33.49074786       25.39179919     33.0885063497               0.0
    "BPM.28R5.B1"       11532.73854                 1     175.753833183               0.0       171.7116167       25.52794932     178.981808323               0.0
    "BPM.29R5.B1"       11586.19002                 1     34.2513368762               0.0       33.48742682       25.64179185     34.8804125666               0.0
    "BPM.30R5.B1"        11639.6415                 1     170.434173607               0.0       171.6983244       25.77795816     173.564445451               0.0
    "BPM.31R5.B1"       11693.09299                 1     33.3227103802               0.0       33.49074786       25.89179919     33.9347304924               0.0
    "BPM.32R5.B1"       11746.54447                 1     175.132168106               0.0       171.7116167       26.02794932     178.348725461               0.0
    "BPM.33R5.B1"       11799.99596                 1     32.5468714486               0.0       33.48742682       26.14179185     33.1446421487               0.0
    "BPM.34R5.B1"       11853.44744                 1     158.798512966               0.0       171.6983244       26.27795816     161.715078954               0.0
    "BPM.33L6.B1"       11906.89893                 1     35.6047196597               0.0       33.49074786       26.39179919     36.2586521962               0.0
    "BPM.32L6.B1"       11960.35041                 1     178.900693064               0.0       171.7116167       26.52794932     182.186464869               0.0
    "BPM.31L6.B1"       12013.80189                 1     36.2261851958               0.0       33.48742682       26.64179185      36.891531852               0.0
    "BPM.30L6.B1"       12067.25338                 1     171.479967501               0.0       171.6983244       26.77795816     174.629446872               0.0
    "BPM.29L6.B1"       12120.70486                 1      32.019894987               0.0       33.49074786       26.89179919     32.6079869969               0.0
    "BPM.28L6.B1"       12174.15635                 1     190.819251937               0.0       171.7116167       27.02794932     194.323925435               0.0
    "BPM.27L6.B1"       12227.60783                 1     34.7164180916               0.0       33.48742682       27.14179185     35.3540356759               0.0
    "BPM.26L6.B1"       12281.05931                 1     163.517556058               0.0       171.6983244       27.27795816     166.520794146               0.0
    "BPM.25L6.B1"        12334.5108                 1     35.6464856175               0.0       33.49074786       27.39179919     36.3011852466               0.0
    "BPM.24L6.B1"       12387.96228                 1     184.158563869               0.0       171.7116167       27.52794932     187.540904129               0.0
    "BPM.23L6.B1"       12441.41377                 1     34.0562086583               0.0       33.48742682       27.64179185     34.6817005347               0.0
    "BPM.22L6.B1"       12494.86525                 1     171.807680116               0.0       171.6983244       27.77795816     174.963178407               0.0
    "BPM.21L6.B1"       12548.31673                 1     33.7842804718               0.0       33.49074786       27.89179919      34.404777991               0.0
    "BPM.20L6.B1"       12601.76822                 1     180.802131843               0.0       171.7124894       28.02794888     184.122826341               0.0
    "BPM.19L6.B1"        12655.2197                 1     31.7269873715               0.0       33.48986925       28.14178606     32.3096997064               0.0
    "BPM.18L6.B1"       12708.67119                 1     164.665404789               0.0       171.6984336       28.27794565     167.689724791               0.0
    "BPM.17L6.B1"       12762.12267                 1     35.4998880306               0.0       33.49074763       28.39178668     36.1518951815               0.0
    "BPM.16L6.B1"       12815.57415                 1      180.84681555               0.0       171.7124899       28.52793637      184.16833073               0.0
    "BPM.15L6.B1"       12869.02564                 1     33.9806843041               0.0       33.48986947       28.64177355     34.6047890657               0.0
    "BPM.14L6.B1"       12922.47712                 1      170.79067349               0.0       171.6984331       28.77793314     173.927492973               0.0
    "BPM.13L6.B1"       12975.92861                 1     33.6923691129               0.0        33.4907474       28.89177417     34.3111785462               0.0
    "BPM.12L6.B1"       13029.38009                 1     177.445142568               0.0       172.3301133       29.02761038     180.704181068               0.0
    "BPM.11L6.B1"       13082.83158                 1     29.0015450031               0.0       28.00013899       29.15448507     29.5342006191               0.0
    "BPM.10L6.B1"       13134.67226                 1     172.729406985               0.0       173.2591773       29.30126285     175.901834133               0.0
     "BPM.9L6.B1"       13173.73925                 1      18.415814887               0.0       16.60612193       29.41453321     18.7540481508               0.0
     "BPM.8L6.B1"       13214.20424                 1     131.267775202               0.0       130.3694074       29.64014429     133.678699091               0.0
   "BPMYA.5L6.B1"       13311.29423                 1     163.955460875               0.0       173.7940381       29.74224023     166.966741723               0.0
   "BPMYB.4L6.B1"       13347.69423                 1     549.357679725               0.0       602.0958877       29.76118221     559.447433678               0.0
   "BPMSE.4L6.B1"       13476.94473                 1     221.277935008               0.0       252.9362354       29.81247146     225.342026585               0.0
   "BPMSA.4R6.B1"       13568.51473                 1     123.497656692               0.0       131.4608183       29.89620361     125.765871037               0.0
   "BPMYA.4R6.B1"       13691.29423                 1     174.769121118               0.0       185.2031533       30.04035375     177.979010587               0.0
   "BPMYB.5R6.B1"       13727.69423                 1     577.493532965               0.0       616.4975055       30.05837476     588.100042844               0.0
     "BPM.8R6.B1"       13823.42122                 1     23.5141171719               0.0       21.56523234       30.20104456     23.9459881832               0.0
    "BPM.10R6.B1"        13902.9532                 1      25.040676957               0.0       28.92545014       30.46847799     25.5005854622               0.0
    "BPM.11R6.B1"       13954.79389                 1     182.795810645               0.0        177.270474       30.61535096     186.153121958               0.0
    "BPM.12R6.B1"       14009.52037                 1      37.414078688               0.0       34.19120251       30.72900997     38.1012427384               0.0
    "BPM.13R6.B1"       14062.97186                 1     174.184394967               0.0       170.1924123        30.8641026     177.383545088               0.0
    "BPM.14R6.B1"       14116.42334                 1     34.6354736352               0.0       31.88949484       30.98188857     35.2716045567               0.0
    "BPM.15R6.B1"       14169.87483                 1     179.333653388               0.0       175.6964962       31.12059537      182.62737714               0.0
    "BPM.16R6.B1"       14223.32631                 1     30.5911907542               0.0       30.62932295       31.23893138     31.1530425299               0.0
    "BPM.17R6.B1"       14276.77779                 1     186.566924805               0.0       171.0099726       31.38428663     189.993498122               0.0
    "BPM.19R6.B1"       14383.68076                 1     176.110782262               0.0       174.6438469       31.64024116     179.345313292               0.0
    "BPM.20R6.B1"       14437.13225                 1     28.5555095421               0.0       30.51864144       31.75928499     29.0799730673               0.0
    "BPM.21R6.B1"       14490.58373                 1      169.36258109               0.0       172.1192995       31.90434748     172.473171576               0.0
    "BPM.22R6.B1"       14544.03522                 1     31.0746076617               0.0       32.10913155       32.02075961      31.645338093               0.0
    "BPM.23R6.B1"        14597.4867                 1     182.472523562               0.0       172.1866152        32.1607023     185.823897236               0.0
    "BPM.24R6.B1"       14650.93818                 1     33.1839821889               0.0       32.10637593       32.27712494     33.7934543558               0.0
    "BPM.25R6.B1"       14704.38967                 1     172.543469618               0.0       172.1986226       32.41706918     175.712481755               0.0
    "BPM.26R6.B1"       14757.84115                 1     33.2326953407               0.0       32.10898259       32.53348104     33.8430621955               0.0
    "BPM.27R6.B1"       14811.29264                 1      175.00212081               0.0       172.1856345       32.67342473     178.216289657               0.0
    "BPM.29R6.B1"        14918.1956                 1     176.419101703               0.0       172.1995203       32.92979065     179.659295468               0.0
    "BPM.30R6.B1"       14971.64709                 1     32.6037345872               0.0       32.10880139       33.04620254     33.2025496617               0.0
    "BPM.31R6.B1"       15025.09857                 1      171.79998536               0.0       172.1848256       33.18614723     174.955342326               0.0
    "BPM.33R6.B1"       15132.00154                 1     180.733778334               0.0       172.2002354       33.44251206      184.05321742               0.0
    "BPM.34R6.B1"       15185.45302                 1     34.4017981293               0.0       32.10859258       33.55892412     35.0336372597               0.0
    "BPM.33L7.B1"       15238.90451                 1     175.959050765               0.0       172.1842088       33.69886977     179.190795024               0.0
    "BPM.32L7.B1"       15292.35599                 1     33.5127324426               0.0       32.10695784       33.81529211     34.1282425868               0.0
    "BPM.31L7.B1"       15345.80748                 1     179.306255852               0.0       172.2007498       33.95523343     182.599476409               0.0
    "BPM.30L7.B1"       15399.25896                 1      32.925068357               0.0       32.10836147       34.07164578     33.5297851943               0.0
    "BPM.29L7.B1"       15452.71045                 1     169.123981312               0.0          172.1838       34.21159236     172.230189565               0.0
    "BPM.28L7.B1"       15506.16193                 1     33.3690604386               0.0       32.10719791       34.32801433     33.9819318371               0.0
    "BPM.27L7.B1"       15559.61341                 1     178.187723873               0.0       172.2010504       34.46795476      181.46040096               0.0
    "BPM.26L7.B1"        15613.0649                 1     33.4673101635               0.0       32.10811398       34.58436754     34.0819860613               0.0
    "BPM.25L7.B1"       15666.51638                 1     187.964446658               0.0       172.1836097       34.72431496       191.4166875               0.0
    "BPM.24L7.B1"       15719.96787                 1     29.5787904287               0.0       32.10745125       34.84073646     30.1220479978               0.0
    "BPM.23L7.B1"       15773.41935                 1     174.049726387               0.0       172.2011293       34.98067608     177.246403123               0.0
    "BPM.22L7.B1"       15826.87083                 1     34.0790568343               0.0        32.1078564        35.0970894     34.7049683508               0.0
    "BPM.21L7.B1"       15880.32232                 1     170.460909815               0.0       172.1836426       35.23703758     173.591672708               0.0
    "BPM.20L7.B1"        15933.7738                 1     31.8357757779               0.0       30.47435327       35.35724459     32.4204861703               0.0
    "BPM.19L7.B1"       15987.22529                 1     174.328803457               0.0       174.5553049       35.50102397      177.53060585               0.0
    "BPM.18L7.B1"       16040.67677                 1     34.2389625996               0.0       32.09657338       35.61646626     34.8678110183               0.0
    "BPM.17L7.B1"       16094.12825                 1     171.322248626               0.0       171.1056937       35.75708902     174.468831261               0.0
    "BPM.16L7.B1"       16147.57974                 1     30.6114145168               0.0       30.52259439       35.87764884     31.1736377313               0.0
    "BPM.15L7.B1"       16201.03122                 1     174.008811901               0.0       175.5794501       36.02068135     177.204737183               0.0
    "BPM.14L7.B1"       16254.48271                 1     34.7033029619               0.0       32.02378287        36.1358715     35.3406796677               0.0
    "BPM.13L7.B1"       16307.93419                 1     172.477862575               0.0       170.1513258        36.2772605     175.645669743               0.0
    "BPM.12L7.B1"       16361.38567                 1      37.953259001               0.0       36.24459573        36.3863031     38.6503258832               0.0
    "BPM.11L7.B1"       16414.83716                 1     175.368235848               0.0       177.0550772       36.51311475     178.589128931               0.0
    "BPM.10L7.B1"       16467.61985                 1     46.6254834708               0.0       47.38131886         36.605004     47.4818283869               0.0
     "BPM.9L7.B1"       16506.68684                 1     176.572232843               0.0       166.3521056       36.68466988     179.815239085               0.0
     "BPM.7L7.B1"       16586.21782                 1      130.60312159               0.0       134.7712352       36.82220919     133.001838148               0.0
     "BPM.6L7.B1"       16621.03582                 1      51.668704195               0.0       49.81548872       36.88797155     52.6176752054               0.0
   "BPMWC.6L7.B1"       16633.13832                 1      41.615813951               0.0       49.69190068       36.92958517     42.3801489895               0.0
   "BPMWE.5L7.B1"       16710.19232                 1     293.644530829               0.0       314.1349118       37.03535636     299.037740344               0.0
    "BPMW.5L7.B1"       16733.39732                 1     259.819022523               0.0       285.6063477       37.04678483      264.59097731               0.0
   "BPMWE.4L7.B1"       16768.48232                 1     84.5369224038               0.0       93.22011178       37.08127598     86.0895661156               0.0
    "BPMW.4L7.B1"       16796.58732                 1     47.8542569646               0.0       54.42609551       37.15211142     48.7331700957               0.0
    "BPMW.4R7.B1"       16912.63432                 1     355.180920974               0.0       375.7351914       37.30278616     361.704335925               0.0
   "BPMWE.4R7.B1"       16940.73932                 1     290.526140946               0.0       317.8299468       37.31478815     295.862076689               0.0
    "BPMW.5R7.B1"       16975.82432                 1      93.661024095               0.0       93.03514539       37.34749066     95.3812452241               0.0
   "BPMWE.5R7.B1"       16999.02932                 1     44.6070953988               0.0       47.57653895       37.40873517      45.426369678               0.0
    "BPMR.6R7.B1"       17078.24482                 1     165.745921356               0.0       168.9596418       37.58115555     168.790086618               0.0
   "BPM_A.7R7.B1"       17116.28082                 1     52.4361417028               0.0        57.2560675       37.63773019     53.3992078208               0.0
     "BPM.8R7.B1"       17155.34681                 1     140.157996945               0.0       133.4952572       37.71898544     142.732202706               0.0
     "BPM.9R7.B1"        17194.4138                 1     44.6197477245               0.0       44.58287063        37.7980369     45.4392543822               0.0
    "BPM.10R7.B1"       17234.87878                 1     182.367147364               0.0       174.6728833       37.88340212     185.716585651               0.0
    "BPM.11R7.B1"       17287.66147                 1     35.8002921148               0.0       34.43815155        37.9924227     36.4578166242               0.0
    "BPM.12R7.B1"       17342.38796                 1      179.68278849               0.0       172.0481003       38.12925375     182.982924617               0.0
    "BPM.13R7.B1"       17395.83944                 1     32.6432952704               0.0       32.01668561       38.24600156     33.2428369345               0.0
    "BPM.14R7.B1"       17449.29093                 1      182.31661339               0.0       174.4542144       38.38501933     185.665123547               0.0
    "BPM.15R7.B1"       17502.74241                 1     32.5278360558               0.0       30.53226609       38.50411043     33.1252571433               0.0
    "BPM.16R7.B1"       17556.19389                 1     167.752556431               0.0       172.2874727       38.64902696     170.833576469               0.0
    "BPM.17R7.B1"       17609.64538                 1     33.4543534904               0.0       32.08981069       38.76541233       34.06879142               0.0
    "BPM.18R7.B1"       17663.09686                 1     182.078483066               0.0       173.3350917       38.90480998     185.422619613               0.0
    "BPM.19R7.B1"       17716.54835                 1      30.590117156               0.0       30.47804305       39.02451018     31.1519492135               0.0
    "BPM.20R7.B1"       17769.99983                 1     164.935364611               0.0       173.4229352       39.16893725     167.964642818               0.0
    "BPM.21R7.B1"       17823.45131                 1      33.441370529               0.0       32.11889494       39.28479073     34.0555700076               0.0
    "BPM.22R7.B1"        17876.9028                 1      185.09204298               0.0       172.2009993       39.42473037     188.491527944               0.0
    "BPM.23R7.B1"       17930.35428                 1     32.9419601518               0.0       32.10807333       39.54114326     33.5469872314               0.0
    "BPM.24R7.B1"       17983.80577                 1     172.877442608               0.0       172.1836777       39.68109076     176.052588645               0.0
    "BPM.25R7.B1"       18037.25725                 1     33.7506658929               0.0       32.10749135       39.79751214     34.3705460314               0.0
    "BPM.26R7.B1"       18090.70874                 1     172.071424691               0.0       172.2010449       39.93745169     175.231767035               0.0
    "BPM.27R7.B1"       18144.16022                 1    0.236098197775               0.0       32.10781709       40.05386514    0.240434485065               0.0
    "BPM.28R7.B1"        18197.6117                 1     186.679984967               0.0        172.183743       40.19381337     190.108634799               0.0
    "BPM.29R7.B1"       18251.06319                 1     31.4906437443               0.0       32.10774967       40.31023415     32.0690152843               0.0
    "BPM.30R7.B1"       18304.51467                 1     178.526864608               0.0       172.2008691       40.45017302     181.805770509               0.0
    "BPM.31R7.B1"       18357.96616                 1     33.6625121975               0.0       32.10755835       40.56658712      34.280773265               0.0
    "BPM.32R7.B1"       18411.41764                 1      173.95313227               0.0       172.1840281       40.70653596     177.148034914               0.0
    "BPM.33R7.B1"       18464.86912                 1     41.0380035233               0.0       32.10800719       40.82295605     41.7917262317               0.0
    "BPM.34R7.B1"       18518.32061                 1     175.330963398               0.0       172.2004764       40.96289437     178.551171918               0.0
    "BPM.33L8.B1"       18571.77209                 1     32.3874511365               0.0       32.10730369        41.0793092     32.9822938505               0.0
    "BPM.32L8.B1"       18625.22358                 1     162.832095301               0.0       172.1845259       41.21925853     165.822743904               0.0
    "BPM.31L8.B1"       18678.67506                 1     32.1667780331               0.0       32.10825736       41.33567785      32.757567764               0.0
    "BPM.30L8.B1"       18732.12654                 1     172.360552981               0.0       172.1998768       41.47561576     175.526205587               0.0
    "BPM.29L8.B1"       18785.57803                 1     33.8699724134               0.0       32.10705961       41.59203137     34.4920437899               0.0
    "BPM.28L8.B1"       18839.02951                 1     165.826907438               0.0       172.1852235       41.73198105     168.872560128               0.0
    "BPM.27L8.B1"         18892.481                 1     32.0965208436               0.0       32.10849379       41.84839955      32.686020199               0.0
    "BPM.26L8.B1"       18945.93248                 1     180.112444787               0.0       172.1990855        41.9883372     183.420472178               0.0
    "BPM.25L8.B1"       18999.38397                 1     33.1186051432               0.0       32.10683234       42.10475365     33.7268765654               0.0
    "BPM.24L8.B1"       19052.83545                 1     169.691365155               0.0       172.1861033       42.24470351      172.80799424               0.0
    "BPM.23L8.B1"       19106.28693                 1     31.7631976235               0.0       32.10871045       42.36112117     32.3465750124               0.0
    "BPM.22L8.B1"       19159.73842                 1     183.679426921               0.0       172.1981229        42.5010587     187.052967133               0.0
    "BPM.21L8.B1"        19213.1899                 1     33.8675020445               0.0       32.10662768         42.617476     34.4895280491               0.0
    "BPM.20L8.B1"       19266.64139                 1     180.513167706               0.0       173.4955575       42.75673544     183.828554956               0.0
    "BPM.19L8.B1"       19320.09287                 1     29.4426147691               0.0       30.45861329       42.87641422     29.9833712738               0.0
    "BPM.18L8.B1"       19373.54435                 1     185.213524413               0.0       173.2866211       43.02098645     188.615240561               0.0
    "BPM.17L8.B1"       19426.99584                 1     32.1067041836               0.0       32.14325573       43.13684192     32.6963905708               0.0
    "BPM.16L8.B1"       19480.44732                 1     178.972954651               0.0       172.3255344       43.27663932     182.260053645               0.0
    "BPM.15L8.B1"       19533.89881                 1     29.5808428517               0.0       30.44826064        43.3968488     30.1241381166               0.0
    "BPM.14L8.B1"       19587.35029                 1     182.945912207               0.0        174.441654        43.5407806     186.305980353               0.0
    "BPM.13L8.B1"       19640.80177                 1     32.2228289524               0.0        32.1271715       43.65620162     32.8146481402               0.0
    "BPM.12L8.B1"       19694.25326                 1     170.484608965               0.0       171.3860819       43.79657847     173.615807127               0.0
    "BPM.11L8.B1"       19747.70474                 1     31.3079061309               0.0       33.96764082       43.90942579     31.8829214284               0.0
    "BPM.10L8.B1"       19799.54543                 1     171.774197893               0.0       165.0751083       44.04149357     174.929081234               0.0
     "BPM.9L8.B1"       19838.61242                 1     48.6979287456               0.0       48.29558998       44.10743533     49.5923371378               0.0
     "BPM.8L8.B1"       19879.07741                 1     144.961472339               0.0        149.137966       44.19856933     147.623900922               0.0
     "BPM.7L8.B1"        19918.1454                 1      24.619573956               0.0       25.12412413        44.2966103     25.0717482912               0.0
    "BPMR.6L8.B1"        19950.6144                 1     69.5697061642               0.0       72.12776635       44.43087555     70.8474551494               0.0
     "BPM.5L8.B1"        20011.0334                 1     62.2545265349               0.0       64.38639469       44.71535482     63.3979215913               0.0
   "BPMYB.4L8.B1"        20031.8004                 1     190.871496929               0.0       223.2242958       44.74306391     194.377129983               0.0
   "BPMWB.4L8.B1"        20056.1919                 1     241.814296303               0.0       285.9018256       44.75737744     246.255568068               0.0
   "BPMSX.4L8.B1"        20106.4249                 1     235.570440444               0.0       333.3860327       44.78338874     239.897034702               0.0
    "BPMS.2L8.B1"        20144.3364                 1     484.332491337               0.0       525.7560619       44.79694195     493.227962993               0.0
   "BPMSW.1L8.B1"        20154.2704                 1     145.178502563               0.0       158.4512884       44.80309245     147.844917222               0.0
   "BPMSW.1R8.B1"        20197.4604                 1     151.927663556               0.0       158.4475621       45.25915413     154.718036387               0.0
    "BPMS.2R8.B1"        20207.3944                 1     182.374405708               0.0         195.98793       45.26709429     185.723977305               0.0
   "BPMSX.4R8.B1"        20245.3059                 1     507.093481512               0.0       567.9972294       45.28256609     516.406991904               0.0
   "BPMWB.4R8.B1"        20295.4629                 1     185.052377127               0.0       227.4346668        45.3048489      188.45113357               0.0
   "BPMYB.4R8.B1"        20319.9304                 1     133.765931515               0.0       147.7602251       45.32769508     136.222737683               0.0
   "BPMYB.5R8.B1"        20340.5074                 1     177.415281888               0.0       195.0056676       45.34703565     180.673771954               0.0
     "BPM.6R8.B1"        20424.6154                 1     41.9331902194               0.0        42.6376099       45.58519154     42.7033543354               0.0
   "BPM_A.7R8.B1"        20446.8554                 1      159.26609356               0.0       160.6274635       45.62849476     162.191247346               0.0
     "BPM.8R8.B1"       20488.29241                 1     16.6659799047               0.0        16.7791158        45.7453478     16.9720749004               0.0
     "BPM.9R8.B1"       20527.35742                 1     115.662706204               0.0       116.6998911       45.96239046     117.787020272               0.0
    "BPM.10R8.B1"       20567.82043                 1     27.2209373418               0.0       24.77543335       46.07412945     27.7208895046               0.0
    "BPM.11R8.B1"       20619.65914                 1     174.826153461               0.0       183.2044262       46.23601302     178.037090412               0.0
    "BPM.12R8.B1"       20674.38266                 1     41.0409753156               0.0       43.27590768       46.33313795     41.7947526053               0.0
    "BPM.13R8.B1"       20727.83117                 1      169.75806591               0.0       172.0826476       46.44848118     172.875920051               0.0
    "BPM.14R8.B1"       20781.27969                 1     33.2875755674               0.0       33.49092722       46.56231394     33.8989503776               0.0
    "BPM.15R8.B1"       20834.72821                 1     122.390052559               0.0       171.6867158       46.69846668     124.637924141               0.0
    "BPM.16R8.B1"       20888.17672                 1     35.0865690629               0.0       33.49504866        46.8122959     35.7309850089               0.0
    "BPM.17R8.B1"       20941.62524                 1      180.13067549               0.0       171.6971048       46.94843182     183.439037714               0.0
    "BPM.18R8.B1"       20995.07375                 1     32.7724232429               0.0       33.49092802       47.06226537     33.3743365303               0.0
    "BPM.19R8.B1"       21048.52227                 1     172.896008046               0.0       171.6867089       47.19841811     176.071495065               0.0
    "BPM.20R8.B1"       21101.97079                 1     33.1842920921               0.0       33.49504786       47.31224734     33.7937699508               0.0
    "BPM.21R8.B1"        21155.4193                 1      166.37957456               0.0       171.6971118       47.44838326     169.435377787               0.0
    "BPM.22R8.B1"       21208.86782                 1     22.6128112872               0.0       33.49092882        47.5622168     23.0281285031               0.0
    "BPM.23R8.B1"       21262.31633                 1     169.138259546               0.0       171.6858294       47.69836998     172.244730041               0.0
    "BPM.24R8.B1"       21315.76485                 1      33.162237113               0.0       33.49260464       47.81220456     33.7713098999               0.0
    "BPM.25R8.B1"       21369.21337                 1     177.916208454               0.0       171.6970044        47.9483472     181.183898766               0.0
    "BPM.26R8.B1"       21422.66188                 1     34.5279289917               0.0       33.49092938       48.06218074     35.1620846991               0.0
    "BPM.27R8.B1"        21476.1104                 1     168.769843386               0.0       171.6858271       48.19833392      171.86954738               0.0
    "BPM.29R8.B1"       21583.00743                 1     170.719100365               0.0       171.6970067       48.44831114     173.854605303               0.0
    "BPM.30R8.B1"       21636.45594                 1     34.0751765285               0.0       33.49092993       48.56214468     34.7010167775               0.0
    "BPM.31R8.B1"       21689.90446                 1     167.226987243               0.0       171.6858247       48.69829786     170.298354437               0.0
    "BPM.32R8.B1"       21743.35298                 1     34.0761624775               0.0       33.49260354       48.81213245     34.7020208349               0.0
    "BPM.33R8.B1"       21796.80149                 1     170.891327045               0.0        171.697009       48.94827509     174.029995178               0.0
    "BPM.34R8.B1"       21850.25001                 1     35.1749255665               0.0       33.49093048       49.06210862     35.8209643084               0.0
    "BPM.33L1.B1"       21903.69852                 1     163.796523364               0.0       171.6858224        49.1982618     166.804885093               0.0
    "BPM.32L1.B1"       21957.14704                 1      33.411017795               0.0       33.49260298       49.31209639     34.0246598015               0.0
    "BPM.31L1.B1"       22010.59556                 1     177.047106747               0.0       171.6970113       49.44823903     180.298834739               0.0
    "BPM.30L1.B1"       22064.04407                 1     34.9591594101               0.0       33.49093104       49.56207257     35.6012352923               0.0
    "BPM.29L1.B1"       22117.49259                 1     173.557700844               0.0       171.6858201       49.69822575     176.745340815               0.0
    "BPM.28L1.B1"        22170.9411                 1     34.0237488644               0.0       33.49260243       49.81206034     34.6486445694               0.0
    "BPM.27L1.B1"       22224.38962                 1     181.128993831               0.0       171.6970136       49.94820298     184.455691626               0.0
    "BPM.26L1.B1"       22277.83814                 1     34.2857662168               0.0       33.49093159       50.06203651     34.9154742522               0.0
    "BPM.25L1.B1"       22331.28665                 1     176.118310984               0.0       171.6858178       50.19818969      179.35298029               0.0
    "BPM.24L1.B1"       22384.73517                 1     32.7172400503               0.0       33.49260188       50.31202428      33.318139818               0.0
    "BPM.23L1.B1"       22438.18368                 1     168.830397224               0.0        171.697016       50.44816692     171.931213378               0.0
    "BPM.22L1.B1"        22491.6322                 1     33.3750050845               0.0       33.49093214       50.56200045     33.9879856651               0.0
    "BPM.21L1.B1"       22545.08071                 1     176.658249855               0.0       171.6858155       50.69815363     179.902835925               0.0
    "BPM.20L1.B1"       22598.52923                 1     32.9988077284               0.0       33.49503592       50.81198324     33.6048788966               0.0
    "BPM.19L1.B1"       22651.97775                 1     174.083062142               0.0       171.6971325       50.94811916     177.280351138               0.0
    "BPM.18L1.B1"       22705.42626                 1     33.2024165946               0.0       33.49093298       51.06195269     33.8122273362               0.0
    "BPM.17L1.B1"       22758.87478                 1     166.920703568               0.0       171.6858086       51.19810587     169.986445416               0.0
    "BPM.16L1.B1"       22812.32329                 1     34.7965070033               0.0       33.49503507       51.31193549     35.4355955371               0.0
    "BPM.15L1.B1"       22865.77181                 1     179.183859203               0.0       171.6971394       51.44807141     182.474831767               0.0
    "BPM.14L1.B1"       22919.22033                 1     34.9888298271               0.0       33.49093383       51.56190493     35.6314506497               0.0
    "BPM.13L1.B1"       22972.66884                 1     171.489697989               0.0       171.6858018       51.69805811     174.639356075               0.0
    "BPM.12L1.B1"       23026.11736                 1     35.2221595028               0.0       37.37572878       51.80471524     35.8690657648               0.0
    "BPM.11L1.B1"       23079.56587                 1     172.270635222               0.0       169.7692486         51.932242     175.434636358               0.0
    "BPM.10L1.B1"       23132.34658                 1     58.7169733037               0.0       59.12379015        52.0160363     59.7953960423               0.0
     "BPM.9L1.B1"        23171.4116                 1      221.09981278               0.0       219.6617885       52.07732545     225.160632883               0.0
     "BPM.8L1.B1"       23211.87461                 1     10.3632018274               0.0       11.06862673        52.2039608     10.5535371234               0.0
    "BPMR.7L1.B1"       23250.94062                 1     186.153030088               0.0       171.6793461       52.46908789     189.572001625               0.0
     "BPM.6L1.B1"       23294.12462                 1     6.75248712178               0.0       7.176888035       52.73362348     6.87650638308               0.0
    "BPMR.5L1.B1"       23326.02462                 1     1.51142761843               0.0       168.4184802       52.91161164     1.53918718811               0.0
   "BPMYA.4L1.B1"       23347.14262                 1     327.291521148               0.0       369.6052291       52.92509906     333.302706649               0.0
   "BPMWB.4L1.B1"       23368.27512                 1     748.119924713               0.0       817.3484068       52.93133526     761.860236801               0.0
   "BPMSY.4L1.B1"       23461.05512                 1     4772.85246728               0.0       5153.775574       52.93853233     4860.51285472               0.0
    "BPMS.2L1.B1"       23487.84062                 1      1398.5038092               0.0       1466.629998       52.94018929     1424.18936864               0.0
   "BPMSW.1L1.B1"       23497.79062                 1     1148.26793978               0.0       1164.573998       52.94126213       1169.357553               0.0
   "BPMSW.1R1.B1"       23540.93362                 1     1088.10478698               0.0       1162.958279        53.4353606     1108.08941627               0.0
    "BPMS.2R1.B1"       23550.89862                 1     3981.22312356               0.0       3890.061994        53.4361972     4054.34408506               0.0
   "BPMSY.4R1.B1"       23577.68412                 1     2439.88087938               0.0       2485.169058       53.43733928     2484.69284552               0.0
   "BPMWB.4R1.B1"       23670.46412                 1     1263.97125591               0.0       1315.895817       53.44550841     1287.18592905               0.0
   "BPMYA.4R1.B1"       23691.59662                 1     1021.91639749               0.0        1054.11196       53.44831078      1040.6853806               0.0
     "BPM.5R1.B1"       23719.00462                 1     465.506390119               0.0       458.2183966       53.45468971     474.056093005               0.0
    "BPMR.6R1.B1"       23750.90462                 1       142.4659753               0.0       151.6213247       53.47391543     145.082570444               0.0
   "BPMSX.7R1.B1"       23757.12012                 1     105.917685555               0.0        109.615477       53.48159167     107.863018124               0.0
   "BPM_A.7R1.B1"       23778.62862                 1     20.4066401575               0.0       21.35307438       53.55491412     20.7814378272               0.0
     "BPM.8R1.B1"       23820.06761                 1     129.709036958               0.0       122.8601978       53.76433149     132.091332349               0.0
     "BPM.9R1.B1"        23859.1346                 1     45.6071606475               0.0       42.97232301       53.84452673     46.4448025817               0.0
    "BPM.10R1.B1"       23899.59958                 1     169.062621785               0.0       166.3279779       53.93566601     172.167703082               0.0
    "BPM.11R1.B1"       23952.38227                 1     31.7304159271               0.0       31.29759343       54.05231853     32.3131912324               0.0
    "BPM.12R1.B1"       24007.10876                 1     165.958061897               0.0       170.4494906       54.19875978     169.006123429               0.0
    "BPM.13R1.B1"       24060.56024                 1     32.7622578473               0.0       33.47905705       54.31311752     33.3639844324               0.0
    "BPM.14R1.B1"       24114.01173                 1      175.11216414               0.0       171.7105065       54.44927106     178.328354093               0.0
    "BPM.15R1.B1"       24167.46321                 1     32.8092243612               0.0        33.4906705       54.56310739     33.4118135547               0.0
    "BPM.16R1.B1"       24220.91469                 1     170.562120387               0.0       171.7004166       54.69926373      173.69474216               0.0
    "BPM.17R1.B1"       24274.36618                 1     33.4537738851               0.0       33.48994637       54.81310561     34.0682011695               0.0
    "BPM.18R1.B1"       24327.81766                 1     172.463913722               0.0       171.7105063       54.94925855     175.631464699               0.0
    "BPM.19R1.B1"       24381.26915                 1     32.8061962617               0.0       33.49067065       55.06309487     33.4087298398               0.0
    "BPM.20R1.B1"       24434.72063                 1     176.083196746               0.0       171.7004168       55.19925121     179.317221127               0.0
    "BPM.21R1.B1"       24488.17211                 1     33.8468138548               0.0       33.48994622        55.3130931     34.4684598907               0.0
    "BPM.22R1.B1"        24541.6236                 1     174.044697623               0.0       171.7105062       55.44924604     177.241281998               0.0
    "BPM.23R1.B1"       24595.07508                 1     34.2731161854               0.0       33.48823615       55.56308734     34.9025918845               0.0
    "BPM.24R1.B1"       24648.52657                 1     172.143382501               0.0       171.6994345       55.69925085     175.305046455               0.0
    "BPM.25R1.B1"       24701.97805                 1     32.2606922188               0.0       33.48993844        55.8130931     32.8532068205               0.0
    "BPM.26R1.B1"       24755.42954                 1     174.018784885               0.0       171.7105062       55.94924604     177.214893336               0.0
    "BPM.27R1.B1"       24808.88102                 1     33.5502434161               0.0       33.48823615       56.06308734     34.1664425039               0.0
    "BPM.28R1.B1"        24862.3325                 1     167.499762003               0.0       171.6994345       56.19925085     170.576139103               0.0
    "BPM.29R1.B1"       24915.78399                 1     34.0203072288               0.0       33.48993844        56.3130931     34.6451397232               0.0
    "BPM.30R1.B1"       24969.23547                 1     175.018239141               0.0       171.7105062       56.44924604     178.232704025               0.0
    "BPM.31R1.B1"       25022.68696                 1     34.7123779159               0.0       33.48823615       56.56308734     35.3499212965               0.0
    "BPM.32R1.B1"       25076.13844                 1     171.427790102               0.0       171.6994345       56.69925085      174.57631116               0.0
    "BPM.33R1.B1"       25129.58992                 1     36.8774053192               0.0       33.48993844        56.8130931     37.5547125816               0.0
    "BPM.34R1.B1"       25183.04141                 1     178.514844346               0.0       171.7105062       56.94924604     181.793529478               0.0
    "BPM.33L2.B1"       25236.49289                 1     36.6899822505               0.0       33.48823615       57.06308734     37.3638472152               0.0
    "BPM.32L2.B1"       25289.94438                 1      194.55454773               0.0       171.6994345       57.19925085     198.127825376               0.0
    "BPM.31L2.B1"       25343.39586                 1     32.2329014662               0.0       33.48993844        57.3130931     32.8249056504               0.0
    "BPM.30L2.B1"       25396.84734                 1     153.113549053               0.0       171.7105062       57.44924604     155.925702398               0.0
    "BPM.29L2.B1"       25450.29883                 1     36.9807774124               0.0       33.48823615       57.56308734     37.6599832538               0.0
    "BPM.28L2.B1"       25503.75031                 1     200.307587818               0.0       171.6994345       57.69925085     203.986528425               0.0
    "BPM.27L2.B1"        25557.2018                 1     32.0365649588               0.0       33.48993844        57.8130931      32.624963137               0.0
    "BPM.26L2.B1"       25610.65328                 1     155.350036588               0.0       171.7105062       57.94924604     158.203266285               0.0
    "BPM.25L2.B1"       25664.10477                 1     37.2385494662               0.0       33.48823615       58.06308734     37.9224896668               0.0
    "BPM.24L2.B1"       25717.55625                 1     199.675779134               0.0       171.6994345       58.19925085     203.343115655               0.0
    "BPM.23L2.B1"       25771.00773                 1     30.9368953292               0.0       33.48993844        58.3130931     31.5050964729               0.0
    "BPM.22L2.B1"       25824.45922                 1     151.459541057               0.0       171.7105062       58.44924604     154.241316136               0.0
    "BPM.21L2.B1"        25877.9107                 1     39.7820677991               0.0       33.48823615       58.56308734     40.5127234186               0.0
    "BPM.20L2.B1"       25931.36219                 1     197.274023982               0.0        171.700307        58.6992504     200.897248771               0.0
    "BPM.19L2.B1"       25984.81367                 1      30.754600054               0.0       33.49238085        58.8130873     31.3194530795               0.0
    "BPM.18L2.B1"       26038.26515                 1      161.24047831               0.0       171.7106177       58.94923352     164.201894549               0.0
    "BPM.17L2.B1"       26091.71664                 1     35.1944259888               0.0       33.48823635       59.06307483     35.8408228844               0.0
    "BPM.16L2.B1"       26145.16812                 1     201.596728158               0.0       171.7003052       59.19923789     205.299345705               0.0
    "BPM.15L2.B1"       26198.61961                 1     32.7297278961               0.0       33.49238065       59.31307479     33.3308570213               0.0
    "BPM.14L2.B1"       26252.07109                 1     157.446519388               0.0       171.7106195       59.44922101     160.338254044               0.0
    "BPM.13L2.B1"       26305.52257                 1     37.6901962655               0.0       33.48823656       59.56306232     38.3824316174               0.0
    "BPM.12L2.B1"       26358.97406                 1     200.276394165               0.0       173.7017891       59.69821776     203.954761856               0.0
    "BPM.11L2.B1"       26412.42554                 1     29.4984798146               0.0       30.91271351       59.81689121     30.0402623622               0.0
    "BPM.10L2.B1"       26464.26623                 1     159.169500357               0.0       167.4647348       59.95693287     162.092880068               0.0
     "BPM.9L2.B1"       26503.33322                 1     43.9390964998               0.0       42.40535464       60.02668153     44.7461020063               0.0
     "BPM.8L2.B1"       26543.79821                 1     126.787619706               0.0         121.45002       60.13706873     129.116259014               0.0
     "BPM.7L2.B1"        26582.8662                 1     69.2867990457               0.0       61.09021609       60.20618479     70.5593520296               0.0
    "BPMR.6L2.B1"        26614.9722                 1     212.249157874               0.0       205.6559978       60.25327776     216.147422809               0.0