@ GetLLMVersion %s "V3.0.0 Dev"
@ Command %s "/afs/cern.ch/work/o/omc/anaconda/bin/python '/afs/cern.ch/work/e/efol/public/Beta-Beat.src/GetLLM/GetLLM.py' '--accel=LHCB1' '--model=/afs/cern.ch/work/e/efol/public/betabeatGui/temp/2017-12-20/models/LHCB1/Multiturn-model_40cm_2041/twiss.dat' '--files=/afs/cern.ch/work/e/efol/public/betabeatGui/temp/2017-12-20/LHCB1/Measurements/Beam1@Turn@2017_09_11@19_02_33_250_onlydbscan/Beam1@Turn@2017_09_11@19_02_33_250_onlydbscan.sdds' '--output=/afs/cern.ch/work/e/efol/public/betabeatGui/temp/2017-12-20/LHCB1/Results/40cm_cleaned_arcs_with_dbscan_only' '--tbtana=SUSSIX' '--bpmu=mm' '--lhcphase=1' '--errordefs=/afs/cern.ch/work/e/efol/public/betabeatGui/temp/2017-12-20/models/LHCB1/Multiturn-model_40cm_2041/error_deff.txt'"
@ CWD %s "/home/efol/Workspaces/Accsoft-Eclipse-Pro/lhc-app-beta-beating"
@ Date %s "21. December 2017, 13:48:45"
@ FILES %s ""
*            NAME                 S             X1010          X1010RMS        X1010PHASE     X1010PHASERMS            X1010M       X1010MPHASE
$              %s               %le               %le               %le               %le               %le               %le               %le
   "BPMYB.5L2.B1"            28.288               0.0 1.48323969742e-08    -0.33519245118 1.48323969742e-08                 0                 0
   "BPMYB.4L2.B1"            48.858               0.0 1.48323969742e-08   -0.296901864811 1.48323969742e-08                 0                 0
   "BPMWI.4L2.B1"           73.3255               0.0 1.48323969742e-08   -0.358516204657 1.48323969742e-08                 0                 0
   "BPMSX.4L2.B1"          123.4825   0.0193318781028 1.48323969742e-08   -0.031493062907 1.48323969742e-08                 0                 0
    "BPMS.2L2.B1"           161.394   0.0227681166229 1.48323969742e-08   -0.008762696935 1.48323969742e-08                 0                 0
   "BPMSW.1L2.B1"           171.328               0.0 1.48323969742e-08    0.200577899186 1.48323969742e-08                 0                 0
   "BPMSW.1R2.B1"           214.518               0.0 1.48323969742e-08   -0.285728629542 1.48323969742e-08                 0                 0
    "BPMS.2R2.B1"           224.452   0.0166251705533 1.48323969742e-08    -0.26129449421 1.48323969742e-08                 0                 0
   "BPMSX.4R2.B1"          262.3635   0.0208103421514 1.48323969742e-08   -0.324444002075 1.48323969742e-08                 0                 0
   "BPMWB.4R2.B1"          312.5965   0.0120577800872 1.48323969742e-08   -0.045003920473 1.48323969742e-08                 0                 0
   "BPMYB.4R2.B1"           336.988   0.0130080790544 1.48323969742e-08    0.011270171698 1.48323969742e-08                 0                 0
    "BPMR.5R2.B1"           366.522   0.0231313380648 1.48323969742e-08   -0.360351904949 1.48323969742e-08                 0                 0
     "BPM.6R2.B1"           439.818               0.0 1.48323969742e-08   -0.364382326274 1.48323969742e-08                 0                 0
   "BPM_A.7R2.B1"           452.693   0.0200870986229 1.48323969742e-08   -0.263028388446 1.48323969742e-08                 0                 0
     "BPM.8R2.B1"       494.1300106   0.0217698260732 1.48323969742e-08   -0.314875640185 1.48323969742e-08                 0                 0
     "BPM.9R2.B1"       533.1950212               0.0 1.48323969742e-08     0.23397942319 1.48323969742e-08                 0                 0
    "BPM.10R2.B1"       573.6580318   0.0203008556527 1.48323969742e-08    0.573381661387 1.48323969742e-08                 0                 0
    "BPM.11R2.B1"       625.4967424   0.0184614661193 1.48323969742e-08    0.625556727329 1.48323969742e-08                 0                 0
    "BPM.12R2.B1"       680.2202583   0.0203753354594 1.48323969742e-08   -0.135144915437 1.48323969742e-08                 0                 0
    "BPM.13R2.B1"       733.6687742               0.0 1.48323969742e-08   -0.236448659908 1.48323969742e-08                 0                 0
    "BPM.14R2.B1"       787.1172901   0.0143339699447 1.48323969742e-08   -0.454586977135 1.48323969742e-08                 0                 0
    "BPM.15R2.B1"        840.565806   0.0206060086546 1.48323969742e-08   -0.322857296896 1.48323969742e-08                 0                 0
    "BPM.16R2.B1"       894.0143219   0.0178700889787 1.48323969742e-08   -0.162883741987 1.48323969742e-08                 0                 0
    "BPM.17R2.B1"       947.4628378               0.0 1.48323969742e-08    0.261334373323 1.48323969742e-08                 0                 0
    "BPM.18R2.B1"       1000.911354   0.0140814144427 1.48323969742e-08     0.56897493957 1.48323969742e-08                 0                 0
    "BPM.19R2.B1"        1054.35987   0.0187599247903 1.48323969742e-08   -0.308356731555 1.48323969742e-08                 0                 0
    "BPM.20R2.B1"       1107.808386   0.0190810780276 1.48323969742e-08   -0.161530918595 1.48323969742e-08                 0                 0
    "BPM.21R2.B1"       1161.256901   0.0123734878738 1.48323969742e-08    0.069674620579 1.48323969742e-08                 0                 0
    "BPM.22R2.B1"       1214.705417               0.0 1.48323969742e-08   -0.471842350263 1.48323969742e-08                 0                 0
    "BPM.23R2.B1"       1268.153933   0.0178446558676 1.48323969742e-08   -0.436250523149 1.48323969742e-08                 0                 0
    "BPM.24R2.B1"       1321.602449   0.0173942427381 1.48323969742e-08   -0.218944005569 1.48323969742e-08                 0                 0
    "BPM.26R2.B1"       1428.499481   0.0146838957184 1.48323969742e-08    0.532202008556 1.48323969742e-08                 0                 0
    "BPM.27R2.B1"       1481.947997   0.0149551810947 1.48323969742e-08   -0.343772075078 1.48323969742e-08                 0                 0
    "BPM.28R2.B1"       1535.396513   0.0147080141648 1.48323969742e-08   -0.205942357638 1.48323969742e-08                 0                 0
    "BPM.29R2.B1"       1588.845029   0.0129530690672 1.48323969742e-08   -0.572629303679 1.48323969742e-08                 0                 0
    "BPM.30R2.B1"       1642.293545   0.0197476277298 1.48323969742e-08   -0.448074698278 1.48323969742e-08                 0                 0
    "BPM.33R2.B1"       1802.639092   0.0148848539178 1.48323969742e-08    0.280647041735 1.48323969742e-08                 0                 0
    "BPM.34R2.B1"       1856.087608   0.0212181029348 1.48323969742e-08    0.506350370156 1.48323969742e-08                 0                 0
    "BPM.33L3.B1"       1909.536124   0.0104480809095 1.48323969742e-08   -0.244795441302 1.48323969742e-08                 0                 0
    "BPM.32L3.B1"        1962.98464   0.0147570356292 1.48323969742e-08   -0.163608940264 1.48323969742e-08                 0                 0
    "BPM.31L3.B1"       2016.433156   0.0130949118643 1.48323969742e-08    0.280768871254 1.48323969742e-08                 0                 0
    "BPM.30L3.B1"       2069.881672   0.0142675174402 1.48323969742e-08   -0.446114690093 1.48323969742e-08                 0                 0
    "BPM.29L3.B1"       2123.330188   0.0139381600284 1.48323969742e-08   -0.260655289465 1.48323969742e-08                 0                 0
    "BPM.27L3.B1"        2230.22722   0.0131758814168 1.48323969742e-08    0.442254260184 1.48323969742e-08                 0                 0
    "BPM.26L3.B1"       2283.675735   0.0168193164278 1.48323969742e-08    0.540564269166 1.48323969742e-08                 0                 0
    "BPM.25L3.B1"       2337.124251               0.0 1.48323969742e-08   -0.393474489838 1.48323969742e-08                 0                 0
    "BPM.24L3.B1"       2390.572767   0.0170631855879 1.48323969742e-08   -0.165032688193 1.48323969742e-08                 0                 0
    "BPM.23L3.B1"       2444.021283               0.0 1.48323969742e-08   -0.210473141095 1.48323969742e-08                 0                 0
    "BPM.22L3.B1"       2497.469799     0.01631102264 1.48323969742e-08   -0.528150045558 1.48323969742e-08                 0                 0
    "BPM.21L3.B1"       2550.918315               0.0 1.48323969742e-08   -0.441400925833 1.48323969742e-08                 0                 0
    "BPM.20L3.B1"       2604.366831   0.0161268764698 1.48323969742e-08   -0.109919821216 1.48323969742e-08                 0                 0
    "BPM.19L3.B1"       2657.815347    0.011291669864 1.48323969742e-08    0.067200314201 1.48323969742e-08                 0                 0
    "BPM.18L3.B1"       2711.263863   0.0201777909676 1.48323969742e-08    0.550806091151 1.48323969742e-08                 0                 0
    "BPM.17L3.B1"       2764.712379               0.0 1.48323969742e-08   -0.290609347526 1.48323969742e-08                 0                 0
    "BPM.16L3.B1"       2818.160894   0.0118101022424 1.48323969742e-08   -0.062948944449 1.48323969742e-08                 0                 0
    "BPM.14L3.B1"       2925.057926               0.0 1.48323969742e-08   -0.227334581295 1.48323969742e-08                 0                 0
    "BPM.13L3.B1"       2978.506442               0.0 1.48323969742e-08   -0.397588748731 1.48323969742e-08                 0                 0
    "BPM.12L3.B1"       3031.954958   0.0136877866401 1.48323969742e-08   -0.241916816954 1.48323969742e-08                 0                 0
    "BPM.11L3.B1"       3085.403474   0.0146386363654 1.48323969742e-08    0.249116430607 1.48323969742e-08                 0                 0
    "BPM.10L3.B1"       3138.184185   0.0167265784923 1.48323969742e-08    0.568568116218 1.48323969742e-08                 0                 0
     "BPM.9L3.B1"       3177.249195   0.0109653901651 1.48323969742e-08   -0.339967613433 1.48323969742e-08                 0                 0
     "BPM.8L3.B1"       3217.712206   0.0170378758113 1.48323969742e-08   -0.291633911058 1.48323969742e-08                 0                 0
     "BPM.7L3.B1"       3256.776216   0.0142995573506 1.48323969742e-08   -0.225795476028 1.48323969742e-08                 0                 0
     "BPM.6L3.B1"       3329.415216               0.0 1.48323969742e-08    -0.23798247259 1.48323969742e-08                 0                 0
  "BPMWG.A5L3.B1"       3371.119716               0.0 1.48323969742e-08   -0.173035968436 1.48323969742e-08                 0                 0
    "BPMW.5L3.B1"       3400.089716               0.0 1.48323969742e-08   -0.423451490631 1.48323969742e-08                 0                 0
   "BPMWE.4L3.B1"       3475.217716   0.0157681597592 1.48323969742e-08   -0.342621111845 1.48323969742e-08                 0                 0
    "BPMW.4L3.B1"       3502.762716   0.0197088521459 1.48323969742e-08    -0.41282570069 1.48323969742e-08                 0                 0
    "BPMW.4R3.B1"       3547.727716               0.0 1.48323969742e-08     0.10339565348 1.48323969742e-08                 0                 0
   "BPMWE.4R3.B1"       3575.272716               0.0 1.48323969742e-08    0.238869040027 1.48323969742e-08                 0                 0
    "BPMW.5R3.B1"       3650.400716   0.0188240468792 1.48323969742e-08    0.367246824185 1.48323969742e-08                 0                 0
  "BPMWJ.A5R3.B1"       3679.118716   0.0161276099061 1.48323969742e-08    0.389541136263 1.48323969742e-08                 0                 0
   "BPMWC.6R3.B1"       3718.936716    0.017329989489 1.48323969742e-08     0.44993045794 1.48323969742e-08                 0                 0
    "BPMR.6R3.B1"       3731.015216   0.0214691231821 1.48323969742e-08    0.607694616686 1.48323969742e-08                 0                 0
     "BPM.8R3.B1"       3825.903227               0.0 1.48323969742e-08   -0.225331872331 1.48323969742e-08                 0                 0
     "BPM.9R3.B1"       3864.968238               0.0 1.48323969742e-08    -0.55188812413 1.48323969742e-08                 0                 0
    "BPM.10R3.B1"       3905.431248   0.0162893913761 1.48323969742e-08   -0.404551761367 1.48323969742e-08                 0                 0
    "BPM.11R3.B1"       3958.211959   0.0247305227937 1.48323969742e-08    -0.35036335545 1.48323969742e-08                 0                 0
    "BPM.12R3.B1"       4012.935475   0.0175259680898 1.48323969742e-08   -0.312210650455 1.48323969742e-08                 0                 0
    "BPM.13R3.B1"       4066.383991  0.00725898507225 1.48323969742e-08   -0.167099197392 1.48323969742e-08                 0                 0
    "BPM.14R3.B1"       4119.832506   0.0100320165015 1.48323969742e-08     0.34507866135 1.48323969742e-08                 0                 0
    "BPM.18R3.B1"        4333.62657               0.0 1.48323969742e-08   -0.445600216262 1.48323969742e-08                 0                 0
    "BPM.19R3.B1"       4387.075086    0.017996426146 1.48323969742e-08   -0.357007018372 1.48323969742e-08                 0                 0
    "BPM.22R3.B1"       4547.420634               0.0 1.48323969742e-08    0.553204434961 1.48323969742e-08                 0                 0
    "BPM.27R3.B1"       4814.663213   0.0137313881527 1.48323969742e-08   -0.352800996382 1.48323969742e-08                 0                 0
    "BPM.28R3.B1"       4868.111729   0.0146246758449 1.48323969742e-08   -0.328394700925 1.48323969742e-08                 0                 0
    "BPM.29R3.B1"       4921.560245  0.00786610613035 1.48323969742e-08    0.288210195502 1.48323969742e-08                 0                 0
    "BPM.30R3.B1"       4975.008761   0.0119058143168 1.48323969742e-08    0.619552646145 1.48323969742e-08                 0                 0
    "BPM.31R3.B1"       5028.457277   0.0171254834821 1.48323969742e-08   -0.341051511157 1.48323969742e-08                 0                 0
    "BPM.32R3.B1"       5081.905793   0.0129898277705 1.48323969742e-08   -0.479060773984 1.48323969742e-08                 0                 0
    "BPM.33R3.B1"       5135.354309   0.0130846048383 1.48323969742e-08   -0.593130383577 1.48323969742e-08                 0                 0
    "BPM.34R3.B1"       5188.802825   0.0124355245918 1.48323969742e-08   -0.484930971718 1.48323969742e-08                 0                 0
    "BPM.33L4.B1"        5242.25134   0.0115313906068 1.48323969742e-08   -0.344228716391 1.48323969742e-08                 0                 0
    "BPM.32L4.B1"       5295.699856               0.0 1.48323969742e-08    0.150427850821 1.48323969742e-08                 0                 0
    "BPM.31L4.B1"       5349.148372   0.0197790434933 1.48323969742e-08    0.371285598451 1.48323969742e-08                 0                 0
    "BPM.30L4.B1"       5402.596888   0.0171810330825 1.48323969742e-08    0.545943250285 1.48323969742e-08                 0                 0
    "BPM.29L4.B1"       5456.045404   0.0130163216406 1.48323969742e-08   -0.275403794722 1.48323969742e-08                 0                 0
    "BPM.28L4.B1"        5509.49392               0.0 1.48323969742e-08   -0.347693785692 1.48323969742e-08                 0                 0
    "BPM.27L4.B1"       5562.942436   0.0170763535684 1.48323969742e-08   -0.580652733221 1.48323969742e-08                 0                 0
    "BPM.26L4.B1"       5616.390952   0.0162951794536 1.48323969742e-08   -0.415874531792 1.48323969742e-08                 0                 0
    "BPM.25L4.B1"       5669.839468               0.0 1.48323969742e-08   -0.263614616975 1.48323969742e-08                 0                 0
    "BPM.24L4.B1"       5723.287984               0.0 1.48323969742e-08    0.151666342533 1.48323969742e-08                 0                 0
    "BPM.23L4.B1"         5776.7365   0.0144241339588 1.48323969742e-08    0.407125251919 1.48323969742e-08                 0                 0
    "BPM.22L4.B1"       5830.185015   0.0188117580491 1.48323969742e-08    0.517859182206 1.48323969742e-08                 0                 0
    "BPM.21L4.B1"       5883.633531   0.0132799623039 1.48323969742e-08   -0.228664333444 1.48323969742e-08                 0                 0
    "BPM.20L4.B1"       5937.082047   0.0105734261585 1.48323969742e-08   -0.087537749609 1.48323969742e-08                 0                 0
    "BPM.19L4.B1"       5990.530563   0.0162220322737 1.48323969742e-08   -0.587380461812 1.48323969742e-08                 0                 0
    "BPM.17L4.B1"       6097.427595               0.0 1.48323969742e-08   -0.224057344423 1.48323969742e-08                 0                 0
    "BPM.16L4.B1"       6150.876111               0.0 1.48323969742e-08    0.156240013056 1.48323969742e-08                 0                 0
    "BPM.15L4.B1"       6204.324627   0.0204179564749 1.48323969742e-08     0.43367154344 1.48323969742e-08                 0                 0
    "BPM.14L4.B1"       6257.773143   0.0235597084489 1.48323969742e-08    0.576239094358 1.48323969742e-08                 0                 0
    "BPM.13L4.B1"       6311.221659   0.0187220325377 1.48323969742e-08    -0.21558320157 1.48323969742e-08                 0                 0
    "BPM.12L4.B1"       6364.670174   0.0094967828919 1.48323969742e-08   -0.121947192234 1.48323969742e-08                 0                 0
    "BPM.11L4.B1"        6418.11869   0.0221461277536 1.48323969742e-08   -0.604104108997 1.48323969742e-08                 0                 0
    "BPM.10L4.B1"       6469.957401   0.0263954624819 1.48323969742e-08   -0.312376512547 1.48323969742e-08                 0                 0
     "BPM.9L4.B1"       6509.022412    0.022053892588 1.48323969742e-08    -0.20409672092 1.48323969742e-08                 0                 0
     "BPM.7L4.B1"       6588.549433               0.0 1.48323969742e-08    0.390941405398 1.48323969742e-08                 0                 0
   "BPMYB.6L4.B1"       6685.153433   0.0139943014969 1.48323969742e-08    0.615983553772 1.48323969742e-08                 0                 0
   "BPMYA.5L4.B1"       6722.153433   0.0146527763484 1.48323969742e-08   -0.303144365288 1.48323969742e-08                 0                 0
  "BPMWI.A5L4.B1"       6798.755933    0.018044633801 1.48323969742e-08   -0.149796725448 1.48323969742e-08                 0                 0
  "BPMWA.B5L4.B1"       6824.619933   0.0199903844203 1.48323969742e-08   -0.237526160165 1.48323969742e-08                 0                 0
  "BPMWA.A5L4.B1"       6833.504933   0.0193857647685 1.48323969742e-08   -0.189578097996 1.48323969742e-08                 0                 0
  "BPMWA.A5R4.B1"       6881.553933   0.0152472937518 1.48323969742e-08   -0.197766669464 1.48323969742e-08                 0                 0
  "BPMWA.B5R4.B1"       6890.438933   0.0193213532346 1.48323969742e-08    -0.02484527207 1.48323969742e-08                 0                 0
   "BPMYB.5R4.B1"       6992.829433   0.0140162295183 1.48323969742e-08    0.019640329591 1.48323969742e-08                 0                 0
   "BPMYA.6R4.B1"       7024.393433    0.016430118607 1.48323969742e-08   -0.713096175847 1.48323969742e-08                 0                 0
     "BPM.7R4.B1"       7120.909433   0.0266547718797 1.48323969742e-08   -0.337964003135 1.48323969742e-08                 0                 0
     "BPM.8R4.B1"       7158.698443               0.0 1.48323969742e-08   -0.281298725155 1.48323969742e-08                 0                 0
     "BPM.9R4.B1"       7197.763454               0.0 1.48323969742e-08     0.14361288492 1.48323969742e-08                 0                 0
    "BPM.10R4.B1"       7238.226465   0.0258121282681 1.48323969742e-08    0.482574670086 1.48323969742e-08                 0                 0
    "BPM.11R4.B1"       7290.065175   0.0254583310363 1.48323969742e-08    0.582648739795 1.48323969742e-08                 0                 0
    "BPM.12R4.B1"       7344.788691               0.0 1.48323969742e-08   -0.251715600488 1.48323969742e-08                 0                 0
    "BPM.13R4.B1"       7398.237207   0.0113531424593 1.48323969742e-08   -0.013428323749 1.48323969742e-08                 0                 0
    "BPM.14R4.B1"       7451.685723    0.023370082492 1.48323969742e-08   -0.574477173549 1.48323969742e-08                 0                 0
    "BPM.15R4.B1"       7505.134239   0.0219660351017 1.48323969742e-08   -0.410221072109 1.48323969742e-08                 0                 0
    "BPM.16R4.B1"       7558.582755               0.0 1.48323969742e-08   -0.231998032547 1.48323969742e-08                 0                 0
    "BPM.17R4.B1"       7612.031271               0.0 1.48323969742e-08    0.176321766572 1.48323969742e-08                 0                 0
    "BPM.18R4.B1"       7665.479786    0.022717342492 1.48323969742e-08    0.399903580955 1.48323969742e-08                 0                 0
    "BPM.19R4.B1"       7718.928302   0.0217095203213 1.48323969742e-08     0.65864424313 1.48323969742e-08                 0                 0
    "BPM.20R4.B1"       7772.376818               0.0 1.48323969742e-08    -0.28245531248 1.48323969742e-08                 0                 0
    "BPM.21R4.B1"       7825.825334               0.0 1.48323969742e-08   -0.319469499838 1.48323969742e-08                 0                 0
    "BPM.22R4.B1"        7879.27385    0.020978394122 1.48323969742e-08    -0.55257551476 1.48323969742e-08                 0                 0
    "BPM.23R4.B1"       7932.722366   0.0181330367163 1.48323969742e-08   -0.409887682405 1.48323969742e-08                 0                 0
    "BPM.24R4.B1"       7986.170882               0.0 1.48323969742e-08   -0.257193690634 1.48323969742e-08                 0                 0
    "BPM.25R4.B1"       8039.619398   0.0126670988679 1.48323969742e-08    0.256086766357 1.48323969742e-08                 0                 0
    "BPM.26R4.B1"       8093.067914   0.0219200045166 1.48323969742e-08    0.375357004174 1.48323969742e-08                 0                 0
    "BPM.27R4.B1"        8146.51643    0.015557655068 1.48323969742e-08    0.591764042858 1.48323969742e-08                 0                 0
    "BPM.28R4.B1"       8199.964946     0.01322573912 1.48323969742e-08   -0.191491243718 1.48323969742e-08                 0                 0
    "BPM.29R4.B1"       8253.413461   0.0156770714294 1.48323969742e-08    0.161462462786 1.48323969742e-08                 0                 0
    "BPM.30R4.B1"       8306.861977   0.0234757435238 1.48323969742e-08   -0.603651433153 1.48323969742e-08                 0                 0
    "BPM.31R4.B1"       8360.310493   0.0166423974921 1.48323969742e-08   -0.412138352104 1.48323969742e-08                 0                 0
    "BPM.32R4.B1"       8413.759009   0.0107120943788 1.48323969742e-08   -0.203289277434 1.48323969742e-08                 0                 0
    "BPM.33R4.B1"       8467.207525   0.0174446062632 1.48323969742e-08    0.014275259357 1.48323969742e-08                 0                 0
    "BPM.34R4.B1"       8520.656041   0.0181327352054 1.48323969742e-08    0.344338942462 1.48323969742e-08                 0                 0
    "BPM.33L5.B1"       8574.104557   0.0128754220116 1.48323969742e-08    0.484408064035 1.48323969742e-08                 0                 0
    "BPM.32L5.B1"       8627.553073               0.0 1.48323969742e-08   -0.233903742894 1.48323969742e-08                 0                 0
    "BPM.31L5.B1"       8681.001589   0.0102810331935 1.48323969742e-08    0.011686949533 1.48323969742e-08                 0                 0
    "BPM.30L5.B1"       8734.450105   0.0193181513758 1.48323969742e-08   -0.604156088825 1.48323969742e-08                 0                 0
    "BPM.29L5.B1"        8787.89862   0.0107882791248 1.48323969742e-08   -0.449070122315 1.48323969742e-08                 0                 0
    "BPM.28L5.B1"       8841.347136   0.0115436474939 1.48323969742e-08   -0.222069105252 1.48323969742e-08                 0                 0
    "BPM.27L5.B1"       8894.795652   0.0111679240617 1.48323969742e-08    0.016660426096 1.48323969742e-08                 0                 0
    "BPM.24L5.B1"         9055.1412               0.0 1.48323969742e-08   -0.243604080915 1.48323969742e-08                 0                 0
    "BPM.23L5.B1"       9108.589716   0.0171665191545 1.48323969742e-08    0.098047455375 1.48323969742e-08                 0                 0
    "BPM.22L5.B1"       9162.038232   0.0210332097833 1.48323969742e-08   -0.549232395586 1.48323969742e-08                 0                 0
    "BPM.21L5.B1"       9215.486748    0.024082820657 1.48323969742e-08    -0.37488157026 1.48323969742e-08                 0                 0
    "BPM.20L5.B1"       9268.935264   0.0186326900693 1.48323969742e-08    -0.21731227627 1.48323969742e-08                 0                 0
    "BPM.16L5.B1"       9482.729327               0.0 1.48323969742e-08    -0.23227936262 1.48323969742e-08                 0                 0
    "BPM.15L5.B1"       9536.177843               0.0 1.48323969742e-08    -0.33513653205 1.48323969742e-08                 0                 0
    "BPM.14L5.B1"       9589.626359   0.0208268928558 1.48323969742e-08   -0.534624361105 1.48323969742e-08                 0                 0
    "BPM.13L5.B1"       9643.074875    0.019004792029 1.48323969742e-08   -0.476762873043 1.48323969742e-08                 0                 0
    "BPM.12L5.B1"       9696.523391               0.0 1.48323969742e-08    -0.24312416907 1.48323969742e-08                 0                 0
    "BPM.11L5.B1"       9749.971907   0.0105964738071 1.48323969742e-08    0.116201224319 1.48323969742e-08                 0                 0
    "BPM.10L5.B1"       9802.752617    0.018924063653 1.48323969742e-08    0.368483436229 1.48323969742e-08                 0                 0
     "BPM.9L5.B1"       9841.817628   0.0264010445838 1.48323969742e-08    0.544807553109 1.48323969742e-08                 0                 0
     "BPM.8L5.B1"       9882.280639   0.0140055738418 1.48323969742e-08   -0.210101656756 1.48323969742e-08                 0                 0
    "BPMR.7L5.B1"       9921.346649   0.0135589049194 1.48323969742e-08   -0.618433575697 1.48323969742e-08                 0                 0
     "BPM.6L5.B1"       9958.240649               0.0 1.48323969742e-08   -0.577316368633 1.48323969742e-08                 0                 0
    "BPMR.5L5.B1"       9990.140649   0.0148795505075 1.48323969742e-08   -0.560232732184 1.48323969742e-08                 0                 0
   "BPMYA.4L5.B1"       10017.54665    0.018286833108 1.48323969742e-08   -0.547404896365 1.48323969742e-08                 0                 0
   "BPMWB.4L5.B1"       10038.68115   0.0170430763098 1.48323969742e-08   -0.540479574732 1.48323969742e-08                 0                 0
   "BPMSY.4L5.B1"       10131.46115   0.0183726557438 1.48323969742e-08    -0.50664750585 1.48323969742e-08                 0                 0
    "BPMS.2L5.B1"       10158.24665   0.0198685063516 1.48323969742e-08    -0.52437431367 1.48323969742e-08                 0                 0
   "BPMSW.1L5.B1"       10168.21165   0.0176001222881 1.48323969742e-08   -0.539664034561 1.48323969742e-08                 0                 0
   "BPMSW.1R5.B1"       10211.33965   0.0191143691604 1.48323969742e-08    0.469147628185 1.48323969742e-08                 0                 0
    "BPMS.2R5.B1"       10221.30465    0.246118943914 1.48323969742e-08    0.125553926576 1.48323969742e-08                 0                 0
   "BPMWB.4R5.B1"       10340.87015   0.0181955017539 1.48323969742e-08    0.485709765167 1.48323969742e-08                 0                 0
   "BPMYA.4R5.B1"       10362.00265   0.0203997011024 1.48323969742e-08    0.491897977059 1.48323969742e-08                 0                 0
     "BPM.5R5.B1"       10383.12065   0.0189730407049 1.48323969742e-08    0.438767945246 1.48323969742e-08                 0                 0
    "BPMR.6R5.B1"       10415.02065               0.0 1.48323969742e-08   -0.483439001123 1.48323969742e-08                 0                 0
   "BPM_A.7R5.B1"       10449.03465   0.0245533117783 1.48323969742e-08   -0.566418624851 1.48323969742e-08                 0                 0
     "BPM.8R5.B1"       10490.47364   0.0158023714258 1.48323969742e-08   -0.531349448784 1.48323969742e-08                 0                 0
     "BPM.9R5.B1"       10529.54063  0.00759146449864 1.48323969742e-08     0.58588536769 1.48323969742e-08                 0                 0
    "BPM.10R5.B1"       10570.00562   0.0150622088249 1.48323969742e-08    0.349085950286 1.48323969742e-08                 0                 0
    "BPM.11R5.B1"       10622.78831   0.0217595455169 1.48323969742e-08    0.453939669258 1.48323969742e-08                 0                 0
    "BPM.12R5.B1"       10677.51479   0.0192783503353 1.48323969742e-08    0.622234208619 1.48323969742e-08                 0                 0
    "BPM.13R5.B1"       10730.96627   0.0116608181302 1.48323969742e-08   -0.369055485321 1.48323969742e-08                 0                 0
    "BPM.14R5.B1"       10784.41776   0.0141444646365 1.48323969742e-08   -0.506308679081 1.48323969742e-08                 0                 0
    "BPM.15R5.B1"       10837.86924   0.0163461087312 1.48323969742e-08   -0.585072432206 1.48323969742e-08                 0                 0
    "BPM.16R5.B1"       10891.32073   0.0181411735436 1.48323969742e-08   -0.459886503476 1.48323969742e-08                 0                 0
    "BPM.17R5.B1"       10944.77221   0.0116445746123 1.48323969742e-08    0.535317185399 1.48323969742e-08                 0                 0
    "BPM.18R5.B1"        10998.2237   0.0144241692779 1.48323969742e-08    0.384908326643 1.48323969742e-08                 0                 0
    "BPM.19R5.B1"       11051.67518    0.017768740469 1.48323969742e-08    0.452514198578 1.48323969742e-08                 0                 0
    "BPM.20R5.B1"       11105.12666   0.0187966691229 1.48323969742e-08    0.532348064683 1.48323969742e-08                 0                 0
    "BPM.21R5.B1"       11158.57815   0.0144156301328 1.48323969742e-08   -0.535177544272 1.48323969742e-08                 0                 0
    "BPM.22R5.B1"       11212.02963   0.0114581442193 1.48323969742e-08   -0.427081619386 1.48323969742e-08                 0                 0
    "BPM.23R5.B1"       11265.48112   0.0174963498421 1.48323969742e-08   -0.559103332818 1.48323969742e-08                 0                 0
    "BPM.24R5.B1"        11318.9326   0.0157503611756 1.48323969742e-08   -0.513760026064 1.48323969742e-08                 0                 0
    "BPM.25R5.B1"       11372.38408   0.0161305085098 1.48323969742e-08    0.541268299246 1.48323969742e-08                 0                 0
    "BPM.26R5.B1"       11425.83557   0.0128069136017 1.48323969742e-08    0.560159519599 1.48323969742e-08                 0                 0
    "BPM.27R5.B1"       11479.28705   0.0150867201409 1.48323969742e-08    0.439411295614 1.48323969742e-08                 0                 0
    "BPM.28R5.B1"       11532.73854   0.0149807611268 1.48323969742e-08    0.461852479876 1.48323969742e-08                 0                 0
    "BPM.29R5.B1"       11586.19002    0.011090391914 1.48323969742e-08    -0.44777772419 1.48323969742e-08                 0                 0
    "BPM.30R5.B1"        11639.6415   0.0108026303325 1.48323969742e-08   -0.754325163157 1.48323969742e-08                 0                 0
    "BPM.31R5.B1"       11693.09299   0.0113513762782 1.48323969742e-08   -0.619439681122 1.48323969742e-08                 0                 0
    "BPM.32R5.B1"       11746.54447   0.0137226315566 1.48323969742e-08   -0.442237833589 1.48323969742e-08                 0                 0
    "BPM.33R5.B1"       11799.99596   0.0135782163034 1.48323969742e-08    0.429187769518 1.48323969742e-08                 0                 0
    "BPM.34R5.B1"       11853.44744  0.00992706217645 1.48323969742e-08     0.51776733975 1.48323969742e-08                 0                 0
    "BPM.33L6.B1"       11906.89893   0.0139189342068 1.48323969742e-08    0.395816136041 1.48323969742e-08                 0                 0
    "BPM.30L6.B1"       12067.25338  0.00908112974712 1.48323969742e-08   -0.451855288936 1.48323969742e-08                 0                 0
    "BPM.29L6.B1"       12120.70486   0.0118499126204 1.48323969742e-08   -0.560615111995 1.48323969742e-08                 0                 0
    "BPM.28L6.B1"       12174.15635   0.0157701267412 1.48323969742e-08    0.376067050113 1.48323969742e-08                 0                 0
    "BPM.27L6.B1"       12227.60783   0.0146869275752 1.48323969742e-08   -0.433765135824 1.48323969742e-08                 0                 0
    "BPM.26L6.B1"       12281.05931   0.0113521438912 1.48323969742e-08    0.487582511504 1.48323969742e-08                 0                 0
    "BPM.25L6.B1"        12334.5108   0.0145463677835 1.48323969742e-08    0.419220061192 1.48323969742e-08                 0                 0
    "BPM.22L6.B1"       12494.86525   0.0166954552187 1.48323969742e-08   -0.533221484502 1.48323969742e-08                 0                 0
    "BPM.21L6.B1"       12548.31673    0.020101199815 1.48323969742e-08   -0.617784814415 1.48323969742e-08                 0                 0
    "BPM.20L6.B1"       12601.76822   0.0188263428362 1.48323969742e-08    0.382316795085 1.48323969742e-08                 0                 0
    "BPM.19L6.B1"        12655.2197   0.0168178858566 1.48323969742e-08     0.50901197669 1.48323969742e-08                 0                 0
    "BPM.18L6.B1"       12708.67119   0.0144968243058 1.48323969742e-08    0.513163235619 1.48323969742e-08                 0                 0
    "BPM.17L6.B1"       12762.12267   0.0187523290813 1.48323969742e-08    0.422549713601 1.48323969742e-08                 0                 0
    "BPM.16L6.B1"       12815.57415   0.0194621677325 1.48323969742e-08     0.35983924463 1.48323969742e-08                 0                 0
    "BPM.15L6.B1"       12869.02564   0.0177194170352 1.48323969742e-08   -0.550808657472 1.48323969742e-08                 0                 0
    "BPM.14L6.B1"       12922.47712    0.015890272729 1.48323969742e-08   -0.519206183606 1.48323969742e-08                 0                 0
    "BPM.13L6.B1"       12975.92861   0.0183017603977 1.48323969742e-08   -0.663990798561 1.48323969742e-08                 0                 0
    "BPM.12L6.B1"       13029.38009   0.0175589636186 1.48323969742e-08   -0.538494427691 1.48323969742e-08                 0                 0
    "BPM.11L6.B1"       13082.83158   0.0181448211017 1.48323969742e-08    0.445060301577 1.48323969742e-08                 0                 0
    "BPM.10L6.B1"       13134.67226    0.013387390227 1.48323969742e-08    0.126445034773 1.48323969742e-08                 0                 0
     "BPM.9L6.B1"       13173.73925    0.017387152977 1.48323969742e-08    0.339418960835 1.48323969742e-08                 0                 0
     "BPM.8L6.B1"       13214.20424   0.0229161900823 1.48323969742e-08    0.434953606779 1.48323969742e-08                 0                 0
   "BPMYA.5L6.B1"       13311.29423   0.0142457775565 1.48323969742e-08   -0.524550435759 1.48323969742e-08                 0                 0
   "BPMYB.4L6.B1"       13347.69423   0.0153057155803 1.48323969742e-08   -0.701074710201 1.48323969742e-08                 0                 0
   "BPMSE.4L6.B1"       13476.94473               0.0 1.48323969742e-08     0.20259115086 1.48323969742e-08                 0                 0
   "BPMSA.4R6.B1"       13568.51473   0.0158225980078 1.48323969742e-08      0.3071697031 1.48323969742e-08                 0                 0
   "BPMYA.4R6.B1"       13691.29423   0.0220395787571 1.48323969742e-08    0.412889866239 1.48323969742e-08                 0                 0
   "BPMYB.5R6.B1"       13727.69423   0.0209181138415 1.48323969742e-08    0.381279380958 1.48323969742e-08                 0                 0
     "BPM.8R6.B1"       13823.42122   0.0193272506734 1.48323969742e-08    0.293163646956 1.48323969742e-08                 0                 0
    "BPM.10R6.B1"        13902.9532   0.0191305999789 1.48323969742e-08   -0.565606094144 1.48323969742e-08                 0                 0
    "BPM.11R6.B1"       13954.79389   0.0172863660312 1.48323969742e-08   -0.625087096491 1.48323969742e-08                 0                 0
    "BPM.12R6.B1"       14009.52037   0.0162108090523 1.48323969742e-08    0.290064825022 1.48323969742e-08                 0                 0
    "BPM.13R6.B1"       14062.97186   0.0120127097583 1.48323969742e-08   -0.474390487104 1.48323969742e-08                 0                 0
    "BPM.14R6.B1"       14116.42334   0.0178289940311 1.48323969742e-08    0.476378625232 1.48323969742e-08                 0                 0
    "BPM.15R6.B1"       14169.87483   0.0188525037871 1.48323969742e-08    0.299639060286 1.48323969742e-08                 0                 0
    "BPM.16R6.B1"       14223.32631   0.0136085434944 1.48323969742e-08    0.369041571062 1.48323969742e-08                 0                 0
    "BPM.20R6.B1"       14437.13225  0.00953045776659 1.48323969742e-08    -0.61814232809 1.48323969742e-08                 0                 0
    "BPM.21R6.B1"       14490.58373   0.0185338032309 1.48323969742e-08     0.28810248172 1.48323969742e-08                 0                 0
    "BPM.22R6.B1"       14544.03522   0.0200441584317 1.48323969742e-08    0.460371492898 1.48323969742e-08                 0                 0
    "BPM.23R6.B1"        14597.4867   0.0190175456176 1.48323969742e-08    0.408338175323 1.48323969742e-08                 0                 0
    "BPM.24R6.B1"       14650.93818   0.0179780676587 1.48323969742e-08    0.345077293544 1.48323969742e-08                 0                 0
    "BPM.25R6.B1"       14704.38967   0.0181486396648 1.48323969742e-08    0.479472636424 1.48323969742e-08                 0                 0
    "BPM.26R6.B1"       14757.84115    0.020234038318 1.48323969742e-08   -0.566609598033 1.48323969742e-08                 0                 0
    "BPM.30R6.B1"       14971.64709   0.0163212456718 1.48323969742e-08    0.538070934625 1.48323969742e-08                 0                 0
    "BPM.31R6.B1"       15025.09857   0.0163498593723 1.48323969742e-08     0.50078273509 1.48323969742e-08                 0                 0
    "BPM.33R6.B1"       15132.00154   0.0211298495871 1.48323969742e-08    0.553732502689 1.48323969742e-08                 0                 0
    "BPM.34R6.B1"       15185.45302   0.0189851329482 1.48323969742e-08   -0.470711847375 1.48323969742e-08                 0                 0
    "BPM.33L7.B1"       15238.90451   0.0204949709674 1.48323969742e-08   -0.584838333871 1.48323969742e-08                 0                 0
    "BPM.32L7.B1"       15292.35599   0.0221625547074 1.48323969742e-08   -0.582831355544 1.48323969742e-08                 0                 0
    "BPM.31L7.B1"       15345.80748   0.0177025110277 1.48323969742e-08    0.421996238867 1.48323969742e-08                 0                 0
    "BPM.30L7.B1"       15399.25896   0.0218453150573 1.48323969742e-08    0.549596697982 1.48323969742e-08                 0                 0
    "BPM.29L7.B1"       15452.71045   0.0191213692991 1.48323969742e-08    0.455735948282 1.48323969742e-08                 0                 0
    "BPM.28L7.B1"       15506.16193   0.0205405208052 1.48323969742e-08    0.434550810036 1.48323969742e-08                 0                 0
    "BPM.27L7.B1"       15559.61341   0.0207726925723 1.48323969742e-08    0.450907356441 1.48323969742e-08                 0                 0
    "BPM.26L7.B1"        15613.0649    0.015118156367 1.48323969742e-08   -0.576068527222 1.48323969742e-08                 0                 0
    "BPM.25L7.B1"       15666.51638   0.0197072307625 1.48323969742e-08   -0.523245352167 1.48323969742e-08                 0                 0
    "BPM.24L7.B1"       15719.96787   0.0229016847889 1.48323969742e-08   -0.615995945376 1.48323969742e-08                 0                 0
    "BPM.23L7.B1"       15773.41935   0.0205843199026 1.48323969742e-08    -0.52434162032 1.48323969742e-08                 0                 0
    "BPM.22L7.B1"       15826.87083   0.0144517263498 1.48323969742e-08    0.372020872136 1.48323969742e-08                 0                 0
    "BPM.21L7.B1"       15880.32232   0.0262011438544 1.48323969742e-08    0.317949526469 1.48323969742e-08                 0                 0
    "BPM.20L7.B1"        15933.7738   0.0278888012006 1.48323969742e-08    0.380703828574 1.48323969742e-08                 0                 0
    "BPM.19L7.B1"       15987.22529   0.0194197946096 1.48323969742e-08    0.485210033808 1.48323969742e-08                 0                 0
    "BPM.18L7.B1"       16040.67677   0.0148373767006 1.48323969742e-08    -0.65713039379 1.48323969742e-08                 0                 0
    "BPM.17L7.B1"       16094.12825   0.0256986413361 1.48323969742e-08   -0.719282869283 1.48323969742e-08                 0                 0
    "BPM.16L7.B1"       16147.57974   0.0266180412851 1.48323969742e-08   -0.620681758834 1.48323969742e-08                 0                 0
    "BPM.15L7.B1"       16201.03122   0.0193459348864 1.48323969742e-08    0.329071495196 1.48323969742e-08                 0                 0
    "BPM.14L7.B1"       16254.48271   0.0170702709692 1.48323969742e-08    0.463584452733 1.48323969742e-08                 0                 0
    "BPM.13L7.B1"       16307.93419   0.0220545151957 1.48323969742e-08     0.38390522057 1.48323969742e-08                 0                 0
    "BPM.12L7.B1"       16361.38567    0.022116913636 1.48323969742e-08    0.372224441218 1.48323969742e-08                 0                 0
    "BPM.11L7.B1"       16414.83716   0.0166507068846 1.48323969742e-08    0.326722513927 1.48323969742e-08                 0                 0
    "BPM.10L7.B1"       16467.61985   0.0178072265099 1.48323969742e-08   -0.695690152902 1.48323969742e-08                 0                 0
     "BPM.9L7.B1"       16506.68684   0.0259364939773 1.48323969742e-08   -0.703462128183 1.48323969742e-08                 0                 0
     "BPM.7L7.B1"       16586.21782   0.0157079103138 1.48323969742e-08   -0.414243039847 1.48323969742e-08                 0                 0
     "BPM.6L7.B1"       16621.03582   0.0166052461194 1.48323969742e-08    0.428719448318 1.48323969742e-08                 0                 0
   "BPMWC.6L7.B1"       16633.13832               0.0 1.48323969742e-08    0.395338597008 1.48323969742e-08                 0                 0
   "BPMWE.5L7.B1"       16710.19232   0.0236491786108 1.48323969742e-08    0.299210823882 1.48323969742e-08                 0                 0
    "BPMW.5L7.B1"       16733.39732   0.0184141279089 1.48323969742e-08    0.156505572286 1.48323969742e-08                 0                 0
   "BPMWE.4L7.B1"       16768.48232   0.0234523920416 1.48323969742e-08    0.382506682068 1.48323969742e-08                 0                 0
    "BPMW.4L7.B1"       16796.58732               0.0 1.48323969742e-08    0.379088564705 1.48323969742e-08                 0                 0
    "BPMW.4R7.B1"       16912.63432   0.0152877382888 1.48323969742e-08   -0.732385441858 1.48323969742e-08                 0                 0
   "BPMWE.4R7.B1"       16940.73932               0.0 1.48323969742e-08    0.390514695665 1.48323969742e-08                 0                 0
    "BPMW.5R7.B1"       16975.82432   0.0174744853926 1.48323969742e-08   -0.665500709965 1.48323969742e-08                 0                 0
   "BPMWE.5R7.B1"       16999.02932               0.0 1.48323969742e-08   -0.638497278772 1.48323969742e-08                 0                 0
    "BPMR.6R7.B1"       17078.24482   0.0257124011228 1.48323969742e-08    -0.63802942037 1.48323969742e-08                 0                 0
   "BPM_A.7R7.B1"       17116.28082    0.025455532963 1.48323969742e-08   -0.580567166351 1.48323969742e-08                 0                 0
     "BPM.9R7.B1"        17194.4138   0.0195186954779 1.48323969742e-08    0.337149546157 1.48323969742e-08                 0                 0
    "BPM.10R7.B1"       17234.87878   0.0220301075571 1.48323969742e-08    0.389864213414 1.48323969742e-08                 0                 0
    "BPM.11R7.B1"       17287.66147   0.0236168488315 1.48323969742e-08    0.425612195792 1.48323969742e-08                 0                 0
    "BPM.12R7.B1"       17342.38796   0.0172801934215 1.48323969742e-08   -0.658956333691 1.48323969742e-08                 0                 0
    "BPM.13R7.B1"       17395.83944   0.0201416369612 1.48323969742e-08    -0.73826199026 1.48323969742e-08                 0                 0
    "BPM.14R7.B1"       17449.29093    0.023429039808 1.48323969742e-08   -0.660226856584 1.48323969742e-08                 0                 0
    "BPM.15R7.B1"       17502.74241   0.0193972236234 1.48323969742e-08    0.422610779861 1.48323969742e-08                 0                 0
    "BPM.16R7.B1"       17556.19389   0.0153882690287 1.48323969742e-08     0.32139160833 1.48323969742e-08                 0                 0
    "BPM.17R7.B1"       17609.64538    0.019869899688 1.48323969742e-08    0.348333709526 1.48323969742e-08                 0                 0
    "BPM.18R7.B1"       17663.09686   0.0259694108838 1.48323969742e-08    0.374824773957 1.48323969742e-08                 0                 0
    "BPM.19R7.B1"       17716.54835   0.0215978811096 1.48323969742e-08    0.468393137609 1.48323969742e-08                 0                 0
    "BPM.20R7.B1"       17769.99983   0.0151573178012 1.48323969742e-08   -0.380438656675 1.48323969742e-08                 0                 0
    "BPM.21R7.B1"       17823.45131   0.0242344524769 1.48323969742e-08   -0.654495615459 1.48323969742e-08                 0                 0
    "BPM.22R7.B1"        17876.9028   0.0228885732935 1.48323969742e-08   -0.633755336113 1.48323969742e-08                 0                 0
    "BPM.23R7.B1"       17930.35428   0.0180887058039 1.48323969742e-08   -0.531268291273 1.48323969742e-08                 0                 0
    "BPM.24R7.B1"       17983.80577   0.0167293698624 1.48323969742e-08    0.515920614217 1.48323969742e-08                 0                 0
    "BPM.25R7.B1"       18037.25725    0.016355431629 1.48323969742e-08    0.271631081584 1.48323969742e-08                 0                 0
    "BPM.26R7.B1"       18090.70874   0.0144567164578 1.48323969742e-08    0.375341956113 1.48323969742e-08                 0                 0
    "BPM.27R7.B1"       18144.16022               0.0 1.48323969742e-08    0.450550784283 1.48323969742e-08                 0                 0
    "BPM.28R7.B1"        18197.6117   0.0167215160844 1.48323969742e-08   -0.486763110883 1.48323969742e-08                 0                 0
    "BPM.29R7.B1"       18251.06319  0.00937283426625 1.48323969742e-08    0.171823117459 1.48323969742e-08                 0                 0
    "BPM.30R7.B1"       18304.51467   0.0109960727328 1.48323969742e-08   -0.626664045437 1.48323969742e-08                 0                 0
    "BPM.31R7.B1"       18357.96616   0.0173391545798 1.48323969742e-08    0.467444445112 1.48323969742e-08                 0                 0
    "BPM.32R7.B1"       18411.41764   0.0166711445175 1.48323969742e-08    0.375425511713 1.48323969742e-08                 0                 0
    "BPM.33R7.B1"       18464.86912   0.0125050090382 1.48323969742e-08    0.391310921122 1.48323969742e-08                 0                 0
    "BPM.34R7.B1"       18518.32061   0.0119298433292 1.48323969742e-08     0.39504432826 1.48323969742e-08                 0                 0
    "BPM.33L8.B1"       18571.77209   0.0183467255704 1.48323969742e-08    0.505294680437 1.48323969742e-08                 0                 0
    "BPM.32L8.B1"       18625.22358   0.0128972764409 1.48323969742e-08   -0.431477835117 1.48323969742e-08                 0                 0
    "BPM.31L8.B1"       18678.67506   0.0110956303417 1.48323969742e-08   -0.707785240382 1.48323969742e-08                 0                 0
    "BPM.30L8.B1"       18732.12654   0.0122026769143 1.48323969742e-08    0.311816316347 1.48323969742e-08                 0                 0
    "BPM.29L8.B1"       18785.57803   0.0170024739826 1.48323969742e-08   -0.499605033412 1.48323969742e-08                 0                 0
    "BPM.28L8.B1"       18839.02951               0.0 1.48323969742e-08   0.0941474168486 1.48323969742e-08                 0                 0
    "BPM.27L8.B1"         18892.481    0.015740158567 1.48323969742e-08    0.222837012859 1.48323969742e-08                 0                 0
    "BPM.26L8.B1"       18945.93248   0.0206241409006 1.48323969742e-08    0.318431264695 1.48323969742e-08                 0                 0
    "BPM.25L8.B1"       18999.38397   0.0258310844349 1.48323969742e-08    0.459399435997 1.48323969742e-08                 0                 0
    "BPM.24L8.B1"       19052.83545   0.0143698130399 1.48323969742e-08   -0.427278458249 1.48323969742e-08                 0                 0
    "BPM.23L8.B1"       19106.28693    0.015350289867 1.48323969742e-08   -0.647729616295 1.48323969742e-08                 0                 0
    "BPM.22L8.B1"       19159.73842   0.0284278475726 1.48323969742e-08   -0.645884828779 1.48323969742e-08                 0                 0
    "BPM.21L8.B1"        19213.1899   0.0326661090626 1.48323969742e-08     0.43764775391 1.48323969742e-08                 0                 0
    "BPM.20L8.B1"       19266.64139   0.0230638828566 1.48323969742e-08    0.532120015992 1.48323969742e-08                 0                 0
    "BPM.19L8.B1"       19320.09287   0.0187310938389 1.48323969742e-08    0.329076327787 1.48323969742e-08                 0                 0
    "BPM.18L8.B1"       19373.54435   0.0314639856063 1.48323969742e-08     0.33887302481 1.48323969742e-08                 0                 0
    "BPM.17L8.B1"       19426.99584   0.0326760351346 1.48323969742e-08    0.392951412944 1.48323969742e-08                 0                 0
    "BPM.16L8.B1"       19480.44732   0.0229912730533 1.48323969742e-08   -0.550384210494 1.48323969742e-08                 0                 0
    "BPM.15L8.B1"       19533.89881               0.0 1.48323969742e-08   -0.739425872466 1.48323969742e-08                 0                 0
    "BPM.14L8.B1"       19587.35029   0.0316574637261 1.48323969742e-08    0.337350442248 1.48323969742e-08                 0                 0
    "BPM.13L8.B1"       19640.80177   0.0310241632033 1.48323969742e-08    0.425934808422 1.48323969742e-08                 0                 0
    "BPM.12L8.B1"       19694.25326   0.0181169461087 1.48323969742e-08    0.341603203624 1.48323969742e-08                 0                 0
    "BPM.11L8.B1"       19747.70474   0.0167708653822 1.48323969742e-08    0.339078883432 1.48323969742e-08                 0                 0
    "BPM.10L8.B1"       19799.54543   0.0267073045677 1.48323969742e-08    0.376962955787 1.48323969742e-08                 0                 0
     "BPM.9L8.B1"       19838.61242   0.0283278124428 1.48323969742e-08    0.457195501548 1.48323969742e-08                 0                 0
     "BPM.8L8.B1"       19879.07741               0.0 1.48323969742e-08   -0.347536910723 1.48323969742e-08                 0                 0
     "BPM.7L8.B1"        19918.1454   0.0236517775443 1.48323969742e-08   -0.585105819237 1.48323969742e-08                 0                 0
    "BPMR.6L8.B1"        19950.6144   0.0227521968765 1.48323969742e-08    0.415001976316 1.48323969742e-08                 0                 0
     "BPM.5L8.B1"        20011.0334               0.0 1.48323969742e-08  -0.0861492299888 1.48323969742e-08                 0                 0
   "BPMYB.4L8.B1"        20031.8004   0.0194981745823 1.48323969742e-08    0.354183205347 1.48323969742e-08                 0                 0
   "BPMWB.4L8.B1"        20056.1919   0.0223234665761 1.48323969742e-08    0.336605195969 1.48323969742e-08                 0                 0
    "BPMS.2L8.B1"        20144.3364   0.0211451074311 1.48323969742e-08    0.359061679772 1.48323969742e-08                 0                 0
   "BPMSW.1L8.B1"        20154.2704   0.0224818512686 1.48323969742e-08    0.373943868639 1.48323969742e-08                 0                 0
   "BPMSW.1R8.B1"        20197.4604   0.0199063465055 1.48323969742e-08   -0.572763136516 1.48323969742e-08                 0                 0
    "BPMS.2R8.B1"        20207.3944   0.0287499295486 1.48323969742e-08   -0.615499469707 1.48323969742e-08                 0                 0
   "BPMSX.4R8.B1"        20245.3059   0.0228494492306 1.48323969742e-08    -0.68320113755 1.48323969742e-08                 0                 0
   "BPMWB.4R8.B1"        20295.4629   0.0228313078295 1.48323969742e-08   -0.635347574789 1.48323969742e-08                 0                 0
   "BPMYB.4R8.B1"        20319.9304   0.0232782882671 1.48323969742e-08   -0.626085364336 1.48323969742e-08                 0                 0
   "BPMYB.5R8.B1"        20340.5074   0.0205954198757 1.48323969742e-08   -0.672971067943 1.48323969742e-08                 0                 0
     "BPM.6R8.B1"        20424.6154               0.0 1.48323969742e-08    0.273309463312 1.48323969742e-08                 0                 0
   "BPM_A.7R8.B1"        20446.8554   0.0220555338088 1.48323969742e-08    0.244983961034 1.48323969742e-08                 0                 0
     "BPM.8R8.B1"       20488.29241   0.0273970273991 1.48323969742e-08    0.375931246302 1.48323969742e-08                 0                 0
     "BPM.9R8.B1"       20527.35742   0.0188187143049 1.48323969742e-08    0.552739085477 1.48323969742e-08                 0                 0
    "BPM.10R8.B1"       20567.82043   0.0172393109516 1.48323969742e-08   -0.614013410898 1.48323969742e-08                 0                 0
    "BPM.11R8.B1"       20619.65914   0.0210755822155 1.48323969742e-08   -0.588612297926 1.48323969742e-08                 0                 0
    "BPM.12R8.B1"       20674.38266    0.025613022235 1.48323969742e-08   -0.579521966688 1.48323969742e-08                 0                 0
    "BPM.13R8.B1"       20727.83117   0.0173828365342 1.48323969742e-08    0.493248320683 1.48323969742e-08                 0                 0
    "BPM.14R8.B1"       20781.27969   0.0172354826381 1.48323969742e-08    0.384015689034 1.48323969742e-08                 0                 0
    "BPM.15R8.B1"       20834.72821   0.0227740747261 1.48323969742e-08    0.340871082833 1.48323969742e-08                 0                 0
    "BPM.16R8.B1"       20888.17672   0.0281971892415 1.48323969742e-08    0.422173731141 1.48323969742e-08                 0                 0
    "BPM.17R8.B1"       20941.62524   0.0182672545192 1.48323969742e-08   -0.548118201729 1.48323969742e-08                 0                 0
    "BPM.18R8.B1"       20995.07375   0.0144708144008 1.48323969742e-08   -0.533026344976 1.48323969742e-08                 0                 0
    "BPM.19R8.B1"       21048.52227   0.0267664293461 1.48323969742e-08   -0.603579159277 1.48323969742e-08                 0                 0
    "BPM.20R8.B1"       21101.97079   0.0279994942176 1.48323969742e-08   -0.542187485339 1.48323969742e-08                 0                 0
    "BPM.21R8.B1"        21155.4193   0.0176488168344 1.48323969742e-08    0.464840316494 1.48323969742e-08                 0                 0
    "BPM.22R8.B1"       21208.86782   0.0104748289938 1.48323969742e-08    0.341444211568 1.48323969742e-08                 0                 0
    "BPM.23R8.B1"       21262.31633   0.0276030117309 1.48323969742e-08    0.407860597268 1.48323969742e-08                 0                 0
    "BPM.24R8.B1"       21315.76485    0.027892984932 1.48323969742e-08    0.446258556893 1.48323969742e-08                 0                 0
    "BPM.25R8.B1"       21369.21337   0.0169685815577 1.48323969742e-08   -0.498489121381 1.48323969742e-08                 0                 0
    "BPM.26R8.B1"       21422.66188    0.015697958086 1.48323969742e-08   -0.707495802323 1.48323969742e-08                 0                 0
    "BPM.30R8.B1"       21636.45594   0.0195502728396 1.48323969742e-08    0.309094564057 1.48323969742e-08                 0                 0
    "BPM.31R8.B1"       21689.90446   0.0278243879309 1.48323969742e-08    0.296499505057 1.48323969742e-08                 0                 0
    "BPM.32R8.B1"       21743.35298   0.0261535614279 1.48323969742e-08    0.376368457659 1.48323969742e-08                 0                 0
    "BPM.33R8.B1"       21796.80149      0.0196798721 1.48323969742e-08   -0.617135461926 1.48323969742e-08                 0                 0
    "BPM.34R8.B1"       21850.25001   0.0188594465278 1.48323969742e-08   -0.768628845952 1.48323969742e-08                 0                 0
    "BPM.33L1.B1"       21903.69852   0.0297002076087 1.48323969742e-08   -0.656273925208 1.48323969742e-08                 0                 0
    "BPM.32L1.B1"       21957.14704   0.0282089513684 1.48323969742e-08    0.371598022852 1.48323969742e-08                 0                 0
    "BPM.31L1.B1"       22010.59556   0.0185138470592 1.48323969742e-08   -0.481391086061 1.48323969742e-08                 0                 0
    "BPM.30L1.B1"       22064.04407   0.0228556859887 1.48323969742e-08    0.283515608344 1.48323969742e-08                 0                 0
    "BPM.29L1.B1"       22117.49259   0.0296430444258 1.48323969742e-08    0.239243088775 1.48323969742e-08                 0                 0
    "BPM.28L1.B1"        22170.9411   0.0312435074224 1.48323969742e-08    0.398254707902 1.48323969742e-08                 0                 0
    "BPM.27L1.B1"       22224.38962   0.0190263383617 1.48323969742e-08   -0.544459903504 1.48323969742e-08                 0                 0
    "BPM.26L1.B1"       22277.83814   0.0169907777107 1.48323969742e-08    -0.71339989255 1.48323969742e-08                 0                 0
    "BPM.25L1.B1"       22331.28665   0.0287639343255 1.48323969742e-08   -0.665113151256 1.48323969742e-08                 0                 0
    "BPM.24L1.B1"       22384.73517    0.029552786632 1.48323969742e-08   -0.594779581857 1.48323969742e-08                 0                 0
    "BPM.23L1.B1"       22438.18368   0.0164487965617 1.48323969742e-08     0.33026807735 1.48323969742e-08                 0                 0
    "BPM.22L1.B1"        22491.6322   0.0115327987232 1.48323969742e-08     0.27599896869 1.48323969742e-08                 0                 0
    "BPM.21L1.B1"       22545.08071   0.0241779162909 1.48323969742e-08     0.33206622671 1.48323969742e-08                 0                 0
    "BPM.20L1.B1"       22598.52923   0.0233779788713 1.48323969742e-08    0.390672701187 1.48323969742e-08                 0                 0
    "BPM.19L1.B1"       22651.97775   0.0128942238411 1.48323969742e-08   -0.457030439032 1.48323969742e-08                 0                 0
    "BPM.18L1.B1"       22705.42626   0.0130168614367 1.48323969742e-08   -0.568761812678 1.48323969742e-08                 0                 0
    "BPM.17L1.B1"       22758.87478   0.0254358599488 1.48323969742e-08   -0.658002190387 1.48323969742e-08                 0                 0
    "BPM.16L1.B1"       22812.32329   0.0254680686425 1.48323969742e-08   -0.574809257647 1.48323969742e-08                 0                 0
    "BPM.15L1.B1"       22865.77181   0.0167856260308 1.48323969742e-08    0.469709028525 1.48323969742e-08                 0                 0
    "BPM.14L1.B1"       22919.22033   0.0130426009976 1.48323969742e-08    0.356173828255 1.48323969742e-08                 0                 0
    "BPM.13L1.B1"       22972.66884   0.0279765499522 1.48323969742e-08    0.306437699307 1.48323969742e-08                 0                 0
    "BPM.12L1.B1"       23026.11736   0.0294929798006 1.48323969742e-08    0.410374439467 1.48323969742e-08                 0                 0
    "BPM.11L1.B1"       23079.56587   0.0154070553073 1.48323969742e-08    0.536460286508 1.48323969742e-08                 0                 0
    "BPM.10L1.B1"       23132.34658   0.0214646271979 1.48323969742e-08   -0.668148917255 1.48323969742e-08                 0                 0
     "BPM.9L1.B1"        23171.4116   0.0214787277939 1.48323969742e-08    -0.70865779925 1.48323969742e-08                 0                 0
     "BPM.8L1.B1"       23211.87461   0.0299561846959 1.48323969742e-08     0.38441040234 1.48323969742e-08                 0                 0
    "BPMR.7L1.B1"       23250.94062   0.0219905899021 1.48323969742e-08   -0.346776193081 1.48323969742e-08                 0                 0
     "BPM.6L1.B1"       23294.12462   0.0158340610603 1.48323969742e-08    0.376181336119 1.48323969742e-08                 0                 0
    "BPMR.5L1.B1"       23326.02462               0.0 1.48323969742e-08    0.232106126402 1.48323969742e-08                 0                 0
   "BPMYA.4L1.B1"       23347.14262   0.0113895403274 1.48323969742e-08    0.304142836466 1.48323969742e-08                 0                 0
   "BPMWB.4L1.B1"       23368.27512   0.0122368063044 1.48323969742e-08    0.211108458929 1.48323969742e-08                 0                 0
   "BPMSY.4L1.B1"       23461.05512   0.0115140198741 1.48323969742e-08    0.330003524709 1.48323969742e-08                 0                 0
    "BPMS.2L1.B1"       23487.84062   0.0117882545891 1.48323969742e-08    0.308938588477 1.48323969742e-08                 0                 0
   "BPMSW.1L1.B1"       23497.79062   0.0114783460672 1.48323969742e-08     0.24035966505 1.48323969742e-08                 0                 0
   "BPMSW.1R1.B1"       23540.93362   0.0117388598186 1.48323969742e-08   -0.666814419799 1.48323969742e-08                 0                 0
    "BPMS.2R1.B1"       23550.89862   0.0124377035016 1.48323969742e-08   -0.730285732814 1.48323969742e-08                 0                 0
   "BPMSY.4R1.B1"       23577.68412   0.0116673358829 1.48323969742e-08   -0.712825303329 1.48323969742e-08                 0                 0
   "BPMWB.4R1.B1"       23670.46412   0.0123605370649 1.48323969742e-08   -0.681967140406 1.48323969742e-08                 0                 0
   "BPMYA.4R1.B1"       23691.59662   0.0118102290726 1.48323969742e-08   -0.714573242184 1.48323969742e-08                 0                 0
     "BPM.5R1.B1"       23719.00462   0.0139132772789 1.48323969742e-08   -0.646720712853 1.48323969742e-08                 0                 0
    "BPMR.6R1.B1"       23750.90462               0.0 1.48323969742e-08  -0.0285763387555 1.48323969742e-08                 0                 0
   "BPMSX.7R1.B1"       23757.12012               0.0 1.48323969742e-08   0.0479112753177 1.48323969742e-08                 0                 0
   "BPM_A.7R1.B1"       23778.62862               0.0 1.48323969742e-08    0.369717807826 1.48323969742e-08                 0                 0
     "BPM.8R1.B1"       23820.06761   0.0118147409342 1.48323969742e-08    0.288730661536 1.48323969742e-08                 0                 0
     "BPM.9R1.B1"        23859.1346   0.0137724167722 1.48323969742e-08    0.497250937124 1.48323969742e-08                 0                 0
    "BPM.10R1.B1"       23899.59958  0.00832459954993 1.48323969742e-08   -0.682415885614 1.48323969742e-08                 0                 0
    "BPM.11R1.B1"       23952.38227               0.0 1.48323969742e-08   -0.726849314818 1.48323969742e-08                 0                 0
    "BPM.12R1.B1"       24007.10876   0.0165791104774 1.48323969742e-08    0.219258584789 1.48323969742e-08                 0                 0
    "BPM.13R1.B1"       24060.56024   0.0195713284372 1.48323969742e-08   -0.594998057762 1.48323969742e-08                 0                 0
    "BPM.14R1.B1"       24114.01173   0.0112897896616 1.48323969742e-08   -0.363768520324 1.48323969742e-08                 0                 0
    "BPM.15R1.B1"       24167.46321  0.00750180546854 1.48323969742e-08    0.115928173956 1.48323969742e-08                 0                 0
    "BPM.16R1.B1"       24220.91469   0.0160141759598 1.48323969742e-08    0.318994192545 1.48323969742e-08                 0                 0
    "BPM.17R1.B1"       24274.36618   0.0173677478579 1.48323969742e-08    0.444978455032 1.48323969742e-08                 0                 0
    "BPM.18R1.B1"       24327.81766   0.0101205636468 1.48323969742e-08   -0.399216448237 1.48323969742e-08                 0                 0
    "BPM.19R1.B1"       24381.26915   0.0101864137482 1.48323969742e-08   -0.727522441011 1.48323969742e-08                 0                 0
    "BPM.20R1.B1"       24434.72063   0.0198627260192 1.48323969742e-08   -0.734072620035 1.48323969742e-08                 0                 0
    "BPM.21R1.B1"       24488.17211   0.0196127384518 1.48323969742e-08   -0.560776817737 1.48323969742e-08                 0                 0
    "BPM.22R1.B1"        24541.6236   0.0101955300531 1.48323969742e-08   -0.452241791985 1.48323969742e-08                 0                 0
    "BPM.23R1.B1"       24595.07508    0.010847013976 1.48323969742e-08    0.206005852334 1.48323969742e-08                 0                 0
    "BPM.24R1.B1"       24648.52657   0.0166563338367 1.48323969742e-08    0.230568344873 1.48323969742e-08                 0                 0
    "BPM.25R1.B1"       24701.97805   0.0176363760056 1.48323969742e-08    0.388156668755 1.48323969742e-08                 0                 0
    "BPM.26R1.B1"       24755.42954               0.0 1.48323969742e-08   -0.495874021356 1.48323969742e-08                 0                 0
    "BPM.27R1.B1"       24808.88102   0.0131401965503 1.48323969742e-08    0.100964007782 1.48323969742e-08                 0                 0
    "BPM.28R1.B1"        24862.3325   0.0158823517714 1.48323969742e-08   -0.652645423621 1.48323969742e-08                 0                 0
    "BPM.29R1.B1"       24915.78399   0.0125811518169 1.48323969742e-08   -0.537525390793 1.48323969742e-08                 0                 0
    "BPM.30R1.B1"       24969.23547               0.0 1.48323969742e-08  0.00722787849938 1.48323969742e-08                 0                 0
    "BPM.31R1.B1"       25022.68696   0.0113040042056 1.48323969742e-08    0.194265539062 1.48323969742e-08                 0                 0
    "BPM.32R1.B1"       25076.13844    0.016424833715 1.48323969742e-08    0.271886454908 1.48323969742e-08                 0                 0
    "BPM.33L2.B1"       25236.49289  0.00982898099385 1.48323969742e-08    0.564022803197 1.48323969742e-08                 0                 0
    "BPM.32L2.B1"       25289.94438    0.019307161981 1.48323969742e-08    0.646198906009 1.48323969742e-08                 0                 0
    "BPM.31L2.B1"       25343.39586   0.0157649663525 1.48323969742e-08   -0.184518661491 1.48323969742e-08                 0                 0
    "BPM.30L2.B1"       25396.84734               0.0 1.48323969742e-08     0.08129575526 1.48323969742e-08                 0                 0
    "BPM.29L2.B1"       25450.29883   0.0120869067327 1.48323969742e-08   -0.599065664155 1.48323969742e-08                 0                 0
    "BPM.28L2.B1"       25503.75031   0.0206367409412 1.48323969742e-08   -0.385337057213 1.48323969742e-08                 0                 0
    "BPM.27L2.B1"        25557.2018   0.0158286824012 1.48323969742e-08   -0.212056905704 1.48323969742e-08                 0                 0
    "BPM.26L2.B1"       25610.65328               0.0 1.48323969742e-08    0.209504933205 1.48323969742e-08                 0                 0
    "BPM.25L2.B1"       25664.10477               0.0 1.48323969742e-08     0.57619885959 1.48323969742e-08                 0                 0
    "BPM.24L2.B1"       25717.55625   0.0226434439427 1.48323969742e-08     0.62073760978 1.48323969742e-08                 0                 0
    "BPM.23L2.B1"       25771.00773   0.0199179530403 1.48323969742e-08   -0.140974928881 1.48323969742e-08                 0                 0
    "BPM.22L2.B1"       25824.45922               0.0 1.48323969742e-08   -0.296084445461 1.48323969742e-08                 0                 0
    "BPM.21L2.B1"        25877.9107   0.0121565790366 1.48323969742e-08   -0.411883920253 1.48323969742e-08                 0                 0
    "BPM.20L2.B1"       25931.36219   0.0222946076731 1.48323969742e-08   -0.340488653457 1.48323969742e-08                 0                 0
    "BPM.19L2.B1"       25984.81367   0.0197062997198 1.48323969742e-08   -0.202272285407 1.48323969742e-08                 0                 0
    "BPM.18L2.B1"       26038.26515               0.0 1.48323969742e-08    0.207041871354 1.48323969742e-08                 0                 0
    "BPM.17L2.B1"       26091.71664   0.0152567732932 1.48323969742e-08    0.563289799061 1.48323969742e-08                 0                 0
    "BPM.16L2.B1"       26145.16812   0.0248078251637 1.48323969742e-08    0.661504168984 1.48323969742e-08                 0                 0
    "BPM.15L2.B1"       26198.61961   0.0229232690214 1.48323969742e-08   -0.228593036405 1.48323969742e-08                 0                 0
    "BPM.14L2.B1"       26252.07109               0.0 1.48323969742e-08   -0.290222875722 1.48323969742e-08                 0                 0
    "BPM.13L2.B1"       26305.52257   0.0139651606806 1.48323969742e-08   -0.396779910614 1.48323969742e-08                 0                 0
    "BPM.12L2.B1"       26358.97406   0.0229877132806 1.48323969742e-08   -0.288010451235 1.48323969742e-08                 0                 0
    "BPM.11L2.B1"       26412.42554   0.0209502610022 1.48323969742e-08   -0.157192471224 1.48323969742e-08                 0                 0
    "BPM.10L2.B1"       26464.26623  0.00779688528442 1.48323969742e-08     0.11481321952 1.48323969742e-08                 0                 0
     "BPM.9L2.B1"       26503.33322   0.0101991852439 1.48323969742e-08    0.495272241595 1.48323969742e-08                 0                 0
     "BPM.8L2.B1"       26543.79821   0.0231487747715 1.48323969742e-08    0.594163419674 1.48323969742e-08                 0                 0