@ GetLLMVersion %s "V3.0.0 Dev"
@ Command %s "/afs/cern.ch/work/o/omc/anaconda/bin/python '/afs/cern.ch/work/e/efol/public/Beta-Beat.src/GetLLM/GetLLM.py' '--accel=LHCB1' '--model=/afs/cern.ch/work/e/efol/public/betabeatGui/temp/2017-12-20/models/LHCB1/Multiturn-model_40cm_2041/twiss.dat' '--files=/afs/cern.ch/work/e/efol/public/betabeatGui/temp/2017-12-20/LHCB1/Measurements/Beam1@Turn@2017_09_11@19_02_33_250_onlydbscan/Beam1@Turn@2017_09_11@19_02_33_250_onlydbscan.sdds' '--output=/afs/cern.ch/work/e/efol/public/betabeatGui/temp/2017-12-20/LHCB1/Results/40cm_cleaned_arcs_with_dbscan_only' '--tbtana=SUSSIX' '--bpmu=mm' '--lhcphase=1' '--errordefs=/afs/cern.ch/work/e/efol/public/betabeatGui/temp/2017-12-20/models/LHCB1/Multiturn-model_40cm_2041/error_deff.txt'"
@ CWD %s "/home/efol/Workspaces/Accsoft-Eclipse-Pro/lhc-app-beta-beating"
@ Date %s "21. December 2017, 13:48:45"
@ DQMIN %le -0.000158086033889
@ DQMINE %le 0.0642353156334
@ FILES %s ""
*            NAME                 S              DETC             DETCE             GAMMA            GAMMAE               C11               C12               C21               C22
$              %s               %le               %le               %le               %le               %le               %le               %le               %le               %le
     BPMYB.5L2.B1            28.288   0.0313442346981               0.0     1.01605043512               0.0    0.178688799167  0.00458373269898 -0.00458373269898   -0.178688799167
     BPMYB.4L2.B1            48.858   0.0197698042936               0.0     1.01003392628               0.0    0.127314148956  -0.0151675968135   0.0151675968135   -0.127314148956
     BPMWI.4L2.B1           73.3255   0.0723671794038               0.0      1.0382739241               0.0     0.29731746216     0.17006048069    -0.17006048069    -0.29731746216
     BPMSX.4L2.B1          123.4825   0.0545990597783               0.0     1.02847084546               0.0    0.211131526793   -0.207556193734    0.207556193734   -0.211131526793
      BPMS.2L2.B1           161.394  -0.0081510930061                -1    0.995949200576                -1    0.228410415266    0.786023773479   -0.786023773479   -0.228410415266
     BPMSW.1L2.B1           171.328   0.0484343814158               0.0      1.0251339794               0.0    0.295317597343   0.0868112348958  -0.0868112348958   -0.295317597343
     BPMSW.1R2.B1           214.518    0.053537726278               0.0     1.02789403602               0.0    0.208237677136    0.300290962573   -0.300290962573   -0.208237677136
      BPMS.2R2.B1           224.452   0.0452776743497               0.0     1.02343781762               0.0    0.133596286134   0.0452275893803  -0.0452275893803   -0.133596286134
     BPMSX.4R2.B1          262.3635   0.0122975328623               0.0     1.00620606492               0.0    0.204706651916  -0.0205797502565   0.0205797502565   -0.204706651916
     BPMWB.4R2.B1          312.5965   0.0518427651141               0.0     1.02697487424               0.0    0.238189517944   0.0985901291856  -0.0985901291856   -0.238189517944
     BPMYB.4R2.B1           336.988   0.0731653096668               0.0     1.03872087517               0.0    0.248906569088   0.0628797389564  -0.0628797389564   -0.248906569088
      BPMR.5R2.B1           366.522   0.0366654481388               0.0     1.01885277184               0.0    0.253490516787   0.0374171653673  -0.0374171653673   -0.253490516787
       BPM.6R2.B1           439.818    0.116089243753               0.0     1.06364276563               0.0    0.444507081252   -0.351085161485    0.351085161485   -0.444507081252
     BPM_A.7R2.B1           452.693   0.0303977562646               0.0     1.01555440459               0.0   0.0950853050711   -0.085341952313    0.085341952313  -0.0950853050711
       BPM.8R2.B1       494.1300106   0.0397311716247               0.0     1.02047785418               0.0    0.185791977029  -0.0707260891804   0.0707260891804   -0.185791977029
       BPM.9R2.B1       533.1950212   0.0364775452101               0.0     1.01875342036               0.0     0.26580804414  -0.0598904863996   0.0598904863996    -0.26580804414
      BPM.10R2.B1       573.6580318   0.0357325866245               0.0     1.01835981806               0.0    0.170922897044  -0.0378215691293   0.0378215691293   -0.170922897044
      BPM.11R2.B1       625.4967424     0.04425845867               0.0     1.02289196811               0.0    0.172869054473  -0.0658819669296   0.0658819669296   -0.172869054473
      BPM.12R2.B1       680.2202583   0.0388522349265               0.0     1.02001115144               0.0    0.233814025114   0.0132872112378  -0.0132872112378   -0.233814025114
      BPM.13R2.B1       733.6687742   0.0371112802948               0.0     1.01908861673               0.0    0.237723063196    -0.11140485726     0.11140485726   -0.237723063196
      BPM.14R2.B1       787.1172901   0.0372012584355               0.0     1.01913623496               0.0    0.178411876934   -0.106808332661    0.106808332661   -0.178411876934
      BPM.15R2.B1        840.565806   0.0366347877217               0.0     1.01883655852               0.0    0.147992406668  -0.0398315549936   0.0398315549936   -0.147992406668
      BPM.16R2.B1       894.0143219   0.0431392865558               0.0     1.02229359099               0.0    0.223684486494 -0.000201189648516 0.000201189648516   -0.223684486494
      BPM.17R2.B1       947.4628378   0.0360378420116               0.0     1.01852104598               0.0    0.256320521303  -0.0875429435423   0.0875429435423   -0.256320521303
      BPM.18R2.B1       1000.911354   0.0396022104697               0.0     1.02040933756               0.0    0.197006160644  -0.0695454901595   0.0695454901595   -0.197006160644
      BPM.19R2.B1        1054.35987   0.0418877900975               0.0     1.02162570739               0.0     0.15871454249  -0.0248069159028   0.0248069159028    -0.15871454249
      BPM.20R2.B1       1107.808386   0.0418016219359               0.0     1.02157977035               0.0    0.224655204311   0.0279634645191  -0.0279634645191   -0.224655204311
      BPM.21R2.B1       1161.256901   0.0494446228542               0.0     1.02567858618               0.0    0.288471900367  -0.0733184049442   0.0733184049442   -0.288471900367
      BPM.22R2.B1       1214.705417   0.0320385480149               0.0     1.01641477343               0.0    0.161779025849  -0.0538032988648   0.0538032988648   -0.161779025849
      BPM.23R2.B1       1268.153933   0.0416709522704               0.0     1.02151012098               0.0     0.16571357971  -0.0808641712351   0.0808641712351    -0.16571357971
      BPM.24R2.B1       1321.602449    0.036894078152               0.0     1.01897369649               0.0    0.208840385931   0.0516090414804  -0.0516090414804   -0.208840385931
      BPM.26R2.B1       1428.499481   0.0409343150226               0.0      1.0211177459               0.0    0.201621362465  -0.0339982709647   0.0339982709647   -0.201621362465
      BPM.27R2.B1       1481.947997   0.0379284119926               0.0     1.01952130431               0.0    0.168733000827  -0.0209929600477   0.0209929600477   -0.168733000827
      BPM.28R2.B1       1535.396513   0.0310020051145               0.0     1.01587099552               0.0    0.199044049782    0.123481636531   -0.123481636531   -0.199044049782
      BPM.29R2.B1       1588.845029   0.0389448754659               0.0     1.02006031205               0.0    0.273048692131  0.00537859701923 -0.00537859701923   -0.273048692131
      BPM.30R2.B1       1642.293545   0.0382254636894               0.0     1.01967873578               0.0    0.201438387455 -0.00312969590423  0.00312969590423   -0.201438387455
      BPM.33R2.B1       1802.639092   0.0364386147264               0.0     1.01873283996               0.0    0.252310790506   0.0232073293172  -0.0232073293172   -0.252310790506
      BPM.34R2.B1       1856.087608   0.0585954126341               0.0     1.03065151237               0.0    0.232359330508    0.114507369724   -0.114507369724   -0.232359330508
      BPM.33L3.B1       1909.536124   0.0430760867833               0.0     1.02225983189               0.0     0.16188651982   0.0395908009508  -0.0395908009508    -0.16188651982
      BPM.32L3.B1        1962.98464   0.0362958828862               0.0     1.01865739616               0.0    0.208854915329     0.11350346639    -0.11350346639   -0.208854915329
      BPM.31L3.B1       2016.433156   0.0510620502796               0.0     1.02655232844               0.0    0.265786094718   0.0432924344868  -0.0432924344868   -0.265786094718
      BPM.30L3.B1       2069.881672   0.0423720785284               0.0     1.02188400133               0.0    0.205461708411   0.0628258236448  -0.0628258236448   -0.205461708411
      BPM.29L3.B1       2123.330188   0.0414432129582               0.0     1.02138876571               0.0    0.156723913789   0.0749278658848  -0.0749278658848   -0.156723913789
      BPM.27L3.B1        2230.22722   0.0293818578956               0.0     1.01502279998               0.0    0.240037280723   0.0308954919303  -0.0308954919303   -0.240037280723
      BPM.26L3.B1       2283.675735   0.0371796289744               0.0     1.01912478761               0.0    0.128382324965   0.0963366885006  -0.0963366885006   -0.128382324965
      BPM.25L3.B1       2337.124251   0.0490782269518               0.0     1.02548096707               0.0    0.177989938331   0.0858283708619  -0.0858283708619   -0.177989938331
      BPM.24L3.B1       2390.572767   0.0358093929303               0.0     1.01840037794               0.0    0.175714910734    0.153145572922   -0.153145572922   -0.175714910734
      BPM.23L3.B1       2444.021283   0.0352095211966               0.0      1.0180837265               0.0    0.242130033247   0.0520588645665  -0.0520588645665   -0.242130033247
      BPM.22L3.B1       2497.469799    0.037999182849               0.0     1.01955880484               0.0     0.14115283301   0.0927573755895  -0.0927573755895    -0.14115283301
      BPM.21L3.B1       2550.918315    0.049201904548               0.0     1.02554766098               0.0    0.189139091977     0.12440698575    -0.12440698575   -0.189139091977
      BPM.20L3.B1       2604.366831   0.0366636694355               0.0     1.01885183123               0.0    0.147983940453    0.154684462588   -0.154684462588   -0.147983940453
      BPM.19L3.B1       2657.815347    0.041186619655               0.0     1.02125208684               0.0    0.224769805543    0.158719090802   -0.158719090802   -0.224769805543
      BPM.18L3.B1       2711.263863   0.0455451882289               0.0     1.02358123177               0.0    0.154972466725    0.122562078467   -0.122562078467   -0.154972466725
      BPM.17L3.B1       2764.712379   0.0451352400994               0.0     1.02336148323               0.0     0.12058641349    0.178719765037   -0.178719765037    -0.12058641349
      BPM.16L3.B1       2818.160894   0.0428147646434               0.0     1.02212027825               0.0    0.136118814887    0.189688951042   -0.189688951042   -0.136118814887
      BPM.14L3.B1       2925.057926   0.0338452769562               0.0     1.01736468768               0.0    0.217495724325  -0.0352867640659   0.0352867640659   -0.217495724325
      BPM.13L3.B1       2978.506442   0.0455655371269               0.0     1.02359214328               0.0   0.0978598899926     0.20585994347    -0.20585994347  -0.0978598899926
      BPM.12L3.B1       3031.954958   0.0484462378787               0.0     1.02514036602               0.0    0.139579527349    0.189257866247   -0.189257866247   -0.139579527349
      BPM.11L3.B1       3085.403474   0.0418793605758               0.0     1.02162121326               0.0    0.158820368822    0.183001855445   -0.183001855445   -0.158820368822
      BPM.10L3.B1       3138.184185   0.0444492649741               0.0     1.02299408958               0.0   0.0862423403418    0.182064431802   -0.182064431802  -0.0862423403418
       BPM.9L3.B1       3177.249195   0.0356754669452               0.0     1.01832965745               0.0    0.115307820137    0.108902112206   -0.108902112206   -0.115307820137
       BPM.8L3.B1       3217.712206   0.0390781814619               0.0     1.02013106465               0.0    0.187346733868   0.0825848288495  -0.0825848288495   -0.187346733868
       BPM.7L3.B1       3256.776216   0.0341183839452               0.0     1.01750850953               0.0    0.205897857433  -0.0826040380318   0.0826040380318   -0.205897857433
       BPM.6L3.B1       3329.415216   0.0267029610147               0.0     1.01362496616               0.0    0.156450421748  -0.0642723516593   0.0642723516593   -0.156450421748
    BPMWG.A5L3.B1       3371.119716   0.0299446721698               0.0     1.01531720921               0.0    0.181170321158  -0.0602832865042   0.0602832865042   -0.181170321158
      BPMW.5L3.B1       3400.089716   0.0289606290856               0.0     1.01480262187               0.0    0.189807696792  -0.0663108777621   0.0663108777621   -0.189807696792
     BPMWE.4L3.B1       3475.217716 -0.00162638520209                -1     0.99918779798                -1  -0.0424679730636    0.233720733758   -0.233720733758   0.0424679730636
      BPMW.4L3.B1       3502.762716   0.0591956036136               0.0     1.03098021466               0.0    0.204056981002 -0.00167198965686  0.00167198965686   -0.204056981002
      BPMW.4R3.B1       3547.727716   0.0130689902871               0.0     1.00659925021               0.0    0.131404501482  -0.0387642679577   0.0387642679577   -0.131404501482
     BPMWE.4R3.B1       3575.272716   0.0456123037034               0.0     1.02361722182               0.0    0.160839013218    0.205175661544   -0.205175661544   -0.160839013218
      BPMW.5R3.B1       3650.400716   0.0356216999322               0.0     1.01830126957               0.0    0.120903094188    0.167102955451   -0.167102955451   -0.120903094188
    BPMWJ.A5R3.B1       3679.118716   0.0265775627292               0.0     1.01355967543               0.0   0.0741953854522    0.139454797288   -0.139454797288  -0.0741953854522
     BPMWC.6R3.B1       3718.936716  -0.0343417705675                -1    0.983259085962                -1     0.14689926036   0.0279375192095  -0.0279375192095    -0.14689926036
      BPMR.6R3.B1       3731.015216   0.0410592242086               0.0     1.02118424783               0.0   0.0524401682404    0.158809076848   -0.158809076848  -0.0524401682404
       BPM.8R3.B1       3825.903227    0.030282095266               0.0     1.01549383876               0.0   -0.151308996394    0.118207800337   -0.118207800337    0.151308996394
       BPM.9R3.B1       3864.968238   0.0475609790876               0.0     1.02466383919               0.0   -0.212242405743    0.148503754348   -0.148503754348    0.212242405743
      BPM.10R3.B1       3905.431248   0.0324594326712               0.0     1.01663582198               0.0   -0.120821121888    0.176702202587   -0.176702202587    0.120821121888
      BPM.11R3.B1       3958.211959   0.0194152590241               0.0     1.00985131323               0.0   -0.115530913318  -0.0725570854144   0.0725570854144    0.115530913318
      BPM.12R3.B1       4012.935475   0.0349875715849               0.0     1.01796664185               0.0   -0.207468719335   0.0790212333543  -0.0790212333543    0.207468719335
      BPM.13R3.B1       4066.383991     0.03417697721               0.0     1.01753937349               0.0   -0.184629201275    0.150754996959   -0.150754996959    0.184629201275
      BPM.14R3.B1       4119.832506   0.0885667235047               0.0     1.04746027106               0.0   -0.442681065821     0.64909923696    -0.64909923696    0.442681065821
      BPM.18R3.B1        4333.62657   0.0421319764296               0.0     1.02175591903               0.0   -0.164810189885    0.120667606816   -0.120667606816    0.164810189885
      BPM.19R3.B1       4387.075086   0.0404338674516               0.0     1.02085143671               0.0   -0.176894600711    0.014822708006   -0.014822708006    0.176894600711
      BPM.22R3.B1       4547.420634   0.0294611312825               0.0     1.01506425254               0.0   -0.166424129433    0.116440248782   -0.116440248782    0.166424129433
      BPM.27R3.B1       4814.663213    0.034182503083               0.0     1.01754228438               0.0   -0.148630650979  -0.0568645802594   0.0568645802594    0.148630650979
      BPM.28R3.B1       4868.111729    0.029697403256               0.0     1.01518783081               0.0    -0.21767405947   0.0329026840976  -0.0329026840976     0.21767405947
      BPM.29R3.B1       4921.560245   0.0358162496957               0.0     1.01840399909               0.0   -0.230965678492  -0.0277730867246   0.0277730867246    0.230965678492
      BPM.30R3.B1       4975.008761   0.0365411120284               0.0     1.01878702732               0.0   -0.174829807506   0.0804064398266  -0.0804064398266    0.174829807506
      BPM.31R3.B1       5028.457277   0.0383092236787               0.0     1.01972314008               0.0   -0.171805587555   -0.082367154175    0.082367154175    0.171805587555
      BPM.32R3.B1       5081.905793   0.0244319231253               0.0     1.01244446322               0.0   -0.218902149775  -0.0116921993646   0.0116921993646    0.218902149775
      BPM.33R3.B1       5135.354309   0.0403563434115               0.0     1.02081020155               0.0    -0.22410149661  -0.0187625318832   0.0187625318832     0.22410149661
      BPM.34R3.B1       5188.802825   0.0413125078264               0.0      1.0213191365               0.0   -0.188513978386   0.0244326590391  -0.0244326590391    0.188513978386
      BPM.33L4.B1        5242.25134   0.0417518560415               0.0     1.02155324252               0.0   -0.175748832623   -0.106366026012    0.106366026012    0.175748832623
      BPM.32L4.B1       5295.699856    0.044932507611               0.0     1.02325286283               0.0   -0.251818678224   -0.092454896205    0.092454896205    0.251818678224
      BPM.31L4.B1       5349.148372   0.0546803211487               0.0     1.02851504911               0.0   -0.285667631941  -0.0535671662262   0.0535671662262    0.285667631941
      BPM.30L4.B1       5402.596888    0.045689759654               0.0     1.02365876158               0.0   -0.203504645985  0.00585267253661 -0.00585267253661    0.203504645985
      BPM.29L4.B1       5456.045404   0.0408093005721               0.0     1.02105120093               0.0   -0.172514967581  -0.0856212172682   0.0856212172682    0.172514967581
      BPM.28L4.B1        5509.49392   0.0407093759832               0.0      1.0209980206               0.0   -0.231399025169  -0.0879506229155   0.0879506229155    0.231399025169
      BPM.27L4.B1       5562.942436   0.0417885345933               0.0     1.02157279391               0.0   -0.221481490451  -0.0985907144762   0.0985907144762    0.221481490451
      BPM.26L4.B1       5616.390952   0.0407328467044               0.0     1.02101051108               0.0   -0.188754867726  -0.0364839709771   0.0364839709771    0.188754867726
      BPM.25L4.B1       5669.839468    0.040523680482               0.0     1.02089921466               0.0   -0.141765304265   -0.127424290647    0.127424290647    0.141765304265
      BPM.24L4.B1       5723.287984   0.0253910901024               0.0     1.01294254223               0.0   -0.192185418275  -0.0940645672315   0.0940645672315    0.192185418275
      BPM.23L4.B1         5776.7365   0.0436818120808               0.0     1.02258352678               0.0   -0.191910197732   -0.127819946168    0.127819946168    0.191910197732
      BPM.22L4.B1       5830.185015   0.0422331457824               0.0     1.02180988188               0.0   -0.168551972978  -0.0942266826993   0.0942266826993    0.168551972978
      BPM.21L4.B1       5883.633531   0.0377414548031               0.0     1.01942225812               0.0  -0.0971967881132   -0.162170801246    0.162170801246   0.0971967881132
      BPM.20L4.B1       5937.082047   0.0530132032587               0.0     1.02760932838               0.0   -0.196770057435   -0.169213270652    0.169213270652    0.196770057435
      BPM.19L4.B1       5990.530563   0.0429712446663               0.0     1.02220383628               0.0   -0.201311045708   -0.129067961885    0.129067961885    0.201311045708
      BPM.17L4.B1       6097.427595   0.0383434272028               0.0     1.01974127432               0.0   -0.094986789541   -0.180746197318    0.180746197318    0.094986789541
      BPM.16L4.B1       6150.876111   0.0478148691391               0.0     1.02480043795               0.0   -0.197137296595   -0.183852681819    0.183852681819    0.197137296595
      BPM.15L4.B1       6204.324627   0.0423647821157               0.0     1.02188010835               0.0   -0.187218672414   -0.148707201706    0.148707201706    0.187218672414
      BPM.14L4.B1       6257.773143   0.0468821008296               0.0     1.02429885501               0.0   -0.141360594703   -0.150428620196    0.150428620196    0.141360594703
      BPM.13L4.B1       6311.221659   0.0456316074611               0.0     1.02362757399               0.0  -0.0842723796953   -0.161809908796    0.161809908796   0.0842723796953
      BPM.12L4.B1       6364.670174   0.0505514691249               0.0     1.02627626884               0.0   -0.172179510292   -0.254772074367    0.254772074367    0.172179510292
      BPM.11L4.B1        6418.11869   0.0568646233445               0.0     1.02970538109               0.0   -0.137875796263   -0.260932066521    0.260932066521    0.137875796263
      BPM.10L4.B1       6469.957401   0.0241598798214               0.0     1.01230332948               0.0   -0.141407429923  -0.0630837860854   0.0630837860854    0.141407429923
       BPM.9L4.B1       6509.022412   0.0560498618048               0.0     1.02926089498               0.0 -0.00667375709111   -0.268484255678    0.268484255678  0.00667375709111
       BPM.7L4.B1       6588.549433   0.0405206186058               0.0     1.02089758572               0.0     0.15033342056   -0.117860123828    0.117860123828    -0.15033342056
     BPMYB.6L4.B1       6685.153433   0.0967699582399               0.0     1.05220609468               0.0    0.347813250946   -0.254452700904    0.254452700904   -0.347813250946
     BPMYA.5L4.B1       6722.153433   0.0587107496196               0.0     1.03071465374               0.0    0.282647593013   0.0730862998782  -0.0730862998782   -0.282647593013
    BPMWI.A5L4.B1       6798.755933   -0.027400164639                -1    0.986575177982                -1  -0.0852901698955     0.23141931599    -0.23141931599   0.0852901698955
    BPMWA.B5L4.B1       6824.619933  0.00713445277606               0.0     1.00358642824               0.0    0.328816666491    0.169581905173   -0.169581905173   -0.328816666491
    BPMWA.A5L4.B1       6833.504933   0.0535658081878               0.0     1.02790928538               0.0    0.192194748212  -0.0351580427801   0.0351580427801   -0.192194748212
    BPMWA.A5R4.B1       6881.553933    0.852122796444               0.0      2.6004552547               0.0     11.5712801127    -21.5629534657     21.5629534657    -11.5712801127
    BPMWA.B5R4.B1       6890.438933   0.0457882750654               0.0     1.02371160287               0.0    0.214225892035  0.00456653497824 -0.00456653497824   -0.214225892035
     BPMYB.5R4.B1       6992.829433  0.00453265743122               0.0      1.0022740623               0.0    0.395535895103   -0.111834905936    0.111834905936   -0.395535895103
     BPMYA.6R4.B1       7024.393433   0.0518386546763               0.0     1.02697264818               0.0     0.27246286613   0.0460699177436  -0.0460699177436    -0.27246286613
       BPM.7R4.B1       7120.909433   0.0378636748946               0.0     1.01948700462               0.0    0.207844751308  -0.0322032189324   0.0322032189324   -0.207844751308
       BPM.8R4.B1       7158.698443   0.0439760974585               0.0     1.02274090162               0.0    0.153158724029    0.133295953105   -0.133295953105   -0.153158724029
       BPM.9R4.B1       7197.763454   0.0595829900842               0.0      1.0311925389               0.0    0.278955201972   0.0229761138632  -0.0229761138632   -0.278955201972
      BPM.10R4.B1       7238.226465   0.0373145557919               0.0     1.01919620369               0.0    0.258999614172   0.0114073035003  -0.0114073035003   -0.258999614172
      BPM.11R4.B1       7290.065175   0.0490854745804               0.0     1.02548487504               0.0    0.160663750229   0.0804147535995  -0.0804147535995   -0.160663750229
      BPM.12R4.B1       7344.788691   0.0450410776978               0.0     1.02331102842               0.0    0.152304560184    0.147584451541   -0.147584451541   -0.152304560184
      BPM.13R4.B1       7398.237207   0.0465557954168               0.0     1.02412356271               0.0     0.23318582533    0.153878905557   -0.153878905557    -0.23318582533
      BPM.14R4.B1       7451.685723   0.0423228460739               0.0     1.02185773438               0.0    0.215884596993    0.109983230846   -0.109983230846   -0.215884596993
      BPM.15R4.B1       7505.134239   0.0468521781233               0.0     1.02428277669               0.0    0.172667632776   0.0655067248151  -0.0655067248151   -0.172667632776
      BPM.16R4.B1       7558.582755   0.0443173888066               0.0     1.02292350485               0.0    0.127458581202    0.179974100786   -0.179974100786   -0.127458581202
      BPM.17R4.B1       7612.031271   0.0493796785812               0.0     1.02564354954               0.0    0.244857874764    0.145063199636   -0.145063199636   -0.244857874764
      BPM.18R4.B1       7665.479786   0.0448107911119               0.0     1.02318766595               0.0    0.216434454801    0.157455377955   -0.157455377955   -0.216434454801
      BPM.19R4.B1       7718.928302   0.0383284617129               0.0     1.01973333971               0.0     0.14312162596   0.0536284143921  -0.0536284143921    -0.14312162596
      BPM.20R4.B1       7772.376818   0.0417629893821               0.0     1.02155917699               0.0    0.131063714208    0.176138127058   -0.176138127058   -0.131063714208
      BPM.21R4.B1       7825.825334    0.030809460512               0.0     1.01577008131               0.0     0.20373571146    0.161241033794   -0.161241033794    -0.20373571146
      BPM.22R4.B1        7879.27385   0.0499893504437               0.0     1.02597260149               0.0    0.172216809304    0.149106506507   -0.149106506507   -0.172216809304
      BPM.23R4.B1       7932.722366   0.0411727083083               0.0     1.02124467829               0.0    0.156666044456   0.0723654577656  -0.0723654577656   -0.156666044456
      BPM.24R4.B1       7986.170882   0.0436928164364               0.0     1.02258941026               0.0    0.138324615821    0.212442357602   -0.212442357602   -0.138324615821
      BPM.25R4.B1       8039.619398   0.0448567217982               0.0     1.02321226704               0.0    0.222703887608    0.142112354081   -0.142112354081   -0.222703887608
      BPM.26R4.B1       8093.067914   0.0452753473169               0.0     1.02343657037               0.0    0.183350494482    0.129135673457   -0.129135673457   -0.183350494482
      BPM.27R4.B1        8146.51643   0.0494619592864               0.0     1.02568793958               0.0    0.152935528311    0.115632169827   -0.115632169827   -0.152935528311
      BPM.28R4.B1       8199.964946   0.0411873512692               0.0     1.02125247647               0.0    0.162152505397    0.183076876719   -0.183076876719   -0.162152505397
      BPM.29R4.B1       8253.413461   0.0252129001186               0.0     1.01284995562               0.0    0.216302638695   0.0756392152392  -0.0756392152392   -0.216302638695
      BPM.30R4.B1       8306.861977   0.0514103358612               0.0     1.02674076638               0.0    0.129743513006    0.170919405748   -0.170919405748   -0.129743513006
      BPM.31R4.B1       8360.310493   0.0486556765324               0.0     1.02525320225               0.0    0.161749377538    0.109378430384   -0.109378430384   -0.161749377538
      BPM.32R4.B1       8413.759009   0.0495976069186               0.0     1.02576113341               0.0    0.196345601104    0.138439743595   -0.138439743595   -0.196345601104
      BPM.33R4.B1       8467.207525   0.0484048903527               0.0     1.02511809422               0.0    0.250016907909   0.0961365691579  -0.0961365691579   -0.250016907909
      BPM.34R4.B1       8520.656041   0.0361346585978               0.0     1.01857219796               0.0    0.164269819682   0.0756916788466  -0.0756916788466   -0.164269819682
      BPM.33L5.B1       8574.104557   0.0363011418333               0.0     1.01866017559               0.0    0.143964326174    0.109765599903   -0.109765599903   -0.143964326174
      BPM.32L5.B1       8627.553073   0.0405740541339               0.0     1.02092601493               0.0    0.158026603637    0.136481201586   -0.136481201586   -0.158026603637
      BPM.31L5.B1       8681.001589   0.0500689076993               0.0     1.02601556348               0.0    0.228140518964    0.141974067161   -0.141974067161   -0.228140518964
      BPM.30L5.B1       8734.450105   0.0377693043876               0.0     1.01943701044               0.0    0.181191976864   0.0822959057973  -0.0822959057973   -0.181191976864
      BPM.29L5.B1        8787.89862   0.0446273225506               0.0      1.0230894154               0.0    0.169708986046   0.0819694858175  -0.0819694858175   -0.169708986046
      BPM.28L5.B1       8841.347136   0.0369955943484               0.0     1.01902740321               0.0    0.158679565892    0.135125274579   -0.135125274579   -0.158679565892
      BPM.27L5.B1       8894.795652   0.0419468612068               0.0     1.02165720232               0.0    0.210308904243    0.140181735421   -0.140181735421   -0.210308904243
      BPM.24L5.B1         9055.1412   0.0498073960086               0.0     1.02587436394               0.0    0.182993490403    0.174782793079   -0.174782793079   -0.182993490403
      BPM.23L5.B1       9108.589716   0.0464364439664               0.0      1.0240594692               0.0    0.231843828121    0.132508622185   -0.132508622185   -0.231843828121
      BPM.22L5.B1       9162.038232   0.0514961281599               0.0     1.02678719974               0.0    0.204376188888    0.157008011681   -0.157008011681   -0.204376188888
      BPM.21L5.B1       9215.486748   0.0288447222886               0.0     1.01474206202               0.0    0.157355290827   0.0227204888765  -0.0227204888765   -0.157355290827
      BPM.20L5.B1       9268.935264   -0.100167107004                -1    0.953390174643                -1  0.00434868262834   -0.656832213202    0.656832213202 -0.00434868262834
      BPM.16L5.B1       9482.729327   0.0414585416826               0.0     1.02139693256               0.0    0.121730837547    0.183725031758   -0.183725031758   -0.121730837547
      BPM.15L5.B1       9536.177843   0.0536829837769               0.0     1.02797292269               0.0    0.221020586709    0.146674688442   -0.146674688442   -0.221020586709
      BPM.14L5.B1       9589.626359   0.0304685210428               0.0     1.01559146588               0.0    0.225503060198   0.0540313770775  -0.0540313770775   -0.225503060198
      BPM.13L5.B1       9643.074875   0.0439567163075               0.0     1.02273053494               0.0    0.156965183965   0.0885414369839  -0.0885414369839   -0.156965183965
      BPM.12L5.B1       9696.523391   0.0418549264625               0.0     1.02160818675               0.0    0.149717722643    0.175111692657   -0.175111692657   -0.149717722643
      BPM.11L5.B1       9749.971907   0.0517516833401               0.0     1.02692555122               0.0    0.213194148378    0.161719414191   -0.161719414191   -0.213194148378
      BPM.10L5.B1       9802.752617   0.0319627655414               0.0     1.01637498781               0.0    0.155288764979    0.146665690998   -0.146665690998   -0.155288764979
       BPM.9L5.B1       9841.817628   0.0487927772589               0.0      1.0253270862               0.0    0.050818472015    0.185764518004   -0.185764518004   -0.050818472015
       BPM.8L5.B1       9882.280639   0.0457780182709               0.0       1.023706101               0.0   -0.079534757969    0.249696956119   -0.249696956119    0.079534757969
      BPMR.7L5.B1       9921.346649   0.0346830182886               0.0     1.01780604716               0.0    0.227931783128   0.0490811437221  -0.0490811437221   -0.227931783128
       BPM.6L5.B1       9958.240649   0.0302409175327               0.0     1.01547227867               0.0    0.167750820375   0.0245902750861  -0.0245902750861   -0.167750820375
      BPMR.5L5.B1       9990.140649   0.0433648554785               0.0     1.02241410929               0.0   -0.019837379913   -0.264539612991    0.264539612991    0.019837379913
     BPMYA.4L5.B1       10017.54665    0.118263398416               0.0     1.06495330446               0.0   0.0557855432538   -0.342429701545    0.342429701545  -0.0557855432538
     BPMWB.4L5.B1       10038.68115   0.0480264764821               0.0     1.02491432938               0.0   0.0599361588452   -0.283383835653    0.283383835653  -0.0599361588452
     BPMSY.4L5.B1       10131.46115   -0.183284472324                -1    0.919296099074                -1   -0.133718889207    0.258986625389   -0.258986625389    0.133718889207
      BPMS.2L5.B1       10158.24665    0.284402766601               0.0     1.18213118299               0.0   -0.230432660387    -1.04321531498     1.04321531498    0.230432660387
     BPMSW.1L5.B1       10168.21165  -0.0991674952807                -1    0.953823595128                -1  -0.0457510150365    0.364254059869   -0.364254059869   0.0457510150365
     BPMSW.1R5.B1       10211.33965     1.27646044816                -1                -1                -1                -1                -1                -1                -1
      BPMS.2R5.B1       10221.30465     0.95531818573               0.0     4.73080013473               0.0     1.31260656833     22.9060409347    -22.9060409347    -1.31260656833
     BPMWB.4R5.B1       10340.87015    0.298148691004               0.0     1.19365121072               0.0    -0.33000976152    -1.43537806057     1.43537806057     0.33000976152
     BPMYA.4R5.B1       10362.00265  0.00490577068209               0.0     1.00246194737               0.0  -0.0153947087327  -0.0173033241617   0.0173033241617   0.0153947087327
       BPM.5R5.B1       10383.12065   0.0242203402795               0.0     1.01233469075               0.0   0.0809382698623   -0.071075674484    0.071075674484  -0.0809382698623
      BPMR.6R5.B1       10415.02065   0.0500575959837               0.0     1.02600945467               0.0    0.207323712693   -0.073054019395    0.073054019395   -0.207323712693
     BPM_A.7R5.B1       10449.03465   0.0314447868485               0.0     1.01610317522               0.0     0.21490118068   0.0026686653772  -0.0026686653772    -0.21490118068
       BPM.8R5.B1       10490.47364   0.0134622380834               0.0     1.00679985251               0.0    0.115186404445  0.00207964994332 -0.00207964994332   -0.115186404445
       BPM.9R5.B1       10529.54063   0.0391841155044               0.0         1.0201873               0.0    0.138896765025    0.253210012276   -0.253210012276   -0.138896765025
      BPM.10R5.B1       10570.00562  0.00766241219305               0.0     1.00385336484               0.0    0.172750745013   0.0504830659521  -0.0504830659521   -0.172750745013
      BPM.11R5.B1       10622.78831   0.0331030194273               0.0     1.01697411267               0.0   0.0899836006065    0.133389148644   -0.133389148644  -0.0899836006065
      BPM.12R5.B1       10677.51479   0.0165947196212               0.0     1.00840207824               0.0   0.0694754357524   0.0479047806775  -0.0479047806775  -0.0694754357524
      BPM.13R5.B1       10730.96627   0.0246118802415               0.0     1.01253785588               0.0   0.0952032246092    0.188311330942   -0.188311330942  -0.0952032246092
      BPM.14R5.B1       10784.41776   0.0208695931835               0.0     1.01060101741               0.0    0.225014621414   0.0690148462713  -0.0690148462713   -0.225014621414
      BPM.15R5.B1       10837.86924    0.026390722865               0.0      1.0134624175               0.0    0.128238405513   0.0791860236306  -0.0791860236306   -0.128238405513
      BPM.16R5.B1       10891.32073   0.0269005328315               0.0     1.01372786086               0.0   0.0841826573812   0.0867772193252  -0.0867772193252  -0.0841826573812
      BPM.17R5.B1       10944.77221   0.0247150207971               0.0     1.01259139457               0.0    0.140033988881    0.169067832277   -0.169067832277   -0.140033988881
      BPM.18R5.B1        10998.2237   0.0171343861248               0.0     1.00867888421               0.0    0.204323715537   0.0532625670123  -0.0532625670123   -0.204323715537
      BPM.19R5.B1       11051.67518   0.0225906623644               0.0     1.01149038341               0.0     0.12072667629   0.0530736283257  -0.0530736283257    -0.12072667629
      BPM.20R5.B1       11105.12666   0.0235093700021               0.0      1.0119660897               0.0   0.0704684629171   0.0950416339584  -0.0950416339584  -0.0704684629171
      BPM.21R5.B1       11158.57815   0.0238572916084               0.0     1.01214641861               0.0    0.144751415924    0.119342547895   -0.119342547895   -0.144751415924
      BPM.22R5.B1       11212.02963   0.0269563504492               0.0     1.01375693616               0.0    0.224648732089    0.107793725567   -0.107793725567   -0.224648732089
      BPM.23R5.B1       11265.48112   0.0249008393089               0.0     1.01268787156               0.0    0.153442031622   0.0150688707956  -0.0150688707956   -0.153442031622
      BPM.24R5.B1        11318.9326   0.0248927914573               0.0     1.01268369254               0.0   0.0990314536341   0.0506518683081  -0.0506518683081  -0.0990314536341
      BPM.25R5.B1       11372.38408   0.0224537748721               0.0     1.01141956055               0.0    0.143418248356    0.123391537887   -0.123391537887   -0.143418248356
      BPM.26R5.B1       11425.83557   0.0175635121629               0.0     1.00889915448               0.0     0.23660077642   0.0275566470757  -0.0275566470757    -0.23660077642
      BPM.27R5.B1       11479.28705   0.0219451004416               0.0     1.01115651286               0.0    0.108918540993   0.0515855087094  -0.0515855087094   -0.108918540993
      BPM.28R5.B1       11532.73854   0.0227069143231               0.0     1.01155054154               0.0    0.106388330753    0.047682794608   -0.047682794608   -0.106388330753
      BPM.29R5.B1       11586.19002   0.0252033223999               0.0     1.01284497981               0.0    0.153459707992     0.13643371708    -0.13643371708   -0.153459707992
      BPM.30R5.B1        11639.6415   0.0348738792019               0.0     1.01790668157               0.0     0.21613446449   0.0520287749933  -0.0520287749933    -0.21613446449
      BPM.31R5.B1       11693.09299   0.0316356298864               0.0     1.01620329593               0.0    0.178908947972   0.0357657690045  -0.0357657690045   -0.178908947972
      BPM.32R5.B1       11746.54447    0.022234271076               0.0     1.01130602472               0.0    0.105711873603   0.0250487410621  -0.0250487410621   -0.105711873603
      BPM.33R5.B1       11799.99596   0.0139800120742               0.0     1.00706416072               0.0    0.110778968643    0.119282117248   -0.119282117248   -0.110778968643
      BPM.34R5.B1       11853.44744    0.037149299606               0.0     1.01910873649               0.0    0.222252833786   0.0878870075625  -0.0878870075625   -0.222252833786
      BPM.33L6.B1       11906.89893   0.0331915918324               0.0     1.01702069573               0.0    0.174704506722   0.0674662717169  -0.0674662717169   -0.174704506722
      BPM.30L6.B1       12067.25338   0.0201822470895               0.0     1.01024648488               0.0    0.208843706656   0.0494277317942  -0.0494277317942   -0.208843706656
      BPM.29L6.B1       12120.70486   0.0174589827861               0.0     1.00884548629               0.0    0.106131209759     0.01504043102    -0.01504043102   -0.106131209759
      BPM.28L6.B1       12174.15635    0.017367890192               0.0     1.00879872388               0.0    0.110978315319 -0.00178371823026  0.00178371823026   -0.110978315319
      BPM.27L6.B1       12227.60783   0.0247696829125               0.0     1.01261977228               0.0   0.0978779494096    0.194531667108   -0.194531667108  -0.0978779494096
      BPM.26L6.B1       12281.05931   0.0242566892987               0.0     1.01235354664               0.0    0.247294855412   0.0109040081488  -0.0109040081488   -0.247294855412
      BPM.25L6.B1        12334.5108   0.0232926377533               0.0     1.01185380538               0.0    0.141658087425  -0.0374272067682   0.0374272067682   -0.141658087425
      BPM.22L6.B1       12494.86525   0.0321146757497               0.0     1.01645474502               0.0    0.250243856149   0.0878963719898  -0.0878963719898   -0.250243856149
      BPM.21L6.B1       12548.31673   0.0208566622258               0.0     1.01059434418               0.0    0.141719061954  -0.0194644283179   0.0194644283179   -0.141719061954
      BPM.20L6.B1       12601.76822   0.0281631109727               0.0     1.01438614788               0.0    0.102320198557    0.103840582957   -0.103840582957   -0.102320198557
      BPM.19L6.B1        12655.2197   0.0251088456815               0.0     1.01279590121               0.0    0.148910335725    0.130841765718   -0.130841765718   -0.148910335725
      BPM.18L6.B1       12708.67119   0.0152323457019               0.0     1.00770430137               0.0    0.228157483682   0.0659861477885  -0.0659861477885   -0.228157483682
      BPM.17L6.B1       12762.12267   0.0149348970969               0.0     1.00755214753               0.0    0.106759130516 -0.00645040040387  0.00645040040387   -0.106759130516
      BPM.16L6.B1       12815.57415   0.0166680648751               0.0     1.00843968513               0.0   0.0743500846934   0.0662019809751  -0.0662019809751  -0.0743500846934
      BPM.15L6.B1       12869.02564   0.0237046595246               0.0     1.01206729703               0.0    0.137914725128    0.160154275462   -0.160154275462   -0.137914725128
      BPM.14L6.B1       12922.47712   0.0139681738372               0.0     1.00705811533               0.0    0.244140864018  -0.0190159148424   0.0190159148424   -0.244140864018
      BPM.13L6.B1       12975.92861   0.0189277308696               0.0     1.00960036733               0.0    0.100954553602   0.0342704971867  -0.0342704971867   -0.100954553602
      BPM.12L6.B1       13029.38009   0.0219212326126               0.0     1.01114417527               0.0   0.0784018010443   0.0871815821012  -0.0871815821012  -0.0784018010443
      BPM.11L6.B1       13082.83158   0.0298321648753               0.0     1.01525833594               0.0    0.225613685662   0.0911746920647  -0.0911746920647   -0.225613685662
      BPM.10L6.B1       13134.67226   0.0255190394829               0.0     1.01300903974               0.0    0.223207583365  -0.0144566488318   0.0144566488318   -0.223207583365
       BPM.9L6.B1       13173.73925   0.0175164071827               0.0     1.00887496846               0.0     0.12560862647   -0.034903832952    0.034903832952    -0.12560862647
       BPM.8L6.B1       13214.20424   0.0179712709355               0.0     1.00910859071               0.0   0.0846893930834  -0.0143710160523   0.0143710160523  -0.0846893930834
     BPMYA.5L6.B1       13311.29423   0.0427369627255               0.0      1.0220787408               0.0    0.398951187432   0.0866880281606  -0.0866880281606   -0.398951187432
     BPMYB.4L6.B1       13347.69423   0.0189418808167               0.0     1.00960764812               0.0    0.223320781078   -0.109934423681    0.109934423681   -0.223320781078
     BPMSE.4L6.B1       13476.94473   0.0122487758053               0.0      1.0061812306               0.0   0.0807435273445   0.0523209555381  -0.0523209555381  -0.0807435273445
     BPMSA.4R6.B1       13568.51473   0.0185541356153               0.0      1.0094081928               0.0   0.0785562072148   0.0707482285527  -0.0707482285527  -0.0785562072148
     BPMYA.4R6.B1       13691.29423   0.0157404417359               0.0     1.00796436717               0.0   0.0697054570255    0.109127589631   -0.109127589631  -0.0697054570255
     BPMYB.5R6.B1       13727.69423   0.0223073072429               0.0      1.0113437976               0.0    0.110507008373   0.0859431692098  -0.0859431692098   -0.110507008373
       BPM.8R6.B1       13823.42122   0.0158813588846               0.0     1.00803653041               0.0   0.0983021619665    0.101388297758   -0.101388297758  -0.0983021619665
      BPM.10R6.B1        13902.9532   0.0151649072231               0.0     1.00766979853               0.0  -0.0484948680032    0.208828928758   -0.208828928758   0.0484948680032
      BPM.11R6.B1       13954.79389   0.0144145128719               0.0     1.00728612116               0.0   0.0896268368554    0.164521994817   -0.164521994817  -0.0896268368554
      BPM.12R6.B1       14009.52037   0.0271574905242               0.0     1.01386173041               0.0   0.0232529569407     0.15371011148    -0.15371011148  -0.0232529569407
      BPM.13R6.B1       14062.97186   0.0165304313124               0.0     1.00836911864               0.0  -0.0469049143096    0.098876167051   -0.098876167051   0.0469049143096
      BPM.14R6.B1       14116.42334   0.0198134953745               0.0     1.01005643678               0.0  -0.0265063565904    0.233588038021   -0.233588038021   0.0265063565904
      BPM.15R6.B1       14169.87483   0.0189698077045               0.0     1.00962201821               0.0    0.076434149095    0.159649111949   -0.159649111949   -0.076434149095
      BPM.16R6.B1       14223.32631  0.00715203803195               0.0     1.00359531593               0.0  -0.0288287271824    0.090910714263   -0.090910714263   0.0288287271824
      BPM.20R6.B1       14437.13225   0.0115826994422               0.0     1.00584214989               0.0  -0.0083848961045   0.0691077210113  -0.0691077210113   0.0083848961045
      BPM.21R6.B1       14490.58373   0.0170337864925               0.0     1.00862726732               0.0  0.00505925656055    0.133023646115   -0.133023646115 -0.00505925656055
      BPM.22R6.B1       14544.03522   0.0206463836844               0.0     1.01048584522               0.0   0.0212669095603    0.238009924722   -0.238009924722  -0.0212669095603
      BPM.23R6.B1        14597.4867   0.0300399657817               0.0     1.01536708284               0.0    0.153337408403    0.147890832099   -0.147890832099   -0.153337408403
      BPM.24R6.B1       14650.93818   0.0156047455529               0.0     1.00789489222               0.0    0.100690536441   0.0776469673548  -0.0776469673548   -0.100690536441
      BPM.25R6.B1       14704.38967   0.0162701977606               0.0     1.00823573403               0.0  -0.0166772773225    0.111995945229   -0.111995945229   0.0166772773225
      BPM.26R6.B1       14757.84115  -0.0246380500016                -1    0.987904037351                -1    0.299338640065   -0.696799704416    0.696799704416   -0.299338640065
      BPM.30R6.B1       14971.64709   0.0245822283314               0.0      1.0125224656               0.0   0.0262325232032    0.232103562965   -0.232103562965  -0.0262325232032
      BPM.31R6.B1       15025.09857   0.0214982802178               0.0     1.01092562069               0.0    0.149316671865    0.196599889683   -0.196599889683   -0.149316671865
      BPM.33R6.B1       15132.00154    0.011751881381               0.0     1.00592824317               0.0  -0.0176615604772   0.0812022514508  -0.0812022514508   0.0176615604772
      BPM.34R6.B1       15185.45302   0.0254077916259               0.0     1.01295122156               0.0 -0.00900716163463    0.291204748044   -0.291204748044  0.00900716163463
      BPM.33L7.B1       15238.90451   0.0245137115664               0.0     1.01248690591               0.0    0.157158003628     0.17630075611    -0.17630075611   -0.157158003628
      BPM.32L7.B1       15292.35599   0.0181662742032               0.0     1.00920879592               0.0   0.0675812751148   0.0625199264375  -0.0625199264375  -0.0675812751148
      BPM.31L7.B1       15345.80748   0.0122653434209               0.0     1.00618966908               0.0   0.0213072337086   0.0745399421961  -0.0745399421961  -0.0213072337086
      BPM.30L7.B1       15399.25896    0.015888726126               0.0     1.00804030358               0.0 -0.00179540095461    0.245531723352   -0.245531723352  0.00179540095461
      BPM.29L7.B1       15452.71045   0.0252661363453               0.0     1.01287761423               0.0    0.164133764988    0.177218254954   -0.177218254954   -0.164133764988
      BPM.28L7.B1       15506.16193   0.0147230578875               0.0     1.00744382747               0.0    0.108514180959   0.0379998610723  -0.0379998610723   -0.108514180959
      BPM.27L7.B1       15559.61341   0.0286611995258               0.0     1.01464619585               0.0 -0.00406282527182    0.217123614414   -0.217123614414  0.00406282527182
      BPM.26L7.B1        15613.0649   0.0288809797287               0.0     1.01476100491               0.0   0.0741543442783    0.224536445104   -0.224536445104  -0.0741543442783
      BPM.25L7.B1       15666.51638   0.0302906243961               0.0     1.01549830467               0.0    0.195123983516    0.154217670887   -0.154217670887   -0.195123983516
      BPM.24L7.B1       15719.96787   0.0239122847113               0.0     1.01217493054               0.0    0.103503499199   0.0573960010467  -0.0573960010467   -0.103503499199
      BPM.23L7.B1       15773.41935   0.0263999411638               0.0     1.01346721535               0.0    0.016053885677    0.192003712277   -0.192003712277   -0.016053885677
      BPM.22L7.B1       15826.87083   0.0257528336291               0.0     1.01313058045               0.0    0.091916116382    0.276572229179   -0.276572229179   -0.091916116382
      BPM.21L7.B1       15880.32232   0.0312649144212               0.0     1.01600883703               0.0    0.171040322222    0.120448041678   -0.120448041678   -0.171040322222
      BPM.20L7.B1        15933.7738   0.0316404457596               0.0     1.01620582284               0.0   0.0311772509782    0.118398658377   -0.118398658377  -0.0311772509782
      BPM.19L7.B1       15987.22529   0.0219292606216               0.0       1.011148325               0.0   0.0414153183838    0.177736744834   -0.177736744834  -0.0414153183838
      BPM.18L7.B1       16040.67677   0.0274659157811               0.0     1.01402248353               0.0    0.140138816629    0.252659874132   -0.252659874132   -0.140138816629
      BPM.17L7.B1       16094.12825   0.0270031847731               0.0       1.013781334               0.0    0.178752211684   0.0905568420553  -0.0905568420553   -0.178752211684
      BPM.16L7.B1       16147.57974   0.0235305352814               0.0     1.01197705698               0.0  0.00720779297916    0.100028741832   -0.100028741832 -0.00720779297916
      BPM.15L7.B1       16201.03122   0.0279454255956               0.0     1.01427255889               0.0   0.0972093200509    0.192871301013   -0.192871301013  -0.0972093200509
      BPM.14L7.B1       16254.48271   0.0280227827361               0.0     1.01431291974               0.0    0.172338469526    0.216499914391   -0.216499914391   -0.172338469526
      BPM.13L7.B1       16307.93419   0.0224397397413               0.0      1.0114122999               0.0    0.187060979925   0.0559350682652  -0.0559350682652   -0.187060979925
      BPM.12L7.B1       16361.38567   0.0209056924624               0.0      1.0106196477               0.0    0.021488274864    0.094879209465   -0.094879209465   -0.021488274864
      BPM.11L7.B1       16414.83716   0.0190644691957               0.0     1.00967073192               0.0   0.0620627931438    0.167185530605   -0.167185530605  -0.0620627931438
      BPM.10L7.B1       16467.61985   0.0242678825656               0.0     1.01235935331               0.0    0.106438720432    0.269780642884   -0.269780642884   -0.106438720432
       BPM.9L7.B1       16506.68684   0.0301745370792               0.0     1.01543752569               0.0    0.128418139022    0.169971450407   -0.169971450407   -0.128418139022
       BPM.7L7.B1       16586.21782   0.0116384255008               0.0     1.00587050532               0.0    -0.23234088408   0.0843170976483  -0.0843170976483     0.23234088408
       BPM.6L7.B1       16621.03582    0.417045202919               0.0     1.30973236568               0.0     1.72728870134     2.40539710699    -2.40539710699    -1.72728870134
     BPMWC.6L7.B1       16633.13832   0.0245167059355               0.0     1.01248845988               0.0  -0.0888824859954    0.218408901988   -0.218408901988   0.0888824859954
     BPMWE.5L7.B1       16710.19232   0.0155861312517               0.0     1.00788536302               0.0  -0.0394411741643   0.0448140448953  -0.0448140448953   0.0394411741643
      BPMW.5L7.B1       16733.39732   0.0364710610764               0.0     1.01874999247               0.0   -0.106567410583   0.0807518986322  -0.0807518986322    0.106567410583
     BPMWE.4L7.B1       16768.48232  0.00645778777862               0.0     1.00324461716               0.0   -0.127821940125  -0.0713441380064   0.0713441380064    0.127821940125
      BPMW.4L7.B1       16796.58732   0.0378160519891               0.0     1.01946177476               0.0   -0.169583346872   0.0143205040149  -0.0143205040149    0.169583346872
      BPMW.4R7.B1       16912.63432   0.0286565733278               0.0     1.01464377963               0.0   -0.216864181954   0.0898637367573  -0.0898637367573    0.216864181954
     BPMWE.4R7.B1       16940.73932    0.025653510719               0.0     1.01307894089               0.0  -0.0633407235007    0.136700234417   -0.136700234417   0.0633407235007
      BPMW.5R7.B1       16975.82432   0.0559115732947               0.0        1.02918551               0.0   -0.286343048899 -0.00582107873578  0.00582107873578    0.286343048899
     BPMWE.5R7.B1       16999.02932   0.0276120962156               0.0     1.01409870038               0.0   -0.187042145666    0.144683122587   -0.144683122587    0.187042145666
      BPMR.6R7.B1       17078.24482   0.0294505050789               0.0     1.01505869574               0.0  -0.0739636668212    0.121794736186   -0.121794736186   0.0739636668212
     BPM_A.7R7.B1       17116.28082   0.0257017140265               0.0     1.01310400157               0.0  -0.0927865120919   0.0486176482813  -0.0486176482813   0.0927865120919
       BPM.9R7.B1        17194.4138   0.0198700586856               0.0     1.01008558154               0.0   -0.233331613003 -0.00901333476778  0.00901333476778    0.233331613003
      BPM.10R7.B1       17234.87878   0.0136722363007               0.0     1.00690702526               0.0   -0.101395080649 -0.00441570472668  0.00441570472668    0.101395080649
      BPM.11R7.B1       17287.66147    0.029532356027               0.0     1.01510150075               0.0  -0.0398403899095   -0.192223626261    0.192223626261   0.0398403899095
      BPM.12R7.B1       17342.38796   0.0245455530679               0.0     1.01250343094               0.0   -0.193054778075   -0.158676534567    0.158676534567    0.193054778075
      BPM.13R7.B1       17395.83944   0.0278425246464               0.0     1.01421887809               0.0   -0.209217802741  -0.0926750402362   0.0926750402362    0.209217802741
      BPM.14R7.B1       17449.29093   0.0281261259336               0.0     1.01436684626               0.0   -0.110197258232  -0.0415203047899   0.0415203047899    0.110197258232
      BPM.15R7.B1       17502.74241   0.0282801904931               0.0     1.01444725616               0.0  -0.0744270649374   -0.186865501504    0.186865501504   0.0744270649374
      BPM.16R7.B1       17556.19389   0.0248121058084               0.0     1.01264179768               0.0   -0.190364107662   -0.143128163002    0.143128163002    0.190364107662
      BPM.17R7.B1       17609.64538   0.0245248416443               0.0     1.01249268208               0.0   -0.216993095524  -0.0940130929638   0.0940130929638    0.216993095524
      BPM.18R7.B1       17663.09686   0.0247308479097               0.0     1.01259961093               0.0  -0.0998377932962  -0.0315043859982   0.0315043859982   0.0998377932962
      BPM.19R7.B1       17716.54835   0.0297162875359               0.0     1.01519770988               0.0  -0.0952359126447   -0.162652595036    0.162652595036   0.0952359126447
      BPM.20R7.B1       17769.99983   0.0386881390705               0.0     1.01992408982               0.0    -0.22473518557   -0.154780735905    0.154780735905     0.22473518557
      BPM.21R7.B1       17823.45131   0.0212342715815               0.0     1.01078926983               0.0   -0.235081879904  -0.0212207417189   0.0212207417189    0.235081879904
      BPM.22R7.B1        17876.9028   0.0388714848444               0.0     1.02002136602               0.0   -0.119794913916   -0.066474985024    0.066474985024    0.119794913916
      BPM.23R7.B1       17930.35428   0.0311358853626               0.0     1.01594118098               0.0   -0.128697845424   -0.120205572453    0.120205572453    0.128697845424
      BPM.24R7.B1       17983.80577   0.0204865584808               0.0      1.0104034024               0.0   -0.217778295888   -0.122143517684    0.122143517684    0.217778295888
      BPM.25R7.B1       18037.25725   0.0356544070351               0.0     1.01831853796               0.0   -0.203768227823  -0.0665480799317   0.0665480799317    0.203768227823
      BPM.26R7.B1       18090.70874   0.0266379758569               0.0     1.01359112897               0.0   -0.107257700283  -0.0783744555514   0.0783744555514    0.107257700283
      BPM.27R7.B1       18144.16022   0.0617122857942               0.0      1.0323619401               0.0   -0.197607747627  -0.0210483405109   0.0210483405109    0.197607747627
      BPM.28R7.B1        18197.6117   0.0281298308745               0.0     1.01436877973               0.0   -0.208244099983   -0.077605928289    0.077605928289    0.208244099983
      BPM.29R7.B1       18251.06319   0.0325869674352               0.0     1.01670283169               0.0    -0.23982298974  -0.0322157305597   0.0322157305597     0.23982298974
      BPM.30R7.B1       18304.51467   0.0290026613947               0.0      1.0148245859               0.0   -0.136119360006 -0.00692337905022  0.00692337905022    0.136119360006
      BPM.31R7.B1       18357.96616   0.0315762124414               0.0     1.01617212098               0.0    -0.13255491363   -0.120292308477    0.120292308477     0.13255491363
      BPM.32R7.B1       18411.41764   0.0156510614301               0.0     1.00791860382               0.0   -0.184492240829   -0.093707104279    0.093707104279    0.184492240829
      BPM.33R7.B1       18464.86912   0.0382831406812               0.0     1.01970931189               0.0   -0.237447401526  -0.0221088864434   0.0221088864434    0.237447401526
      BPM.34R7.B1       18518.32061   0.0220909396922               0.0     1.01123190883               0.0   -0.142174061205   0.0420292165084  -0.0420292165084    0.142174061205
      BPM.33L8.B1       18571.77209    0.021211144764               0.0      1.0107773283               0.0    -0.10042409233   -0.106309607945    0.106309607945     0.10042409233
      BPM.32L8.B1       18625.22358   0.0176183865148               0.0     1.00892733188               0.0   -0.193675038437  -0.0817730370395   0.0817730370395    0.193675038437
      BPM.31L8.B1       18678.67506   0.0299636204149               0.0     1.01532712553               0.0   -0.189903777671 -0.00902229015922  0.00902229015922    0.189903777671
      BPM.30L8.B1       18732.12654   0.0254149847786               0.0     1.01295495971               0.0   -0.139194203112  0.00334485716439 -0.00334485716439    0.139194203112
      BPM.29L8.B1       18785.57803    0.026775213307               0.0     1.01366259127               0.0   -0.147049615032   -0.122688578877    0.122688578877    0.147049615032
      BPM.28L8.B1       18839.02951   0.0359335643668               0.0     1.01846596064               0.0   -0.227994709743  -0.0826807277115   0.0826807277115    0.227994709743
      BPM.27L8.B1         18892.481   0.0289957630499               0.0     1.01482098107               0.0   -0.222438554161   0.0495845265411  -0.0495845265411    0.222438554161
      BPM.26L8.B1       18945.93248   0.0345122845809               0.0     1.01771605043               0.0   -0.129520578975 -0.00764722980288  0.00764722980288    0.129520578975
      BPM.25L8.B1       18999.38397   0.0288036016869               0.0     1.01472057963               0.0   -0.176126836288  -0.0955623247095   0.0955623247095    0.176126836288
      BPM.24L8.B1       19052.83545    0.027174085244               0.0     1.01387037774               0.0   -0.257165160325  -0.0391623395694   0.0391623395694    0.257165160325
      BPM.23L8.B1       19106.28693   0.0202542421333               0.0     1.01028360237               0.0   -0.204307844684   0.0824821194904  -0.0824821194904    0.204307844684
      BPM.22L8.B1       19159.73842   0.0247604877299               0.0     1.01261499846               0.0  -0.0867106156951  0.00974017054304 -0.00974017054304   0.0867106156951
      BPM.21L8.B1        19213.1899    0.024863257181               0.0     1.01266835669               0.0   -0.166610446738  -0.0833507944224   0.0833507944224    0.166610446738
      BPM.20L8.B1       19266.64139   0.0309112319268               0.0      1.0158234168               0.0   -0.292508353958  -0.0408669699983   0.0408669699983    0.292508353958
      BPM.19L8.B1       19320.09287   0.0258957323701               0.0     1.01320488963               0.0   -0.205221152534    0.141167590725   -0.141167590725    0.205221152534
      BPM.18L8.B1       19373.54435   0.0186889636803               0.0     1.00947753467               0.0  -0.0702732078671  0.00984451568811 -0.00984451568811   0.0702732078671
      BPM.17L8.B1       19426.99584   0.0182101364248               0.0     1.00923133926               0.0   -0.184881984227  -0.0915843083901   0.0915843083901    0.184881984227
      BPM.16L8.B1       19480.44732   0.0355928748331               0.0     1.01828605149               0.0   -0.293017094071   0.0975459850896  -0.0975459850896    0.293017094071
      BPM.15L8.B1       19533.89881   0.0331457071821               0.0     1.01699656273               0.0   -0.183912921468   0.0924867447175  -0.0924867447175    0.183912921468
      BPM.14L8.B1       19587.35029   0.0297077086578               0.0     1.01519322192               0.0   -0.111227586478 -0.00422981774938  0.00422981774938    0.111227586478
      BPM.13L8.B1       19640.80177   0.0298112851007               0.0     1.01524741101               0.0   -0.254480738306  -0.0900931870093   0.0900931870093    0.254480738306
      BPM.12L8.B1       19694.25326   0.0309711891627               0.0      1.0158548426               0.0   -0.257649108869   0.0358576950515  -0.0358576950515    0.257649108869
      BPM.11L8.B1       19747.70474   0.0242263063866               0.0     1.01233778557               0.0   -0.164062378174   0.0784306709083  -0.0784306709083    0.164062378174
      BPM.10L8.B1       19799.54543   0.0257132980423               0.0     1.01311002432               0.0  -0.0967209521418  -0.0178920216984   0.0178920216984   0.0967209521418
       BPM.9L8.B1       19838.61242   0.0273263354894               0.0     1.01394972396               0.0   -0.168653412601  -0.0986694314931   0.0986694314931    0.168653412601
       BPM.8L8.B1       19879.07741   0.0330992603788               0.0     1.01697213581               0.0   -0.206894334562   -0.176430897753    0.176430897753    0.206894334562
       BPM.7L8.B1        19918.1454   0.0146736354088               0.0     1.00741856122               0.0   -0.116800284476  -0.0265250000702   0.0265250000702    0.116800284476
      BPMR.6L8.B1        19950.6144 -0.000173580370289                -1    0.999913221112                -1  -0.0563680247252    0.127694335537   -0.127694335537   0.0563680247252
       BPM.5L8.B1        20011.0334   0.0723962131644               0.0     1.03829017282               0.0   -0.252663087949    0.236966331679   -0.236966331679    0.252663087949
     BPMYB.4L8.B1        20031.8004  -0.0219216536718                -1      0.9892161526                -1    -0.26629863321   0.0314383125018  -0.0314383125018     0.26629863321
     BPMWB.4L8.B1        20056.1919   0.0470285882127               0.0     1.02437757778               0.0   -0.186742184626   -0.129592537458    0.129592537458    0.186742184626
      BPMS.2L8.B1        20144.3364   0.0672825700438               0.0     1.03544003701               0.0   -0.224873230427   -0.250971031681    0.250971031681    0.224873230427
     BPMSW.1L8.B1        20154.2704   0.0099783694225               0.0     1.00502683587               0.0   -0.216629294058   0.0237781178307  -0.0237781178307    0.216629294058
     BPMSW.1R8.B1        20197.4604   -0.233815679115                -1    0.900274310322                -1   -0.824572472193    -1.29548981873     1.29548981873    0.824572472193
      BPMS.2R8.B1        20207.3944  -0.0813098608036                -1    0.961667453835                -1    -0.28598997892     0.40963251094    -0.40963251094     0.28598997892
     BPMSX.4R8.B1        20245.3059   0.0397510431225               0.0     1.02048841307               0.0   -0.174997660048   -0.155489222995    0.155489222995    0.174997660048
     BPMWB.4R8.B1        20295.4629   0.0482332038231               0.0     1.02502563097               0.0   -0.160576013795   -0.149273210914    0.149273210914    0.160576013795
     BPMYB.4R8.B1        20319.9304  -0.0157256282767                -1    0.992228722846                -1  -0.0900517167537    0.119095622295   -0.119095622295   0.0900517167537
     BPMYB.5R8.B1        20340.5074    0.038306524504               0.0     1.01972170906               0.0   -0.115593614813   -0.120098042329    0.120098042329    0.115593614813
       BPM.6R8.B1        20424.6154   0.0597037593817               0.0     1.03125875867               0.0   -0.059457382303   -0.434536581109    0.434536581109    0.059457382303
     BPM_A.7R8.B1        20446.8554   0.0412824790358               0.0     1.02130314158               0.0  -0.0647397697726   -0.240326236298    0.240326236298   0.0647397697726
       BPM.8R8.B1       20488.29241   0.0286121901718               0.0     1.01462059959               0.0   -0.107031977509   -0.135825672921    0.135825672921    0.107031977509
       BPM.9R8.B1       20527.35742   0.0508519244063               0.0     1.02643869119               0.0   0.0147439951826   -0.313754247657    0.313754247657  -0.0147439951826
      BPM.10R8.B1       20567.82043   0.0554956064738               0.0     1.02895885454               0.0   0.0102215859059    -0.26237195143     0.26237195143  -0.0102215859059
      BPM.11R8.B1       20619.65914   0.0228410665039               0.0     1.01161997602               0.0    -0.15604004758   -0.119697091426    0.119697091426     0.15604004758
      BPM.12R8.B1       20674.38266   0.0309543930788               0.0     1.01584603886               0.0 -0.00196947089782   -0.124669654518    0.124669654518  0.00196947089782
      BPM.13R8.B1       20727.83117   0.0322952134065               0.0     1.01654955689               0.0   0.0270309806183   -0.241730027009    0.241730027009  -0.0270309806183
      BPM.14R8.B1       20781.27969   0.0365822762614               0.0      1.0188087921               0.0  -0.0874193532398   -0.267696645115    0.267696645115   0.0874193532398
      BPM.15R8.B1       20834.72821   0.0184459757627               0.0     1.00935257668               0.0   -0.169711264354   -0.186105905927    0.186105905927    0.169711264354
      BPM.16R8.B1       20888.17672    0.026660571053               0.0      1.0136028937               0.0   0.0265510647001   -0.103615007167    0.103615007167  -0.0265510647001
      BPM.17R8.B1       20941.62524   0.0261697191702               0.0     1.01334741202               0.0   0.0144939951402   -0.213343105612    0.213343105612  -0.0144939951402
      BPM.18R8.B1       20995.07375   0.0321989264743               0.0     1.01649898716               0.0   -0.029188871048   -0.289124117356    0.289124117356    0.029188871048
      BPM.19R8.B1       21048.52227   0.0104259935992               0.0     1.00525411723               0.0   -0.132151474224   -0.115645856672    0.115645856672    0.132151474224
      BPM.20R8.B1       21101.97079   0.0351065343141               0.0       1.018029393               0.0   0.0866508529092   -0.131343511809    0.131343511809  -0.0866508529092
      BPM.21R8.B1        21155.4193   0.0216609246974               0.0     1.01100964812               0.0   0.0966403033247    -0.15904143505     0.15904143505  -0.0966403033247
      BPM.22R8.B1       21208.86782    0.133657957558               0.0     1.07437354203               0.0   -0.140415035927   -0.720927965627    0.720927965627    0.140415035927
      BPM.23R8.B1       21262.31633   0.0307017455537               0.0     1.01571364013               0.0  -0.0931172161867    -0.17311624969     0.17311624969   0.0931172161867
      BPM.24R8.B1       21315.76485   0.0283901899543               0.0     1.01450467916               0.0   0.0434969971468   -0.110136513957    0.110136513957  -0.0434969971468
      BPM.25R8.B1       21369.21337    0.038470079765               0.0     1.01980843219               0.0   0.0666559572044   -0.278197282046    0.278197282046  -0.0666559572044
      BPM.26R8.B1       21422.66188  -0.0202209970484                -1    0.990040295853                -1   -0.453095327336    0.761454922578   -0.761454922578    0.453095327336
      BPM.30R8.B1       21636.45594   0.0202861333342               0.0     1.01030004538               0.0  -0.0459017471028   -0.254058584376    0.254058584376   0.0459017471028
      BPM.31R8.B1       21689.90446   0.0523178067191               0.0     1.02723223619               0.0  -0.0778282849259   -0.194379244323    0.194379244323   0.0778282849259
      BPM.32R8.B1       21743.35298   0.0182217846705               0.0     1.00923732622               0.0   0.0202349578024  -0.0775759645561   0.0775759645561  -0.0202349578024
      BPM.33R8.B1       21796.80149   0.0329961485159               0.0     1.01691791437               0.0   0.0169299739889   -0.293996447973    0.293996447973  -0.0169299739889
      BPM.34R8.B1       21850.25001   0.0363217899707               0.0     1.01867108863               0.0  -0.0205367318607   -0.273644817707    0.273644817707   0.0205367318607
      BPM.33L1.B1       21903.69852   0.0112778938841               0.0     1.00568709626               0.0   -0.113098686751  -0.0741003514064   0.0741003514064    0.113098686751
      BPM.32L1.B1       21957.14704   0.0343344583501               0.0     1.01762234048               0.0   0.0691285106327   -0.167207260464    0.167207260464  -0.0691285106327
      BPM.31L1.B1       22010.59556   0.0261158159111               0.0     1.01331936788               0.0   0.0321960939645    -0.22879129013     0.22879129013  -0.0321960939645
      BPM.30L1.B1       22064.04407   0.0159055597159               0.0     1.00804892514               0.0   -0.100960740873   -0.243795486813    0.243795486813    0.100960740873
      BPM.29L1.B1       22117.49259   0.0241257675901               0.0     1.01228563651               0.0   -0.117641534834   -0.123661637127    0.123661637127    0.117641534834
      BPM.28L1.B1        22170.9411   0.0308315503188               0.0     1.01578165723               0.0   0.0818895896514   -0.133795486743    0.133795486743  -0.0818895896514
      BPM.27L1.B1       22224.38962   0.0250179303458               0.0      1.0127486794               0.0   0.0298381804027   -0.226959473171    0.226959473171  -0.0298381804027
      BPM.26L1.B1       22277.83814   0.0282571191118               0.0     1.01443521345               0.0  -0.0384043364361   -0.274263622418    0.274263622418   0.0384043364361
      BPM.25L1.B1       22331.28665    0.029982780602               0.0     1.01533715306               0.0    -0.11053465204   -0.156236441155    0.156236441155     0.11053465204
      BPM.24L1.B1       22384.73517   0.0262622219693               0.0     1.01339554369               0.0   0.0744578647766   -0.111661514832    0.111661514832  -0.0744578647766
      BPM.23L1.B1       22438.18368    0.027215894554               0.0     1.01389216508               0.0 -0.00309605932019    -0.23900528004     0.23900528004  0.00309605932019
      BPM.22L1.B1        22491.6322   0.0383563786019               0.0     1.01974814123               0.0  -0.0400234375335   -0.269017610774    0.269017610774   0.0400234375335
      BPM.21L1.B1       22545.08071   0.0307968120711               0.0     1.01576345321               0.0   -0.105865305917   -0.154670960847    0.154670960847    0.105865305917
      BPM.20L1.B1       22598.52923    0.033622976449               0.0     1.01724766622               0.0  0.00980895840634   -0.144844338172    0.144844338172 -0.00980895840634
      BPM.19L1.B1       22651.97775   0.0317696326892               0.0     1.01627361462               0.0   0.0305937366325   -0.211832938158    0.211832938158  -0.0305937366325
      BPM.18L1.B1       22705.42626    0.032007926763               0.0     1.01639869678               0.0   -0.055188239779   -0.277621857889    0.277621857889    0.055188239779
      BPM.17L1.B1       22758.87478  0.00327137139259               0.0     1.00163970987               0.0   -0.157879242356  -0.0444061844272   0.0444061844272    0.157879242356
      BPM.16L1.B1       22812.32329   0.0352648067272               0.0     1.01811289745               0.0    0.111755843543   -0.152510692002    0.152510692002   -0.111755843543
      BPM.15L1.B1       22865.77181   0.0340056413394               0.0     1.01744913035               0.0   0.0486516447423   -0.249570689313    0.249570689313  -0.0486516447423
      BPM.14L1.B1       22919.22033    0.037480595078               0.0     1.01928410806               0.0  -0.0451092176927   -0.296308207887    0.296308207887   0.0451092176927
      BPM.13L1.B1       22972.66884     0.02299255813               0.0     1.01169840225               0.0    -0.11633624973   -0.136307019376    0.136307019376     0.11633624973
      BPM.12L1.B1       23026.11736   0.0404967201035               0.0     1.02088487181               0.0   0.0480968050395   -0.157282671196    0.157282671196  -0.0480968050395
      BPM.11L1.B1       23079.56587   0.0320868361257               0.0     1.01644012702               0.0     0.13766719085   -0.263626399895    0.263626399895    -0.13766719085
      BPM.10L1.B1       23132.34658   0.0250317778413               0.0     1.01275587142               0.0  -0.0445718641167   -0.263412818375    0.263412818375   0.0445718641167
       BPM.9L1.B1        23171.4116   0.0367527557136               0.0     1.01889894459               0.0   0.0143983908988   -0.235300686062    0.235300686062  -0.0143983908988
       BPM.8L1.B1       23211.87461   0.0289911842847               0.0     1.01481858838               0.0    0.141815866564    -0.10656392253     0.10656392253   -0.141815866564
      BPMR.7L1.B1       23250.94062   0.0348726434827               0.0     1.01790602992               0.0    0.108879434793   -0.277173690707    0.277173690707   -0.108879434793
       BPM.6L1.B1       23294.12462   0.0326343288987               0.0     1.01672771987               0.0   -0.263002263942    0.112776520208   -0.112776520208    0.263002263942
      BPMR.5L1.B1       23326.02462    0.495545911607               0.0     1.40795630483               0.0    -0.48942108404    -1.69540716525     1.69540716525     0.48942108404
     BPMYA.4L1.B1       23347.14262  -0.0365201453519                -1    0.982225322478                -1  -0.0325475785038    0.822929261173   -0.822929261173   0.0325475785038
     BPMWB.4L1.B1       23368.27512   0.0322518114908               0.0     1.01652676135               0.0   -0.616008473979    0.170958361598   -0.170958361598    0.616008473979
     BPMSY.4L1.B1       23461.05512     1.38803127147                -1                -1                -1                -1                -1                -1                -1
      BPMS.2L1.B1       23487.84062    0.311904579039               0.0     1.20552345934               0.0   -0.315240353258    -2.75809906459     2.75809906459    0.315240353258
     BPMSW.1L1.B1       23497.79062   0.0415469933646               0.0     1.02144406173               0.0   0.0113324860768    0.794018542772   -0.794018542772  -0.0113324860768
     BPMSW.1R1.B1       23540.93362    0.147381002616               0.0      1.0829851398               0.0  -0.0596546247043     2.16534245784    -2.16534245784   0.0596546247043
      BPMS.2R1.B1       23550.89862    -3.13542812225                -1    0.491744783567                -1     2.61709607074    0.504154622754   -0.504154622754    -2.61709607074
     BPMSY.4R1.B1       23577.68412   0.0335877065864               0.0     1.01722910348               0.0   -0.236388485003    0.172058098941   -0.172058098941    0.236388485003
     BPMWB.4R1.B1       23670.46412   0.0700921591003               0.0     1.03700307733               0.0   -0.118680902337    0.448568233037   -0.448568233037    0.118680902337
     BPMYA.4R1.B1       23691.59662    0.031933520041               0.0     1.01635963523               0.0   -0.266371878019   -0.106450629398    0.106450629398    0.266371878019
       BPM.5R1.B1       23719.00462   0.0264160933502               0.0     1.01347562225               0.0   -0.147231866634    0.186744216692   -0.186744216692    0.147231866634
      BPMR.6R1.B1       23750.90462    0.054841083976               0.0     1.02860251586               0.0   0.0700350638698   -0.197607671541    0.197607671541  -0.0700350638698
     BPMSX.7R1.B1       23757.12012   0.0336305776516               0.0     1.01725166691               0.0    0.117930006122   -0.244914275008    0.244914275008   -0.117930006122
     BPM_A.7R1.B1       23778.62862   0.0328375364076               0.0     1.01683452501               0.0  -0.0264770850188   -0.231393960445    0.231393960445   0.0264770850188
       BPM.8R1.B1       23820.06761   0.0215405550081               0.0      1.0109474592               0.0   -0.161687652129  -0.0762707682258   0.0762707682258    0.161687652129
       BPM.9R1.B1        23859.1346   0.0268014803321               0.0     1.01367627076               0.0    0.083440634646   -0.148478106751    0.148478106751   -0.083440634646
      BPM.10R1.B1       23899.59958   0.0329640525635               0.0     1.01690103846               0.0   0.0680356406839   -0.221461185553    0.221461185553  -0.0680356406839
      BPM.11R1.B1       23952.38227   0.0344935273285               0.0     1.01770616461               0.0 -0.000219265703984   -0.249535906596    0.249535906596 0.000219265703984
      BPM.12R1.B1       24007.10876   0.0267955012874               0.0     1.01367315691               0.0  -0.0315049159417   -0.146809051905    0.146809051905   0.0315049159417
      BPM.13R1.B1       24060.56024   0.0392444199055               0.0     1.02021931689               0.0   0.0396512372008   -0.184926478575    0.184926478575  -0.0396512372008
      BPM.14R1.B1       24114.01173   0.0417785248991               0.0     1.02156745816               0.0   0.0334245954004   -0.244156371195    0.244156371195  -0.0334245954004
      BPM.15R1.B1       24167.46321   0.0402974126022               0.0      1.0207788595               0.0 -0.00507779758863   -0.242837077497    0.242837077497  0.00507779758863
      BPM.16R1.B1       24220.91469    0.044296656796               0.0     1.02291240968               0.0  -0.0585747851484   -0.221938229499    0.221938229499   0.0585747851484
      BPM.17R1.B1       24274.36618   0.0295653566041               0.0     1.01511876037               0.0  -0.0316971893876     -0.1321151552      0.1321151552   0.0316971893876
      BPM.18R1.B1       24327.81766   0.0347213190792               0.0     1.01782623946               0.0   0.0372659396336   -0.229259401599    0.229259401599  -0.0372659396336
      BPM.19R1.B1       24381.26915   0.0337759893086               0.0     1.01732820956               0.0  -0.0307632760197   -0.244953009291    0.244953009291   0.0307632760197
      BPM.20R1.B1       24434.72063    0.036790056482               0.0     1.01891867307               0.0  -0.0574808862493   -0.173005410385    0.173005410385   0.0574808862493
      BPM.21R1.B1       24488.17211   0.0353464355771               0.0     1.01815597283               0.0   0.0314136393383   -0.157298673083    0.157298673083  -0.0314136393383
      BPM.22R1.B1        24541.6236   0.0380471176335               0.0     1.01958420718               0.0   0.0283421000608    -0.25479104563     0.25479104563  -0.0283421000608
      BPM.23R1.B1       24595.07508   0.0334048675739               0.0     1.01713289052               0.0  -0.0390230806494   -0.216236646142    0.216236646142   0.0390230806494
      BPM.24R1.B1       24648.52657   0.0297908687573               0.0     1.01523672891               0.0  -0.0224645064278   -0.147571728533    0.147571728533   0.0224645064278
      BPM.25R1.B1       24701.97805   0.0374965519938               0.0     1.01929255715               0.0   0.0637635626424   -0.188022460405    0.188022460405  -0.0637635626424
      BPM.26R1.B1       24755.42954   0.0434985156781               0.0     1.02248554216               0.0 -0.00355932397931   -0.266622057967    0.266622057967  0.00355932397931
      BPM.27R1.B1       24808.88102   0.0374196973035               0.0     1.01925186497               0.0  -0.0140368074194   -0.229367045079    0.229367045079   0.0140368074194
      BPM.28R1.B1        24862.3325   0.0382232242386               0.0     1.01967754864               0.0   -0.031017282466    -0.18336609435     0.18336609435    0.031017282466
      BPM.29R1.B1       24915.78399   0.0323934967874               0.0     1.01660118293               0.0   0.0442668276727   -0.158973801919    0.158973801919  -0.0442668276727
      BPM.30R1.B1       24969.23547   0.0235300239566               0.0     1.01197679202               0.0     0.01012721724   -0.169765417115    0.169765417115    -0.01012721724
      BPM.31R1.B1       25022.68696   0.0335865677793               0.0     1.01722850414               0.0  0.00122713481153    -0.22943504733     0.22943504733 -0.00122713481153
      BPM.32R1.B1       25076.13844   0.0599081423192               0.0     1.03137085423               0.0  -0.0297189072717   -0.249441085364    0.249441085364   0.0297189072717
      BPM.33L2.B1       25236.49289    0.035506671241               0.0     1.01824054475               0.0  0.00153117630111    -0.22025090356     0.22025090356 -0.00153117630111
      BPM.32L2.B1       25289.94438   0.0309018862201               0.0     1.01581851863               0.0 -0.00225759368505   -0.140377524972    0.140377524972  0.00225759368505
      BPM.31L2.B1       25343.39586   0.0418841817675               0.0     1.02162378363               0.0    0.114699170482   -0.203248453585    0.203248453585   -0.114699170482
      BPM.30L2.B1       25396.84734   0.0392714848113               0.0     1.02023368721               0.0 -0.00191612469373   -0.240315247998    0.240315247998  0.00191612469373
      BPM.29L2.B1       25450.29883   0.0467029444239               0.0     1.02420260048               0.0   0.0145572852552    -0.23788128047     0.23788128047  -0.0145572852552
      BPM.28L2.B1       25503.75031   0.0332208758891               0.0     1.01703609856               0.0  0.00163244519581    -0.14485409085     0.14485409085 -0.00163244519581
      BPM.27L2.B1        25557.2018   0.0352163238236               0.0     1.01808731571               0.0    0.124357949652   -0.167494978964    0.167494978964   -0.124357949652
      BPM.26L2.B1       25610.65328   0.0325466660354               0.0     1.01668165497               0.0   0.0592049192992   -0.217811052105    0.217811052105  -0.0592049192992
      BPM.25L2.B1       25664.10477   0.0425606283444               0.0     1.02198461686               0.0 0.000186763541128    -0.26698114626     0.26698114626 -0.000186763541128
      BPM.24L2.B1       25717.55625   0.0448593490568               0.0     1.02321367429               0.0  -0.0113478608001   -0.194008892809    0.194008892809   0.0113478608001
      BPM.23L2.B1       25771.00773   0.0324651048961               0.0     1.01663880201               0.0    0.114850106761   -0.134831656846    0.134831656846   -0.114850106761
      BPM.22L2.B1       25824.45922   0.0302353244805               0.0     1.01546935034               0.0   0.0655130284701   -0.222283404221    0.222283404221  -0.0655130284701
      BPM.21L2.B1        25877.9107   0.0342046357715               0.0     1.01755394359               0.0  0.00099660564981   -0.233578447881    0.233578447881 -0.00099660564981
      BPM.20L2.B1       25931.36219   0.0438185499249               0.0     1.02265664097               0.0  -0.0116034288358   -0.189343151231    0.189343151231   0.0116034288358
      BPM.19L2.B1       25984.81367   0.0320981501428               0.0     1.01644606769               0.0   0.0961473513401   -0.147230522477    0.147230522477  -0.0961473513401
      BPM.18L2.B1       26038.26515   0.0343418389447               0.0     1.01762622935               0.0    0.045913117808   -0.251904137298    0.251904137298   -0.045913117808
      BPM.17L2.B1       26091.71664   0.0333018699326               0.0     1.01707870345               0.0 -0.00705647274919   -0.231036899489    0.231036899489  0.00705647274919
      BPM.16L2.B1       26145.16812    0.041523508714               0.0     1.02143154791               0.0  -0.0186647356352   -0.173371851197    0.173371851197   0.0186647356352
      BPM.15L2.B1       26198.61961   0.0399534574712               0.0     1.02059598629               0.0    0.123942118309   -0.168614635453    0.168614635453   -0.123942118309
      BPM.14L2.B1       26252.07109   0.0379266144746               0.0     1.01952035189               0.0   0.0599328328049   -0.253482441958    0.253482441958  -0.0599328328049
      BPM.13L2.B1       26305.52257   0.0360482474844               0.0     1.01852654323               0.0  0.00252011408273   -0.236578121066    0.236578121066 -0.00252011408273
      BPM.12L2.B1       26358.97406    0.031828540536               0.0     1.01630453145               0.0  -0.0287771076155   -0.147546872098    0.147546872098   0.0287771076155
      BPM.11L2.B1       26412.42554   0.0389708902195               0.0     1.02007411831               0.0     0.14489126969   -0.159216398063    0.159216398063    -0.14489126969
      BPM.10L2.B1       26464.26623   0.0401721868544               0.0     1.02071226841               0.0   0.0547046412331   -0.257830510398    0.257830510398  -0.0547046412331
       BPM.9L2.B1       26503.33322   0.0362441128419               0.0      1.0186300362               0.0   0.0159304114467   -0.234537427153    0.234537427153  -0.0159304114467
       BPM.8L2.B1       26543.79821   0.0564668374107               0.0     1.02948830049               0.0   0.0449352222556   -0.213391647624    0.213391647624  -0.0449352222556
       BPM.7L2.B1        26582.8662 -0.000187514769441                -1    0.999906255799                -1    0.169290350502  -0.0233531479404   0.0233531479404   -0.169290350502
      BPMR.6L2.B1        26614.9722    0.117889234104               0.0     1.06472742025               0.0    0.712616020668    -1.58027507935     1.58027507935   -0.712616020668