@ GetLLMVersion %s "V3.0.0 Dev"
@ Command %s "/afs/cern.ch/work/o/omc/anaconda/bin/python '/afs/cern.ch/work/e/efol/public/Beta-Beat.src/GetLLM/GetLLM.py' '--accel=LHCB1' '--model=/afs/cern.ch/work/e/efol/public/betabeatGui/temp/2017-12-20/models/LHCB1/Multiturn-model_40cm_2041/twiss.dat' '--files=/afs/cern.ch/work/e/efol/public/betabeatGui/temp/2017-12-20/LHCB1/Measurements/Beam1@Turn@2017_09_11@19_02_33_250_onlydbscan/Beam1@Turn@2017_09_11@19_02_33_250_onlydbscan.sdds' '--output=/afs/cern.ch/work/e/efol/public/betabeatGui/temp/2017-12-20/LHCB1/Results/40cm_cleaned_arcs_with_dbscan_only' '--tbtana=SUSSIX' '--bpmu=mm' '--lhcphase=1' '--errordefs=/afs/cern.ch/work/e/efol/public/betabeatGui/temp/2017-12-20/models/LHCB1/Multiturn-model_40cm_2041/error_deff.txt'"
@ CWD %s "/home/efol/Workspaces/Accsoft-Eclipse-Pro/lhc-app-beta-beating"
@ Date %s "21. December 2017, 13:48:45"
@ Q1 %le 0.309858916597
@ MUX %le 69.3098589166
@ Q2 %le 0.31942165071
@ MUY %le 64.3194216507
@ FILES %s "/afs/cern.ch/work/e/efol/public/betabeatGui/temp/2017-12-20/LHCB1/Measurements/Beam1@Turn@2017_09_11@19_02_33_250_onlydbscan/Beam1@Turn@2017_09_11@19_02_33_250_onlydbscan.sdds.liny"
*            NAME             NAME2                 S                S1             COUNT            PHASEY            STDPHY            PHYMDL            MUYMDL
$              %s                %s               %le               %le               %le               %le               %le               %le               %le
   "BPMYB.5L2.B1"    "BPMYB.4L2.B1"            28.288            48.858                 1   0.0567464019235                 0      0.0533393334      0.1162609817
   "BPMYB.4L2.B1"    "BPMWI.4L2.B1"            48.858           73.3255                 1   0.0354877670278                 0      0.0349424636      0.1696003151
   "BPMWI.4L2.B1"    "BPMSX.4L2.B1"           73.3255          123.4825                 1   0.0797654306465                 0      0.0813594171      0.2045427787
   "BPMSX.4L2.B1"     "BPMS.2L2.B1"          123.4825           161.394                 1   0.0400846361585                 0      0.0435306625      0.2859021958
    "BPMS.2L2.B1"    "BPMSW.1L2.B1"           161.394           171.328                 1    0.013201448185                 0      0.0179466649      0.3294328583
   "BPMSW.1L2.B1"    "BPMSW.1R2.B1"           171.328           214.518                 1    0.682918980958                 0      0.3619539751      0.3473795232
   "BPMSW.1R2.B1"     "BPMS.2R2.B1"           214.518           224.452                 1   0.0338480199302                 0      0.0234252631      0.7093334983
    "BPMS.2R2.B1"    "BPMSX.4R2.B1"           224.452          262.3635                 1    0.059713716797                 0      0.0504049414      0.7327587614
   "BPMSX.4R2.B1"    "BPMWB.4R2.B1"          262.3635          312.5965                 1   0.0641769850005                 0      0.0692119918      0.7831637028
   "BPMWB.4R2.B1"    "BPMYB.4R2.B1"          312.5965           336.988                 1   0.0490227067983                 0      0.0511288538      0.8523756946
   "BPMYB.4R2.B1"     "BPMR.5R2.B1"           336.988           366.522                 1   0.0400404981037                 0      0.0347562765      0.9035045484
    "BPMR.5R2.B1"      "BPM.6R2.B1"           366.522           439.818                 1    0.260010340065                 0      0.2643620921      0.9382608249
     "BPM.6R2.B1"    "BPM_A.7R2.B1"           439.818           452.693                 1   0.0379480538762                 0       0.031317587       1.202622917
   "BPM_A.7R2.B1"      "BPM.8R2.B1"           452.693       494.1300106                 1    0.098833081469                 0       0.094306823       1.233940504
     "BPM.8R2.B1"      "BPM.9R2.B1"       494.1300106       533.1950212                 1   0.0954319558123                 0        0.10537017       1.328247327
     "BPM.9R2.B1"     "BPM.10R2.B1"       533.1950212       573.6580318                 1    0.109040310609                 0       0.111591561       1.433617497
    "BPM.10R2.B1"     "BPM.11R2.B1"       573.6580318       625.4967424                 1    0.177130102289                 0       0.172495648       1.545209058
    "BPM.11R2.B1"     "BPM.12R2.B1"       625.4967424       680.2202583                 1    0.114005217709                 0        0.11871355       1.717704706
    "BPM.12R2.B1"     "BPM.13R2.B1"       680.2202583       733.6687742                 1    0.149183384608                 0       0.144371576       1.836418256
    "BPM.13R2.B1"     "BPM.14R2.B1"       733.6687742       787.1172901                 1    0.106054741058                 0       0.111818805       1.980789832
    "BPM.14R2.B1"     "BPM.15R2.B1"       787.1172901        840.565806                 1    0.137731781613                 0       0.131641076       2.092608637
    "BPM.15R2.B1"     "BPM.16R2.B1"        840.565806       894.0143219                 1    0.106248479366                 0       0.107232626       2.224249713
    "BPM.16R2.B1"     "BPM.17R2.B1"       894.0143219       947.4628378                 1    0.122588240177                 0        0.12824025       2.331482339
    "BPM.17R2.B1"     "BPM.18R2.B1"       947.4628378       1000.911354                 1    0.112695913842                 0       0.111415748       2.459722589
    "BPM.18R2.B1"     "BPM.19R2.B1"       1000.911354        1054.35987                 1    0.138164088354                 0       0.132287474       2.571138337
    "BPM.19R2.B1"     "BPM.20R2.B1"        1054.35987       1107.808386                 1    0.101563286743                 0       0.107680473       2.703425811
    "BPM.20R2.B1"     "BPM.21R2.B1"       1107.808386       1161.256901                 1    0.122125013825                 0       0.127691588       2.811106284
    "BPM.21R2.B1"     "BPM.22R2.B1"       1161.256901       1214.705417                 1    0.118653903526                 0        0.11087583       2.938797872
    "BPM.22R2.B1"     "BPM.23R2.B1"       1214.705417       1268.153933                 1    0.134514310098                 0       0.132080918       3.049673702
    "BPM.23R2.B1"     "BPM.24R2.B1"       1268.153933       1321.602449                 1     0.10127231102                 0       0.110885826        3.18175462
    "BPM.24R2.B1"     "BPM.25R2.B1"       1321.602449       1375.050965                 1    0.135328793257                 0        0.13208699       3.292640446
    "BPM.25R2.B1"     "BPM.26R2.B1"       1375.050965       1428.499481                 1    0.114835518061                 0       0.110876453       3.424727436
    "BPM.26R2.B1"     "BPM.27R2.B1"       1428.499481       1481.947997                 1    0.131127292699                 0       0.132079966       3.535603889
    "BPM.27R2.B1"     "BPM.28R2.B1"       1481.947997       1535.396513                 1    0.112815095496                 0       0.110885286       3.667683855
    "BPM.28R2.B1"     "BPM.29R2.B1"       1535.396513       1588.845029                 1    0.127397831736                 0       0.132087888       3.778569141
    "BPM.29R2.B1"     "BPM.30R2.B1"       1588.845029       1642.293545                 1    0.111387257761                 0       0.110877061       3.910657029
    "BPM.30R2.B1"     "BPM.31R2.B1"       1642.293545        1695.74206                 1    0.131861000377                 0       0.132079131        4.02153409
    "BPM.31R2.B1"     "BPM.32R2.B1"        1695.74206       1749.190576                 1    0.117214332024                 0       0.110884613       4.153613221
    "BPM.32R2.B1"     "BPM.33R2.B1"       1749.190576       1802.639092                 1    0.128129364613                 0       0.132088655       4.264497834
    "BPM.33R2.B1"     "BPM.34R2.B1"       1802.639092       1856.087608                 1    0.105063749852                 0       0.110877793       4.396586489
    "BPM.34R2.B1"     "BPM.33L3.B1"       1856.087608       1909.536124                 1    0.133620508128                 0       0.132078437       4.507464282
    "BPM.33L3.B1"     "BPM.32L3.B1"       1909.536124        1962.98464                 1    0.118496252939                 0       0.110883828       4.639542719
    "BPM.32L3.B1"     "BPM.31L3.B1"        1962.98464       2016.433156                 1    0.131739100115                 0       0.132089269       4.750426547
    "BPM.31L3.B1"     "BPM.30L3.B1"       2016.433156       2069.881672                 1    0.107218090406                 0       0.110878626       4.882515816
    "BPM.30L3.B1"     "BPM.29L3.B1"       2069.881672       2123.330188                 1    0.134928210758                 0       0.132077908       4.993394442
    "BPM.29L3.B1"     "BPM.27L3.B1"       2123.330188        2230.22722                 1    0.243134599429                 0       0.242972663        5.12547235
    "BPM.27L3.B1"     "BPM.26L3.B1"        2230.22722       2283.675735                 1    0.108726004692                 0       0.110879533       5.368445013
    "BPM.26L3.B1"     "BPM.25L3.B1"       2283.675735       2337.124251                 1    0.136694129104                 0       0.132077561       5.479324546
    "BPM.25L3.B1"     "BPM.24L3.B1"       2337.124251       2390.572767                 1    0.112390597096                 0       0.110882021       5.611402107
    "BPM.24L3.B1"     "BPM.23L3.B1"       2390.572767       2444.021283                 1    0.133169407287                 0       0.132089961       5.722284128
    "BPM.23L3.B1"     "BPM.22L3.B1"       2444.021283       2497.469799                 1    0.105697971405                 0       0.110880486       5.854374089
    "BPM.22L3.B1"     "BPM.21L3.B1"       2497.469799       2550.918315                 1    0.132803289058                 0       0.132077405       5.965254575
    "BPM.21L3.B1"     "BPM.20L3.B1"       2550.918315       2604.366831                 1    0.107260920969                 0       0.107615981        6.09733198
    "BPM.20L3.B1"     "BPM.19L3.B1"       2604.366831       2657.815347                 1    0.128626959564                 0       0.127883711       6.204947961
    "BPM.19L3.B1"     "BPM.18L3.B1"       2657.815347       2711.263863                 1    0.111245545828                 0       0.110969913       6.332831672
    "BPM.18L3.B1"     "BPM.17L3.B1"       2711.263863       2764.712379                 1    0.133682382754                 0       0.132598745       6.443801585
    "BPM.17L3.B1"     "BPM.16L3.B1"       2764.712379       2818.160894                 1    0.109028617111                 0       0.108141358        6.57640033
    "BPM.16L3.B1"     "BPM.15L3.B1"       2818.160894        2871.60941                 1    0.126011453232                 0       0.127469782       6.684541688
    "BPM.15L3.B1"     "BPM.14L3.B1"        2871.60941       2925.057926                 1    0.109288432718                 0       0.110371929        6.81201147
    "BPM.14L3.B1"     "BPM.13L3.B1"       2925.057926       2978.506442                 1    0.130430011717                 0       0.132946914       6.922383399
    "BPM.13L3.B1"     "BPM.12L3.B1"       2978.506442       3031.954958                 1    0.107585293883                 0       0.114407266       7.055330313
    "BPM.12L3.B1"     "BPM.11L3.B1"       3031.954958       3085.403474                 1    0.138007673757                 0       0.132057867       7.169737579
    "BPM.11L3.B1"     "BPM.10L3.B1"       3085.403474       3138.184185                 1    0.108863706067                 0       0.107826465       7.301795446
    "BPM.10L3.B1"      "BPM.9L3.B1"       3138.184185       3177.249195                 1     0.12237295779                 0       0.117592499       7.409621911
     "BPM.9L3.B1"      "BPM.8L3.B1"       3177.249195       3217.712206                 1    0.165793418553                 0       0.166536749        7.52721441
     "BPM.8L3.B1"      "BPM.7L3.B1"       3217.712206       3256.776216                 1    0.168797535118                 0       0.173180538       7.693751159
     "BPM.7L3.B1"      "BPM.6L3.B1"       3256.776216       3329.415216                 1     0.12235942768                 0       0.119356207       7.866931697
     "BPM.6L3.B1"   "BPMWG.A5L3.B1"       3329.415216       3371.119716                 1   0.0461321574219                 0       0.046773464       7.986287904
  "BPMWG.A5L3.B1"     "BPMW.5L3.B1"       3371.119716       3400.089716                 1  0.00947016144789                 0       0.015599438       8.033061368
    "BPMW.5L3.B1"    "BPMWE.4L3.B1"       3400.089716       3475.217716                 1   0.0813251992701                 0       0.073424984       8.048660806
   "BPMWE.4L3.B1"     "BPMW.4L3.B1"       3475.217716       3502.762716                 1    0.040885001118                 0       0.045627189        8.12208579
    "BPMW.4L3.B1"     "BPMW.4R3.B1"       3502.762716       3547.727716                 1   0.0332660570519                 0       0.035143175       8.167712979
    "BPMW.4R3.B1"    "BPMWE.4R3.B1"       3547.727716       3575.272716                 1   0.0128164406767                 0       0.011288934       8.202856154
   "BPMWE.4R3.B1"     "BPMW.5R3.B1"       3575.272716       3650.400716                 1    0.068512012866                 0       0.073385705       8.214145088
    "BPMW.5R3.B1"   "BPMWJ.A5R3.B1"       3650.400716       3679.118716                 1   0.0691451640387                 0       0.063361299       8.287530793
  "BPMWJ.A5R3.B1"    "BPMWC.6R3.B1"       3679.118716       3718.936716                 1   0.0425053428147                 0        0.04495779       8.350892092
   "BPMWC.6R3.B1"     "BPMR.6R3.B1"       3718.936716       3731.015216                 1  0.00790050648546                 0       0.007674948       8.395849882
    "BPMR.6R3.B1"    "BPM_A.7R3.B1"       3731.015216       3786.839216                 1   0.0696478345018                 0       0.071513365        8.40352483
   "BPM_A.7R3.B1"      "BPM.8R3.B1"       3786.839216       3825.903227                 1   0.0629126300094                 0       0.062016277       8.475038195
     "BPM.8R3.B1"      "BPM.9R3.B1"       3825.903227       3864.968238                 1   0.0493895368802                 0       0.052763452       8.537054472
     "BPM.9R3.B1"     "BPM.10R3.B1"       3864.968238       3905.431248                 1   0.0636659882271                 0       0.063215803       8.589817924
    "BPM.10R3.B1"     "BPM.11R3.B1"       3905.431248       3958.211959                 1    0.093676607313                 0       0.101698724       8.653033727
    "BPM.11R3.B1"     "BPM.12R3.B1"       3958.211959       4012.935475                 1    0.130246286104                 0       0.122071624       8.754732451
    "BPM.12R3.B1"     "BPM.13R3.B1"       4012.935475       4066.383991                 1    0.116049877418                 0       0.114971646       8.876804075
    "BPM.13R3.B1"     "BPM.14R3.B1"       4066.383991       4119.832506                 1    0.129710184882                 0       0.130690314       8.991775721
    "BPM.14R3.B1"     "BPM.15R3.B1"       4119.832506       4173.281022                 1    0.137126609664                 0       0.106964662       9.122466035
    "BPM.15R3.B1"     "BPM.17R3.B1"       4173.281022       4280.178054                 1    0.206170647727                 0       0.240941351       9.229430697
    "BPM.17R3.B1"     "BPM.18R3.B1"       4280.178054        4333.62657                 1    0.142155235555                 0       0.131427817       9.470372048
    "BPM.18R3.B1"     "BPM.19R3.B1"        4333.62657       4387.075086                 1    0.105496013265                 0       0.107217558       9.601799865
    "BPM.19R3.B1"     "BPM.20R3.B1"       4387.075086       4440.523602                 1    0.134404169565                 0       0.128446381       9.709017423
    "BPM.20R3.B1"     "BPM.21R3.B1"       4440.523602       4493.972118                 1    0.105609329637                 0       0.111459847       9.837463804
    "BPM.21R3.B1"     "BPM.22R3.B1"       4493.972118       4547.420634                 1    0.133193693609                 0       0.132081639       9.948923651
    "BPM.22R3.B1"     "BPM.23R3.B1"       4547.420634        4600.86915                 1     0.10705384012                 0        0.11088467       10.08100529
    "BPM.23R3.B1"     "BPM.24R3.B1"        4600.86915       4654.317666                 1    0.131849744091                 0         0.1320868       10.19188996
    "BPM.24R3.B1"     "BPM.25R3.B1"       4654.317666       4707.766181                 1    0.110494938303                 0         0.1108776       10.32397676
    "BPM.25R3.B1"     "BPM.26R3.B1"       4707.766181       4761.214697                 1    0.139931905183                 0        0.13208026       10.43485436
    "BPM.26R3.B1"     "BPM.27R3.B1"       4761.214697       4814.663213                 1    0.112469193761                 0        0.11088417       10.56693462
    "BPM.27R3.B1"     "BPM.28R3.B1"       4814.663213       4868.111729                 1    0.131646297825                 0        0.13208747       10.67781879
    "BPM.28R3.B1"     "BPM.29R3.B1"       4868.111729       4921.560245                 1    0.113224182808                 0        0.11087815       10.80990626
    "BPM.29R3.B1"     "BPM.30R3.B1"       4921.560245       4975.008761                 1    0.128772245109                 0        0.13207966       10.92078441
    "BPM.30R3.B1"     "BPM.31R3.B1"       4975.008761       5028.457277                 1    0.112008650784                 0        0.11088356       11.05286407
    "BPM.31R3.B1"     "BPM.32R3.B1"       5028.457277       5081.905793                 1    0.125910777159                 0        0.13208803       11.16374763
    "BPM.32R3.B1"     "BPM.33R3.B1"       5081.905793       5135.354309                 1    0.120365700298                 0        0.11087879       11.29583566
    "BPM.33R3.B1"     "BPM.34R3.B1"       5135.354309       5188.802825                 1    0.128224484389                 0        0.13207917       11.40671445
    "BPM.34R3.B1"     "BPM.33L4.B1"       5188.802825        5242.25134                 1    0.100531116229                 0        0.11088289       11.53879362
    "BPM.33L4.B1"     "BPM.32L4.B1"        5242.25134       5295.699856                 1    0.138004057461                 0        0.13208843       11.64967651
    "BPM.32L4.B1"     "BPM.31L4.B1"       5295.699856       5349.148372                 1    0.109833227696                 0        0.11087951       11.78176494
    "BPM.31L4.B1"     "BPM.30L4.B1"       5349.148372       5402.596888                 1    0.138746540499                 0        0.13207883       11.89264445
    "BPM.30L4.B1"     "BPM.29L4.B1"       5402.596888       5456.045404                 1    0.131049389224                 0        0.11088214       12.02472328
    "BPM.29L4.B1"     "BPM.28L4.B1"       5456.045404        5509.49392                 1     0.10461465175                 0        0.13208871       12.13560542
    "BPM.28L4.B1"     "BPM.27L4.B1"        5509.49392       5562.942436                 1    0.109774787686                 0        0.11088026       12.26769413
    "BPM.27L4.B1"     "BPM.26L4.B1"       5562.942436       5616.390952                 1     0.13616058491                 0        0.13207864       12.37857439
    "BPM.26L4.B1"     "BPM.25L4.B1"       5616.390952       5669.839468                 1    0.115171316244                 0        0.11088137       12.51065303
    "BPM.25L4.B1"     "BPM.24L4.B1"       5669.839468       5723.287984                 1    0.131146278699                 0        0.13208882        12.6215344
    "BPM.24L4.B1"     "BPM.23L4.B1"       5723.287984         5776.7365                 1    0.107154216213                 0        0.11088105       12.75362322
    "BPM.23L4.B1"     "BPM.22L4.B1"         5776.7365       5830.185015                 1    0.134888733002                 0         0.1320786       12.86450427
    "BPM.22L4.B1"     "BPM.21L4.B1"       5830.185015       5883.633531                 1    0.105993239177                 0        0.11088059       12.99658287
    "BPM.21L4.B1"     "BPM.20L4.B1"       5883.633531       5937.082047                 1    0.130613788666                 0        0.13279264       13.10746346
    "BPM.20L4.B1"     "BPM.19L4.B1"       5937.082047       5990.530563                 1    0.112937167387                 0        0.10824492        13.2402561
    "BPM.19L4.B1"     "BPM.17L4.B1"       5990.530563       6097.427595                 1    0.237002578945                 0        0.23754093       13.34850102
    "BPM.17L4.B1"     "BPM.16L4.B1"       6097.427595       6150.876111                 1      0.1346197697                 0        0.13310491       13.58604195
    "BPM.16L4.B1"     "BPM.15L4.B1"       6150.876111       6204.324627                 1    0.119142107386                 0        0.10889916       13.71914686
    "BPM.15L4.B1"     "BPM.14L4.B1"       6204.324627       6257.773143                 1     0.12478623091                 0        0.12710459       13.82804602
    "BPM.14L4.B1"     "BPM.13L4.B1"       6257.773143       6311.221659                 1    0.106157151003                 0        0.10955023       13.95515061
    "BPM.13L4.B1"     "BPM.12L4.B1"       6311.221659       6364.670174                 1    0.133665762403                 0        0.13276914       14.06470084
    "BPM.12L4.B1"     "BPM.11L4.B1"       6364.670174        6418.11869                 1    0.113011996618                 0        0.10511268       14.19746998
    "BPM.11L4.B1"     "BPM.10L4.B1"        6418.11869       6469.957401                 1    0.109122004086                 0        0.11704934       14.30258266
    "BPM.10L4.B1"      "BPM.9L4.B1"       6469.957401       6509.022412                 1    0.061020639812                 0        0.06062995         14.419632
     "BPM.9L4.B1"      "BPM.7L4.B1"       6509.022412       6588.549433                 1    0.123934984284                 0        0.13770387       14.48026195
     "BPM.7L4.B1"    "BPMYB.6L4.B1"       6588.549433       6685.153433                 1   0.0859666620667                 0        0.07763958       14.61796582
   "BPMYB.6L4.B1"    "BPMYA.5L4.B1"       6685.153433       6722.153433                 1   0.0150802503805                 0        0.01509281        14.6956054
   "BPMYA.5L4.B1"   "BPMWI.A5L4.B1"       6722.153433       6798.755933                 1   0.0540138348869                 0         0.0561891       14.71069821
  "BPMWI.A5L4.B1"   "BPMWA.B5L4.B1"       6798.755933       6824.619933                 1    0.022230878315                 0        0.01882946       14.76688731
  "BPMWA.B5L4.B1"   "BPMWA.A5L4.B1"       6824.619933       6833.504933                 1  0.00648878938463                 0        0.00627548       14.78571677
  "BPMWA.A5L4.B1"   "BPMWA.A5R4.B1"       6833.504933       6881.553933                 1   0.0254381942121                 0        0.03143634       14.79199225
  "BPMWA.A5R4.B1"   "BPMWA.B5R4.B1"       6881.553933       6890.438933                 1    0.999897747334                 0        0.00527843       14.82342859
  "BPMWA.B5R4.B1"    "BPMYB.5R4.B1"       6890.438933       6992.829433                 1   0.0567374705926                 0        0.04839897       14.82870702
   "BPMYB.5R4.B1"    "BPMYA.6R4.B1"       6992.829433       7024.393433                 1   0.0252062559568                 0        0.02132543       14.87710599
   "BPMYA.6R4.B1"      "BPM.7R4.B1"       7024.393433       7120.909433                 1      0.1123148721                 0        0.11919309       14.89843142
     "BPM.7R4.B1"      "BPM.8R4.B1"       7120.909433       7158.698443                 1       0.130138761                 0        0.13236043       15.01762451
     "BPM.8R4.B1"      "BPM.9R4.B1"       7158.698443       7197.763454                 1    0.204921161385                 0        0.20270531       15.14998494
     "BPM.9R4.B1"     "BPM.10R4.B1"       7197.763454       7238.226465                 1   0.0746978835912                 0        0.07137766       15.35269025
    "BPM.10R4.B1"     "BPM.11R4.B1"       7238.226465       7290.065175                 1    0.102918941668                 0        0.10791436       15.42406791
    "BPM.11R4.B1"     "BPM.12R4.B1"       7290.065175       7344.788691                 1    0.112547849646                 0        0.11297649       15.53198227
    "BPM.12R4.B1"     "BPM.13R4.B1"       7344.788691       7398.237207                 1    0.133456869762                 0        0.13223546       15.64495876
    "BPM.13R4.B1"     "BPM.14R4.B1"       7398.237207       7451.685723                 1    0.111372812027                 0        0.11383325       15.77719422
    "BPM.14R4.B1"     "BPM.15R4.B1"       7451.685723       7505.134239                 1    0.138370507064                 0        0.13613936       15.89102747
    "BPM.15R4.B1"     "BPM.16R4.B1"       7505.134239       7558.582755                 1    0.111118619325                 0        0.11382939       16.02716683
    "BPM.16R4.B1"     "BPM.17R4.B1"       7558.582755       7612.031271                 1    0.133268529248                 0         0.1361493       16.14099622
    "BPM.17R4.B1"     "BPM.18R4.B1"       7612.031271       7665.479786                 1    0.115677590477                 0        0.11383338       16.27714552
    "BPM.18R4.B1"     "BPM.19R4.B1"       7665.479786       7718.928302                 1     0.13739197619                 0        0.13613937        16.3909789
    "BPM.19R4.B1"     "BPM.20R4.B1"       7718.928302       7772.376818                 1    0.109692778439                 0        0.11382938       16.52711827
    "BPM.20R4.B1"     "BPM.21R4.B1"       7772.376818       7825.825334                 1    0.136213476597                 0         0.1361493       16.64094765
    "BPM.21R4.B1"     "BPM.22R4.B1"       7825.825334        7879.27385                 1    0.105589340045                 0        0.11383338       16.77709695
    "BPM.22R4.B1"     "BPM.23R4.B1"        7879.27385       7932.722366                 1    0.143716073248                 0        0.13613982       16.89093033
    "BPM.23R4.B1"     "BPM.24R4.B1"       7932.722366       7986.170882                 1     0.11603593555                 0        0.11383473       17.02707015
    "BPM.24R4.B1"     "BPM.25R4.B1"       7986.170882       8039.619398                 1    0.134085185857                 0        0.13615601       17.14090488
    "BPM.25R4.B1"     "BPM.26R4.B1"       8039.619398       8093.067914                 1    0.114637477628                 0        0.11383339       17.27706089
    "BPM.26R4.B1"     "BPM.27R4.B1"       8093.067914        8146.51643                 1    0.138408317008                 0        0.13613981       17.39089428
    "BPM.27R4.B1"     "BPM.28R4.B1"        8146.51643       8199.964946                 1    0.106209670554                 0        0.11383473       17.52703409
    "BPM.28R4.B1"     "BPM.29R4.B1"       8199.964946       8253.413461                 1    0.145483698311                 0        0.13615601       17.64086882
    "BPM.29R4.B1"     "BPM.30R4.B1"       8253.413461       8306.861977                 1    0.110518931304                 0        0.11383339       17.77702483
    "BPM.30R4.B1"     "BPM.31R4.B1"       8306.861977       8360.310493                 1    0.139484382101                 0        0.13613981       17.89085822
    "BPM.31R4.B1"     "BPM.32R4.B1"       8360.310493       8413.759009                 1    0.118618835408                 0        0.11383473       18.02699803
    "BPM.32R4.B1"     "BPM.33R4.B1"       8413.759009       8467.207525                 1    0.136619677056                 0        0.13615601       18.14083276
    "BPM.33R4.B1"     "BPM.34R4.B1"       8467.207525       8520.656041                 1    0.109938859733                 0         0.1138334       18.27698877
    "BPM.34R4.B1"     "BPM.33L5.B1"       8520.656041       8574.104557                 1    0.134501412042                 0        0.13613981       18.39082217
    "BPM.33L5.B1"     "BPM.32L5.B1"       8574.104557       8627.553073                 1     0.12034043702                 0        0.11383472       18.52696198
    "BPM.32L5.B1"     "BPM.31L5.B1"       8627.553073       8681.001589                 1    0.133654541513                 0        0.13615601        18.6407967
    "BPM.31L5.B1"     "BPM.30L5.B1"       8681.001589       8734.450105                 1     0.10464604038                 0         0.1138334       18.77695271
    "BPM.30L5.B1"     "BPM.29L5.B1"       8734.450105        8787.89862                 1    0.145178793909                 0        0.13613981       18.89078611
    "BPM.29L5.B1"     "BPM.28L5.B1"        8787.89862       8841.347136                 1    0.110089545895                 0        0.11383472       19.02692592
    "BPM.28L5.B1"     "BPM.27L5.B1"       8841.347136       8894.795652                 1    0.138918214915                 0        0.13615601       19.14076064
    "BPM.27L5.B1"     "BPM.26L5.B1"       8894.795652       8948.244168                 1    0.109907421171                 0        0.11383341       19.27691665
    "BPM.26L5.B1"     "BPM.25L5.B1"       8948.244168       9001.692684                 1    0.135597870388                 0        0.13613981       19.39075006
    "BPM.25L5.B1"     "BPM.24L5.B1"       9001.692684         9055.1412                 1    0.121684586978                 0        0.11383471       19.52688987
    "BPM.24L5.B1"     "BPM.23L5.B1"         9055.1412       9108.589716                 1    0.137269305985                 0        0.13615601       19.64072458
    "BPM.23L5.B1"     "BPM.22L5.B1"       9108.589716       9162.038232                 1    0.106321516093                 0        0.11383341       19.77688059
    "BPM.22L5.B1"     "BPM.21L5.B1"       9162.038232       9215.486748                 1    0.143075584134                 0        0.13613981         19.890714
    "BPM.21L5.B1"     "BPM.20L5.B1"       9215.486748       9268.935264                 1    0.113822201997                 0        0.11382973       20.02685381
    "BPM.20L5.B1"     "BPM.19L5.B1"       9268.935264       9322.383779                 1    0.132875266676                 0        0.13614885       20.14068354
    "BPM.19L5.B1"     "BPM.18L5.B1"       9322.383779       9375.832295                 1    0.110809534206                 0        0.11383304       20.27683239
    "BPM.18L5.B1"     "BPM.17L5.B1"       9375.832295       9429.280811                 1     0.13325180539                 0        0.13613981       20.39066543
    "BPM.17L5.B1"     "BPM.16L5.B1"       9429.280811       9482.729327                 1    0.110376142353                 0        0.11382973       20.52680524
    "BPM.16L5.B1"     "BPM.15L5.B1"       9482.729327       9536.177843                 1    0.138195607075                 0        0.13614885       20.64063497
    "BPM.15L5.B1"     "BPM.14L5.B1"       9536.177843       9589.626359                 1    0.108979486846                 0        0.11383305       20.77678382
    "BPM.14L5.B1"     "BPM.13L5.B1"       9589.626359       9643.074875                 1    0.141395733826                 0        0.13613981       20.89061687
    "BPM.13L5.B1"     "BPM.12L5.B1"       9643.074875       9696.523391                 1    0.112173687709                 0        0.10665673       21.02675668
    "BPM.12L5.B1"     "BPM.11L5.B1"       9696.523391       9749.971907                 1    0.125404868923                 0        0.12753937       21.13341341
    "BPM.11L5.B1"     "BPM.10L5.B1"       9749.971907       9802.752617                 1   0.0801250953113                 0        0.08379758       21.26095278
    "BPM.10L5.B1"      "BPM.9L5.B1"       9802.752617       9841.817628                 1   0.0633419690924                 0        0.06128577       21.34475036
     "BPM.9L5.B1"      "BPM.8L5.B1"       9841.817628       9882.280639                 1    0.135376331798                 0        0.12662283       21.40603613
     "BPM.8L5.B1"     "BPMR.7L5.B1"       9882.280639       9921.346649                 1    0.256521955329                 0        0.26514224       21.53265896
    "BPMR.7L5.B1"      "BPM.6L5.B1"       9921.346649       9958.240649                 1    0.112421431638                 0        0.12961793        21.7978012
     "BPM.6L5.B1"     "BPMR.5L5.B1"       9958.240649       9990.140649                 1    0.321978831105                 0        0.30586815       21.92741913
    "BPMR.5L5.B1"    "BPMYA.4L5.B1"       9990.140649       10017.54665                 1   0.0247504258291                 0        0.02052104       22.23328728
   "BPMYA.4L5.B1"    "BPMWB.4L5.B1"       10017.54665       10038.68115                 1    0.003755479787                 0        0.00623763       22.25380832
   "BPMWB.4L5.B1"    "BPMSY.4L5.B1"       10038.68115       10131.46115                 1  0.00617570855146                 0        0.00719768       22.26004595
   "BPMSY.4L5.B1"     "BPMS.2L5.B1"       10131.46115       10158.24665                 1  0.00267599752749                 0         0.0016571       22.26724363
    "BPMS.2L5.B1"    "BPMSW.1L5.B1"       10158.24665       10168.21165                 1 0.000859102681474                 0        0.00107498       22.26890073
   "BPMSW.1L5.B1"    "BPMSW.1R5.B1"       10168.21165       10211.33965                 1    0.495261602888                 0        0.49409594       22.26997571
   "BPMSW.1R5.B1"     "BPMS.2R5.B1"       10211.33965       10221.30465                 1  0.00613390248272                 0 0.000836659999997       22.76407165
    "BPMS.2R5.B1"    "BPMSY.4R5.B1"       10221.30465       10248.09015                 1    0.994267114955                 0        0.00114218       22.76490831
   "BPMSY.4R5.B1"    "BPMWB.4R5.B1"       10248.09015       10340.87015                 1   0.0087918593435                 0        0.00816978       22.76605049
   "BPMWB.4R5.B1"    "BPMYA.4R5.B1"       10340.87015       10362.00265                 1  0.00132797894042                 0        0.00280257       22.77422027
   "BPMYA.4R5.B1"      "BPM.5R5.B1"       10362.00265       10383.12065                 1  0.00658458864345                 0        0.00438417       22.77702284
     "BPM.5R5.B1"     "BPMR.6R5.B1"       10383.12065       10415.02065                 1   0.0176053101822                 0        0.01548093       22.78140701
    "BPMR.6R5.B1"    "BPM_A.7R5.B1"       10415.02065       10449.03465                 1    0.089471166184                 0         0.0867386       22.79688794
   "BPM_A.7R5.B1"      "BPM.8R5.B1"       10449.03465       10490.47364                 1    0.201644033948                 0        0.20940147       22.88362654
     "BPM.8R5.B1"      "BPM.9R5.B1"       10490.47364       10529.54063                 1   0.0809761455338                 0        0.08020028       23.09302801
     "BPM.9R5.B1"     "BPM.10R5.B1"       10529.54063       10570.00562                 1   0.0915000234257                 0        0.09114878       23.17322829
    "BPM.10R5.B1"     "BPM.11R5.B1"       10570.00562       10622.78831                 1     0.10586613051                 0        0.11665405       23.26437707
    "BPM.11R5.B1"     "BPM.12R5.B1"       10622.78831       10677.51479                 1    0.157166695806                 0        0.14642717       23.38103112
    "BPM.12R5.B1"     "BPM.13R5.B1"       10677.51479       10730.96627                 1    0.119969610689                 0        0.11435799       23.52745829
    "BPM.13R5.B1"     "BPM.14R5.B1"       10730.96627       10784.41776                 1    0.130012418111                 0        0.13616691       23.64181628
    "BPM.14R5.B1"     "BPM.15R5.B1"       10784.41776       10837.86924                 1      0.1162332525                 0        0.11383604       23.77798319
    "BPM.15R5.B1"     "BPM.16R5.B1"       10837.86924       10891.32073                 1    0.138894371875                 0        0.13614297       23.89181923
    "BPM.16R5.B1"     "BPM.17R5.B1"       10891.32073       10944.77221                 1     0.11546729334                 0        0.11384217        24.0279622
    "BPM.17R5.B1"     "BPM.18R5.B1"       10944.77221        10998.2237                 1    0.133091786743                 0         0.1361663       24.14180437
    "BPM.18R5.B1"     "BPM.19R5.B1"        10998.2237       11051.67518                 1    0.117673976285                 0        0.11383605       24.27797067
    "BPM.19R5.B1"     "BPM.20R5.B1"       11051.67518       11105.12666                 1    0.137985121307                 0        0.13614297       24.39180672
    "BPM.20R5.B1"     "BPM.21R5.B1"       11105.12666       11158.57815                 1    0.104157702577                 0        0.11384216       24.52794969
    "BPM.21R5.B1"     "BPM.22R5.B1"       11158.57815       11212.02963                 1       0.144585022                 0        0.13616631       24.64179185
    "BPM.22R5.B1"     "BPM.23R5.B1"       11212.02963       11265.48112                 1     0.11913957473                 0        0.11384103       24.77795816
    "BPM.23R5.B1"     "BPM.24R5.B1"       11265.48112        11318.9326                 1    0.135059060889                 0        0.13615013       24.89179919
    "BPM.24R5.B1"     "BPM.25R5.B1"        11318.9326       11372.38408                 1    0.116557260145                 0        0.11384253       25.02794932
    "BPM.25R5.B1"     "BPM.26R5.B1"       11372.38408       11425.83557                 1     0.13039436577                 0        0.13616631       25.14179185
    "BPM.26R5.B1"     "BPM.27R5.B1"       11425.83557       11479.28705                 1     0.11848830871                 0        0.11384103       25.27795816
    "BPM.27R5.B1"     "BPM.28R5.B1"       11479.28705       11532.73854                 1    0.130809966508                 0        0.13615013       25.39179919
    "BPM.28R5.B1"     "BPM.29R5.B1"       11532.73854       11586.19002                 1    0.111824814738                 0        0.11384253       25.52794932
    "BPM.29R5.B1"     "BPM.30R5.B1"       11586.19002        11639.6415                 1     0.14292237668                 0        0.13616631       25.64179185
    "BPM.30R5.B1"     "BPM.31R5.B1"        11639.6415       11693.09299                 1    0.108461516224                 0        0.11384103       25.77795816
    "BPM.31R5.B1"     "BPM.32R5.B1"       11693.09299       11746.54447                 1    0.132751691129                 0        0.13615013       25.89179919
    "BPM.32R5.B1"     "BPM.33R5.B1"       11746.54447       11799.99596                 1    0.116974440121                 0        0.11384253       26.02794932
    "BPM.33R5.B1"     "BPM.34R5.B1"       11799.99596       11853.44744                 1    0.136628241475                 0        0.13616631       26.14179185
    "BPM.34R5.B1"     "BPM.33L6.B1"       11853.44744       11906.89893                 1    0.108589944348                 0        0.11384103       26.27795816
    "BPM.33L6.B1"     "BPM.32L6.B1"       11906.89893       11960.35041                 1    0.134318217133                 0        0.13615013       26.39179919
    "BPM.32L6.B1"     "BPM.31L6.B1"       11960.35041       12013.80189                 1    0.116477334365                 0        0.11384253       26.52794932
    "BPM.31L6.B1"     "BPM.30L6.B1"       12013.80189       12067.25338                 1    0.138476467308                 0        0.13616631       26.64179185
    "BPM.30L6.B1"     "BPM.29L6.B1"       12067.25338       12120.70486                 1    0.120614516641                 0        0.11384103       26.77795816
    "BPM.29L6.B1"     "BPM.28L6.B1"       12120.70486       12174.15635                 1    0.128847526167                 0        0.13615013       26.89179919
    "BPM.28L6.B1"     "BPM.27L6.B1"       12174.15635       12227.60783                 1    0.106242306508                 0        0.11384253       27.02794932
    "BPM.27L6.B1"     "BPM.26L6.B1"       12227.60783       12281.05931                 1     0.13870909919                 0        0.13616631       27.14179185
    "BPM.26L6.B1"     "BPM.25L6.B1"       12281.05931        12334.5108                 1    0.116348347791                 0        0.11384103       27.27795816
    "BPM.25L6.B1"     "BPM.24L6.B1"        12334.5108       12387.96228                 1    0.134111782118                 0        0.13615013       27.39179919
    "BPM.24L6.B1"     "BPM.23L6.B1"       12387.96228       12441.41377                 1    0.091769476105                 0        0.11384253       27.52794932
    "BPM.23L6.B1"     "BPM.22L6.B1"       12441.41377       12494.86525                 1    0.160944454217                 0        0.13616631       27.64179185
    "BPM.22L6.B1"     "BPM.21L6.B1"       12494.86525       12548.31673                 1    0.115803284183                 0        0.11384103       27.77795816
    "BPM.21L6.B1"     "BPM.20L6.B1"       12548.31673       12601.76822                 1    0.131489761067                 0        0.13614969       27.89179919
    "BPM.20L6.B1"     "BPM.19L6.B1"       12601.76822        12655.2197                 1    0.107666665179                 0        0.11383718       28.02794888
    "BPM.19L6.B1"     "BPM.18L6.B1"        12655.2197       12708.67119                 1    0.145222458068                 0        0.13615959       28.14178606
    "BPM.18L6.B1"     "BPM.17L6.B1"       12708.67119       12762.12267                 1     0.11309833223                 0        0.11384103       28.27794565
    "BPM.17L6.B1"     "BPM.16L6.B1"       12762.12267       12815.57415                 1    0.141217362165                 0        0.13614969       28.39178668
    "BPM.16L6.B1"     "BPM.15L6.B1"       12815.57415       12869.02564                 1    0.093274799312                 0        0.11383718       28.52793637
    "BPM.15L6.B1"     "BPM.14L6.B1"       12869.02564       12922.47712                 1    0.158275564306                 0        0.13615959       28.64177355
    "BPM.14L6.B1"     "BPM.13L6.B1"       12922.47712       12975.92861                 1    0.117940929987                 0        0.11384103       28.77793314
    "BPM.13L6.B1"     "BPM.12L6.B1"       12975.92861       13029.38009                 1    0.130951626399                 0        0.13583621       28.89177417
    "BPM.12L6.B1"     "BPM.11L6.B1"       13029.38009       13082.83158                 1    0.125170637982                 0        0.12687469       29.02761038
    "BPM.11L6.B1"     "BPM.10L6.B1"       13082.83158       13134.67226                 1    0.149557045534                 0        0.14677778       29.15448507
    "BPM.10L6.B1"      "BPM.9L6.B1"       13134.67226       13173.73925                 1    0.112565311838                 0        0.11327036       29.30126285
     "BPM.9L6.B1"      "BPM.8L6.B1"       13173.73925       13214.20424                 1    0.219029561183                 0        0.22561108       29.41453321
     "BPM.8L6.B1"    "BPMYA.5L6.B1"       13214.20424       13311.29423                 1    0.103261138633                 0        0.10209594       29.64014429
   "BPMYA.5L6.B1"    "BPMYB.4L6.B1"       13311.29423       13347.69423                 1   0.0241034902046                 0        0.01894198       29.74224023
   "BPMYB.4L6.B1"    "BPMSE.4L6.B1"       13347.69423       13476.94473                 1   0.0384770877875                 0        0.05128925       29.76118221
   "BPMSE.4L6.B1"    "BPMSA.4R6.B1"       13476.94473       13568.51473                 1   0.0799804999039                 0        0.08373215       29.81247146
   "BPMSA.4R6.B1"    "BPMYA.4R6.B1"       13568.51473       13691.29423                 1     0.15914736645                 0        0.14415014       29.89620361
   "BPMYA.4R6.B1"    "BPMYB.5R6.B1"       13691.29423       13727.69423                 1   0.0173791067134                 0        0.01802101       30.04035375
   "BPMYB.5R6.B1"      "BPM.8R6.B1"       13727.69423       13823.42122                 1    0.133806299618                 0         0.1426698       30.05837476
     "BPM.8R6.B1"     "BPM.10R6.B1"       13823.42122        13902.9532                 1    0.266299307158                 0        0.26743343       30.20104456
    "BPM.10R6.B1"     "BPM.11R6.B1"        13902.9532       13954.79389                 1    0.149006257099                 0        0.14687297       30.46847799
    "BPM.11R6.B1"     "BPM.12R6.B1"       13954.79389       14009.52037                 1    0.110345479179                 0        0.11365901       30.61535096
    "BPM.12R6.B1"     "BPM.13R6.B1"       14009.52037       14062.97186                 1    0.141710532303                 0        0.13509263       30.72900997
    "BPM.13R6.B1"     "BPM.14R6.B1"       14062.97186       14116.42334                 1    0.114342267003                 0        0.11778597        30.8641026
    "BPM.14R6.B1"     "BPM.15R6.B1"       14116.42334       14169.87483                 1    0.140096300793                 0         0.1387068       30.98188857
    "BPM.15R6.B1"     "BPM.16R6.B1"       14169.87483       14223.32631                 1    0.122715794813                 0        0.11833601       31.12059537
    "BPM.16R6.B1"     "BPM.17R6.B1"       14223.32631       14276.77779                 1    0.147441770781                 0        0.14535525       31.23893138
    "BPM.17R6.B1"     "BPM.19R6.B1"       14276.77779       14383.68076                 1    0.254707524541                 0        0.25595453       31.38428663
    "BPM.19R6.B1"     "BPM.20R6.B1"       14383.68076       14437.13225                 1    0.121424820595                 0        0.11904383       31.64024116
    "BPM.20R6.B1"     "BPM.21R6.B1"       14437.13225       14490.58373                 1     0.14915002941                 0        0.14506249       31.75928499
    "BPM.21R6.B1"     "BPM.22R6.B1"       14490.58373       14544.03522                 1     0.10784010361                 0        0.11641213       31.90434748
    "BPM.22R6.B1"     "BPM.23R6.B1"       14544.03522        14597.4867                 1    0.150799266817                 0        0.13994269       32.02075961
    "BPM.23R6.B1"     "BPM.24R6.B1"        14597.4867       14650.93818                 1    0.110023804107                 0        0.11642264        32.1607023
    "BPM.24R6.B1"     "BPM.25R6.B1"       14650.93818       14704.38967                 1    0.142141059516                 0        0.13994424       32.27712494
    "BPM.25R6.B1"     "BPM.26R6.B1"       14704.38967       14757.84115                 1     0.12257115698                 0        0.11641186       32.41706918
    "BPM.26R6.B1"     "BPM.27R6.B1"       14757.84115       14811.29264                 1    0.133479631935                 0        0.13994369       32.53348104
    "BPM.27R6.B1"     "BPM.29R6.B1"       14811.29264        14918.1956                 1    0.256049778386                 0        0.25636592       32.67342473
    "BPM.29R6.B1"     "BPM.30R6.B1"        14918.1956       14971.64709                 1    0.117371868765                 0        0.11641189       32.92979065
    "BPM.30R6.B1"     "BPM.31R6.B1"       14971.64709       15025.09857                 1    0.139878798768                 0        0.13994469       33.04620254
    "BPM.31R6.B1"     "BPM.33R6.B1"       15025.09857       15132.00154                 1    0.253768605035                 0        0.25636483       33.18614723
    "BPM.33R6.B1"     "BPM.34R6.B1"       15132.00154       15185.45302                 1     0.11584130112                 0        0.11641206       33.44251206
    "BPM.34R6.B1"     "BPM.33L7.B1"       15185.45302       15238.90451                 1    0.135656713991                 0        0.13994565       33.55892412
    "BPM.33L7.B1"     "BPM.32L7.B1"       15238.90451       15292.35599                 1    0.118710805808                 0        0.11642234       33.69886977
    "BPM.32L7.B1"     "BPM.31L7.B1"       15292.35599       15345.80748                 1    0.141760311023                 0        0.13994132       33.81529211
    "BPM.31L7.B1"     "BPM.30L7.B1"       15345.80748       15399.25896                 1    0.101715422562                 0        0.11641235       33.95523343
    "BPM.30L7.B1"     "BPM.29L7.B1"       15399.25896       15452.71045                 1    0.152559731618                 0        0.13994658       34.07164578
    "BPM.29L7.B1"     "BPM.28L7.B1"       15452.71045       15506.16193                 1     0.10977505937                 0        0.11642197       34.21159236
    "BPM.28L7.B1"     "BPM.27L7.B1"       15506.16193       15559.61341                 1    0.145472336758                 0        0.13994043       34.32801433
    "BPM.27L7.B1"     "BPM.26L7.B1"       15559.61341        15613.0649                 1    0.121824293272                 0        0.11641278       34.46795476
    "BPM.26L7.B1"     "BPM.25L7.B1"        15613.0649       15666.51638                 1    0.133901647558                 0        0.13994742       34.58436754
    "BPM.25L7.B1"     "BPM.24L7.B1"       15666.51638       15719.96787                 1    0.120931750632                 0         0.1164215       34.72431496
    "BPM.24L7.B1"     "BPM.23L7.B1"       15719.96787       15773.41935                 1    0.131182292103                 0        0.13993962       34.84073646
    "BPM.23L7.B1"     "BPM.22L7.B1"       15773.41935       15826.87083                 1    0.121643181819                 0        0.11641332       34.98067608
    "BPM.22L7.B1"     "BPM.21L7.B1"       15826.87083       15880.32232                 1    0.139625253091                 0        0.13994818        35.0970894
    "BPM.21L7.B1"     "BPM.20L7.B1"       15880.32232        15933.7738                 1    0.117905653968                 0        0.12020701       35.23703758
    "BPM.20L7.B1"     "BPM.19L7.B1"        15933.7738       15987.22529                 1    0.150479064219                 0        0.14377938       35.35724459
    "BPM.19L7.B1"     "BPM.18L7.B1"       15987.22529       16040.67677                 1    0.113586882838                 0        0.11544229       35.50102397
    "BPM.18L7.B1"     "BPM.17L7.B1"       16040.67677       16094.12825                 1    0.142468405279                 0        0.14062276       35.61646626
    "BPM.17L7.B1"     "BPM.16L7.B1"       16094.12825       16147.57974                 1    0.115481933291                 0        0.12055982       35.75708902
    "BPM.16L7.B1"     "BPM.15L7.B1"       16147.57974       16201.03122                 1     0.15097391358                 0        0.14303251       35.87764884
    "BPM.15L7.B1"     "BPM.14L7.B1"       16201.03122       16254.48271                 1     0.11375308143                 0        0.11519015       36.02068135
    "BPM.14L7.B1"     "BPM.13L7.B1"       16254.48271       16307.93419                 1    0.137851604158                 0          0.141389        36.1358715
    "BPM.13L7.B1"     "BPM.12L7.B1"       16307.93419       16361.38567                 1    0.116175188302                 0         0.1090426        36.2772605
    "BPM.12L7.B1"     "BPM.11L7.B1"       16361.38567       16414.83716                 1    0.124753717373                 0        0.12681165        36.3863031
    "BPM.11L7.B1"     "BPM.10L7.B1"       16414.83716       16467.61985                 1    0.098556504874                 0        0.09188925       36.51311475
    "BPM.10L7.B1"      "BPM.9L7.B1"       16467.61985       16506.68684                 1   0.0727239867943                 0        0.07966588         36.605004
     "BPM.9L7.B1"      "BPM.7L7.B1"       16506.68684       16586.21782                 1    0.131307878632                 0        0.13753931       36.68466988
     "BPM.7L7.B1"      "BPM.6L7.B1"       16586.21782       16621.03582                 1   0.0698712066098                 0        0.06576236       36.82220919
     "BPM.6L7.B1"    "BPMWC.6L7.B1"       16621.03582       16633.13832                 1   0.0327180034546                 0        0.04161362       36.88797155
   "BPMWC.6L7.B1"    "BPMWE.5L7.B1"       16633.13832       16710.19232                 1    0.113982817198                 0        0.10577119       36.92958517
   "BPMWE.5L7.B1"     "BPMW.5L7.B1"       16710.19232       16733.39732                 1   0.0179332713477                 0        0.01142847       37.03535636
    "BPMW.5L7.B1"    "BPMWE.4L7.B1"       16733.39732       16768.48232                 1   0.0220520723296                 0        0.03449115       37.04678483
   "BPMWE.4L7.B1"     "BPMW.4L7.B1"       16768.48232       16796.58732                 1   0.0968303716583                 0        0.07083544       37.08127598
    "BPMW.4L7.B1"     "BPMW.4R7.B1"       16796.58732       16912.63432                 1    0.128277582263                 0        0.15067474       37.15211142
    "BPMW.4R7.B1"    "BPMWE.4R7.B1"       16912.63432       16940.73932                 1  0.00851059021422                 0        0.01200199       37.30278616
   "BPMWE.4R7.B1"     "BPMW.5R7.B1"       16940.73932       16975.82432                 1   0.0329454654275                 0        0.03270251       37.31478815
    "BPMW.5R7.B1"    "BPMWE.5R7.B1"       16975.82432       16999.02932                 1   0.0680193978074                 0        0.06124451       37.34749066
   "BPMWE.5R7.B1"     "BPMR.6R7.B1"       16999.02932       17078.24482                 1    0.164241024298                 0        0.17242038       37.40873517
    "BPMR.6R7.B1"    "BPM_A.7R7.B1"       17078.24482       17116.28082                 1   0.0758477145747                 0        0.05657464       37.58115555
   "BPM_A.7R7.B1"      "BPM.8R7.B1"       17116.28082       17155.34681                 1   0.0670586085384                 0        0.08125525       37.63773019
     "BPM.8R7.B1"      "BPM.9R7.B1"       17155.34681        17194.4138                 1   0.0811089387748                 0        0.07905146       37.71898544
     "BPM.9R7.B1"     "BPM.10R7.B1"        17194.4138       17234.87878                 1   0.0830800632289                 0        0.08536522        37.7980369
    "BPM.10R7.B1"     "BPM.11R7.B1"       17234.87878       17287.66147                 1    0.102903198107                 0        0.10902058       37.88340212
    "BPM.11R7.B1"     "BPM.12R7.B1"       17287.66147       17342.38796                 1    0.137947126045                 0        0.13683105        37.9924227
    "BPM.12R7.B1"     "BPM.13R7.B1"       17342.38796       17395.83944                 1    0.123541865952                 0        0.11674781       38.12925375
    "BPM.13R7.B1"     "BPM.14R7.B1"       17395.83944       17449.29093                 1    0.133296695915                 0        0.13901777       38.24600156
    "BPM.14R7.B1"     "BPM.15R7.B1"       17449.29093       17502.74241                 1     0.11942241855                 0         0.1190911       38.38501933
    "BPM.15R7.B1"     "BPM.16R7.B1"       17502.74241       17556.19389                 1    0.149429882941                 0        0.14491653       38.50411043
    "BPM.16R7.B1"     "BPM.17R7.B1"       17556.19389       17609.64538                 1    0.105534058573                 0        0.11638537       38.64902696
    "BPM.17R7.B1"     "BPM.18R7.B1"       17609.64538       17663.09686                 1    0.147657152376                 0        0.13939765       38.76541233
    "BPM.18R7.B1"     "BPM.19R7.B1"       17663.09686       17716.54835                 1     0.11909076962                 0         0.1197002       38.90480998
    "BPM.19R7.B1"     "BPM.20R7.B1"       17716.54835       17769.99983                 1    0.149717310927                 0        0.14442707       39.02451018
    "BPM.20R7.B1"     "BPM.21R7.B1"       17769.99983       17823.45131                 1    0.116675308889                 0        0.11585348       39.16893725
    "BPM.21R7.B1"     "BPM.22R7.B1"       17823.45131        17876.9028                 1    0.136253735766                 0        0.13993964       39.28479073
    "BPM.22R7.B1"     "BPM.23R7.B1"        17876.9028       17930.35428                 1    0.118370118235                 0        0.11641289       39.42473037
    "BPM.23R7.B1"     "BPM.24R7.B1"       17930.35428       17983.80577                 1    0.138748657129                 0         0.1399475       39.54114326
    "BPM.24R7.B1"     "BPM.25R7.B1"       17983.80577       18037.25725                 1    0.110920081153                 0        0.11642138       39.68109076
    "BPM.25R7.B1"     "BPM.26R7.B1"       18037.25725       18090.70874                 1        0.14454539                 0        0.13993955       39.79751214
    "BPM.26R7.B1"     "BPM.27R7.B1"       18090.70874       18144.16022                 1     0.21074682897                 0        0.11641345       39.93745169
    "BPM.27R7.B1"     "BPM.28R7.B1"       18144.16022        18197.6117                 1   0.0471057392914                 0        0.13994823       40.05386514
    "BPM.28R7.B1"     "BPM.29R7.B1"        18197.6117       18251.06319                 1    0.114356811565                 0        0.11642078       40.19381337
    "BPM.29R7.B1"     "BPM.30R7.B1"       18251.06319       18304.51467                 1     0.14113849743                 0        0.13993887       40.31023415
    "BPM.30R7.B1"     "BPM.31R7.B1"       18304.51467       18357.96616                 1    0.111376512354                 0         0.1164141       40.45017302
    "BPM.31R7.B1"     "BPM.32R7.B1"       18357.96616       18411.41764                 1    0.143189092482                 0        0.13994884       40.56658712
    "BPM.32R7.B1"     "BPM.33R7.B1"       18411.41764       18464.86912                 1       0.113315527                 0        0.11642009       40.70653596
    "BPM.33R7.B1"     "BPM.34R7.B1"       18464.86912       18518.32061                 1    0.142934221093                 0        0.13993832       40.82295605
    "BPM.34R7.B1"     "BPM.33L8.B1"       18518.32061       18571.77209                 1    0.116842601685                 0        0.11641483       40.96289437
    "BPM.33L8.B1"     "BPM.32L8.B1"       18571.77209       18625.22358                 1    0.139011627311                 0        0.13994933        41.0793092
    "BPM.32L8.B1"     "BPM.31L8.B1"       18625.22358       18678.67506                 1    0.118406679609                 0        0.11641932       41.21925853
    "BPM.31L8.B1"     "BPM.30L8.B1"       18678.67506       18732.12654                 1     0.13731869658                 0        0.13993791       41.33567785
    "BPM.30L8.B1"     "BPM.29L8.B1"       18732.12654       18785.57803                 1    0.125228077806                 0        0.11641561       41.47561576
    "BPM.29L8.B1"     "BPM.28L8.B1"       18785.57803       18839.02951                 1    0.128333549593                 0        0.13994968       41.59203137
    "BPM.28L8.B1"     "BPM.27L8.B1"       18839.02951         18892.481                 1    0.121074784731                 0         0.1164185       41.73198105
    "BPM.27L8.B1"     "BPM.26L8.B1"         18892.481       18945.93248                 1     0.13774150522                 0        0.13993765       41.84839955
    "BPM.26L8.B1"     "BPM.25L8.B1"       18945.93248       18999.38397                 1    0.115819507724                 0        0.11641645        41.9883372
    "BPM.25L8.B1"     "BPM.24L8.B1"       18999.38397       19052.83545                 1    0.146477224469                 0        0.13994986       42.10475365
    "BPM.24L8.B1"     "BPM.23L8.B1"       19052.83545       19106.28693                 1    0.108895603258                 0        0.11641766       42.24470351
    "BPM.23L8.B1"     "BPM.22L8.B1"       19106.28693       19159.73842                 1    0.143723057936                 0        0.13993753       42.36112117
    "BPM.22L8.B1"     "BPM.21L8.B1"       19159.73842        19213.1899                 1    0.111517102607                 0         0.1164173        42.5010587
    "BPM.21L8.B1"     "BPM.20L8.B1"        19213.1899       19266.64139                 1    0.145125859811                 0        0.13925944         42.617476
    "BPM.20L8.B1"     "BPM.19L8.B1"       19266.64139       19320.09287                 1     0.12947387611                 0        0.11967878       42.75673544
    "BPM.19L8.B1"     "BPM.18L8.B1"       19320.09287       19373.54435                 1    0.135478317187                 0        0.14457223       42.87641422
    "BPM.18L8.B1"     "BPM.17L8.B1"       19373.54435       19426.99584                 1    0.120773656841                 0        0.11585547       43.02098645
    "BPM.17L8.B1"     "BPM.16L8.B1"       19426.99584       19480.44732                 1    0.135905512865                 0         0.1397974       43.13684192
    "BPM.16L8.B1"     "BPM.15L8.B1"       19480.44732       19533.89881                 1    0.114419304893                 0        0.12020948       43.27663932
    "BPM.15L8.B1"     "BPM.14L8.B1"       19533.89881       19587.35029                 1    0.150502122563                 0         0.1439318        43.3968488
    "BPM.14L8.B1"     "BPM.13L8.B1"       19587.35029       19640.80177                 1    0.104050523971                 0        0.11542102        43.5407806
    "BPM.13L8.B1"     "BPM.12L8.B1"       19640.80177       19694.25326                 1    0.155672445087                 0        0.14037685       43.65620162
    "BPM.12L8.B1"     "BPM.11L8.B1"       19694.25326       19747.70474                 1    0.103212927173                 0        0.11284732       43.79657847
    "BPM.11L8.B1"     "BPM.10L8.B1"       19747.70474       19799.54543                 1    0.137387625697                 0        0.13206778       43.90942579
    "BPM.10L8.B1"      "BPM.9L8.B1"       19799.54543       19838.61242                 1    0.054891344981                 0        0.06594176       44.04149357
     "BPM.9L8.B1"      "BPM.8L8.B1"       19838.61242       19879.07741                 1   0.0987468249928                 0          0.091134       44.10743533
     "BPM.8L8.B1"      "BPM.7L8.B1"       19879.07741        19918.1454                 1    0.114930614448                 0        0.09804097       44.19856933
     "BPM.7L8.B1"     "BPMR.6L8.B1"        19918.1454        19950.6144                 1    0.114555923602                 0        0.13426525        44.2966103
    "BPMR.6L8.B1"      "BPM.5L8.B1"        19950.6144        20011.0334                 1    0.286304225099                 0        0.28447927       44.43087555
     "BPM.5L8.B1"    "BPMYB.4L8.B1"        20011.0334        20031.8004                 1    0.027302481257                 0        0.02770909       44.71535482
   "BPMYB.4L8.B1"    "BPMWB.4L8.B1"        20031.8004        20056.1919                 1   0.0122101877676                 0        0.01431353       44.74306391
   "BPMWB.4L8.B1"    "BPMSX.4L8.B1"        20056.1919        20106.4249                 1   0.0309814677437                 0         0.0260113       44.75737744
   "BPMSX.4L8.B1"     "BPMS.2L8.B1"        20106.4249        20144.3364                 1   0.0156505899414                 0        0.01355321       44.78338874
    "BPMS.2L8.B1"    "BPMSW.1L8.B1"        20144.3364        20154.2704                 1  0.00760833988058                 0         0.0061505       44.79694195
   "BPMSW.1L8.B1"    "BPMSW.1R8.B1"        20154.2704        20197.4604                 1    0.449485164064                 0        0.45606168       44.80309245
   "BPMSW.1R8.B1"     "BPMS.2R8.B1"        20197.4604        20207.3944                 1  0.00420832529062                 0        0.00794016       45.25915413
    "BPMS.2R8.B1"    "BPMSX.4R8.B1"        20207.3944        20245.3059                 1   0.0178608269401                 0         0.0154718       45.26709429
   "BPMSX.4R8.B1"    "BPMWB.4R8.B1"        20245.3059        20295.4629                 1   0.0296988959984                 0        0.02228281       45.28256609
   "BPMWB.4R8.B1"    "BPMYB.4R8.B1"        20295.4629        20319.9304                 1   0.0213859691859                 0        0.02284618        45.3048489
   "BPMYB.4R8.B1"    "BPMYB.5R8.B1"        20319.9304        20340.5074                 1   0.0194149095124                 0        0.01934057       45.32769508
   "BPMYB.5R8.B1"      "BPM.6R8.B1"        20340.5074        20424.6154                 1    0.227606576338                 0        0.23815589       45.34703565
     "BPM.6R8.B1"    "BPM_A.7R8.B1"        20424.6154        20446.8554                 1   0.0509983865555                 0        0.04330322       45.58519154
   "BPM_A.7R8.B1"      "BPM.8R8.B1"        20446.8554       20488.29241                 1     0.12039528285                 0        0.11685304       45.62849476
     "BPM.8R8.B1"      "BPM.9R8.B1"       20488.29241       20527.35742                 1    0.220675604013                 0        0.21704266        45.7453478
     "BPM.9R8.B1"     "BPM.10R8.B1"       20527.35742       20567.82043                 1   0.0995962171102                 0        0.11173899       45.96239046
    "BPM.10R8.B1"     "BPM.11R8.B1"       20567.82043       20619.65914                 1    0.165524362742                 0        0.16188357       46.07412945
    "BPM.11R8.B1"     "BPM.12R8.B1"       20619.65914       20674.38266                 1    0.105724225736                 0        0.09712493       46.23601302
    "BPM.12R8.B1"     "BPM.13R8.B1"       20674.38266       20727.83117                 1    0.114979993843                 0        0.11534323       46.33313795
    "BPM.13R8.B1"     "BPM.14R8.B1"       20727.83117       20781.27969                 1    0.116124566829                 0        0.11383276       46.44848118
    "BPM.14R8.B1"     "BPM.15R8.B1"       20781.27969       20834.72821                 1    0.236333003579                 0        0.13615274       46.56231394
    "BPM.15R8.B1"     "BPM.16R8.B1"       20834.72821       20888.17672                 1 0.000149136359824                 0        0.11382922       46.69846668
    "BPM.16R8.B1"     "BPM.17R8.B1"       20888.17672       20941.62524                 1    0.138278947174                 0        0.13613592        46.8122959
    "BPM.17R8.B1"     "BPM.18R8.B1"       20941.62524       20995.07375                 1      0.1133683653                 0        0.11383355       46.94843182
    "BPM.18R8.B1"     "BPM.19R8.B1"       20995.07375       21048.52227                 1    0.132519791666                 0        0.13615274       47.06226537
    "BPM.19R8.B1"     "BPM.20R8.B1"       21048.52227       21101.97079                 1    0.109631931893                 0        0.11382923       47.19841811
    "BPM.20R8.B1"     "BPM.21R8.B1"       21101.97079        21155.4193                 1    0.133688716576                 0        0.13613592       47.31224734
    "BPM.21R8.B1"     "BPM.22R8.B1"        21155.4193       21208.86782                 1    0.236137397353                 0        0.11383354       47.44838326
    "BPM.22R8.B1"     "BPM.23R8.B1"       21208.86782       21262.31633                 1     0.01674668464                 0        0.13615318        47.5622168
    "BPM.23R8.B1"     "BPM.24R8.B1"       21262.31633       21315.76485                 1    0.113064560068                 0        0.11383458       47.69836998
    "BPM.24R8.B1"     "BPM.25R8.B1"       21315.76485       21369.21337                 1    0.136786768054                 0        0.13614264       47.81220456
    "BPM.25R8.B1"     "BPM.26R8.B1"       21369.21337       21422.66188                 1    0.112517549647                 0        0.11383354        47.9483472
    "BPM.26R8.B1"     "BPM.27R8.B1"       21422.66188        21476.1104                 1    0.140275392921                 0        0.13615318       48.06218074
    "BPM.27R8.B1"     "BPM.29R8.B1"        21476.1104       21583.00743                 1    0.251118315423                 0        0.24997722       48.19833392
    "BPM.29R8.B1"     "BPM.30R8.B1"       21583.00743       21636.45594                 1    0.114849552291                 0        0.11383354       48.44831114
    "BPM.30R8.B1"     "BPM.31R8.B1"       21636.45594       21689.90446                 1    0.136551998355                 0        0.13615318       48.56214468
    "BPM.31R8.B1"     "BPM.32R8.B1"       21689.90446       21743.35298                 1     0.10996429497                 0        0.11383459       48.69829786
    "BPM.32R8.B1"     "BPM.33R8.B1"       21743.35298       21796.80149                 1     0.14287155029                 0        0.13614264       48.81213245
    "BPM.33R8.B1"     "BPM.34R8.B1"       21796.80149       21850.25001                 1    0.100541743641                 0        0.11383353       48.94827509
    "BPM.34R8.B1"     "BPM.33L1.B1"       21850.25001       21903.69852                 1    0.145649417938                 0        0.13615318       49.06210862
    "BPM.33L1.B1"     "BPM.32L1.B1"       21903.69852       21957.14704                 1     0.11896786316                 0        0.11383459        49.1982618
    "BPM.32L1.B1"     "BPM.31L1.B1"       21957.14704       22010.59556                 1    0.133927870204                 0        0.13614264       49.31209639
    "BPM.31L1.B1"     "BPM.30L1.B1"       22010.59556       22064.04407                 1    0.111417598596                 0        0.11383354       49.44823903
    "BPM.30L1.B1"     "BPM.29L1.B1"       22064.04407       22117.49259                 1    0.140503453853                 0        0.13615318       49.56207257
    "BPM.29L1.B1"     "BPM.28L1.B1"       22117.49259        22170.9411                 1    0.107477598719                 0        0.11383459       49.69822575
    "BPM.28L1.B1"     "BPM.27L1.B1"        22170.9411       22224.38962                 1    0.140586979845                 0        0.13614264       49.81206034
    "BPM.27L1.B1"     "BPM.26L1.B1"       22224.38962       22277.83814                 1      0.1138913563                 0        0.11383353       49.94820298
    "BPM.26L1.B1"     "BPM.25L1.B1"       22277.83814       22331.28665                 1    0.130052095198                 0        0.13615318       50.06203651
    "BPM.25L1.B1"     "BPM.24L1.B1"       22331.28665       22384.73517                 1    0.111995945974                 0        0.11383459       50.19818969
    "BPM.24L1.B1"     "BPM.23L1.B1"       22384.73517       22438.18368                 1     0.14641468532                 0        0.13614264       50.31202428
    "BPM.23L1.B1"     "BPM.22L1.B1"       22438.18368        22491.6322                 1    0.113941265355                 0        0.11383353       50.44816692
    "BPM.22L1.B1"     "BPM.21L1.B1"        22491.6322       22545.08071                 1    0.132679788644                 0        0.13615318       50.56200045
    "BPM.21L1.B1"     "BPM.20L1.B1"       22545.08071       22598.52923                 1    0.108454235689                 0        0.11382961       50.69815363
    "BPM.20L1.B1"     "BPM.19L1.B1"       22598.52923       22651.97775                 1    0.141454211419                 0        0.13613592       50.81198324
    "BPM.19L1.B1"     "BPM.18L1.B1"       22651.97775       22705.42626                 1    0.116921725803                 0        0.11383353       50.94811916
    "BPM.18L1.B1"     "BPM.17L1.B1"       22705.42626       22758.87478                 1    0.129818046696                 0        0.13615318       51.06195269
    "BPM.17L1.B1"     "BPM.16L1.B1"       22758.87478       22812.32329                 1    0.107780497323                 0        0.11382962       51.19810587
    "BPM.16L1.B1"     "BPM.15L1.B1"       22812.32329       22865.77181                 1    0.139478177522                 0        0.13613592       51.31193549
    "BPM.15L1.B1"     "BPM.14L1.B1"       22865.77181       22919.22033                 1    0.114776189336                 0        0.11383352       51.44807141
    "BPM.14L1.B1"     "BPM.13L1.B1"       22919.22033       22972.66884                 1     0.13502263042                 0        0.13615318       51.56190493
    "BPM.13L1.B1"     "BPM.12L1.B1"       22972.66884       23026.11736                 1    0.102816000194                 0        0.10665713       51.69805811
    "BPM.12L1.B1"     "BPM.11L1.B1"       23026.11736       23079.56587                 1    0.134423919275                 0        0.12752676       51.80471524
    "BPM.11L1.B1"     "BPM.10L1.B1"       23079.56587       23132.34658                 1   0.0866261903004                 0         0.0837943         51.932242
    "BPM.10L1.B1"      "BPM.9L1.B1"       23132.34658        23171.4116                 1   0.0562900920758                 0        0.06128915        52.0160363
     "BPM.9L1.B1"      "BPM.8L1.B1"        23171.4116       23211.87461                 1    0.126297507502                 0        0.12663535       52.07732545
     "BPM.8L1.B1"     "BPMR.7L1.B1"       23211.87461       23250.94062                 1    0.269358168139                 0        0.26512709        52.2039608
    "BPMR.7L1.B1"      "BPM.6L1.B1"       23250.94062       23294.12462                 1    0.233392394532                 0        0.26453559       52.46908789
     "BPM.6L1.B1"     "BPMR.5L1.B1"       23294.12462       23326.02462                 1    0.217822394181                 0        0.17798816       52.73362348
    "BPMR.5L1.B1"    "BPMYA.4L1.B1"       23326.02462       23347.14262                 1  0.00829481275452                 0        0.01348742       52.91161164
   "BPMYA.4L1.B1"    "BPMWB.4L1.B1"       23347.14262       23368.27512                 1   0.0035972981787                 0         0.0062362       52.92509906
   "BPMWB.4L1.B1"    "BPMSY.4L1.B1"       23368.27512       23461.05512                 1   0.0094945169422                 0        0.00719707       52.93133526
   "BPMSY.4L1.B1"     "BPMS.2L1.B1"       23461.05512       23487.84062                 1 0.000199033240149                 0        0.00165696       52.93853233
    "BPMS.2L1.B1"    "BPMSW.1L1.B1"       23487.84062       23497.79062                 1 0.000468123115301                 0        0.00107284       52.94018929
   "BPMSW.1L1.B1"    "BPMSW.1R1.B1"       23497.79062       23540.93362                 1    0.496730634701                 0        0.49409847       52.94126213
   "BPMSW.1R1.B1"     "BPMS.2R1.B1"       23540.93362       23550.89862                 1 0.000608538188028                 0         0.0008366        53.4353606
    "BPMS.2R1.B1"    "BPMSY.4R1.B1"       23550.89862       23577.68412                 1    0.999800308299                 0        0.00114208        53.4361972
   "BPMSY.4R1.B1"    "BPMWB.4R1.B1"       23577.68412       23670.46412                 1  0.00935567116232                 0        0.00816913       53.43733928
   "BPMWB.4R1.B1"    "BPMYA.4R1.B1"       23670.46412       23691.59662                 1  0.00204835246692                 0        0.00280237       53.44550841
   "BPMYA.4R1.B1"      "BPM.5R1.B1"       23691.59662       23719.00462                 1  0.00506701197883                 0        0.00637893       53.44831078
     "BPM.5R1.B1"     "BPMR.6R1.B1"       23719.00462       23750.90462                 1   0.0194406588548                 0        0.01922572       53.45468971
    "BPMR.6R1.B1"    "BPMSX.7R1.B1"       23750.90462       23757.12012                 1  0.00837017040215                 0        0.00767624       53.47391543
   "BPMSX.7R1.B1"    "BPM_A.7R1.B1"       23757.12012       23778.62862                 1   0.0672414852811                 0        0.07332245       53.48159167
   "BPM_A.7R1.B1"      "BPM.8R1.B1"       23778.62862       23820.06761                 1    0.228077514155                 0        0.20941737       53.55491412
     "BPM.8R1.B1"      "BPM.9R1.B1"       23820.06761        23859.1346                 1   0.0741007315383                 0        0.08019524       53.76433149
     "BPM.9R1.B1"     "BPM.10R1.B1"        23859.1346       23899.59958                 1   0.0863035837632                 0        0.09113928       53.84452673
    "BPM.10R1.B1"     "BPM.11R1.B1"       23899.59958       23952.38227                 1     0.10790161375                 0        0.11665252       53.93566601
    "BPM.11R1.B1"     "BPM.12R1.B1"       23952.38227       24007.10876                 1     0.15543605719                 0        0.14644125       54.05231853
    "BPM.12R1.B1"     "BPM.13R1.B1"       24007.10876       24060.56024                 1    0.121202782054                 0        0.11435774       54.19875978
    "BPM.13R1.B1"     "BPM.14R1.B1"       24060.56024       24114.01173                 1    0.129850111458                 0        0.13615354       54.31311752
    "BPM.14R1.B1"     "BPM.15R1.B1"       24114.01173       24167.46321                 1    0.118549901655                 0        0.11383633       54.44927106
    "BPM.15R1.B1"     "BPM.16R1.B1"       24167.46321       24220.91469                 1    0.131421045864                 0        0.13615634       54.56310739
    "BPM.16R1.B1"     "BPM.17R1.B1"       24220.91469       24274.36618                 1    0.116548233359                 0        0.11384188       54.69926373
    "BPM.17R1.B1"     "BPM.18R1.B1"       24274.36618       24327.81766                 1    0.134876585174                 0        0.13615294       54.81310561
    "BPM.18R1.B1"     "BPM.19R1.B1"       24327.81766       24381.26915                 1    0.104072800205                 0        0.11383632       54.94925855
    "BPM.19R1.B1"     "BPM.20R1.B1"       24381.26915       24434.72063                 1    0.149079788102                 0        0.13615634       55.06309487
    "BPM.20R1.B1"     "BPM.21R1.B1"       24434.72063       24488.17211                 1    0.112635386468                 0        0.11384189       55.19925121
    "BPM.21R1.B1"     "BPM.22R1.B1"       24488.17211        24541.6236                 1     0.13470330135                 0        0.13615294        55.3130931
    "BPM.22R1.B1"     "BPM.23R1.B1"        24541.6236       24595.07508                 1    0.106668646582                 0         0.1138413       55.44924604
    "BPM.23R1.B1"     "BPM.24R1.B1"       24595.07508       24648.52657                 1     0.13946316249                 0        0.13616351       55.56308734
    "BPM.24R1.B1"     "BPM.25R1.B1"       24648.52657       24701.97805                 1    0.125923624528                 0        0.11384225       55.69925085
    "BPM.25R1.B1"     "BPM.26R1.B1"       24701.97805       24755.42954                 1    0.129536356384                 0        0.13615294        55.8130931
    "BPM.26R1.B1"     "BPM.27R1.B1"       24755.42954       24808.88102                 1     0.11444950033                 0         0.1138413       55.94924604
    "BPM.27R1.B1"     "BPM.28R1.B1"       24808.88102        24862.3325                 1    0.136776160173                 0        0.13616351       56.06308734
    "BPM.28R1.B1"     "BPM.29R1.B1"        24862.3325       24915.78399                 1    0.108327870536                 0        0.11384225       56.19925085
    "BPM.29R1.B1"     "BPM.30R1.B1"       24915.78399       24969.23547                 1    0.138699288683                 0        0.13615294        56.3130931
    "BPM.30R1.B1"     "BPM.31R1.B1"       24969.23547       25022.68696                 1    0.117862238036                 0         0.1138413       56.44924604
    "BPM.31R1.B1"     "BPM.32R1.B1"       25022.68696       25076.13844                 1    0.133722785801                 0        0.13616351       56.56308734
    "BPM.32R1.B1"     "BPM.33R1.B1"       25076.13844       25129.58992                 1    0.106727371118                 0        0.11384225       56.69925085
    "BPM.33R1.B1"     "BPM.34R1.B1"       25129.58992       25183.04141                 1    0.142999124358                 0        0.13615294        56.8130931
    "BPM.34R1.B1"     "BPM.33L2.B1"       25183.04141       25236.49289                 1    0.796970924327                 0         0.1138413       56.94924604
    "BPM.33L2.B1"     "BPM.32L2.B1"       25236.49289       25289.94438                 1    0.116476743819                 0        0.13616351       57.06308734
    "BPM.32L2.B1"     "BPM.31L2.B1"       25289.94438       25343.39586                 1    0.112456588393                 0        0.11384225       57.19925085
    "BPM.31L2.B1"     "BPM.30L2.B1"       25343.39586       25396.84734                 1    0.152614545716                 0        0.13615294        57.3130931
    "BPM.30L2.B1"     "BPM.29L2.B1"       25396.84734       25450.29883                 1     0.11453575444                 0         0.1138413       57.44924604
    "BPM.29L2.B1"     "BPM.28L2.B1"       25450.29883       25503.75031                 1    0.118531205514                 0        0.13616351       57.56308734
    "BPM.28L2.B1"     "BPM.27L2.B1"       25503.75031        25557.2018                 1    0.109319601002                 0        0.11384225       57.69925085
    "BPM.27L2.B1"     "BPM.26L2.B1"        25557.2018       25610.65328                 1    0.156149777538                 0        0.13615294        57.8130931
    "BPM.26L2.B1"     "BPM.25L2.B1"       25610.65328       25664.10477                 1    0.112212875134                 0         0.1138413       57.94924604
    "BPM.25L2.B1"     "BPM.24L2.B1"       25664.10477       25717.55625                 1    0.124236894682                 0        0.13616351       58.06308734
    "BPM.24L2.B1"     "BPM.23L2.B1"       25717.55625       25771.00773                 1    0.104703272742                 0        0.11384225       58.19925085
    "BPM.23L2.B1"     "BPM.22L2.B1"       25771.00773       25824.45922                 1     0.15285774226                 0        0.13615294        58.3130931
    "BPM.22L2.B1"     "BPM.21L2.B1"       25824.45922        25877.9107                 1    0.121633539399                 0         0.1138413       58.44924604
    "BPM.21L2.B1"     "BPM.20L2.B1"        25877.9107       25931.36219                 1    0.122320652322                 0        0.13616306       58.56308734
    "BPM.20L2.B1"     "BPM.19L2.B1"       25931.36219       25984.81367                 1     0.11676688385                 0         0.1138369        58.6992504
    "BPM.19L2.B1"     "BPM.18L2.B1"       25984.81367       26038.26515                 1    0.150079563037                 0        0.13614622        58.8130873
    "BPM.18L2.B1"     "BPM.17L2.B1"       26038.26515       26091.71664                 1    0.110474580625                 0        0.11384131       58.94923352
    "BPM.17L2.B1"     "BPM.16L2.B1"       26091.71664       26145.16812                 1    0.120792739895                 0        0.13616306       59.06307483
    "BPM.16L2.B1"     "BPM.15L2.B1"       26145.16812       26198.61961                 1    0.112875293029                 0         0.1138369       59.19923789
    "BPM.15L2.B1"     "BPM.14L2.B1"       26198.61961       26252.07109                 1    0.153331595359                 0        0.13614622       59.31307479
    "BPM.14L2.B1"     "BPM.13L2.B1"       26252.07109       26305.52257                 1    0.115918914943                 0        0.11384131       59.44922101
    "BPM.13L2.B1"     "BPM.12L2.B1"       26305.52257       26358.97406                 1    0.115325702094                 0        0.13515544       59.56306232
    "BPM.12L2.B1"     "BPM.11L2.B1"       26358.97406       26412.42554                 1    0.111881061764                 0        0.11867345       59.69821776
    "BPM.11L2.B1"     "BPM.10L2.B1"       26412.42554       26464.26623                 1    0.162041577809                 0        0.14004166       59.81689121
    "BPM.10L2.B1"      "BPM.9L2.B1"       26464.26623       26503.33322                 1   0.0741067803878                 0        0.06974866       59.95693287
     "BPM.9L2.B1"      "BPM.8L2.B1"       26503.33322       26543.79821                 1    0.104161656017                 0         0.1103872       60.02668153
     "BPM.8L2.B1"      "BPM.7L2.B1"       26543.79821        26582.8662                 1   0.0622704460197                 0        0.06911606       60.13706873
     "BPM.7L2.B1"     "BPMR.6L2.B1"        26582.8662        26614.9722                 1   0.0459973773017                 0        0.04709297       60.20618479
    "BPMR.6L2.B1"    "BPMYB.5L2.B1"        26614.9722            28.288                 1    0.188093118782                 0      0.1825832217       60.25327776