@ GetLLMVersion %s "V3.0.0 Dev"
@ Command %s "/afs/cern.ch/work/o/omc/anaconda/bin/python '/afs/cern.ch/work/e/efol/public/Beta-Beat.src/GetLLM/GetLLM.py' '--accel=LHCB1' '--model=/afs/cern.ch/work/e/efol/public/betabeatGui/temp/2017-12-20/models/LHCB1/Multiturn-model_40cm_2041/twiss.dat' '--files=/afs/cern.ch/work/e/efol/public/betabeatGui/temp/2017-12-20/LHCB1/Measurements/Beam1@Turn@2017_09_11@19_02_33_250_onlydbscan/Beam1@Turn@2017_09_11@19_02_33_250_onlydbscan.sdds' '--output=/afs/cern.ch/work/e/efol/public/betabeatGui/temp/2017-12-20/LHCB1/Results/40cm_cleaned_arcs_with_dbscan_only' '--tbtana=SUSSIX' '--bpmu=mm' '--lhcphase=1' '--errordefs=/afs/cern.ch/work/e/efol/public/betabeatGui/temp/2017-12-20/models/LHCB1/Multiturn-model_40cm_2041/error_deff.txt'"
@ CWD %s "/home/efol/Workspaces/Accsoft-Eclipse-Pro/lhc-app-beta-beating"
@ Date %s "21. December 2017, 13:48:45"
@ Q1 %le 0.299858916597
@ MUX %le 0.0
@ Q2 %le 0.33142165071
@ MUY %le 0.0
@ FILES %s "/afs/cern.ch/work/e/efol/public/betabeatGui/temp/2017-12-20/LHCB1/Measurements/Beam1@Turn@2017_09_11@19_02_33_250_onlydbscan/Beam1@Turn@2017_09_11@19_02_33_250_onlydbscan.sdds.liny"
*            NAME             NAME2                 S                S1             COUNT            PHASEY            STDPHY            PHYMDL            MUYMDL
$              %s                %s               %le               %le               %le               %le               %le               %le               %le
   "BPMYB.5L2.B1"    "BPMYB.5L2.B1"            28.288            28.288                 1               0.0                 0               0.0      0.1253734494
   "BPMYB.4L2.B1"    "BPMYB.5L2.B1"            48.858            28.288                 1    0.052359707029                 0      0.0545739343      0.1799473837
   "BPMWI.4L2.B1"    "BPMYB.5L2.B1"           73.3255            28.288                 1    0.085854594334                 0      0.0887198759      0.2140933253
   "BPMSX.4L2.B1"    "BPMYB.5L2.B1"          123.4825            28.288                 1    0.165358619032                 0      0.1647299921      0.2901034415
    "BPMS.2L2.B1"    "BPMYB.5L2.B1"           161.394            28.288                 1    0.207718722882                 0      0.2048110753      0.3301845247
   "BPMSW.1L2.B1"    "BPMYB.5L2.B1"           171.328            28.288                 1    0.221934559673                 0      0.2215057332      0.3468791826
   "BPMSW.1R2.B1"    "BPMYB.5L2.B1"           214.518            28.288                 1    0.913907002558                 0        0.59331152      0.7186849694
    "BPMS.2R2.B1"    "BPMYB.5L2.B1"           224.452            28.288                 1    0.946247143875                 0      0.6154997136       0.740873163
   "BPMSX.4R2.B1"    "BPMYB.5L2.B1"          262.3635            28.288                 1  0.00162326370471                 0      0.6622130271      0.7875864765
   "BPMWB.4R2.B1"    "BPMYB.5L2.B1"          312.5965            28.288                 1   0.0609578924037                 0      0.7261845327      0.8515579821
   "BPMYB.4R2.B1"    "BPMYB.5L2.B1"           336.988            28.288                 1    0.107850196237                 0      0.7751665754      0.9005400248
    "BPMR.5R2.B1"    "BPMYB.5L2.B1"           366.522            28.288                 1    0.147863058779                 0      0.8099019845      0.9352754339
     "BPM.6R2.B1"    "BPMYB.5L2.B1"           439.818            28.288                 1    0.420494860379                 0      0.0868741466       1.212247596
   "BPM_A.7R2.B1"    "BPMYB.5L2.B1"           452.693            28.288                 1    0.456488581392                 0      0.1166086636       1.241982113
     "BPM.8R2.B1"    "BPMYB.5L2.B1"       494.1300106            28.288                 1    0.547752899871                 0      0.2037134836       1.329086933
     "BPM.9R2.B1"    "BPMYB.5L2.B1"       533.1950212            28.288                 1     0.63995837732                 0      0.3051869016       1.430560351
    "BPM.10R2.B1"    "BPMYB.5L2.B1"       573.6580318            28.288                 1     0.75557385631                 0      0.4236292356       1.549002685
    "BPM.11R2.B1"    "BPMYB.5L2.B1"       625.4967424            28.288                 1    0.938068820113                 0      0.6012886566       1.726662106
    "BPM.12R2.B1"    "BPMYB.5L2.B1"       680.2202583            28.288                 1   0.0436736997977                 0      0.7112903966       1.836663846
    "BPM.13R2.B1"    "BPMYB.5L2.B1"       733.6687742            28.288                 1    0.191181440164                 0      0.8541208576       1.979494307
    "BPM.14R2.B1"    "BPMYB.5L2.B1"       787.1172901            28.288                 1     0.30581019627                 0      0.9749135966       2.100287046
    "BPM.15R2.B1"    "BPMYB.5L2.B1"        840.565806            28.288                 1    0.444666115785                 0      0.1074871796       2.232860629
    "BPM.16R2.B1"    "BPMYB.5L2.B1"       894.0143219            28.288                 1    0.542948741791                 0      0.2067098766       2.332083326
    "BPM.17R2.B1"    "BPMYB.5L2.B1"       947.4628378            28.288                 1    0.662468332006                 0      0.3319917336       2.457365183
    "BPM.18R2.B1"    "BPMYB.5L2.B1"       1000.911354            28.288                 1    0.783440933748                 0      0.4517962406        2.57716969
    "BPM.19R2.B1"    "BPMYB.5L2.B1"        1054.35987            28.288                 1    0.925356312663                 0      0.5876464376       2.713019887
    "BPM.20R2.B1"    "BPMYB.5L2.B1"       1107.808386            28.288                 1   0.0198833904927                 0      0.6878961396       2.813269589
    "BPM.21R2.B1"    "BPMYB.5L2.B1"       1161.256901            28.288                 1    0.136452710939                 0      0.8104488216       2.935822271
    "BPM.22R2.B1"    "BPMYB.5L2.B1"       1214.705417            28.288                 1    0.262261198475                 0      0.9284883646       3.053861814
    "BPM.23R2.B1"    "BPMYB.5L2.B1"       1268.153933            28.288                 1    0.402904750934                 0      0.0665889776       3.191962427
    "BPM.24R2.B1"    "BPMYB.5L2.B1"       1321.602449            28.288                 1    0.498346610618                 0      0.1709210196       3.296294469
    "BPM.25R2.B1"    "BPMYB.5L2.B1"       1375.050965            28.288                 1    0.626190319386                 0      0.2962240686       3.421597518
    "BPM.26R2.B1"    "BPMYB.5L2.B1"       1428.499481            28.288                 1    0.746971578607                 0      0.4131750166       3.538548466
    "BPM.27R2.B1"    "BPMYB.5L2.B1"       1481.947997            28.288                 1    0.885637394115                 0      0.5526653306        3.67803878
    "BPM.28R2.B1"    "BPMYB.5L2.B1"       1535.396513            28.288                 1    0.992927290718                 0      0.6579881186       3.783361568
    "BPM.29R2.B1"    "BPMYB.5L2.B1"       1588.845029            28.288                 1    0.112498928815                 0      0.7822107746       3.907584224
    "BPM.30R2.B1"    "BPMYB.5L2.B1"       1642.293545            28.288                 1    0.228216782703                 0      0.8978852896       4.023258739
    "BPM.31R2.B1"    "BPMYB.5L2.B1"        1695.74206            28.288                 1    0.368960756953                 0      0.0385323736       4.163905823
    "BPM.32R2.B1"    "BPMYB.5L2.B1"       1749.190576            28.288                 1    0.481742929052                 0      0.1450226696       4.270396119
    "BPM.33R2.B1"    "BPMYB.5L2.B1"       1802.639092            28.288                 1    0.601347248359                 0      0.2684023956       4.393775845
    "BPM.34R2.B1"    "BPMYB.5L2.B1"       1856.087608            28.288                 1     0.70908939064                 0      0.3826620116       4.508035461
    "BPM.33L3.B1"    "BPMYB.5L2.B1"       1909.536124            28.288                 1    0.852578590197                 0      0.5241873806        4.64956083
    "BPM.32L3.B1"    "BPMYB.5L2.B1"        1962.98464            28.288                 1     0.96814694552                 0      0.6319938576       4.757367307
    "BPM.31L3.B1"    "BPMYB.5L2.B1"       2016.433156            28.288                 1   0.0906355915607                 0      0.7547867096       4.880160159
    "BPM.30L3.B1"    "BPMYB.5L2.B1"       2069.881672            28.288                 1    0.199532869531                 0      0.8675448666       4.992918316
    "BPM.29L3.B1"    "BPMYB.5L2.B1"       2123.330188            28.288                 1    0.344671369811                 0      0.0096345736       5.135008023
    "BPM.27L3.B1"    "BPMYB.5L2.B1"        2230.22722            28.288                 1    0.576573700226                 0      0.2413464926       5.366719942
    "BPM.26L3.B1"    "BPMYB.5L2.B1"       2283.675735            28.288                 1    0.685500233347                 0      0.3525686616       5.477942111
    "BPM.25L3.B1"    "BPMYB.5L2.B1"       2337.124251            28.288                 1    0.832684810378                 0      0.4948855786       5.620259028
    "BPM.24L3.B1"    "BPMYB.5L2.B1"       2390.572767            28.288                 1    0.944603173567                 0      0.6056290256       5.731002475
    "BPM.23L3.B1"    "BPMYB.5L2.B1"       2444.021283            28.288                 1   0.0680414883847                 0      0.7280603606        5.85343381
    "BPM.22L3.B1"    "BPMYB.5L2.B1"       2497.469799            28.288                 1    0.172836187789                 0      0.8377619806        5.96313543
    "BPM.21L3.B1"    "BPMYB.5L2.B1"       2550.918315            28.288                 1    0.315795663914                 0      0.9799595596       6.105333009
    "BPM.20L3.B1"    "BPMYB.5L2.B1"       2604.366831            28.288                 1    0.424557920096                 0      0.0891089946       6.214482444
    "BPM.19L3.B1"    "BPMYB.5L2.B1"       2657.815347            28.288                 1      0.5441020889                 0      0.2079609736       6.333334423
    "BPM.18L3.B1"    "BPMYB.5L2.B1"       2711.263863            28.288                 1    0.652063095328                 0      0.3155585526       6.440932002
    "BPM.17L3.B1"    "BPMYB.5L2.B1"       2764.712379            28.288                 1     0.79521414213                 0      0.4574854866       6.582858936
    "BPM.16L3.B1"    "BPMYB.5L2.B1"       2818.160894            28.288                 1    0.907696463797                 0      0.5693227376       6.694696187
    "BPM.15L3.B1"    "BPMYB.5L2.B1"        2871.60941            28.288                 1   0.0255899805697                 0      0.6887294476       6.814102897
    "BPM.14L3.B1"    "BPMYB.5L2.B1"       2925.057926            28.288                 1    0.129782627848                 0      0.7938749626       6.919248412
    "BPM.13L3.B1"    "BPMYB.5L2.B1"       2978.506442            28.288                 1     0.26785273378                 0      0.9346416426       7.060015092
    "BPM.12L3.B1"    "BPMYB.5L2.B1"       3031.954958            28.288                 1    0.381275958601                 0      0.0547104866       7.180083936
    "BPM.11L3.B1"    "BPMYB.5L2.B1"       3085.403474            28.288                 1    0.512079428819                 0      0.1793327656       7.304706215
    "BPM.10L3.B1"    "BPMYB.5L2.B1"       3138.184185            28.288                 1    0.614767863963                 0      0.2811880716       7.406561521
     "BPM.9L3.B1"    "BPMYB.5L2.B1"       3177.249195            28.288                 1    0.742641220035                 0      0.4040524886       7.529425938
     "BPM.8L3.B1"    "BPMYB.5L2.B1"       3217.712206            28.288                 1    0.915818703349                 0      0.5783012946       7.703674744
     "BPM.7L3.B1"    "BPMYB.5L2.B1"       3256.776216            28.288                 1   0.0732333216737                 0      0.7399105936       7.865284043
     "BPM.6L3.B1"    "BPMYB.5L2.B1"       3329.415216            28.288                 1    0.196225928074                 0      0.8599609876       7.985334437
  "BPMWG.A5L3.B1"    "BPMYB.5L2.B1"       3371.119716            28.288                 1    0.245993230473                 0      0.9104090216       8.035782471
    "BPMW.5L3.B1"    "BPMYB.5L2.B1"       3400.089716            28.288                 1     0.25629858016                 0      0.9273861016       8.052759551
   "BPMWE.4L3.B1"    "BPMYB.5L2.B1"       3475.217716            28.288                 1    0.343522607671                 0      0.0061019846       8.131475434
    "BPMW.4L3.B1"    "BPMYB.5L2.B1"       3502.762716            28.288                 1    0.385291158815                 0      0.0526943646       8.178067814
    "BPMW.4R3.B1"    "BPMYB.5L2.B1"       3547.727716            28.288                 1    0.417981233871                 0      0.0870985526       8.212472002
   "BPMWE.4R3.B1"    "BPMYB.5L2.B1"       3575.272716            28.288                 1    0.430292118978                 0      0.0979035766       8.223277026
    "BPMW.5R3.B1"    "BPMYB.5L2.B1"       3650.400716            28.288                 1    0.494245552473                 0      0.1662265386       8.291599988
  "BPMWJ.A5R3.B1"    "BPMYB.5L2.B1"       3679.118716            28.288                 1    0.558094064261                 0      0.2247935696       8.350167019
   "BPMWC.6R3.B1"    "BPMYB.5L2.B1"       3718.936716            28.288                 1    0.598526655815                 0      0.2676849546       8.393058404
    "BPMR.6R3.B1"    "BPMYB.5L2.B1"       3731.015216            28.288                 1     0.60621344222                 0      0.2751864756       8.400559925
   "BPM_A.7R3.B1"    "BPMYB.5L2.B1"       3786.839216            28.288                 1     0.67677761569                 0      0.3480387766       8.473412226
     "BPM.8R3.B1"    "BPMYB.5L2.B1"       3825.903227            28.288                 1    0.744238302761                 0      0.4147534606        8.54012691
     "BPM.9R3.B1"    "BPMYB.5L2.B1"       3864.968238            28.288                 1    0.797851759829                 0      0.4719247346       8.597298184
    "BPM.10R3.B1"    "BPMYB.5L2.B1"       3905.431248            28.288                 1    0.864836374264                 0      0.5379457596       8.663319209
    "BPM.11R3.B1"    "BPMYB.5L2.B1"       3958.211959            28.288                 1    0.956132722508                 0      0.6359892986       8.761362748
    "BPM.12R3.B1"    "BPMYB.5L2.B1"       4012.935475            28.288                 1   0.0768895492827                 0      0.7493108936       8.874684343
    "BPM.13R3.B1"    "BPMYB.5L2.B1"       4066.383991            28.288                 1    0.193615515605                 0      0.8658140986       8.991187548
    "BPM.14R3.B1"    "BPMYB.5L2.B1"       4119.832506            28.288                 1    0.333392633568                 0      0.0064991876       9.131872637
    "BPM.15R3.B1"    "BPMYB.5L2.B1"       4173.281022            28.288                 1    0.468369161711                 0      0.1123717426       9.237745192
    "BPM.17R3.B1"    "BPMYB.5L2.B1"       4280.178054            28.288                 1    0.665242835107                 0      0.3431262646       9.468499714
    "BPM.18R3.B1"    "BPMYB.5L2.B1"        4333.62657            28.288                 1    0.817994399679                 0      0.4847169546       9.610090404
    "BPM.19R3.B1"    "BPMYB.5L2.B1"       4387.075086            28.288                 1    0.924844875519                 0      0.5930091876       9.718382637
    "BPM.20R3.B1"    "BPMYB.5L2.B1"       4440.523602            28.288                 1   0.0497487212137                 0      0.7122621106        9.83763556
    "BPM.21R3.B1"    "BPMYB.5L2.B1"       4493.972118            28.288                 1    0.152514097858                 0      0.8208166466       9.946190096
    "BPM.22R3.B1"    "BPMYB.5L2.B1"       4547.420634            28.288                 1    0.295161514666                 0      0.9624529506        10.0878264
    "BPM.23R3.B1"    "BPMYB.5L2.B1"        4600.86915            28.288                 1    0.405718553609                 0      0.0764934206       10.20186687
    "BPM.24R3.B1"    "BPMYB.5L2.B1"       4654.317666            28.288                 1    0.529105455256                 0      0.1997641106       10.32513756
    "BPM.25R3.B1"    "BPMYB.5L2.B1"       4707.766181            28.288                 1    0.634824720748                 0      0.3064406106       10.43181406
    "BPM.26R3.B1"    "BPMYB.5L2.B1"       4761.214697            28.288                 1    0.783623822865                 0      0.4472425406       10.57261599
    "BPM.27R3.B1"    "BPMYB.5L2.B1"       4814.663213            28.288                 1    0.900563720642                 0      0.5627149906       10.68808844
    "BPM.28R3.B1"    "BPMYB.5L2.B1"       4868.111729            28.288                 1   0.0240769956847                 0      0.6867916606       10.81216511
    "BPM.29R3.B1"    "BPMYB.5L2.B1"       4921.560245            28.288                 1    0.132081617329                 0      0.7922758806       10.91764933
    "BPM.30R3.B1"    "BPMYB.5L2.B1"       4975.008761            28.288                 1    0.268543405389                 0      0.9319594406       11.05733289
    "BPM.31R3.B1"    "BPMYB.5L2.B1"       5028.457277            28.288                 1    0.386341577427                 0      0.0487330106       11.17410646
    "BPM.32R3.B1"    "BPMYB.5L2.B1"       5081.905793            28.288                 1    0.505612612992                 0      0.1738564406       11.29922989
    "BPM.33R3.B1"    "BPMYB.5L2.B1"       5135.354309            28.288                 1    0.619177345476                 0      0.2783214006       11.40369485
    "BPM.34R3.B1"    "BPMYB.5L2.B1"       5188.802825            28.288                 1    0.753863007777                 0      0.4166461706       11.54201962
    "BPM.33L4.B1"    "BPMYB.5L2.B1"        5242.25134            28.288                 1    0.861071741025                 0      0.5345401906       11.65991364
    "BPM.32L4.B1"    "BPMYB.5L2.B1"       5295.699856            28.288                 1    0.993779013624                 0      0.6609271106       11.78630056
    "BPM.31L4.B1"    "BPMYB.5L2.B1"       5349.148372            28.288                 1   0.0962764022422                 0      0.7645690406       11.88994249
    "BPM.30L4.B1"    "BPMYB.5L2.B1"       5402.596888            28.288                 1    0.239847990476                 0      0.9013466706       12.02672012
    "BPM.29L4.B1"    "BPMYB.5L2.B1"       5456.045404            28.288                 1    0.378987480397                 0      0.0201356806       12.14550913
    "BPM.28L4.B1"    "BPMYB.5L2.B1"        5509.49392            28.288                 1    0.479258513061                 0      0.1479722406       12.27334569
    "BPM.27L4.B1"    "BPMYB.5L2.B1"       5562.942436            28.288                 1    0.581095909868                 0      0.2510050706       12.37637852
    "BPM.26L4.B1"    "BPMYB.5L2.B1"       5616.390952            28.288                 1    0.719911907422                 0      0.3861042306       12.51147768
    "BPM.25L4.B1"    "BPMYB.5L2.B1"       5669.839468            28.288                 1    0.843859185795                 0      0.5055257606       12.63089921
    "BPM.24L4.B1"    "BPMYB.5L2.B1"       5723.287984            28.288                 1    0.972091328077                 0      0.6349608306       12.76033428
    "BPM.23L4.B1"    "BPMYB.5L2.B1"         5776.7365            28.288                 1   0.0712566932277                 0      0.7376110006       12.86298445
    "BPM.22L4.B1"    "BPMYB.5L2.B1"       5830.185015            28.288                 1    0.207385264509                 0      0.8709594306       12.99633288
    "BPM.21L4.B1"    "BPMYB.5L2.B1"       5883.633531            28.288                 1    0.321952538642                 0      0.9907241906       13.11609764
    "BPM.20L4.B1"    "BPMYB.5L2.B1"       5937.082047            28.288                 1    0.452195127731                 0      0.1225205606       13.24789401
    "BPM.19L4.B1"    "BPMYB.5L2.B1"       5990.530563            28.288                 1    0.556627085922                 0      0.2225546706       13.34792812
    "BPM.17L4.B1"    "BPMYB.5L2.B1"       6097.427595            28.288                 1    0.801165564504                 0      0.4678722906       13.59324574
    "BPM.16L4.B1"    "BPMYB.5L2.B1"       6150.876111            28.288                 1    0.937631976312                 0      0.6026572606       13.72803071
    "BPM.15L4.B1"    "BPMYB.5L2.B1"       6204.324627            28.288                 1   0.0480169371567                 0      0.7035271706       13.82890062
    "BPM.14L4.B1"    "BPMYB.5L2.B1"       6257.773143            28.288                 1    0.170425903863                 0      0.8272459206       13.95261937
    "BPM.13L4.B1"    "BPMYB.5L2.B1"       6311.221659            28.288                 1    0.284651480293                 0      0.9448200506        14.0701935
    "BPM.12L4.B1"    "BPMYB.5L2.B1"       6364.670174            28.288                 1    0.422107424535                 0      0.0819037106       14.20727716
    "BPM.11L4.B1"    "BPMYB.5L2.B1"        6418.11869            28.288                 1    0.527310797338                 0      0.1800563306       14.30542978
    "BPM.10L4.B1"    "BPMYB.5L2.B1"       6469.957401            28.288                 1    0.631488039901                 0      0.2911251006       14.41649855
     "BPM.9L4.B1"    "BPMYB.5L2.B1"       6509.022412            28.288                 1    0.694641977571                 0      0.3535614606       14.47893491
     "BPM.7L4.B1"    "BPMYB.5L2.B1"       6588.549433            28.288                 1    0.828321623237                 0      0.5017893206       14.62716277
   "BPMYB.6L4.B1"    "BPMYB.5L2.B1"       6685.153433            28.288                 1    0.915402783706                 0      0.5800991206       14.70547257
   "BPMYA.5L4.B1"    "BPMYB.5L2.B1"       6722.153433            28.288                 1    0.929962545864                 0      0.5946694906       14.72004294
  "BPMWI.A5L4.B1"    "BPMYB.5L2.B1"       6798.755933            28.288                 1    0.983799443402                 0      0.6507338406       14.77610729
  "BPMWA.B5L4.B1"    "BPMYB.5L2.B1"       6824.619933            28.288                 1  0.00684787004171                 0      0.6702640106       14.79563746
  "BPMWA.A5L4.B1"    "BPMYB.5L2.B1"       6833.504933            28.288                 1   0.0136668774567                 0      0.6768506806       14.80222413
  "BPMWA.A5R4.B1"    "BPMYB.5L2.B1"       6881.553933            28.288                 1   0.0407434245047                 0      0.7103440206       14.83571747
  "BPMWA.B5R4.B1"    "BPMYB.5L2.B1"       6890.438933            28.288                 1   0.0406336274667                 0      0.7160346706       14.84140812
   "BPMYB.5R4.B1"    "BPMYB.5L2.B1"       6992.829433            28.288                 1    0.102165978188                 0      0.7686068706       14.89398032
   "BPMYA.6R4.B1"    "BPMYB.5L2.B1"       7024.393433            28.288                 1    0.129464485268                 0      0.7917093706       14.91708282
     "BPM.7R4.B1"    "BPMYB.5L2.B1"       7120.909433            28.288                 1    0.244871993362                 0      0.9140397706       15.03941322
     "BPM.8R4.B1"    "BPMYB.5L2.B1"       7158.698443            28.288                 1    0.366270488564                 0      0.0372929406       15.16266639
     "BPM.9R4.B1"    "BPMYB.5L2.B1"       7197.763454            28.288                 1    0.572335232703                 0      0.2420404406       15.36741389
    "BPM.10R4.B1"    "BPMYB.5L2.B1"       7238.226465            28.288                 1    0.653082540316                 0      0.3191502306       15.44452368
    "BPM.11R4.B1"    "BPMYB.5L2.B1"       7290.065175            28.288                 1    0.757102747117                 0      0.4278234106       15.55319686
    "BPM.12R4.B1"    "BPMYB.5L2.B1"       7344.788691            28.288                 1    0.861733929611                 0      0.5326414406       15.65801489
    "BPM.13R4.B1"    "BPMYB.5L2.B1"       7398.237207            28.288                 1    0.990997956992                 0      0.6613798006       15.78675325
    "BPM.14R4.B1"    "BPMYB.5L2.B1"       7451.685723            28.288                 1    0.110394723023                 0      0.7837091806       15.90908263
    "BPM.15R4.B1"    "BPMYB.5L2.B1"       7505.134239            28.288                 1    0.253016676875                 0      0.9232205806       16.04859403
    "BPM.16R4.B1"    "BPMYB.5L2.B1"       7558.582755            28.288                 1    0.356497824129                 0      0.0289807606       16.15435421
    "BPM.17R4.B1"    "BPMYB.5L2.B1"       7612.031271            28.288                 1    0.484954770403                 0      0.1613292406       16.28670269
    "BPM.18R4.B1"    "BPMYB.5L2.B1"       7665.479786            28.288                 1    0.608696297992                 0      0.2836566106       16.40903006
    "BPM.19R4.B1"    "BPMYB.5L2.B1"       7718.928302            28.288                 1    0.750564867803                 0      0.4231740506        16.5485475
    "BPM.20R4.B1"    "BPMYB.5L2.B1"       7772.376818            28.288                 1    0.852844063302                 0      0.5289359206       16.65430937
    "BPM.21R4.B1"    "BPMYB.5L2.B1"       7825.825334            28.288                 1    0.983903995021                 0      0.6612788206       16.78665227
    "BPM.22R4.B1"    "BPMYB.5L2.B1"        7879.27385            28.288                 1    0.096617246655                 0      0.7836040506        16.9089775
    "BPM.23R4.B1"    "BPMYB.5L2.B1"       7932.722366            28.288                 1    0.245932564851                 0      0.9231279606       17.04850141
    "BPM.24R4.B1"    "BPMYB.5L2.B1"       7986.170882            28.288                 1    0.354274975211                 0      0.0288964306       17.15426988
    "BPM.25R4.B1"    "BPMYB.5L2.B1"       8039.619398            28.288                 1    0.483316121222                 0      0.1612413906       17.28661484
    "BPM.26R4.B1"    "BPMYB.5L2.B1"       8093.067914            28.288                 1     0.60583160325                 0      0.2835650306       17.40893848
    "BPM.27R4.B1"    "BPMYB.5L2.B1"        8146.51643            28.288                 1    0.748998678081                 0      0.4230934106       17.54846686
    "BPM.28R4.B1"    "BPMYB.5L2.B1"       8199.964946            28.288                 1    0.848149177286                 0      0.5288631506        17.6542366
    "BPM.29R4.B1"    "BPMYB.5L2.B1"       8253.413461            28.288                 1    0.988184756936                 0      0.6612039606       17.78657741
    "BPM.30R4.B1"    "BPMYB.5L2.B1"       8306.861977            28.288                 1    0.106505784775                 0      0.7835260006       17.90889945
    "BPM.31R4.B1"    "BPMYB.5L2.B1"       8360.310493            28.288                 1    0.250637512013                 0      0.9230588706       18.04843232
    "BPM.32R4.B1"    "BPMYB.5L2.B1"       8413.759009            28.288                 1    0.361135350233                 0      0.0288298606       18.15420331
    "BPM.33R4.B1"    "BPMYB.5L2.B1"       8467.207525            28.288                 1    0.493597087987                 0      0.1611665306       18.28653998
    "BPM.34R4.B1"    "BPMYB.5L2.B1"       8520.656041            28.288                 1    0.611566381227                 0      0.2834869806       18.40886043
    "BPM.33L5.B1"    "BPMYB.5L2.B1"       8574.104557            28.288                 1    0.750327451737                 0      0.4230243306       18.54839778
    "BPM.32L5.B1"    "BPMYB.5L2.B1"       8627.553073            28.288                 1    0.862427103785                 0      0.5287965706       18.65417002
    "BPM.31L5.B1"    "BPMYB.5L2.B1"       8681.001589            28.288                 1     0.99197846655                 0      0.6611291006       18.78650255
    "BPM.30L5.B1"    "BPMYB.5L2.B1"       8734.450105            28.288                 1    0.104120021328                 0      0.7834479506        18.9088214
    "BPM.29L5.B1"    "BPMYB.5L2.B1"        8787.89862            28.288                 1    0.254008522925                 0      0.9229897806       19.04836323
    "BPM.28L5.B1"    "BPMYB.5L2.B1"       8841.347136            28.288                 1    0.356499210647                 0      0.0287632906       19.15413674
    "BPM.27L5.B1"    "BPMYB.5L2.B1"       8894.795652            28.288                 1    0.490772513184                 0      0.1610916706       19.28646512
    "BPM.26L5.B1"    "BPMYB.5L2.B1"       8948.244168            28.288                 1    0.608567125727                 0      0.2834089306       19.40878238
    "BPM.25L5.B1"    "BPMYB.5L2.B1"       9001.692684            28.288                 1    0.748716685869                 0      0.4229552406       19.54832869
    "BPM.24L5.B1"    "BPMYB.5L2.B1"         9055.1412            28.288                 1     0.86212912365                 0      0.5287300006       19.65410345
    "BPM.23L5.B1"    "BPMYB.5L2.B1"       9108.589716            28.288                 1    0.995386487999                 0      0.6610542506        19.7864277
    "BPM.22L5.B1"    "BPMYB.5L2.B1"       9162.038232            28.288                 1    0.109515130223                 0      0.7833699006       19.90874335
    "BPM.21L5.B1"    "BPMYB.5L2.B1"       9215.486748            28.288                 1    0.256759965499                 0      0.9229206906       20.04829414
    "BPM.20L5.B1"    "BPMYB.5L2.B1"       9268.935264            28.288                 1    0.362579916889                 0      0.0286921206       20.15406557
    "BPM.19L5.B1"    "BPMYB.5L2.B1"       9322.383779            28.288                 1    0.491344376323                 0      0.1610042206       20.28637767
    "BPM.18L5.B1"    "BPMYB.5L2.B1"       9375.832295            28.288                 1    0.610147438914                 0      0.2833173306       20.40869078
    "BPM.17L5.B1"    "BPMYB.5L2.B1"       9429.280811            28.288                 1    0.747855529641                 0      0.4228741506        20.5482476
    "BPM.16L5.B1"    "BPMYB.5L2.B1"       9482.729327            28.288                 1    0.850893785273                 0      0.5286472806       20.65402073
    "BPM.15L5.B1"    "BPMYB.5L2.B1"       9536.177843            28.288                 1    0.983762713236                 0      0.6609538206       20.78632727
    "BPM.14L5.B1"    "BPMYB.5L2.B1"       9589.626359            28.288                 1    0.100155037866                 0      0.7832647606       20.90863821
    "BPM.13L5.B1"    "BPMYB.5L2.B1"       9643.074875            28.288                 1    0.246835896572                 0      0.9228276206       21.04820107
    "BPM.12L5.B1"    "BPMYB.5L2.B1"       9696.523391            28.288                 1    0.351578637704                 0      0.0219888306       21.14736228
    "BPM.11L5.B1"    "BPMYB.5L2.B1"       9749.971907            28.288                 1     0.47148919657                 0      0.1446545306       21.27002798
    "BPM.10L5.B1"    "BPMYB.5L2.B1"       9802.752617            28.288                 1     0.55570979116                 0      0.2334104306       21.35878388
     "BPM.9L5.B1"    "BPMYB.5L2.B1"       9841.817628            28.288                 1    0.624487610465                 0      0.2998957606       21.42526921
     "BPM.8L5.B1"    "BPMYB.5L2.B1"       9882.280639            28.288                 1    0.762622931309                 0      0.4284686706       21.55384212
    "BPMR.7L5.B1"    "BPMYB.5L2.B1"       9921.346649            28.288                 1  0.00795117871071                 0      0.6829799306       21.80835338
     "BPM.6L5.B1"    "BPMYB.5L2.B1"       9958.240649            28.288                 1    0.129147087321                 0      0.8227005306       21.94807398
    "BPMR.5L5.B1"    "BPMYB.5L2.B1"       9990.140649            28.288                 1    0.441365471097                 0      0.1168110906       22.24218454
   "BPMYA.4L5.B1"    "BPMYB.5L2.B1"       10017.54665            28.288                 1    0.465953271752                 0      0.1373855706       22.26275902
   "BPMWB.4L5.B1"    "BPMYB.5L2.B1"       10038.68115            28.288                 1    0.469740852088                 0      0.1437288706       22.26910232
   "BPMSY.4L5.B1"    "BPMYB.5L2.B1"       10131.46115            28.288                 1    0.476002274526                 0      0.1511000506        22.2764735
    "BPMS.2L5.B1"    "BPMYB.5L2.B1"       10158.24665            28.288                 1    0.478728104906                 0      0.1528048306       22.27817828
   "BPMSW.1L5.B1"    "BPMYB.5L2.B1"       10168.21165            28.288                 1    0.479604827848                 0      0.1539122806       22.27928573
   "BPMSW.1R5.B1"    "BPMYB.5L2.B1"       10211.33965            28.288                 1    0.974779067428                 0      0.6478448306       22.77321828
    "BPMS.2R5.B1"    "BPMYB.5L2.B1"       10221.30465            28.288                 1    0.981030631268                 0      0.6487024206       22.77407587
   "BPMSY.4R5.B1"    "BPMYB.5L2.B1"       10248.09015            28.288                 1    0.975186547884                 0      0.6498743506        22.7752478
   "BPMWB.4R5.B1"    "BPMYB.5L2.B1"       10340.87015            28.288                 1    0.984163254584                 0      0.6582967806       22.78367023
   "BPMYA.4R5.B1"    "BPMYB.5L2.B1"       10362.00265            28.288                 1     0.98552628691                 0      0.6612019006       22.78657535
     "BPM.5R5.B1"    "BPMYB.5L2.B1"       10383.12065            28.288                 1    0.992311957515                 0      0.6657623806       22.79113583
    "BPMR.6R5.B1"    "BPMYB.5L2.B1"       10415.02065            28.288                 1   0.0106701448107                 0      0.6820143306       22.80738778
   "BPM_A.7R5.B1"    "BPMYB.5L2.B1"       10449.03465            28.288                 1    0.107111002152                 0      0.7756884606       22.90106191
     "BPM.8R5.B1"    "BPMYB.5L2.B1"       10490.47364            28.288                 1    0.309691810006                 0      0.9848564406       23.11022989
     "BPM.9R5.B1"    "BPMYB.5L2.B1"       10529.54063            28.288                 1    0.384375780558                 0      0.0589600006       23.18433345
    "BPM.10R5.B1"    "BPMYB.5L2.B1"       10570.00562            28.288                 1    0.473055737878                 0      0.1481578106       23.27353126
    "BPM.11R5.B1"    "BPMYB.5L2.B1"       10622.78831            28.288                 1    0.585340772246                 0      0.2728711506        23.3982446
    "BPM.12R5.B1"    "BPMYB.5L2.B1"       10677.51479            28.288                 1    0.748923796862                 0      0.4234997306       23.54887318
    "BPM.13R5.B1"    "BPMYB.5L2.B1"       10730.96627            28.288                 1    0.860744935736                 0      0.5297379206       23.65511137
    "BPM.14R5.B1"    "BPMYB.5L2.B1"       10784.41776            28.288                 1    0.986344314801                 0      0.6621992106       23.78757266
    "BPM.15R5.B1"    "BPMYB.5L2.B1"       10837.86924            28.288                 1    0.110767604909                 0      0.7845659406       23.90993939
    "BPM.16R5.B1"    "BPMYB.5L2.B1"       10891.32073            28.288                 1    0.253851630899                 0      0.9239821806       24.04935563
    "BPM.17R5.B1"    "BPMYB.5L2.B1"       10944.77221            28.288                 1    0.361305017377                 0      0.0297269206       24.15510037
    "BPM.18R5.B1"    "BPMYB.5L2.B1"        10998.2237            28.288                 1    0.490141110002                 0      0.1621862106       24.28755966
    "BPM.19R5.B1"    "BPMYB.5L2.B1"       11051.67518            28.288                 1    0.616326645342                 0      0.2845524006       24.40992585
    "BPM.20R5.B1"    "BPMYB.5L2.B1"       11105.12666            28.288                 1    0.757902066073                 0      0.4239702106       24.54934366
    "BPM.21R5.B1"    "BPMYB.5L2.B1"       11158.57815            28.288                 1    0.854771178933                 0      0.5297153606       24.65508881
    "BPM.22R5.B1"    "BPMYB.5L2.B1"       11212.02963            28.288                 1    0.994692834075                 0      0.6621732106       24.78754666
    "BPM.23R5.B1"    "BPMYB.5L2.B1"       11265.48112            28.288                 1    0.122674961702                 0      0.7845442606       24.90991771
    "BPM.24R5.B1"    "BPMYB.5L2.B1"        11318.9326            28.288                 1    0.260717318575                 0      0.9239698606       25.04934331
    "BPM.25R5.B1"    "BPMYB.5L2.B1"       11372.38408            28.288                 1    0.368923970678                 0      0.0297153606       25.15508881
    "BPM.26R5.B1"    "BPMYB.5L2.B1"       11425.83557            28.288                 1     0.49588553847                 0      0.1621732106       25.28754666
    "BPM.27R5.B1"    "BPMYB.5L2.B1"       11479.28705            28.288                 1     0.62321412677                 0      0.2845442606       25.40991771
    "BPM.28R5.B1"    "BPMYB.5L2.B1"       11532.73854            28.288                 1     0.75712669746                 0      0.4239698606       25.54934331
    "BPM.29R5.B1"    "BPMYB.5L2.B1"       11586.19002            28.288                 1     0.86109009744                 0      0.5297153606       25.65508881
    "BPM.30R5.B1"    "BPMYB.5L2.B1"        11639.6415            28.288                 1 9.08871287062e-05                 0      0.6621732106       25.78754666
    "BPM.31R5.B1"    "BPMYB.5L2.B1"       11693.09299            28.288                 1    0.116743751676                 0      0.7845442606       25.90991771
    "BPM.32R5.B1"    "BPMYB.5L2.B1"       11746.54447            28.288                 1    0.253245173567                 0      0.9239698606       26.04934331
    "BPM.33R5.B1"    "BPMYB.5L2.B1"       11799.99596            28.288                 1    0.362113951472                 0      0.0297153606       26.15508881
    "BPM.34R5.B1"    "BPMYB.5L2.B1"       11853.44744            28.288                 1    0.494704873115                 0      0.1621732106       26.28754666
    "BPM.33L6.B1"    "BPMYB.5L2.B1"       11906.89893            28.288                 1    0.611263270755                 0      0.2845442606       26.40991771
    "BPM.32L6.B1"    "BPMYB.5L2.B1"       11960.35041            28.288                 1    0.749880759176                 0      0.4239698606       26.54934331
    "BPM.31L6.B1"    "BPMYB.5L2.B1"       12013.80189            28.288                 1    0.858438700985                 0      0.5297153606       26.65508881
    "BPM.30L6.B1"    "BPMYB.5L2.B1"       12067.25338            28.288                 1    0.992491510446                 0      0.6621732106       26.78754666
    "BPM.29L6.B1"    "BPMYB.5L2.B1"       12120.70486            28.288                 1    0.121970858333                 0      0.7845442606       26.90991771
    "BPM.28L6.B1"    "BPMYB.5L2.B1"       12174.15635            28.288                 1     0.25413687872                 0      0.9239698606       27.04934331
    "BPM.27L6.B1"    "BPMYB.5L2.B1"       12227.60783            28.288                 1    0.353080396038                 0      0.0297153606       27.15508881
    "BPM.26L6.B1"    "BPMYB.5L2.B1"       12281.05931            28.288                 1     0.48673043455                 0      0.1621732106       27.28754666
    "BPM.25L6.B1"    "BPMYB.5L2.B1"        12334.5108            28.288                 1    0.611299957358                 0      0.2845442606       27.40991771
    "BPM.24L6.B1"    "BPMYB.5L2.B1"       12387.96228            28.288                 1    0.749714021397                 0      0.4239698606       27.54934331
    "BPM.23L6.B1"    "BPMYB.5L2.B1"       12441.41377            28.288                 1    0.835560242387                 0      0.5297153606       27.65508881
    "BPM.22L6.B1"    "BPMYB.5L2.B1"       12494.86525            28.288                 1    0.989999673873                 0      0.6621732106       27.78754666
    "BPM.21L6.B1"    "BPMYB.5L2.B1"       12548.31673            28.288                 1    0.114150997776                 0      0.7845442606       27.90991771
    "BPM.20L6.B1"    "BPMYB.5L2.B1"       12601.76822            28.288                 1    0.249720759805                 0      0.9239694306       28.04934288
    "BPM.19L6.B1"    "BPMYB.5L2.B1"        12655.2197            28.288                 1    0.350176035682                 0      0.0297100106       28.15508346
    "BPM.18L6.B1"    "BPMYB.5L2.B1"       12708.67119            28.288                 1    0.490187623489                 0      0.1621602106       28.28753366
    "BPM.17L6.B1"    "BPMYB.5L2.B1"       12762.12267            28.288                 1    0.611415187437                 0      0.2845307206       28.40990417
    "BPM.16L6.B1"    "BPMYB.5L2.B1"       12815.57415            28.288                 1    0.756657037236                 0      0.4239574506        28.5493309
    "BPM.15L6.B1"    "BPMYB.5L2.B1"       12869.02564            28.288                 1    0.843569309946                 0      0.5296984606       28.65507191
    "BPM.14L6.B1"    "BPMYB.5L2.B1"       12922.47712            28.288                 1    0.996258116196                 0      0.6621472106       28.78752066
    "BPM.13L6.B1"    "BPMYB.5L2.B1"       12975.92861            28.288                 1    0.123010655998                 0      0.7845171806       28.90989063
    "BPM.12L6.B1"    "BPMYB.5L2.B1"       13029.38009            28.288                 1    0.257081940746                 0      0.9236453606       29.04901881
    "BPM.11L6.B1"    "BPMYB.5L2.B1"       13082.83158            28.288                 1    0.373383724201                 0      0.0414664206       29.16683987
    "BPM.10L6.B1"    "BPMYB.5L2.B1"       13134.67226            28.288                 1    0.521041671859                 0      0.1866465206       29.31201997
     "BPM.9L6.B1"    "BPMYB.5L2.B1"       13173.73925            28.288                 1    0.642628656946                 0      0.3089990006       29.43437245
     "BPM.8L6.B1"    "BPMYB.5L2.B1"       13214.20424            28.288                 1    0.855976785245                 0      0.5281943906       29.65356784
   "BPMYA.5L6.B1"    "BPMYB.5L2.B1"       13311.29423            28.288                 1    0.954070018168                 0      0.6257320706       29.75110552
   "BPMYB.4L6.B1"    "BPMYB.5L2.B1"       13347.69423            28.288                 1    0.978335737553                 0      0.6448888606       29.77026231
   "BPMSE.4L6.B1"    "BPMYB.5L2.B1"       13476.94473            28.288                 1   0.0183272758377                 0      0.6985854806       29.82395893
   "BPMSA.4R6.B1"    "BPMYB.5L2.B1"       13568.51473            28.288                 1    0.104688648836                 0      0.7893050106       29.91467846
   "BPMYA.4R6.B1"    "BPMYB.5L2.B1"       13691.29423            28.288                 1     0.26785883088                 0      0.9357803106       30.06115376
   "BPMYB.5R6.B1"    "BPMYB.5L2.B1"       13727.69423            28.288                 1     0.28425441555                 0      0.9527360606       30.07810951
     "BPM.8R6.B1"    "BPMYB.5L2.B1"       13823.42122            28.288                 1    0.408345334452                 0      0.0853575406       30.21073099
    "BPM.10R6.B1"    "BPMYB.5L2.B1"        13902.9532            28.288                 1    0.686256297262                 0      0.3653283906       30.49070184
    "BPM.11R6.B1"    "BPMYB.5L2.B1"       13954.79389            28.288                 1     0.82974176022                 0      0.5053786306       30.63075208
    "BPM.12R6.B1"    "BPMYB.5L2.B1"       14009.52037            28.288                 1    0.932982904422                 0      0.6125788106       30.73795226
    "BPM.13R6.B1"    "BPMYB.5L2.B1"       14062.97186            28.288                 1   0.0804199260557                 0      0.7544602606       30.87983371
    "BPM.14R6.B1"    "BPMYB.5L2.B1"       14116.42334            28.288                 1    0.202025479581                 0      0.8788712006       31.00424465
    "BPM.15R6.B1"    "BPMYB.5L2.B1"       14169.87483            28.288                 1    0.335709934461                 0      0.0101974406       31.13557089
    "BPM.16R6.B1"    "BPMYB.5L2.B1"       14223.32631            28.288                 1    0.451499182198                 0      0.1224251306       31.24779858
    "BPM.17R6.B1"    "BPMYB.5L2.B1"       14276.77779            28.288                 1    0.607176939084                 0      0.2764046406       31.40177809
    "BPM.19R6.B1"    "BPMYB.5L2.B1"       14383.68076            28.288                 1    0.858574654009                 0      0.5282838006       31.65365725
    "BPM.20R6.B1"    "BPMYB.5L2.B1"       14437.13225            28.288                 1    0.975160082935                 0      0.6429527806       31.76832623
    "BPM.21R6.B1"    "BPMYB.5L2.B1"       14490.58373            28.288                 1     0.13450793619                 0      0.7980809406       31.92345439
    "BPM.22R6.B1"    "BPMYB.5L2.B1"       14544.03522            28.288                 1    0.245078524805                 0      0.9170651206       32.04243857
    "BPM.23R6.B1"    "BPMYB.5L2.B1"        14597.4867            28.288                 1     0.38564677575                 0      0.0472479006       32.17262135
    "BPM.24R6.B1"    "BPMYB.5L2.B1"       14650.93818            28.288                 1    0.493432062352                 0      0.1613078806       32.28668133
    "BPM.25R6.B1"    "BPMYB.5L2.B1"       14704.38967            28.288                 1    0.646077701054                 0      0.3117058906       32.43707934
    "BPM.26R6.B1"    "BPMYB.5L2.B1"       14757.84115            28.288                 1     0.76956800529                 0      0.4292520706       32.55462552
    "BPM.27R6.B1"    "BPMYB.5L2.B1"       14811.29264            28.288                 1    0.893334804106                 0      0.5591444406       32.68451789
    "BPM.29R6.B1"    "BPMYB.5L2.B1"        14918.1956            28.288                 1    0.158930410448                 0      0.8252070706       32.95058052
    "BPM.30R6.B1"    "BPMYB.5L2.B1"       14971.64709            28.288                 1    0.276095224114                 0      0.9413077306       33.06668118
    "BPM.31R6.B1"    "BPMYB.5L2.B1"       15025.09857            28.288                 1    0.405874729237                 0      0.0711460706       33.19651952
    "BPM.33R6.B1"    "BPMYB.5L2.B1"       15132.00154            28.288                 1    0.670523790014                 0      0.3385649306       33.46393838
    "BPM.34R6.B1"    "BPMYB.5L2.B1"       15185.45302            28.288                 1    0.785015225776                 0      0.4532496606       33.57862311
    "BPM.33L7.B1"    "BPMYB.5L2.B1"       15238.90451            28.288                 1    0.910876177986                 0      0.5832712706       33.70864472
    "BPM.32L7.B1"    "BPMYB.5L2.B1"       15292.35599            28.288                 1   0.0307457402377                 0      0.7016047906       33.82697824
    "BPM.31L7.B1"    "BPMYB.5L2.B1"       15345.80748            28.288                 1     0.18298447346                 0      0.8517645506         33.977138
    "BPM.30L7.B1"    "BPMYB.5L2.B1"       15399.25896            28.288                 1    0.282992930378                 0      0.9650973206       34.09047077
    "BPM.29L7.B1"    "BPMYB.5L2.B1"       15452.71045            28.288                 1    0.425002112914                 0      0.0955363606       34.22090981
    "BPM.28L7.B1"    "BPMYB.5L2.B1"       15506.16193            28.288                 1    0.536959580689                 0      0.2152870306       34.34066048
    "BPM.27L7.B1"    "BPMYB.5L2.B1"       15559.61341            28.288                 1    0.692793744044                 0      0.3647960906       34.49016954
    "BPM.26L7.B1"    "BPMYB.5L2.B1"        15613.0649            28.288                 1    0.810559496072                 0      0.4768716806       34.60224513
    "BPM.25L7.B1"    "BPMYB.5L2.B1"       15666.51638            28.288                 1    0.935641169447                 0      0.6079549906       34.73332844
    "BPM.24L7.B1"    "BPMYB.5L2.B1"       15719.96787            28.288                 1   0.0608163280617                 0      0.7290539506        34.8544274
    "BPM.23L7.B1"    "BPMYB.5L2.B1"       15773.41935            28.288                 1    0.200797987829                 0      0.8776546906       35.00302814
    "BPM.22L7.B1"    "BPMYB.5L2.B1"       15826.87083            28.288                 1    0.317625701412                 0      0.9885947906       35.11396824
    "BPM.21L7.B1"    "BPMYB.5L2.B1"       15880.32232            28.288                 1    0.448775768261                 0      0.1205376606       35.24591111
    "BPM.20L7.B1"    "BPMYB.5L2.B1"        15933.7738            28.288                 1    0.572055491924                 0      0.2469956606       35.37236911
    "BPM.19L7.B1"    "BPMYB.5L2.B1"       15987.22529            28.288                 1    0.730478592105                 0      0.3978641306       35.52323758
    "BPM.18L7.B1"    "BPMYB.5L2.B1"       16040.67677            28.288                 1    0.837488364599                 0      0.5064032906       35.63177674
    "BPM.17L7.B1"    "BPMYB.5L2.B1"       16094.12825            28.288                 1     0.97324545471                 0      0.6407166506        35.7660901
    "BPM.16L7.B1"    "BPMYB.5L2.B1"       16147.57974            28.288                 1   0.0960098058646                 0      0.7691968506        35.8945703
    "BPM.15L7.B1"    "BPMYB.5L2.B1"       16201.03122            28.288                 1    0.252407885223                 0      0.9169897206       36.04236317
    "BPM.14L7.B1"    "BPMYB.5L2.B1"       16254.48271            28.288                 1    0.358342407979                 0      0.0242536806       36.14962713
    "BPM.13L7.B1"    "BPMYB.5L2.B1"       16307.93419            28.288                 1     0.49173752245                 0      0.1614486106       36.28682206
    "BPM.12L7.B1"    "BPMYB.5L2.B1"       16361.38567            28.288                 1    0.616377825811                 0      0.2785915406       36.40396499
    "BPM.11L7.B1"    "BPMYB.5L2.B1"       16414.83716            28.288                 1    0.745188685161                 0      0.4096718406       36.53504529
    "BPM.10L7.B1"    "BPMYB.5L2.B1"       16467.61985            28.288                 1      0.8375015468                 0      0.4958721506        36.6212456
     "BPM.9L7.B1"    "BPMYB.5L2.B1"       16506.68684            28.288                 1    0.905001961025                 0      0.5697464306       36.69511988
     "BPM.7L7.B1"    "BPMYB.5L2.B1"       16586.21782            28.288                 1   0.0376010527397                 0      0.7090316506        36.8344051
     "BPM.6L7.B1"    "BPMYB.5L2.B1"       16621.03582            28.288                 1     0.11335777055                 0      0.7803998806       36.90577333
   "BPMWC.6L7.B1"    "BPMYB.5L2.B1"       16633.13832            28.288                 1    0.148558472989                 0      0.8249900906       36.95036354
   "BPMWE.5L7.B1"    "BPMYB.5L2.B1"       16710.19232            28.288                 1    0.263614441512                 0      0.9310370906       37.05641054
    "BPMW.5L7.B1"    "BPMYB.5L2.B1"       16733.39732            28.288                 1    0.280587389552                 0      0.9418566806       37.06723013
   "BPMWE.4L7.B1"    "BPMYB.5L2.B1"       16768.48232            28.288                 1    0.301172466195                 0      0.9740159306       37.09938938
    "BPMW.4L7.B1"    "BPMYB.5L2.B1"       16796.58732            28.288                 1    0.390592712124                 0      0.0392639706       37.16463742
    "BPMW.4R7.B1"    "BPMYB.5L2.B1"       16912.63432            28.288                 1    0.518074138673                 0      0.1882632206       37.31363667
   "BPMWE.4R7.B1"    "BPMYB.5L2.B1"       16940.73932            28.288                 1    0.527105417596                 0      0.2010649206       37.32643837
    "BPMW.5R7.B1"    "BPMYB.5L2.B1"       16975.82432            28.288                 1    0.562539472914                 0      0.2363872906       37.36176074
   "BPMWE.5R7.B1"    "BPMYB.5L2.B1"       16999.02932            28.288                 1    0.636315157727                 0      0.3027926906       37.42816614
    "BPMR.6R7.B1"    "BPMYB.5L2.B1"       17078.24482            28.288                 1    0.800081524723                 0      0.4739046206       37.59927807
   "BPM_A.7R7.B1"    "BPMYB.5L2.B1"       17116.28082            28.288                 1    0.869974162308                 0      0.5259672806       37.65134073
     "BPM.8R7.B1"    "BPMYB.5L2.B1"       17155.34681            28.288                 1    0.933390466295                 0      0.6027333606       37.72810681
     "BPM.9R7.B1"    "BPMYB.5L2.B1"        17194.4138            28.288                 1   0.0156775057877                 0      0.6832292706       37.80860272
    "BPM.10R7.B1"    "BPMYB.5L2.B1"       17234.87878            28.288                 1    0.105331873141                 0      0.7754449306       37.90081838
    "BPM.11R7.B1"    "BPMYB.5L2.B1"       17287.66147            28.288                 1     0.21359085037                 0      0.8893743706       38.01474782
    "BPM.12R7.B1"    "BPMYB.5L2.B1"       17342.38796            28.288                 1    0.344263289977                 0      0.0181592906       38.14353274
    "BPM.13R7.B1"    "BPMYB.5L2.B1"       17395.83944            28.288                 1    0.461599228068                 0      0.1295054106       38.25487886
    "BPM.14R7.B1"    "BPMYB.5L2.B1"       17449.29093            28.288                 1    0.602820209888                 0      0.2771994306       38.40257288
    "BPM.15R7.B1"    "BPMYB.5L2.B1"       17502.74241            28.288                 1    0.727736960825                 0      0.4008921206       38.52626557
    "BPM.16R7.B1"    "BPMYB.5L2.B1"       17556.19389            28.288                 1    0.867928828151                 0      0.5364056206       38.66177907
    "BPM.17R7.B1"    "BPMYB.5L2.B1"       17609.64538            28.288                 1    0.969328410759                 0      0.6492194006       38.77459285
    "BPM.18R7.B1"    "BPMYB.5L2.B1"       17663.09686            28.288                 1    0.126703752287                 0      0.7985781706       38.92395162
    "BPM.19R7.B1"    "BPMYB.5L2.B1"       17716.54835            28.288                 1    0.248955063414                 0      0.9206727206       39.04604617
    "BPM.20R7.B1"    "BPMYB.5L2.B1"       17769.99983            28.288                 1    0.388374853969                 0      0.0549372906       39.18031074
    "BPM.21R7.B1"    "BPMYB.5L2.B1"       17823.45131            28.288                 1    0.503385720954                 0      0.1692952206       39.29466867
    "BPM.22R7.B1"    "BPMYB.5L2.B1"        17876.9028            28.288                 1    0.650003692338                 0      0.3198527906       39.44522624
    "BPM.23R7.B1"    "BPMYB.5L2.B1"       17930.35428            28.288                 1    0.769077938796                 0      0.4365279106       39.56190136
    "BPM.24R7.B1"    "BPMYB.5L2.B1"       17983.80577            28.288                 1    0.897801339262                 0      0.5663623106       39.69173576
    "BPM.25R7.B1"    "BPMYB.5L2.B1"       18037.25725            28.288                 1  0.00787889876171                 0      0.6826742306       39.80804768
    "BPM.26R7.B1"    "BPMYB.5L2.B1"       18090.70874            28.288                 1    0.163328740138                 0      0.8332696106       39.95864306
    "BPM.27R7.B1"    "BPMYB.5L2.B1"       18144.16022            28.288                 1    0.366320049175                 0      0.9485131406       40.07388659
    "BPM.28R7.B1"    "BPMYB.5L2.B1"        18197.6117            28.288                 1    0.410403616816                 0      0.0784363906       40.20380984
    "BPM.29R7.B1"    "BPMYB.5L2.B1"       18251.06319            28.288                 1    0.525577773652                 0      0.1961946506        40.3215681
    "BPM.30R7.B1"    "BPMYB.5L2.B1"       18304.51467            28.288                 1    0.677305000142                 0      0.3465335906       40.47190704
    "BPM.31R7.B1"    "BPMYB.5L2.B1"       18357.96616            28.288                 1    0.786917822515                 0      0.4603961806       40.58576963
    "BPM.32R7.B1"    "BPMYB.5L2.B1"       18411.41764            28.288                 1    0.920016667267                 0      0.5906441106       40.71601756
    "BPM.33R7.B1"    "BPMYB.5L2.B1"       18464.86912            28.288                 1   0.0352016714237                 0      0.7098353406       40.83520879
    "BPM.34R7.B1"    "BPMYB.5L2.B1"       18518.32061            28.288                 1    0.188499913431                 0      0.8596328506        40.9850063
    "BPM.33L8.B1"    "BPMYB.5L2.B1"       18571.77209            28.288                 1    0.302080853733                 0      0.9721974306       41.09757088
    "BPM.32L8.B1"    "BPMYB.5L2.B1"       18625.22358            28.288                 1    0.431699922362                 0      0.1030002406       41.22837369
    "BPM.31L8.B1"    "BPMYB.5L2.B1"       18678.67506            28.288                 1    0.553699970263                 0      0.2235715706       41.34894502
    "BPM.30L8.B1"    "BPMYB.5L2.B1"       18732.12654            28.288                 1     0.70035048949                 0      0.3725605806       41.49793403
    "BPM.29L8.B1"    "BPMYB.5L2.B1"       18785.57803            28.288                 1    0.820522669942                 0      0.4839385506         41.609312
    "BPM.28L8.B1"    "BPMYB.5L2.B1"       18839.02951            28.288                 1    0.940758352372                 0      0.6155165906       41.74089004
    "BPM.27L8.B1"    "BPMYB.5L2.B1"         18892.481            28.288                 1   0.0666493272337                 0      0.7373750606       41.86274851
    "BPM.26L8.B1"    "BPMYB.5L2.B1"       18945.93248            28.288                 1    0.212859576337                 0      0.8853148306       42.01068828
    "BPM.25L8.B1"    "BPMYB.5L2.B1"       18999.38397            28.288                 1      0.3232559743                 0      0.9956420706       42.12101552
    "BPM.24L8.B1"    "BPMYB.5L2.B1"       19052.83545            28.288                 1    0.461678445762                 0      0.1282015006       42.25357495
    "BPM.23L8.B1"    "BPMYB.5L2.B1"       19106.28693            28.288                 1    0.576356394322                 0      0.2512149406       42.37658839
    "BPM.22L8.B1"    "BPMYB.5L2.B1"       19159.73842            28.288                 1    0.727715825198                 0      0.3978982606       42.52327171
    "BPM.21L8.B1"    "BPMYB.5L2.B1"        19213.1899            28.288                 1    0.833014159451                 0      0.5073310306       42.63270448
    "BPM.20L8.B1"    "BPMYB.5L2.B1"       19266.64139            28.288                 1    0.971004303683                 0      0.6403570806       42.76573053
    "BPM.19L8.B1"    "BPMYB.5L2.B1"       19320.09287            28.288                 1    0.108814666882                 0      0.7678549406       42.89322839
    "BPM.18L8.B1"    "BPMYB.5L2.B1"       19373.54435            28.288                 1    0.248821552736                 0      0.9172836706       43.04265712
    "BPM.17L8.B1"    "BPMYB.5L2.B1"       19426.99584            28.288                 1    0.361388905631                 0      0.0251482306       43.15052168
    "BPM.16L8.B1"    "BPMYB.5L2.B1"       19480.44732            28.288                 1    0.493142474139                 0      0.1608038706       43.28617732
    "BPM.15L8.B1"    "BPMYB.5L2.B1"       19533.89881            28.288                 1    0.615947507132                 0      0.2900016006       43.41537505
    "BPM.14L8.B1"    "BPMYB.5L2.B1"       19587.35029            28.288                 1    0.769501043191                 0      0.4361845606       43.56155801
    "BPM.13L8.B1"    "BPMYB.5L2.B1"       19640.80177            28.288                 1    0.865890988162                 0      0.5430607706       43.66843422
    "BPM.12L8.B1"    "BPMYB.5L2.B1"       19694.25326            28.288                 1   0.0189421206267                 0      0.6816872906       43.80706074
    "BPM.11L8.B1"    "BPMYB.5L2.B1"       19747.70474            28.288                 1    0.130464234978                 0      0.8035331706       43.92890662
    "BPM.10L8.B1"    "BPMYB.5L2.B1"       19799.54543            28.288                 1    0.269807842482                 0      0.9368594706       44.06223292
     "BPM.9L8.B1"    "BPMYB.5L2.B1"       19838.61242            28.288                 1    0.320960816358                 0      0.9981063706       44.12347982
     "BPM.8L8.B1"    "BPMYB.5L2.B1"       19879.07741            28.288                 1    0.412632910024                 0      0.0829833906       44.20835684
     "BPM.7L8.B1"    "BPMYB.5L2.B1"        19918.1454            28.288                 1    0.528681103005                 0      0.1817209206       44.30709437
    "BPMR.6L8.B1"    "BPMYB.5L2.B1"        19950.6144            28.288                 1    0.652411217887                 0      0.3263520806       44.45172553
     "BPM.5L8.B1"    "BPMYB.5L2.B1"        20011.0334            28.288                 1    0.927791997678                 0      0.5991924006       44.72456585
   "BPMYB.4L8.B1"    "BPMYB.5L2.B1"        20031.8004            28.288                 1    0.954560782568                 0      0.6265570806       44.75193053
   "BPMWB.4L8.B1"    "BPMYB.5L2.B1"        20056.1919            28.288                 1    0.966781818137                 0      0.6410100506        44.7663835
   "BPMSX.4L8.B1"    "BPMYB.5L2.B1"        20106.4249            28.288                 1    0.998503846078                 0      0.6678300906       44.79320354
    "BPMS.2L8.B1"    "BPMYB.5L2.B1"        20144.3364            28.288                 1   0.0148996850967                 0      0.6820714206       44.80744487
   "BPMSW.1L8.B1"    "BPMYB.5L2.B1"        20154.2704            28.288                 1   0.0229512883457                 0      0.6885885206       44.81396197
   "BPMSW.1R8.B1"    "BPMYB.5L2.B1"        20197.4604            28.288                 1     0.47054245635                 0      0.1428193906       45.26819284
    "BPMS.2R8.B1"    "BPMYB.5L2.B1"        20207.3944            28.288                 1    0.474808329978                 0      0.1509465406       45.27631999
   "BPMSX.4R8.B1"    "BPMYB.5L2.B1"        20245.3059            28.288                 1    0.493123088098                 0      0.1669712806       45.29234473
   "BPMWB.4R8.B1"    "BPMYB.5L2.B1"        20295.4629            28.288                 1    0.524282218159                 0      0.1904554606       45.31582891
   "BPMYB.4R8.B1"    "BPMYB.5L2.B1"        20319.9304            28.288                 1    0.547174290695                 0      0.2149425306       45.34031598
   "BPMYB.5R8.B1"    "BPMYB.5L2.B1"        20340.5074            28.288                 1    0.568182458528                 0      0.2358928706       45.36126632
     "BPM.6R8.B1"    "BPMYB.5L2.B1"        20424.6154            28.288                 1    0.800589394731                 0      0.4776323006       45.60300575
   "BPM_A.7R8.B1"    "BPMYB.5L2.B1"        20446.8554            28.288                 1    0.847572090656                 0      0.5174609106       45.64283436
     "BPM.8R8.B1"    "BPMYB.5L2.B1"       20488.29241            28.288                 1     0.96205353173                 0      0.6288484706       45.75422192
     "BPM.9R8.B1"    "BPMYB.5L2.B1"       20527.35742            28.288                 1    0.195991545982                 0      0.8591172106       45.98449066
    "BPM.10R8.B1"    "BPMYB.5L2.B1"       20567.82043            28.288                 1    0.292838070697                 0      0.9674011206       46.09277457
    "BPM.11R8.B1"    "BPMYB.5L2.B1"       20619.65914            28.288                 1    0.447922911795                 0      0.1195181206       46.24489157
    "BPM.12R8.B1"    "BPMYB.5L2.B1"       20674.38266            28.288                 1     0.55790494152                 0      0.2208228106       46.34619626
    "BPM.13R8.B1"    "BPMYB.5L2.B1"       20727.83117            28.288                 1      0.6814015604                 0      0.3447788706       46.47015232
    "BPM.14R8.B1"    "BPMYB.5L2.B1"       20781.27969            28.288                 1    0.795030083609                 0      0.4564149706       46.58178842
    "BPM.15R8.B1"    "BPMYB.5L2.B1"       20834.72821            28.288                 1   0.0229643560787                 0      0.5828850406       46.70825849
    "BPM.16R8.B1"    "BPMYB.5L2.B1"       20888.17672            28.288                 1   0.0231226748297                 0      0.6983977406       46.82377119
    "BPM.17R8.B1"    "BPMYB.5L2.B1"       20941.62524            28.288                 1    0.171911865122                 0      0.8447276406       46.97010109
    "BPM.18R8.B1"    "BPMYB.5L2.B1"       20995.07375            28.288                 1    0.283940743438                 0      0.9563696706       47.08174312
    "BPM.19R8.B1"    "BPMYB.5L2.B1"       21048.52227            28.288                 1    0.406806969554                 0      0.0828385106       47.20821196
    "BPM.20R8.B1"    "BPMYB.5L2.B1"       21101.97079            28.288                 1    0.516555788808                 0      0.1983458106       47.32371926
    "BPM.21R8.B1"    "BPMYB.5L2.B1"        21155.4193            28.288                 1    0.660572809022                 0      0.3446772206       47.47005067
    "BPM.22R8.B1"    "BPMYB.5L2.B1"       21208.86782            28.288                 1    0.887474964716                 0      0.4563243506        47.5816978
    "BPM.23R8.B1"    "BPMYB.5L2.B1"       21262.31633            28.288                 1    0.903213131059                 0      0.5827924106       47.70816586
    "BPM.24R8.B1"    "BPMYB.5L2.B1"       21315.76485            28.288                 1   0.0161727777947                 0      0.6983000706       47.82367352
    "BPM.25R8.B1"    "BPMYB.5L2.B1"       21369.21337            28.288                 1    0.163457276034                 0      0.8446397906       47.97001324
    "BPM.26R8.B1"    "BPMYB.5L2.B1"       21422.66188            28.288                 1    0.275562906723                 0      0.9562907206       48.08166417
    "BPM.27R8.B1"    "BPMYB.5L2.B1"        21476.1104            28.288                 1    0.405715911949                 0      0.0827578706       48.20813132
    "BPM.29R8.B1"    "BPMYB.5L2.B1"       21583.00743            28.288                 1     0.66756978673                 0      0.3446023506        48.4699758
    "BPM.30R8.B1"    "BPMYB.5L2.B1"       21636.45594            28.288                 1    0.781441061798                 0      0.4562570806       48.58163053
    "BPM.31R8.B1"    "BPMYB.5L2.B1"       21689.90446            28.288                 1    0.908105874922                 0      0.5827233306       48.70809678
    "BPM.32R8.B1"    "BPMYB.5L2.B1"       21743.35298            28.288                 1   0.0183541204237                 0      0.6982229706       48.82359642
    "BPM.33R8.B1"    "BPMYB.5L2.B1"       21796.80149            28.288                 1    0.172008972453                 0      0.8445649206       48.96993837
    "BPM.34R8.B1"    "BPMYB.5L2.B1"       21850.25001            28.288                 1    0.271945971598                 0      0.9562234406       49.08159689
    "BPM.33L1.B1"    "BPMYB.5L2.B1"       21903.69852            28.288                 1    0.407182461915                 0      0.0826887906       49.20806224
    "BPM.32L1.B1"    "BPMYB.5L2.B1"       21957.14704            28.288                 1    0.526876206419                 0      0.1981844206       49.32355787
    "BPM.31L1.B1"    "BPMYB.5L2.B1"       22010.59556            28.288                 1    0.671053837862                 0      0.3445274906       49.46990094
    "BPM.30L1.B1"    "BPMYB.5L2.B1"       22064.04407            28.288                 1    0.781339918075                 0      0.4561898006       49.58156325
    "BPM.29L1.B1"    "BPMYB.5L2.B1"       22117.49259            28.288                 1    0.911761090642                 0      0.5826542506        49.7080277
    "BPM.28L1.B1"    "BPMYB.5L2.B1"        22170.9411            28.288                 1   0.0197904789827                 0      0.6981458706       49.82351932
    "BPM.27L1.B1"    "BPMYB.5L2.B1"       22224.38962            28.288                 1    0.171038801049                 0      0.8444900506        49.9698635
    "BPM.26L1.B1"    "BPMYB.5L2.B1"       22277.83814            28.288                 1    0.283648512374                 0      0.9561561606       50.08152961
    "BPM.25L1.B1"    "BPMYB.5L2.B1"       22331.28665            28.288                 1    0.404174111595                 0      0.0826197206       50.20799317
    "BPM.24L1.B1"    "BPMYB.5L2.B1"       22384.73517            28.288                 1    0.516117175224                 0      0.1981073206       50.32348077
    "BPM.23L1.B1"    "BPMYB.5L2.B1"       22438.18368            28.288                 1    0.673499627898                 0      0.3444526106       50.46982606
    "BPM.22L1.B1"    "BPMYB.5L2.B1"        22491.6322            28.288                 1    0.785901403891                 0      0.4561225206       50.58149597
    "BPM.21L1.B1"    "BPMYB.5L2.B1"       22545.08071            28.288                 1    0.908945001618                 0      0.5825851806       50.70795863
    "BPM.20L1.B1"    "BPMYB.5L2.B1"       22598.52923            28.288                 1   0.0176915129347                 0      0.6980634506        50.8234369
    "BPM.19L1.B1"    "BPMYB.5L2.B1"       22651.97775            28.288                 1     0.16986989114                 0      0.8444030206       50.96977647
    "BPM.18L1.B1"    "BPMYB.5L2.B1"       22705.42626            28.288                 1    0.285442456757                 0      0.9560779606       51.08145141
    "BPM.17L1.B1"    "BPMYB.5L2.B1"       22758.87478            28.288                 1    0.405764797158                 0      0.0825394406       51.20791289
    "BPM.16L1.B1"    "BPMYB.5L2.B1"       22812.32329            28.288                 1     0.51344260584                 0      0.1980124006       51.32338585
    "BPM.15L1.B1"    "BPMYB.5L2.B1"       22865.77181            28.288                 1    0.663565978864                 0      0.3443534406       51.46972689
    "BPM.14L1.B1"    "BPMYB.5L2.B1"       22919.22033            28.288                 1    0.777789784632                 0      0.4560334006       51.58140685
    "BPM.13L1.B1"    "BPMYB.5L2.B1"       22972.66884            28.288                 1    0.902979951902                 0      0.5824937106       51.70786716
    "BPM.12L1.B1"    "BPMYB.5L2.B1"       23026.11736            28.288                 1  0.00514006571471                 0      0.6903133106       51.81568676
    "BPM.11L1.B1"    "BPMYB.5L2.B1"       23079.56587            28.288                 1    0.149842177483                 0      0.8277927406       51.95316619
    "BPM.10L1.B1"    "BPMYB.5L2.B1"       23132.34658            28.288                 1    0.238381525527                 0      0.9125036906       52.03787714
     "BPM.9L1.B1"    "BPMYB.5L2.B1"        23171.4116            28.288                 1    0.292014482131                 0      0.9703617906       52.09573524
     "BPM.8L1.B1"    "BPMYB.5L2.B1"       23211.87461            28.288                 1    0.409096482081                 0      0.0881616206       52.21353507
    "BPMR.7L1.B1"    "BPMYB.5L2.B1"       23250.94062            28.288                 1    0.690220526524                 0      0.3659485006       52.49132195
     "BPM.6L1.B1"    "BPMYB.5L2.B1"       23294.12462            28.288                 1    0.911713183511                 0      0.6171445606       52.74251801
    "BPMR.5L1.B1"    "BPMYB.5L2.B1"       23326.02462            28.288                 1    0.138933233957                 0      0.8058746606       52.93124811
   "BPMYA.4L1.B1"    "BPMYB.5L2.B1"       23347.14262            28.288                 1    0.147799031848                 0      0.8202436506        52.9456171
   "BPMWB.4L1.B1"    "BPMYB.5L2.B1"       23368.27512            28.288                 1    0.151627771908                 0      0.8268369406       52.95221039
   "BPMSY.4L1.B1"    "BPMYB.5L2.B1"       23461.05512            28.288                 1    0.161681595988                 0      0.8344024906       52.95977594
    "BPMS.2L1.B1"    "BPMYB.5L2.B1"       23487.84062            28.288                 1    0.161891514283                 0      0.8361373806       52.96151083
   "BPMSW.1L1.B1"    "BPMYB.5L2.B1"       23497.79062            28.288                 1    0.162385098392                 0      0.8372592606       52.96263271
   "BPMSW.1R1.B1"    "BPMYB.5L2.B1"       23540.93362            28.288                 1    0.658933827178                 0      0.3310743106       53.45644776
    "BPMS.2R1.B1"    "BPMYB.5L2.B1"       23550.89862            28.288                 1    0.659576941706                 0      0.3319531006       53.45732655
   "BPMSY.4R1.B1"    "BPMYB.5L2.B1"       23577.68412            28.288                 1    0.659365939634                 0      0.3331517006       53.45852515
   "BPMWB.4R1.B1"    "BPMYB.5L2.B1"       23670.46412            28.288                 1    0.669212750344                 0      0.3416886206       53.46706207
   "BPMYA.4R1.B1"    "BPMYB.5L2.B1"       23691.59662            28.288                 1    0.671357731053                 0      0.3446019806       53.46997543
     "BPM.5R1.B1"    "BPMYB.5L2.B1"       23719.00462            28.288                 1    0.676646264077                 0      0.3512037806       53.47657723
    "BPMR.6R1.B1"    "BPMYB.5L2.B1"       23750.90462            28.288                 1    0.696694627405                 0      0.3708427306       53.49621618
   "BPMSX.7R1.B1"    "BPMYB.5L2.B1"       23757.12012            28.288                 1    0.705203696431                 0      0.3785734606       53.50394691
   "BPM_A.7R1.B1"    "BPMYB.5L2.B1"       23778.62862            28.288                 1    0.770956410698                 0      0.4494965506          53.57487
     "BPM.8R1.B1"    "BPMYB.5L2.B1"       23820.06761            28.288                 1    0.987502197947                 0      0.6481111006       53.77348455
     "BPM.9R1.B1"    "BPMYB.5L2.B1"        23859.1346            28.288                 1   0.0661786760387                 0      0.7331676006       53.85854105
    "BPM.10R1.B1"    "BPMYB.5L2.B1"       23899.59958            28.288                 1    0.159371413048                 0      0.8313951906       53.95676864
    "BPM.11R1.B1"    "BPMYB.5L2.B1"       23952.38227            28.288                 1    0.267525565905                 0      0.9470619506        54.0724354
    "BPM.12R1.B1"    "BPMYB.5L2.B1"       24007.10876            28.288                 1    0.412054694195                 0      0.0831658706       54.20853932
    "BPM.13R1.B1"    "BPMYB.5L2.B1"       24060.56024            28.288                 1     0.53473145505                 0      0.1992765406       54.32464999
    "BPM.14R1.B1"    "BPMYB.5L2.B1"       24114.01173            28.288                 1    0.674483291647                 0      0.3455984706       54.47097192
    "BPM.15R1.B1"    "BPMYB.5L2.B1"       24167.46321            28.288                 1    0.791090333878                 0      0.4571549406       54.58252839
    "BPM.16R1.B1"    "BPMYB.5L2.B1"       24220.91469            28.288                 1    0.913030564624                 0      0.5836488906       54.70902234
    "BPM.17R1.B1"    "BPMYB.5L2.B1"       24274.36618            28.288                 1   0.0308513095917                 0      0.6992638006       54.82463725
    "BPM.18R1.B1"    "BPMYB.5L2.B1"       24327.81766            28.288                 1    0.175938498271                 0      0.8455854906       54.97095894
    "BPM.19R1.B1"    "BPMYB.5L2.B1"       24381.26915            28.288                 1    0.278832067703                 0      0.9571432806       55.08251673
    "BPM.20R1.B1"    "BPMYB.5L2.B1"       24434.72063            28.288                 1    0.417404152731                 0      0.0836368906       55.20901034
    "BPM.21R1.B1"    "BPMYB.5L2.B1"       24488.17211            28.288                 1    0.531560801639                 0      0.1992504106       55.32462386
    "BPM.22R1.B1"    "BPMYB.5L2.B1"        24541.6236            28.288                 1    0.676450237223                 0      0.3455725106       55.47094596
    "BPM.23R1.B1"    "BPMYB.5L2.B1"       24595.07508            28.288                 1    0.781734676358                 0      0.4571362506        55.5825097
    "BPM.24R1.B1"    "BPMYB.5L2.B1"       24648.52657            28.288                 1    0.911170668159                 0      0.5836365406       55.70900999
    "BPM.25R1.B1"    "BPMYB.5L2.B1"       24701.97805            28.288                 1   0.0387945893787                 0      0.6992504106       55.82462386
    "BPM.26R1.B1"    "BPMYB.5L2.B1"       24755.42954            28.288                 1    0.178106677292                 0      0.8455725106       55.97094596
    "BPM.27R1.B1"    "BPMYB.5L2.B1"       24808.88102            28.288                 1     0.29051019774                 0      0.9571362506        56.0825097
    "BPM.28R1.B1"    "BPMYB.5L2.B1"        24862.3325            28.288                 1    0.417553651082                 0      0.0836365406       56.20900999
    "BPM.29R1.B1"    "BPMYB.5L2.B1"       24915.78399            28.288                 1    0.527134251832                 0      0.1992504106       56.32462386
    "BPM.30R1.B1"    "BPMYB.5L2.B1"       24969.23547            28.288                 1    0.676288400469                 0      0.3455725106       56.47094596
    "BPM.31R1.B1"    "BPMYB.5L2.B1"       25022.68696            28.288                 1    0.792064249602                 0      0.4571362506        56.5825097
    "BPM.32R1.B1"    "BPMYB.5L2.B1"       25076.13844            28.288                 1    0.916225582421                 0      0.5836365406       56.70900999
    "BPM.33R1.B1"    "BPMYB.5L2.B1"       25129.58992            28.288                 1   0.0239562206117                 0      0.6992504106       56.82462386
    "BPM.34R1.B1"    "BPMYB.5L2.B1"       25183.04141            28.288                 1    0.177653573744                 0      0.8455725106       56.97094596
    "BPM.33L2.B1"    "BPMYB.5L2.B1"       25236.49289            28.288                 1    0.961915289497                 0      0.9571362506        57.0825097
    "BPM.32L2.B1"    "BPMYB.5L2.B1"       25289.94438            28.288                 1   0.0848621120077                 0      0.0836365406       57.20900999
    "BPM.31L2.B1"    "BPMYB.5L2.B1"       25343.39586            28.288                 1    0.204253165427                 0      0.1992504106       57.32462386
    "BPM.30L2.B1"    "BPMYB.5L2.B1"       25396.84734            28.288                 1    0.349231869084                 0      0.3455725106       57.47094596
    "BPM.29L2.B1"    "BPMYB.5L2.B1"       25450.29883            28.288                 1    0.457998384061                 0      0.4571362506        57.5825097
    "BPM.28L2.B1"    "BPMYB.5L2.B1"       25503.75031            28.288                 1    0.582835736294                 0      0.5836365406       57.70900999
    "BPM.27L2.B1"    "BPMYB.5L2.B1"        25557.2018            28.288                 1      0.6991753098                 0      0.6992504106       57.82462386
    "BPM.26L2.B1"    "BPMYB.5L2.B1"       25610.65328            28.288                 1     0.84788611166                 0      0.8455725106       57.97094596
    "BPM.25L2.B1"    "BPMYB.5L2.B1"       25664.10477            28.288                 1    0.954226811495                 0      0.9571362506        58.0825097
    "BPM.24L2.B1"    "BPMYB.5L2.B1"       25717.55625            28.288                 1   0.0849244140807                 0      0.0836365406       58.20900999
    "BPM.23L2.B1"    "BPMYB.5L2.B1"       25771.00773            28.288                 1    0.196424419089                 0      0.1992504106       58.32462386
    "BPM.22L2.B1"    "BPMYB.5L2.B1"       25824.45922            28.288                 1    0.342381630707                 0      0.3455725106       58.47094596
    "BPM.21L2.B1"    "BPMYB.5L2.B1"        25877.9107            28.288                 1    0.457644050732                 0      0.4571362506        58.5825097
    "BPM.20L2.B1"    "BPMYB.5L2.B1"       25931.36219            28.288                 1    0.586573597522                 0      0.5836361106       58.70900956
    "BPM.19L2.B1"    "BPMYB.5L2.B1"       25984.81367            28.288                 1     0.71019447981                 0      0.6992442106       58.82461766
    "BPM.18L2.B1"    "BPMYB.5L2.B1"       26038.26515            28.288                 1     0.85231110307                 0      0.8455595406       58.97093299
    "BPM.17L2.B1"    "BPMYB.5L2.B1"       26091.71664            28.288                 1    0.957286631524                 0      0.9571245906       59.08249804
    "BPM.16L2.B1"    "BPMYB.5L2.B1"       26145.16812            28.288                 1   0.0845205961687                 0      0.0836241206       59.20899757
    "BPM.15L2.B1"    "BPMYB.5L2.B1"       26198.61961            28.288                 1    0.204359456748                 0      0.1992308306       59.32460428
    "BPM.14L2.B1"    "BPMYB.5L2.B1"       26252.07109            28.288                 1    0.349987751763                 0      0.3455465606       59.47092001
    "BPM.13L2.B1"    "BPMYB.5L2.B1"       26305.52257            28.288                 1    0.460201807248                 0      0.4571129206       59.58248637
    "BPM.12L2.B1"    "BPMYB.5L2.B1"       26358.97406            28.288                 1    0.581747102623                 0      0.5826466006       59.70802005
    "BPM.11L2.B1"    "BPMYB.5L2.B1"       26412.42554            28.288                 1     0.70076393312                 0      0.7033189606       59.82869241
    "BPM.10L2.B1"    "BPMYB.5L2.B1"       26464.26623            28.288                 1    0.854742041842                 0      0.8535153206       59.97888877
     "BPM.9L2.B1"    "BPMYB.5L2.B1"       26503.33322            28.288                 1    0.924233044043                 0      0.9227556006       60.04812905
     "BPM.8L2.B1"    "BPMYB.5L2.B1"       26543.79821            28.288                 1   0.0301048270497                 0      0.0253573406       60.15073079
     "BPM.7L2.B1"    "BPMYB.5L2.B1"        26582.8662            28.288                 1   0.0974857421313                 0      0.0903052206       60.21567867
    "BPMR.6L2.B1"    "BPMYB.5L2.B1"        26614.9722            28.288                 1    0.147139884285                 0      0.1368479506        60.2622214