@ GetLLMVersion %s "V3.0.0 Dev"
@ Command %s "/afs/cern.ch/work/o/omc/anaconda/bin/python '/afs/cern.ch/work/e/efol/public/Beta-Beat.src/GetLLM/GetLLM.py' '--accel=LHCB1' '--model=/afs/cern.ch/work/e/efol/public/betabeatGui/temp/2017-12-20/models/LHCB1/Multiturn-model_40cm_2041/twiss.dat' '--files=/afs/cern.ch/work/e/efol/public/betabeatGui/temp/2017-12-20/LHCB1/Measurements/Beam1@Turn@2017_09_11@19_02_33_250_onlydbscan/Beam1@Turn@2017_09_11@19_02_33_250_onlydbscan.sdds' '--output=/afs/cern.ch/work/e/efol/public/betabeatGui/temp/2017-12-20/LHCB1/Results/40cm_cleaned_arcs_with_dbscan_only' '--tbtana=SUSSIX' '--bpmu=mm' '--lhcphase=1' '--errordefs=/afs/cern.ch/work/e/efol/public/betabeatGui/temp/2017-12-20/models/LHCB1/Multiturn-model_40cm_2041/error_deff.txt'"
@ CWD %s "/home/efol/Workspaces/Accsoft-Eclipse-Pro/lhc-app-beta-beating"
@ Date %s "21. December 2017, 13:48:45"
@ Q1 %le 0.309858916597
@ MUX %le 69.3098589166
@ Q2 %le 0.31942165071
@ MUY %le 64.3194216507
@ FILES %s "/afs/cern.ch/work/e/efol/public/betabeatGui/temp/2017-12-20/LHCB1/Measurements/Beam1@Turn@2017_09_11@19_02_33_250_onlydbscan/Beam1@Turn@2017_09_11@19_02_33_250_onlydbscan.sdds.linx"
*            NAME             NAME2                 S                S1             COUNT            PHASEX            STDPHX            PHXMDL            MUXMDL
$              %s                %s               %le               %le               %le               %le               %le               %le               %le
   "BPMYB.5L2.B1"    "BPMYB.4L2.B1"            28.288            48.858                 1   0.0376697339522                 0     0.02706494627     0.03145312858
   "BPMYB.4L2.B1"    "BPMWI.4L2.B1"            48.858           73.3255                 1   0.0496621036685                 0     0.05126961235     0.05851807485
   "BPMWI.4L2.B1"    "BPMSX.4L2.B1"           73.3255          123.4825                 1   0.0685782539793                 0      0.0690625192      0.1097876872
   "BPMSX.4L2.B1"     "BPMS.2L2.B1"          123.4825           161.394                 1    0.057590638207                 0      0.0504035596      0.1788502064
    "BPMS.2L2.B1"    "BPMSW.1L2.B1"           161.394           171.328                 1    0.021879072859                 0      0.0234250527       0.229253766
   "BPMSW.1L2.B1"    "BPMSW.1R2.B1"           171.328           214.518                 1    0.653570374857                 0      0.3619582779      0.2526788187
   "BPMSW.1R2.B1"     "BPMS.2R2.B1"           214.518           224.452                 1     0.02779980551                 0      0.0179458744      0.6146370966
    "BPMS.2R2.B1"    "BPMSX.4R2.B1"           224.452          262.3635                 1     0.04083832631                 0      0.0435287963       0.632582971
   "BPMSX.4R2.B1"    "BPMWB.4R2.B1"          262.3635          312.5965                 1    0.076758019255                 0      0.0814718423      0.6761117673
   "BPMWB.4R2.B1"    "BPMYB.4R2.B1"          312.5965           336.988                 1    0.037157042739                 0       0.034826523      0.7575836096
   "BPMYB.4R2.B1"     "BPMR.5R2.B1"           336.988           366.522                 1    0.104651237534                 0      0.0959870236      0.7924101326
    "BPMR.5R2.B1"      "BPM.6R2.B1"           366.522           439.818                 1     0.13727700192                 0      0.1476902478      0.8883971562
     "BPM.6R2.B1"    "BPM_A.7R2.B1"           439.818           452.693                 1   0.0096396003285                 0       0.016500706       1.036087404
   "BPM_A.7R2.B1"      "BPM.8R2.B1"           452.693       494.1300106                 1   0.0879677212165                 0       0.082158882        1.05258811
     "BPM.8R2.B1"      "BPM.9R2.B1"       494.1300106       533.1950212                 1    0.157024174731                 0       0.158058645       1.134746992
     "BPM.9R2.B1"     "BPM.10R2.B1"       533.1950212       573.6580318                 1    0.165050911431                 0       0.167475685       1.292805637
    "BPM.10R2.B1"     "BPM.11R2.B1"       573.6580318       625.4967424                 1     0.10817502388                 0       0.106407251       1.460281322
    "BPM.11R2.B1"     "BPM.12R2.B1"       625.4967424       680.2202583                 1    0.143380117228                 0       0.142602852       1.566688573
    "BPM.12R2.B1"     "BPM.13R2.B1"       680.2202583       733.6687742                 1    0.113403984363                 0        0.11350733       1.709291425
    "BPM.13R2.B1"     "BPM.14R2.B1"       733.6687742       787.1172901                 1    0.134756750833                 0       0.137691811       1.822798755
    "BPM.14R2.B1"     "BPM.15R2.B1"       787.1172901        840.565806                 1    0.121906317529                 0       0.112213372       1.960490566
    "BPM.15R2.B1"     "BPM.16R2.B1"        840.565806       894.0143219                 1    0.127992957256                 0       0.134578555       2.072703938
    "BPM.16R2.B1"     "BPM.17R2.B1"       894.0143219       947.4628378                 1    0.113134542613                 0       0.115801443       2.207282493
    "BPM.17R2.B1"     "BPM.18R2.B1"       947.4628378       1000.911354                 1    0.142477547094                 0       0.137687077       2.323083936
    "BPM.18R2.B1"     "BPM.19R2.B1"       1000.911354        1054.35987                 1    0.111966760859                 0       0.112208708       2.460771013
    "BPM.19R2.B1"     "BPM.20R2.B1"        1054.35987       1107.808386                 1    0.136651838734                 0       0.134585743       2.572979721
    "BPM.20R2.B1"     "BPM.21R2.B1"       1107.808386       1161.256901                 1     0.11439648766                 0       0.115806345       2.707565464
    "BPM.21R2.B1"     "BPM.22R2.B1"       1161.256901       1214.705417                 1     0.13841160202                 0       0.137679631       2.823371809
    "BPM.22R2.B1"     "BPM.23R2.B1"       1214.705417       1268.153933                 1    0.109308511406                 0       0.115105768        2.96105144
    "BPM.23R2.B1"     "BPM.24R2.B1"       1268.153933       1321.602449                 1     0.14609529034                 0       0.137679565       3.076157208
    "BPM.24R2.B1"     "BPM.26R2.B1"       1321.602449       1428.499481                 1    0.246434724093                 0       0.252786091       3.213836773
    "BPM.26R2.B1"     "BPM.27R2.B1"       1428.499481       1481.947997                 1    0.125592776594                 0       0.115105793       3.466622864
    "BPM.27R2.B1"     "BPM.28R2.B1"       1481.947997       1535.396513                 1    0.126187872651                 0       0.137679627       3.581728657
    "BPM.28R2.B1"     "BPM.29R2.B1"       1535.396513       1588.845029                 1    0.118292523906                 0        0.11510731       3.719408284
    "BPM.29R2.B1"     "BPM.30R2.B1"       1588.845029       1642.293545                 1       0.133912493                 0       0.137678693       3.834515594
    "BPM.30R2.B1"     "BPM.33R2.B1"       1642.293545       1802.639092                 1    0.365626265801                 0       0.367892788       3.972194287
    "BPM.33R2.B1"     "BPM.34R2.B1"       1802.639092       1856.087608                 1     0.14353356388                 0       0.137678635       4.340087075
    "BPM.34R2.B1"     "BPM.33L3.B1"       1856.087608       1909.536124                 1    0.112997405765                 0       0.115105853        4.47776571
    "BPM.33L3.B1"     "BPM.32L3.B1"       1909.536124        1962.98464                 1    0.137028485029                 0       0.137679745       4.592871563
    "BPM.32L3.B1"     "BPM.31L3.B1"        1962.98464       2016.433156                 1    0.118646279998                 0       0.115107246       4.730551308
    "BPM.31L3.B1"     "BPM.30L3.B1"       2016.433156       2069.881672                 1    0.135831795712                 0       0.137678578       4.845658554
    "BPM.30L3.B1"     "BPM.29L3.B1"       2069.881672       2123.330188                 1    0.110543840893                 0       0.115105889       4.983337132
    "BPM.29L3.B1"     "BPM.28L3.B1"       2123.330188       2176.778704                 1    0.139710302263                 0       0.137679799       5.098443021
    "BPM.28L3.B1"     "BPM.27L3.B1"       2176.778704        2230.22722                 1    0.113615298227                 0       0.115107209        5.23612282
    "BPM.27L3.B1"     "BPM.26L3.B1"        2230.22722       2283.675735                 1    0.136456585601                 0       0.137678525       5.351230029
    "BPM.26L3.B1"     "BPM.25L3.B1"       2283.675735       2337.124251                 1    0.114667329725                 0       0.115105928       5.488908554
    "BPM.25L3.B1"     "BPM.24L3.B1"       2337.124251       2390.572767                 1    0.138426081429                 0       0.137679851       5.604014482
    "BPM.24L3.B1"     "BPM.23L3.B1"       2390.572767       2444.021283                 1    0.112659062902                 0       0.115107168       5.741694333
    "BPM.23L3.B1"     "BPM.22L3.B1"       2444.021283       2497.469799                 1    0.136923592915                 0       0.137678475       5.856801501
    "BPM.22L3.B1"     "BPM.21L3.B1"       2497.469799       2550.918315                 1    0.113951670788                 0        0.11510597       5.994479976
    "BPM.21L3.B1"     "BPM.20L3.B1"       2550.918315       2604.366831                 1    0.140858928794                 0          0.138525       6.109585946
    "BPM.20L3.B1"     "BPM.19L3.B1"       2604.366831       2657.815347                 1    0.118681938255                 0       0.112871143       6.248110946
    "BPM.19L3.B1"     "BPM.18L3.B1"       2657.815347       2711.263863                 1    0.127031414842                 0       0.133778342       6.360982089
    "BPM.18L3.B1"     "BPM.17L3.B1"       2711.263863       2764.712379                 1    0.123087885585                 0       0.115113264       6.494760431
    "BPM.17L3.B1"     "BPM.16L3.B1"       2764.712379       2818.160894                 1    0.132362556101                 0       0.138520317       6.609873695
    "BPM.16L3.B1"     "BPM.14L3.B1"       2818.160894       2925.057926                 1     0.09814287452                 0       0.246646762       6.748394012
    "BPM.14L3.B1"     "BPM.13L3.B1"       2925.057926       2978.506442                 1    0.270052973741                 0       0.115120678       6.995040774
    "BPM.13L3.B1"     "BPM.12L3.B1"       2978.506442       3031.954958                 1    0.131800309249                 0       0.137089859       7.110161452
    "BPM.12L3.B1"     "BPM.11L3.B1"       3031.954958       3085.403474                 1    0.137526255974                 0        0.12645755       7.247251311
    "BPM.11L3.B1"     "BPM.10L3.B1"       3085.403474       3138.184185                 1    0.139118531456                 0       0.149079247       7.373708861
    "BPM.10L3.B1"      "BPM.9L3.B1"       3138.184185       3177.249195                 1    0.059919889136                 0       0.060936676       7.522788108
     "BPM.9L3.B1"      "BPM.8L3.B1"       3177.249195       3217.712206                 1    0.079386506837                 0       0.076691767       7.583724784
     "BPM.8L3.B1"      "BPM.7L3.B1"       3217.712206       3256.776216                 1    0.061958786379                 0       0.058947452       7.660416551
     "BPM.7L3.B1"      "BPM.6L3.B1"       3256.776216       3329.415216                 1    0.100657542933                 0       0.112146893       7.719364003
     "BPM.6L3.B1"   "BPMWG.A5L3.B1"       3329.415216       3371.119716                 1    0.067728656154                 0       0.057084098       7.831510896
  "BPMWG.A5L3.B1"     "BPMW.5L3.B1"       3371.119716       3400.089716                 1   0.0862488825442                 0       0.083357662       7.888594994
    "BPMW.5L3.B1"    "BPMWE.4L3.B1"       3400.089716       3475.217716                 1   0.0974114571736                 0       0.103372204       7.971952656
   "BPMWE.4L3.B1"     "BPMW.4L3.B1"       3475.217716       3502.762716                 1   0.0176318257715                 0       0.015203169        8.07532486
    "BPMW.4L3.B1"     "BPMW.4R3.B1"       3502.762716       3547.727716                 1   0.0774517664267                 0       0.070151016       8.090528029
    "BPMW.4R3.B1"    "BPMWE.4R3.B1"       3547.727716       3575.272716                 1    0.129821054547                 0       0.147643624       8.160679045
   "BPMWE.4R3.B1"     "BPMW.5R3.B1"       3575.272716       3650.400716                 1    0.138463586037                 0       0.129528162       8.308322669
    "BPMW.5R3.B1"   "BPMWJ.A5R3.B1"       3650.400716       3679.118716                 1     0.01005399904                 0       0.012626847       8.437850831
  "BPMWJ.A5R3.B1"    "BPMWC.6R3.B1"       3679.118716       3718.936716                 1    0.048886148012                 0       0.045893259       8.450477678
   "BPMWC.6R3.B1"     "BPMR.6R3.B1"       3718.936716       3731.015216                 1    0.039698534688                 0       0.040110812       8.496370937
    "BPMR.6R3.B1"      "BPM.8R3.B1"       3731.015216       3825.903227                 1    0.299406260865                 0       0.299475449       8.536481749
     "BPM.8R3.B1"      "BPM.9R3.B1"       3825.903227       3864.968238                 1    0.103429939867                 0       0.104131629       8.835957198
     "BPM.9R3.B1"     "BPM.10R3.B1"       3864.968238       3905.431248                 1   0.0746477498387                 0       0.074733125       8.940088827
    "BPM.10R3.B1"     "BPM.11R3.B1"       3905.431248       3958.211959                 1   0.0960969763688                 0       0.093054744       9.014821952
    "BPM.11R3.B1"     "BPM.12R3.B1"       3958.211959       4012.935475                 1   0.0989475384515                 0       0.100783245       9.107876696
    "BPM.12R3.B1"     "BPM.13R3.B1"       4012.935475       4066.383991                 1    0.109878805013                 0       0.116812998       9.208659941
    "BPM.13R3.B1"     "BPM.14R3.B1"       4066.383991       4119.832506                 1    0.115148891188                 0       0.115090969       9.325472939
    "BPM.14R3.B1"     "BPM.18R3.B1"       4119.832506        4333.62657                 1    0.508831368542                 0       0.500287732       9.440563908
    "BPM.18R3.B1"     "BPM.19R3.B1"        4333.62657       4387.075086                 1    0.136947954577                 0        0.13852821        9.94085164
    "BPM.19R3.B1"     "BPM.22R3.B1"       4387.075086       4547.420634                 1    0.362255609413                 0        0.36175953       10.07937985
    "BPM.22R3.B1"     "BPM.27R3.B1"       4547.420634       4814.663213                 1    0.647290592993                 0        0.64324991       10.44113938
    "BPM.27R3.B1"     "BPM.28R3.B1"       4814.663213       4868.111729                 1    0.103972967959                 0        0.11510654       11.08438929
    "BPM.28R3.B1"     "BPM.29R3.B1"       4868.111729       4921.560245                 1    0.140211205699                 0        0.13767989       11.19949583
    "BPM.29R3.B1"     "BPM.30R3.B1"       4921.560245       4975.008761                 1    0.113472871742                 0        0.11510655       11.33717572
    "BPM.30R3.B1"     "BPM.31R3.B1"       4975.008761       5028.457277                 1    0.146111891453                 0        0.13767846       11.45228227
    "BPM.31R3.B1"     "BPM.32R3.B1"       5028.457277       5081.905793                 1     0.10173626712                 0        0.11510659       11.58996073
    "BPM.32R3.B1"     "BPM.33R3.B1"       5081.905793       5135.354309                 1    0.140549861742                 0        0.13767989       11.70506732
    "BPM.33R3.B1"     "BPM.34R3.B1"       5135.354309       5188.802825                 1    0.116306780863                 0        0.11510651       11.84274721
    "BPM.34R3.B1"     "BPM.33L4.B1"       5188.802825        5242.25134                 1    0.145227829271                 0        0.13767846       11.95785372
    "BPM.33L4.B1"     "BPM.32L4.B1"        5242.25134       5295.699856                 1    0.116342908051                 0        0.11510663       12.09553218
    "BPM.32L4.B1"     "BPM.31L4.B1"       5295.699856       5349.148372                 1     0.13044815058                 0        0.13767988       12.21063881
    "BPM.31L4.B1"     "BPM.30L4.B1"       5349.148372       5402.596888                 1    0.110434090016                 0        0.11510647       12.34831869
    "BPM.30L4.B1"     "BPM.29L4.B1"       5402.596888       5456.045404                 1    0.145197409591                 0        0.13767847       12.46342516
    "BPM.29L4.B1"     "BPM.28L4.B1"       5456.045404        5509.49392                 1      0.1154817033                 0        0.11510667       12.60110363
    "BPM.28L4.B1"     "BPM.27L4.B1"        5509.49392       5562.942436                 1    0.137444055469                 0        0.13767988        12.7162103
    "BPM.27L4.B1"     "BPM.26L4.B1"       5562.942436       5616.390952                 1    0.108053949441                 0        0.11510642       12.85389018
    "BPM.26L4.B1"     "BPM.25L4.B1"       5616.390952       5669.839468                 1    0.149447053038                 0        0.13767848        12.9689966
    "BPM.25L4.B1"     "BPM.24L4.B1"       5669.839468       5723.287984                 1    0.104114730276                 0        0.11510671       13.10667508
    "BPM.24L4.B1"     "BPM.23L4.B1"       5723.287984         5776.7365                 1    0.143151100677                 0        0.13767987       13.22178179
    "BPM.23L4.B1"     "BPM.22L4.B1"         5776.7365       5830.185015                 1    0.125284690944                 0        0.11510638       13.35946166
    "BPM.22L4.B1"     "BPM.21L4.B1"       5830.185015       5883.633531                 1    0.127015252382                 0         0.1376785       13.47456804
    "BPM.21L4.B1"     "BPM.20L4.B1"       5883.633531       5937.082047                 1    0.117243422355                 0        0.11220502       13.61224654
    "BPM.20L4.B1"     "BPM.19L4.B1"       5937.082047       5990.530563                 1    0.131634878168                 0        0.13459329       13.72445156
    "BPM.19L4.B1"     "BPM.18L4.B1"       5990.530563       6043.979079                 1    0.118373308973                 0        0.11581025       13.85904485
    "BPM.18L4.B1"     "BPM.17L4.B1"       6043.979079       6097.427595                 1    0.136432810971                 0        0.13767184        13.9748551
    "BPM.17L4.B1"     "BPM.16L4.B1"       6097.427595       6150.876111                 1    0.105286676052                 0        0.11220041       14.11252694
    "BPM.16L4.B1"     "BPM.15L4.B1"       6150.876111       6204.324627                 1    0.140507416249                 0        0.13460052       14.22472735
    "BPM.15L4.B1"     "BPM.14L4.B1"       6204.324627       6257.773143                 1    0.114520274216                 0        0.11581509       14.35932787
    "BPM.14L4.B1"     "BPM.13L4.B1"       6257.773143       6311.221659                 1    0.138170825266                 0        0.13766437       14.47514296
    "BPM.13L4.B1"     "BPM.12L4.B1"       6311.221659       6364.670174                 1    0.126199533533                 0         0.1139617       14.61280733
    "BPM.12L4.B1"     "BPM.11L4.B1"       6364.670174        6418.11869                 1    0.125384739985                 0        0.13816085       14.72676903
    "BPM.11L4.B1"     "BPM.10L4.B1"        6418.11869       6469.957401                 1    0.116531987178                 0        0.11633718       14.86492988
    "BPM.10L4.B1"      "BPM.9L4.B1"       6469.957401       6509.022412                 1    0.128140945787                 0        0.12613097       14.98126706
     "BPM.9L4.B1"      "BPM.8L4.B1"       6509.022412       6549.485422                 1    0.114468430681                 0        0.13103863       15.10739803
     "BPM.8L4.B1"      "BPM.7L4.B1"       6549.485422       6588.549433                 1    0.179343145037                 0        0.17536882       15.23843666
     "BPM.7L4.B1"    "BPMYB.6L4.B1"       6588.549433       6685.153433                 1    0.157163249686                 0        0.14002005       15.41380548
   "BPMYB.6L4.B1"    "BPMYA.5L4.B1"       6685.153433       6722.153433                 1    0.020102261394                 0        0.02558572       15.55382553
   "BPMYA.5L4.B1"   "BPMWI.A5L4.B1"       6722.153433       6798.755933                 1    0.038161364749                 0        0.03194915       15.57941125
  "BPMWI.A5L4.B1"   "BPMWA.B5L4.B1"       6798.755933       6824.619933                 1    0.010070916943                 0        0.01392403        15.6113604
  "BPMWA.B5L4.B1"   "BPMWA.A5L4.B1"       6824.619933       6833.504933                 1    0.009958428726                 0        0.00520264       15.62528443
  "BPMWA.A5L4.B1"   "BPMWA.A5R4.B1"       6833.504933       6881.553933                 1    0.031095506205                 0         0.0319175       15.63048707
  "BPMWA.A5R4.B1"   "BPMWA.B5R4.B1"       6881.553933       6890.438933                 1     0.00405219639                 0        0.00656502       15.66240457
  "BPMWA.B5R4.B1"    "BPMYB.5R4.B1"       6890.438933       6992.829433                 1    0.085512523262                 0        0.08252766       15.66896959
   "BPMYB.5R4.B1"    "BPMYA.6R4.B1"       6992.829433       7024.393433                 1    0.017193743556                 0        0.01548212       15.75149725
   "BPMYA.6R4.B1"      "BPM.7R4.B1"       7024.393433       7120.909433                 1    0.164189754123                 0        0.16752332       15.76697937
     "BPM.7R4.B1"      "BPM.8R4.B1"       7120.909433       7158.698443                 1    0.144946818122                 0        0.14541045       15.93450269
     "BPM.8R4.B1"      "BPM.9R4.B1"       7158.698443       7197.763454                 1    0.134502970776                 0         0.1363317       16.07991314
     "BPM.9R4.B1"     "BPM.10R4.B1"       7197.763454       7238.226465                 1    0.163888985231                 0        0.16537466       16.21624484
    "BPM.10R4.B1"     "BPM.11R4.B1"       7238.226465       7290.065175                 1    0.109334535646                 0        0.11116221        16.3816195
    "BPM.11R4.B1"     "BPM.12R4.B1"       7290.065175       7344.788691                 1    0.136034881484                 0        0.13565759       16.49278171
    "BPM.12R4.B1"     "BPM.13R4.B1"       7344.788691       7398.237207                 1    0.113219549042                 0        0.11442561        16.6284393
    "BPM.13R4.B1"     "BPM.14R4.B1"       7398.237207       7451.685723                 1    0.139820614439                 0        0.13614955       16.74286491
    "BPM.14R4.B1"     "BPM.15R4.B1"       7451.685723       7505.134239                 1     0.10502540336                 0        0.11383579       16.87901446
    "BPM.15R4.B1"     "BPM.16R4.B1"       7505.134239       7558.582755                 1    0.143076334178                 0        0.13615057       16.99285025
    "BPM.16R4.B1"     "BPM.17R4.B1"       7558.582755       7612.031271                 1    0.124019828272                 0        0.11383526       17.12900082
    "BPM.17R4.B1"     "BPM.18R4.B1"       7612.031271       7665.479786                 1     0.12856666842                 0        0.13614887       17.24283608
    "BPM.18R4.B1"     "BPM.19R4.B1"       7665.479786       7718.928302                 1    0.107202955286                 0        0.11383578       17.37898495
    "BPM.19R4.B1"     "BPM.20R4.B1"       7718.928302       7772.376818                 1    0.145171915161                 0        0.13615057       17.49282073
    "BPM.20R4.B1"     "BPM.21R4.B1"       7772.376818       7825.825334                 1    0.123265314723                 0        0.11383526        17.6289713
    "BPM.21R4.B1"     "BPM.22R4.B1"       7825.825334        7879.27385                 1    0.129320258842                 0        0.13614887       17.74280656
    "BPM.22R4.B1"     "BPM.23R4.B1"        7879.27385       7932.722366                 1    0.102408500656                 0        0.11383393       17.87895543
    "BPM.23R4.B1"     "BPM.24R4.B1"       7932.722366       7986.170882                 1    0.141176461875                 0        0.13614687       17.99278936
    "BPM.24R4.B1"     "BPM.25R4.B1"       7986.170882       8039.619398                 1    0.119201520862                 0        0.11383428       18.12893623
    "BPM.25R4.B1"     "BPM.26R4.B1"       8039.619398       8093.067914                 1    0.136013413934                 0        0.13614886       18.24277051
    "BPM.26R4.B1"     "BPM.27R4.B1"       8093.067914        8146.51643                 1    0.109379698529                 0        0.11383394       18.37891937
    "BPM.27R4.B1"     "BPM.28R4.B1"        8146.51643       8199.964946                 1    0.130931095735                 0        0.13614687       18.49275331
    "BPM.28R4.B1"     "BPM.29R4.B1"       8199.964946       8253.413461                 1    0.114551345378                 0        0.11383428       18.62890018
    "BPM.29R4.B1"     "BPM.30R4.B1"       8253.413461       8306.861977                 1    0.134763873553                 0        0.13614886       18.74273446
    "BPM.30R4.B1"     "BPM.31R4.B1"       8306.861977       8360.310493                 1    0.112211625382                 0        0.11383393       18.87888332
    "BPM.31R4.B1"     "BPM.32R4.B1"       8360.310493       8413.759009                 1     0.13722796963                 0        0.13614688       18.99271725
    "BPM.32R4.B1"     "BPM.33R4.B1"       8413.759009       8467.207525                 1    0.116626410046                 0        0.11383427       19.12886413
    "BPM.33R4.B1"     "BPM.34R4.B1"       8467.207525       8520.656041                 1    0.137173607952                 0        0.13614887        19.2426984
    "BPM.34R4.B1"     "BPM.33L5.B1"       8520.656041       8574.104557                 1    0.102748126665                 0        0.11383393       19.37884727
    "BPM.33L5.B1"     "BPM.32L5.B1"       8574.104557       8627.553073                 1    0.139316177659                 0        0.13614687        19.4926812
    "BPM.32L5.B1"     "BPM.31L5.B1"       8627.553073       8681.001589                 1    0.122898562808                 0        0.11383428       19.62882807
    "BPM.31L5.B1"     "BPM.30L5.B1"       8681.001589       8734.450105                 1    0.134754134985                 0        0.13614886       19.74266235
    "BPM.30L5.B1"     "BPM.29L5.B1"       8734.450105        8787.89862                 1     0.10377149381                 0        0.11383394       19.87881121
    "BPM.29L5.B1"     "BPM.28L5.B1"        8787.89862       8841.347136                 1     0.13747288151                 0        0.13614687       19.99264515
    "BPM.28L5.B1"     "BPM.27L5.B1"       8841.347136       8894.795652                 1    0.124377818012                 0        0.11383427       20.12879202
    "BPM.27L5.B1"     "BPM.24L5.B1"       8894.795652         9055.1412                 1     0.37355607473                 0        0.38612968       20.24262629
    "BPM.24L5.B1"     "BPM.23L5.B1"         9055.1412       9108.589716                 1    0.118497297692                 0        0.11383427       20.62875597
    "BPM.23L5.B1"     "BPM.22L5.B1"       9108.589716       9162.038232                 1    0.137800105519                 0        0.13614887       20.74259024
    "BPM.22L5.B1"     "BPM.21L5.B1"       9162.038232       9215.486748                 1    0.112312221386                 0        0.11383393       20.87873911
    "BPM.21L5.B1"     "BPM.20L5.B1"       9215.486748       9268.935264                 1    0.131082950308                 0        0.13614807       20.99257304
    "BPM.20L5.B1"     "BPM.16L5.B1"       9268.935264       9482.729327                 1    0.502869283327                 0        0.49997048       21.12872111
    "BPM.16L5.B1"     "BPM.15L5.B1"       9482.729327       9536.177843                 1    0.121872377004                 0        0.11383711       21.62869159
    "BPM.15L5.B1"     "BPM.14L5.B1"       9536.177843       9589.626359                 1    0.136826539817                 0        0.13615137        21.7425287
    "BPM.14L5.B1"     "BPM.13L5.B1"       9589.626359       9643.074875                 1    0.095975320888                 0        0.11383394       21.87868007
    "BPM.13L5.B1"     "BPM.12L5.B1"       9643.074875       9696.523391                 1    0.148650055727                 0        0.13798425       21.99251401
    "BPM.12L5.B1"     "BPM.11L5.B1"       9696.523391       9749.971907                 1    0.114221244205                 0        0.10772364       22.13049826
    "BPM.11L5.B1"     "BPM.10L5.B1"       9749.971907       9802.752617                 1    0.131919009847                 0        0.13146551        22.2382219
    "BPM.10L5.B1"      "BPM.9L5.B1"       9802.752617       9841.817628                 1    0.118024236288                 0         0.1076156       22.36968741
     "BPM.9L5.B1"      "BPM.8L5.B1"       9841.817628       9882.280639                 1    0.184030608576                 0        0.18416627       22.47730301
     "BPM.8L5.B1"     "BPMR.7L5.B1"       9882.280639       9921.346649                 1    0.101628141859                 0        0.09903438       22.66146928
    "BPMR.7L5.B1"      "BPM.6L5.B1"       9921.346649       9958.240649                 1     0.09600315257                 0        0.10359396       22.76050366
     "BPM.6L5.B1"     "BPMR.5L5.B1"       9958.240649       9990.140649                 1    0.022197378964                 0        0.01771326       22.86409762
    "BPMR.5L5.B1"    "BPMYA.4L5.B1"       9990.140649       10017.54665                 1    0.005569699323                 0        0.00637342       22.88181088
   "BPMYA.4L5.B1"    "BPMWB.4L5.B1"       10017.54665       10038.68115                 1    0.005564920937                 0        0.00280272        22.8881843
   "BPMWB.4L5.B1"    "BPMSY.4L5.B1"       10038.68115       10131.46115                 1    0.006493387377                 0         0.0081694       22.89098702
   "BPMSY.4L5.B1"     "BPMS.2L5.B1"       10131.46115       10158.24665                 1    0.004805011048                 0        0.00114212       22.89915642
    "BPMS.2L5.B1"    "BPMSW.1L5.B1"       10158.24665       10168.21165                 1    0.995602934722                 0 0.000836629999998       22.90029854
   "BPMSW.1L5.B1"    "BPMSW.1R5.B1"       10168.21165       10211.33965                 1    0.498775108389                 0        0.49409619       22.90113517
   "BPMSW.1R5.B1"     "BPMS.2R5.B1"       10211.33965       10221.30465                 1    0.012246323298                 0        0.00107493       23.39523136
    "BPMS.2R5.B1"    "BPMWB.4R5.B1"       10221.30465       10340.87015                 1    0.998842765999                 0        0.00885431       23.39630629
   "BPMWB.4R5.B1"    "BPMYA.4R5.B1"       10340.87015       10362.00265                 1    0.003165658165                 0        0.00623623        23.4051606
   "BPMYA.4R5.B1"      "BPM.5R5.B1"       10362.00265       10383.12065                 1    0.017595789788                 0        0.01348692       23.41139683
     "BPM.5R5.B1"     "BPMR.6R5.B1"       10383.12065       10415.02065                 1     0.14744108314                 0        0.15661759       23.42488375
    "BPMR.6R5.B1"    "BPM_A.7R5.B1"       10415.02065       10449.03465                 1    0.273076157301                 0         0.2725376       23.58150134
   "BPM_A.7R5.B1"      "BPM.8R5.B1"       10449.03465       10490.47364                 1    0.120436104254                 0        0.11520835       23.85403894
     "BPM.8R5.B1"      "BPM.9R5.B1"       10490.47364       10529.54063                 1     0.18805280258                 0        0.20268484       23.96924729
     "BPM.9R5.B1"     "BPM.10R5.B1"       10529.54063       10570.00562                 1    0.100518132377                 0        0.09188322       24.17193213
    "BPM.10R5.B1"     "BPM.11R5.B1"       10570.00562       10622.78831                 1    0.119131612308                 0        0.12131647       24.26381535
    "BPM.11R5.B1"     "BPM.12R5.B1"       10622.78831       10677.51479                 1    0.107828665391                 0        0.11182816       24.38513182
    "BPM.12R5.B1"     "BPM.13R5.B1"       10677.51479       10730.96627                 1     0.13172983037                 0        0.13272883       24.49695998
    "BPM.13R5.B1"     "BPM.14R5.B1"       10730.96627       10784.41776                 1    0.121557917652                 0        0.11384189       24.62968881
    "BPM.14R5.B1"     "BPM.15R5.B1"       10784.41776       10837.86924                 1    0.135832602006                 0        0.13616037        24.7435307
    "BPM.15R5.B1"     "BPM.16R5.B1"       10837.86924       10891.32073                 1    0.106102912869                 0        0.11384448       24.87969107
    "BPM.16R5.B1"     "BPM.17R5.B1"       10891.32073       10944.77221                 1     0.13360358466                 0        0.13615968       24.99353555
    "BPM.17R5.B1"     "BPM.18R5.B1"       10944.77221        10998.2237                 1    0.117670163024                 0          0.113842       25.12969523
    "BPM.18R5.B1"     "BPM.19R5.B1"        10998.2237       11051.67518                 1    0.135317213449                 0        0.13616037       25.24353723
    "BPM.19R5.B1"     "BPM.20R5.B1"       11051.67518       11105.12666                 1    0.111621808805                 0        0.11384449        25.3796976
    "BPM.20R5.B1"     "BPM.21R5.B1"       11105.12666       11158.57815                 1    0.131400033688                 0        0.13615968       25.49354209
    "BPM.21R5.B1"     "BPM.22R5.B1"       11158.57815       11212.02963                 1    0.123398766855                 0          0.113842       25.62970177
    "BPM.22R5.B1"     "BPM.23R5.B1"       11212.02963       11265.48112                 1    0.132921367386                 0        0.13615918       25.74354377
    "BPM.23R5.B1"     "BPM.24R5.B1"       11265.48112        11318.9326                 1    0.113401789161                 0        0.11384164       25.87970295
    "BPM.24R5.B1"     "BPM.25R5.B1"        11318.9326       11372.38408                 1    0.134807802281                 0        0.13615718       25.99354459
    "BPM.25R5.B1"     "BPM.26R5.B1"       11372.38408       11425.83557                 1    0.118964364046                 0          0.113842       26.12970177
    "BPM.26R5.B1"     "BPM.27R5.B1"       11425.83557       11479.28705                 1    0.133109849202                 0        0.13615918       26.24354377
    "BPM.27R5.B1"     "BPM.28R5.B1"       11479.28705       11532.73854                 1    0.109076331259                 0        0.11384164       26.37970295
    "BPM.28R5.B1"     "BPM.29R5.B1"       11532.73854       11586.19002                 1    0.138805031078                 0        0.13615718       26.49354459
    "BPM.29R5.B1"     "BPM.30R5.B1"       11586.19002        11639.6415                 1    0.115051047859                 0          0.113842       26.62970177
    "BPM.30R5.B1"     "BPM.31R5.B1"        11639.6415       11693.09299                 1    0.138266756289                 0        0.13615918       26.74354377
    "BPM.31R5.B1"     "BPM.32R5.B1"       11693.09299       11746.54447                 1    0.110062305093                 0        0.11384164       26.87970295
    "BPM.32R5.B1"     "BPM.33R5.B1"       11746.54447       11799.99596                 1    0.141304520697                 0        0.13615718       26.99354459
    "BPM.33R5.B1"     "BPM.34R5.B1"       11799.99596       11853.44744                 1    0.105260650422                 0          0.113842       27.12970177
    "BPM.34R5.B1"     "BPM.33L6.B1"       11853.44744       11906.89893                 1    0.144186652594                 0        0.13615918       27.24354377
    "BPM.33L6.B1"     "BPM.30L6.B1"       11906.89893       12067.25338                 1    0.364771428817                 0        0.36384082       27.37970295
    "BPM.30L6.B1"     "BPM.29L6.B1"       12067.25338       12120.70486                 1    0.133606664501                 0        0.13615918       27.74354377
    "BPM.29L6.B1"     "BPM.28L6.B1"       12120.70486       12174.15635                 1    0.111751947516                 0        0.11384164       27.87970295
    "BPM.28L6.B1"     "BPM.27L6.B1"       12174.15635       12227.60783                 1    0.140767112701                 0        0.13615718       27.99354459
    "BPM.27L6.B1"     "BPM.26L6.B1"       12227.60783       12281.05931                 1    0.116725738659                 0          0.113842       28.12970177
    "BPM.26L6.B1"     "BPM.25L6.B1"       12281.05931        12334.5108                 1    0.131381477146                 0        0.13615918       28.24354377
    "BPM.25L6.B1"     "BPM.22L6.B1"        12334.5108       12494.86525                 1    0.370520737114                 0        0.36384082       28.37970295
    "BPM.22L6.B1"     "BPM.21L6.B1"       12494.86525       12548.31673                 1    0.131972390959                 0        0.13615917       28.74354377
    "BPM.21L6.B1"     "BPM.20L6.B1"       12548.31673       12601.76822                 1    0.115097767152                 0         0.1138435       28.87970294
    "BPM.20L6.B1"     "BPM.19L6.B1"       12601.76822        12655.2197                 1    0.128886513397                 0        0.13616088       28.99354644
    "BPM.19L6.B1"     "BPM.18L6.B1"        12655.2197       12708.67119                 1    0.113032600829                 0        0.11384299       29.12970732
    "BPM.18L6.B1"     "BPM.17L6.B1"       12708.67119       12762.12267                 1    0.140349897365                 0        0.13615917       29.24355031
    "BPM.17L6.B1"     "BPM.16L6.B1"       12762.12267       12815.57415                 1    0.097932532053                 0         0.1138435       29.37970948
    "BPM.16L6.B1"     "BPM.15L6.B1"       12815.57415       12869.02564                 1    0.143142857613                 0        0.13616087       29.49355298
    "BPM.15L6.B1"     "BPM.14L6.B1"       12869.02564       12922.47712                 1    0.122345831894                 0        0.11384299       29.62971385
    "BPM.14L6.B1"     "BPM.13L6.B1"       12922.47712       12975.92861                 1    0.137210545114                 0        0.13615918       29.74355684
    "BPM.13L6.B1"     "BPM.12L6.B1"       12975.92861       13029.38009                 1    0.115020661444                 0        0.11516521       29.87971602
    "BPM.12L6.B1"     "BPM.11L6.B1"       13029.38009       13082.83158                 1    0.125878429081                 0        0.13504696       29.99488123
    "BPM.11L6.B1"     "BPM.10L6.B1"       13082.83158       13134.67226                 1    0.127252648909                 0        0.11592416       30.12992819
    "BPM.10L6.B1"      "BPM.9L6.B1"       13134.67226       13173.73925                 1    0.117713169544                 0         0.1197592       30.24585235
     "BPM.9L6.B1"      "BPM.8L6.B1"       13173.73925       13214.20424                 1    0.112636641364                 0         0.1227225       30.36561155
     "BPM.8L6.B1"    "BPMYA.5L6.B1"       13214.20424       13311.29423                 1    0.257593444515                 0        0.24556955       30.48833405
   "BPMYA.5L6.B1"    "BPMYB.4L6.B1"       13311.29423       13347.69423                 1    0.011723697325                 0        0.01521966        30.7339036
   "BPMYB.4L6.B1"    "BPMSE.4L6.B1"       13347.69423       13476.94473                 1     0.11665761572                 0        0.12978468       30.74912326
   "BPMSE.4L6.B1"    "BPMSA.4R6.B1"       13476.94473       13568.51473                 1    0.088734391085                 0        0.07692013       30.87890794
   "BPMSA.4R6.B1"    "BPMYA.4R6.B1"       13568.51473       13691.29423                 1   0.0520116680074                 0        0.05205069       30.95582807
   "BPMYA.4R6.B1"    "BPMYB.5R6.B1"       13691.29423       13727.69423                 1   0.0257793520152                 0        0.02100636       31.00787876
   "BPMYB.5R6.B1"      "BPM.8R6.B1"       13727.69423       13823.42122                 1    0.320065202349                 0        0.32325714       31.02888512
     "BPM.8R6.B1"     "BPM.10R6.B1"       13823.42122        13902.9532                 1     0.30227045139                 0        0.30137842       31.35214226
    "BPM.10R6.B1"     "BPM.11R6.B1"        13902.9532       13954.79389                 1    0.105025911123                 0        0.10404968       31.65352068
    "BPM.11R6.B1"     "BPM.12R6.B1"       13954.79389       14009.52037                 1    0.132898705191                 0        0.13604362       31.75757036
    "BPM.12R6.B1"     "BPM.13R6.B1"       14009.52037       14062.97186                 1    0.124531575708                 0        0.11563183       31.89361398
    "BPM.13R6.B1"     "BPM.14R6.B1"       14062.97186       14116.42334                 1    0.131668103828                 0        0.13693024       32.00924581
    "BPM.14R6.B1"     "BPM.15R6.B1"       14116.42334       14169.87483                 1     0.11777077929                 0        0.11715962       32.14617605
    "BPM.15R6.B1"     "BPM.16R6.B1"       14169.87483       14223.32631                 1    0.135896379989                 0        0.14083206       32.26333567
    "BPM.16R6.B1"     "BPM.20R6.B1"       14223.32631       14437.13225                 1    0.501024310638                 0        0.50906308       32.40416773
    "BPM.20R6.B1"     "BPM.21R6.B1"       14437.13225       14490.58373                 1    0.114764728978                 0        0.11380831       32.91323081
    "BPM.21R6.B1"     "BPM.22R6.B1"       14490.58373       14544.03522                 1    0.139901521015                 0        0.13736333       33.02703912
    "BPM.22R6.B1"     "BPM.23R6.B1"       14544.03522        14597.4867                 1    0.112975526428                 0        0.11450354       33.16440245
    "BPM.23R6.B1"     "BPM.24R6.B1"        14597.4867       14650.93818                 1    0.134194581307                 0        0.13736477       33.27890599
    "BPM.24R6.B1"     "BPM.25R6.B1"       14650.93818       14704.38967                 1    0.113517328789                 0        0.11450133       33.41627076
    "BPM.25R6.B1"     "BPM.26R6.B1"       14704.38967       14757.84115                 1    0.142603370991                 0        0.13736423       33.53077209
    "BPM.26R6.B1"     "BPM.30R6.B1"       14757.84115       14971.64709                 1    0.503337181847                 0        0.50373387       33.66813632
    "BPM.30R6.B1"     "BPM.31R6.B1"       14971.64709       15025.09857                 1    0.112644783744                 0        0.11450356       34.17187019
    "BPM.31R6.B1"     "BPM.32R6.B1"       15025.09857       15078.55006                 1    0.142146547148                 0        0.13736464       34.28637375
    "BPM.32R6.B1"     "BPM.33R6.B1"       15078.55006       15132.00154                 1    0.112079903468                 0        0.11450132       34.42373839
    "BPM.33R6.B1"     "BPM.34R6.B1"       15132.00154       15185.45302                 1    0.141900008042                 0        0.13736435       34.53823971
    "BPM.34R6.B1"     "BPM.33L7.B1"       15185.45302       15238.90451                 1    0.115172816004                 0        0.11450357       34.67560406
    "BPM.33L7.B1"     "BPM.32L7.B1"       15238.90451       15292.35599                 1    0.133571638138                 0        0.13736458       34.79010763
    "BPM.32L7.B1"     "BPM.31L7.B1"       15292.35599       15345.80748                 1    0.113730480673                 0        0.11450132       34.92747221
    "BPM.31L7.B1"     "BPM.30L7.B1"       15345.80748       15399.25896                 1    0.137314652517                 0         0.1373644       35.04197353
    "BPM.30L7.B1"     "BPM.29L7.B1"       15399.25896       15452.71045                 1    0.118705780179                 0        0.11450357       35.17933793
    "BPM.29L7.B1"     "BPM.28L7.B1"       15452.71045       15506.16193                 1    0.135872125584                 0        0.13736453        35.2938415
    "BPM.28L7.B1"     "BPM.27L7.B1"       15506.16193       15559.61341                 1    0.120495238032                 0        0.11450131       35.43120603
    "BPM.27L7.B1"     "BPM.26L7.B1"       15559.61341        15613.0649                 1    0.137326129345                 0        0.13736446       35.54570734
    "BPM.26L7.B1"     "BPM.25L7.B1"        15613.0649       15666.51638                 1    0.111152382766                 0        0.11450358        35.6830718
    "BPM.25L7.B1"     "BPM.24L7.B1"       15666.51638       15719.96787                 1    0.133906831741                 0        0.13736446       35.79757538
    "BPM.24L7.B1"     "BPM.23L7.B1"       15719.96787       15773.41935                 1    0.111834297103                 0        0.11450131       35.93493984
    "BPM.23L7.B1"     "BPM.22L7.B1"       15773.41935       15826.87083                 1    0.150669702005                 0        0.13736453       36.04944115
    "BPM.22L7.B1"     "BPM.21L7.B1"       15826.87083       15880.32232                 1    0.102589828401                 0        0.11450357       36.18680568
    "BPM.21L7.B1"     "BPM.20L7.B1"       15880.32232        15933.7738                 1    0.138469470689                 0        0.13652303       36.30130925
    "BPM.20L7.B1"     "BPM.19L7.B1"        15933.7738       15987.22529                 1    0.119849963237                 0        0.11682564       36.43783228
    "BPM.19L7.B1"     "BPM.18L7.B1"       15987.22529       16040.67677                 1     0.13773858982                 0        0.14127497       36.55465792
    "BPM.18L7.B1"     "BPM.17L7.B1"       16040.67677       16094.12825                 1    0.111339592425                 0        0.11427241       36.69593289
    "BPM.17L7.B1"     "BPM.16L7.B1"       16094.12825       16147.57974                 1    0.133992332248                 0        0.13668727        36.8102053
    "BPM.16L7.B1"     "BPM.15L7.B1"       16147.57974       16201.03122                 1    0.127375828906                 0        0.11705694       36.94689257
    "BPM.15L7.B1"     "BPM.14L7.B1"       16201.03122       16254.48271                 1    0.135581254033                 0         0.1410873       37.06394951
    "BPM.14L7.B1"     "BPM.13L7.B1"       16254.48271       16307.93419                 1    0.116262650837                 0        0.11405891       37.20503681
    "BPM.13L7.B1"     "BPM.12L7.B1"       16307.93419       16361.38567                 1     0.12979075973                 0        0.13969227       37.31909572
    "BPM.12L7.B1"     "BPM.11L7.B1"       16361.38567       16414.83716                 1     0.12284045258                 0        0.11973861       37.45878799
    "BPM.11L7.B1"     "BPM.10L7.B1"       16414.83716       16467.61985                 1    0.150684391444                 0        0.14378889        37.5785266
    "BPM.10L7.B1"      "BPM.9L7.B1"       16467.61985       16506.68684                 1    0.087650707466                 0        0.09366052       37.72231549
     "BPM.9L7.B1"      "BPM.7L7.B1"       16506.68684       16586.21782                 1    0.288368970839                 0        0.27528997       37.81597601
     "BPM.7L7.B1"      "BPM.6L7.B1"       16586.21782       16621.03582                 1   0.0426555467211                 0        0.04669229       38.09126598
     "BPM.6L7.B1"    "BPMWC.6L7.B1"       16621.03582       16633.13832                 1     1.00011116099                 0        0.00755964       38.13795827
   "BPMWC.6L7.B1"    "BPMWE.5L7.B1"       16633.13832       16710.19232                 1    0.198271744899                 0        0.18912957       38.14551791
   "BPMWE.5L7.B1"     "BPMW.5L7.B1"       16710.19232       16733.39732                 1    0.079571143561                 0        0.09708956       38.33464748
    "BPMW.5L7.B1"    "BPMWE.4L7.B1"       16733.39732       16768.48232                 1    0.052294473744                 0        0.04178837       38.43173704
   "BPMWE.4L7.B1"     "BPMW.4L7.B1"       16768.48232       16796.58732                 1    0.006199542079                 0        0.01327535       38.47352541
    "BPMW.4L7.B1"     "BPMW.4R7.B1"       16796.58732       16912.63432                 1    0.188931220282                 0        0.18804689       38.48680076
    "BPMW.4R7.B1"    "BPMWE.4R7.B1"       16912.63432       16940.73932                 1    0.806074329707                 0        0.07617342       38.67484765
   "BPMWE.4R7.B1"     "BPMW.5R7.B1"       16940.73932       16975.82432                 1    0.306382501728                 0        0.03296548       38.75102107
    "BPMW.5R7.B1"    "BPMWE.5R7.B1"       16975.82432       16999.02932                 1    0.015496471475                 0        0.01041579       38.78398655
   "BPMWE.5R7.B1"     "BPMR.6R7.B1"       16999.02932       17078.24482                 1    0.092061228653                 0        0.09267536       38.79440234
    "BPMR.6R7.B1"    "BPM_A.7R7.B1"       17078.24482       17116.28082                 1    0.074020050893                 0          0.080094        38.8870777
   "BPM_A.7R7.B1"      "BPM.9R7.B1"       17116.28082        17194.4138                 1    0.319465677414                 0        0.31779413        38.9671717
     "BPM.9R7.B1"     "BPM.10R7.B1"        17194.4138       17234.87878                 1    0.100594847857                 0        0.09963844       39.28496583
    "BPM.10R7.B1"     "BPM.11R7.B1"       17234.87878       17287.66147                 1     0.12705169186                 0        0.12689285       39.38460427
    "BPM.11R7.B1"     "BPM.12R7.B1"       17287.66147       17342.38796                 1    0.115150778916                 0        0.12036219       39.51149712
    "BPM.12R7.B1"     "BPM.13R7.B1"       17342.38796       17395.83944                 1    0.151696841225                 0        0.14358771       39.63185931
    "BPM.13R7.B1"     "BPM.14R7.B1"       17395.83944       17449.29093                 1     0.10952108887                 0        0.11500708       39.77544702
    "BPM.14R7.B1"     "BPM.15R7.B1"       17449.29093       17502.74241                 1    0.140457275316                 0        0.13628882        39.8904541
    "BPM.15R7.B1"     "BPM.16R7.B1"       17502.74241       17556.19389                 1    0.107539494157                 0        0.11632128       40.02674292
    "BPM.16R7.B1"     "BPM.17R7.B1"       17556.19389       17609.64538                 1    0.144809526676                 0         0.1415555        40.1430642
    "BPM.17R7.B1"     "BPM.18R7.B1"       17609.64538       17663.09686                 1    0.121681570114                 0        0.11474892        40.2846197
    "BPM.18R7.B1"     "BPM.19R7.B1"       17663.09686       17716.54835                 1    0.131007812666                 0        0.13638969       40.39936862
    "BPM.19R7.B1"     "BPM.20R7.B1"       17716.54835       17769.99983                 1    0.108077498227                 0        0.11657999       40.53575831
    "BPM.20R7.B1"     "BPM.21R7.B1"       17769.99983       17823.45131                 1    0.151116685377                 0         0.1414317        40.6523383
    "BPM.21R7.B1"     "BPM.22R7.B1"       17823.45131        17876.9028                 1    0.115787840484                 0        0.11450269          40.79377
    "BPM.22R7.B1"     "BPM.23R7.B1"        17876.9028       17930.35428                 1    0.134861805596                 0        0.13736449       40.90827269
    "BPM.23R7.B1"     "BPM.24R7.B1"       17930.35428       17983.80577                 1    0.117690517743                 0        0.11450233       41.04563718
    "BPM.24R7.B1"     "BPM.25R7.B1"       17983.80577       18037.25725                 1    0.133781814386                 0        0.13736447       41.16013951
    "BPM.25R7.B1"     "BPM.26R7.B1"       18037.25725       18090.70874                 1    0.122064488948                 0        0.11450256       41.29750398
    "BPM.26R7.B1"     "BPM.27R7.B1"       18090.70874       18144.16022                 1    0.132217148343                 0        0.13736448       41.41200654
    "BPM.27R7.B1"     "BPM.28R7.B1"       18144.16022        18197.6117                 1    0.099780706417                 0        0.11450233       41.54937102
    "BPM.28R7.B1"     "BPM.29R7.B1"        18197.6117       18251.06319                 1    0.149131541705                 0        0.13736447       41.66387335
    "BPM.29R7.B1"     "BPM.30R7.B1"       18251.06319       18304.51467                 1    0.113295567075                 0        0.11450256       41.80123782
    "BPM.30R7.B1"     "BPM.31R7.B1"       18304.51467       18357.96616                 1    0.139694520322                 0        0.13736448       41.91574038
    "BPM.31R7.B1"     "BPM.32R7.B1"       18357.96616       18411.41764                 1     0.11885194005                 0        0.11450233       42.05310486
    "BPM.32R7.B1"     "BPM.33R7.B1"       18411.41764       18464.86912                 1    0.135012064622                 0        0.13736448       42.16760719
    "BPM.33R7.B1"     "BPM.34R7.B1"       18464.86912       18518.32061                 1    0.114291004428                 0        0.11450256       42.30497167
    "BPM.34R7.B1"     "BPM.33L8.B1"       18518.32061       18571.77209                 1    0.139685878722                 0        0.13736448       42.41947423
    "BPM.33L8.B1"     "BPM.32L8.B1"       18571.77209       18625.22358                 1     0.11208881465                 0        0.11450232       42.55683871
    "BPM.32L8.B1"     "BPM.31L8.B1"       18625.22358       18678.67506                 1    0.137749997705                 0        0.13736449       42.67134103
    "BPM.31L8.B1"     "BPM.30L8.B1"       18678.67506       18732.12654                 1    0.121280211009                 0        0.11450256       42.80870552
    "BPM.30L8.B1"     "BPM.29L8.B1"       18732.12654       18785.57803                 1    0.134871697768                 0        0.13736447       42.92320808
    "BPM.29L8.B1"     "BPM.28L8.B1"       18785.57803       18839.02951                 1    0.110696539788                 0        0.11450232       43.06057255
    "BPM.28L8.B1"     "BPM.27L8.B1"       18839.02951         18892.481                 1    0.140996453704                 0         0.1373645       43.17507487
    "BPM.27L8.B1"     "BPM.26L8.B1"         18892.481       18945.93248                 1    0.117358633003                 0        0.11450256       43.31243937
    "BPM.26L8.B1"     "BPM.25L8.B1"       18945.93248       18999.38397                 1    0.133654243777                 0        0.13736446       43.42694193
    "BPM.25L8.B1"     "BPM.24L8.B1"       18999.38397       19052.83545                 1    0.114603224678                 0        0.11450232       43.56430639
    "BPM.24L8.B1"     "BPM.23L8.B1"       19052.83545       19106.28693                 1    0.139268054052                 0         0.1373645       43.67880871
    "BPM.23L8.B1"     "BPM.22L8.B1"       19106.28693       19159.73842                 1    0.112053423543                 0        0.11450256       43.81617321
    "BPM.22L8.B1"     "BPM.21L8.B1"       19159.73842        19213.1899                 1    0.137281339664                 0        0.13736446       43.93067577
    "BPM.21L8.B1"     "BPM.20L8.B1"        19213.1899       19266.64139                 1    0.124317650022                 0        0.11751017       44.06804023
    "BPM.20L8.B1"     "BPM.19L8.B1"       19266.64139       19320.09287                 1    0.133042747516                 0        0.14035791        44.1855504
    "BPM.19L8.B1"     "BPM.18L8.B1"       19320.09287       19373.54435                 1    0.116717623949                 0         0.1136651       44.32590831
    "BPM.18L8.B1"     "BPM.17L8.B1"       19373.54435       19426.99584                 1    0.132501684651                 0        0.13761323       44.43957341
    "BPM.17L8.B1"     "BPM.16L8.B1"       19426.99584       19480.44732                 1    0.110497467192                 0        0.11764975       44.57718664
    "BPM.16L8.B1"     "BPM.15L8.B1"       19480.44732       19533.89881                 1    0.152183606225                 0        0.14009193       44.69483639
    "BPM.15L8.B1"     "BPM.14L8.B1"       19533.89881       19587.35029                 1    0.102649669838                 0        0.11354576       44.83492832
    "BPM.14L8.B1"     "BPM.13L8.B1"       19587.35029       19640.80177                 1    0.142360661287                 0        0.13788036       44.94847408
    "BPM.13L8.B1"     "BPM.12L8.B1"       19640.80177       19694.25326                 1    0.118331556717                 0        0.11819644       45.08635444
    "BPM.12L8.B1"     "BPM.11L8.B1"       19694.25326       19747.70474                 1    0.152757297218                 0        0.14208621       45.20455088
    "BPM.11L8.B1"     "BPM.10L8.B1"       19747.70474       19799.54543                 1     0.10211601515                 0        0.10425666       45.34663709
    "BPM.10L8.B1"      "BPM.9L8.B1"       19799.54543       19838.61242                 1    0.104904817351                 0         0.1117465       45.45089375
     "BPM.9L8.B1"      "BPM.8L8.B1"       19838.61242       19879.07741                 1    0.173680982891                 0        0.16168789       45.56264025
     "BPM.8L8.B1"      "BPM.7L8.B1"       19879.07741        19918.1454                 1    0.161784481048                 0        0.17532691       45.72432814
     "BPM.7L8.B1"     "BPMR.6L8.B1"        19918.1454        19950.6144                 1    0.112021866709                 0        0.11225004       45.89965505
    "BPMR.6L8.B1"      "BPM.5L8.B1"        19950.6144        20011.0334                 1    0.989998132978                 0        0.25082317       46.01190509
     "BPM.5L8.B1"    "BPMYB.4L8.B1"        20011.0334        20031.8004                 1    0.289931272858                 0        0.01949374       46.26272826
   "BPMYB.4L8.B1"    "BPMWB.4L8.B1"        20031.8004        20056.1919                 1    0.017034719129                 0        0.02279182         46.282222
   "BPMWB.4L8.B1"     "BPMS.2L8.B1"        20056.1919        20144.3364                 1    0.034206588718                 0        0.03780752       46.30501382
    "BPMS.2L8.B1"    "BPMSW.1L8.B1"        20144.3364        20154.2704                 1    0.021613301653                 0        0.00794011       46.34282134
   "BPMSW.1L8.B1"    "BPMSW.1R8.B1"        20154.2704        20197.4604                 1    0.451163938463                 0        0.45606152       46.35076145
   "BPMSW.1R8.B1"     "BPMS.2R8.B1"        20197.4604        20207.3944                 1    0.002398912409                 0        0.00615058       46.80682297
    "BPMS.2R8.B1"    "BPMSX.4R8.B1"        20207.3944        20245.3059                 1    0.010760406053                 0        0.01355331       46.81297355
   "BPMSX.4R8.B1"    "BPMWB.4R8.B1"        20245.3059        20295.4629                 1    0.023739591607                 0        0.02596852       46.82652686
   "BPMWB.4R8.B1"    "BPMYB.4R8.B1"        20295.4629        20319.9304                 1    0.019622269405                 0        0.01435506       46.85249538
   "BPMYB.4R8.B1"    "BPMYB.5R8.B1"        20319.9304        20340.5074                 1    0.020459396273                 0         0.0272403       46.86685044
   "BPMYB.5R8.B1"      "BPM.6R8.B1"        20340.5074        20424.6154                 1    0.365509960782                 0        0.35527844       46.89409074
     "BPM.6R8.B1"    "BPM_A.7R8.B1"        20424.6154        20446.8554                 1    0.039182660159                 0        0.04274936       47.24936918
   "BPM_A.7R8.B1"      "BPM.8R8.B1"        20446.8554       20488.29241                 1    0.097156801519                 0        0.10049854       47.29211854
     "BPM.8R8.B1"      "BPM.9R8.B1"       20488.29241       20527.35742                 1    0.135876737537                 0        0.14341936       47.39261708
     "BPM.9R8.B1"     "BPM.10R8.B1"       20527.35742       20567.82043                 1    0.199874173109                 0        0.18954071       47.53603644
    "BPM.10R8.B1"     "BPM.11R8.B1"       20567.82043       20619.65914                 1    0.102602031637                 0        0.09884966       47.72557715
    "BPM.11R8.B1"     "BPM.12R8.B1"       20619.65914       20674.38266                 1    0.129789903671                 0        0.13459909       47.82442681
    "BPM.12R8.B1"     "BPM.13R8.B1"       20674.38266       20727.83117                 1    0.112142375986                 0        0.11738701        47.9590259
    "BPM.13R8.B1"     "BPM.14R8.B1"       20727.83117       20781.27969                 1    0.142191058221                 0        0.13615234       48.07641291
    "BPM.14R8.B1"     "BPM.15R8.B1"       20781.27969       20834.72821                 1    0.109658429242                 0        0.11383551       48.21256525
    "BPM.15R8.B1"     "BPM.16R8.B1"       20834.72821       20888.17672                 1    0.148706627645                 0        0.13615113       48.32640076
    "BPM.16R8.B1"     "BPM.17R8.B1"       20888.17672       20941.62524                 1    0.106829212339                 0        0.11383554       48.46255189
    "BPM.17R8.B1"     "BPM.18R8.B1"       20941.62524       20995.07375                 1     0.14161749288                 0         0.1361483       48.57638743
    "BPM.18R8.B1"     "BPM.19R8.B1"       20995.07375       21048.52227                 1    0.108464097766                 0        0.11383552       48.71253573
    "BPM.19R8.B1"     "BPM.20R8.B1"       21048.52227       21101.97079                 1    0.145784609089                 0        0.13615113       48.82637125
    "BPM.20R8.B1"     "BPM.21R8.B1"       21101.97079        21155.4193                 1    0.114839707943                 0        0.11383553       48.96252238
    "BPM.21R8.B1"     "BPM.22R8.B1"        21155.4193       21208.86782                 1    0.141719546869                 0        0.13614831       49.07635791
    "BPM.22R8.B1"     "BPM.23R8.B1"       21208.86782       21262.31633                 1    0.106964652599                 0        0.11383366       49.21250622
    "BPM.23R8.B1"     "BPM.24R8.B1"       21262.31633       21315.76485                 1    0.139596146109                 0        0.13614743       49.32633988
    "BPM.24R8.B1"     "BPM.25R8.B1"       21315.76485       21369.21337                 1    0.112004878489                 0        0.11383455       49.46248731
    "BPM.25R8.B1"     "BPM.26R8.B1"       21369.21337       21422.66188                 1    0.134360414099                 0         0.1361483       49.57632186
    "BPM.26R8.B1"     "BPM.30R8.B1"       21422.66188       21636.45594                 1    0.498904393574                 0        0.49996395       49.71247016
    "BPM.30R8.B1"     "BPM.31R8.B1"       21636.45594       21689.90446                 1    0.108164959138                 0        0.11383366       50.21243411
    "BPM.31R8.B1"     "BPM.32R8.B1"       21689.90446       21743.35298                 1    0.140617363169                 0        0.13614743       50.32626777
    "BPM.32R8.B1"     "BPM.33R8.B1"       21743.35298       21796.80149                 1    0.107806350687                 0        0.11383455        50.4624152
    "BPM.33R8.B1"     "BPM.34R8.B1"       21796.80149       21850.25001                 1    0.146473124595                 0        0.13614831       50.57624975
    "BPM.34R8.B1"     "BPM.33L1.B1"       21850.25001       21903.69852                 1    0.110721588408                 0        0.11383366       50.71239806
    "BPM.33L1.B1"     "BPM.32L1.B1"       21903.69852       21957.14704                 1    0.135443926553                 0        0.13614743       50.82623172
    "BPM.32L1.B1"     "BPM.31L1.B1"       21957.14704       22010.59556                 1    0.110044085898                 0        0.11383455       50.96237915
    "BPM.31L1.B1"     "BPM.30L1.B1"       22010.59556       22064.04407                 1    0.137105243714                 0         0.1361483        51.0762137
    "BPM.30L1.B1"     "BPM.29L1.B1"       22064.04407       22117.49259                 1    0.105092994557                 0        0.11383366         51.212362
    "BPM.29L1.B1"     "BPM.28L1.B1"       22117.49259        22170.9411                 1    0.151002833377                 0        0.13614744       51.32619566
    "BPM.28L1.B1"     "BPM.27L1.B1"        22170.9411       22224.38962                 1    0.102278809965                 0        0.11383455        51.4623431
    "BPM.27L1.B1"     "BPM.26L1.B1"       22224.38962       22277.83814                 1    0.141490627421                 0         0.1361483       51.57617765
    "BPM.26L1.B1"     "BPM.25L1.B1"       22277.83814       22331.28665                 1    0.116477714634                 0        0.11383366       51.71232595
    "BPM.25L1.B1"     "BPM.24L1.B1"       22331.28665       22384.73517                 1    0.130745801971                 0        0.13614743       51.82615961
    "BPM.24L1.B1"     "BPM.23L1.B1"       22384.73517       22438.18368                 1    0.111700133556                 0        0.11383455       51.96230704
    "BPM.23L1.B1"     "BPM.22L1.B1"       22438.18368        22491.6322                 1    0.138948128983                 0        0.13614831       52.07614159
    "BPM.22L1.B1"     "BPM.21L1.B1"        22491.6322       22545.08071                 1    0.116015777216                 0        0.11383366        52.2122899
    "BPM.21L1.B1"     "BPM.20L1.B1"       22545.08071       22598.52923                 1    0.130471355703                 0        0.13614862       52.32612356
    "BPM.20L1.B1"     "BPM.19L1.B1"       22598.52923       22651.97775                 1    0.115206926786                 0        0.11383554       52.46227218
    "BPM.19L1.B1"     "BPM.18L1.B1"       22651.97775       22705.42626                 1    0.136413674029                 0        0.13614831       52.57610772
    "BPM.18L1.B1"     "BPM.17L1.B1"       22705.42626       22758.87478                 1    0.110941227783                 0        0.11383366       52.71225603
    "BPM.17L1.B1"     "BPM.16L1.B1"       22758.87478       22812.32329                 1     0.14122058596                 0        0.13614862       52.82608969
    "BPM.16L1.B1"     "BPM.15L1.B1"       22812.32329       22865.77181                 1    0.112164623447                 0        0.11383554       52.96223831
    "BPM.15L1.B1"     "BPM.14L1.B1"       22865.77181       22919.22033                 1    0.138614569027                 0        0.13614831       53.07607385
    "BPM.14L1.B1"     "BPM.13L1.B1"       22919.22033       22972.66884                 1    0.109732157892                 0        0.11383366       53.21222216
    "BPM.13L1.B1"     "BPM.12L1.B1"       22972.66884       23026.11736                 1    0.139267089545                 0        0.13798482       53.32605582
    "BPM.12L1.B1"     "BPM.11L1.B1"       23026.11736       23079.56587                 1    0.109571024072                 0        0.10772391       53.46404064
    "BPM.11L1.B1"     "BPM.10L1.B1"       23079.56587       23132.34658                 1    0.092739362718                 0        0.13146499       53.57176455
    "BPM.10L1.B1"      "BPM.9L1.B1"       23132.34658        23171.4116                 1    0.153532991155                 0        0.10761527       53.70322954
     "BPM.9L1.B1"      "BPM.8L1.B1"        23171.4116       23211.87461                 1    0.171912740205                 0        0.18416699       53.81084481
     "BPM.8L1.B1"     "BPMR.7L1.B1"       23211.87461       23250.94062                 1    0.102649971545                 0        0.09903448        53.9950118
    "BPMR.7L1.B1"      "BPM.6L1.B1"       23250.94062       23294.12462                 1   0.0990489992049                 0        0.10861572       54.09404628
     "BPM.6L1.B1"     "BPMR.5L1.B1"       23294.12462       23326.02462                 1    0.117065645645                 0        0.01468078         54.202662
    "BPMR.5L1.B1"    "BPMYA.4L1.B1"       23326.02462       23347.14262                 1    0.905230661927                 0        0.00438386       54.21734278
   "BPMYA.4L1.B1"    "BPMWB.4L1.B1"       23347.14262       23368.27512                 1    0.002206054534                 0        0.00280241       54.22172664
   "BPMWB.4L1.B1"    "BPMSY.4L1.B1"       23368.27512       23461.05512                 1    0.006569177294                 0        0.00816936       54.22452905
   "BPMSY.4L1.B1"     "BPMS.2L1.B1"       23461.05512       23487.84062                 1    0.001433820436                 0        0.00114211       54.23269841
    "BPMS.2L1.B1"    "BPMSW.1L1.B1"       23487.84062       23497.79062                 1    0.999977687392                 0 0.000834579999996       54.23384052
   "BPMSW.1L1.B1"    "BPMSW.1R1.B1"       23497.79062       23540.93362                 1    0.493897537465                 0        0.49409827        54.2346751
   "BPMSW.1R1.B1"     "BPMS.2R1.B1"       23540.93362       23550.89862                 1    0.002560060352                 0        0.00107492       54.72877337
    "BPMS.2R1.B1"    "BPMSY.4R1.B1"       23550.89862       23577.68412                 1 0.000422387877003                 0        0.00165702       54.72984829
   "BPMSY.4R1.B1"    "BPMWB.4R1.B1"       23577.68412       23670.46412                 1     0.00876238052                 0        0.00719725       54.73150531
   "BPMWB.4R1.B1"    "BPMYA.4R1.B1"       23670.46412       23691.59662                 1    0.005339562291                 0         0.0062362       54.73870256
   "BPMYA.4R1.B1"      "BPM.5R1.B1"       23691.59662       23719.00462                 1    0.020356852172                 0        0.02049882       54.74493876
     "BPM.5R1.B1"     "BPMR.6R1.B1"       23719.00462       23750.90462                 1    0.289182682583                 0        0.27927204       54.76543758
    "BPMR.6R1.B1"    "BPMSX.7R1.B1"       23750.90462       23757.12012                 1   0.0754120340732                 0        0.07681878       55.04470962
   "BPMSX.7R1.B1"    "BPM_A.7R1.B1"       23757.12012       23778.62862                 1   0.0553024727813                 0        0.06605276        55.1215284
   "BPM_A.7R1.B1"      "BPM.8R1.B1"       23778.62862       23820.06761                 1     0.10830542982                 0        0.11520794       55.18758116
     "BPM.8R1.B1"      "BPM.9R1.B1"       23820.06761        23859.1346                 1    0.216884018725                 0        0.20268559        55.3027891
     "BPM.9R1.B1"     "BPM.10R1.B1"        23859.1346       23899.59958                 1    0.084580607104                 0        0.09188327       55.50547469
    "BPM.10R1.B1"     "BPM.11R1.B1"       23899.59958       23952.38227                 1    0.130451438208                 0        0.12131591       55.59735796
    "BPM.11R1.B1"     "BPM.12R1.B1"       23952.38227       24007.10876                 1    0.105942771356                 0        0.11182792       55.71867387
    "BPM.12R1.B1"     "BPM.13R1.B1"       24007.10876       24060.56024                 1    0.131849237854                 0         0.1327294       55.83050179
    "BPM.13R1.B1"     "BPM.14R1.B1"       24060.56024       24114.01173                 1    0.118031330957                 0        0.11384216       55.96323119
    "BPM.14R1.B1"     "BPM.15R1.B1"       24114.01173       24167.46321                 1    0.141588890502                 0         0.1361598       56.07707335
    "BPM.15R1.B1"     "BPM.16R1.B1"       24167.46321       24220.91469                 1    0.111241731691                 0        0.11384421       56.21323315
    "BPM.16R1.B1"     "BPM.17R1.B1"       24220.91469       24274.36618                 1    0.132930374462                 0        0.13616025       56.32707736
    "BPM.17R1.B1"     "BPM.18R1.B1"       24274.36618       24327.81766                 1    0.117321432295                 0        0.11384227       56.46323761
    "BPM.18R1.B1"     "BPM.19R1.B1"       24327.81766       24381.26915                 1    0.139147908126                 0         0.1361598       56.57707988
    "BPM.19R1.B1"     "BPM.20R1.B1"       24381.26915       24434.72063                 1    0.112218598641                 0        0.11384422       56.71323968
    "BPM.20R1.B1"     "BPM.21R1.B1"       24434.72063       24488.17211                 1    0.139224467151                 0        0.13616025        56.8270839
    "BPM.21R1.B1"     "BPM.22R1.B1"       24488.17211        24541.6236                 1    0.110706446818                 0        0.11384227       56.96324415
    "BPM.22R1.B1"     "BPM.23R1.B1"        24541.6236       24595.07508                 1    0.137582059339                 0        0.13615861       57.07708642
    "BPM.23R1.B1"     "BPM.24R1.B1"       24595.07508       24648.52657                 1    0.122745842341                 0        0.11384137       57.21324503
    "BPM.24R1.B1"     "BPM.25R1.B1"       24648.52657       24701.97805                 1    0.127470376436                 0        0.13615775        57.3270864
    "BPM.25R1.B1"     "BPM.26R1.B1"       24701.97805       24755.42954                 1    0.112723028719                 0        0.11384227       57.46324415
    "BPM.26R1.B1"     "BPM.27R1.B1"       24755.42954       24808.88102                 1    0.137081536881                 0        0.13615861       57.57708642
    "BPM.27R1.B1"     "BPM.28R1.B1"       24808.88102        24862.3325                 1    0.116900418658                 0        0.11384137       57.71324503
    "BPM.28R1.B1"     "BPM.29R1.B1"        24862.3325       24915.78399                 1    0.137392280622                 0        0.13615775        57.8270864
    "BPM.29R1.B1"     "BPM.30R1.B1"       24915.78399       24969.23547                 1    0.111727663694                 0        0.11384227       57.96324415
    "BPM.30R1.B1"     "BPM.31R1.B1"       24969.23547       25022.68696                 1    0.134115541003                 0        0.13615861       58.07708642
    "BPM.31R1.B1"     "BPM.32R1.B1"       25022.68696       25076.13844                 1    0.109811526244                 0        0.11384137       58.21324503
    "BPM.32R1.B1"     "BPM.33L2.B1"       25076.13844       25236.49289                 1    0.090969373877                 0        0.38615863        58.3270864
    "BPM.33L2.B1"     "BPM.32L2.B1"       25236.49289       25289.94438                 1    0.116486816512                 0        0.11384137       58.71324503
    "BPM.32L2.B1"     "BPM.31L2.B1"       25289.94438       25343.39586                 1    0.140254371662                 0        0.13615775        58.8270864
    "BPM.31L2.B1"     "BPM.30L2.B1"       25343.39586       25396.84734                 1    0.100434913729                 0        0.11384227       58.96324415
    "BPM.30L2.B1"     "BPM.29L2.B1"       25396.84734       25450.29883                 1    0.139386535651                 0        0.13615861       59.07708642
    "BPM.29L2.B1"     "BPM.28L2.B1"       25450.29883       25503.75031                 1    0.120569764744                 0        0.11384137       59.21324503
    "BPM.28L2.B1"     "BPM.27L2.B1"       25503.75031        25557.2018                 1    0.138343279517                 0        0.13615775        59.3270864
    "BPM.27L2.B1"     "BPM.26L2.B1"        25557.2018       25610.65328                 1    0.111904931766                 0        0.11384227       59.46324415
    "BPM.26L2.B1"     "BPM.25L2.B1"       25610.65328       25664.10477                 1    0.130838653339                 0        0.13615861       59.57708642
    "BPM.25L2.B1"     "BPM.24L2.B1"       25664.10477       25717.55625                 1    0.111407585424                 0        0.11384137       59.71324503
    "BPM.24L2.B1"     "BPM.23L2.B1"       25717.55625       25771.00773                 1    0.147924508715                 0        0.13615775        59.8270864
    "BPM.23L2.B1"     "BPM.22L2.B1"       25771.00773       25824.45922                 1    0.104239873856                 0        0.11384227       59.96324415
    "BPM.22L2.B1"     "BPM.21L2.B1"       25824.45922        25877.9107                 1    0.141979169423                 0        0.13615861       60.07708642
    "BPM.21L2.B1"     "BPM.20L2.B1"        25877.9107       25931.36219                 1    0.112679976107                 0        0.11384322       60.21324503
    "BPM.20L2.B1"     "BPM.19L2.B1"       25931.36219       25984.81367                 1    0.139506542577                 0        0.13616144       60.32708825
    "BPM.19L2.B1"     "BPM.18L2.B1"       25984.81367       26038.26515                 1    0.108960498708                 0        0.11384326       60.46324969
    "BPM.18L2.B1"     "BPM.17L2.B1"       26038.26515       26091.71664                 1     0.13519682578                 0        0.13615861       60.57709295
    "BPM.17L2.B1"     "BPM.16L2.B1"       26091.71664       26145.16812                 1    0.120023037657                 0        0.11384323       60.71325156
    "BPM.16L2.B1"     "BPM.15L2.B1"       26145.16812       26198.61961                 1    0.138648091198                 0        0.13616144       60.82709479
    "BPM.15L2.B1"     "BPM.14L2.B1"       26198.61961       26252.07109                 1    0.108867178289                 0        0.11384326       60.96325623
    "BPM.14L2.B1"     "BPM.13L2.B1"       26252.07109       26305.52257                 1    0.135781279116                 0        0.13615861       61.07709949
    "BPM.13L2.B1"     "BPM.12L2.B1"       26305.52257       26358.97406                 1    0.124310498954                 0        0.11820083        61.2132581
    "BPM.12L2.B1"     "BPM.11L2.B1"       26358.97406       26412.42554                 1    0.143440269229                 0         0.1404181       61.33145893
    "BPM.11L2.B1"     "BPM.10L2.B1"       26412.42554       26464.26623                 1    0.106584060076                 0        0.11130172       61.47187703
    "BPM.10L2.B1"      "BPM.9L2.B1"       26464.26623       26503.33322                 1    0.117045911313                 0        0.12245243       61.58317875
     "BPM.9L2.B1"      "BPM.8L2.B1"       26503.33322       26543.79821                 1    0.136007636425                 0         0.1389665       61.70563118
     "BPM.8L2.B1"      "BPM.7L2.B1"       26543.79821        26582.8662                 1    0.185025456206                 0        0.18188089       61.84459768
     "BPM.7L2.B1"     "BPMR.6L2.B1"        26582.8662        26614.9722                 1    0.090327319574                 0         0.0983112       62.02647857
    "BPMR.6L2.B1"    "BPMYB.5L2.B1"        26614.9722            28.288                 1    0.217256035549                 0    0.216522275177       62.12478977