@ GetLLMVersion %s "V3.0.0 Dev"
@ Command %s "/afs/cern.ch/work/o/omc/anaconda/bin/python '/afs/cern.ch/work/e/efol/public/Beta-Beat.src/GetLLM/GetLLM.py' '--accel=LHCB1' '--model=/afs/cern.ch/work/e/efol/public/betabeatGui/temp/2017-12-20/models/LHCB1/Multiturn-model_40cm_2041/twiss.dat' '--files=/afs/cern.ch/work/e/efol/public/betabeatGui/temp/2017-12-20/LHCB1/Measurements/Beam1@Turn@2017_09_11@19_02_33_250_onlydbscan/Beam1@Turn@2017_09_11@19_02_33_250_onlydbscan.sdds' '--output=/afs/cern.ch/work/e/efol/public/betabeatGui/temp/2017-12-20/LHCB1/Results/40cm_cleaned_arcs_with_dbscan_only' '--tbtana=SUSSIX' '--bpmu=mm' '--lhcphase=1' '--errordefs=/afs/cern.ch/work/e/efol/public/betabeatGui/temp/2017-12-20/models/LHCB1/Multiturn-model_40cm_2041/error_deff.txt'"
@ CWD %s "/home/efol/Workspaces/Accsoft-Eclipse-Pro/lhc-app-beta-beating"
@ Date %s "21. December 2017, 13:48:45"
@ Q1 %le 0.299858916597
@ MUX %le 0.0
@ Q2 %le 0.33142165071
@ MUY %le 0.0
@ FILES %s "/afs/cern.ch/work/e/efol/public/betabeatGui/temp/2017-12-20/LHCB1/Measurements/Beam1@Turn@2017_09_11@19_02_33_250_onlydbscan/Beam1@Turn@2017_09_11@19_02_33_250_onlydbscan.sdds.linx"
*            NAME             NAME2                 S                S1             COUNT            PHASEX            STDPHX            PHXMDL            MUXMDL
$              %s                %s               %le               %le               %le               %le               %le               %le               %le
   "BPMYB.5L2.B1"    "BPMYB.4L2.B1"            28.288            48.858                 1   0.0376649175622                 0     0.02706012988      0.0307105773
   "BPMYB.4L2.B1"    "BPMWI.4L2.B1"            48.858           73.3255                 1   0.0512848097385                 0     0.05289231842     0.05777070718
   "BPMWI.4L2.B1"    "BPMSX.4L2.B1"           73.3255          123.4825                 1   0.0729740033793                 0      0.0734582686      0.1106630256
   "BPMSX.4L2.B1"     "BPMS.2L2.B1"          123.4825           161.394                 1    0.060624366807                 0      0.0534372882      0.1841212942
    "BPMS.2L2.B1"    "BPMSW.1L2.B1"           161.394           171.328                 1    0.022805332259                 0      0.0243513121      0.2375585824
   "BPMSW.1L2.B1"    "BPMSW.1R2.B1"           171.328           214.518                 1    0.645464981757                 0      0.3538528848      0.2619098945
   "BPMSW.1R2.B1"     "BPMS.2R2.B1"           214.518           224.452                 1     0.02883572711                 0       0.018981796      0.6157627793
    "BPMS.2R2.B1"    "BPMSX.4R2.B1"           224.452          262.3635                 1     0.04376019161                 0      0.0464506616      0.6347445753
   "BPMSX.4R2.B1"    "BPMWB.4R2.B1"          262.3635          312.5965                 1    0.081047348655                 0      0.0857611717      0.6811952369
   "BPMWB.4R2.B1"    "BPMYB.4R2.B1"          312.5965           336.988                 1    0.037593347439                 0      0.0352628277      0.7669564086
   "BPMYB.4R2.B1"     "BPMR.5R2.B1"           336.988           366.522                 1    0.101185330734                 0      0.0925211168      0.8022192363
    "BPMR.5R2.B1"      "BPM.6R2.B1"           366.522           439.818                 1     0.13014710502                 0      0.1405603509      0.8947403531
     "BPM.6R2.B1"    "BPM_A.7R2.B1"           439.818           452.693                 1   0.0096273653285                 0       0.016488471       1.035300704
   "BPM_A.7R2.B1"      "BPM.8R2.B1"           452.693       494.1300106                 1   0.0910631052165                 0       0.085254266       1.051789175
     "BPM.8R2.B1"      "BPM.9R2.B1"       494.1300106       533.1950212                 1    0.164535937731                 0       0.165570408       1.137043441
     "BPM.9R2.B1"     "BPM.10R2.B1"       533.1950212       573.6580318                 1    0.157096219431                 0       0.159520993       1.302613849
    "BPM.10R2.B1"     "BPM.11R2.B1"       573.6580318       625.4967424                 1     0.10569362688                 0       0.103925854       1.462134842
    "BPM.11R2.B1"     "BPM.12R2.B1"       625.4967424       680.2202583                 1    0.151242479228                 0       0.150465214       1.566060696
    "BPM.12R2.B1"     "BPM.13R2.B1"       680.2202583       733.6687742                 1    0.115539591363                 0       0.115642937        1.71652591
    "BPM.13R2.B1"     "BPM.14R2.B1"       733.6687742       787.1172901                 1    0.127228397833                 0       0.130163458       1.832168847
    "BPM.14R2.B1"     "BPM.15R2.B1"       787.1172901        840.565806                 1    0.119560172529                 0       0.109867227       1.962332305
    "BPM.15R2.B1"     "BPM.16R2.B1"        840.565806       894.0143219                 1    0.135612499256                 0       0.142198097       2.072199532
    "BPM.16R2.B1"     "BPM.17R2.B1"       894.0143219       947.4628378                 1    0.115381963613                 0       0.118048864       2.214397629
    "BPM.17R2.B1"     "BPM.18R2.B1"       947.4628378       1000.911354                 1    0.134940966094                 0       0.130150496       2.332446493
    "BPM.18R2.B1"     "BPM.19R2.B1"       1000.911354        1054.35987                 1    0.109642752859                 0         0.1098847       2.462596989
    "BPM.19R2.B1"     "BPM.20R2.B1"        1054.35987       1107.808386                 1    0.144281930734                 0       0.142215835       2.572481689
    "BPM.20R2.B1"     "BPM.21R2.B1"       1107.808386       1161.256901                 1     0.11661931866                 0       0.118029176       2.714697524
    "BPM.21R2.B1"     "BPM.22R2.B1"       1161.256901       1214.705417                 1     0.13086695402                 0       0.130134983         2.8327267
    "BPM.22R2.B1"     "BPM.23R2.B1"       1214.705417       1268.153933                 1    0.107078138406                 0       0.112875395       2.962861683
    "BPM.23R2.B1"     "BPM.24R2.B1"       1268.153933       1321.602449                 1     0.15401279434                 0       0.145597069       3.075737078
    "BPM.24R2.B1"     "BPM.26R2.B1"       1321.602449       1428.499481                 1    0.240441612093                 0       0.246792979       3.221334147
    "BPM.26R2.B1"     "BPM.27R2.B1"       1428.499481       1481.947997                 1    0.123824569594                 0       0.113337586       3.468127126
    "BPM.27R2.B1"     "BPM.28R2.B1"       1481.947997       1535.396513                 1    0.134256825651                 0        0.14574858       3.581464712
    "BPM.28R2.B1"     "BPM.29R2.B1"       1535.396513       1588.845029                 1    0.119499888906                 0       0.116314675       3.727213292
    "BPM.29R2.B1"     "BPM.30R2.B1"       1588.845029       1642.293545                 1       0.126111898                 0       0.129878098       3.843527967
    "BPM.30R2.B1"     "BPM.33R2.B1"       1642.293545       1802.639092                 1    0.373223614801                 0       0.375490137       3.973406065
    "BPM.33R2.B1"     "BPM.34R2.B1"       1802.639092       1856.087608                 1     0.13565860688                 0       0.129803678       4.348896202
    "BPM.34R2.B1"     "BPM.33L3.B1"       1856.087608       1909.536124                 1    0.112184057765                 0       0.114292505        4.47869988
    "BPM.33L3.B1"     "BPM.32L3.B1"       1909.536124        1962.98464                 1    0.145273844029                 0       0.145925104       4.592992385
    "BPM.32L3.B1"     "BPM.31L3.B1"        1962.98464       2016.433156                 1    0.118866032998                 0       0.115326999       4.738917489
    "BPM.31L3.B1"     "BPM.30L3.B1"       2016.433156       2069.881672                 1    0.127918629712                 0       0.129765412       4.854244488
    "BPM.30L3.B1"     "BPM.29L3.B1"       2069.881672       2123.330188                 1    0.110218782893                 0       0.114780831         4.9840099
    "BPM.29L3.B1"     "BPM.28L3.B1"       2123.330188       2176.778704                 1    0.147979537263                 0       0.145949034       5.098790731
    "BPM.28L3.B1"     "BPM.27L3.B1"       2176.778704        2230.22722                 1    0.113342283227                 0       0.114834194       5.244739765
    "BPM.27L3.B1"     "BPM.26L3.B1"        2230.22722       2283.675735                 1    0.128541499601                 0       0.129763439       5.359573959
    "BPM.26L3.B1"     "BPM.25L3.B1"       2283.675735       2337.124251                 1    0.114834726725                 0       0.115273325       5.489337398
    "BPM.25L3.B1"     "BPM.24L3.B1"       2337.124251       2390.572767                 1    0.146676023429                 0       0.145929793       5.604610723
    "BPM.24L3.B1"     "BPM.23L3.B1"       2390.572767       2444.021283                 1    0.111897196902                 0       0.114345302       5.750540516
    "BPM.23L3.B1"     "BPM.22L3.B1"       2444.021283       2497.469799                 1    0.129042882915                 0       0.129797765       5.864885818
    "BPM.22L3.B1"     "BPM.21L3.B1"       2497.469799       2550.918315                 1    0.114613294788                 0       0.115767594       5.994683583
    "BPM.21L3.B1"     "BPM.20L3.B1"       2550.918315       2604.366831                 1    0.149075839795                 0       0.146741911       6.110451177
    "BPM.20L3.B1"     "BPM.19L3.B1"       2604.366831       2657.815347                 1    0.117478507255                 0       0.111667712       6.257193088
    "BPM.19L3.B1"     "BPM.18L3.B1"       2657.815347       2711.263863                 1    0.119345486842                 0       0.126092414         6.3688608
    "BPM.18L3.B1"     "BPM.17L3.B1"       2711.263863       2764.712379                 1    0.123774757585                 0       0.115800136       6.494953214
    "BPM.17L3.B1"     "BPM.16L3.B1"       2764.712379       2818.160894                 1    0.140574739101                 0         0.1467325        6.61075335
    "BPM.16L3.B1"     "BPM.14L3.B1"       2818.160894       2925.057926                 1     0.08923305152                 0       0.237736939        6.75748585
    "BPM.14L3.B1"     "BPM.13L3.B1"       2925.057926       2978.506442                 1    0.270765088741                 0       0.115832793       6.995222789
    "BPM.13L3.B1"     "BPM.12L3.B1"       2978.506442       3031.954958                 1    0.139958501249                 0       0.145248051       7.111055582
    "BPM.12L3.B1"     "BPM.11L3.B1"       3031.954958       3085.403474                 1    0.135675919974                 0       0.124607214       7.256303633
    "BPM.11L3.B1"     "BPM.10L3.B1"       3085.403474       3138.184185                 1    0.131303155456                 0       0.141263871       7.380910847
    "BPM.10L3.B1"      "BPM.9L3.B1"       3138.184185       3177.249195                 1    0.060331264136                 0       0.061348051       7.522174718
     "BPM.9L3.B1"      "BPM.8L3.B1"       3177.249195       3217.712206                 1    0.083589325837                 0       0.080894586       7.583522769
     "BPM.8L3.B1"      "BPM.7L3.B1"       3217.712206       3256.776216                 1    0.065760611379                 0       0.062749277       7.664417355
     "BPM.7L3.B1"      "BPM.6L3.B1"       3256.776216       3329.415216                 1    0.101968241933                 0       0.113457592       7.727166632
     "BPM.6L3.B1"   "BPMWG.A5L3.B1"       3329.415216       3371.119716                 1    0.064946504154                 0       0.054301946       7.840624224
  "BPMWG.A5L3.B1"     "BPMW.5L3.B1"       3371.119716       3400.089716                 1   0.0811418705442                 0        0.07825065        7.89492617
    "BPMW.5L3.B1"    "BPMWE.4L3.B1"       3400.089716       3475.217716                 1   0.0957459651735                 0       0.101706712        7.97317682
   "BPMWE.4L3.B1"     "BPMW.4L3.B1"       3475.217716       3502.762716                 1   0.0181052647716                 0       0.015676608       8.074883532
    "BPMW.4L3.B1"     "BPMW.4R3.B1"       3502.762716       3547.727716                 1   0.0814385214267                 0       0.074137771        8.09056014
    "BPMW.4R3.B1"    "BPMWE.4R3.B1"       3547.727716       3575.272716                 1    0.135473386547                 0       0.153295956       8.164697911
   "BPMWE.4R3.B1"     "BPMW.5R3.B1"       3575.272716       3650.400716                 1    0.131989797037                 0       0.123054373       8.317993867
    "BPMW.5R3.B1"   "BPMWJ.A5R3.B1"       3650.400716       3679.118716                 1     0.00927953404                 0       0.011852382        8.44104824
  "BPMWJ.A5R3.B1"    "BPMWC.6R3.B1"       3679.118716       3718.936716                 1    0.046594816012                 0       0.043601927       8.452900622
   "BPMWC.6R3.B1"     "BPMR.6R3.B1"       3718.936716       3731.015216                 1    0.038777279688                 0       0.039189557       8.496502549
    "BPMR.6R3.B1"      "BPM.8R3.B1"       3731.015216       3825.903227                 1    0.309157660865                 0       0.309226849       8.535692106
     "BPM.8R3.B1"      "BPM.9R3.B1"       3825.903227       3864.968238                 1    0.097525644867                 0       0.098227334       8.844918955
     "BPM.9R3.B1"     "BPM.10R3.B1"       3864.968238       3905.431248                 1   0.0711476528387                 0       0.071233028       8.943146289
    "BPM.10R3.B1"     "BPM.11R3.B1"       3905.431248       3958.211959                 1   0.0973202213688                 0       0.094277989       9.014379317
    "BPM.11R3.B1"     "BPM.12R3.B1"       3958.211959       4012.935475                 1    0.105364099451                 0       0.107199806       9.108657306
    "BPM.12R3.B1"     "BPM.13R3.B1"       4012.935475       4066.383991                 1    0.111978731013                 0       0.118912924       9.215857112
    "BPM.13R3.B1"     "BPM.14R3.B1"       4066.383991       4119.832506                 1    0.108879678188                 0       0.108821756       9.334770036
    "BPM.14R3.B1"     "BPM.18R3.B1"       4119.832506        4333.62657                 1    0.508813477542                 0       0.500269841       9.443591792
    "BPM.18R3.B1"     "BPM.19R3.B1"        4333.62657       4387.075086                 1    0.133605161577                 0       0.135185417       9.943861633
    "BPM.19R3.B1"     "BPM.22R3.B1"       4387.075086       4547.420634                 1    0.365580529413                 0        0.36508445       10.07904705
    "BPM.22R3.B1"     "BPM.27R3.B1"       4547.420634       4814.663213                 1    0.644117762993                 0        0.64007708        10.4441315
    "BPM.27R3.B1"     "BPM.28R3.B1"       4814.663213       4868.111729                 1    0.110789737959                 0        0.12192331       11.08420858
    "BPM.28R3.B1"     "BPM.29R3.B1"       4868.111729       4921.560245                 1    0.142493035699                 0        0.13996172       11.20613189
    "BPM.29R3.B1"     "BPM.30R3.B1"       4921.560245       4975.008761                 1    0.106870721742                 0         0.1085044       11.34609361
    "BPM.30R3.B1"     "BPM.31R3.B1"       4975.008761       5028.457277                 1    0.143807401453                 0        0.13537397       11.45459801
    "BPM.31R3.B1"     "BPM.32R3.B1"       5028.457277       5081.905793                 1     0.10870643712                 0        0.12207676       11.58997198
    "BPM.32R3.B1"     "BPM.33R3.B1"       5081.905793       5135.354309                 1    0.142273421742                 0        0.13940345       11.71204874
    "BPM.33R3.B1"     "BPM.34R3.B1"       5135.354309       5188.802825                 1    0.109593210863                 0        0.10839294       11.85145219
    "BPM.34R3.B1"     "BPM.33L4.B1"       5188.802825        5242.25134                 1    0.143462819271                 0        0.13591345       11.95984513
    "BPM.33L4.B1"     "BPM.32L4.B1"        5242.25134       5295.699856                 1    0.123429978051                 0         0.1221937       12.09575858
    "BPM.32L4.B1"     "BPM.31L4.B1"       5295.699856       5349.148372                 1     0.13160734058                 0        0.13883907       12.21795228
    "BPM.31L4.B1"     "BPM.30L4.B1"       5349.148372       5402.596888                 1    0.103639750016                 0        0.10831213       12.35679135
    "BPM.30L4.B1"     "BPM.29L4.B1"       5402.596888       5456.045404                 1    0.143982849591                 0        0.13646391       12.46510348
    "BPM.29L4.B1"     "BPM.28L4.B1"       5456.045404        5509.49392                 1      0.1226484233                 0        0.12227339       12.60156739
    "BPM.28L4.B1"     "BPM.27L4.B1"        5509.49392       5562.942436                 1    0.138035665469                 0        0.13827149       12.72384078
    "BPM.27L4.B1"     "BPM.26L4.B1"       5562.942436       5616.390952                 1    0.101209779441                 0        0.10826225       12.86211227
    "BPM.26L4.B1"     "BPM.25L4.B1"       5616.390952       5669.839468                 1    0.148791353038                 0        0.13702278       12.97037452
    "BPM.25L4.B1"     "BPM.24L4.B1"       5669.839468       5723.287984                 1    0.111323330276                 0        0.12231531        13.1073973
    "BPM.24L4.B1"     "BPM.23L4.B1"       5723.287984         5776.7365                 1    0.143174800677                 0        0.13770357       13.22971261
    "BPM.23L4.B1"     "BPM.22L4.B1"         5776.7365       5830.185015                 1    0.118421780944                 0        0.10824347       13.36741618
    "BPM.22L4.B1"     "BPM.21L4.B1"       5830.185015       5883.633531                 1    0.126924162382                 0        0.13758741       13.47565965
    "BPM.21L4.B1"     "BPM.20L4.B1"       5883.633531       5937.082047                 1    0.124311282355                 0        0.11927288       13.61324706
    "BPM.20L4.B1"     "BPM.19L4.B1"       5937.082047       5990.530563                 1    0.131541598168                 0        0.13450001       13.73251994
    "BPM.19L4.B1"     "BPM.18L4.B1"       5990.530563       6043.979079                 1    0.111475468973                 0        0.10891241       13.86701995
    "BPM.18L4.B1"     "BPM.17L4.B1"       6043.979079       6097.427595                 1    0.136370580971                 0        0.13760961       13.97593236
    "BPM.17L4.B1"     "BPM.16L4.B1"       6097.427595       6150.876111                 1    0.112353996052                 0        0.11926773       14.11354197
    "BPM.16L4.B1"     "BPM.15L4.B1"       6150.876111       6204.324627                 1    0.140386196249                 0         0.1344793        14.2328097
    "BPM.15L4.B1"     "BPM.14L4.B1"       6204.324627       6257.773143                 1    0.107622064216                 0        0.10891688         14.367289
    "BPM.14L4.B1"     "BPM.13L4.B1"       6257.773143       6311.221659                 1    0.138137485266                 0        0.13763103       14.47620588
    "BPM.13L4.B1"     "BPM.12L4.B1"       6311.221659       6364.670174                 1    0.133354233533                 0         0.1211164       14.61383691
    "BPM.12L4.B1"     "BPM.11L4.B1"       6364.670174        6418.11869                 1    0.124877059985                 0        0.13765317       14.73495331
    "BPM.11L4.B1"     "BPM.10L4.B1"        6418.11869       6469.957401                 1    0.109623307178                 0         0.1094285       14.87260648
    "BPM.10L4.B1"      "BPM.9L4.B1"       6469.957401       6509.022412                 1    0.128130265787                 0        0.12612029       14.98203498
     "BPM.9L4.B1"      "BPM.8L4.B1"       6509.022412       6549.485422                 1    0.122426020681                 0        0.13899622       15.10815527
     "BPM.8L4.B1"      "BPM.7L4.B1"       6549.485422       6588.549433                 1    0.175367135037                 0        0.17139281       15.24715149
     "BPM.7L4.B1"    "BPMYB.6L4.B1"       6588.549433       6685.153433                 1    0.151633809686                 0        0.13449061        15.4185443
   "BPMYB.6L4.B1"    "BPMYA.5L4.B1"       6685.153433       6722.153433                 1    0.020523951394                 0        0.02600741       15.55303491
   "BPMYA.5L4.B1"   "BPMWI.A5L4.B1"       6722.153433       6798.755933                 1    0.038289284749                 0        0.03207707       15.57904232
  "BPMWI.A5L4.B1"   "BPMWA.B5L4.B1"       6798.755933       6824.619933                 1    0.009862626943                 0        0.01371574       15.61111939
  "BPMWA.B5L4.B1"   "BPMWA.A5L4.B1"       6824.619933       6833.504933                 1    0.009841568726                 0        0.00508578       15.62483513
  "BPMWA.A5L4.B1"   "BPMWA.A5R4.B1"       6833.504933       6881.553933                 1    0.029961416205                 0        0.03078341       15.62992091
  "BPMWA.A5R4.B1"   "BPMWA.B5R4.B1"       6881.553933       6890.438933                 1     0.00374108639                 0        0.00625391       15.66070432
  "BPMWA.B5R4.B1"    "BPMYB.5R4.B1"       6890.438933       6992.829433                 1    0.080506203262                 0        0.07752134       15.66695823
   "BPMYB.5R4.B1"    "BPMYA.6R4.B1"       6992.829433       7024.393433                 1    0.016264543556                 0        0.01455292       15.74447957
   "BPMYA.6R4.B1"      "BPM.7R4.B1"       7024.393433       7120.909433                 1    0.163800634123                 0         0.1671342       15.75903249
     "BPM.7R4.B1"      "BPM.8R4.B1"       7120.909433       7158.698443                 1    0.152922528122                 0        0.15338616       15.92616669
     "BPM.8R4.B1"      "BPM.9R4.B1"       7158.698443       7197.763454                 1    0.130101450776                 0        0.13193018       16.07955285
     "BPM.9R4.B1"     "BPM.10R4.B1"       7197.763454       7238.226465                 1    0.158117525231                 0         0.1596032       16.21148303
    "BPM.10R4.B1"     "BPM.11R4.B1"       7238.226465       7290.065175                 1    0.115392865646                 0        0.11722054       16.37108623
    "BPM.11R4.B1"     "BPM.12R4.B1"       7290.065175       7344.788691                 1    0.139992111484                 0        0.13961482       16.48830677
    "BPM.12R4.B1"     "BPM.13R4.B1"       7344.788691       7398.237207                 1    0.107262369042                 0        0.10846843       16.62792159
    "BPM.13R4.B1"     "BPM.14R4.B1"       7398.237207       7451.685723                 1    0.135707854439                 0        0.13203679       16.73639002
    "BPM.14R4.B1"     "BPM.15R4.B1"       7451.685723       7505.134239                 1     0.11114276336                 0        0.11995315       16.86842681
    "BPM.15R4.B1"     "BPM.16R4.B1"       7505.134239       7558.582755                 1    0.147015944177                 0        0.14009018       16.98837996
    "BPM.16R4.B1"     "BPM.17R4.B1"       7558.582755       7612.031271                 1    0.118077448272                 0        0.10789288       17.12847014
    "BPM.17R4.B1"     "BPM.18R4.B1"       7612.031271       7665.479786                 1     0.12445148842                 0        0.13203369       17.23636302
    "BPM.18R4.B1"     "BPM.19R4.B1"       7665.479786       7718.928302                 1    0.113318905286                 0        0.11995173       17.36839671
    "BPM.19R4.B1"     "BPM.20R4.B1"       7718.928302       7772.376818                 1    0.149114215161                 0        0.14009287       17.48834844
    "BPM.20R4.B1"     "BPM.21R4.B1"       7772.376818       7825.825334                 1    0.117324124723                 0        0.10789407       17.62844131
    "BPM.21R4.B1"     "BPM.22R4.B1"       7825.825334        7879.27385                 1    0.125202618842                 0        0.13203123       17.73633538
    "BPM.22R4.B1"     "BPM.23R4.B1"        7879.27385       7932.722366                 1    0.108522900656                 0        0.11994833       17.86836661
    "BPM.23R4.B1"     "BPM.24R4.B1"       7932.722366       7986.170882                 1    0.145121711875                 0        0.14009212       17.98831494
    "BPM.24R4.B1"     "BPM.25R4.B1"       7986.170882       8039.619398                 1    0.113261800862                 0        0.10789456       18.12840706
    "BPM.25R4.B1"     "BPM.26R4.B1"       8039.619398       8093.067914                 1    0.131892773934                 0        0.13202822       18.23630162
    "BPM.26R4.B1"     "BPM.27R4.B1"       8093.067914        8146.51643                 1    0.115492368529                 0        0.11994661       18.36832984
    "BPM.27R4.B1"     "BPM.28R4.B1"        8146.51643       8199.964946                 1    0.134879625735                 0         0.1400954       18.48827645
    "BPM.28R4.B1"     "BPM.29R4.B1"       8199.964946       8253.413461                 1    0.108613075378                 0        0.10789601       18.62837185
    "BPM.29R4.B1"     "BPM.30R4.B1"       8253.413461       8306.861977                 1    0.130640233553                 0        0.13202522       18.73626786
    "BPM.30R4.B1"     "BPM.31R4.B1"       8306.861977       8360.310493                 1    0.118322565382                 0        0.11994487       18.86829308
    "BPM.31R4.B1"     "BPM.32R4.B1"       8360.310493       8413.759009                 1     0.14117976963                 0        0.14009868       18.98823795
    "BPM.32R4.B1"     "BPM.33R4.B1"       8413.759009       8467.207525                 1    0.110689610046                 0        0.10789747       19.12833663
    "BPM.33R4.B1"     "BPM.34R4.B1"       8467.207525       8520.656041                 1    0.133046947952                 0        0.13202221        19.2362341
    "BPM.34R4.B1"     "BPM.33L5.B1"       8520.656041       8574.104557                 1    0.108857336665                 0        0.11994314       19.36825631
    "BPM.33L5.B1"     "BPM.32L5.B1"       8574.104557       8627.553073                 1    0.143271267659                 0        0.14010196       19.48819945
    "BPM.32L5.B1"     "BPM.31L5.B1"       8627.553073       8681.001589                 1    0.116963212808                 0        0.10789893       19.62830141
    "BPM.31L5.B1"     "BPM.30L5.B1"       8681.001589       8734.450105                 1    0.130624484985                 0        0.13201921       19.73620034
    "BPM.30L5.B1"     "BPM.29L5.B1"       8734.450105        8787.89862                 1     0.10987896381                 0        0.11994141       19.86821955
    "BPM.29L5.B1"     "BPM.28L5.B1"        8787.89862       8841.347136                 1     0.14143124151                 0        0.14010523       19.98816096
    "BPM.28L5.B1"     "BPM.27L5.B1"       8841.347136       8894.795652                 1    0.118443938012                 0        0.10790039       20.12826619
    "BPM.27L5.B1"     "BPM.24L5.B1"       8894.795652         9055.1412                 1     0.37949079473                 0         0.3920644       20.23616658
    "BPM.24L5.B1"     "BPM.23L5.B1"         9055.1412       9108.589716                 1    0.112564867692                 0        0.10790184       20.62823098
    "BPM.23L5.B1"     "BPM.22L5.B1"       9108.589716       9162.038232                 1    0.133664445519                 0        0.13201321       20.73613282
    "BPM.22L5.B1"     "BPM.21L5.B1"       9162.038232       9215.486748                 1    0.118416221386                 0        0.11993793       20.86814603
    "BPM.21L5.B1"     "BPM.20L5.B1"       9215.486748       9268.935264                 1    0.135047840307                 0        0.14011296       20.98808396
    "BPM.20L5.B1"     "BPM.16L5.B1"       9268.935264       9482.729327                 1    0.502869973327                 0        0.49997117       21.12819692
    "BPM.16L5.B1"     "BPM.15L5.B1"       9482.729327       9536.177843                 1    0.115942377004                 0        0.10790711       21.62816809
    "BPM.15L5.B1"     "BPM.14L5.B1"       9536.177843       9589.626359                 1    0.132685809817                 0        0.13201064        21.7360752
    "BPM.14L5.B1"     "BPM.13L5.B1"       9589.626359       9643.074875                 1    0.102076470888                 0        0.11993509       21.86808584
    "BPM.13L5.B1"     "BPM.12L5.B1"       9643.074875       9696.523391                 1    0.152576695727                 0        0.14191089       21.98802093
    "BPM.12L5.B1"     "BPM.11L5.B1"       9696.523391       9749.971907                 1    0.108609384205                 0        0.10211178       22.12993182
    "BPM.11L5.B1"     "BPM.10L5.B1"       9749.971907       9802.752617                 1    0.127361189847                 0        0.12690769        22.2320436
    "BPM.10L5.B1"      "BPM.9L5.B1"       9802.752617       9841.817628                 1    0.123222496288                 0        0.11281386       22.35895129
     "BPM.9L5.B1"      "BPM.8L5.B1"       9841.817628       9882.280639                 1    0.187910628576                 0        0.18804629       22.47176515
     "BPM.8L5.B1"     "BPMR.7L5.B1"       9882.280639       9921.346649                 1    0.095719321859                 0        0.09312556       22.65981144
    "BPMR.7L5.B1"      "BPM.6L5.B1"       9921.346649       9958.240649                 1     0.09277971257                 0        0.10037052         22.752937
     "BPM.6L5.B1"     "BPMR.5L5.B1"       9958.240649       9990.140649                 1    0.022458428964                 0        0.01797431       22.85330752
    "BPMR.5L5.B1"    "BPMYA.4L5.B1"       9990.140649       10017.54665                 1    0.005727109323                 0        0.00653083       22.87128183
   "BPMYA.4L5.B1"    "BPMWB.4L5.B1"       10017.54665       10038.68115                 1    0.005644490937                 0        0.00288229       22.87781266
   "BPMWB.4L5.B1"    "BPMSY.4L5.B1"       10038.68115       10131.46115                 1    0.006760357377                 0        0.00843637       22.88069495
   "BPMSY.4L5.B1"     "BPMS.2L5.B1"       10131.46115       10158.24665                 1    0.004846401048                 0        0.00118351       22.88913132
    "BPMS.2L5.B1"    "BPMSW.1L5.B1"       10158.24665       10168.21165                 1    0.995633874722                 0        0.00086757       22.89031483
   "BPMSW.1L5.B1"    "BPMSW.1R5.B1"       10168.21165       10211.33965                 1    0.498568088389                 0        0.49388917        22.8911824
   "BPMSW.1R5.B1"     "BPMS.2R5.B1"       10211.33965       10221.30465                 1    0.012282033298                 0        0.00111064       23.38507157
    "BPMS.2R5.B1"    "BPMWB.4R5.B1"       10221.30465       10340.87015                 1    0.999170135999                 0        0.00918168       23.38618221
   "BPMWB.4R5.B1"    "BPMYA.4R5.B1"       10340.87015       10362.00265                 1    0.003430278165                 0        0.00650085       23.39536389
   "BPMYA.4R5.B1"      "BPM.5R5.B1"       10362.00265       10383.12065                 1    0.018256039788                 0        0.01414717       23.40186474
     "BPM.5R5.B1"     "BPMR.6R5.B1"       10383.12065       10415.02065                 1     0.15597858314                 0        0.16515509       23.41601191
    "BPMR.6R5.B1"    "BPM_A.7R5.B1"       10415.02065       10449.03465                 1    0.262589637301                 0        0.26205108         23.581167
   "BPM_A.7R5.B1"      "BPM.8R5.B1"       10449.03465       10490.47364                 1    0.125163654254                 0         0.1199359       23.84321808
     "BPM.8R5.B1"      "BPM.9R5.B1"       10490.47364       10529.54063                 1     0.19198700258                 0        0.20661904       23.96315398
     "BPM.9R5.B1"     "BPM.10R5.B1"       10529.54063       10570.00562                 1   0.0949144323768                 0        0.08627952       24.16977302
    "BPM.10R5.B1"     "BPM.11R5.B1"       10570.00562       10622.78831                 1    0.116443282308                 0        0.11862814       24.25605254
    "BPM.11R5.B1"     "BPM.12R5.B1"       10622.78831       10677.51479                 1    0.114086255391                 0        0.11808575       24.37468068
    "BPM.12R5.B1"     "BPM.13R5.B1"       10677.51479       10730.96627                 1     0.13537649037                 0        0.13637549       24.49276643
    "BPM.13R5.B1"     "BPM.14R5.B1"       10730.96627       10784.41776                 1    0.115587607652                 0        0.10787158       24.62914192
    "BPM.14R5.B1"     "BPM.15R5.B1"       10784.41776       10837.86924                 1    0.131775732006                 0         0.1321035        24.7370135
    "BPM.15R5.B1"     "BPM.16R5.B1"       10837.86924       10891.32073                 1    0.112253072869                 0        0.11999464         24.869117
    "BPM.16R5.B1"     "BPM.17R5.B1"       10891.32073       10944.77221                 1     0.13748044466                 0        0.14003654       24.98911164
    "BPM.17R5.B1"     "BPM.18R5.B1"       10944.77221        10998.2237                 1    0.111699603024                 0        0.10787144       25.12914818
    "BPM.18R5.B1"     "BPM.19R5.B1"        10998.2237       11051.67518                 1    0.131260893449                 0        0.13210405       25.23701962
    "BPM.19R5.B1"     "BPM.20R5.B1"       11051.67518       11105.12666                 1    0.117772268805                 0        0.11999495       25.36912367
    "BPM.20R5.B1"     "BPM.21R5.B1"       11105.12666       11158.57815                 1    0.135276293688                 0        0.14003594       25.48911862
    "BPM.21R5.B1"     "BPM.22R5.B1"       11158.57815       11212.02963                 1    0.117427946855                 0        0.10787118       25.62915456
    "BPM.22R5.B1"     "BPM.23R5.B1"       11212.02963       11265.48112                 1    0.128865567386                 0        0.13210338       25.73702574
    "BPM.23R5.B1"     "BPM.24R5.B1"       11265.48112        11318.9326                 1     0.11955230916                 0        0.11999216       25.86912912
    "BPM.24R5.B1"     "BPM.25R5.B1"        11318.9326       11372.38408                 1    0.138683902281                 0        0.14003328       25.98912128
    "BPM.25R5.B1"     "BPM.26R5.B1"       11372.38408       11425.83557                 1    0.112993544046                 0        0.10787118       26.12915456
    "BPM.26R5.B1"     "BPM.27R5.B1"       11425.83557       11479.28705                 1    0.129054049202                 0        0.13210338       26.23702574
    "BPM.27R5.B1"     "BPM.28R5.B1"       11479.28705       11532.73854                 1    0.115226851259                 0        0.11999216       26.36912912
    "BPM.28R5.B1"     "BPM.29R5.B1"       11532.73854       11586.19002                 1    0.142681131078                 0        0.14003328       26.48912128
    "BPM.29R5.B1"     "BPM.30R5.B1"       11586.19002        11639.6415                 1    0.109080227859                 0        0.10787118       26.62915456
    "BPM.30R5.B1"     "BPM.31R5.B1"        11639.6415       11693.09299                 1    0.134210956289                 0        0.13210338       26.73702574
    "BPM.31R5.B1"     "BPM.32R5.B1"       11693.09299       11746.54447                 1    0.116212825093                 0        0.11999216       26.86912912
    "BPM.32R5.B1"     "BPM.33R5.B1"       11746.54447       11799.99596                 1    0.145180620697                 0        0.14003328       26.98912128
    "BPM.33R5.B1"     "BPM.34R5.B1"       11799.99596       11853.44744                 1   0.0992898304222                 0        0.10787118       27.12915456
    "BPM.34R5.B1"     "BPM.33L6.B1"       11853.44744       11906.89893                 1    0.140130852594                 0        0.13210338       27.23702574
    "BPM.33L6.B1"     "BPM.30L6.B1"       11906.89893       12067.25338                 1    0.368827228817                 0        0.36789662       27.36912912
    "BPM.30L6.B1"     "BPM.29L6.B1"       12067.25338       12120.70486                 1    0.129550864501                 0        0.13210338       27.73702574
    "BPM.29L6.B1"     "BPM.28L6.B1"       12120.70486       12174.15635                 1    0.117902467516                 0        0.11999216       27.86912912
    "BPM.28L6.B1"     "BPM.27L6.B1"       12174.15635       12227.60783                 1    0.144643212701                 0        0.14003328       27.98912128
    "BPM.27L6.B1"     "BPM.26L6.B1"       12227.60783       12281.05931                 1     0.11075491866                 0        0.10787118       28.12915456
    "BPM.26L6.B1"     "BPM.25L6.B1"       12281.05931        12334.5108                 1    0.127325677146                 0        0.13210338       28.23702574
    "BPM.25L6.B1"     "BPM.22L6.B1"        12334.5108       12494.86525                 1    0.374576537114                 0        0.36789662       28.36912912
    "BPM.22L6.B1"     "BPM.21L6.B1"       12494.86525       12548.31673                 1    0.127916600959                 0        0.13210338       28.73702574
    "BPM.21L6.B1"     "BPM.20L6.B1"       12548.31673       12601.76822                 1    0.121248407152                 0        0.11999414       28.86912912
    "BPM.20L6.B1"     "BPM.19L6.B1"       12601.76822        12655.2197                 1    0.132762353397                 0        0.14003672       28.98912326
    "BPM.19L6.B1"     "BPM.18L6.B1"        12655.2197       12708.67119                 1    0.107061490829                 0        0.10787188       29.12915998
    "BPM.18L6.B1"     "BPM.17L6.B1"       12708.67119       12762.12267                 1    0.136294657365                 0        0.13210393       29.23703186
    "BPM.17L6.B1"     "BPM.16L6.B1"       12762.12267       12815.57415                 1    0.104083482053                 0        0.11999445       29.36913579
    "BPM.16L6.B1"     "BPM.15L6.B1"       12815.57415       12869.02564                 1    0.147018107613                 0        0.14003612       29.48913024
    "BPM.15L6.B1"     "BPM.14L6.B1"       12869.02564       12922.47712                 1    0.116374461894                 0        0.10787162       29.62916636
    "BPM.14L6.B1"     "BPM.13L6.B1"       12922.47712       12975.92861                 1    0.133155845114                 0        0.13210448       29.73703798
    "BPM.13L6.B1"     "BPM.12L6.B1"       12975.92861       13029.38009                 1    0.121261121444                 0        0.12140567       29.86914246
    "BPM.12L6.B1"     "BPM.11L6.B1"       13029.38009       13082.83158                 1     0.12965889908                 0        0.13882743       29.99054813
    "BPM.11L6.B1"     "BPM.10L6.B1"       13082.83158       13134.67226                 1     0.12114106891                 0        0.10981258       30.12937556
    "BPM.10L6.B1"      "BPM.9L6.B1"       13134.67226       13173.73925                 1    0.113599289544                 0        0.11564532       30.23918814
     "BPM.9L6.B1"      "BPM.8L6.B1"       13173.73925       13214.20424                 1    0.118636841364                 0         0.1287227       30.35483346
     "BPM.8L6.B1"    "BPMYA.5L6.B1"       13214.20424       13311.29423                 1    0.256470774515                 0        0.24444688       30.48355616
   "BPMYA.5L6.B1"    "BPMYB.4L6.B1"       13311.29423       13347.69423                 1    0.010754477325                 0        0.01425044       30.72800304
   "BPMYB.4L6.B1"    "BPMSE.4L6.B1"       13347.69423       13476.94473                 1     0.11293763572                 0         0.1260647       30.74225348
   "BPMSE.4L6.B1"    "BPMSA.4R6.B1"       13476.94473       13568.51473                 1    0.092323391085                 0        0.08050913       30.86831818
   "BPMSA.4R6.B1"    "BPMYA.4R6.B1"       13568.51473       13691.29423                 1   0.0555332780074                 0         0.0555723       30.94882731
   "BPMYA.4R6.B1"    "BPMYB.5R6.B1"       13691.29423       13727.69423                 1   0.0270245420152                 0        0.02225155       31.00439961
   "BPMYB.5R6.B1"      "BPM.8R6.B1"       13727.69423       13823.42122                 1    0.311482032349                 0        0.31467397       31.02665116
     "BPM.8R6.B1"     "BPM.10R6.B1"       13823.42122        13902.9532                 1     0.31176953139                 0         0.3108775       31.34132513
    "BPM.10R6.B1"     "BPM.11R6.B1"        13902.9532       13954.79389                 1    0.098953761123                 0        0.09797753       31.65220263
    "BPM.11R6.B1"     "BPM.12R6.B1"       13954.79389       14009.52037                 1    0.130077045191                 0        0.13322196       31.75018016
    "BPM.12R6.B1"     "BPM.13R6.B1"       14009.52037       14062.97186                 1    0.131351075708                 0        0.12245133       31.88340212
    "BPM.13R6.B1"     "BPM.14R6.B1"       14062.97186       14116.42334                 1    0.134021553828                 0        0.13928369       32.00585345
    "BPM.14R6.B1"     "BPM.15R6.B1"       14116.42334       14169.87483                 1     0.11107506929                 0        0.11046391       32.14513714
    "BPM.15R6.B1"     "BPM.16R6.B1"       14169.87483       14223.32631                 1    0.133794689989                 0        0.13873037       32.25560105
    "BPM.16R6.B1"     "BPM.20R6.B1"       14223.32631       14437.13225                 1    0.501411460638                 0        0.50945023       32.39433142
    "BPM.20R6.B1"     "BPM.21R6.B1"       14437.13225       14490.58373                 1    0.121879128978                 0        0.12092271       32.90378165
    "BPM.21R6.B1"     "BPM.22R6.B1"       14490.58373       14544.03522                 1    0.140443821015                 0        0.13790563       33.02470436
    "BPM.22R6.B1"     "BPM.23R6.B1"       14544.03522        14597.4867                 1    0.106161236428                 0        0.10768925       33.16260999
    "BPM.23R6.B1"     "BPM.24R6.B1"        14597.4867       14650.93818                 1    0.133494531307                 0        0.13666472       33.27029924
    "BPM.24R6.B1"     "BPM.25R6.B1"       14650.93818       14704.38967                 1    0.120691238789                 0        0.12167524       33.40696396
    "BPM.25R6.B1"     "BPM.26R6.B1"       14704.38967       14757.84115                 1    0.142765650991                 0        0.13752651        33.5286392
    "BPM.26R6.B1"     "BPM.30R6.B1"       14757.84115       14971.64709                 1    0.503151811848                 0         0.5035485       33.66616571
    "BPM.30R6.B1"     "BPM.31R6.B1"       14971.64709       15025.09857                 1    0.105812663743                 0        0.10767144       34.16971421
    "BPM.31R6.B1"     "BPM.32R6.B1"       15025.09857       15078.55006                 1    0.142202397148                 0        0.13742049       34.27738565
    "BPM.32R6.B1"     "BPM.33R6.B1"       15078.55006       15132.00154                 1    0.119258573468                 0        0.12167999       34.41480614
    "BPM.33R6.B1"     "BPM.34R6.B1"       15132.00154       15185.45302                 1    0.141305418042                 0        0.13676976       34.53648613
    "BPM.34R6.B1"     "BPM.33L7.B1"       15185.45302       15238.90451                 1    0.108352666004                 0        0.10768342       34.67325589
    "BPM.33L7.B1"     "BPM.32L7.B1"       15238.90451       15292.35599                 1    0.134007408138                 0        0.13780035       34.78093931
    "BPM.32L7.B1"     "BPM.31L7.B1"       15292.35599       15345.80748                 1    0.120886000673                 0        0.12165684       34.91873966
    "BPM.31L7.B1"     "BPM.30L7.B1"       15345.80748       15399.25896                 1    0.136344912517                 0        0.13639466        35.0403965
    "BPM.30L7.B1"     "BPM.29L7.B1"       15399.25896       15452.71045                 1    0.111911530179                 0        0.10770932       35.17679116
    "BPM.29L7.B1"     "BPM.28L7.B1"       15452.71045       15506.16193                 1    0.136687995584                 0         0.1381804       35.28450048
    "BPM.28L7.B1"     "BPM.27L7.B1"       15506.16193       15559.61341                 1    0.127610668032                 0        0.12161674       35.42268088
    "BPM.27L7.B1"     "BPM.26L7.B1"       15559.61341        15613.0649                 1    0.135984489345                 0        0.13602282       35.54429762
    "BPM.26L7.B1"     "BPM.25L7.B1"        15613.0649       15666.51638                 1    0.104397892766                 0        0.10774909       35.68032044
    "BPM.25L7.B1"     "BPM.24L7.B1"       15666.51638       15719.96787                 1    0.135102161741                 0        0.13855979       35.78806953
    "BPM.24L7.B1"     "BPM.23L7.B1"       15719.96787       15773.41935                 1    0.118892787103                 0         0.1215598       35.92662932
    "BPM.23L7.B1"     "BPM.22L7.B1"       15773.41935       15826.87083                 1    0.148960202005                 0        0.13565503       36.04818912
    "BPM.22L7.B1"     "BPM.21L7.B1"       15826.87083       15880.32232                 1    0.095888938401                 0        0.10780268       36.18384415
    "BPM.21L7.B1"     "BPM.20L7.B1"       15880.32232        15933.7738                 1    0.139992280689                 0        0.13804584       36.29164683
    "BPM.20L7.B1"     "BPM.19L7.B1"        15933.7738       15987.22529                 1    0.126941143237                 0        0.12391682       36.42969267
    "BPM.19L7.B1"     "BPM.18L7.B1"       15987.22529       16040.67677                 1     0.13529105982                 0        0.13882744       36.55360949
    "BPM.18L7.B1"     "BPM.17L7.B1"       16040.67677       16094.12825                 1    0.104835362425                 0        0.10776818       36.69243693
    "BPM.17L7.B1"     "BPM.16L7.B1"       16094.12825       16147.57974                 1    0.136411722248                 0        0.13910666       36.80020511
    "BPM.16L7.B1"     "BPM.15L7.B1"       16147.57974       16201.03122                 1    0.134220268906                 0        0.12390138       36.93931177
    "BPM.15L7.B1"     "BPM.14L7.B1"       16201.03122       16254.48271                 1    0.132264594033                 0        0.13777064       37.06321315
    "BPM.14L7.B1"     "BPM.13L7.B1"       16254.48271       16307.93419                 1    0.110031110837                 0        0.10782737       37.20098379
    "BPM.13L7.B1"     "BPM.12L7.B1"       16307.93419       16361.38567                 1     0.13327165973                 0        0.14317317       37.30881116
    "BPM.12L7.B1"     "BPM.11L7.B1"       16361.38567       16414.83716                 1     0.12925944258                 0         0.1261576       37.45198433
    "BPM.11L7.B1"     "BPM.10L7.B1"       16414.83716       16467.61985                 1    0.145916951444                 0        0.13902145       37.57814193
    "BPM.10L7.B1"      "BPM.9L7.B1"       16467.61985       16506.68684                 1    0.082611737466                 0        0.08862155       37.71716338
     "BPM.9L7.B1"      "BPM.7L7.B1"       16506.68684       16586.21782                 1    0.298338750839                 0        0.28525975       37.80578493
     "BPM.7L7.B1"      "BPM.6L7.B1"       16586.21782       16621.03582                 1   0.0421074367211                 0        0.04614418       38.09104468
     "BPM.6L7.B1"    "BPMWC.6L7.B1"       16621.03582       16633.13832                 1    0.999864940993                 0        0.00731342       38.13718886
   "BPMWC.6L7.B1"    "BPMWE.5L7.B1"       16633.13832       16710.19232                 1    0.188644614899                 0        0.17950244       38.14450228
   "BPMWE.5L7.B1"     "BPMW.5L7.B1"       16710.19232       16733.39732                 1    0.081718853561                 0        0.09923727       38.32400472
    "BPMW.5L7.B1"    "BPMWE.4L7.B1"       16733.39732       16768.48232                 1    0.054990773744                 0        0.04448467       38.42324199
   "BPMWE.4L7.B1"     "BPMW.4L7.B1"       16768.48232       16796.58732                 1    0.007115332079                 0        0.01419114       38.46772666
    "BPMW.4L7.B1"     "BPMW.4R7.B1"       16796.58732       16912.63432                 1    0.191505480282                 0        0.19062115        38.4819178
    "BPMW.4R7.B1"    "BPMWE.4R7.B1"       16912.63432       16940.73932                 1    0.801394919707                 0        0.07149401       38.67253895
   "BPMWE.4R7.B1"     "BPMW.5R7.B1"       16940.73932       16975.82432                 1    0.304501471728                 0        0.03108445       38.74403296
    "BPMW.5R7.B1"    "BPMWE.5R7.B1"       16975.82432       16999.02932                 1    0.014999321475                 0        0.00991864       38.77511741
   "BPMWE.5R7.B1"     "BPMR.6R7.B1"       16999.02932       17078.24482                 1    0.091026188653                 0        0.09164032       38.78503605
    "BPMR.6R7.B1"    "BPM_A.7R7.B1"       17078.24482       17116.28082                 1    0.078185780893                 0        0.08425973       38.87667637
   "BPM_A.7R7.B1"      "BPM.9R7.B1"       17116.28082        17194.4138                 1    0.316782997414                 0        0.31511145        38.9609361
     "BPM.9R7.B1"     "BPM.10R7.B1"        17194.4138       17234.87878                 1    0.099049007857                 0         0.0980926       39.27604755
    "BPM.10R7.B1"     "BPM.11R7.B1"       17234.87878       17287.66147                 1     0.13426488186                 0        0.13410604       39.37414015
    "BPM.11R7.B1"     "BPM.12R7.B1"       17287.66147       17342.38796                 1    0.117801298916                 0        0.12301271       39.50824619
    "BPM.12R7.B1"     "BPM.13R7.B1"       17342.38796       17395.83944                 1    0.143875871225                 0        0.13576674        39.6312589
    "BPM.13R7.B1"     "BPM.14R7.B1"       17395.83944       17449.29093                 1     0.10763477887                 0        0.11312077       39.76702564
    "BPM.14R7.B1"     "BPM.15R7.B1"       17449.29093       17502.74241                 1    0.148413855315                 0         0.1442454       39.88014641
    "BPM.15R7.B1"     "BPM.16R7.B1"       17502.74241       17556.19389                 1    0.108959234157                 0        0.11774102       40.02439181
    "BPM.16R7.B1"     "BPM.17R7.B1"       17556.19389       17609.64538                 1    0.136839926676                 0         0.1335859       40.14213283
    "BPM.17R7.B1"     "BPM.18R7.B1"       17609.64538       17663.09686                 1    0.120565060114                 0        0.11363241       40.27571873
    "BPM.18R7.B1"     "BPM.19R7.B1"       17663.09686       17716.54835                 1    0.139149442666                 0        0.14453132       40.38935114
    "BPM.19R7.B1"     "BPM.20R7.B1"       17716.54835       17769.99983                 1    0.108682558227                 0        0.11718505       40.53388246
    "BPM.20R7.B1"     "BPM.21R7.B1"       17769.99983       17823.45131                 1    0.143049685377                 0         0.1333647       40.65106751
    "BPM.21R7.B1"     "BPM.22R7.B1"       17823.45131        17876.9028                 1    0.115457570484                 0        0.11417242       40.78443221
    "BPM.22R7.B1"     "BPM.23R7.B1"        17876.9028       17930.35428                 1    0.143117095596                 0        0.14561978       40.89860463
    "BPM.23R7.B1"     "BPM.24R7.B1"       17930.35428       17983.80577                 1    0.117504877743                 0        0.11431669       41.04422441
    "BPM.24R7.B1"     "BPM.25R7.B1"       17983.80577       18037.25725                 1    0.125877454386                 0        0.12946011        41.1585411
    "BPM.25R7.B1"     "BPM.26R7.B1"       18037.25725       18090.70874                 1    0.122062488948                 0        0.11450056       41.28800121
    "BPM.26R7.B1"     "BPM.27R7.B1"       18090.70874       18144.16022                 1    0.140467018343                 0        0.14561435       41.40250177
    "BPM.27R7.B1"     "BPM.28R7.B1"       18144.16022        18197.6117                 1    0.099267776417                 0         0.1139894       41.54811612
    "BPM.28R7.B1"     "BPM.29R7.B1"        18197.6117       18251.06319                 1    0.141239871705                 0         0.1294728       41.66210552
    "BPM.29R7.B1"     "BPM.30R7.B1"       18251.06319       18304.51467                 1    0.113622997075                 0        0.11482999       41.79157832
    "BPM.30R7.B1"     "BPM.31R7.B1"       18304.51467       18357.96616                 1    0.147919630322                 0        0.14558959       41.90640831
    "BPM.31R7.B1"     "BPM.32R7.B1"       18357.96616       18411.41764                 1     0.11801398005                 0        0.11366437        42.0519979
    "BPM.32R7.B1"     "BPM.33R7.B1"       18411.41764       18464.86912                 1    0.127149334622                 0        0.12950175       42.16566227
    "BPM.33R7.B1"     "BPM.34R7.B1"       18464.86912       18518.32061                 1    0.114948314428                 0        0.11515987       42.29516402
    "BPM.34R7.B1"     "BPM.33L8.B1"       18518.32061       18571.77209                 1    0.147866938722                 0        0.14554554       42.41032389
    "BPM.33L8.B1"     "BPM.32L8.B1"       18571.77209       18625.22358                 1     0.11092881465                 0        0.11334232       42.55586943
    "BPM.32L8.B1"     "BPM.31L8.B1"       18625.22358       18678.67506                 1    0.129932417705                 0        0.12954691       42.66921175
    "BPM.31L8.B1"     "BPM.30L8.B1"       18678.67506       18732.12654                 1    0.122267101009                 0        0.11548945       42.79875866
    "BPM.30L8.B1"     "BPM.29L8.B1"       18732.12654       18785.57803                 1    0.142989557768                 0        0.14548233       42.91424811
    "BPM.29L8.B1"     "BPM.28L8.B1"       18785.57803       18839.02951                 1    0.109218119787                 0         0.1130239       43.05973044
    "BPM.28L8.B1"     "BPM.27L8.B1"       18839.02951         18892.481                 1    0.133240173704                 0        0.12960822       43.17275434
    "BPM.27L8.B1"     "BPM.26L8.B1"         18892.481       18945.93248                 1    0.118674043003                 0        0.11581797       43.30236256
    "BPM.26L8.B1"     "BPM.25L8.B1"       18945.93248       18999.38397                 1    0.141689933777                 0        0.14540015       43.41818053
    "BPM.25L8.B1"     "BPM.24L8.B1"       18999.38397       19052.83545                 1    0.112810694678                 0        0.11270979       43.56358068
    "BPM.24L8.B1"     "BPM.23L8.B1"       19052.83545       19106.28693                 1    0.131589104052                 0        0.12968555       43.67629047
    "BPM.23L8.B1"     "BPM.22L8.B1"       19106.28693       19159.73842                 1    0.113695563543                 0         0.1161447       43.80597602
    "BPM.22L8.B1"     "BPM.21L8.B1"       19159.73842        19213.1899                 1    0.145216069664                 0        0.14529919       43.92212072
    "BPM.21L8.B1"     "BPM.20L8.B1"        19213.1899       19266.64139                 1    0.122047680022                 0         0.1152402       44.06741991
    "BPM.20L8.B1"     "BPM.19L8.B1"       19266.64139       19320.09287                 1    0.125469007516                 0        0.13278417       44.18266011
    "BPM.19L8.B1"     "BPM.18L8.B1"       19320.09287       19373.54435                 1    0.119146773949                 0        0.11609425       44.31544428
    "BPM.18L8.B1"     "BPM.17L8.B1"       19373.54435       19426.99584                 1    0.140126814651                 0        0.14523836       44.43153853
    "BPM.17L8.B1"     "BPM.16L8.B1"       19426.99584       19480.44732                 1    0.107476867192                 0        0.11462915       44.57677689
    "BPM.16L8.B1"     "BPM.15L8.B1"       19480.44732       19533.89881                 1    0.144966436225                 0        0.13287476       44.69140604
    "BPM.15L8.B1"     "BPM.14L8.B1"       19533.89881       19587.35029                 1    0.105817189838                 0        0.11671328        44.8242808
    "BPM.14L8.B1"     "BPM.13L8.B1"       19587.35029       19640.80177                 1    0.149572521287                 0        0.14509222       44.94099408
    "BPM.13L8.B1"     "BPM.12L8.B1"       19640.80177       19694.25326                 1    0.114576896717                 0        0.11444178        45.0860863
    "BPM.12L8.B1"     "BPM.11L8.B1"       19694.25326       19747.70474                 1    0.145990777218                 0        0.13531969       45.20052808
    "BPM.11L8.B1"     "BPM.10L8.B1"       19747.70474       19799.54543                 1     0.10558118515                 0        0.10772183       45.33584777
    "BPM.10L8.B1"      "BPM.9L8.B1"       19799.54543       19838.61242                 1    0.111452667351                 0        0.11829435        45.4435696
     "BPM.9L8.B1"      "BPM.8L8.B1"       19838.61242       19879.07741                 1    0.169175272891                 0        0.15718218       45.56186395
     "BPM.8L8.B1"      "BPM.7L8.B1"       19879.07741        19918.1454                 1    0.157059341048                 0        0.17060177       45.71904613
     "BPM.7L8.B1"     "BPMR.6L8.B1"        19918.1454        19950.6144                 1    0.118803496709                 0        0.11903167        45.8896479
    "BPMR.6L8.B1"      "BPM.5L8.B1"        19950.6144        20011.0334                 1    0.985524842978                 0        0.24634988       46.00867957
     "BPM.5L8.B1"    "BPMYB.4L8.B1"        20011.0334        20031.8004                 1    0.288850692858                 0        0.01841316       46.25502945
   "BPMYB.4L8.B1"    "BPMWB.4L8.B1"        20031.8004        20056.1919                 1    0.016004839129                 0        0.02176194       46.27344261
   "BPMWB.4L8.B1"     "BPMS.2L8.B1"        20056.1919        20144.3364                 1    0.033260518718                 0        0.03686145       46.29520455
    "BPMS.2L8.B1"    "BPMSW.1L8.B1"        20144.3364        20154.2704                 1    0.021556121653                 0        0.00788293         46.332066
   "BPMSW.1L8.B1"    "BPMSW.1R8.B1"        20154.2704        20197.4604                 1    0.452098648463                 0        0.45699623       46.33994893
   "BPMSW.1R8.B1"     "BPMS.2R8.B1"        20197.4604        20207.3944                 1    0.002182102409                 0        0.00593377       46.79694516
    "BPMS.2R8.B1"    "BPMSX.4R8.B1"        20207.3944        20245.3059                 1    0.010376416053                 0        0.01316932       46.80287893
   "BPMSX.4R8.B1"    "BPMWB.4R8.B1"        20245.3059        20295.4629                 1    0.023400141607                 0        0.02562907       46.81604825
   "BPMWB.4R8.B1"    "BPMYB.4R8.B1"        20295.4629        20319.9304                 1    0.019673519405                 0        0.01440631       46.84167732
   "BPMYB.4R8.B1"    "BPMYB.5R8.B1"        20319.9304        20340.5074                 1    0.021029476273                 0        0.02781038       46.85608363
   "BPMYB.5R8.B1"      "BPM.6R8.B1"        20340.5074        20424.6154                 1    0.368821550782                 0        0.35859003       46.88389401
     "BPM.6R8.B1"    "BPM_A.7R8.B1"        20424.6154        20446.8554                 1    0.036805520159                 0        0.04037222       47.24248404
   "BPM_A.7R8.B1"      "BPM.8R8.B1"        20446.8554       20488.29241                 1    0.096176151519                 0        0.09951789       47.28285626
     "BPM.8R8.B1"      "BPM.9R8.B1"       20488.29241       20527.35742                 1    0.144257717537                 0        0.15180034       47.38237415
     "BPM.9R8.B1"     "BPM.10R8.B1"       20527.35742       20567.82043                 1    0.196373423109                 0        0.18603996       47.53417449
    "BPM.10R8.B1"     "BPM.11R8.B1"       20567.82043       20619.65914                 1    0.097536791637                 0        0.09378442       47.72021445
    "BPM.11R8.B1"     "BPM.12R8.B1"       20619.65914       20674.38266                 1    0.133430133671                 0        0.13823932       47.81399887
    "BPM.12R8.B1"     "BPM.13R8.B1"       20674.38266       20727.83117                 1    0.118505185986                 0        0.12374982       47.95223819
    "BPM.13R8.B1"     "BPM.14R8.B1"       20727.83117       20781.27969                 1    0.138088948221                 0        0.13205023       48.07598801
    "BPM.14R8.B1"     "BPM.15R8.B1"       20781.27969       20834.72821                 1    0.103709779242                 0        0.10788686       48.20803824
    "BPM.15R8.B1"     "BPM.16R8.B1"       20834.72821       20888.17672                 1    0.152632117645                 0        0.14007662        48.3159251
    "BPM.16R8.B1"     "BPM.17R8.B1"       20888.17672       20941.62524                 1    0.112953972339                 0         0.1199603       48.45600172
    "BPM.17R8.B1"     "BPM.18R8.B1"       20941.62524       20995.07375                 1     0.13751776288                 0        0.13204857       48.57596202
    "BPM.18R8.B1"     "BPM.19R8.B1"       20995.07375       21048.52227                 1    0.102514257766                 0        0.10788568       48.70801059
    "BPM.19R8.B1"     "BPM.20R8.B1"       21048.52227       21101.97079                 1    0.149707409089                 0        0.14007393       48.81589627
    "BPM.20R8.B1"     "BPM.21R8.B1"       21101.97079        21155.4193                 1    0.120965897943                 0        0.11996172        48.9559702
    "BPM.21R8.B1"     "BPM.22R8.B1"        21155.4193       21208.86782                 1    0.137622266869                 0        0.13205103       49.07593192
    "BPM.22R8.B1"     "BPM.23R8.B1"       21208.86782       21262.31633                 1    0.101013682599                 0        0.10788269       49.20798295
    "BPM.23R8.B1"     "BPM.24R8.B1"       21262.31633       21315.76485                 1    0.143515836109                 0        0.14006712       49.31586564
    "BPM.24R8.B1"     "BPM.25R8.B1"       21315.76485       21369.21337                 1    0.118132708489                 0        0.11996238       49.45593276
    "BPM.25R8.B1"     "BPM.26R8.B1"       21369.21337       21422.66188                 1    0.130266164099                 0        0.13205405       49.57589514
    "BPM.26R8.B1"     "BPM.30R8.B1"       21422.66188       21636.45594                 1    0.498906683574                 0        0.49996624       49.70794919
    "BPM.30R8.B1"     "BPM.31R8.B1"       21636.45594       21689.90446                 1    0.102211099138                 0         0.1078798       50.20791543
    "BPM.31R8.B1"     "BPM.32R8.B1"       21689.90446       21743.35298                 1    0.144530473169                 0        0.14006054       50.31579523
    "BPM.32R8.B1"     "BPM.33R8.B1"       21743.35298       21796.80149                 1    0.113937620687                 0        0.11996582       50.45585577
    "BPM.33R8.B1"     "BPM.34R8.B1"       21796.80149       21850.25001                 1    0.142384894595                 0        0.13206008       50.57582159
    "BPM.34R8.B1"     "BPM.33L1.B1"       21850.25001       21903.69852                 1    0.104766278408                 0        0.10787835       50.70788167
    "BPM.33L1.B1"     "BPM.32L1.B1"       21903.69852       21957.14704                 1    0.139353756553                 0        0.14005726       50.81576002
    "BPM.32L1.B1"     "BPM.31L1.B1"       21957.14704       22010.59556                 1    0.116177075898                 0        0.11996754       50.95581728
    "BPM.31L1.B1"     "BPM.30L1.B1"       22010.59556       22064.04407                 1    0.133020033714                 0        0.13206309       51.07578482
    "BPM.30L1.B1"     "BPM.29L1.B1"       22064.04407       22117.49259                 1    0.099136244557                 0        0.10787691       51.20784791
    "BPM.29L1.B1"     "BPM.28L1.B1"       22117.49259        22170.9411                 1    0.154909353377                 0        0.14005396       51.31572482
    "BPM.28L1.B1"     "BPM.27L1.B1"        22170.9411       22224.38962                 1    0.108413519965                 0        0.11996926       51.45577878
    "BPM.27L1.B1"     "BPM.26L1.B1"       22224.38962       22277.83814                 1    0.137408427421                 0         0.1320661       51.57574804
    "BPM.26L1.B1"     "BPM.25L1.B1"       22277.83814       22331.28665                 1    0.110519534634                 0        0.10787548       51.70781414
    "BPM.25L1.B1"     "BPM.24L1.B1"       22331.28665       22384.73517                 1    0.134649041971                 0        0.14005067       51.81568962
    "BPM.24L1.B1"     "BPM.23L1.B1"       22384.73517       22438.18368                 1    0.117836553556                 0        0.11997097       51.95574029
    "BPM.23L1.B1"     "BPM.22L1.B1"       22438.18368        22491.6322                 1    0.134868938983                 0        0.13206912       52.07571126
    "BPM.22L1.B1"     "BPM.21L1.B1"        22491.6322       22545.08071                 1    0.110056157216                 0        0.10787404       52.20778038
    "BPM.21L1.B1"     "BPM.20L1.B1"       22545.08071       22598.52923                 1    0.134371385703                 0        0.14004865       52.31565442
    "BPM.20L1.B1"     "BPM.19L1.B1"       22598.52923       22651.97775                 1    0.121345026786                 0        0.11997364       52.45570307
    "BPM.19L1.B1"     "BPM.18L1.B1"       22651.97775       22705.42626                 1    0.132337314029                 0        0.13207195       52.57567671
    "BPM.18L1.B1"     "BPM.17L1.B1"       22705.42626       22758.87478                 1    0.104980257783                 0        0.10787269       52.70774866
    "BPM.17L1.B1"     "BPM.16L1.B1"       22758.87478       22812.32329                 1     0.14511752596                 0        0.14004556       52.81562135
    "BPM.16L1.B1"     "BPM.15L1.B1"       22812.32329       22865.77181                 1    0.118304323447                 0        0.11997524       52.95566691
    "BPM.15L1.B1"     "BPM.14L1.B1"       22865.77181       22919.22033                 1    0.134541049027                 0        0.13207479       53.07564215
    "BPM.14L1.B1"     "BPM.13L1.B1"       22919.22033       22972.66884                 1    0.103769837892                 0        0.10787134       53.20771694
    "BPM.13L1.B1"     "BPM.12L1.B1"       22972.66884       23026.11736                 1    0.143285459545                 0        0.14200319       53.31558828
    "BPM.12L1.B1"     "BPM.11L1.B1"       23026.11736       23079.56587                 1    0.115493854072                 0        0.11364674       53.45759147
    "BPM.11L1.B1"     "BPM.10L1.B1"       23079.56587       23132.34658                 1    0.089324852718                 0        0.12805048       53.57123821
    "BPM.10L1.B1"      "BPM.9L1.B1"       23132.34658        23171.4116                 1    0.147451371155                 0        0.10153365       53.69928869
     "BPM.9L1.B1"      "BPM.8L1.B1"        23171.4116       23211.87461                 1    0.177610900205                 0        0.18986515       53.80082234
     "BPM.8L1.B1"     "BPMR.7L1.B1"       23211.87461       23250.94062                 1    0.106770461545                 0        0.10315497       53.99068749
    "BPMR.7L1.B1"      "BPM.6L1.B1"       23250.94062       23294.12462                 1   0.0953470392049                 0        0.10491376       54.09384246
     "BPM.6L1.B1"     "BPMR.5L1.B1"       23294.12462       23326.02462                 1    0.116139255645                 0        0.01375439       54.19875622
    "BPMR.5L1.B1"    "BPMYA.4L1.B1"       23326.02462       23347.14262                 1    0.904948691927                 0  0.00410188999999       54.21251061
   "BPMYA.4L1.B1"    "BPMWB.4L1.B1"       23347.14262       23368.27512                 1    0.002025194534                 0        0.00262155        54.2166125
   "BPMWB.4L1.B1"    "BPMSY.4L1.B1"       23368.27512       23461.05512                 1    0.006041347294                 0        0.00764153       54.21923405
   "BPMSY.4L1.B1"     "BPMS.2L1.B1"       23461.05512       23487.84062                 1    0.001360160436                 0  0.00106845000001       54.22687558
    "BPMS.2L1.B1"    "BPMSW.1L1.B1"       23487.84062       23497.79062                 1    0.999923897392                 0 0.000780789999993       54.22794403
   "BPMSW.1L1.B1"    "BPMSW.1R1.B1"       23497.79062       23540.93362                 1    0.494278527465                 0        0.49447926       54.22872482
   "BPMSW.1R1.B1"     "BPMS.2R1.B1"       23540.93362       23550.89862                 1    0.002490590352                 0        0.00100545       54.72320408
    "BPMS.2R1.B1"    "BPMSY.4R1.B1"       23550.89862       23577.68412                 1    0.000315347877                 0        0.00154998       54.72420953
   "BPMSY.4R1.B1"    "BPMWB.4R1.B1"       23577.68412       23670.46412                 1     0.00829907052                 0        0.00673394       54.72575951
   "BPMWB.4R1.B1"    "BPMYA.4R1.B1"       23670.46412       23691.59662                 1    0.004942222291                 0        0.00583886       54.73249345
   "BPMYA.4R1.B1"      "BPM.5R1.B1"       23691.59662       23719.00462                 1    0.019105692172                 0        0.01924766       54.73833231
     "BPM.5R1.B1"     "BPMR.6R1.B1"       23719.00462       23750.90462                 1    0.295586792582                 0        0.28567615       54.75757997
    "BPMR.6R1.B1"    "BPMSX.7R1.B1"       23750.90462       23757.12012                 1   0.0764876140732                 0        0.07789436       55.04325612
   "BPMSX.7R1.B1"    "BPM_A.7R1.B1"       23757.12012       23778.62862                 1   0.0526745527813                 0        0.06342484       55.12115048
   "BPM_A.7R1.B1"      "BPM.8R1.B1"       23778.62862       23820.06761                 1     0.10158914982                 0        0.10849166       55.18457532
     "BPM.8R1.B1"      "BPM.9R1.B1"       23820.06761        23859.1346                 1    0.222972778725                 0        0.20877435       55.29306698
     "BPM.9R1.B1"     "BPM.10R1.B1"        23859.1346       23899.59958                 1    0.088022467104                 0        0.09532513       55.50184133
    "BPM.10R1.B1"     "BPM.11R1.B1"       23899.59958       23952.38227                 1    0.125725318208                 0        0.11658979       55.59716646
    "BPM.11R1.B1"     "BPM.12R1.B1"       23952.38227       24007.10876                 1    0.100295051356                 0         0.1061802       55.71375625
    "BPM.12R1.B1"     "BPM.13R1.B1"       24007.10876       24060.56024                 1    0.135910437854                 0         0.1367906       55.81993645
    "BPM.13R1.B1"     "BPM.14R1.B1"       24060.56024       24114.01173                 1    0.124123530957                 0        0.11993436       55.95672705
    "BPM.14R1.B1"     "BPM.15R1.B1"       24114.01173       24167.46321                 1    0.137431320502                 0        0.13200223       56.07666141
    "BPM.15R1.B1"     "BPM.16R1.B1"       24167.46321       24220.91469                 1    0.105319891691                 0        0.10792237       56.20866364
    "BPM.16R1.B1"     "BPM.17R1.B1"       24220.91469       24274.36618                 1    0.136918024462                 0         0.1401479       56.31658601
    "BPM.17R1.B1"     "BPM.18R1.B1"       24274.36618       24327.81766                 1    0.123413332295                 0        0.11993417       56.45673391
    "BPM.18R1.B1"     "BPM.19R1.B1"       24327.81766       24381.26915                 1    0.134989788126                 0        0.13200168       56.57666808
    "BPM.19R1.B1"     "BPM.20R1.B1"       24381.26915       24434.72063                 1    0.106297018641                 0        0.10792264       56.70866976
    "BPM.20R1.B1"     "BPM.21R1.B1"       24434.72063       24488.17211                 1    0.143212707151                 0        0.14014849        56.8165924
    "BPM.21R1.B1"     "BPM.22R1.B1"       24488.17211        24541.6236                 1    0.116798026818                 0        0.11993385       56.95674089
    "BPM.22R1.B1"     "BPM.23R1.B1"        24541.6236       24595.07508                 1    0.133423469339                 0        0.13200002       57.07667474
    "BPM.23R1.B1"     "BPM.24R1.B1"       24595.07508       24648.52657                 1    0.116824552341                 0        0.10792008       57.20867476
    "BPM.24R1.B1"     "BPM.25R1.B1"       24648.52657       24701.97805                 1    0.131458676436                 0        0.14014605       57.31659484
    "BPM.25R1.B1"     "BPM.26R1.B1"       24701.97805       24755.42954                 1    0.118814608719                 0        0.11993385       57.45674089
    "BPM.26R1.B1"     "BPM.27R1.B1"       24755.42954       24808.88102                 1    0.132922946881                 0        0.13200002       57.57667474
    "BPM.27R1.B1"     "BPM.28R1.B1"       24808.88102        24862.3325                 1    0.110979128658                 0        0.10792008       57.70867476
    "BPM.28R1.B1"     "BPM.29R1.B1"        24862.3325       24915.78399                 1    0.141380580622                 0        0.14014605       57.81659484
    "BPM.29R1.B1"     "BPM.30R1.B1"       24915.78399       24969.23547                 1    0.117819243694                 0        0.11993385       57.95674089
    "BPM.30R1.B1"     "BPM.31R1.B1"       24969.23547       25022.68696                 1    0.129956951003                 0        0.13200002       58.07667474
    "BPM.31R1.B1"     "BPM.32R1.B1"       25022.68696       25076.13844                 1    0.103890236244                 0        0.10792008       58.20867476
    "BPM.32R1.B1"     "BPM.33L2.B1"       25076.13844       25236.49289                 1    0.096890663877                 0        0.39207992       58.31659484
    "BPM.33L2.B1"     "BPM.32L2.B1"       25236.49289       25289.94438                 1    0.110565526512                 0        0.10792008       58.70867476
    "BPM.32L2.B1"     "BPM.31L2.B1"       25289.94438       25343.39586                 1    0.144242671662                 0        0.14014605       58.81659484
    "BPM.31L2.B1"     "BPM.30L2.B1"       25343.39586       25396.84734                 1    0.106526493729                 0        0.11993385       58.95674089
    "BPM.30L2.B1"     "BPM.29L2.B1"       25396.84734       25450.29883                 1    0.135227945651                 0        0.13200002       59.07667474
    "BPM.29L2.B1"     "BPM.28L2.B1"       25450.29883       25503.75031                 1    0.114648474744                 0        0.10792008       59.20867476
    "BPM.28L2.B1"     "BPM.27L2.B1"       25503.75031        25557.2018                 1    0.142331579517                 0        0.14014605       59.31659484
    "BPM.27L2.B1"     "BPM.26L2.B1"        25557.2018       25610.65328                 1    0.117996511766                 0        0.11993385       59.45674089
    "BPM.26L2.B1"     "BPM.25L2.B1"       25610.65328       25664.10477                 1    0.126680063339                 0        0.13200002       59.57667474
    "BPM.25L2.B1"     "BPM.24L2.B1"       25664.10477       25717.55625                 1    0.105486295424                 0        0.10792008       59.70867476
    "BPM.24L2.B1"     "BPM.23L2.B1"       25717.55625       25771.00773                 1    0.151912808715                 0        0.14014605       59.81659484
    "BPM.23L2.B1"     "BPM.22L2.B1"       25771.00773       25824.45922                 1    0.110331453856                 0        0.11993385       59.95674089
    "BPM.22L2.B1"     "BPM.21L2.B1"       25824.45922        25877.9107                 1    0.137820579423                 0        0.13200002       60.07667474
    "BPM.21L2.B1"     "BPM.20L2.B1"        25877.9107       25931.36219                 1    0.106758646107                 0        0.10792189       60.20867476
    "BPM.20L2.B1"     "BPM.19L2.B1"       25931.36219       25984.81367                 1    0.143495262577                 0        0.14015016       60.31659665
    "BPM.19L2.B1"     "BPM.18L2.B1"       25984.81367       26038.26515                 1    0.115051828708                 0        0.11993459       60.45674681
    "BPM.18L2.B1"     "BPM.17L2.B1"       26038.26515       26091.71664                 1     0.13103769578                 0        0.13199948        60.5766814
    "BPM.17L2.B1"     "BPM.16L2.B1"       26091.71664       26145.16812                 1    0.114101967657                 0        0.10792216       60.70868088
    "BPM.16L2.B1"     "BPM.15L2.B1"       26145.16812       26198.61961                 1    0.142637401198                 0        0.14015075       60.81660304
    "BPM.15L2.B1"     "BPM.14L2.B1"       26198.61961       26252.07109                 1    0.114958188289                 0        0.11993427       60.95675379
    "BPM.14L2.B1"     "BPM.13L2.B1"       26252.07109       26305.52257                 1    0.131621609116                 0        0.13199894       61.07668806
    "BPM.13L2.B1"     "BPM.12L2.B1"       26305.52257       26358.97406                 1    0.118297178954                 0        0.11218751         61.208687
    "BPM.12L2.B1"     "BPM.11L2.B1"       26358.97406       26412.42554                 1    0.148112279229                 0        0.14509011       61.32087451
    "BPM.11L2.B1"     "BPM.10L2.B1"       26412.42554       26464.26623                 1    0.112187250076                 0        0.11690491       61.46596462
    "BPM.10L2.B1"      "BPM.9L2.B1"       26464.26623       26503.33322                 1    0.113265061313                 0        0.11867158       61.58286953
     "BPM.9L2.B1"      "BPM.8L2.B1"       26503.33322       26543.79821                 1    0.129325066425                 0        0.13228393       61.70154111
     "BPM.8L2.B1"      "BPM.7L2.B1"       26543.79821        26582.8662                 1    0.193432356206                 0        0.19028779       61.83382504
     "BPM.7L2.B1"     "BPMR.6L2.B1"        26582.8662        26614.9722                 1    0.092253789574                 0        0.10023767       62.02411283
    "BPMR.6L2.B1"    "BPMYB.5L2.B1"        26614.9722            28.288                 1    0.206952754269                 0      0.2065600773        62.1243505