@ GetLLMVersion %s "V3.0.0 Dev"
@ Command %s "/afs/cern.ch/work/o/omc/anaconda/bin/python '/afs/cern.ch/work/e/efol/public/Beta-Beat.src/GetLLM/GetLLM.py' '--accel=LHCB1' '--model=/afs/cern.ch/work/e/efol/public/betabeatGui/temp/2017-12-20/models/LHCB1/Multiturn-model_40cm_2041/twiss.dat' '--files=/afs/cern.ch/work/e/efol/public/betabeatGui/temp/2017-12-20/LHCB1/Measurements/Beam1@Turn@2017_09_11@19_02_33_250/Beam1@Turn@2017_09_11@19_02_33_250.sdds' '--output=/afs/cern.ch/work/e/efol/public/betabeatGui/temp/2017-12-20/LHCB1/Results/40cm_cleaned' '--tbtana=SUSSIX' '--bpmu=mm' '--lhcphase=1' '--errordefs=/afs/cern.ch/work/e/efol/public/betabeatGui/temp/2017-12-20/models/LHCB1/Multiturn-model_40cm_2041/error_deff.txt'"
@ CWD %s "/home/efol/Workspaces/Accsoft-Eclipse-Pro/lhc-app-beta-beating"
@ Date %s "20. December 2017, 16:40:59"
@ Q1 %le 0.299853389971
@ Q2 %le 0.331421650825
@ RMSbetabeat %le 1.82257154516
@ RescalingFactor %le 1.18319468122
@ FILES %s "/afs/cern.ch/work/e/efol/public/betabeatGui/temp/2017-12-20/LHCB1/Measurements/Beam1@Turn@2017_09_11@19_02_33_250/Beam1@Turn@2017_09_11@19_02_33_250.sdds.linx"
*            NAME                 S             COUNT              BETX           BETXSTD           BETXMDL            MUXMDL           BETXRES        BETXSTDRES
$              %s               %le               %le               %le               %le               %le               %le               %le               %le
   "BPMYB.5L2.B1"            28.288                 1     140.074118112 1.48323969742e-08       177.1517339      0.0307105773     165.734951527 1.75496132097e-08
   "BPMYB.4L2.B1"            48.858                 1     68.6606981917 1.48323969742e-08       83.42430573     0.05777070718     81.2389729095 1.75496132097e-08
   "BPMWI.4L2.B1"           73.3255                 1     65.3498313117 1.48323969742e-08       79.46384864      0.1106630256     77.3215728269 1.75496132097e-08
   "BPMSX.4L2.B1"          123.4825                 1     141.326445473 1.48323969742e-08       159.6296909      0.1841212942       167.2166986 1.75496132097e-08
    "BPMS.2L2.B1"           161.394                 1     59.5815802573 1.48323969742e-08       60.51586181      0.2375585824     70.4966088593 1.75496132097e-08
   "BPMSW.1L2.B1"           171.328                 1     49.5122470914 1.48323969742e-08       54.94020744      0.2619098945     58.5826274139 1.75496132097e-08
   "BPMSW.1R2.B1"           214.518                 1     48.5063049531 1.48323969742e-08       53.78132057      0.6157627793     57.3924020264 1.75496132097e-08
    "BPMS.2R2.B1"           224.452                 1     143.410978444 1.48323969742e-08       163.3198522      0.6347445753     169.683106925 1.75496132097e-08
   "BPMSX.4R2.B1"          262.3635                 1     71.4225763599 1.48323969742e-08       93.77997746      0.6811952369     84.5068124683 1.75496132097e-08
   "BPMWB.4R2.B1"          312.5965                 1     86.7197821856 1.48323969742e-08       102.1823307      0.7669564086     102.606385039 1.75496132097e-08
   "BPMYB.4R2.B1"           336.988                 1     88.7845903134 1.48323969742e-08       101.4268726      0.8022192363     105.049455033 1.75496132097e-08
     "BPM.6R2.B1"           439.818                 1     153.200181421 1.48323969742e-08       183.0161833       1.035300704      181.26563982 1.75496132097e-08
   "BPM_A.7R2.B1"           452.693                 1     75.0662390324 1.48323969742e-08       84.69129598       1.051789175     88.8179747626 1.75496132097e-08
     "BPM.8R2.B1"       494.1300106                 1     94.5933934178 1.48323969742e-08       106.4141936       1.137043441     111.922399971 1.75496132097e-08
     "BPM.9R2.B1"       533.1950212                 1      14.998913483 1.48323969742e-08        15.9858868       1.302613849     17.7466346572 1.75496132097e-08
    "BPM.10R2.B1"       573.6580318                 1     165.216226014 1.48323969742e-08       181.9953665       1.462134842     195.482959871 1.75496132097e-08
    "BPM.11R2.B1"       625.4967424                 1     29.8697615922 1.48323969742e-08       32.31860712       1.566060696     35.3417430454 1.75496132097e-08
    "BPM.14R2.B1"       787.1172901                 1     167.986605487 1.48323969742e-08       180.5063043       1.962332305     198.760858129 1.75496132097e-08
    "BPM.15R2.B1"        840.565806                 1     31.0577689297 1.48323969742e-08       33.77617929       2.072199532     36.7473870083 1.75496132097e-08
    "BPM.16R2.B1"       894.0143219                 1     143.498164047 1.48323969742e-08       159.3057621       2.214397629     169.786264465 1.75496132097e-08
    "BPM.17R2.B1"       947.4628378                 1     32.4706339362 1.48323969742e-08       34.00358741       2.332446493     38.4190813692 1.75496132097e-08
    "BPM.18R2.B1"       1000.911354                 1     167.980344336 1.48323969742e-08       180.4990122       2.462596989     198.753449968 1.75496132097e-08
    "BPM.19R2.B1"        1054.35987                 1     30.7245654329 1.48323969742e-08       33.76856551       2.572481689     36.3531424031 1.75496132097e-08
    "BPM.20R2.B1"       1107.808386                 1     143.904718515 1.48323969742e-08       159.3131206       2.714697524     170.267297549 1.75496132097e-08
    "BPM.21R2.B1"       1161.256901                 1     31.6734123324 1.48323969742e-08       34.01120045         2.8327267     37.4758130079 1.75496132097e-08
    "BPM.22R2.B1"       1214.705417                 1     165.412647599 1.48323969742e-08       180.4915873       2.962861683     195.715364847 1.75496132097e-08
    "BPM.23R2.B1"       1268.153933                 1     30.1172222833 1.48323969742e-08       32.28357935       3.075737078     35.6345372188 1.75496132097e-08
    "BPM.24R2.B1"       1321.602449                 1     152.983719505 1.48323969742e-08       161.2314885       3.221334147     181.009523232 1.75496132097e-08
    "BPM.26R2.B1"       1428.499481                 1     178.078028542 1.48323969742e-08       180.0536797       3.468127126     210.700976214 1.75496132097e-08
    "BPM.27R2.B1"       1481.947997                 1     29.3254842465 1.48323969742e-08        32.1444477       3.581464712     34.6977569848 1.75496132097e-08
    "BPM.28R2.B1"       1535.396513                 1     156.401376157 1.48323969742e-08       161.6924597       3.727213292     185.053276405 1.75496132097e-08
    "BPM.29R2.B1"       1588.845029                 1      32.520795704 1.48323969742e-08       34.30419083       3.843527967     38.4784325061 1.75496132097e-08
    "BPM.30R2.B1"       1642.293545                 1     170.081742303 1.48323969742e-08       179.5702099       3.973406065     201.239812866 1.75496132097e-08
    "BPM.31R2.B1"        1695.74206                 1     30.1400583146 1.48323969742e-08       32.01044141        4.08721674     35.6615566896 1.75496132097e-08
    "BPM.33R2.B1"       1802.639092                 1     32.2692764181 1.48323969742e-08       34.43538651       4.348896202     38.1808362248 1.75496132097e-08
    "BPM.34R2.B1"       1856.087608                 1     169.701028263 1.48323969742e-08       179.0435469        4.47869988     200.789354039 1.75496132097e-08
    "BPM.33L3.B1"       1909.536124                 1     30.2411804252 1.48323969742e-08        31.8822171       4.592992385      35.781203833 1.75496132097e-08
    "BPM.32L3.B1"        1962.98464                 1     148.434298889 1.48323969742e-08       162.7451403       4.738917489     175.626672956 1.75496132097e-08
    "BPM.31L3.B1"       2016.433156                 1     32.1219286535 1.48323969742e-08       34.56048233       4.854244488     38.0064951334 1.75496132097e-08
    "BPM.30L3.B1"       2069.881672                 1     162.428801215 1.48323969742e-08       178.4762713         4.9840099     192.184893676 1.75496132097e-08
    "BPM.29L3.B1"       2123.330188                 1     28.3403756971 1.48323969742e-08       31.76040305       5.098790731     33.5321817887 1.75496132097e-08
    "BPM.28L3.B1"       2176.778704                 1     148.001398212 1.48323969742e-08       163.3316918       5.244739765     175.114467178 1.75496132097e-08
    "BPM.27L3.B1"        2230.22722                 1     32.6529852789 1.48323969742e-08       34.67886535       5.359573959     38.6348385081 1.75496132097e-08
    "BPM.26L3.B1"       2283.675735                 1     164.470415043 1.48323969742e-08       177.8711626       5.489337398     194.600520298 1.75496132097e-08
    "BPM.25L3.B1"       2337.124251                 1     30.9544940752 1.48323969742e-08       31.64559612       5.604610723     36.6251927497 1.75496132097e-08
    "BPM.24L3.B1"       2390.572767                 1     150.815545315 1.48323969742e-08       163.9546162       5.750540516     178.444151062 1.75496132097e-08
    "BPM.23L3.B1"       2444.021283                 1     32.7010922266 1.48323969742e-08       34.78995551       5.864885818     38.6917583927 1.75496132097e-08
    "BPM.22L3.B1"       2497.469799                 1     167.922109871 1.48323969742e-08       177.2311858       5.994683583     198.684547259 1.75496132097e-08
    "BPM.21L3.B1"       2550.918315                 1     29.3779001867 1.48323969742e-08       31.53835885       6.110451177     34.7597752464 1.75496132097e-08
    "BPM.20L3.B1"       2604.366831                 1     147.037182358 1.48323969742e-08       163.1672425       6.257193088     173.973612108 1.75496132097e-08
    "BPM.19L3.B1"       2657.815347                 1     32.0320535711 1.48323969742e-08       36.36702505         6.3688608      37.900155414 1.75496132097e-08
    "BPM.18L3.B1"       2711.263863                 1      173.48193916 1.48323969742e-08       177.2510812       6.494953214     205.262907702 1.75496132097e-08
    "BPM.17L3.B1"       2764.712379                 1     32.6336883581 1.48323969742e-08       31.53213964        6.61075335     38.6120064941 1.75496132097e-08
    "BPM.16L3.B1"       2818.160894                 1     146.379508488 1.48323969742e-08       163.2140611        6.75748585     173.195455883 1.75496132097e-08
    "BPM.15L3.B1"        2871.60941                 1     35.6494732745 1.48323969742e-08        36.3732291       6.869122804     42.1802671668 1.75496132097e-08
    "BPM.13L3.B1"       2978.506442                 1     30.3948840723 1.48323969742e-08       31.52595076       7.111055582     35.9630651708 1.75496132097e-08
    "BPM.12L3.B1"       3031.954958                 1     161.528057142 1.48323969742e-08       165.7149525       7.256303633     191.119138079 1.75496132097e-08
    "BPM.11L3.B1"       3085.403474                 1     27.2826034295 1.48323969742e-08       29.93219266       7.380910847     32.2806312678 1.75496132097e-08
    "BPM.10L3.B1"       3138.184185                 1     165.645509282 1.48323969742e-08       175.9864401       7.522174718     195.990885551 1.75496132097e-08
     "BPM.9L3.B1"       3177.249195                 1     47.9497059519 1.48323969742e-08       53.24474648       7.583522769     56.7338370485 1.75496132097e-08
     "BPM.8L3.B1"       3217.712206                 1     149.364157199 1.48323969742e-08       164.2959028       7.664417355     176.726876364 1.75496132097e-08
     "BPM.7L3.B1"       3256.776216                 1     49.8081127266 1.48323969742e-08       55.13891143       7.727166632     58.9326940599 1.75496132097e-08
     "BPM.6L3.B1"       3329.415216                 1     188.016029214 1.48323969742e-08       213.7359192       7.840624224      222.45956575 1.75496132097e-08
  "BPMWG.A5L3.B1"       3371.119716                 1     58.3772850928 1.48323969742e-08       72.68014082        7.89492617      69.071693226 1.75496132097e-08
    "BPMW.5L3.B1"       3400.089716                 1     45.4817155001 1.48323969742e-08       59.65413939        7.97317682     53.8137238726 1.75496132097e-08
   "BPMWE.4L3.B1"       3475.217716                 1     221.331791349 1.48323969742e-08       265.9798231       8.074883532     261.878598309 1.75496132097e-08
    "BPMW.4L3.B1"       3502.762716                 1     212.879956055 1.48323969742e-08       241.6652601        8.09056014     251.878431744 1.75496132097e-08
    "BPMW.4R3.B1"       3547.727716                 1     37.6535391456 1.48323969742e-08       41.47047719       8.164697911     44.5514672463 1.75496132097e-08
   "BPMWE.4R3.B1"       3575.272716                 1     25.8219999156 1.48323969742e-08         31.195122       8.317993867     30.5524529587 1.75496132097e-08
    "BPMW.5R3.B1"       3650.400716                 1     300.096766716 1.48323969742e-08       370.9335428        8.44104824     355.072898231 1.75496132097e-08
  "BPMWJ.A5R3.B1"       3679.118716                 1     260.686778446 1.48323969742e-08       321.7697782       8.452900622     308.443209723 1.75496132097e-08
   "BPMWC.6R3.B1"       3718.936716                 1      56.918242339 1.48323969742e-08       67.31857841       8.496502549     67.3453616001 1.75496132097e-08
    "BPMR.6R3.B1"       3731.015216                 1     34.7472235295 1.48323969742e-08       40.00073496       8.535692106     41.1127300674 1.75496132097e-08
     "BPM.8R3.B1"       3825.903227                 1     29.6945160362 1.48323969742e-08       36.56673345       8.844918955     35.1343934356 1.75496132097e-08
     "BPM.9R3.B1"       3864.968238                 1     118.535721098 1.48323969742e-08       137.0512693       8.943146289     140.250834738 1.75496132097e-08
    "BPM.10R3.B1"       3905.431248                 1     49.2825052642 1.48323969742e-08       56.04345033       9.014379317     58.3107981059 1.75496132097e-08
    "BPM.11R3.B1"       3958.211959                 1     165.087198111 1.48323969742e-08       174.9530542       9.108657306     195.330294743 1.75496132097e-08
    "BPM.12R3.B1"       4012.935475                 1      42.758842871 1.48323969742e-08       40.18104704       9.215857112     50.5920354603 1.75496132097e-08
    "BPM.13R3.B1"       4066.383991                 1     166.942857668 1.48323969742e-08       175.7486142       9.334770036     197.525901261 1.75496132097e-08
    "BPM.14R3.B1"       4119.832506                 1     31.0574642198 1.48323969742e-08       35.31549583       9.443591792     36.7470264772 1.75496132097e-08
    "BPM.15R3.B1"       4173.281022                 1     149.505111874 1.48323969742e-08       164.1278919       9.578755936     176.893653185 1.75496132097e-08
    "BPM.16R3.B1"       4226.729538                 1     20.8894342646 1.48323969742e-08       32.41322503        9.69813407     24.7162675156 1.75496132097e-08
    "BPM.17R3.B1"       4280.178054                 1     120.496326864 1.48323969742e-08       175.4469962       9.835041729     142.570613052 1.75496132097e-08
    "BPM.18R3.B1"        4333.62657                 1     31.9550183404 1.48323969742e-08       35.31217894       9.943861633     37.8090077388 1.75496132097e-08
    "BPM.19R3.B1"       4387.075086                 1     154.647006004 1.48323969742e-08       164.1047179       10.07904705     182.977514971 1.75496132097e-08
    "BPM.20R3.B1"       4440.523602                 1      31.573767182 1.48323969742e-08       32.41655101       10.19842804     37.3579133959 1.75496132097e-08
    "BPM.22R3.B1"       4547.420634                 1     30.1601389351 1.48323969742e-08       35.30884388        10.4441315     35.6853159729 1.75496132097e-08
    "BPM.23R3.B1"        4600.86915                 1     156.503990741 1.48323969742e-08       165.7445369       10.57846921     185.174689436 1.75496132097e-08
    "BPM.25R3.B1"       4707.766181                 1     164.631366244 1.48323969742e-08       176.1204225       10.84071451     194.790956903 1.75496132097e-08
    "BPM.27R3.B1"       4814.663213                 1     158.088852054 1.48323969742e-08       165.0409475       11.08420858     187.049888911 1.75496132097e-08
    "BPM.28R3.B1"       4868.111729                 1     31.4830286135 1.48323969742e-08       31.15148108       11.20613189     37.2505520042 1.75496132097e-08
    "BPM.30R3.B1"       4975.008761                 1     31.5988352994 1.48323969742e-08       35.19795088       11.45459801     37.3875738591 1.75496132097e-08
    "BPM.31R3.B1"       5028.457277                 1     163.176128502 1.48323969742e-08       164.3653558       11.58997198     193.069127346 1.75496132097e-08
    "BPM.32R3.B1"       5081.905793                 1      29.260676819 1.48323969742e-08       31.21695227       11.71204874     34.6210771812 1.75496132097e-08
    "BPM.33R3.B1"       5135.354309                 1     155.452613802 1.48323969742e-08       177.4707782       11.85145219     183.930705833 1.75496132097e-08
    "BPM.34R3.B1"       5188.802825                 1     31.9331619518 1.48323969742e-08       35.12760163       11.95984513      37.783147376 1.75496132097e-08
    "BPM.33L4.B1"        5242.25134                 1     153.235154386 1.48323969742e-08       163.7210719       12.09575858     181.307019646 1.75496132097e-08
    "BPM.32L4.B1"       5295.699856                 1      28.776315487 1.48323969742e-08       31.29209337       12.21795228     34.0479834294 1.75496132097e-08
    "BPM.31L4.B1"       5349.148372                 1     167.806752279 1.48323969742e-08        178.098214       12.35679135      198.54805677 1.75496132097e-08
    "BPM.30L4.B1"       5402.596888                 1     31.9953606711 1.48323969742e-08       35.04776075       12.46510348     37.8567405699 1.75496132097e-08
    "BPM.29L4.B1"       5456.045404                 1     159.792472775 1.48323969742e-08       163.1112529       12.60156739     189.065603887 1.75496132097e-08
    "BPM.28L4.B1"        5509.49392                 1     28.0995132914 1.48323969742e-08        31.3765362       12.72384078     33.2471946714 1.75496132097e-08
    "BPM.27L4.B1"       5562.942436                 1     166.130386456 1.48323969742e-08       178.6896691       12.86211227     196.564589644 1.75496132097e-08
    "BPM.26L4.B1"       5616.390952                 1     31.5022849109 1.48323969742e-08       34.95881945       12.97037452      37.273335953 1.75496132097e-08
    "BPM.25L4.B1"       5669.839468                 1     149.582029035 1.48323969742e-08       162.5388866        13.1073973     176.984661161 1.75496132097e-08
    "BPM.24L4.B1"       5723.287984                 1     29.7012335661 1.48323969742e-08         31.469867       13.22971261     35.1423415812 1.75496132097e-08
    "BPM.23L4.B1"         5776.7365                 1     163.642930692 1.48323969742e-08       179.2422452       13.36741618     193.621445214 1.75496132097e-08
    "BPM.22L4.B1"       5830.185015                 1     32.1419654131 1.48323969742e-08       34.86121351       13.47565965     38.0302025208 1.75496132097e-08
    "BPM.21L4.B1"       5883.633531                 1     153.752625455 1.48323969742e-08       162.0067777       13.61324706     181.919288663 1.75496132097e-08
    "BPM.20L4.B1"       5937.082047                 1     30.4406748977 1.48323969742e-08       32.88428042       13.73251994     36.0172446318 1.75496132097e-08
    "BPM.19L4.B1"       5990.530563                 1     164.482039929 1.48323969742e-08       177.5667392       13.86701995       194.6142748 1.75496132097e-08
    "BPM.18L4.B1"       6043.979079                 1     31.0843935424 1.48323969742e-08       34.84092437       13.97593236     36.7788891084 1.75496132097e-08
    "BPM.17L4.B1"       6097.427595                 1      154.75551929 1.48323969742e-08       161.9930993       14.11354197     183.105907314 1.75496132097e-08
    "BPM.16L4.B1"       6150.876111                 1     33.1618080364 1.48323969742e-08       32.88934887        14.2328097     39.2368748884 1.75496132097e-08
    "BPM.15L4.B1"       6204.324627                 1     167.127821738 1.48323969742e-08       177.5803688         14.367289     197.744749765 1.75496132097e-08
    "BPM.14L4.B1"       6257.773143                 1     32.4843630108 1.48323969742e-08        34.8358498       14.47620588     38.4353255373 1.75496132097e-08
    "BPM.13L4.B1"       6311.221659                 1     158.000774206 1.48323969742e-08       161.9795185       14.61383691      186.94567567 1.75496132097e-08
    "BPM.12L4.B1"       6364.670174                 1     30.7837986074 1.48323969742e-08       32.08291075       14.73495331     36.4232267802 1.75496132097e-08
    "BPM.11L4.B1"        6418.11869                 1     162.790964567 1.48323969742e-08       175.7375792       14.87260648     192.613403428 1.75496132097e-08
    "BPM.10L4.B1"       6469.957401                 1     33.6324018572 1.48323969742e-08       33.06663816       14.98203498     39.7936789942 1.75496132097e-08
     "BPM.9L4.B1"       6509.022412                 1     94.8556860069 1.48323969742e-08       105.8483827       15.10815527     112.232743167 1.75496132097e-08
     "BPM.8L4.B1"       6549.485422                 1     21.4710428941 1.48323969742e-08       20.19056672       15.24715149     25.4044237526 1.75496132097e-08
     "BPM.7L4.B1"       6588.549433                 1     93.1700347288 1.48323969742e-08       110.5800885        15.4185443     110.238289541 1.75496132097e-08
   "BPMYB.6L4.B1"       6685.153433                 1     105.372720926 1.48323969742e-08       133.8799566       15.55303491     124.676442945 1.75496132097e-08
   "BPMYA.5L4.B1"       6722.153433                 1     356.447917802 1.48323969742e-08         424.29007       15.57904232     421.747280476 1.75496132097e-08
  "BPMWI.A5L4.B1"       6798.755933                 1     264.101911271 1.48323969742e-08       318.5810442       15.61111939     312.483976716 1.75496132097e-08
  "BPMWA.B5L4.B1"       6824.619933                 1      242.61481031 1.48323969742e-08       283.4316006       15.62483513     287.060553145 1.75496132097e-08
  "BPMWA.A5L4.B1"       6833.504933                 1     225.738850803 1.48323969742e-08       272.8601656       15.62992091     267.093007616 1.75496132097e-08
  "BPMWA.A5R4.B1"       6881.553933                 1     186.598599649 1.48323969742e-08       229.0117166       15.66070432     220.782470629 1.75496132097e-08
  "BPMWA.B5R4.B1"       6890.438933                 1     179.837482885 1.48323969742e-08       223.3666447       15.66695823     212.782753235 1.75496132097e-08
   "BPMYB.5R4.B1"       6992.829433                 1     195.870346927 1.48323969742e-08       231.6295468       15.74447957     231.752752694 1.75496132097e-08
   "BPMYA.6R4.B1"       7024.393433                 1     430.735451369 1.48323969742e-08        515.870197       15.75903249     509.643895075 1.75496132097e-08
     "BPM.7R4.B1"       7120.909433                 1     20.0355855806 1.48323969742e-08       21.54511547       15.92616669     23.7059982942 1.75496132097e-08
     "BPM.8R4.B1"       7158.698443                 1     102.233496895 1.48323969742e-08       111.1705448       16.07955285     120.962129769 1.75496132097e-08
     "BPM.9R4.B1"       7197.763454                 1     18.1106997135 1.48323969742e-08       19.84176826       16.21148303     21.4284835743 1.75496132097e-08
    "BPM.10R4.B1"       7238.226465                 1      142.00934184 1.48323969742e-08       148.9304019       16.37108623     168.024697949 1.75496132097e-08
    "BPM.11R4.B1"       7290.065175                 1     29.8500605108 1.48323969742e-08       32.50178677       16.48830677     35.3184328305 1.75496132097e-08
    "BPM.12R4.B1"       7344.788691                 1     152.579401548 1.48323969742e-08       174.4131392       16.62792159     180.531136376 1.75496132097e-08
    "BPM.13R4.B1"       7398.237207                 1     31.9780689521 1.48323969742e-08       35.75236044       16.73639002     37.8362810999 1.75496132097e-08
    "BPM.14R4.B1"       7451.685723                 1     159.969291185 1.48323969742e-08       168.3439607       16.86842681     189.274814489 1.75496132097e-08
    "BPM.15R4.B1"       7505.134239                 1     30.6891209617 1.48323969742e-08       31.36606306       16.98837996     36.3112046933 1.75496132097e-08
    "BPM.16R4.B1"       7558.582755                 1     160.023208473 1.48323969742e-08        175.774888       17.12847014     189.338609138 1.75496132097e-08
    "BPM.17R4.B1"       7612.031271                 1     35.8858688152 1.48323969742e-08       35.76582385       17.23636302     42.4599691132 1.75496132097e-08
    "BPM.18R4.B1"       7665.479786                 1     155.562856132 1.48323969742e-08       168.3479905       17.36839671     184.061143971 1.75496132097e-08
    "BPM.19R4.B1"       7718.928302                 1     29.3216398291 1.48323969742e-08       31.36590685       17.48834844     34.6932082905 1.75496132097e-08
    "BPM.20R4.B1"       7772.376818                 1     160.230663837 1.48323969742e-08       175.7708579       17.62844131     189.584069221 1.75496132097e-08
    "BPM.21R4.B1"       7825.825334                 1       31.73883579 1.48323969742e-08        35.7659799       17.73633538     37.5532216949 1.75496132097e-08
    "BPM.22R4.B1"        7879.27385                 1     156.952499841 1.48323969742e-08       168.3520209       17.86836661     185.705363017 1.75496132097e-08
    "BPM.23R4.B1"       7932.722366                 1     29.5955742583 1.48323969742e-08        31.3665894       17.98831494     35.0173260502 1.75496132097e-08
    "BPM.24R4.B1"       7986.170882                 1     151.151420763 1.48323969742e-08       175.7685136       18.12840706     178.841557106 1.75496132097e-08
    "BPM.25R4.B1"       8039.619398                 1     36.1472658062 1.48323969742e-08       35.76619259       18.23630162     42.7692526426 1.75496132097e-08
    "BPM.26R4.B1"       8093.067914                 1     163.217795368 1.48323969742e-08       168.3569433       18.36832984      193.11842736 1.75496132097e-08
    "BPM.27R4.B1"        8146.51643                 1      29.060140837 1.48323969742e-08       31.36639928       18.48827645      34.383804074 1.75496132097e-08
    "BPM.28R4.B1"       8199.964946                 1     161.772353342 1.48323969742e-08       175.7635908       18.62837185     191.408188044 1.75496132097e-08
    "BPM.29R4.B1"       8253.413461                 1     32.9402686032 1.48323969742e-08       35.76638249       18.73626786     38.9747506094 1.75496132097e-08
    "BPM.30R4.B1"       8306.861977                 1     159.154243269 1.48323969742e-08       168.3618665       18.86829308      188.31045413 1.75496132097e-08
    "BPM.31R4.B1"       8360.310493                 1     32.1678124821 1.48323969742e-08        31.3662096       18.98823795     38.0607846354 1.75496132097e-08
    "BPM.32R4.B1"       8413.759009                 1      154.81905559 1.48323969742e-08       175.7586672       19.12833663     183.181083126 1.75496132097e-08
    "BPM.33R4.B1"       8467.207525                 1      30.578511482 1.48323969742e-08       35.76657194        19.2362341     36.1803321452 1.75496132097e-08
    "BPM.34R4.B1"       8520.656041                 1     157.226444681 1.48323969742e-08       168.3667905       19.36825631     186.029493094 1.75496132097e-08
    "BPM.33L5.B1"       8574.104557                 1     29.0319500144 1.48323969742e-08       31.36602038       19.48819945     34.3504488425 1.75496132097e-08
    "BPM.32L5.B1"       8627.553073                 1     152.564438325 1.48323969742e-08       175.7537429       19.62830141      180.51343197 1.75496132097e-08
    "BPM.31L5.B1"       8681.001589                 1     32.2873140524 1.48323969742e-08       35.76676093       19.73620034     38.2021782578 1.75496132097e-08
    "BPM.30L5.B1"       8734.450105                 1     157.230604237 1.48323969742e-08       168.3717152       19.86821955     186.034414659 1.75496132097e-08
    "BPM.29L5.B1"        8787.89862                 1     28.2499138774 1.48323969742e-08       31.36583161       19.98816096     33.4251478448 1.75496132097e-08
    "BPM.28L5.B1"       8841.347136                 1     160.635253257 1.48323969742e-08       175.7488178       20.12826619     190.062777271 1.75496132097e-08
    "BPM.27L5.B1"       8894.795652                 1     30.8874545901 1.48323969742e-08       35.76694948       20.23616658     36.5458719876 1.75496132097e-08
    "BPM.26L5.B1"       8948.244168                 1     161.558452888 1.48323969742e-08       168.3766406       20.36818279     191.155102164 1.75496132097e-08
    "BPM.25L5.B1"       9001.692684                 1     20.4386909393 1.48323969742e-08        31.3656433       20.48812246     24.1829504106 1.75496132097e-08
    "BPM.24L5.B1"         9055.1412                 1     156.886866421 1.48323969742e-08        175.743892       20.62823098     185.627705903 1.75496132097e-08
    "BPM.23L5.B1"       9108.589716                 1     32.1087160063 1.48323969742e-08       35.76713757       20.73613282     37.9908619996 1.75496132097e-08
    "BPM.22L5.B1"       9162.038232                 1     164.483156184 1.48323969742e-08       168.3815669       20.86814603     194.615595548 1.75496132097e-08
    "BPM.21L5.B1"       9215.486748                 1     29.2237373329 1.48323969742e-08       31.36545543       20.98808396     34.5773705778 1.75496132097e-08
    "BPM.20L5.B1"       9268.935264                 1     164.191916902 1.48323969742e-08       175.7367281       21.12819692     194.271002779 1.75496132097e-08
    "BPM.19L5.B1"       9322.383779                 1     30.6935883688 1.48323969742e-08       35.76631454       21.23610284     36.3164905056 1.75496132097e-08
    "BPM.17L5.B1"       9429.280811                 1     31.6936800873 1.48323969742e-08       31.36530202       21.48805244     37.4997937077 1.75496132097e-08
    "BPM.16L5.B1"       9482.729327                 1     158.929034076 1.48323969742e-08       175.7326949       21.62816809      188.04398781 1.75496132097e-08
    "BPM.15L5.B1"       9536.177843                 1     33.4804733459 1.48323969742e-08        35.7664678        21.7360752     39.6139179877 1.75496132097e-08
    "BPM.14L5.B1"       9589.626359                 1     166.862987158 1.48323969742e-08       168.3895931       21.86808584     197.431398899 1.75496132097e-08
    "BPM.13L5.B1"       9643.074875                 1      31.047485307 1.48323969742e-08       31.36514891       21.98802093     36.7352194806 1.75496132097e-08
    "BPM.12L5.B1"       9696.523391                 1     161.195689026 1.48323969742e-08       172.3651049       22.12993182     190.725881892 1.75496132097e-08
    "BPM.11L5.B1"       9749.971907                 1     35.4057680808 1.48323969742e-08       40.09649446        22.2320436     41.8919164779 1.75496132097e-08
    "BPM.10L5.B1"       9802.752617                 1     146.344098524 1.48323969742e-08       148.5657784       22.35895129     173.153559002 1.75496132097e-08
     "BPM.9L5.B1"       9841.817628                 1     18.1371314874 1.48323969742e-08       19.94999097       22.47176515     21.4597575086 1.75496132097e-08
     "BPM.8L5.B1"       9882.280639                 1       118.1513348 1.48323969742e-08       123.6463183       22.65981144     139.796030915 1.75496132097e-08
    "BPMR.5L5.B1"       9990.140649                 1     377.403854782 1.48323969742e-08       452.1118489       22.87128183     446.542233652 1.75496132097e-08
   "BPMYA.4L5.B1"       10017.54665                 1     819.659328806 1.48323969742e-08       1026.060262       22.87781266     969.816558258 1.75496132097e-08
   "BPMWB.4L5.B1"       10038.68115                 1     1045.79043467 1.48323969742e-08       1278.157626       22.88069495     1237.37367998 1.75496132097e-08
   "BPMSY.4L5.B1"       10131.46115                 1     2036.94436049 1.48323969742e-08       2399.160588       22.88913132     2410.10173328 1.75496132097e-08
    "BPMS.2L5.B1"       10158.24665                 1     2963.10928551 1.48323969742e-08       3752.328769       22.89031483      3505.9351465 1.75496132097e-08
   "BPMSW.1L5.B1"       10168.21165                 1     972.052185747 1.48323969742e-08       1121.108197        22.8911824     1150.12697605 1.75496132097e-08
   "BPMSW.1R5.B1"       10211.33965                 1      996.14927777 1.48323969742e-08       1125.962039       23.38507157     1178.63852716 1.75496132097e-08
   "BPMWB.4R5.B1"       10340.87015                 1      683.46117737 1.48323969742e-08       785.7236725       23.39536389     808.667629887 1.75496132097e-08
   "BPMYA.4R5.B1"       10362.00265                 1     297.214278699 1.48323969742e-08       353.8292001       23.40186474     351.662353741 1.75496132097e-08
     "BPM.5R5.B1"       10383.12065                 1      147.42297115 1.48323969742e-08       159.9402018       23.41601191     174.430075355 1.75496132097e-08
    "BPMR.6R5.B1"       10415.02065                 1     7.22885456135 1.48323969742e-08       8.300261333         23.581167     8.55314226833 1.75496132097e-08
   "BPM_A.7R5.B1"       10449.03465                 1     125.934715889 1.48323969742e-08       141.4078201       23.84321808     149.005286021 1.75496132097e-08
     "BPM.8R5.B1"       10490.47364                 1       18.22744011 1.48323969742e-08       17.30997942       23.96315398     21.5666101905 1.75496132097e-08
     "BPM.9R5.B1"       10529.54063                 1     98.2467314807 1.48323969742e-08        116.202738       24.16977302     116.245010136 1.75496132097e-08
    "BPM.10R5.B1"       10570.00562                 1     35.1649811111 1.48323969742e-08       40.40930468       24.25605254     41.6070186159 1.75496132097e-08
    "BPM.11R5.B1"       10622.78831                 1      172.20872367 1.48323969742e-08       177.3831489       24.37468068     203.756445907 1.75496132097e-08
    "BPM.12R5.B1"       10677.51479                 1     31.8204263715 1.48323969742e-08       32.60852176       24.49276643      37.649759237 1.75496132097e-08
    "BPM.13R5.B1"       10730.96627                 1     158.931488857 1.48323969742e-08       175.9434467       24.62914192     188.046892295 1.75496132097e-08
    "BPM.14R5.B1"       10784.41776                 1     31.8321191824 1.48323969742e-08       35.75922259        24.7370135     37.6635941087 1.75496132097e-08
    "BPM.15R5.B1"       10837.86924                 1     159.743328885 1.48323969742e-08       168.2627331         24.869117     189.007457098 1.75496132097e-08
    "BPM.16R5.B1"       10891.32073                 1     31.2849873746 1.48323969742e-08       31.36724834       24.98911164     37.0162306638 1.75496132097e-08
    "BPM.17R5.B1"       10944.77221                 1     162.734510461 1.48323969742e-08       175.8858141       25.12914818     192.546607229 1.75496132097e-08
    "BPM.18R5.B1"        10998.2237                 1     30.8265042592 1.48323969742e-08       35.75918637       25.23701962     36.4737558802 1.75496132097e-08
    "BPM.19R5.B1"       11051.67518                 1      157.79537651 1.48323969742e-08       168.2618434       25.36912367     186.702650208 1.75496132097e-08
    "BPM.20R5.B1"       11105.12666                 1     28.9068298588 1.48323969742e-08       31.36728456       25.48911862     34.2024073399 1.75496132097e-08
    "BPM.21R5.B1"       11158.57815                 1     156.871252989 1.48323969742e-08       175.8867038       25.62915456     185.609232174 1.75496132097e-08
    "BPM.22R5.B1"       11212.02963                 1     32.2914550277 1.48323969742e-08       35.75915015       25.73702574     38.2070778377 1.75496132097e-08
    "BPM.23R5.B1"       11265.48112                 1     163.741816354 1.48323969742e-08       168.2634146       25.86912912     193.738446204 1.75496132097e-08
    "BPM.24R5.B1"        11318.9326                 1     29.3145843129 1.48323969742e-08       31.36816637       25.98912128     34.6848602413 1.75496132097e-08
    "BPM.25R5.B1"       11372.38408                 1     151.922956706 1.48323969742e-08       175.8867456       26.12915456     179.754434331 1.75496132097e-08
    "BPM.26R5.B1"       11425.83557                 1     32.7942643304 1.48323969742e-08       35.75915015       26.23702574     38.8019991304 1.75496132097e-08
    "BPM.27R5.B1"       11479.28705                 1     163.450922143 1.48323969742e-08       168.2634146       26.36912912     193.394261721 1.75496132097e-08
    "BPM.28R5.B1"       11532.73854                 1      29.496689835 1.48323969742e-08       31.36816637       26.48912128     34.9003265264 1.75496132097e-08
    "BPM.29R5.B1"       11586.19002                 1     167.842217821 1.48323969742e-08       175.8867456       26.62915456      198.59001941 1.75496132097e-08
    "BPM.30R5.B1"        11639.6415                 1     33.9365226448 1.48323969742e-08       35.75915015       26.73702574     40.1535130926 1.75496132097e-08
    "BPM.31R5.B1"       11693.09299                 1     162.796598261 1.48323969742e-08       168.2634146       26.86912912     192.620069184 1.75496132097e-08
    "BPM.32R5.B1"       11746.54447                 1     28.1659898728 1.48323969742e-08       31.36816637       26.98912128     33.3258494089 1.75496132097e-08
    "BPM.33R5.B1"       11799.99596                 1     158.081764711 1.48323969742e-08       175.8867456       27.12915456     187.041503204 1.75496132097e-08
    "BPM.34R5.B1"       11853.44744                 1      34.103056541 1.48323969742e-08       35.75915015       27.23702574     40.3505551128 1.75496132097e-08
    "BPM.33L6.B1"       11906.89893                 1     161.737097827 1.48323969742e-08       168.2634146       27.36912912     191.366473906 1.75496132097e-08
    "BPM.32L6.B1"       11960.35041                 1     30.1675029289 1.48323969742e-08       31.36816637       27.48912128     35.6940290113 1.75496132097e-08
    "BPM.30L6.B1"       12067.25338                 1     33.2198650773 1.48323969742e-08       35.75915015       27.73702574     39.3055676704 1.75496132097e-08
    "BPM.29L6.B1"       12120.70486                 1      168.08992514 1.48323969742e-08       168.2634146       27.86912912     198.883105393 1.75496132097e-08
    "BPM.28L6.B1"       12174.15635                 1      30.627554254 1.48323969742e-08       31.36816637       27.98912128     36.2383592922 1.75496132097e-08
    "BPM.27L6.B1"       12227.60783                 1      162.57331787 1.48323969742e-08       175.8867456       28.12915456     192.355885013 1.75496132097e-08
    "BPM.26L6.B1"       12281.05931                 1     32.2484380231 1.48323969742e-08       35.75915015       28.23702574     38.1561803467 1.75496132097e-08
    "BPM.25L6.B1"        12334.5108                 1     157.732167992 1.48323969742e-08       168.2634146       28.36912912     186.627862226 1.75496132097e-08
    "BPM.24L6.B1"       12387.96228                 1     29.5599431096 1.48323969742e-08       31.36816637       28.48912128     34.9751674646 1.75496132097e-08
    "BPM.23L6.B1"       12441.41377                 1     59.9116626278 1.48323969742e-08       175.8867456       28.62915456     70.8871605645 1.75496132097e-08
    "BPM.22L6.B1"       12494.86525                 1     32.4802610388 1.48323969742e-08       35.75915015       28.73702574     38.4304721058 1.75496132097e-08
    "BPM.21L6.B1"       12548.31673                 1     163.003020922 1.48323969742e-08       168.2634146       28.86912912     192.864307378 1.75496132097e-08
    "BPM.20L6.B1"       12601.76822                 1     31.1562546831 1.48323969742e-08       31.36732828       28.98912326     36.8639148279 1.75496132097e-08
    "BPM.19L6.B1"        12655.2197                 1     157.929960534 1.48323969742e-08       175.8850565       29.12915998      186.86188931 1.75496132097e-08
    "BPM.18L6.B1"       12708.67119                 1     33.4600177203 1.48323969742e-08       35.75909161       29.23703186     39.5897150004 1.75496132097e-08
    "BPM.17L6.B1"       12762.12267                 1     162.740049515 1.48323969742e-08        168.262525       29.36913579     192.553161008 1.75496132097e-08
    "BPM.16L6.B1"       12815.57415                 1      28.203931682 1.48323969742e-08       31.36736448       29.48913024     33.3707419558 1.75496132097e-08
    "BPM.15L6.B1"       12869.02564                 1      158.56489149 1.48323969742e-08       175.8859462       29.62916636      187.61313624 1.75496132097e-08
    "BPM.14L6.B1"       12922.47712                 1     31.6014126397 1.48323969742e-08        35.7590554       29.73703798     37.3906233544 1.75496132097e-08
    "BPM.13L6.B1"       12975.92861                 1     158.895238496 1.48323969742e-08       168.2616353       29.86914246      188.00400106 1.75496132097e-08
    "BPM.12L6.B1"       13029.38009                 1     29.2218944054 1.48323969742e-08       30.78067222       29.99054813     34.5751900358 1.75496132097e-08
    "BPM.11L6.B1"       13082.83158                 1     159.131128367 1.48323969742e-08       181.7925202       30.12937556     188.283104701 1.75496132097e-08
    "BPM.10L6.B1"       13134.67226                 1     25.8917838041 1.48323969742e-08       31.60928228       30.23918814     30.6350208844 1.75496132097e-08
     "BPM.9L6.B1"       13173.73925                 1     123.729893698 1.48323969742e-08       134.0627938       30.35483346     146.396552132 1.75496132097e-08
     "BPM.8L6.B1"       13214.20424                 1      15.407300651 1.48323969742e-08       17.65558322       30.48355616     18.2298361823 1.75496132097e-08
   "BPMYA.5L6.B1"       13311.29423                 1     525.622697271 1.48323969742e-08       616.5545995       30.72800304     621.913979741 1.75496132097e-08
   "BPMYB.4L6.B1"       13347.69423                 1     202.135754415 1.48323969742e-08       240.3899517       30.74225348     239.165949509 1.75496132097e-08
   "BPMSA.4R6.B1"       13568.51473                 1     208.224999405 1.48323969742e-08       238.7515706       30.94882731     246.370711794 1.75496132097e-08
   "BPMYA.4R6.B1"       13691.29423                 1     445.887849512 1.48323969742e-08       539.4498459       31.00439961     527.572131965 1.75496132097e-08
   "BPMYB.5R6.B1"       13727.69423                 1       98.78314629 1.48323969742e-08       114.5906637       31.02665116     116.879693285 1.75496132097e-08
    "BPM.11R6.B1"       13954.79389                 1     35.6397028159 1.48323969742e-08       37.60485249       31.75018016     42.1687068122 1.75496132097e-08
    "BPM.12R6.B1"       14009.52037                 1     153.138933508 1.48323969742e-08        165.208622       31.88340212     181.193171615 1.75496132097e-08
    "BPM.13R6.B1"       14062.97186                 1     27.3060522444 1.48323969742e-08       30.92113284       32.00585345     32.3083757807 1.75496132097e-08
    "BPM.14R6.B1"       14116.42334                 1     168.885663863 1.48323969742e-08        180.174393       32.14513714     199.824619217 1.75496132097e-08
    "BPM.17R6.B1"       14276.77779                 1     29.0458947622 1.48323969742e-08       31.06505389       32.51529848      34.366948194 1.75496132097e-08
    "BPM.19R6.B1"       14383.68076                 1     32.5186775869 1.48323969742e-08       33.37112897       32.76435852     38.4759263613 1.75496132097e-08
    "BPM.20R6.B1"       14437.13225                 1     157.878246953 1.48323969742e-08       166.8548466       32.90378165     186.800702076 1.75496132097e-08
    "BPM.21R6.B1"       14490.58373                 1     29.7459690201 1.48323969742e-08       31.19560573       33.02470436     35.1952723324 1.75496132097e-08
    "BPM.22R6.B1"       14544.03522                 1     177.892772517 1.48323969742e-08       181.3783926       33.16260999      210.48178227 1.75496132097e-08
    "BPM.23R6.B1"        14597.4867                 1      31.643596528 1.48323969742e-08       34.73445384       33.27029924     37.4405351067 1.75496132097e-08
    "BPM.24R6.B1"       14650.93818                 1     153.085374994 1.48323969742e-08       165.0172788       33.40696396     181.129801466 1.75496132097e-08
    "BPM.25R6.B1"       14704.38967                 1     27.7498390193 1.48323969742e-08       31.24358054        33.5286392     32.8334619325 1.75496132097e-08
    "BPM.26R6.B1"       14757.84115                 1     168.168790028 1.48323969742e-08        181.757115       33.66616571     198.976417909 1.75496132097e-08
    "BPM.27R6.B1"       14811.29264                 1     32.3271844753 1.48323969742e-08       34.67069092       33.77383909       38.24935273 1.75496132097e-08
    "BPM.29R6.B1"        14918.1956                 1     29.9690963469 1.48323969742e-08       31.30922962       34.03256689     35.4592753987 1.75496132097e-08
    "BPM.30R6.B1"       14971.64709                 1     175.853343598 1.48323969742e-08       182.1172079       34.16971421      208.06874082 1.75496132097e-08
    "BPM.31R6.B1"       15025.09857                 1     31.8022605635 1.48323969742e-08        34.6031918       34.27738565     37.6282655497 1.75496132097e-08
    "BPM.32R6.B1"       15078.55006                 1     146.224269675 1.48323969742e-08       164.2972912       34.41480614     173.011778145 1.75496132097e-08
    "BPM.33R6.B1"       15132.00154                 1     27.9130121037 1.48323969742e-08       31.37854163       34.53648613     33.0265274581 1.75496132097e-08
    "BPM.34R6.B1"       15185.45302                 1     172.970258582 1.48323969742e-08       182.4578788       34.67325589     204.657489964 1.75496132097e-08
    "BPM.33L7.B1"       15238.90451                 1      33.752374845 1.48323969742e-08       34.53210505       34.78093931     39.9356303953 1.75496132097e-08
    "BPM.32L7.B1"       15292.35599                 1     152.277394982 1.48323969742e-08       163.9666154       34.91873966     180.173803813 1.75496132097e-08
    "BPM.31L7.B1"       15345.80748                 1     28.3266696024 1.48323969742e-08       31.45136399        35.0403965     33.5159648103 1.75496132097e-08
    "BPM.30L7.B1"       15399.25896                 1     170.237107014 1.48323969742e-08       182.7783776       35.17679116     201.423639566 1.75496132097e-08
    "BPM.29L7.B1"       15452.71045                 1     34.1116454624 1.48323969742e-08       34.45758715       35.28450048     40.3607174789 1.75496132097e-08
    "BPM.28L7.B1"       15506.16193                 1     152.524289809 1.48323969742e-08       163.6564699       35.42268088     180.465928459 1.75496132097e-08
    "BPM.27L7.B1"       15559.61341                 1     30.1149420224 1.48323969742e-08       31.52753642       35.54429762     35.6318392263 1.75496132097e-08
    "BPM.26L7.B1"        15613.0649                 1     167.336340201 1.48323969742e-08       183.0779991       35.68032044     197.991467701 1.75496132097e-08
    "BPM.25L7.B1"       15666.51638                 1     32.6179103082 1.48323969742e-08       34.37980212       35.78806953     38.5933379893 1.75496132097e-08
    "BPM.24L7.B1"       15719.96787                 1     146.844643751 1.48323969742e-08       163.3675374       35.92662932     173.745801452 1.75496132097e-08
    "BPM.23L7.B1"       15773.41935                 1     29.7420262451 1.48323969742e-08       31.60689124       36.04818912      35.190607262 1.75496132097e-08
    "BPM.22L7.B1"       15826.87083                 1     169.250803833 1.48323969742e-08       183.3560835       36.18384415     200.256650888 1.75496132097e-08
    "BPM.21L7.B1"       15880.32232                 1     32.8869360388 1.48323969742e-08       34.29892118       36.29164683     38.9116478029 1.75496132097e-08
    "BPM.20L7.B1"        15933.7738                 1     160.249978742 1.48323969742e-08       164.7209809       36.42969267     189.606922514 1.75496132097e-08
    "BPM.17L7.B1"       16094.12825                 1     32.8517454075 1.48323969742e-08       34.12112127       36.80020511      38.870010435 1.75496132097e-08
    "BPM.16L7.B1"       16147.57974                 1     166.862109048 1.48323969742e-08       163.7301776       36.93931177     197.430359923 1.75496132097e-08
    "BPM.15L7.B1"       16201.03122                 1     26.8695916451 1.48323969742e-08       30.58503181       37.06321315     31.7919579212 1.75496132097e-08
    "BPM.14L7.B1"       16254.48271                 1     169.277987481 1.48323969742e-08       185.2663559       37.20098379     200.288814436 1.75496132097e-08
    "BPM.13L7.B1"       16307.93419                 1     32.6556331071 1.48323969742e-08        33.9196374       37.30881116     38.6379714043 1.75496132097e-08
    "BPM.12L7.B1"       16361.38567                 1     143.649857122 1.48323969742e-08       157.7552839       37.45198433     169.965746906 1.75496132097e-08
    "BPM.11L7.B1"       16414.83716                 1     27.4572105969 1.48323969742e-08        30.8553783       37.57814193     32.4872255395 1.75496132097e-08
    "BPM.10L7.B1"       16467.61985                 1     149.105245303 1.48323969742e-08       170.4940859       37.71716338     176.420533185 1.75496132097e-08
     "BPM.9L7.B1"       16506.68684                 1     26.1070521438 1.48323969742e-08       26.66375875       37.80578493      30.889725239 1.75496132097e-08
     "BPM.7L7.B1"       16586.21782                 1     58.7015873545 1.48323969742e-08       66.70885309       38.09104468     69.4554059372 1.75496132097e-08
     "BPM.6L7.B1"       16621.03582                 1     220.440896126 1.48323969742e-08       247.8545208       38.13718886     260.824495821 1.75496132097e-08
   "BPMWC.6L7.B1"       16633.13832                 1     215.371800362 1.48323969742e-08       247.1202554       38.14450228     254.826768674 1.75496132097e-08
   "BPMWE.5L7.B1"       16710.19232                 1     24.5632528538 1.48323969742e-08       29.43295422       38.32400472     29.0631101302 1.75496132097e-08
    "BPMW.5L7.B1"       16733.39732                 1     52.6158470407 1.48323969742e-08       62.30021128       38.42324199     62.2547903667 1.75496132097e-08
   "BPMWE.4L7.B1"       16768.48232                 1     217.593724767 1.48323969742e-08       259.6044069       38.46772666     257.455737812 1.75496132097e-08
    "BPMW.4L7.B1"       16796.58732                 1     281.560312349 1.48323969742e-08       320.5143308        38.4819178     333.140664015 1.75496132097e-08
    "BPMW.4R7.B1"       16912.63432                 1     42.6534476731 1.48323969742e-08       48.45390015       38.67253895     50.4673324227 1.75496132097e-08
    "BPMW.5R7.B1"       16975.82432                 1     288.884902698 1.48323969742e-08       325.7181849       38.77511741     341.807080358 1.75496132097e-08
   "BPMWE.5R7.B1"       16999.02932                 1     304.037211675 1.48323969742e-08       366.4415632       38.78503605     359.735211748 1.75496132097e-08
    "BPMR.6R7.B1"       17078.24482                 1     53.9824762309 1.48323969742e-08       57.75897841       38.87667637     63.8717787557 1.75496132097e-08
   "BPM_A.7R7.B1"       17116.28082                 1     111.720379241 1.48323969742e-08       119.6841796        38.9609361     132.186958502 1.75496132097e-08
     "BPM.9R7.B1"        17194.4138                 1     107.061791653 1.48323969742e-08       114.3210552       39.27604755     126.674942446 1.75496132097e-08
    "BPM.10R7.B1"       17234.87878                 1     32.7007920111 1.48323969742e-08       33.98479034       39.37414015     38.6914031793 1.75496132097e-08
    "BPM.11R7.B1"       17287.66147                 1     156.642874285 1.48323969742e-08       169.0736537       39.50824619     185.339015706 1.75496132097e-08
    "BPM.12R7.B1"       17342.38796                 1     30.7301469152 1.48323969742e-08       31.79964567        39.6312589     36.3597463833 1.75496132097e-08
    "BPM.13R7.B1"       17395.83944                 1     166.527828501 1.48323969742e-08       181.8565373       39.76702564     197.034840958 1.75496132097e-08
    "BPM.14R7.B1"       17449.29093                 1      29.951123139 1.48323969742e-08       31.89532697       39.88014641     35.4380095948 1.75496132097e-08
    "BPM.15R7.B1"       17502.74241                 1     151.494486329 1.48323969742e-08       166.2318675       40.02439181      179.24747046 1.75496132097e-08
    "BPM.16R7.B1"       17556.19389                 1     30.3221965841 1.48323969742e-08       32.68635289       40.14213283     35.8770617213 1.75496132097e-08
    "BPM.17R7.B1"       17609.64538                 1     161.066304847 1.48323969742e-08       181.5111463       40.27571873      190.57279522 1.75496132097e-08
    "BPM.18R7.B1"       17663.09686                 1     28.9072549585 1.48323969742e-08       31.72444772       40.38935114     34.2029103156 1.75496132097e-08
    "BPM.19R7.B1"       17716.54835                 1     163.514684551 1.48323969742e-08       166.6584227       40.53388246     193.469705063 1.75496132097e-08
    "BPM.20R7.B1"       17769.99983                 1     29.8714570366 1.48323969742e-08       32.85409508       40.65106751      35.343749086 1.75496132097e-08
    "BPM.23R7.B1"       17930.35428                 1      151.81062394 1.48323969742e-08       165.6863453       41.04422441     179.621522799 1.75496132097e-08
    "BPM.24R7.B1"       17983.80577                 1     32.4846425545 1.48323969742e-08       34.42545946        41.1585411      38.435656292 1.75496132097e-08
    "BPM.25R7.B1"       18037.25725                 1     168.336661692 1.48323969742e-08       180.6948446       41.28800121     199.175042769 1.75496132097e-08
    "BPM.26R7.B1"       18090.70874                 1     29.8055461436 1.48323969742e-08       31.48284302       41.40250177     35.2657636681 1.75496132097e-08
    "BPM.27R7.B1"       18144.16022                 1     159.314058311 1.48323969742e-08        166.103156       41.54811612     188.499546438 1.75496132097e-08
    "BPM.28R7.B1"        18197.6117                 1     33.5912016149 1.48323969742e-08       34.50138657       41.66210552     39.7449310866 1.75496132097e-08
    "BPM.29R7.B1"       18251.06319                 1     172.252708297 1.48323969742e-08       180.2700031       41.79157832     203.808488284 1.75496132097e-08
    "BPM.30R7.B1"       18304.51467                 1     28.8130349798 1.48323969742e-08       31.40857721       41.90640831      34.091429738 1.75496132097e-08
    "BPM.31R7.B1"       18357.96616                 1     157.179625597 1.48323969742e-08       166.5357945        42.0519979     185.974097003 1.75496132097e-08
    "BPM.32R7.B1"       18411.41764                 1     33.6115259069 1.48323969742e-08        34.5739502       42.16566227     39.7689786808 1.75496132097e-08
    "BPM.33R7.B1"       18464.86912                 1     172.579509205 1.48323969742e-08       179.8298058       42.29516402      204.19515738 1.75496132097e-08
    "BPM.34R7.B1"       18518.32061                 1     29.2998961635 1.48323969742e-08        31.3377557       42.41032389     34.6674813011 1.75496132097e-08
    "BPM.33L8.B1"       18571.77209                 1     154.844815871 1.48323969742e-08       166.9833084       42.55586943     183.211562553 1.75496132097e-08
    "BPM.32L8.B1"       18625.22358                 1     33.0175580231 1.48323969742e-08       34.64299061       42.66921175     39.0661990399 1.75496132097e-08
    "BPM.31L8.B1"       18678.67506                 1     166.353069682 1.48323969742e-08       179.3752216       42.79875866     196.828067252 1.75496132097e-08
    "BPM.30L8.B1"       18732.12654                 1     29.5981648646 1.48323969742e-08       31.27053438       42.91424811     35.0203912418 1.75496132097e-08
    "BPM.29L8.B1"       18785.57803                 1     158.399302694 1.48323969742e-08       167.4447128       43.05973044     187.417212458 1.75496132097e-08
    "BPM.28L8.B1"       18839.02951                 1     32.9378878379 1.48323969742e-08       34.70835585       43.17275434     38.9719337005 1.75496132097e-08
    "BPM.27L8.B1"         18892.481                 1     156.233283684 1.48323969742e-08       178.9072511       43.30236256     184.854390285 1.75496132097e-08
    "BPM.25L8.B1"       18999.38397                 1     164.127961375 1.48323969742e-08       167.9189918       43.56358068     194.195330938 1.75496132097e-08
    "BPM.23L8.B1"       19106.28693                 1     159.919706973 1.48323969742e-08       178.4269245       43.80597602     189.216146713 1.75496132097e-08
    "BPM.22L8.B1"       19159.73842                 1     30.2679211138 1.48323969742e-08        31.1474759       43.92212072     35.8128432735 1.75496132097e-08
    "BPM.21L8.B1"        19213.1899                 1     160.119303147 1.48323969742e-08       168.4051017       44.06741991     189.452307845 1.75496132097e-08
    "BPM.20L8.B1"       19266.64139                 1      31.579046885 1.48323969742e-08       33.41318129       44.18266011     37.3641603124 1.75496132097e-08
    "BPM.19L8.B1"       19320.09287                 1     160.900241483 1.48323969742e-08       179.1839366       44.31544428      190.37630993 1.75496132097e-08
    "BPM.18L8.B1"       19373.54435                 1     30.4929159622 1.48323969742e-08       31.02641547       44.43153853     36.0790559815 1.75496132097e-08
    "BPM.15L8.B1"       19533.89881                 1     161.549884684 1.48323969742e-08        178.320841        44.8242808     191.144964311 1.75496132097e-08
    "BPM.14L8.B1"       19587.35029                 1     29.0229087558 1.48323969742e-08       30.90751204       44.94099408     34.3397512735 1.75496132097e-08
    "BPM.13L8.B1"       19640.80177                 1     150.844034745 1.48323969742e-08        170.128478        45.0860863     178.477859604 1.75496132097e-08
    "BPM.12L8.B1"       19694.25326                 1      29.853232123 1.48323969742e-08       33.45229143       45.20052808     35.3221854653 1.75496132097e-08
    "BPM.11L8.B1"       19747.70474                 1     161.002183817 1.48323969742e-08       173.7999312       45.33584777     190.496927558 1.75496132097e-08
    "BPM.10L8.B1"       19799.54543                 1     34.6772319594 1.48323969742e-08       34.49607754        45.4435696     41.0299164139 1.75496132097e-08
     "BPM.9L8.B1"       19838.61242                 1     104.941214877 1.48323969742e-08       113.1403981       45.56186395     124.165887284 1.75496132097e-08
     "BPM.8L8.B1"       19879.07741                 1     13.7701711596 1.48323969742e-08       15.71458834       45.71904613     16.2927932755 1.75496132097e-08
     "BPM.7L8.B1"        19918.1454                 1     137.031453469 1.48323969742e-08       151.8152984        45.8896479     162.134886905 1.75496132097e-08
    "BPMR.6L8.B1"        19950.6144                 1     12.5317880743 1.48323969742e-08       14.29912146       46.00867957     14.8275449957 1.75496132097e-08
   "BPMYB.4L8.B1"        20031.8004                 1     135.297801922 1.48323969742e-08       155.7587187       46.27344261     160.083639616 1.75496132097e-08
   "BPMWB.4L8.B1"        20056.1919                 1     196.642527446 1.48323969742e-08       236.1358085       46.29520455     232.666392577 1.75496132097e-08
    "BPMS.2L8.B1"        20144.3364                 1       172.8728002 1.48323969742e-08       198.0621234         46.332066     204.542177725 1.75496132097e-08
   "BPMSW.1L8.B1"        20154.2704                 1     141.719948984 1.48323969742e-08       159.0713072       46.33994893     167.682289861 1.75496132097e-08
   "BPMSW.1R8.B1"        20197.4604                 1     131.384114498 1.48323969742e-08       164.5874465       46.79694516     155.452985472 1.75496132097e-08
    "BPMS.2R8.B1"        20207.3944                 1     492.762364523 1.48323969742e-08       543.7863244       46.80287893      583.03380881 1.75496132097e-08
   "BPMSX.4R8.B1"        20245.3059                 1     275.480852436 1.48323969742e-08       341.3521851       46.81604825     325.947479382 1.75496132097e-08
   "BPMWB.4R8.B1"        20295.4629                 1     260.832944754 1.48323969742e-08       286.6764719       46.84167732     308.616152921 1.75496132097e-08
   "BPMYB.4R8.B1"        20319.9304                 1     193.442671057 1.48323969742e-08       221.1122661       46.85608363     228.880339516 1.75496132097e-08
   "BPMYB.5R8.B1"        20340.5074                 1     55.8774705639 1.48323969742e-08       63.35812232       46.88389401     66.1139259714 1.75496132097e-08
     "BPM.6R8.B1"        20424.6154                 1     139.271347757 1.48323969742e-08       151.2086882       47.24248404     164.785117913 1.75496132097e-08
   "BPM_A.7R8.B1"        20446.8554                 1     50.6306626189 1.48323969742e-08       51.94011794       47.28285626     59.9059307176 1.75496132097e-08
    "BPM.10R8.B1"       20567.82043                 1      168.95645268 1.48323969742e-08       183.5078849       47.72021445     199.908376169 1.75496132097e-08
    "BPM.11R8.B1"       20619.65914                 1     35.9741334928 1.48323969742e-08       38.23914355       47.81399887     42.5644034103 1.75496132097e-08
    "BPM.12R8.B1"       20674.38266                 1     144.805474598 1.48323969742e-08       153.5340576       47.95223819     171.333067356 1.75496132097e-08
    "BPM.13R8.B1"       20727.83117                 1     29.1076181903 1.48323969742e-08       32.76559303       48.07598801     34.4399790258 1.75496132097e-08
    "BPM.14R8.B1"       20781.27969                 1     165.267472194 1.48323969742e-08       183.3333075       48.20803824     195.543594079 1.75496132097e-08
    "BPM.15R8.B1"       20834.72821                 1     29.9017541959 1.48323969742e-08       34.29450056        48.3159251     35.3795965239 1.75496132097e-08
    "BPM.16R8.B1"       20888.17672                 1     141.373061333 1.48323969742e-08       160.7879665       48.45600172     167.271854237 1.75496132097e-08
    "BPM.17R8.B1"       20941.62524                 1     31.9932578944 1.48323969742e-08       32.83691656       48.57596202     37.8542525756 1.75496132097e-08
    "BPM.18R8.B1"       20995.07375                 1     160.945061243 1.48323969742e-08       183.3324982       48.70801059     190.429340432 1.75496132097e-08
    "BPM.19R8.B1"       21048.52227                 1     32.3663821522 1.48323969742e-08       34.29528616       48.81589627     38.2957312129 1.75496132097e-08
    "BPM.22R8.B1"       21208.86782                 1     177.507078627 1.48323969742e-08       183.3316873       49.20798295     210.025431311 1.75496132097e-08
    "BPM.23R8.B1"       21262.31633                 1     31.7669351002 1.48323969742e-08       34.29704845       49.31586564     37.5864686494 1.75496132097e-08
    "BPM.24R8.B1"       21315.76485                 1     146.988573005 1.48323969742e-08       160.7919766       49.45593276      173.91609778 1.75496132097e-08
    "BPM.25R8.B1"       21369.21337                 1     31.6717656197 1.48323969742e-08       32.83519232       49.57589514     37.4738646262 1.75496132097e-08
    "BPM.26R8.B1"       21422.66188                 1     172.789279092 1.48323969742e-08       183.3306935       49.70794919     204.443355994 1.75496132097e-08
    "BPM.27R8.B1"        21476.1104                 1     31.1306027963 1.48323969742e-08       34.29800761       49.81583043     36.8335636518 1.75496132097e-08
    "BPM.29R8.B1"       21583.00743                 1     30.9726375429 1.48323969742e-08       32.83423323       50.07585837     36.6466600043 1.75496132097e-08
    "BPM.30R8.B1"       21636.45594                 1      172.85754978 1.48323969742e-08       183.3296974       50.20791543     204.524133509 1.75496132097e-08
    "BPM.31R8.B1"       21689.90446                 1     33.7354545784 1.48323969742e-08       34.29896662       50.31579523     39.9156104259 1.75496132097e-08
    "BPM.32R8.B1"       21743.35298                 1     158.469241648 1.48323969742e-08       160.7939688       50.45585577     187.499963856 1.75496132097e-08
    "BPM.33R8.B1"       21796.80149                 1     30.7785254128 1.48323969742e-08        32.8332743       50.57582159     36.4169875644 1.75496132097e-08
    "BPM.34R8.B1"       21850.25001                 1     175.331872266 1.48323969742e-08       183.3286991       50.70788167     207.451738714 1.75496132097e-08
    "BPM.33L1.B1"       21903.69852                 1     31.1597743096 1.48323969742e-08       34.29992548       50.81576002     36.8680792312 1.75496132097e-08
    "BPM.32L1.B1"       21957.14704                 1     158.133145474 1.48323969742e-08       160.7949683       50.95581728     187.102296651 1.75496132097e-08
    "BPM.31L1.B1"       22010.59556                 1     30.2089061906 1.48323969742e-08       32.83231551       51.07578482     35.7430171303 1.75496132097e-08
    "BPM.30L1.B1"       22064.04407                 1     174.189354259 1.48323969742e-08       183.3276984       51.20784791     206.099917485 1.75496132097e-08
    "BPM.29L1.B1"       22117.49259                 1     31.1483707067 1.48323969742e-08       34.30088419       51.31572482     36.8545865489 1.75496132097e-08
    "BPM.28L1.B1"        22170.9411                 1      154.35096383 1.48323969742e-08       160.7959701       51.45577878     182.627239446 1.75496132097e-08
    "BPM.27L1.B1"       22224.38962                 1     31.1291190672 1.48323969742e-08       32.83135688       51.57574804     36.8318081115 1.75496132097e-08
    "BPM.26L1.B1"       22277.83814                 1     169.672060947 1.48323969742e-08       183.3266954       51.70781414     200.755080064 1.75496132097e-08
    "BPM.25L1.B1"       22331.28665                 1     33.6781789199 1.48323969742e-08       34.30184275       51.81568962     39.8478421713 1.75496132097e-08
    "BPM.24L1.B1"       22384.73517                 1     159.523939778 1.48323969742e-08       160.7969743       51.95574029     188.747877073 1.75496132097e-08
    "BPM.23L1.B1"       22438.18368                 1     31.9335619659 1.48323969742e-08       32.83039839       52.07571126     37.7836206706 1.75496132097e-08
    "BPM.22L1.B1"        22491.6322                 1     172.064004453 1.48323969742e-08         183.32569       52.20778038     203.585214899 1.75496132097e-08
    "BPM.21L1.B1"       22545.08071                 1     33.8865804239 1.48323969742e-08       34.30280116       52.31565442     40.0944217224 1.75496132097e-08
    "BPM.20L1.B1"       22598.52923                 1     150.236158568 1.48323969742e-08       160.7957509       52.45570307     177.758623745 1.75496132097e-08
    "BPM.19L1.B1"       22651.97775                 1     31.3403993002 1.48323969742e-08       32.82947747       52.57567671     37.0817937595 1.75496132097e-08
    "BPM.18L1.B1"       22705.42626                 1     170.968751844 1.48323969742e-08       183.3247436       52.70774866     202.289317837 1.75496132097e-08
    "BPM.17L1.B1"       22758.87478                 1     32.9846607607 1.48323969742e-08       34.30370148       52.81562135      39.027275174 1.75496132097e-08
    "BPM.16L1.B1"       22812.32329                 1     149.799172023 1.48323969742e-08       160.7966984       52.95566691     177.241583589 1.75496132097e-08
    "BPM.15L1.B1"       22865.77181                 1     30.0639124971 1.48323969742e-08       32.82857721       53.07564215     35.5714613634 1.75496132097e-08
    "BPM.14L1.B1"       22919.22033                 1     169.076935898 1.48323969742e-08        183.323795       53.20771694     200.050931272 1.75496132097e-08
    "BPM.13L1.B1"       22972.66884                 1     31.9454371263 1.48323969742e-08       34.30460166       53.31558828     37.7976712972 1.75496132097e-08
    "BPM.12L1.B1"       23026.11736                 1     148.767908154 1.48323969742e-08       157.4482936       53.45759147     176.021397664 1.75496132097e-08
    "BPM.11L1.B1"       23079.56587                 1     31.8972186977 1.48323969742e-08       36.65524126       53.57123821     37.7406195089 1.75496132097e-08
     "BPM.9L1.B1"        23171.4116                 1     21.7117222605 1.48323969742e-08       22.09359526       53.80082234     25.6891942989 1.75496132097e-08
    "BPMR.7L1.B1"       23250.94062                 1     28.0818427898 1.48323969742e-08       30.19851435       54.09384246     33.2262870278 1.75496132097e-08
    "BPMR.5L1.B1"       23326.02462                 1     24357.5097588 1.48323969742e-08       596.0015265       54.21251061     28819.6759944 1.75496132097e-08
   "BPMYA.4L1.B1"       23347.14262                 1     964.204350236 1.48323969742e-08       1126.744993        54.2166125     1140.84145881 1.75496132097e-08
   "BPMWB.4L1.B1"       23368.27512                 1     1212.87619485 1.48323969742e-08       1406.733828       54.21923405     1435.06866273 1.75496132097e-08
   "BPMSY.4L1.B1"       23461.05512                 1     2215.90224371 1.48323969742e-08       2656.503969       54.22687558     2621.84374887 1.75496132097e-08
    "BPMS.2L1.B1"       23487.84062                 1     3576.52053062 1.48323969742e-08       4157.995798       54.22794403     4231.72006911 1.75496132097e-08
   "BPMSW.1L1.B1"       23497.79062                 1     1069.85759925 1.48323969742e-08        1244.72144       54.22872482      1265.8498211 1.75496132097e-08
   "BPMSW.1R1.B1"       23540.93362                 1     1083.48855882 1.48323969742e-08       1243.277489       54.72320408     1281.97789997 1.75496132097e-08
    "BPMS.2R1.B1"       23550.89862                 1     1499.50723542 1.48323969742e-08       1567.899171       54.72420953     1774.20898541 1.75496132097e-08
   "BPMSY.4R1.B1"       23577.68412                 1     4573.73161198 1.48323969742e-08       5509.374366       54.72575951     5411.61491664 1.75496132097e-08
   "BPMWB.4R1.B1"       23670.46412                 1     718.157905019 1.48323969742e-08       873.3076785       54.73249345     849.720613497 1.75496132097e-08
   "BPMYA.4R1.B1"       23691.59662                 1     309.088632012 1.48323969742e-08       394.5799829       54.73833231     365.712025423 1.75496132097e-08
     "BPM.5R1.B1"       23719.00462                 1     107.645047779 1.48323969742e-08       126.6633837       54.75757997     127.365047992 1.75496132097e-08
    "BPMR.6R1.B1"       23750.90462                 1      8.1128099164 1.48323969742e-08       8.524410772       55.04325612     9.59903354287 1.75496132097e-08
   "BPMSX.7R1.B1"       23757.12012                 1      19.847946025 1.48323969742e-08       20.50565354       55.12115048     23.4839841699 1.75496132097e-08
     "BPM.8R1.B1"       23820.06761                 1     19.1189195094 1.48323969742e-08       19.26695895       55.29306698     22.6214038742 1.75496132097e-08
     "BPM.9R1.B1"        23859.1346                 1     95.8094476604 1.48323969742e-08       103.6328435       55.50184133     113.361228883 1.75496132097e-08
    "BPM.10R1.B1"       23899.59958                 1     35.5931704109 1.48323969742e-08       37.94897859       55.59716646     42.1136499181 1.75496132097e-08
    "BPM.11R1.B1"       23952.38227                 1     185.767761079 1.48323969742e-08       194.2686184       55.71375625     219.799426851 1.75496132097e-08
    "BPM.12R1.B1"       24007.10876                 1     36.1770854675 1.48323969742e-08       35.51057049       55.81993645     42.8045351073 1.75496132097e-08
    "BPM.13R1.B1"       24060.56024                 1     146.310373384 1.48323969742e-08       160.8381018       55.95672705     173.113655595 1.75496132097e-08
    "BPM.14R1.B1"       24114.01173                 1     30.8193567692 1.48323969742e-08       32.85258835       56.07666141      36.465299008 1.75496132097e-08
    "BPM.15R1.B1"       24167.46321                 1     176.492059059 1.48323969742e-08       183.3631992       56.20866364     208.824465557 1.75496132097e-08
    "BPM.16R1.B1"       24220.91469                 1     33.5505650466 1.48323969742e-08       34.27370559       56.31658601     39.6968501152 1.75496132097e-08
    "BPM.17R1.B1"       24274.36618                 1     153.397397246 1.48323969742e-08         160.78445       56.45673391     181.498984535 1.75496132097e-08
    "BPM.18R1.B1"       24327.81766                 1     31.8909211643 1.48323969742e-08       32.85276278       56.57666808     37.7331683009 1.75496132097e-08
    "BPM.19R1.B1"       24381.26915                 1     169.009713693 1.48323969742e-08       183.3633705       56.70866976     199.971394317 1.75496132097e-08
    "BPM.20R1.B1"       24434.72063                 1     31.9893015362 1.48323969742e-08       34.27353117        56.8165924     37.8495714336 1.75496132097e-08
    "BPM.21R1.B1"       24488.17211                 1     159.418923323 1.48323969742e-08       160.7842788       56.95674089     188.623622163 1.75496132097e-08
    "BPM.22R1.B1"        24541.6236                 1     28.1409459185 1.48323969742e-08        32.8529372       57.07667474     33.2962175353 1.75496132097e-08
    "BPM.23R1.B1"       24595.07508                 1     174.849629951 1.48323969742e-08       183.3660149       57.20867476     206.881152172 1.75496132097e-08
    "BPM.24R1.B1"       24648.52657                 1     31.4591300192 1.48323969742e-08       34.27441281       57.31659484     37.2222753146 1.75496132097e-08
    "BPM.25R1.B1"       24701.97805                 1     148.295232081 1.48323969742e-08        160.784317       57.45674089      175.46212985 1.75496132097e-08
    "BPM.26R1.B1"       24755.42954                 1     30.6625165048 1.48323969742e-08        32.8529372       57.57667474     36.2797264413 1.75496132097e-08
    "BPM.27R1.B1"       24808.88102                 1     177.385036795 1.48323969742e-08       183.3660149       57.70867476     209.881032064 1.75496132097e-08
    "BPM.28R1.B1"        24862.3325                 1     29.3379178237 1.48323969742e-08       34.27441281       57.81659484     34.7124683271 1.75496132097e-08
    "BPM.29R1.B1"       24915.78399                 1     146.022163009 1.48323969742e-08        160.784317       57.95674089     172.772646613 1.75496132097e-08
    "BPM.30R1.B1"       24969.23547                 1     32.6790112061 1.48323969742e-08        32.8529372       58.07667474     38.6656322468 1.75496132097e-08
    "BPM.31R1.B1"       25022.68696                 1     167.165445568 1.48323969742e-08       183.3660149       58.20867476      197.78926608 1.75496132097e-08
    "BPM.33L2.B1"       25236.49289                 1     165.673702926 1.48323969742e-08       183.3660149       58.70867476     196.024244121 1.75496132097e-08
    "BPM.32L2.B1"       25289.94438                 1     31.7200270778 1.48323969742e-08       34.27441281       58.81659484     37.5309673267 1.75496132097e-08
    "BPM.31L2.B1"       25343.39586                 1     142.362185322 1.48323969742e-08        160.784317       58.95674089      168.44218048 1.75496132097e-08
    "BPM.30L2.B1"       25396.84734                 1     31.2002242216 1.48323969742e-08        32.8529372       59.07667474      36.915939352 1.75496132097e-08
    "BPM.29L2.B1"       25450.29883                 1     167.063033477 1.48323969742e-08       183.3660149       59.20867476     197.668092639 1.75496132097e-08
    "BPM.28L2.B1"       25503.75031                 1     30.9654562821 1.48323969742e-08       34.27441281       59.31659484     36.6381631747 1.75496132097e-08
    "BPM.27L2.B1"        25557.2018                 1     150.459512496 1.48323969742e-08        160.784317       59.45674089     178.022894925 1.75496132097e-08
    "BPM.26L2.B1"       25610.65328                 1     31.3037546313 1.48323969742e-08        32.8529372       59.57667474      37.038435982 1.75496132097e-08
    "BPM.25L2.B1"       25664.10477                 1     173.231794241 1.48323969742e-08       183.3660149       59.70867476     204.966937565 1.75496132097e-08
    "BPM.24L2.B1"       25717.55625                 1     31.3399753037 1.48323969742e-08       34.27441281       59.81659484      37.081292089 1.75496132097e-08
    "BPM.23L2.B1"       25771.00773                 1     147.588221415 1.48323969742e-08        160.784317       59.95674089     174.625598589 1.75496132097e-08
    "BPM.22L2.B1"       25824.45922                 1     31.5023295801 1.48323969742e-08        32.8529372       60.07667474     37.2733888053 1.75496132097e-08
    "BPM.21L2.B1"        25877.9107                 1     168.926629724 1.48323969742e-08       183.3660149       60.20867476     199.873089807 1.75496132097e-08
    "BPM.20L2.B1"       25931.36219                 1     31.3711813754 1.48323969742e-08       34.27343639       60.31659665     37.1182149471 1.75496132097e-08
    "BPM.17L2.B1"       26091.71664                 1     167.279410041 1.48323969742e-08        183.366186       60.70868088     197.924108239 1.75496132097e-08
    "BPM.16L2.B1"       26145.16812                 1     33.3201985219 1.48323969742e-08       34.27326192       60.81660304     39.4242816684 1.75496132097e-08
    "BPM.15L2.B1"       26198.61961                 1     153.317048381 1.48323969742e-08       160.7817664       60.95675379     181.403916185 1.75496132097e-08
    "BPM.14L2.B1"       26252.07109                 1     31.8805665238 1.48323969742e-08       32.85326558       61.07668806     37.7209167454 1.75496132097e-08
    "BPM.13L2.B1"       26305.52257                 1     168.990653113 1.48323969742e-08       183.3663571         61.208687      199.94884194 1.75496132097e-08
    "BPM.12L2.B1"       26358.97406                 1     28.8937962746 1.48323969742e-08       32.10686703       61.32087451     34.1869860725 1.75496132097e-08
    "BPM.11L2.B1"       26412.42554                 1     159.901901993 1.48323969742e-08       163.4255268       61.46596462     189.195079956 1.75496132097e-08
    "BPM.10L2.B1"       26464.26623                 1     30.6988929277 1.48323969742e-08       31.78444102       61.58286953     36.3227668315 1.75496132097e-08
     "BPM.9L2.B1"       26503.33322                 1     117.368603349 1.48323969742e-08       123.2972355       61.70154111     138.869907225 1.75496132097e-08
     "BPM.8L2.B1"       26543.79821                 1     17.8148438819 1.48323969742e-08       18.51206702       61.83382504     21.0784285279 1.75496132097e-08
     "BPM.7L2.B1"        26582.8662                 1     98.0447374662 1.48323969742e-08       109.8850023       62.02411283     116.006011892 1.75496132097e-08
    "BPMR.6L2.B1"        26614.9722                 1     22.7637374898 1.48323969742e-08       24.54569767        62.1243505     26.9339331226 1.75496132097e-08