@ GetLLMVersion %s "V3.0.0 Dev"
@ Command %s "/afs/cern.ch/work/o/omc/anaconda/bin/python '/afs/cern.ch/work/e/efol/public/Beta-Beat.src/GetLLM/GetLLM.py' '--accel=LHCB1' '--model=/afs/cern.ch/work/e/efol/public/betabeatGui/temp/2017-12-20/models/LHCB1/Multiturn-model_40cm_2041/twiss.dat' '--files=/afs/cern.ch/work/e/efol/public/betabeatGui/temp/2017-12-20/LHCB1/Measurements/Beam1@Turn@2017_09_11@19_02_33_250/Beam1@Turn@2017_09_11@19_02_33_250.sdds' '--output=/afs/cern.ch/work/e/efol/public/betabeatGui/temp/2017-12-20/LHCB1/Results/40cm_cleaned' '--tbtana=SUSSIX' '--bpmu=mm' '--lhcphase=1' '--errordefs=/afs/cern.ch/work/e/efol/public/betabeatGui/temp/2017-12-20/models/LHCB1/Multiturn-model_40cm_2041/error_deff.txt'"
@ CWD %s "/home/efol/Workspaces/Accsoft-Eclipse-Pro/lhc-app-beta-beating"
@ Date %s "20. December 2017, 16:40:59"
@ Q1 %le 0.309853389971
@ Q2 %le 0.319421650825
@ RMSbetabeat %le 1.89006723691
@ RescalingFactor %le 1.04600291672
@ FILES %s "/afs/cern.ch/work/e/efol/public/betabeatGui/temp/2017-12-20/LHCB1/Measurements/Beam1@Turn@2017_09_11@19_02_33_250/Beam1@Turn@2017_09_11@19_02_33_250.sdds.linx"
*            NAME                 S             COUNT              BETX           BETXSTD           BETXMDL            MUXMDL           BETXRES        BETXSTDRES
$              %s               %le               %le               %le               %le               %le               %le               %le               %le
   "BPMYB.5L2.B1"            28.288                 1     148.103224283               0.0        175.128565     0.03145312858     154.916404575               0.0
   "BPMYB.4L2.B1"            48.858                 1     74.2841598766               0.0       84.35832101     0.05851807485     77.7014478968               0.0
   "BPMWI.4L2.B1"           73.3255                 1     73.3913056387               0.0       83.45002126      0.1097876872     76.7675197597               0.0
   "BPMSX.4L2.B1"          123.4825                 1     161.845589833               0.0       170.5391556      0.1788502064     169.290959023               0.0
    "BPMS.2L2.B1"           161.394                 1     66.9283698786               0.0       63.40330267       0.229253766     70.0072701041               0.0
   "BPMSW.1L2.B1"           171.328                 1     54.5729985006               0.0        56.6340898      0.2526788187     57.0835156056               0.0
   "BPMSW.1R2.B1"           214.518                 1     54.7440572284               0.0        56.6345024      0.6146370966     57.2624435338               0.0
    "BPMS.2R2.B1"           224.452                 1     163.498384657               0.0       173.4266688       0.632582971      171.01978723               0.0
   "BPMSX.4R2.B1"          262.3635                 1     81.8593548561               0.0       100.2196997      0.6761117673       85.62512394               0.0
   "BPMWB.4R2.B1"          312.5965                 1     95.3094834116               0.0       104.9354204      0.7575836096     99.6939976392               0.0
   "BPMYB.4R2.B1"           336.988                 1     94.8211261204               0.0       101.2151279      0.7924101326     99.1831744883               0.0
     "BPM.6R2.B1"           439.818                 1      162.73550485               0.0       181.6208991       1.036087404     170.221812726               0.0
   "BPM_A.7R2.B1"           452.693                 1     80.9837934217               0.0       85.21587822        1.05258811     84.7092841259               0.0
     "BPM.8R2.B1"       494.1300106                 1     107.853210401               0.0       113.0897601       1.134746992     112.814772656               0.0
     "BPM.9R2.B1"       533.1950212                 1     16.0306280487               0.0       15.94722448       1.292805637     16.7680836957               0.0
    "BPM.10R2.B1"       573.6580318                 1     167.043020395               0.0       171.7411105       1.460281322      174.72748655               0.0
    "BPM.11R2.B1"       625.4967424                 1     32.5552886886               0.0       32.90159014       1.566688573     34.0529269228               0.0
    "BPM.14R2.B1"       787.1172901                 1     169.781174918               0.0         170.35043       1.960490566     177.591604168               0.0
    "BPM.15R2.B1"        840.565806                 1     34.1213360638               0.0       34.55300863       2.072703938      35.691017045               0.0
    "BPM.16R2.B1"       894.0143219                 1     162.966208135               0.0       168.8433479       2.207282493     170.463129035               0.0
    "BPM.17R2.B1"       947.4628378                 1     33.8507621756               0.0       33.10170512       2.323083936     35.4079959688               0.0
    "BPM.18R2.B1"       1000.911354                 1     170.046961996               0.0       170.3630625       2.460771013     177.869618227               0.0
    "BPM.19R2.B1"        1054.35987                 1     33.7571407518               0.0       34.55282647       2.572979721     35.3100676864               0.0
    "BPM.20R2.B1"       1107.808386                 1     163.178957553               0.0       168.8307202       2.707565464     170.685665547               0.0
    "BPM.21R2.B1"       1161.256901                 1     32.9665705987               0.0       33.10189183       2.823371809     34.4831290004               0.0
    "BPM.22R2.B1"       1214.705417                 1     167.502011961               0.0       170.3756854        2.96105144     175.207593068               0.0
    "BPM.23R2.B1"       1268.153933                 1     33.1471741941               0.0       33.11661624       3.076157208     34.6720408879               0.0
    "BPM.24R2.B1"       1321.602449                 1     173.050513384               0.0       170.3730582       3.213836773     181.011341739               0.0
    "BPM.26R2.B1"       1428.499481                 1     180.757336864               0.0       170.3757138       3.466622864     189.072701577               0.0
    "BPM.27R2.B1"       1481.947997                 1     32.4887452903               0.0       33.11659909       3.581728657     33.9833223341               0.0
    "BPM.28R2.B1"       1535.396513                 1     176.538698665               0.0       170.3730331       3.719408284     184.659993717               0.0
    "BPM.29R2.B1"       1588.845029                 1     33.6163446219               0.0       33.11640494       3.834515594     35.1627945238               0.0
    "BPM.30R2.B1"       1642.293545                 1     173.000552438               0.0       170.3757357       3.972194287     180.959082444               0.0
    "BPM.31R2.B1"        1695.74206                 1     33.4249546983               0.0       33.11658144       4.087300109     34.9626001055               0.0
    "BPM.33R2.B1"       1802.639092                 1     33.2866535678               0.0       33.11642281       4.340087075     34.8179367196               0.0
    "BPM.34R2.B1"       1856.087608                 1      173.05102499               0.0       170.3757509        4.47776571      181.01187688               0.0
    "BPM.33L3.B1"       1909.536124                 1     33.6670238389               0.0       33.11656339       4.592871563     35.2158051326               0.0
    "BPM.32L3.B1"        1962.98464                 1     166.544241457               0.0       170.3730027       4.730551308     174.205762326               0.0
    "BPM.31L3.B1"       2016.433156                 1     33.0404376837               0.0       33.11644104       4.845658554     34.5603941868               0.0
    "BPM.30L3.B1"       2069.881672                 1     166.217346672               0.0       170.3757594       4.983337132     173.863829428               0.0
    "BPM.29L3.B1"       2123.330188                 1     31.6480573705               0.0         33.116545       5.098443021     33.1039603179               0.0
    "BPM.28L3.B1"       2176.778704                 1     165.781033277               0.0       170.3729976        5.23612282     173.407444344               0.0
    "BPM.27L3.B1"        2230.22722                 1     33.5077792339               0.0       33.11645955       5.351230029     35.0492348113               0.0
    "BPM.26L3.B1"       2283.675735                 1     168.494790789               0.0       170.3757611       5.488908554     176.246042617               0.0
    "BPM.25L3.B1"       2337.124251                 1     34.6767600408               0.0       33.11652639       5.604014482      36.271992145               0.0
    "BPM.24L3.B1"       2390.572767                 1     168.675059899               0.0       170.3729992       5.741694333     176.434604632               0.0
    "BPM.23L3.B1"       2444.021283                 1     33.5045188734               0.0       33.11647824       5.856801501     35.0458244647               0.0
    "BPM.22L3.B1"       2497.469799                 1     172.409254188               0.0       170.3757561       5.994479976     180.340582749               0.0
    "BPM.21L3.B1"       2550.918315                 1     32.9358686649               0.0       33.11650764       6.109585946     34.4510146881               0.0
    "BPM.20L3.B1"       2604.366831                 1     163.845634132               0.0       168.7740195       6.248110946     171.383011193               0.0
    "BPM.19L3.B1"       2657.815347                 1     32.7152323937               0.0       34.54002499       6.360982089     34.2202285049               0.0
    "BPM.18L3.B1"       2711.263863                 1     178.248305539               0.0       170.4266924       6.494760431     186.448247494               0.0
    "BPM.17L3.B1"       2764.712379                 1     36.6922712281               0.0       33.11556542       6.609873695     38.3802227255               0.0
    "BPM.16L3.B1"       2818.160894                 1     162.860190022               0.0       168.7871945       6.748394012      170.35223378               0.0
    "BPM.15L3.B1"        2871.60941                 1     36.3468775305               0.0       34.54096274       6.861257971     38.0189399105               0.0
    "BPM.13L3.B1"       2978.506442                 1     34.2259207618               0.0       33.11463215       7.110161452     35.8004129441               0.0
    "BPM.12L3.B1"       3031.954958                 1     179.709945855               0.0       171.5175732       7.247251311     187.977127527               0.0
    "BPM.11L3.B1"       3085.403474                 1     27.6414907455               0.0        28.2592413       7.373708861     28.9130799422               0.0
    "BPM.10L3.B1"       3138.184185                 1     174.065749243               0.0       172.7569671       7.522788108     182.073281409               0.0
     "BPM.9L3.B1"       3177.249195                 1     53.0015997333               0.0       54.93815126       7.583724784     55.4398279117               0.0
     "BPM.8L3.B1"       3217.712206                 1     171.140390231               0.0       175.5991319       7.660416551      179.01334735               0.0
     "BPM.7L3.B1"       3256.776216                 1     56.4301204371               0.0       58.10046323       7.719364003     59.0260705678               0.0
     "BPM.6L3.B1"       3329.415216                 1     195.465309434               0.0       206.7756234       7.831510896     204.457283785               0.0
  "BPMWG.A5L3.B1"       3371.119716                 1     58.8626951698               0.0       68.26217692       7.888594994     61.5705508333               0.0
    "BPMW.5L3.B1"       3400.089716                 1     46.3106309559               0.0       56.59279169       7.971952656     48.4410550549               0.0
   "BPMWE.4L3.B1"       3475.217716                 1     243.104658778               0.0       272.6641978        8.07532486     254.288182149               0.0
    "BPMW.4L3.B1"       3502.762716                 1     237.310028218               0.0       250.6035005       8.090528029     248.226981682               0.0
    "BPMW.4R3.B1"       3547.727716                 1     43.1560821438               0.0       44.32448505       8.160679045     45.1413877965               0.0
   "BPMWE.4R3.B1"       3575.272716                 1     27.5071532833               0.0       30.72266468       8.308322669     28.7725625649               0.0
    "BPMW.5R3.B1"       3650.400716                 1     301.571403045               0.0       347.6581685       8.437850831     315.444567183               0.0
  "BPMWJ.A5R3.B1"       3679.118716                 1     262.641668524               0.0       302.5649998       8.450477678     274.723951328               0.0
   "BPMWC.6R3.B1"       3718.936716                 1     58.6967442285               0.0       64.79675564       8.496370937     61.3969656648               0.0
    "BPMR.6R3.B1"       3731.015216                 1      36.968235062               0.0       39.70879417       8.536481749     38.6688817007               0.0
     "BPM.8R3.B1"       3825.903227                 1       30.83924247               0.0        35.2651492       8.835957198     32.2579375729               0.0
     "BPM.9R3.B1"       3864.968238                 1     119.158656594               0.0       128.5117235       8.940088827     124.640302349               0.0
    "BPM.10R3.B1"       3905.431248                 1     51.5734145806               0.0       54.67179092       9.014821952     53.9459420763               0.0
    "BPM.11R3.B1"       3958.211959                 1     185.862221477               0.0       183.5210003       9.107876696     194.412425772               0.0
    "BPM.12R3.B1"       4012.935475                 1     48.5622967487               0.0       42.56129302       9.208659941     50.7963040416               0.0
    "BPM.13R3.B1"       4066.383991                 1     174.933683386               0.0       170.7795851       9.325472939     182.981143054               0.0
    "BPM.14R3.B1"       4119.832506                 1     31.2022261891               0.0       33.11851399       9.440563908     32.6376196019               0.0
    "BPM.15R3.B1"       4173.281022                 1     164.347496522               0.0       168.7497879       9.579096744     171.907960717               0.0
    "BPM.16R3.B1"       4226.729538                 1     22.9928508664               0.0       34.53801546       9.691981666     24.0505890699               0.0
    "BPM.17R3.B1"       4280.178054                 1     128.024643885               0.0       170.4508792       9.825752567     133.914150915               0.0
    "BPM.18R3.B1"        4333.62657                 1      32.122054797               0.0       33.11755551        9.94085164     33.5997630086               0.0
    "BPM.19R3.B1"       4387.075086                 1     170.554774976               0.0        168.762939       10.07937985     178.400792084               0.0
    "BPM.20R3.B1"       4440.523602                 1     36.0839149817               0.0       34.53896949       10.19225756     37.7438803174               0.0
    "BPM.22R3.B1"       4547.420634                 1     30.3287715385               0.0       33.11660593       10.44113938     31.7239834897               0.0
    "BPM.23R3.B1"        4600.86915                 1       172.8671018               0.0       170.3751177       10.57881784     180.819492687               0.0
    "BPM.25R3.B1"       4707.766181                 1     171.396312842               0.0       170.3736653       10.83160423     179.281043147               0.0
    "BPM.27R3.B1"       4814.663213                 1     175.362823746               0.0       170.3750681       11.08438929     183.430025122               0.0
    "BPM.28R3.B1"       4868.111729                 1     35.9101226492               0.0       33.11637287       11.19949583     37.5620930307               0.0
    "BPM.30R3.B1"       4975.008761                 1     31.8786928532               0.0       33.11662759       11.45228227     33.3452057055               0.0
    "BPM.31R3.B1"       5028.457277                 1     181.490559987               0.0       170.3750152       11.58996073     189.839655103               0.0
    "BPM.32R3.B1"       5081.905793                 1     33.3250768296               0.0       33.11636264       11.70506732     34.8581275635               0.0
    "BPM.33R3.B1"       5135.354309                 1     160.617413074               0.0       170.3737711       11.84274721      168.00628255               0.0
    "BPM.34R3.B1"       5188.802825                 1     32.2124572205               0.0       33.11663749       11.95785372     33.6943242072               0.0
    "BPM.33L4.B1"        5242.25134                 1     170.962713947               0.0       170.3749591       12.09553218     178.827497438               0.0
    "BPM.32L4.B1"       5295.699856                 1     32.6700851513               0.0       33.11635308       12.21063881     34.1730043577               0.0
    "BPM.31L4.B1"       5349.148372                 1     172.800553529               0.0       170.3738287       12.34831869     180.749883001               0.0
    "BPM.30L4.B1"       5402.596888                 1     32.4185648395               0.0       33.11664671       12.46342516     33.9099133779               0.0
    "BPM.29L4.B1"       5456.045404                 1     178.936544402               0.0       170.3749002       12.60110363     187.168147352               0.0
    "BPM.28L4.B1"        5509.49392                 1     31.8663464018               0.0       33.11634423        12.7162103     33.3322912813               0.0
    "BPM.27L4.B1"       5562.942436                 1     170.425991957               0.0       170.3738889       12.85389018     178.266084672               0.0
    "BPM.26L4.B1"       5616.390952                 1     31.9524848353               0.0       33.11665519        12.9689966      33.422392334               0.0
    "BPM.25L4.B1"       5669.839468                 1     167.915219292               0.0       170.3748387       13.10667508      175.63980914               0.0
    "BPM.24L4.B1"       5723.287984                 1      33.607100306               0.0       33.11633612       13.22178179     35.1531249425               0.0
    "BPM.23L4.B1"         5776.7365                 1     167.273122629               0.0       170.3739515       13.35946166     174.968174158               0.0
    "BPM.22L4.B1"       5830.185015                 1     32.7077679947               0.0        33.1166629       13.47456804     34.2124207218               0.0
    "BPM.21L4.B1"       5883.633531                 1     173.035387474               0.0        170.374775       13.61224654     180.995519993               0.0
    "BPM.20L4.B1"       5937.082047                 1     34.3650001709               0.0        34.5523301       13.72445156     35.9458904117               0.0
    "BPM.19L4.B1"       5990.530563                 1      167.87078666               0.0       168.8189486       13.85904485     175.593332478               0.0
    "BPM.18L4.B1"       6043.979079                 1      31.659510861               0.0       33.10237926        13.9748551     33.1159407024               0.0
    "BPM.17L4.B1"       6097.427595                 1     174.300602166               0.0       170.3873833       14.11252694     182.318938251               0.0
    "BPM.16L4.B1"       6150.876111                 1     37.3880957712               0.0       34.55213024       14.22472735     39.1080572271               0.0
    "BPM.15L4.B1"       6204.324627                 1     170.436967359               0.0       168.8063453       14.35932787     178.277564974               0.0
    "BPM.14L4.B1"       6257.773143                 1     33.1151293254               0.0       33.10258368       14.47514296     34.6385218618               0.0
    "BPM.13L4.B1"       6311.221659                 1     178.358562802               0.0       170.3999817       14.61280733     186.563576912               0.0
    "BPM.12L4.B1"       6364.670174                 1     34.6702953284               0.0       33.66441246       14.72676903     36.2652300369               0.0
    "BPM.11L4.B1"        6418.11869                 1      165.75859428               0.0       166.5763012       14.86492988     173.383973088               0.0
    "BPM.10L4.B1"       6469.957401                 1     34.3487703362               0.0       31.52780044       14.98126706     35.9289139573               0.0
     "BPM.9L4.B1"       6509.022412                 1     106.673213966               0.0        111.000041       15.10739803     111.580492944               0.0
     "BPM.8L4.B1"       6549.485422                 1     24.0806653523               0.0       21.02823162       15.23843666      25.188446195               0.0
     "BPM.7L4.B1"       6588.549433                 1     93.6122703508               0.0       103.4394451       15.41380548     97.9187078274               0.0
   "BPMYB.6L4.B1"       6685.153433                 1     113.742347588               0.0       134.8490532       15.55382553     118.974827331               0.0
   "BPMYA.5L4.B1"       6722.153433                 1     388.838107472               0.0       431.6814919       15.57941125     406.725794546               0.0
  "BPMWI.A5L4.B1"       6798.755933                 1     280.244675544               0.0       315.6044425        15.6113604     293.136748013               0.0
  "BPMWA.B5L4.B1"       6824.619933                 1     254.618571389               0.0       277.6303821       15.62528443     266.331768324               0.0
  "BPMWA.A5L4.B1"       6833.504933                 1     235.653019627               0.0       266.1917904       15.63048707     246.493745863               0.0
  "BPMWA.A5R4.B1"       6881.553933                 1     190.605410177               0.0       218.5680628       15.66240457     199.373814987               0.0
  "BPMWA.B5R4.B1"       6890.438933                 1     183.123923982               0.0       212.3939333       15.66896959     191.548158605               0.0
   "BPMYB.5R4.B1"       6992.829433                 1     197.269187512               0.0       217.2561595       15.75149725     206.344145516               0.0
   "BPMYA.6R4.B1"       7024.393433                 1     436.318954819               0.0       486.1398227       15.76697937      456.39089936               0.0
     "BPM.7R4.B1"       7120.909433                 1     22.7475349137               0.0       22.79889128       15.93450269     23.7939878679               0.0
     "BPM.8R4.B1"       7158.698443                 1     111.402077883               0.0       113.0607275       16.07991314     116.526898394               0.0
     "BPM.9R4.B1"       7197.763454                 1     18.1706207638               0.0        18.5713731       16.21624484     19.0065223175               0.0
    "BPM.10R4.B1"       7238.226465                 1     155.563058886               0.0       152.1990454        16.3816195     162.719413328               0.0
    "BPM.11R4.B1"       7290.065175                 1     34.1929504143               0.0       34.70392971       16.49278171     35.7659258645               0.0
    "BPM.12R4.B1"       7344.788691                 1     160.391438723               0.0        170.420853        16.6284393     167.769912721               0.0
    "BPM.13R4.B1"       7398.237207                 1     32.1059008823               0.0       33.47884206       16.74286491     33.5828659666               0.0
    "BPM.14R4.B1"       7451.685723                 1     174.638587206               0.0       171.6773885       16.87901446     182.672471589               0.0
    "BPM.15R4.B1"       7505.134239                 1     35.1633344123               0.0       33.49086865       16.99285025     36.7809503568               0.0
    "BPM.16R4.B1"       7558.582755                 1     167.582808515               0.0       171.6764447       17.12900082     175.292106499               0.0
    "BPM.17R4.B1"       7612.031271                 1     36.0593890031               0.0       33.49130626       17.24283608     37.7182260722               0.0
    "BPM.18R4.B1"       7665.479786                 1     170.480544374               0.0       171.6773889       17.37898495     178.323146659               0.0
    "BPM.19R4.B1"       7718.928302                 1     33.5748986395               0.0        33.4908687       17.49282073     35.1194419053               0.0
    "BPM.20R4.B1"       7772.376818                 1     167.110251393               0.0       171.6764442        17.6289713     174.797810371               0.0
    "BPM.21R4.B1"       7825.825334                 1     31.9125401127               0.0       33.49130622       17.74280656     33.3806100377               0.0
    "BPM.22R4.B1"        7879.27385                 1     172.239133452               0.0       171.6773894       17.87895543     180.162635964               0.0
    "BPM.23R4.B1"       7932.722366                 1      33.881699424               0.0       33.49177445       17.99278936     35.4403564208               0.0
    "BPM.24R4.B1"       7986.170882                 1     158.107316929               0.0       171.6788307       18.12893623     165.380714662               0.0
    "BPM.25R4.B1"       8039.619398                 1     36.3145553251               0.0       33.49132722       18.24277051     37.9851307893               0.0
    "BPM.26R4.B1"       8093.067914                 1     179.077411994               0.0       171.6773888       18.37891937     187.315495263               0.0
    "BPM.27R4.B1"        8146.51643                 1     33.2693029144               0.0       33.49177437       18.49275331     34.7997878856               0.0
    "BPM.28R4.B1"       8199.964946                 1     169.731711068               0.0       171.6788313       18.62890018     177.539864837               0.0
    "BPM.29R4.B1"       8253.413461                 1     33.0865388265               0.0        33.4913273       18.74273446     34.6086161166               0.0
    "BPM.30R4.B1"       8306.861977                 1     173.823783541               0.0       171.6773882       18.87888332     181.820184578               0.0
    "BPM.31R4.B1"       8360.310493                 1     36.8440677602               0.0        33.4917743       18.99271725     38.5390023409               0.0
    "BPM.32R4.B1"       8413.759009                 1     162.960462302               0.0       171.6788318       19.12886413     170.457118878               0.0
    "BPM.33R4.B1"       8467.207525                 1     30.7022681032               0.0       33.49132738        19.2426984     32.1146619857               0.0
    "BPM.34R4.B1"       8520.656041                 1     171.940521231               0.0       171.6773877       19.37884727     179.850286709               0.0
    "BPM.33L5.B1"       8574.104557                 1     33.2587712585               0.0       33.49177422        19.4926812     34.7887717428               0.0
    "BPM.32L5.B1"       8627.553073                 1     161.077578878               0.0       171.6788324       19.62882807     168.487617324               0.0
    "BPM.31L5.B1"       8681.001589                 1     32.4105852621               0.0       33.49132746       19.74266235     33.9015667166               0.0
    "BPM.30L5.B1"       8734.450105                 1     171.405591318               0.0       171.6773871       19.87881121      179.29074846               0.0
    "BPM.29L5.B1"        8787.89862                 1     32.3811380877               0.0       33.49177414       19.99264515     33.8707648863               0.0
    "BPM.28L5.B1"       8841.347136                 1     170.052533899               0.0        171.678833       20.12879202     177.875446454               0.0
    "BPM.27L5.B1"       8894.795652                 1     30.9871223058               0.0       33.49132754       20.24262629     32.4126203125               0.0
    "BPM.26L5.B1"       8948.244168                 1     175.799940654               0.0       171.6773865       20.37877516     183.887250682               0.0
    "BPM.25L5.B1"       9001.692684                 1     22.7785805615               0.0       33.49177406       20.49260909      23.826461706               0.0
    "BPM.24L5.B1"         9055.1412                 1     166.197902826               0.0       171.6788335       20.62875597     173.843491108               0.0
    "BPM.23L5.B1"       9108.589716                 1     32.2108029979               0.0       33.49132762       20.74259024     33.6925938856               0.0
    "BPM.22L5.B1"       9162.038232                 1     178.827023384               0.0        171.677386       20.87873911     187.053588047               0.0
    "BPM.21L5.B1"       9215.486748                 1     33.4998423272               0.0       33.49177398       20.99257304     35.0409327838               0.0
    "BPM.20L5.B1"       9268.935264                 1     173.757545207               0.0        171.676489       21.12872111     181.750899088               0.0
    "BPM.19L5.B1"       9322.383779                 1     30.7995495715               0.0       33.49040098       21.24255822     32.2164186854               0.0
    "BPM.17L5.B1"       9429.280811                 1     36.3228741316               0.0       33.49177398       21.49254352     37.9938322852               0.0
    "BPM.16L5.B1"       9482.729327                 1     167.639875814               0.0       171.6764903       21.62869159      175.35179906               0.0
    "BPM.15L5.B1"       9536.177843                 1       33.60049587               0.0       33.49040098        21.7425287     35.1462166831               0.0
    "BPM.14L5.B1"       9589.626359                 1     182.509978931               0.0       171.6773425       21.87868007     190.905970292               0.0
    "BPM.13L5.B1"       9643.074875                 1     35.5929213245               0.0       33.49177397       21.99251401     37.2302995199               0.0
    "BPM.12L5.B1"       9696.523391                 1     169.553073194               0.0       168.1512586       22.13049826       177.3530091               0.0
    "BPM.11L5.B1"       9749.971907                 1     35.5192667932               0.0        37.5248342        22.2382219     37.1532566653               0.0
    "BPM.10L5.B1"       9802.752617                 1     158.623530838               0.0       150.3503314       22.36968741     165.920675916               0.0
     "BPM.9L5.B1"       9841.817628                 1     20.7918545062               0.0       21.32865309       22.47730301     21.7483404574               0.0
     "BPM.8L5.B1"       9882.280639                 1     120.579034163               0.0       118.0728601       22.66146928     126.126021429               0.0
    "BPMR.5L5.B1"       9990.140649                 1     416.740748107               0.0       462.1055391       22.88181088     435.912038034               0.0
   "BPMYA.4L5.B1"       10017.54665                 1     909.026371789               0.0       1054.043045        22.8881843     950.844236263               0.0
   "BPMWB.4L5.B1"       10038.68115                 1     1162.87026482               0.0       1315.864719       22.89098702     1216.36568877               0.0
   "BPMSY.4L5.B1"       10131.46115                 1     2278.28732202               0.0       2485.073071       22.89915642     2383.09518396               0.0
    "BPMS.2L5.B1"       10158.24665                 1     3319.32007838               0.0       3889.910817       22.90029854      3472.0184835               0.0
   "BPMSW.1L5.B1"       10168.21165                 1     1087.71488888               0.0       1162.912886       22.90113517     1137.75294633               0.0
   "BPMSW.1R5.B1"       10211.33965                 1     1110.72224491               0.0       1162.912184       23.39523136     1161.81870783               0.0
   "BPMWB.4R5.B1"       10340.87015                 1      767.40554337               0.0       817.3344555        23.4051606     802.708436669               0.0
   "BPMYA.4R5.B1"       10362.00265                 1     334.807676822               0.0       369.6082815       23.41139683     350.209806495               0.0
     "BPM.5R5.B1"       10383.12065                 1     167.223675987               0.0       168.4295663       23.42488375     174.916452827               0.0
    "BPMR.6R5.B1"       10415.02065                 1     7.78627288654               0.0       8.430381443       23.58150134     8.14446414967               0.0
   "BPM_A.7R5.B1"       10449.03465                 1     135.707443274               0.0       141.2419446       23.85403894     141.950381485               0.0
     "BPM.8R5.B1"       10490.47364                 1     20.8932590961               0.0       18.49863175       23.96924729     21.8544099543               0.0
     "BPM.9R5.B1"       10529.54063                 1     100.290066287               0.0       110.3220925       24.17193213     104.903701854               0.0
    "BPM.10R5.B1"       10570.00562                 1     35.5795181921               0.0       38.03706263       24.26381535     37.2162798043               0.0
    "BPM.11R5.B1"       10622.78831                 1     189.713541065               0.0       181.7845149       24.38513182     198.440917294               0.0
    "BPM.12R5.B1"       10677.51479                 1     36.4125849188               0.0         34.790099       24.49695998     38.0876700302               0.0
    "BPM.13R5.B1"       10730.96627                 1       167.0044102               0.0       171.7494436       24.62968881     174.687100174               0.0
    "BPM.14R5.B1"       10784.41776                 1     31.9913103051               0.0       33.48864627        24.7435307     33.4630038887               0.0
    "BPM.15R5.B1"       10837.86924                 1      175.14381679               0.0       171.6886063       24.87969107     183.200943207               0.0
    "BPM.16R5.B1"       10891.32073                 1     35.8410239077               0.0       33.48817036       24.99353555     37.4898155455               0.0
    "BPM.17R5.B1"       10944.77221                 1     171.413309259               0.0       171.6923318       25.12969523     179.298821449               0.0
    "BPM.18R5.B1"        10998.2237                 1     30.9564402733               0.0       33.48864624       25.24353723     32.3805268171               0.0
    "BPM.19R5.B1"       11051.67518                 1     172.567129175               0.0       171.6886062        25.3796976     180.505720447               0.0
    "BPM.20R5.B1"       11105.12666                 1     33.1257878454               0.0       33.48817039       25.49354209     34.6496707048               0.0
    "BPM.21R5.B1"       11158.57815                 1     165.408894196               0.0       171.6923319       25.62970177     173.018185779               0.0
    "BPM.22R5.B1"       11212.02963                 1     32.4122410981               0.0       33.48864622       25.74354377     33.9032987259               0.0
    "BPM.23R5.B1"       11265.48112                 1     178.560933166               0.0       171.6909512       25.87970295     186.775256903               0.0
    "BPM.24R5.B1"        11318.9326                 1     33.5889193936               0.0       33.48909703       25.99354459     35.1341076551               0.0
    "BPM.25R5.B1"       11372.38408                 1      159.99999604               0.0       171.6923727       26.12970177     167.360462532               0.0
    "BPM.26R5.B1"       11425.83557                 1     32.9215301221               0.0       33.48864622       26.24354377     34.4360165304               0.0
    "BPM.27R5.B1"       11479.28705                 1     178.547714326               0.0       171.6909512       26.37970295     186.761429959               0.0
    "BPM.28R5.B1"       11532.73854                 1     33.7972205309               0.0       33.48909703       26.49354459     35.3519912522               0.0
    "BPM.29R5.B1"       11586.19002                 1     176.415252069               0.0       171.6923727       26.62970177     184.530868217               0.0
    "BPM.30R5.B1"        11639.6415                 1     34.0711006573               0.0       33.48864622       26.74354377     35.6384706632               0.0
    "BPM.31R5.B1"       11693.09299                 1     177.870600429               0.0       171.6909512       26.87970295     186.053166847               0.0
    "BPM.32R5.B1"       11746.54447                 1     32.2684890611               0.0       33.48909703       26.99354459     33.7529336759               0.0
    "BPM.33R5.B1"       11799.99596                 1     165.718686642               0.0       171.6923727       27.12970177     173.342229582               0.0
    "BPM.34R5.B1"       11853.44744                 1     34.2563488746               0.0       33.48864622       27.24354377     35.8322408389               0.0
    "BPM.33L6.B1"       11906.89893                 1     176.603244851               0.0       171.6909512       27.37970295     184.727509215               0.0
    "BPM.32L6.B1"       11960.35041                 1     34.5521050248               0.0       33.48909703       27.49354459     36.1416026347               0.0
    "BPM.30L6.B1"       12067.25338                 1     33.3803137348               0.0       33.48864622       27.74354377     34.9159055275               0.0
    "BPM.29L6.B1"       12120.70486                 1     183.670868957               0.0       171.6909512       27.87970295     192.120264645               0.0
    "BPM.28L6.B1"       12174.15635                 1       35.08931532               0.0       33.48909703       27.99354459     36.7035261703               0.0
    "BPM.27L6.B1"       12227.60783                 1     170.073830728               0.0       171.6923727       28.12970177     177.897722998               0.0
    "BPM.26L6.B1"       12281.05931                 1     32.3890425402               0.0       33.48864622       28.24354377     33.8790329667               0.0
    "BPM.25L6.B1"        12334.5108                 1     172.366672542               0.0       171.6909512       28.37970295     180.296042224               0.0
    "BPM.24L6.B1"       12387.96228                 1     33.8664225997               0.0       33.48909703       28.49354459     35.4243768181               0.0
    "BPM.23L6.B1"       12441.41377                 1     60.1037733082               0.0       171.6923727       28.62970177      62.868722186               0.0
    "BPM.22L6.B1"       12494.86525                 1     32.6382456427               0.0       33.48864622       28.74354377     34.1397001388               0.0
    "BPM.21L6.B1"       12548.31673                 1     178.524925201               0.0       171.6909512       28.87970294     186.737592467               0.0
    "BPM.20L6.B1"       12601.76822                 1     35.7005393345               0.0       33.48819131       28.99354644     37.3428682723               0.0
    "BPM.19L6.B1"        12655.2197                 1     166.245885831               0.0       171.6899869       29.12970732     173.893681471               0.0
    "BPM.18L6.B1"       12708.67119                 1      33.603027314               0.0        33.4886253       29.24355031     35.1488645809               0.0
    "BPM.17L6.B1"       12762.12267                 1     177.912411391               0.0       171.6909511       29.37970948     186.096901235               0.0
    "BPM.16L6.B1"       12815.57415                 1     32.3323848899               0.0        33.4881913       29.49355298     33.8197688992               0.0
    "BPM.15L6.B1"       12869.02564                 1     167.419661327               0.0        171.689987       29.62971385     175.121454064               0.0
    "BPM.14L6.B1"       12922.47712                 1     31.7174582434               0.0       33.48862531       29.74355684     33.1765538334               0.0
    "BPM.13L6.B1"       12975.92861                 1     173.235359775               0.0        171.690951       29.87971602     181.204691603               0.0
    "BPM.12L6.B1"       13029.38009                 1     33.4872507102               0.0       32.85380122       29.99488123     35.0277619156               0.0
    "BPM.11L6.B1"       13082.83158                 1     167.638824009               0.0       177.4262416       30.12992819     175.350698868               0.0
    "BPM.10L6.B1"       13134.67226                 1     25.9997795777               0.0       29.61362466       30.24585235     27.1958452723               0.0
     "BPM.9L6.B1"       13173.73925                 1     133.558905076               0.0       135.2126565       30.36561155     139.703004263               0.0
     "BPM.8L6.B1"       13214.20424                 1     17.6606784444               0.0       18.86386505       30.48833405      18.473121164               0.0
   "BPMYA.5L6.B1"       13311.29423                 1     527.358774557               0.0       576.8072326        30.7339036     551.618816343               0.0
   "BPMYB.4L6.B1"       13347.69423                 1     203.141797705               0.0       225.3551484       30.74912326     212.486912907               0.0
   "BPMSA.4R6.B1"       13568.51473                 1     237.795867838               0.0       254.5630301       30.95582807     248.735171341               0.0
   "BPMYA.4R6.B1"       13691.29423                 1     509.142377353               0.0       573.8297065       31.00787876     532.564411736               0.0
   "BPMYB.5R6.B1"       13727.69423                 1     111.830108138               0.0       120.7891535       31.02888512     116.974619289               0.0
    "BPM.11R6.B1"       13954.79389                 1     35.8641404657               0.0       35.32712386       31.75757036     37.5139955327               0.0
    "BPM.12R6.B1"       14009.52037                 1     169.103604577               0.0       170.4229761       31.89361398     176.882863614               0.0
    "BPM.13R6.B1"       14062.97186                 1     31.1360623908               0.0       32.87662121       32.00924581     32.5684120759               0.0
    "BPM.14R6.B1"       14116.42334                 1       174.7375114               0.0       173.7588578       32.14617605     182.775946585               0.0
    "BPM.17R6.B1"       14276.77779                 1     33.0828390009               0.0       32.91556085       32.51814385     34.6047460882               0.0
    "BPM.19R6.B1"       14383.68076                 1     32.8678728733               0.0       31.51889039       32.77262488     34.3798908917               0.0
    "BPM.20R6.B1"       14437.13225                 1     175.657533397               0.0       174.5016795       32.91323081     183.738292276               0.0
    "BPM.21R6.B1"       14490.58373                 1     33.8097422226               0.0       32.91478852       33.02703912     35.3650889783               0.0
    "BPM.22R6.B1"       14544.03522                 1     182.910415831               0.0       172.9065002       33.16440245     191.324828457               0.0
    "BPM.23R6.B1"        14597.4867                 1     31.9807619502               0.0       32.89954089       33.27890599     33.4519702787               0.0
    "BPM.24R6.B1"       14650.93818                 1     170.804709851               0.0       172.9086952       33.41627076     178.662224693               0.0
    "BPM.25R6.B1"       14704.38967                 1     31.4978496963               0.0       32.90016379       33.53077209     32.9468426526               0.0
    "BPM.26R6.B1"       14757.84115                 1     172.529920586               0.0       172.9064302       33.66813632     180.466800153               0.0
    "BPM.27R6.B1"       14811.29264                 1     32.7487629331               0.0         32.899549       33.78263987     34.2553015469               0.0
    "BPM.29R6.B1"        14918.1956                 1     33.9423226811               0.0       32.90015534        34.0345059     35.5037685245               0.0
    "BPM.30R6.B1"       14971.64709                 1     179.891030808               0.0       172.9063627       34.17187019     188.166542916               0.0
    "BPM.31R6.B1"       15025.09857                 1     32.2419942372               0.0       32.89955779       34.28637375     33.7252200128               0.0
    "BPM.32R6.B1"       15078.55006                 1     164.122400318               0.0       172.9088301       34.42373839     171.672509431               0.0
    "BPM.33R6.B1"       15132.00154                 1     31.5517282017               0.0       32.90014622       34.53823971     33.0031997264               0.0
    "BPM.34R6.B1"       15185.45302                 1     176.412849594               0.0       172.9062979       34.67560406     184.528355222               0.0
    "BPM.33L7.B1"       15238.90451                 1     34.3975700702               0.0       32.89956723       34.79010763     35.9799586213               0.0
    "BPM.32L7.B1"       15292.35599                 1     171.462771511               0.0       172.9088936       34.92747221     179.350559109               0.0
    "BPM.31L7.B1"       15345.80748                 1     31.8947251785               0.0       32.90013647       35.04197353     33.3619755646               0.0
    "BPM.30L7.B1"       15399.25896                 1     173.367006345               0.0       172.9062359       35.17933793     181.342394299               0.0
    "BPM.29L7.B1"       15452.71045                 1     34.7408070547               0.0        32.8995773        35.2938415     36.3389855083               0.0
    "BPM.28L7.B1"       15506.16193                 1     172.320728863               0.0       172.9089541       35.43120603     180.247985001               0.0
    "BPM.27L7.B1"       15559.61341                 1      33.768827053               0.0       32.90012609       35.54570734     35.3222915915               0.0
    "BPM.26L7.B1"        15613.0649                 1     169.800307267               0.0       172.9061768        35.6830718     177.611616661               0.0
    "BPM.25L7.B1"       15666.51638                 1     33.3628376198               0.0       32.89958798       35.79757538     34.8976254603               0.0
    "BPM.24L7.B1"       15719.96787                 1      166.05655722               0.0       172.9090116       35.93493984     173.695643192               0.0
    "BPM.23L7.B1"       15773.41935                 1     33.3083152143               0.0       32.90011511       36.04944115     34.8405948651               0.0
    "BPM.22L7.B1"       15826.87083                 1     171.259052675               0.0       172.9061209       36.18680568     179.137468612               0.0
    "BPM.21L7.B1"       15880.32232                 1     33.7155539439               0.0       32.89959925       36.30130925      35.266567764               0.0
    "BPM.20L7.B1"        15933.7738                 1     181.547191757               0.0       174.5646964       36.43783228     189.898892099               0.0
    "BPM.17L7.B1"       16094.12825                 1     33.7949056006               0.0       32.92502084        36.8102053     35.3495698284               0.0
    "BPM.16L7.B1"       16147.57974                 1     189.591274075               0.0        174.119195       36.94689257     198.313025666               0.0
    "BPM.15L7.B1"       16201.03122                 1     29.8400567329               0.0       31.50229455       37.06394951     31.2127863775               0.0
    "BPM.14L7.B1"       16254.48271                 1     170.551909427               0.0        173.731458       37.20503681     178.397794712               0.0
    "BPM.13L7.B1"       16307.93419                 1     33.8282476773               0.0       32.94123056       37.31909572     35.3844457378               0.0
    "BPM.12L7.B1"       16361.38567                 1     163.813908573               0.0       168.3162799       37.45878799     171.349826166               0.0
    "BPM.11L7.B1"       16414.83716                 1     30.1638919473               0.0        31.4156062        37.5785266     31.5515189564               0.0
    "BPM.10L7.B1"       16467.61985                 1     149.720196864               0.0       159.4968211       37.72231549     156.607762611               0.0
     "BPM.9L7.B1"       16506.68684                 1     26.9213162767               0.0        25.8352186       37.81597601     28.1597753472               0.0
     "BPM.7L7.B1"       16586.21782                 1     63.8384234824               0.0        67.2066817       38.09126598     66.7751771612               0.0
     "BPM.6L7.B1"       16621.03582                 1     230.410498753               0.0       240.4385357       38.13795827     241.010053738               0.0
   "BPMWC.6L7.B1"       16633.13832                 1     223.922989245               0.0       238.4299536       38.14551791      234.22409987               0.0
   "BPMWE.5L7.B1"       16710.19232                 1     25.8414471999               0.0       28.93132311       38.33464748     27.0302291433               0.0
    "BPMW.5L7.B1"       16733.39732                 1     59.4468841566               0.0       65.83947785       38.43173704     62.1816142175               0.0
   "BPMWE.4L7.B1"       16768.48232                 1     249.224775219               0.0       277.5166264       38.47352541     260.689841797               0.0
    "BPMW.4L7.B1"       16796.58732                 1     322.781273256               0.0       342.5069838       38.48680076     337.630153287               0.0
    "BPMW.4R7.B1"       16912.63432                 1      43.729361856               0.0       45.93433561       38.67484765     45.7410400475               0.0
    "BPMW.5R7.B1"       16975.82432                 1     292.760583842               0.0       309.2923975       38.78398655     306.228424598               0.0
   "BPMWE.5R7.B1"       16999.02932                 1     309.566766291               0.0       349.9894117       38.79440234     323.807740459               0.0
    "BPMR.6R7.B1"       17078.24482                 1      58.910863574               0.0        59.2828978        38.8870777     61.6209351246               0.0
   "BPM_A.7R7.B1"       17116.28082                 1     127.809633382               0.0        127.874134        38.9671717     133.689249302               0.0
     "BPM.9R7.B1"        17194.4138                 1     108.417674566               0.0       108.6113909       39.28496583     113.405203819               0.0
    "BPM.10R7.B1"       17234.87878                 1      35.680914227               0.0       34.81349859       39.38460427     37.3223403526               0.0
    "BPM.11R7.B1"       17287.66147                 1     179.028240234               0.0       179.6221878       39.51149712     187.264061459               0.0
    "BPM.12R7.B1"       17342.38796                 1     32.4271958049               0.0       30.98983344       39.63185931     33.9189413928               0.0
    "BPM.13R7.B1"       17395.83944                 1     168.234857359               0.0       171.9742438       39.77544702     175.974151491               0.0
    "BPM.14R7.B1"       17449.29093                 1     32.7800347871               0.0       32.82282969        39.8904541     34.2880119973               0.0
    "BPM.15R7.B1"       17502.74241                 1     172.169072824               0.0       175.4195302       40.02674292     180.089352343               0.0
    "BPM.16R7.B1"       17556.19389                 1     31.7681531717               0.0       31.59138403        40.1430642     33.2295808763               0.0
    "BPM.17R7.B1"       17609.64538                 1     163.115522626               0.0       172.4144417        40.2846197     170.619312428               0.0
    "BPM.18R7.B1"       17663.09686                 1     31.8817122009               0.0       32.86554494       40.39936862      33.348363952               0.0
    "BPM.19R7.B1"       17716.54835                 1     185.153337321               0.0       174.9991676       40.53575831     193.670930877               0.0
    "BPM.20R7.B1"       17769.99983                 1     31.0994841585               0.0       31.55282419        40.6523383     32.5301511382               0.0
    "BPM.23R7.B1"       17930.35428                 1     171.210160261               0.0       172.9077162       41.04563718     179.086327005               0.0
    "BPM.24R7.B1"       17983.80577                 1     33.6353512552               0.0       32.89988454       41.16013951     35.1826755177               0.0
    "BPM.25R7.B1"       18037.25725                 1     171.588982331               0.0       172.9074405       41.29750398     179.482575995               0.0
    "BPM.26R7.B1"       18090.70874                 1     33.1600070895               0.0       32.89982464       41.41200654      34.685464134               0.0
    "BPM.27R7.B1"       18144.16022                 1     179.081567859               0.0       172.9077228       41.54937102     187.319842311               0.0
    "BPM.28R7.B1"        18197.6117                 1     34.6480026544               0.0       32.89988346       41.66387335     36.2419118349               0.0
    "BPM.29R7.B1"       18251.06319                 1      175.84324578               0.0       172.9074341       41.80123782     183.932547971               0.0
    "BPM.30R7.B1"       18304.51467                 1     32.1973793819               0.0       32.89982575       41.91574038     33.6785527441               0.0
    "BPM.31R7.B1"       18357.96616                 1     176.133768313               0.0        172.907729       42.05310486     184.236435387               0.0
    "BPM.32R7.B1"       18411.41764                 1     34.5208824565               0.0       32.89988233       42.16760719     36.1089437371               0.0
    "BPM.33R7.B1"       18464.86912                 1     176.729185534               0.0       172.9074281       42.30497167     184.859243538               0.0
    "BPM.34R7.B1"       18518.32061                 1     32.8278067904               0.0       32.89982691       42.41947423     34.3379816522               0.0
    "BPM.33L8.B1"       18571.77209                 1     172.801378344               0.0       172.9077348       42.55683871      180.75074576               0.0
    "BPM.32L8.B1"       18625.22358                 1     33.7849704864               0.0       32.89988113       42.67134103     35.3391776699               0.0
    "BPM.31L8.B1"       18678.67506                 1     171.132859794               0.0       172.9074224       42.80870552      179.00547049               0.0
    "BPM.30L8.B1"       18732.12654                 1     33.2883996845               0.0       32.89982814       42.92320808     34.8197631628               0.0
    "BPM.29L8.B1"       18785.57803                 1     176.439458443               0.0       172.9077404       43.06057255     184.556188155               0.0
    "BPM.28L8.B1"       18839.02951                 1     33.6274147549               0.0       32.89987987       43.17507487     35.1743739152               0.0
    "BPM.27L8.B1"         18892.481                 1     161.206992231               0.0        172.907417       43.31243937     168.622984069               0.0
    "BPM.25L8.B1"       18999.38397                 1     182.046753534               0.0       172.9077455       43.56430639     190.421435176               0.0
    "BPM.23L8.B1"       19106.28693                 1     165.675944667               0.0        172.907412       43.81617321     173.297521351               0.0
    "BPM.22L8.B1"       19159.73842                 1     34.1925990586               0.0       32.89983076       43.93067577     35.7655583454               0.0
    "BPM.21L8.B1"        19213.1899                 1     177.350192155               0.0       172.9077504       44.06804023     185.508818274               0.0
    "BPM.20L8.B1"       19266.64139                 1     32.0107748262               0.0       31.52453011        44.1855504     33.4833638345               0.0
    "BPM.19L8.B1"       19320.09287                 1     167.833750244               0.0       174.9181093       44.32590831     175.554592279               0.0
    "BPM.18L8.B1"       19373.54435                 1      34.626523319               0.0       32.90461086       44.43957341     36.2194443874               0.0
    "BPM.15L8.B1"       19533.89881                 1     169.817556112               0.0       175.3213232       44.83492832     177.629659003               0.0
    "BPM.14L8.B1"       19587.35029                 1     33.0495264095               0.0        32.8858192       44.94847408     34.5699010204               0.0
    "BPM.13L8.B1"       19640.80177                 1     165.161095479               0.0       172.1026377       45.08635444       172.7589876               0.0
    "BPM.12L8.B1"       19694.25326                 1     30.1020434051               0.0       31.37293495       45.20455088     31.4868252009               0.0
    "BPM.11L8.B1"       19747.70474                 1     171.038664745               0.0       172.5250638       45.34663709     178.906942194               0.0
    "BPM.10L8.B1"       19799.54543                 1     39.5587009896               0.0       36.73155567       45.45089375     41.3785166167               0.0
     "BPM.9L8.B1"       19838.61242                 1     116.828096147               0.0       116.6497955       45.56264025     122.202529324               0.0
     "BPM.8L8.B1"       19879.07741                 1     13.8211369639               0.0       14.69965899       45.72432814     14.4569495765               0.0
     "BPM.7L8.B1"        19918.1454                 1     151.581429385               0.0       157.3086004       45.89965505     158.554617256               0.0
    "BPMR.6L8.B1"        19950.6144                 1     14.3055545997               0.0       15.18895857       46.01190509     14.9636518366               0.0
   "BPMYB.4L8.B1"        20031.8004                 1     137.283513071               0.0       147.7706102         46.282222     143.598955089               0.0
   "BPMWB.4L8.B1"        20056.1919                 1     201.989596234               0.0       227.0523647       46.30501382     211.281706807               0.0
    "BPMS.2L8.B1"        20144.3364                 1     182.248334826               0.0       195.9886869       46.34282134     190.632289795               0.0
   "BPMSW.1L8.B1"        20154.2704                 1     150.326636197               0.0       158.4488479       46.35076145     157.242099922               0.0
   "BPMSW.1R8.B1"        20197.4604                 1     134.816228291               0.0       158.4488681       46.80682297     141.018168013               0.0
    "BPMS.2R8.B1"        20207.3944                 1     508.414374544               0.0       525.7496897       46.81297355     531.802918674               0.0
   "BPMSX.4R8.B1"        20245.3059                 1     286.433480497               0.0        333.385457       46.82652686     299.610256045               0.0
   "BPMWB.4R8.B1"        20295.4629                 1     277.085802798               0.0       285.9696942       46.85249538     289.832557908               0.0
   "BPMYB.4R8.B1"        20319.9304                 1     208.073583779               0.0       223.2398237       46.86685044     217.645575525               0.0
   "BPMYB.5R8.B1"        20340.5074                 1      61.386203148               0.0       65.38134792       46.89409074     64.2101475389               0.0
     "BPM.6R8.B1"        20424.6154                 1     140.016854862               0.0       141.7589033       47.24936918     146.458038575               0.0
   "BPM_A.7R8.B1"        20446.8554                 1     51.6447963102               0.0       49.54158699       47.29211854     54.0206075737               0.0
    "BPM.10R8.B1"       20567.82043                 1     169.537951443               0.0       171.6500136       47.72557715     177.337191704               0.0
    "BPM.11R8.B1"       20619.65914                 1     37.4052107317               0.0       37.28617047       47.82442681     39.1259595257               0.0
    "BPM.12R8.B1"       20674.38266                 1     165.339148198               0.0       163.8206717        47.9590259     172.945231263               0.0
    "BPM.13R8.B1"       20727.83117                 1     32.0745190997               0.0       33.41790804       48.07641291     33.5500405306               0.0
    "BPM.14R8.B1"       20781.27969                 1     166.205284344               0.0       171.6782551       48.21256525     173.851212197               0.0
    "BPM.15R8.B1"       20834.72821                 1     31.1605515707               0.0       33.49083193       48.32640076     32.5940278295               0.0
    "BPM.16R8.B1"       20888.17672                 1     161.848929083               0.0        171.675578       48.46255189     169.294451888               0.0
    "BPM.17R8.B1"       20941.62524                 1     34.9097314224               0.0       33.49134296       48.57638743     36.5156808896               0.0
    "BPM.18R8.B1"       20995.07375                 1     161.636921003               0.0       171.6782556       48.71253573     169.072690818               0.0
    "BPM.19R8.B1"       21048.52227                 1     33.9636070653               0.0       33.49083204       48.82637125     35.5260320525               0.0
    "BPM.22R8.B1"       21208.86782                 1     178.097222923               0.0       171.6782562       49.21250622     186.290214637               0.0
    "BPM.23R8.B1"       21262.31633                 1      33.400391974               0.0       33.49173786       49.32633988     34.9369074243               0.0
    "BPM.24R8.B1"       21315.76485                 1      168.39325936               0.0       171.6779638       49.46248731     176.139840446               0.0
    "BPM.25R8.B1"       21369.21337                 1     34.4786708558               0.0       33.49136377       49.57632186     36.0647902797               0.0
    "BPM.26R8.B1"       21422.66188                 1     173.403486198               0.0       171.6782558       49.71247016     181.380552332               0.0
    "BPM.27R8.B1"        21476.1104                 1     32.7753593031               0.0       33.49173786       49.82630382     34.2831214275               0.0
    "BPM.29R8.B1"       21583.00743                 1     33.8156552296               0.0       33.49136377       50.07628581     35.3712740008               0.0
    "BPM.30R8.B1"       21636.45594                 1     173.529993444               0.0       171.6782553       50.21243411      181.51287928               0.0
    "BPM.31R8.B1"       21689.90446                 1     35.3510709661               0.0       33.49173786       50.32626777     36.9773233396               0.0
    "BPM.32R8.B1"       21743.35298                 1     181.466529094               0.0       171.6779647        50.4624152     189.814518719               0.0
    "BPM.33R8.B1"       21796.80149                 1     33.6430773726               0.0       33.49136377       50.57624975      35.190757059               0.0
    "BPM.34R8.B1"       21850.25001                 1     175.984158094               0.0       171.6782549       50.71239806     184.079942663               0.0
    "BPM.33L1.B1"       21903.69852                 1     32.6799464613               0.0       33.49173786       50.82623172     34.1833193167               0.0
    "BPM.32L1.B1"       21957.14704                 1     181.024861517               0.0       171.6779651       50.96237915     189.352533145               0.0
    "BPM.31L1.B1"       22010.59556                 1     33.0168947333               0.0       33.49136377        51.0762137     34.5357681919               0.0
    "BPM.30L1.B1"       22064.04407                 1     174.965885747               0.0       171.6782545         51.212362     183.014826817               0.0
    "BPM.29L1.B1"       22117.49259                 1     32.5538282284               0.0       33.49173786       51.32619566     34.0513992772               0.0
    "BPM.28L1.B1"        22170.9411                 1     176.756308902               0.0       171.6779655        51.4623431      184.88761466               0.0
    "BPM.27L1.B1"       22224.38962                 1     34.0535963557               0.0       33.49136377       51.57617765     35.6201611127               0.0
    "BPM.26L1.B1"       22277.83814                 1     170.427378003               0.0       171.6782541       51.71232595     178.267534479               0.0
    "BPM.25L1.B1"       22331.28665                 1      35.292098969               0.0       33.49173786       51.82615961     36.9156384586               0.0
    "BPM.24L1.B1"       22384.73517                 1     182.529864976               0.0        171.677966       51.96230704     190.926771153               0.0
    "BPM.23L1.B1"       22438.18368                 1     35.0850804945               0.0       33.49136377       52.07614159     36.6990965305               0.0
    "BPM.22L1.B1"        22491.6322                 1     172.939628238               0.0       171.6782536        52.2122899     180.895355553               0.0
    "BPM.21L1.B1"       22545.08071                 1     35.3987852873               0.0       33.49173786       52.32612356     37.0272326588               0.0
    "BPM.20L1.B1"       22598.52923                 1     171.823805179               0.0       171.6756212       52.46227218     179.728201378               0.0
    "BPM.19L1.B1"       22651.97775                 1     34.4646122144               0.0       33.49134274       52.57610772     36.0500848997               0.0
    "BPM.18L1.B1"       22705.42626                 1     171.827263597               0.0       171.6782533       52.71225603     179.731818894               0.0
    "BPM.17L1.B1"       22758.87478                 1     34.3691433544               0.0       33.49173796       52.82608969     35.9502241937               0.0
    "BPM.16L1.B1"       22812.32329                 1     171.404721403               0.0       171.6756216       52.96223831     179.289838527               0.0
    "BPM.15L1.B1"       22865.77181                 1     32.9473229783               0.0       33.49134265       53.07607385     34.4629959333               0.0
    "BPM.14L1.B1"       22919.22033                 1     169.941986697               0.0       171.6782529       53.21222216     177.759813758               0.0
    "BPM.13L1.B1"       22972.66884                 1     33.3915375204               0.0       33.49173806       53.32605582       34.92764564               0.0
    "BPM.12L1.B1"       23026.11736                 1      170.22120587               0.0       168.1504141       53.46404064     178.051877827               0.0
    "BPM.11L1.B1"       23079.56587                 1     35.1558664874               0.0       37.52486372       53.57176455     36.7731388856               0.0
     "BPM.9L1.B1"        23171.4116                 1     22.3996947631               0.0       21.32865198       53.81084481     23.4301460558               0.0
    "BPMR.7L1.B1"       23250.94062                 1     30.4020740057               0.0       30.35301037       54.09404628     31.8006580842               0.0
    "BPMR.5L1.B1"       23326.02462                 1     25250.1851742               0.0       557.7754692       54.21734278     26411.7673399               0.0
   "BPMYA.4L1.B1"       23347.14262                 1     968.917184224               0.0       1054.102596       54.22172664     1013.49020075               0.0
   "BPMWB.4L1.B1"       23368.27512                 1     1218.23435446               0.0        1315.87094       54.22452905     1274.27668801               0.0
   "BPMSY.4L1.B1"       23461.05512                 1     2223.57618671               0.0       2485.084106       54.23269841     2325.86717684               0.0
    "BPMS.2L1.B1"       23487.84062                 1     3588.37095387               0.0        3889.92792       54.23384052       3753.446484               0.0
   "BPMSW.1L1.B1"       23497.79062                 1     1073.39536035               0.0       1164.535827        54.2346751     1122.77467772               0.0
   "BPMSW.1R1.B1"       23540.93362                 1     1087.60718328               0.0       1162.917516       54.72877337     1137.64028595               0.0
    "BPMS.2R1.B1"       23550.89862                 1     1505.10127051               0.0       1466.580942       54.72984829     1574.34031891               0.0
   "BPMSY.4R1.B1"       23577.68412                 1     4589.91979613               0.0       5153.600961       54.73150531     4801.06949424               0.0
   "BPMWB.4R1.B1"       23670.46412                 1     720.402077582               0.0       817.3378881       54.73870256     753.542674359               0.0
   "BPMYA.4R1.B1"       23691.59662                 1     310.076144239               0.0        369.609732       54.74493876     324.340551278               0.0
     "BPM.5R1.B1"       23719.00462                 1     108.190214815               0.0       119.2959437       54.76543758     113.167280257               0.0
    "BPMR.6R1.B1"       23750.90462                 1     9.05601113764               0.0       8.901368823       55.04470962     9.47261406379               0.0
   "BPMSX.7R1.B1"       23757.12012                 1     21.0478186381               0.0       20.14614964        55.1215284      22.016079686               0.0
     "BPM.8R1.B1"       23820.06761                 1     19.4687498985               0.0       18.49864084        55.3027891     20.3643691787               0.0
     "BPM.9R1.B1"        23859.1346                 1     109.570672692               0.0       110.3217168       55.50547469     114.611243222               0.0
    "BPM.10R1.B1"       23899.59958                 1      38.534595743               0.0       38.03715495       55.59735796     40.3072995417               0.0
    "BPM.11R1.B1"       23952.38227                 1     186.574589417               0.0       181.7854061       55.71867387     195.157564715               0.0
    "BPM.12R1.B1"       24007.10876                 1     37.8086965569               0.0       34.79005152       55.83050179     39.5480068757               0.0
    "BPM.13R1.B1"       24060.56024                 1     167.217821563               0.0       171.7485776       55.96323119     174.910329082               0.0
    "BPM.14R1.B1"       24114.01173                 1     33.9511008315               0.0       33.48868443       56.07707335     35.5129504955               0.0
    "BPM.15R1.B1"       24167.46321                 1     177.400976566               0.0       171.6894719       56.21323315     185.561938916               0.0
    "BPM.16R1.B1"       24220.91469                 1     34.9800367412               0.0       33.48813219       56.32707736     36.5892204581               0.0
    "BPM.17R1.B1"       24274.36618                 1     175.449314663               0.0       171.6914662       56.46323761     183.520494873               0.0
    "BPM.18R1.B1"       24327.81766                 1     35.0354532641               0.0       33.48868442       56.57707988     36.6471863028               0.0
    "BPM.19R1.B1"       24381.26915                 1     169.825265843               0.0       171.6894718       56.71323968     177.637723404               0.0
    "BPM.20R1.B1"       24434.72063                 1     33.3681544199               0.0        33.4881322        56.8270839     34.9031868487               0.0
    "BPM.21R1.B1"       24488.17211                 1     182.458938391               0.0       171.6914663       56.96324415     190.852581738               0.0
    "BPM.22R1.B1"        24541.6236                 1      30.951259563               0.0        33.4886844       57.07708642     32.3751077789               0.0
    "BPM.23R1.B1"       24595.07508                 1     175.632811776               0.0       171.6918168       57.21324503     183.712433388               0.0
    "BPM.24R1.B1"       24648.52657                 1      32.987261579               0.0       33.48905884        57.3270864     34.5047718261               0.0
    "BPM.25R1.B1"       24701.97805                 1     169.772031828               0.0       171.6915071       57.46324415     177.582040469               0.0
    "BPM.26R1.B1"       24755.42954                 1     33.5251931356               0.0        33.4886844       57.57708642     35.0674498033               0.0
    "BPM.27R1.B1"       24808.88102                 1       178.1691904               0.0       171.6918168       57.71324503     186.365492827               0.0
    "BPM.28R1.B1"        24862.3325                 1     30.7174828039               0.0       33.48905884        57.8270864     32.1305766071               0.0
    "BPM.29R1.B1"       24915.78399                 1     167.272474953               0.0       171.6915071       57.96324415     174.967496688               0.0
    "BPM.30R1.B1"       24969.23547                 1     35.6461190533               0.0        33.4886844       58.07708642     37.2859444993               0.0
    "BPM.31R1.B1"       25022.68696                 1     167.946950762               0.0       171.6918168       58.21324503     175.673000351               0.0
    "BPM.33L2.B1"       25236.49289                 1     166.406918578               0.0       171.6918168       58.71324503     174.062122194               0.0
    "BPM.32L2.B1"       25289.94438                 1     33.2716010927               0.0       33.48905884        58.8270864     34.8021917868               0.0
    "BPM.31L2.B1"       25343.39586                 1     163.095905856               0.0       171.6915071       58.96324415     170.598793229               0.0
    "BPM.30L2.B1"       25396.84734                 1     34.1137054652               0.0        33.4886844       59.07708642     35.6830354166               0.0
    "BPM.29L2.B1"       25450.29883                 1     167.861280226               0.0       171.6918168       59.21324503      175.58338872               0.0
    "BPM.28L2.B1"       25503.75031                 1     32.3982163228               0.0       33.48905884        59.3270864     33.8886287701               0.0
    "BPM.27L2.B1"        25557.2018                 1     172.325337725               0.0       171.6915071       59.46324415     180.252805885               0.0
    "BPM.26L2.B1"       25610.65328                 1     34.1812309883               0.0        33.4886844       59.57708642     35.7536673107               0.0
    "BPM.25L2.B1"       25664.10477                 1     174.050861993               0.0       171.6918168       59.71324503     182.057709302               0.0
    "BPM.24L2.B1"       25717.55625                 1     32.8282627123               0.0       33.48905884        59.8270864     34.3384585478               0.0
    "BPM.23L2.B1"       25771.00773                 1      169.11283785               0.0       171.6915071       59.96324415     176.892521645               0.0
    "BPM.22L2.B1"       25824.45922                 1     34.4832273142               0.0        33.4886844       60.07708642     36.0695563485               0.0
    "BPM.21L2.B1"        25877.9107                 1     169.652522488               0.0       171.6918168       60.21324503     177.457033351               0.0
    "BPM.20L2.B1"       25931.36219                 1     32.9104799186               0.0       33.48815312       60.32708825     34.4244579854               0.0
    "BPM.17L2.B1"       26091.71664                 1     168.012069135               0.0       171.6918167       60.71325156     175.741114359               0.0
    "BPM.16L2.B1"       26145.16812                 1     34.9449286681               0.0        33.4881531       60.82709479     36.5524973113               0.0
    "BPM.15L2.B1"       26198.61961                 1     175.702153526               0.0       171.6891214       60.96325623     183.784965062               0.0
    "BPM.14L2.B1"       26252.07109                 1     34.7167776191               0.0       33.48866353       61.07709949     36.3138506485               0.0
    "BPM.13L2.B1"       26305.52257                 1     169.665573666               0.0       171.6918166        61.2132581      177.47068492               0.0
    "BPM.12L2.B1"       26358.97406                 1     30.6198209609               0.0       31.47929129       61.33145893     32.0284220344               0.0
    "BPM.11L2.B1"       26412.42554                 1     183.305192579               0.0       174.6850902       61.47187703     191.737766087               0.0
    "BPM.10L2.B1"       26464.26623                 1      33.313463328               0.0       32.23807272       61.58317875      34.845979807               0.0
     "BPM.9L2.B1"       26503.33322                 1     118.018910164               0.0       115.6055364       61.70563118     123.448124259               0.0
     "BPM.8L2.B1"       26543.79821                 1     18.9737330788               0.0       18.34519332       61.84459768     19.8465801414               0.0
     "BPM.7L2.B1"        26582.8662                 1     110.752385137               0.0       115.9740203       62.02647857     115.847317887               0.0
    "BPMR.6L2.B1"        26614.9722                 1     23.8825598282               0.0       24.05271479       62.12478977      24.981227239               0.0