@ GetLLMVersion %s "V3.0.0 Dev"
@ Command %s "/afs/cern.ch/work/o/omc/anaconda/bin/python '/afs/cern.ch/work/e/efol/public/Beta-Beat.src/GetLLM/GetLLM.py' '--accel=LHCB1' '--model=/afs/cern.ch/work/e/efol/public/betabeatGui/temp/2017-12-20/models/LHCB1/Multiturn-model_40cm_2041/twiss.dat' '--files=/afs/cern.ch/work/e/efol/public/betabeatGui/temp/2017-12-20/LHCB1/Measurements/Beam1@Turn@2017_09_11@19_02_33_250/Beam1@Turn@2017_09_11@19_02_33_250.sdds' '--output=/afs/cern.ch/work/e/efol/public/betabeatGui/temp/2017-12-20/LHCB1/Results/40cm_cleaned' '--tbtana=SUSSIX' '--bpmu=mm' '--lhcphase=1' '--errordefs=/afs/cern.ch/work/e/efol/public/betabeatGui/temp/2017-12-20/models/LHCB1/Multiturn-model_40cm_2041/error_deff.txt'"
@ CWD %s "/home/efol/Workspaces/Accsoft-Eclipse-Pro/lhc-app-beta-beating"
@ Date %s "20. December 2017, 16:40:59"
@ Q1 %le 0.309853389971
@ Q2 %le 0.319421650825
@ RMSbetabeat %le 1.82257154516
@ RescalingFactor %le 1.18319468122
@ FILES %s "/afs/cern.ch/work/e/efol/public/betabeatGui/temp/2017-12-20/LHCB1/Measurements/Beam1@Turn@2017_09_11@19_02_33_250/Beam1@Turn@2017_09_11@19_02_33_250.sdds.linx"
*            NAME                 S             COUNT              BETX           BETXSTD           BETXMDL            MUXMDL           BETXRES        BETXSTDRES
$              %s               %le               %le               %le               %le               %le               %le               %le               %le
   "BPMYB.5L2.B1"            28.288                 1     138.474395698 1.48323969742e-08        175.128565     0.03145312858     163.842168475 1.75496132097e-08
   "BPMYB.4L2.B1"            48.858                 1     69.4294206963 1.48323969742e-08       84.35832101     0.05851807485     82.1485212883 1.75496132097e-08
   "BPMWI.4L2.B1"           73.3255                 1     68.6279975817 1.48323969742e-08       83.45002126      0.1097876872     81.2002817217 1.75496132097e-08
   "BPMSX.4L2.B1"          123.4825                 1      150.98502377 1.48323969742e-08       170.5391556      0.1788502064     178.644677069 1.75496132097e-08
    "BPMS.2L2.B1"           161.394                 1     62.4244430076 1.48323969742e-08       63.40330267       0.229253766     73.8602689449 1.75496132097e-08
   "BPMSW.1L2.B1"           171.328                 1     51.0387779485 1.48323969742e-08        56.6340898      0.2526788187     60.3888106048 1.75496132097e-08
   "BPMSW.1R2.B1"           214.518                 1      51.079639086 1.48323969742e-08        56.6345024      0.6146370966     60.4371572854 1.75496132097e-08
    "BPMS.2R2.B1"           224.452                 1     152.285762728 1.48323969742e-08       173.4266688       0.632582971     180.183704486 1.75496132097e-08
   "BPMSX.4R2.B1"          262.3635                 1     76.3270513435 1.48323969742e-08       100.2196997      0.6761117673     90.3097611832 1.75496132097e-08
   "BPMWB.4R2.B1"          312.5965                 1     89.0562657781 1.48323969742e-08       104.9354204      0.7575836096     105.370899998 1.75496132097e-08
   "BPMYB.4R2.B1"           336.988                 1     88.5992383849 1.48323969742e-08       101.2151279      0.7924101326     104.830147617 1.75496132097e-08
     "BPM.6R2.B1"           439.818                 1     152.032209339 1.48323969742e-08       181.6208991       1.036087404     179.883701465 1.75496132097e-08
   "BPM_A.7R2.B1"           452.693                 1      75.531203175 1.48323969742e-08       85.21587822        1.05258811     89.3681178631 1.75496132097e-08
     "BPM.8R2.B1"       494.1300106                 1     100.527418446 1.48323969742e-08       113.0897601       1.134746992     118.943506823 1.75496132097e-08
     "BPM.9R2.B1"       533.1950212                 1     14.9626381859 1.48323969742e-08       15.94722448       1.292805637     17.7037139187 1.75496132097e-08
    "BPM.10R2.B1"       573.6580318                 1     155.907365522 1.48323969742e-08       171.7411105       1.460281322     184.468765649 1.75496132097e-08
    "BPM.11R2.B1"       625.4967424                 1     30.4085708223 1.48323969742e-08       32.90159014       1.566688573     35.9792592606 1.75496132097e-08
    "BPM.14R2.B1"       787.1172901                 1     158.535130338 1.48323969742e-08         170.35043       1.960490566     187.577923003 1.75496132097e-08
    "BPM.15R2.B1"        840.565806                 1     31.7720766651 1.48323969742e-08       34.55300863       2.072703938     37.5925521216 1.75496132097e-08
    "BPM.16R2.B1"       894.0143219                 1      152.08935393 1.48323969742e-08       168.8433479       2.207282493     179.951314641 1.75496132097e-08
    "BPM.17R2.B1"       947.4628378                 1     31.6094104029 1.48323969742e-08       33.10170512       2.323083936     37.4000862653 1.75496132097e-08
    "BPM.18R2.B1"       1000.911354                 1     158.547382349 1.48323969742e-08       170.3630625       2.460771013     187.592419517 1.75496132097e-08
    "BPM.19R2.B1"        1054.35987                 1     31.4381307507 1.48323969742e-08       34.55282647       2.572979721     37.1974290919 1.75496132097e-08
    "BPM.20R2.B1"       1107.808386                 1     152.501797564 1.48323969742e-08       168.8307202       2.707565464     180.439315754 1.75496132097e-08
    "BPM.21R2.B1"       1161.256901                 1     30.8266057958 1.48323969742e-08       33.10189183       2.823371809     36.4738760178 1.75496132097e-08
    "BPM.22R2.B1"       1214.705417                 1     156.141865835 1.48323969742e-08       170.3756854        2.96105144     184.746225172 1.75496132097e-08
    "BPM.23R2.B1"       1268.153933                 1     30.8943590721 1.48323969742e-08       33.11661624       3.076157208     36.5540413339 1.75496132097e-08
    "BPM.24R2.B1"       1321.602449                 1     161.657653783 1.48323969742e-08       170.3730582       3.213836773     191.272476135 1.75496132097e-08
    "BPM.26R2.B1"       1428.499481                 1     168.506254777 1.48323969742e-08       170.3757138       3.466622864     199.375704405 1.75496132097e-08
    "BPM.27R2.B1"       1481.947997                 1     30.2123811234 1.48323969742e-08       33.11659909       3.581728657     35.7471286523 1.75496132097e-08
    "BPM.28R2.B1"       1535.396513                 1     164.797894016 1.48323969742e-08       170.3730331       3.719408284     194.987991677 1.75496132097e-08
    "BPM.29R2.B1"       1588.845029                 1     31.3947600409 1.48323969742e-08       33.11640494       3.834515594     37.1461130986 1.75496132097e-08
    "BPM.30R2.B1"       1642.293545                 1     161.373102978 1.48323969742e-08       170.3757357       3.972194287     190.935797136 1.75496132097e-08
    "BPM.31R2.B1"        1695.74206                 1     31.1815661333 1.48323969742e-08       33.11658144       4.087300109     36.8938632012 1.75496132097e-08
    "BPM.33R2.B1"       1802.639092                 1     31.0332802951 1.48323969742e-08       33.11642281       4.340087075     36.7184121861 1.75496132097e-08
    "BPM.34R2.B1"       1856.087608                 1     161.485519134 1.48323969742e-08       170.3757509        4.47776571     191.068807334 1.75496132097e-08
    "BPM.33L3.B1"       1909.536124                 1     31.4119926289 1.48323969742e-08       33.11656339       4.592871563     37.1665026051 1.75496132097e-08
    "BPM.32L3.B1"        1962.98464                 1     155.391412356 1.48323969742e-08       170.3730027       4.730551308     183.858292608 1.75496132097e-08
    "BPM.31L3.B1"       2016.433156                 1     30.7797774981 1.48323969742e-08       33.11644104       4.845658554      36.418469025 1.75496132097e-08
    "BPM.30L3.B1"       2069.881672                 1     155.056636683 1.48323969742e-08       170.3757594       4.983337132     183.462187812 1.75496132097e-08
    "BPM.29L3.B1"       2123.330188                 1     29.5504854145 1.48323969742e-08         33.116545       5.098443021     34.9639771701 1.75496132097e-08
    "BPM.28L3.B1"       2176.778704                 1     154.381807869 1.48323969742e-08       170.3729976        5.23612282     182.663733949 1.75496132097e-08
    "BPM.27L3.B1"        2230.22722                 1     31.1818525566 1.48323969742e-08       33.11645955       5.351230029     36.8942020957 1.75496132097e-08
    "BPM.26L3.B1"       2283.675735                 1     157.539714318 1.48323969742e-08       170.3757611       5.488908554     186.400152063 1.75496132097e-08
    "BPM.25L3.B1"       2337.124251                 1     32.3933009839 1.48323969742e-08       33.11652639       5.604014482     38.3275814314 1.75496132097e-08
    "BPM.24L3.B1"       2390.572767                 1     156.719568969 1.48323969742e-08       170.3729992       5.741694333     185.429760447 1.75496132097e-08
    "BPM.23L3.B1"       2444.021283                 1     31.1280941085 1.48323969742e-08       33.11647824       5.856801501     36.8305953858 1.75496132097e-08
    "BPM.22L3.B1"       2497.469799                 1     161.426761921 1.48323969742e-08       170.3757561       5.994479976     190.999286113 1.75496132097e-08
    "BPM.21L3.B1"       2550.918315                 1     30.8479417273 1.48323969742e-08       33.11650764       6.109585946     36.4991205785 1.75496132097e-08
    "BPM.20L3.B1"       2604.366831                 1     152.089695838 1.48323969742e-08       168.7740195       6.248110946     179.951719184 1.75496132097e-08
    "BPM.19L3.B1"       2657.815347                 1     30.4228330281 1.48323969742e-08       34.54002499       6.360982089     35.9961342266 1.75496132097e-08
    "BPM.18L3.B1"       2711.263863                 1     166.802667053 1.48323969742e-08       170.4266924       6.494760431     197.360028471 1.75496132097e-08
    "BPM.17L3.B1"       2764.712379                 1      34.272429783 1.48323969742e-08       33.11556542       6.609873695     40.5509566319 1.75496132097e-08
    "BPM.16L3.B1"       2818.160894                 1     151.377806566 1.48323969742e-08       168.7871945       6.748394012     179.109415584 1.75496132097e-08
    "BPM.15L3.B1"        2871.60941                 1     33.8536654166 1.48323969742e-08       34.54096274       6.861257971     40.0554768609 1.75496132097e-08
    "BPM.13L3.B1"       2978.506442                 1     31.9265678285 1.48323969742e-08       33.11463215       7.110161452     37.7753452444 1.75496132097e-08
    "BPM.12L3.B1"       3031.954958                 1      167.18407088 1.48323969742e-08       171.5175732       7.247251311     197.811303451 1.75496132097e-08
    "BPM.11L3.B1"       3085.403474                 1     25.7577412509 1.48323969742e-08        28.2592413       7.373708861     30.4764224484 1.75496132097e-08
    "BPM.10L3.B1"       3138.184185                 1     162.605799521 1.48323969742e-08       172.7569671       7.522788108     192.394317129 1.75496132097e-08
     "BPM.9L3.B1"       3177.249195                 1     49.4747063816 1.48323969742e-08       54.93815126       7.583724784     58.5382094458 1.75496132097e-08
     "BPM.8L3.B1"       3217.712206                 1     159.640112104 1.48323969742e-08       175.5991319       7.660416551     188.885331551 1.75496132097e-08
     "BPM.7L3.B1"       3256.776216                 1     52.4833433773 1.48323969742e-08       58.10046323       7.719364003     62.0980127368 1.75496132097e-08
     "BPM.6L3.B1"       3329.415216                 1     181.893299897 1.48323969742e-08       206.7756234       7.831510896     215.215184989 1.75496132097e-08
  "BPMWG.A5L3.B1"       3371.119716                 1     54.8287402604 1.48323969742e-08       68.26217692       7.888594994     64.8730738543 1.75496132097e-08
    "BPMW.5L3.B1"       3400.089716                 1      43.147672187 1.48323969742e-08       56.59279169       7.971952656     51.0520962389 1.75496132097e-08
   "BPMWE.4L3.B1"       3475.217716                 1     226.894110359 1.48323969742e-08       272.6641978        8.07532486     268.459904578 1.75496132097e-08
    "BPMW.4L3.B1"       3502.762716                 1     220.753542117 1.48323969742e-08       250.6035005       8.090528029     261.194416894 1.75496132097e-08
    "BPMW.4R3.B1"       3547.727716                 1      40.244864444 1.48323969742e-08       44.32448505       8.160679045     47.6175095567 1.75496132097e-08
   "BPMWE.4R3.B1"       3575.272716                 1     25.4309197693 1.48323969742e-08       30.72266468       8.308322669     30.0897290096 1.75496132097e-08
    "BPMW.5R3.B1"       3650.400716                 1     281.266265385 1.48323969742e-08       347.6581685       8.437850831     332.792749211 1.75496132097e-08
  "BPMWJ.A5R3.B1"       3679.118716                 1     245.127729241 1.48323969742e-08       302.5649998       8.450477678     290.033825458 1.75496132097e-08
   "BPMWC.6R3.B1"       3718.936716                 1     54.7860267909 1.48323969742e-08       64.79675564       8.496370937     64.8225355044 1.75496132097e-08
    "BPMR.6R3.B1"       3731.015216                 1      34.493624892 1.48323969742e-08       39.70879417       8.536481749     40.8126735083 1.75496132097e-08
     "BPM.8R3.B1"       3825.903227                 1     28.6375467437 1.48323969742e-08        35.2651492       8.835957198     33.8837929904 1.75496132097e-08
     "BPM.9R3.B1"       3864.968238                 1     111.149863058 1.48323969742e-08       128.5117235       8.940088827     131.511926789 1.75496132097e-08
    "BPM.10R3.B1"       3905.431248                 1     48.0763194976 1.48323969742e-08       54.67179092       9.014821952     56.8836455224 1.75496132097e-08
    "BPM.11R3.B1"       3958.211959                 1     173.171985322 1.48323969742e-08       183.5210003       9.107876696      204.89617197 1.75496132097e-08
    "BPM.12R3.B1"       4012.935475                 1      45.291792392 1.48323969742e-08       42.56129302       9.208659941     53.5890078613 1.75496132097e-08
    "BPM.13R3.B1"       4066.383991                 1     162.222798158 1.48323969742e-08       170.7795851       9.325472939     191.941151954 1.75496132097e-08
    "BPM.14R3.B1"       4119.832506                 1     29.1253751104 1.48323969742e-08       33.11851399       9.440563908     34.4609889193 1.75496132097e-08
    "BPM.15R3.B1"       4173.281022                 1     153.715225527 1.48323969742e-08       168.7497879       9.579096744     181.875037267 1.75496132097e-08
    "BPM.16R3.B1"       4226.729538                 1     22.2588034024 1.48323969742e-08       34.53801546       9.691981666     26.3364977961 1.75496132097e-08
    "BPM.17R3.B1"       4280.178054                 1     117.065012791 1.48323969742e-08       170.4508792       9.825752567     138.510700491 1.75496132097e-08
    "BPM.18R3.B1"        4333.62657                 1      29.969039733 1.48323969742e-08       33.11755551        9.94085164     35.4592084135 1.75496132097e-08
    "BPM.19R3.B1"       4387.075086                 1     159.036763688 1.48323969742e-08        168.762939       10.07937985     188.171452915 1.75496132097e-08
    "BPM.20R3.B1"       4440.523602                 1     33.6410058259 1.48323969742e-08       34.53896949       10.19225756     39.8038591642 1.75496132097e-08
    "BPM.22R3.B1"       4547.420634                 1     28.2875712187 1.48323969742e-08       33.11660593       10.44113938     33.4697038107 1.75496132097e-08
    "BPM.23R3.B1"        4600.86915                 1     160.876408609 1.48323969742e-08       170.3751177       10.57881784     190.348111001 1.75496132097e-08
    "BPM.25R3.B1"       4707.766181                 1     159.259493546 1.48323969742e-08       170.3736653       10.83160423     188.434985698 1.75496132097e-08
    "BPM.27R3.B1"       4814.663213                 1     163.198281048 1.48323969742e-08       170.3750681       11.08438929     193.095338121 1.75496132097e-08
    "BPM.28R3.B1"       4868.111729                 1     33.4688328931 1.48323969742e-08       33.11637287       11.19949583     39.6001450659 1.75496132097e-08
    "BPM.30R3.B1"       4975.008761                 1     29.7303347133 1.48323969742e-08       33.11662759       11.45228227     35.1767739038 1.75496132097e-08
    "BPM.31R3.B1"       5028.457277                 1     169.142306409 1.48323969742e-08       170.3750152       11.58996073     200.128277313 1.75496132097e-08
    "BPM.32R3.B1"       5081.905793                 1     31.0410566748 1.48323969742e-08       33.11636264       11.70506732     36.7276131572 1.75496132097e-08
    "BPM.33R3.B1"       5135.354309                 1     149.236106978 1.48323969742e-08       170.3737711       11.84274721     176.575368023 1.75496132097e-08
    "BPM.34R3.B1"       5188.802825                 1     30.1050712031 1.48323969742e-08       33.11663749       11.95785372     35.6201601254 1.75496132097e-08
    "BPM.33L4.B1"        5242.25134                 1     159.462877064 1.48323969742e-08       170.3749591       12.09553218     188.675627994 1.75496132097e-08
    "BPM.32L4.B1"       5295.699856                 1     30.4539109206 1.48323969742e-08       33.11635308       12.21063881     36.0329054237 1.75496132097e-08
    "BPM.31L4.B1"       5349.148372                 1     160.528723031 1.48323969742e-08       170.3738287       12.34831869     189.936731274 1.75496132097e-08
    "BPM.30L4.B1"       5402.596888                 1     30.2324323446 1.48323969742e-08       33.11664671       12.46342516     35.7708531506 1.75496132097e-08
    "BPM.29L4.B1"       5456.045404                 1     166.908328626 1.48323969742e-08       170.3749002       12.60110363     197.485046683 1.75496132097e-08
    "BPM.28L4.B1"        5509.49392                 1     29.6576125842 1.48323969742e-08       33.11634423        12.7162103     35.0907294675 1.75496132097e-08
    "BPM.27L4.B1"       5562.942436                 1     158.399084555 1.48323969742e-08       170.3738889       12.85389018     187.416954356 1.75496132097e-08
    "BPM.26L4.B1"       5616.390952                 1     29.8422636549 1.48323969742e-08       33.11665519        12.9689966     35.3092076322 1.75496132097e-08
    "BPM.25L4.B1"       5669.839468                 1     156.793334828 1.48323969742e-08       170.3748387       13.10667508      185.51703982 1.75496132097e-08
    "BPM.24L4.B1"       5723.287984                 1     31.2551697137 1.48323969742e-08       33.11633612       13.22178179      36.980950566 1.75496132097e-08
    "BPM.23L4.B1"         5776.7365                 1      155.54643776 1.48323969742e-08       170.3739515       13.35946166     184.041717841 1.75496132097e-08
    "BPM.22L4.B1"       5830.185015                 1      30.533493426 1.48323969742e-08        33.1166629       13.47456804     36.1270670208 1.75496132097e-08
    "BPM.21L4.B1"       5883.633531                 1     161.694278101 1.48323969742e-08        170.374775       13.61224654     191.315809833 1.75496132097e-08
    "BPM.20L4.B1"       5937.082047                 1     31.9847730921 1.48323969742e-08        34.5523301       13.72445156     37.8442134027 1.75496132097e-08
    "BPM.19L4.B1"       5990.530563                 1     156.378864473 1.48323969742e-08       168.8189486       13.85904485     185.026640701 1.75496132097e-08
    "BPM.18L4.B1"       6043.979079                 1      29.533297486 1.48323969742e-08       33.10237926        13.9748551     34.9436405044 1.75496132097e-08
    "BPM.17L4.B1"       6097.427595                 1     162.774760758 1.48323969742e-08       170.3873833       14.11252694     192.594231166 1.75496132097e-08
    "BPM.16L4.B1"       6150.876111                 1     34.8383640794 1.48323969742e-08       34.55213024       14.22472735     41.2205670813 1.75496132097e-08
    "BPM.15L4.B1"       6204.324627                 1      158.87024549 1.48323969742e-08       168.8063453       14.35932787     187.974429469 1.75496132097e-08
    "BPM.14L4.B1"       6257.773143                 1     30.8680956839 1.48323969742e-08       33.10258368       14.47514296     36.5229666326 1.75496132097e-08
    "BPM.13L4.B1"       6311.221659                 1     166.214403417 1.48323969742e-08       170.3999817       14.61280733     196.663998066 1.75496132097e-08
    "BPM.12L4.B1"       6364.670174                 1     32.3012616119 1.48323969742e-08       33.66441246       14.72676903      38.218680936 1.75496132097e-08
    "BPM.11L4.B1"        6418.11869                 1     154.304599334 1.48323969742e-08       166.5763012       14.86492988     182.572381221 1.75496132097e-08
    "BPM.10L4.B1"       6469.957401                 1     32.0672349254 1.48323969742e-08       31.52780044       14.98126706     37.9417818053 1.75496132097e-08
     "BPM.9L4.B1"       6509.022412                 1       99.47232794 1.48323969742e-08        111.000041       15.10739803     117.695129347 1.75496132097e-08
     "BPM.8L4.B1"       6549.485422                 1     22.3618321051 1.48323969742e-08       21.02823162       15.23843666     26.4584008092 1.75496132097e-08
     "BPM.7L4.B1"       6588.549433                 1      87.153635189 1.48323969742e-08       103.4394451       15.41380548     103.119717605 1.75496132097e-08
   "BPMYB.6L4.B1"       6685.153433                 1     106.135466509 1.48323969742e-08       134.8490532       15.55382553     125.578919462 1.75496132097e-08
   "BPMYA.5L4.B1"       6722.153433                 1      362.65748322 1.48323969742e-08       431.6814919       15.57941125     429.094405251 1.75496132097e-08
  "BPMWI.A5L4.B1"       6798.755933                 1      261.63432504 1.48323969742e-08       315.6044425        15.6113604     309.564341813 1.75496132097e-08
  "BPMWA.B5L4.B1"       6824.619933                 1     237.649021305 1.48323969742e-08       277.6303821       15.62528443     281.185058006 1.75496132097e-08
  "BPMWA.A5L4.B1"       6833.504933                 1     220.222064023 1.48323969742e-08       266.1917904       15.63048707      260.56557484 1.75496132097e-08
  "BPMWA.A5R4.B1"       6881.553933                 1     178.089117238 1.48323969742e-08       218.5680628       15.66240457       210.7140963 1.75496132097e-08
  "BPMWA.B5R4.B1"       6890.438933                 1     171.003107452 1.48323969742e-08       212.3939333       15.66896959      202.32996721 1.75496132097e-08
   "BPMYB.5R4.B1"       6992.829433                 1     183.715937458 1.48323969742e-08       217.2561595       15.75149725     217.371720056 1.75496132097e-08
   "BPMYA.6R4.B1"       7024.393433                 1     405.911520334 1.48323969742e-08       486.1398227       15.76697937     480.272351907 1.75496132097e-08
     "BPM.7R4.B1"       7120.909433                 1     21.2015172543 1.48323969742e-08       22.79889128       15.93450269     25.0855224492 1.75496132097e-08
     "BPM.8R4.B1"       7158.698443                 1     103.971726995 1.48323969742e-08       113.0607275       16.07991314     123.018794378 1.75496132097e-08
     "BPM.9R4.B1"       7197.763454                 1     16.9511384809 1.48323969742e-08        18.5713731       16.21624484     20.0564968913 1.75496132097e-08
    "BPM.10R4.B1"       7238.226465                 1     145.126085676 1.48323969742e-08       152.1990454        16.3816195     171.712412679 1.75496132097e-08
    "BPM.11R4.B1"       7290.065175                 1     31.8725370127 1.48323969742e-08       34.70392971       16.49278171     37.7114162705 1.75496132097e-08
    "BPM.12R4.B1"       7344.788691                 1     149.086885777 1.48323969742e-08        170.420853        16.6284393     176.398810292 1.75496132097e-08
    "BPM.13R4.B1"       7398.237207                 1     29.9445604893 1.48323969742e-08       33.47884206       16.74286491     35.4302447025 1.75496132097e-08
    "BPM.14R4.B1"       7451.685723                 1     163.136889714 1.48323969742e-08       171.6773885       16.87901446     193.022700221 1.75496132097e-08
    "BPM.15R4.B1"       7505.134239                 1      32.768069016 1.48323969742e-08       33.49086865       16.99285025     38.7710049737 1.75496132097e-08
    "BPM.16R4.B1"       7558.582755                 1     156.292038145 1.48323969742e-08       171.6764447       17.12900082      184.92390825 1.75496132097e-08
    "BPM.17R4.B1"       7612.031271                 1     33.6037169991 1.48323969742e-08       33.49130626       17.24283608     39.7597392227 1.75496132097e-08
    "BPM.18R4.B1"       7665.479786                 1     158.639404434 1.48323969742e-08       171.6773889       17.37898495     187.701299558 1.75496132097e-08
    "BPM.19R4.B1"       7718.928302                 1     31.3081076942 1.48323969742e-08        33.4908687       17.49282073     37.0435865029 1.75496132097e-08
    "BPM.20R4.B1"       7772.376818                 1     156.498244066 1.48323969742e-08       171.6764442        17.6289713         185.16789 1.75496132097e-08
    "BPM.21R4.B1"       7825.825334                 1      29.720283674 1.48323969742e-08       33.49130622       17.74280656     35.1648815676 1.75496132097e-08
    "BPM.22R4.B1"        7879.27385                 1     160.052699626 1.48323969742e-08       171.6773894       17.87895543     189.373502913 1.75496132097e-08
    "BPM.23R4.B1"       7932.722366                 1     31.6007674643 1.48323969742e-08       33.49177445       17.99278936     37.3898599863 1.75496132097e-08
    "BPM.24R4.B1"       7986.170882                 1     147.634514532 1.48323969742e-08       171.6788307       18.12893623     174.680372359 1.75496132097e-08
    "BPM.25R4.B1"       8039.619398                 1     33.8481627357 1.48323969742e-08       33.49132722       18.24277051     40.0489661181 1.75496132097e-08
    "BPM.26R4.B1"       8093.067914                 1     166.436883239 1.48323969742e-08       171.6773888       18.37891937     196.927235008 1.75496132097e-08
    "BPM.27R4.B1"        8146.51643                 1     31.0292447465 1.48323969742e-08       33.49177437       18.49275331     36.7136373464 1.75496132097e-08
    "BPM.28R4.B1"       8199.964946                 1     158.012751287 1.48323969742e-08       171.6788313       18.62890018     186.959846889 1.75496132097e-08
    "BPM.29R4.B1"       8253.413461                 1     30.8449790092 1.48323969742e-08        33.4913273       18.74273446     36.4956151062 1.75496132097e-08
    "BPM.30R4.B1"       8306.861977                 1     162.288440805 1.48323969742e-08       171.6773882       18.87888332     192.018819985 1.75496132097e-08
    "BPM.31R4.B1"       8360.310493                 1     34.3476986577 1.48323969742e-08        33.4917743       18.99271725      40.640014364 1.75496132097e-08
    "BPM.32R4.B1"       8413.759009                 1     151.225285373 1.48323969742e-08       171.6788318       19.12886413     178.928953319 1.75496132097e-08
    "BPM.33R4.B1"       8467.207525                 1      28.633298728 1.48323969742e-08       33.49132738        19.2426984     33.8787667609 1.75496132097e-08
    "BPM.34R4.B1"       8520.656041                 1     160.317989195 1.48323969742e-08       171.6773877       19.37884727      189.68739212 1.75496132097e-08
    "BPM.33L5.B1"       8574.104557                 1     30.9995180539 1.48323969742e-08       33.49177422        19.4926812     36.6784648818 1.75496132097e-08
    "BPM.32L5.B1"       8627.553073                 1     149.027179764 1.48323969742e-08       171.6788324       19.62882807     176.328166455 1.75496132097e-08
    "BPM.31L5.B1"       8681.001589                 1     30.2332383368 1.48323969742e-08       33.49132746       19.74266235     35.7718067963 1.75496132097e-08
    "BPM.30L5.B1"       8734.450105                 1      160.31754072 1.48323969742e-08       171.6773871       19.87881121     189.686861486 1.75496132097e-08
    "BPM.29L5.B1"        8787.89862                 1      30.164662835 1.48323969742e-08       33.49177414       19.99264515     35.6906686273 1.75496132097e-08
    "BPM.28L5.B1"       8841.347136                 1     156.915267841 1.48323969742e-08        171.678833       20.12879202     185.661310313 1.75496132097e-08
    "BPM.27L5.B1"       8894.795652                 1     28.9222836612 1.48323969742e-08       33.49132754       20.24262629     34.2206921967 1.75496132097e-08
    "BPM.26L5.B1"       8948.244168                 1     164.725539481 1.48323969742e-08       171.6773865       20.37877516     194.902382176 1.75496132097e-08
    "BPM.25L5.B1"       9001.692684                 1     21.8241345307 1.48323969742e-08       33.49177406       20.49260909      25.822199899 1.75496132097e-08
    "BPM.24L5.B1"         9055.1412                 1     153.257981897 1.48323969742e-08       171.6788335       20.62875597     181.334029036 1.75496132097e-08
    "BPM.23L5.B1"       9108.589716                 1     30.0656859979 1.48323969742e-08       33.49132762       20.74259024     35.5735597601 1.75496132097e-08
    "BPM.22L5.B1"       9162.038232                 1     167.702669684 1.48323969742e-08        171.677386       20.87873911     198.424906797 1.75496132097e-08
    "BPM.21L5.B1"       9215.486748                 1     31.2048651035 1.48323969742e-08       33.49177398       20.99257304     36.9214304188 1.75496132097e-08
    "BPM.20L5.B1"       9268.935264                 1     160.398410285 1.48323969742e-08        171.676489       21.12872111     189.782545926 1.75496132097e-08
    "BPM.19L5.B1"       9322.383779                 1     28.7404669786 1.48323969742e-08       33.49040098       21.24255822      34.005567665 1.75496132097e-08
    "BPM.17L5.B1"       9429.280811                 1     33.8424150802 1.48323969742e-08       33.49177398       21.49254352     40.0421655227 1.75496132097e-08
    "BPM.16L5.B1"       9482.729327                 1      155.26068608 1.48323969742e-08       171.6764903       21.62869159     183.703617973 1.75496132097e-08
    "BPM.15L5.B1"       9536.177843                 1     31.3498801062 1.48323969742e-08       33.49040098        21.7425287     37.0930113987 1.75496132097e-08
    "BPM.14L5.B1"       9589.626359                 1     170.120930098 1.48323969742e-08       171.6773425       21.87868007     201.286179656 1.75496132097e-08
    "BPM.13L5.B1"       9643.074875                 1     33.1525720864 1.48323969742e-08       33.49177397       21.99251401     39.2259469615 1.75496132097e-08
    "BPM.12L5.B1"       9696.523391                 1     157.254903807 1.48323969742e-08       168.1512586       22.13049826      186.06316578 1.75496132097e-08
    "BPM.11L5.B1"       9749.971907                 1     33.1349559319 1.48323969742e-08        37.5248342        22.2382219     39.2051036212 1.75496132097e-08
    "BPM.10L5.B1"       9802.752617                 1     148.101964991 1.48323969742e-08       150.3503314       22.36968741     175.233457256 1.75496132097e-08
     "BPM.9L5.B1"       9841.817628                 1     19.3905143177 1.48323969742e-08       21.32865309       22.47730301     22.9427534069 1.75496132097e-08
     "BPM.8L5.B1"       9882.280639                 1     112.825567444 1.48323969742e-08       118.0728601       22.66146928     133.494611305 1.75496132097e-08
    "BPMR.5L5.B1"       9990.140649                 1     385.746164797 1.48323969742e-08       462.1055391       22.88181088     456.412810491 1.75496132097e-08
   "BPMYA.4L5.B1"       10017.54665                 1     842.013131971 1.48323969742e-08       1054.043045        22.8881843     996.265459268 1.75496132097e-08
   "BPMWB.4L5.B1"       10038.68115                 1     1076.64243319 1.48323969742e-08       1315.864719       22.89098702     1273.87760053 1.75496132097e-08
   "BPMSY.4L5.B1"       10131.46115                 1     2109.88610045 1.48323969742e-08       2485.073071       22.89915642     2496.40601204 1.75496132097e-08
    "BPMS.2L5.B1"       10158.24665                 1     3071.75398832 1.48323969742e-08       3889.910817       22.90029854     3634.48298101 1.75496132097e-08
   "BPMSW.1L5.B1"       10168.21165                 1     1008.29876697 1.48323969742e-08       1162.912886       22.90113517     1193.01373816 1.75496132097e-08
   "BPMSW.1R5.B1"       10211.33965                 1     1028.83942094 1.48323969742e-08       1162.912184       23.39523136     1217.31733069 1.75496132097e-08
   "BPMWB.4R5.B1"       10340.87015                 1     710.957794467 1.48323969742e-08       817.3344555        23.4051606     841.201480987 1.75496132097e-08
   "BPMYA.4R5.B1"       10362.00265                 1     310.468606764 1.48323969742e-08       369.6082815       23.41139683      367.34480421 1.75496132097e-08
     "BPM.5R5.B1"       10383.12065                 1     155.247941506 1.48323969742e-08       168.4295663       23.42488375     183.688538661 1.75496132097e-08
    "BPMR.6R5.B1"       10415.02065                 1     7.34217862586 1.48323969742e-08       8.430381443       23.58150134     8.68722669871 1.75496132097e-08
   "BPM_A.7R5.B1"       10449.03465                 1     125.786990791 1.48323969742e-08       141.2419446       23.85403894     148.830498472 1.75496132097e-08
     "BPM.8R5.B1"       10490.47364                 1     19.4790931958 1.48323969742e-08       18.49863175       23.96924729     23.0475594644 1.75496132097e-08
     "BPM.9R5.B1"       10529.54063                 1     93.2747815136 1.48323969742e-08       110.3220925       24.17193213     110.362225379 1.75496132097e-08
    "BPM.10R5.B1"       10570.00562                 1     33.1006088696 1.48323969742e-08       38.03706263       24.26381535     39.1644643597 1.75496132097e-08
    "BPM.11R5.B1"       10622.78831                 1     176.481697884 1.48323969742e-08       181.7845149       24.38513182      208.81220627 1.75496132097e-08
    "BPM.12R5.B1"       10677.51479                 1     33.9492784075 1.48323969742e-08         34.790099       24.49695998     40.1686056431 1.75496132097e-08
    "BPM.13R5.B1"       10730.96627                 1     155.143003583 1.48323969742e-08       171.7494436       24.62968881     183.564376668 1.75496132097e-08
    "BPM.14R5.B1"       10784.41776                 1     29.8108991783 1.48323969742e-08       33.48864627        24.7435307     35.2720973503 1.75496132097e-08
    "BPM.15R5.B1"       10837.86924                 1      162.99574479 1.48323969742e-08       171.6886063       24.87969107     192.855698298 1.75496132097e-08
    "BPM.16R5.B1"       10891.32073                 1     33.4003472525 1.48323969742e-08       33.48817036       24.99353555     39.5191132202 1.75496132097e-08
    "BPM.17R5.B1"       10944.77221                 1     158.854582493 1.48323969742e-08       171.6923318       25.12969523     187.955897094 1.75496132097e-08
    "BPM.18R5.B1"        10998.2237                 1     28.8691662408 1.48323969742e-08       33.48864624       25.24353723     34.1578439475 1.75496132097e-08
    "BPM.19R5.B1"       11051.67518                 1     161.008982847 1.48323969742e-08       171.6886062        25.3796976     190.504972134 1.75496132097e-08
    "BPM.20R5.B1"       11105.12666                 1     30.8613530729 1.48323969742e-08       33.48817039       25.49354209     36.5149888113 1.75496132097e-08
    "BPM.21R5.B1"       11158.57815                 1     153.130342726 1.48323969742e-08       171.6923319       25.62970177     181.183007047 1.75496132097e-08
    "BPM.22R5.B1"       11212.02963                 1     30.2411301391 1.48323969742e-08       33.48864622       25.74354377     35.7811443348 1.75496132097e-08
    "BPM.23R5.B1"       11265.48112                 1     167.077247707 1.48323969742e-08       171.6909512       25.87970295      197.68491084 1.75496132097e-08
    "BPM.24R5.B1"        11318.9326                 1     31.2966638492 1.48323969742e-08       33.48909703       25.99354459     37.0300462064 1.75496132097e-08
    "BPM.25R5.B1"       11372.38408                 1     148.300048509 1.48323969742e-08       171.6923727       26.12970177     175.467828621 1.75496132097e-08
    "BPM.26R5.B1"       11425.83557                 1     30.7120138929 1.48323969742e-08       33.48864622       26.24354377     36.3382914878 1.75496132097e-08
    "BPM.27R5.B1"       11479.28705                 1     166.780427962 1.48323969742e-08       171.6909512       26.37970295     197.333715297 1.75496132097e-08
    "BPM.28R5.B1"       11532.73854                 1     31.4910822741 1.48323969742e-08       33.48909703       26.49354459     37.2600810527 1.75496132097e-08
    "BPM.29R5.B1"       11586.19002                 1     163.839682851 1.48323969742e-08       171.6923727       26.62970177     193.854241323 1.75496132097e-08
    "BPM.30R5.B1"        11639.6415                 1     31.7817452602 1.48323969742e-08       33.48864622       26.74354377     37.6039919519 1.75496132097e-08
    "BPM.31R5.B1"       11693.09299                 1      166.11277546 1.48323969742e-08       171.6909512       26.87970295     196.543752407 1.75496132097e-08
    "BPM.32R5.B1"       11746.54447                 1      30.070408218 1.48323969742e-08       33.48909703       26.99354459     35.5791470658 1.75496132097e-08
    "BPM.33R5.B1"       11799.99596                 1      154.31198736 1.48323969742e-08       171.6923727       27.12970177     182.581122693 1.75496132097e-08
    "BPM.34R5.B1"       11853.44744                 1     31.9377051952 1.48323969742e-08       33.48864622       27.24354377     37.7885229175 1.75496132097e-08
    "BPM.33L6.B1"       11906.89893                 1     165.031692934 1.48323969742e-08       171.6909512       27.37970295     195.264621313 1.75496132097e-08
    "BPM.32L6.B1"       11960.35041                 1     32.2072517986 1.48323969742e-08       33.48909703       27.49354459     38.1074490249 1.75496132097e-08
    "BPM.30L6.B1"       12067.25338                 1     31.1105913978 1.48323969742e-08       33.48864622       27.74354377     36.8098862716 1.75496132097e-08
    "BPM.29L6.B1"       12120.70486                 1     171.513927749 1.48323969742e-08       171.6909512       27.87970295     202.934367068 1.75496132097e-08
    "BPM.28L6.B1"       12174.15635                 1     32.6984090847 1.48323969742e-08       33.48909703       27.99354459     38.6885837135 1.75496132097e-08
    "BPM.27L6.B1"       12227.60783                 1     158.696430408 1.48323969742e-08       171.6923727       28.12970177     187.768772388 1.75496132097e-08
    "BPM.26L6.B1"       12281.05931                 1     30.2008444712 1.48323969742e-08       33.48864622       28.24354377     35.7334785468 1.75496132097e-08
    "BPM.25L6.B1"        12334.5108                 1      160.94518242 1.48323969742e-08       171.6909512       28.37970295     190.429483808 1.75496132097e-08
    "BPM.24L6.B1"       12387.96228                 1     31.5586123627 1.48323969742e-08       33.48909703       28.49354459     37.3399822944 1.75496132097e-08
    "BPM.23L6.B1"       12441.41377                 1     58.4829486377 1.48323969742e-08       171.6923727       28.62970177     69.1967137704 1.75496132097e-08
    "BPM.22L6.B1"       12494.86525                 1     30.4179480356 1.48323969742e-08       33.48864622       28.74354377     35.9903543295 1.75496132097e-08
    "BPM.21L6.B1"       12548.31673                 1     166.323402964 1.48323969742e-08       171.6909512       28.87970294      196.79296575 1.75496132097e-08
    "BPM.20L6.B1"       12601.76822                 1     33.2628462334 1.48323969742e-08       33.48819131       28.99354644     39.3564227457 1.75496132097e-08
    "BPM.19L6.B1"        12655.2197                 1     154.163141513 1.48323969742e-08       171.6899869       29.12970732     182.405009079 1.75496132097e-08
    "BPM.18L6.B1"       12708.67119                 1     31.3355274286 1.48323969742e-08        33.4886253       29.24355031     37.0760293869 1.75496132097e-08
    "BPM.17L6.B1"       12762.12267                 1     166.055952645 1.48323969742e-08       171.6909511       29.37970948     196.476519955 1.75496132097e-08
    "BPM.16L6.B1"       12815.57415                 1     30.1108708123 1.48323969742e-08        33.4881913       29.49355298     35.6270221921 1.75496132097e-08
    "BPM.15L6.B1"       12869.02564                 1     154.782145742 1.48323969742e-08        171.689987       29.62971385      183.13741159 1.75496132097e-08
    "BPM.14L6.B1"       12922.47712                 1     29.5949614809 1.48323969742e-08       33.48862531       29.74355684     35.0166010152 1.75496132097e-08
    "BPM.13L6.B1"       12975.92861                 1     162.133659037 1.48323969742e-08        171.690951       29.87971602      191.83568302 1.75496132097e-08
    "BPM.12L6.B1"       13029.38009                 1     31.1900371508 1.48323969742e-08       32.85380122       29.99488123      36.903886064 1.75496132097e-08
    "BPM.11L6.B1"       13082.83158                 1     155.309129312 1.48323969742e-08       177.4262416       30.12992819     183.760935748 1.75496132097e-08
    "BPM.10L6.B1"       13134.67226                 1     24.2571014603 1.48323969742e-08       29.61362466       30.24585235     28.7008734297 1.75496132097e-08
     "BPM.9L6.B1"       13173.73925                 1     124.791130642 1.48323969742e-08       135.2126565       30.36561155      147.65220204 1.75496132097e-08
     "BPM.8L6.B1"       13214.20424                 1     16.4617184629 1.48323969742e-08       18.86386505       30.48833405     19.4774177291 1.75496132097e-08
   "BPMYA.5L6.B1"       13311.29423                 1     491.737428689 1.48323969742e-08       576.8072326        30.7339036     581.821110184 1.75496132097e-08
   "BPMYB.4L6.B1"       13347.69423                 1     189.493498422 1.48323969742e-08       225.3551484       30.74912326      224.20769946 1.75496132097e-08
   "BPMSA.4R6.B1"       13568.51473                 1     222.014819245 1.48323969742e-08       254.5630301       30.95582807     262.686753283 1.75496132097e-08
   "BPMYA.4R6.B1"       13691.29423                 1     474.304878873 1.48323969742e-08       573.8297065       31.00787876     561.195009961 1.75496132097e-08
   "BPMYB.5R6.B1"       13727.69423                 1     104.126568738 1.48323969742e-08       120.7891535       31.02888512     123.202002304 1.75496132097e-08
    "BPM.11R6.B1"       13954.79389                 1     33.4810034436 1.48323969742e-08       35.32712386       31.75757036     39.6145451965 1.75496132097e-08
    "BPM.12R6.B1"       14009.52037                 1     157.972341209 1.48323969742e-08       170.4229761       31.89361398     186.912033899 1.75496132097e-08
    "BPM.13R6.B1"       14062.97186                 1     29.0329187169 1.48323969742e-08       32.87662121       32.00924581     34.3515950062 1.75496132097e-08
    "BPM.14R6.B1"       14116.42334                 1     162.872090551 1.48323969742e-08       173.7588578       32.14617605     192.709391259 1.75496132097e-08
    "BPM.17R6.B1"       14276.77779                 1     30.7761229024 1.48323969742e-08       32.91556085       32.51814385     36.4141449268 1.75496132097e-08
    "BPM.19R6.B1"       14383.68076                 1     30.7137536585 1.48323969742e-08       31.51889039       32.77262488     36.3403499691 1.75496132097e-08
    "BPM.20R6.B1"       14437.13225                 1     165.113689001 1.48323969742e-08       174.5016795       32.91323081     195.361638623 1.75496132097e-08
    "BPM.21R6.B1"       14490.58373                 1     31.3852626582 1.48323969742e-08       32.91478852       33.02703912      37.134875846 1.75496132097e-08
    "BPM.22R6.B1"       14544.03522                 1     169.583687814 1.48323969742e-08       172.9065002       33.16440245     200.650517443 1.75496132097e-08
    "BPM.23R6.B1"        14597.4867                 1     29.9719639374 1.48323969742e-08       32.89954089       33.27890599     35.4626683166 1.75496132097e-08
    "BPM.24R6.B1"       14650.93818                 1     160.406186776 1.48323969742e-08       172.9086952       33.41627076     189.791747029 1.75496132097e-08
    "BPM.25R6.B1"       14704.38967                 1     29.2211786582 1.48323969742e-08       32.90016379       33.53077209     34.5743431675 1.75496132097e-08
    "BPM.26R6.B1"       14757.84115                 1     159.979790364 1.48323969742e-08       172.9064302       33.66813632     189.287237062 1.75496132097e-08
    "BPM.27R6.B1"       14811.29264                 1      30.675759884 1.48323969742e-08         32.899549       33.78263987     36.2953959373 1.75496132097e-08
    "BPM.29R6.B1"        14918.1956                 1     31.4919254539 1.48323969742e-08       32.90015534        34.0345059     37.2610786985 1.75496132097e-08
    "BPM.30R6.B1"       14971.64709                 1     166.959302532 1.48323969742e-08       172.9063627       34.17187019     197.545358737 1.75496132097e-08
    "BPM.31R6.B1"       15025.09857                 1     30.2365260208 1.48323969742e-08       32.89955779       34.28637375     35.7756967665 1.75496132097e-08
    "BPM.32R6.B1"       15078.55006                 1      153.88852255 1.48323969742e-08       172.9088301       34.42373839     182.080081382 1.75496132097e-08
    "BPM.33R6.B1"       15132.00154                 1     29.2665666392 1.48323969742e-08       32.90014622       34.53823971     34.6280459851 1.75496132097e-08
    "BPM.34R6.B1"       15185.45302                 1      163.91534997 1.48323969742e-08       172.9062979       34.67560406     193.943770255 1.75496132097e-08
    "BPM.33L7.B1"       15238.90451                 1     32.1566995055 1.48323969742e-08       32.89956723       34.79010763     38.0476358206 1.75496132097e-08
    "BPM.32L7.B1"       15292.35599                 1     160.582175966 1.48323969742e-08       172.9088936       34.92747221     189.999976502 1.75496132097e-08
    "BPM.31L7.B1"       15345.80748                 1     29.6315064732 1.48323969742e-08       32.90013647       35.04197353     35.0598408557 1.75496132097e-08
    "BPM.30L7.B1"       15399.25896                 1     161.042338655 1.48323969742e-08       172.9062359       35.17933793     190.544438548 1.75496132097e-08
    "BPM.29L7.B1"       15452.71045                 1     32.5692774667 1.48323969742e-08        32.8995773        35.2938415     38.5357958698 1.75496132097e-08
    "BPM.28L7.B1"       15506.16193                 1     161.147404938 1.48323969742e-08       172.9089541       35.43120603     190.668752415 1.75496132097e-08
    "BPM.27L7.B1"       15559.61341                 1     31.4260326761 1.48323969742e-08       32.90012609       35.54570734     37.1831147143 1.75496132097e-08
    "BPM.26L7.B1"        15613.0649                 1     158.039125215 1.48323969742e-08       172.9061768        35.6830718     186.991052379 1.75496132097e-08
    "BPM.25L7.B1"       15666.51638                 1     31.2135539979 1.48323969742e-08       32.89958798       35.79757538     36.9317110724 1.75496132097e-08
    "BPM.24L7.B1"       15719.96787                 1     155.421099037 1.48323969742e-08       172.9090116       35.93493984     183.893417731 1.75496132097e-08
    "BPM.23L7.B1"       15773.41935                 1     30.9589475168 1.48323969742e-08       32.90011511       36.04944115     36.6304620382 1.75496132097e-08
    "BPM.22L7.B1"       15826.87083                 1     159.604739539 1.48323969742e-08       172.9061209       36.18680568     188.843478921 1.75496132097e-08
    "BPM.21L7.B1"       15880.32232                 1      31.545220054 1.48323969742e-08       32.89959925       36.30130925     37.3241365859 1.75496132097e-08
    "BPM.20L7.B1"        15933.7738                 1     169.826507433 1.48323969742e-08       174.5646964       36.43783228     200.937820326 1.75496132097e-08
    "BPM.17L7.B1"       16094.12825                 1     31.7001423726 1.48323969742e-08       32.92502084        36.8102053     37.5074398493 1.75496132097e-08
    "BPM.16L7.B1"       16147.57974                 1     177.449853957 1.48323969742e-08        174.119195       36.94689257     209.957723386 1.75496132097e-08
    "BPM.15L7.B1"       16201.03122                 1     27.6754261922 1.48323969742e-08       31.50229455       37.06394951     32.7454170712 1.75496132097e-08
    "BPM.14L7.B1"       16254.48271                 1     158.738543917 1.48323969742e-08        173.731458       37.20503681     187.818600868 1.75496132097e-08
    "BPM.13L7.B1"       16307.93419                 1     31.7136862809 1.48323969742e-08       32.94123056       37.31909572     37.5234649295 1.75496132097e-08
    "BPM.12L7.B1"       16361.38567                 1       153.2665592 1.48323969742e-08       168.3162799       37.45878799     181.344177655 1.75496132097e-08
    "BPM.11L7.B1"       16414.83716                 1       27.95573942 1.48323969742e-08        31.4156062        37.5785266     33.0770821915 1.75496132097e-08
    "BPM.10L7.B1"       16467.61985                 1     139.487610433 1.48323969742e-08       159.4968211       37.72231549     165.040998761 1.75496132097e-08
     "BPM.9L7.B1"       16506.68684                 1     25.2958108968 1.48323969742e-08        25.8352186       37.81597601     29.9298689103 1.75496132097e-08
     "BPM.7L7.B1"       16586.21782                 1     59.1396600882 1.48323969742e-08        67.2066817       38.09126598     69.9737312657 1.75496132097e-08
     "BPM.6L7.B1"       16621.03582                 1     213.845146346 1.48323969742e-08       240.4385357       38.13795827     253.020439762 1.75496132097e-08
   "BPMWC.6L7.B1"       16633.13832                 1      207.79797384 1.48323969742e-08       238.4299536       38.14551791     245.865457417 1.75496132097e-08
   "BPMWE.5L7.B1"       16710.19232                 1     24.1446169364 1.48323969742e-08       28.93132311       38.33464748     28.5677823393 1.75496132097e-08
    "BPMW.5L7.B1"       16733.39732                 1     55.6049461891 1.48323969742e-08       65.83947785       38.43173704     65.7914765807 1.75496132097e-08
   "BPMWE.4L7.B1"       16768.48232                 1     232.607285617 1.48323969742e-08       277.5166264       38.47352541     275.219703156 1.75496132097e-08
    "BPMW.4L7.B1"       16796.58732                 1     300.880067047 1.48323969742e-08       342.5069838       38.48680076     355.999695016 1.75496132097e-08
    "BPMW.4R7.B1"       16912.63432                 1     40.4355020809 1.48323969742e-08       45.93433561       38.67484765     47.8430709947 1.75496132097e-08
    "BPMW.5R7.B1"       16975.82432                 1     274.316597289 1.48323969742e-08       309.2923975       38.78398655     324.569938884 1.75496132097e-08
   "BPMWE.5R7.B1"       16999.02932                 1     290.386832541 1.48323969742e-08       349.9894117       38.79440234      343.58415576 1.75496132097e-08
    "BPMR.6R7.B1"       17078.24482                 1     55.4067559622 1.48323969742e-08        59.2828978        38.8870777     65.5569789583 1.75496132097e-08
   "BPM_A.7R7.B1"       17116.28082                 1     119.365373045 1.48323969742e-08        127.874134        38.9671717     141.232474509 1.75496132097e-08
     "BPM.9R7.B1"        17194.4138                 1      101.71468487 1.48323969742e-08       108.6113909       39.28496583      120.34827414 1.75496132097e-08
    "BPM.10R7.B1"       17234.87878                 1     33.4981903722 1.48323969742e-08       34.81349859       39.38460427      39.634880679 1.75496132097e-08
    "BPM.11R7.B1"       17287.66147                 1     166.415849937 1.48323969742e-08       179.6221878       39.51149712     196.902348516 1.75496132097e-08
    "BPM.12R7.B1"       17342.38796                 1      29.947570623 1.48323969742e-08       30.98983344       39.63185931     35.4338062767 1.75496132097e-08
    "BPM.13R7.B1"       17395.83944                 1     157.478514676 1.48323969742e-08       171.9742438       39.77544702     186.327740972 1.75496132097e-08
    "BPM.14R7.B1"       17449.29093                 1     30.8220892277 1.48323969742e-08       32.82282969        39.8904541     36.4685320384 1.75496132097e-08
    "BPM.15R7.B1"       17502.74241                 1     159.867611544 1.48323969742e-08       175.4195302       40.02674292     189.154507679 1.75496132097e-08
    "BPM.16R7.B1"       17556.19389                 1     29.3064252272 1.48323969742e-08       31.59138403        40.1430642     34.6752064545 1.75496132097e-08
    "BPM.17R7.B1"       17609.64538                 1     152.994224283 1.48323969742e-08       172.4144417        40.2846197      181.02195243 1.75496132097e-08
    "BPM.18R7.B1"       17663.09686                 1     29.9470205223 1.48323969742e-08       32.86554494       40.39936862     35.4331554005 1.75496132097e-08
    "BPM.19R7.B1"       17716.54835                 1     171.698094961 1.48323969742e-08       174.9991676       40.53575831     203.152272734 1.75496132097e-08
    "BPM.20R7.B1"       17769.99983                 1     28.6883211934 1.48323969742e-08       31.55282419        40.6523383     33.9438690493 1.75496132097e-08
    "BPM.23R7.B1"       17930.35428                 1     158.427227258 1.48323969742e-08       172.9077162       41.04563718     187.450252653 1.75496132097e-08
    "BPM.24R7.B1"       17983.80577                 1      31.045075538 1.48323969742e-08       32.89988454       41.16013951     36.7323682548 1.75496132097e-08
    "BPM.25R7.B1"       18037.25725                 1      161.08185809 1.48323969742e-08       172.9074405       41.29750398     190.591197734 1.75496132097e-08
    "BPM.26R7.B1"       18090.70874                 1     31.1470358887 1.48323969742e-08       32.89982464       41.41200654     36.8530071994 1.75496132097e-08
    "BPM.27R7.B1"       18144.16022                 1     165.840503552 1.48323969742e-08       172.9077228       41.54937102     196.221601734 1.75496132097e-08
    "BPM.28R7.B1"        18197.6117                 1     32.0319479383 1.48323969742e-08       32.89988346       41.66387335     37.9000304299 1.75496132097e-08
    "BPM.29R7.B1"       18251.06319                 1     165.217580831 1.48323969742e-08       172.9074341       41.80123782     195.484562883 1.75496132097e-08
    "BPM.30R7.B1"       18304.51467                 1     30.1810497122 1.48323969742e-08       32.89982575       41.91574038     35.7100574932 1.75496132097e-08
    "BPM.31R7.B1"       18357.96616                 1     163.193577625 1.48323969742e-08        172.907729       42.05310486     193.089773056 1.75496132097e-08
    "BPM.32R7.B1"       18411.41764                 1     31.9840585432 1.48323969742e-08       32.89988233       42.16760719     37.8433679523 1.75496132097e-08
    "BPM.33R7.B1"       18464.86912                 1     165.936224791 1.48323969742e-08       172.9074281       42.30497167     196.334858596 1.75496132097e-08
    "BPM.34R7.B1"       18518.32061                 1     30.7603876133 1.48323969742e-08       32.89982691       42.41947423     36.3955270164 1.75496132097e-08
    "BPM.33L8.B1"       18571.77209                 1     160.338578833 1.48323969742e-08       172.9077348       42.55683871      189.71175367 1.75496132097e-08
    "BPM.32L8.B1"       18625.22358                 1      31.356234408 1.48323969742e-08       32.89988113       42.67134103     37.1005297748 1.75496132097e-08
    "BPM.31L8.B1"       18678.67506                 1     160.354815065 1.48323969742e-08       172.9074224       42.80870552     189.730964294 1.75496132097e-08
    "BPM.30L8.B1"       18732.12654                 1     31.1403228826 1.48323969742e-08       32.89982814       42.92320808     36.8450644063 1.75496132097e-08
    "BPM.29L8.B1"       18785.57803                 1     163.567216019 1.48323969742e-08       172.9077404       43.06057255     193.531860016 1.75496132097e-08
    "BPM.28L8.B1"       18839.02951                 1     31.2216619456 1.48323969742e-08       32.89987987       43.17507487      36.941304353 1.75496132097e-08
    "BPM.27L8.B1"         18892.481                 1     150.993843822 1.48323969742e-08        172.907417       43.31243937     178.655112908 1.75496132097e-08
    "BPM.25L8.B1"       18999.38397                 1      169.00408626 1.48323969742e-08       172.9077455       43.56430639     199.964735967 1.75496132097e-08
    "BPM.23L8.B1"       19106.28693                 1     154.972702343 1.48323969742e-08        172.907412       43.81617321     183.362877147 1.75496132097e-08
    "BPM.22L8.B1"       19159.73842                 1     31.9707922818 1.48323969742e-08       32.89983076       43.93067577     37.8276713823 1.75496132097e-08
    "BPM.21L8.B1"        19213.1899                 1     164.400414378 1.48323969742e-08       172.9077504       44.06804023     194.517695883 1.75496132097e-08
    "BPM.20L8.B1"       19266.64139                 1     29.7940685662 1.48323969742e-08       31.52453011        44.1855504     35.2521834596 1.75496132097e-08
    "BPM.19L8.B1"       19320.09287                 1     157.069693635 1.48323969742e-08       174.9181093       44.32590831     185.844026091 1.75496132097e-08
    "BPM.18L8.B1"       19373.54435                 1     32.3388157647 1.48323969742e-08       32.90461086       44.43957341     38.2631148099 1.75496132097e-08
    "BPM.15L8.B1"       19533.89881                 1     158.832469535 1.48323969742e-08       175.3213232       44.83492832      187.92973316 1.75496132097e-08
    "BPM.14L8.B1"       19587.35029                 1     30.8805875014 1.48323969742e-08        32.8858192       44.94847408     36.5377468847 1.75496132097e-08
    "BPM.13L8.B1"       19640.80177                 1      152.59441903 1.48323969742e-08       172.1026377       45.08635444     180.548904981 1.75496132097e-08
    "BPM.12L8.B1"       19694.25326                 1      27.997589086 1.48323969742e-08       31.37293495       45.20455088     33.1265984937 1.75496132097e-08
    "BPM.11L8.B1"       19747.70474                 1     159.821191201 1.48323969742e-08       172.5250638       45.34663709     189.099583376 1.75496132097e-08
    "BPM.10L8.B1"       19799.54543                 1     36.9244495906 1.48323969742e-08       36.73155567       45.45089375     43.6888123627 1.75496132097e-08
     "BPM.9L8.B1"       19838.61242                 1     108.196289394 1.48323969742e-08       116.6497955       45.56264025     128.017274139 1.75496132097e-08
     "BPM.8L8.B1"       19879.07741                 1     12.8808223226 1.48323969742e-08       14.69965899       45.72432814     15.2405204618 1.75496132097e-08
     "BPM.7L8.B1"        19918.1454                 1     141.989815145 1.48323969742e-08       157.3086004       45.89965505     168.001594067 1.75496132097e-08
    "BPMR.6L8.B1"        19950.6144                 1     13.3116436839 1.48323969742e-08       15.18895857       46.01190509     15.7502660051 1.75496132097e-08
   "BPMYB.4L8.B1"        20031.8004                 1      128.35903451 1.48323969742e-08       147.7706102         46.282222     151.873726919 1.75496132097e-08
   "BPMWB.4L8.B1"        20056.1919                 1     189.078272969 1.48323969742e-08       227.0523647       46.30501382     223.716406912 1.75496132097e-08
    "BPMS.2L8.B1"        20144.3364                 1     171.063061076 1.48323969742e-08       195.9886869       46.34282134     202.400904019 1.75496132097e-08
   "BPMSW.1L8.B1"        20154.2704                 1     141.165386996 1.48323969742e-08       158.4488479       46.35076145     167.026135067 1.75496132097e-08
   "BPMSW.1R8.B1"        20197.4604                 1     126.483912785 1.48323969742e-08       158.4488681       46.80682297     149.655092867 1.75496132097e-08
    "BPMS.2R8.B1"        20207.3944                 1     476.418123478 1.48323969742e-08       525.7496897       46.81297355     563.695389738 1.75496132097e-08
   "BPMSX.4R8.B1"        20245.3059                 1     269.051477896 1.48323969742e-08        333.385457       46.82652686     318.340277622 1.75496132097e-08
   "BPMWB.4R8.B1"        20295.4629                 1     260.189882184 1.48323969742e-08       285.9696942       46.85249538     307.855284708 1.75496132097e-08
   "BPMYB.4R8.B1"        20319.9304                 1     195.303989889 1.48323969742e-08       223.2398237       46.86685044     231.082642059 1.75496132097e-08
   "BPMYB.5R8.B1"        20340.5074                 1     57.6618152504 1.48323969742e-08       65.38134792       46.89409074     68.2251531139 1.75496132097e-08
     "BPM.6R8.B1"        20424.6154                 1     130.567586785 1.48323969742e-08       141.7589033       47.24936918     154.486874224 1.75496132097e-08
   "BPM_A.7R8.B1"        20446.8554                 1     48.2926007098 1.48323969742e-08       49.54158699       47.29211854     57.1395483023 1.75496132097e-08
    "BPM.10R8.B1"       20567.82043                 1     158.038862559 1.48323969742e-08       171.6500136       47.72557715     186.990741607 1.75496132097e-08
    "BPM.11R8.B1"       20619.65914                 1     35.0776076396 1.48323969742e-08       37.28617047       47.82442681     41.5036387893 1.75496132097e-08
    "BPM.12R8.B1"       20674.38266                 1     154.507283174 1.48323969742e-08       163.8206717        47.9590259     182.812195662 1.75496132097e-08
    "BPM.13R8.B1"       20727.83117                 1     29.6871082741 1.48323969742e-08       33.41790804       48.07641291     35.1256286108 1.75496132097e-08
    "BPM.14R8.B1"       20781.27969                 1      154.76091954 1.48323969742e-08       171.6782551       48.21256525     183.112296861 1.75496132097e-08
    "BPM.15R8.B1"       20834.72821                 1     29.2010266321 1.48323969742e-08       33.49083193       48.32640076     34.5504993974 1.75496132097e-08
    "BPM.16R8.B1"       20888.17672                 1     150.946010116 1.48323969742e-08        171.675578       48.46255189     178.598516322 1.75496132097e-08
    "BPM.17R8.B1"       20941.62524                 1     32.6308705201 1.48323969742e-08       33.49134296       48.57638743     38.6086724431 1.75496132097e-08
    "BPM.18R8.B1"       20995.07375                 1     150.713963061 1.48323969742e-08       171.6782556       48.71253573      178.32395948 1.75496132097e-08
    "BPM.19R8.B1"       21048.52227                 1     31.6071737481 1.48323969742e-08       33.49083204       48.82637125     37.3974398673 1.75496132097e-08
    "BPM.22R8.B1"       21208.86782                 1     166.223887265 1.48323969742e-08       171.6782562       49.21250622     196.675219304 1.75496132097e-08
    "BPM.23R8.B1"       21262.31633                 1     31.0210327441 1.48323969742e-08       33.49173786       49.32633988     36.7039209489 1.75496132097e-08
    "BPM.24R8.B1"       21315.76485                 1     156.940037986 1.48323969742e-08       171.6779638       49.46248731     185.690618216 1.75496132097e-08
    "BPM.25R8.B1"       21369.21337                 1     32.3046873998 1.48323969742e-08       33.49136377       49.57632186       38.22273431 1.75496132097e-08
    "BPM.26R8.B1"       21422.66188                 1     161.806850174 1.48323969742e-08       171.6782558       49.71247016     191.449004511 1.75496132097e-08
    "BPM.27R8.B1"        21476.1104                 1     30.3987916771 1.48323969742e-08       33.49173786       49.82630382      35.967688628 1.75496132097e-08
    "BPM.29R8.B1"       21583.00743                 1     31.5925108895 1.48323969742e-08       33.49136377       50.07628581     37.3800908509 1.75496132097e-08
    "BPM.30R8.B1"       21636.45594                 1     161.871660634 1.48323969742e-08       171.6782553       50.21243411     191.525687903 1.75496132097e-08
    "BPM.31R8.B1"       21689.90446                 1     32.9414881167 1.48323969742e-08       33.49173786       50.32626777     38.9761935313 1.75496132097e-08
    "BPM.32R8.B1"       21743.35298                 1     169.195878905 1.48323969742e-08       171.6779647        50.4624152     200.191664005 1.75496132097e-08
    "BPM.33R8.B1"       21796.80149                 1     31.3954307903 1.48323969742e-08       33.49136377       50.57624975     37.1469067258 1.75496132097e-08
    "BPM.34R8.B1"       21850.25001                 1     164.189622283 1.48323969742e-08       171.6782549       50.71239806     194.268287798 1.75496132097e-08
    "BPM.33L1.B1"       21903.69852                 1     30.4255761011 1.48323969742e-08       33.49173786       50.82623172      35.999379816 1.75496132097e-08
    "BPM.32L1.B1"       21957.14704                 1     168.835983594 1.48323969742e-08       171.6779651       50.96237915     199.765837788 1.75496132097e-08
    "BPM.31L1.B1"       22010.59556                 1     30.8152943406 1.48323969742e-08       33.49136377        51.0762137     36.4604923642 1.75496132097e-08
    "BPM.30L1.B1"       22064.04407                 1      163.12060072 1.48323969742e-08       171.6782545         51.212362      193.00342717 1.75496132097e-08
    "BPM.29L1.B1"       22117.49259                 1     30.4135911102 1.48323969742e-08       33.49173786       51.32619566     35.9851992385 1.75496132097e-08
    "BPM.28L1.B1"        22170.9411                 1     164.796788296 1.48323969742e-08       171.6779655        51.4623431     194.986683394 1.75496132097e-08
    "BPM.27L1.B1"       22224.38962                 1     31.7549059678 1.48323969742e-08       33.49136377       51.57617765     37.5722358438 1.75496132097e-08
    "BPM.26L1.B1"       22277.83814                 1     158.891224921 1.48323969742e-08       171.6782541       51.71232595      187.99925222 1.75496132097e-08
    "BPM.25L1.B1"       22331.28665                 1     32.8828030671 1.48323969742e-08       33.49173786       51.82615961     38.9067576928 1.75496132097e-08
    "BPM.24L1.B1"       22384.73517                 1     170.318786337 1.48323969742e-08        171.677966       51.96230704     201.520282106 1.75496132097e-08
    "BPM.23L1.B1"       22438.18368                 1     32.5764715849 1.48323969742e-08       33.49136377       52.07614159     38.5443079122 1.75496132097e-08
    "BPM.22L1.B1"        22491.6322                 1     161.132069335 1.48323969742e-08       171.6782536        52.2122899     190.650607412 1.75496132097e-08
    "BPM.21L1.B1"       22545.08071                 1     33.0853583424 1.48323969742e-08       33.49173786       52.32612356     39.1464200171 1.75496132097e-08
    "BPM.20L1.B1"       22598.52923                 1     160.401538626 1.48323969742e-08       171.6756212       52.46227218     189.786247362 1.75496132097e-08
    "BPM.19L1.B1"       22651.97775                 1     31.9722437109 1.48323969742e-08       33.49134274       52.57610772     37.8293887055 1.75496132097e-08
    "BPM.18L1.B1"       22705.42626                 1     160.107228894 1.48323969742e-08       171.6782533       52.71225603     189.438021653 1.75496132097e-08
    "BPM.17L1.B1"       22758.87478                 1     32.2039187386 1.48323969742e-08       33.49173796       52.82608969     38.1035053661 1.75496132097e-08
    "BPM.16L1.B1"       22812.32329                 1     159.934042353 1.48323969742e-08       171.6756216       52.96223831     189.233108259 1.75496132097e-08
    "BPM.15L1.B1"       22865.77181                 1     30.6708630228 1.48323969742e-08       33.49134265       53.07607385     36.2896019971 1.75496132097e-08
    "BPM.14L1.B1"       22919.22033                 1     158.336417597 1.48323969742e-08       171.6782529       53.21222216     187.342807145 1.75496132097e-08
    "BPM.13L1.B1"       22972.66884                 1     31.1884750346 1.48323969742e-08       33.49173806       53.32605582     36.9020377764 1.75496132097e-08
    "BPM.12L1.B1"       23026.11736                 1     158.880003008 1.48323969742e-08       168.1504141       53.46404064     187.985974512 1.75496132097e-08
    "BPM.11L1.B1"       23079.56587                 1     32.6539600759 1.48323969742e-08       37.52486372       53.57176455     38.6359918827 1.75496132097e-08
     "BPM.9L1.B1"        23171.4116                 1     20.9600005129 1.48323969742e-08       21.32865198       53.81084481     24.7997611253 1.75496132097e-08
    "BPMR.7L1.B1"       23250.94062                 1     28.2255098886 1.48323969742e-08       30.35301037       54.09404628      33.396273175 1.75496132097e-08
    "BPMR.5L1.B1"       23326.02462                 1     22795.2795927 1.48323969742e-08       557.7754692       54.21734278     26971.2535711 1.75496132097e-08
   "BPMYA.4L1.B1"       23347.14262                 1     902.041113981 1.48323969742e-08       1054.102596       54.22172664     1067.29024831 1.75496132097e-08
   "BPMWB.4L1.B1"       23368.27512                 1     1134.53484011 1.48323969742e-08        1315.87094       54.22452905     1342.37558848 1.75496132097e-08
   "BPMSY.4L1.B1"       23461.05512                 1     2072.91369053 1.48323969742e-08       2485.084106       54.23269841     2452.66045328 1.75496132097e-08
    "BPMS.2L1.B1"       23487.84062                 1     3345.94062726 1.48323969742e-08        3889.92792       54.23384052     3958.89915386 1.75496132097e-08
   "BPMSW.1L1.B1"       23497.79062                 1     1000.93680728 1.48323969742e-08       1164.535827        54.2346751     1184.30310662 1.75496132097e-08
   "BPMSW.1R1.B1"       23540.93362                 1     1013.45663747 1.48323969742e-08       1162.917516       54.72877337      1199.1165031 1.75496132097e-08
    "BPMS.2R1.B1"       23550.89862                 1      1402.6085188 1.48323969742e-08       1466.580942       54.72984829     1659.55893928 1.75496132097e-08
   "BPMSY.4R1.B1"       23577.68412                 1     4278.37828126 1.48323969742e-08       5153.600961       54.73150531     5062.15442665 1.75496132097e-08
   "BPMWB.4R1.B1"       23670.46412                 1     672.131575001 1.48323969742e-08       817.3378881       54.73870256     795.262504623 1.75496132097e-08
   "BPMYA.4R1.B1"       23691.59662                 1     289.528540202 1.48323969742e-08        369.609732       54.74493876      342.56862883 1.75496132097e-08
     "BPM.5R1.B1"       23719.00462                 1     101.383818941 1.48323969742e-08       119.2959437       54.76543758     119.956795333 1.75496132097e-08
    "BPMR.6R1.B1"       23750.90462                 1       8.471566562 1.48323969742e-08       8.901368823       55.04470962     10.0235124978 1.75496132097e-08
   "BPMSX.7R1.B1"       23757.12012                 1      19.499973014 1.48323969742e-08       20.14614964        55.1215284     23.0722643542 1.75496132097e-08
     "BPM.8R1.B1"       23820.06761                 1     18.3565048418 1.48323969742e-08       18.49864084        55.3027891     21.7193188947 1.75496132097e-08
     "BPM.9R1.B1"        23859.1346                 1     101.993368073 1.48323969742e-08       110.3217168       55.50547469     120.678010624 1.75496132097e-08
    "BPM.10R1.B1"       23899.59958                 1     35.6758729322 1.48323969742e-08       38.03715495       55.59735796     42.2115031014 1.75496132097e-08
    "BPM.11R1.B1"       23952.38227                 1     173.830792467 1.48323969742e-08       181.7854061       55.71867387      205.67566908 1.75496132097e-08
    "BPM.12R1.B1"       24007.10876                 1     35.4430427304 1.48323969742e-08       34.79005152       55.83050179      41.936019645 1.75496132097e-08
    "BPM.13R1.B1"       24060.56024                 1     156.235358634 1.48323969742e-08       171.7485776       55.96323119     184.856845355 1.75496132097e-08
    "BPM.14R1.B1"       24114.01173                 1     31.4160851554 1.48323969742e-08       33.48868443       56.07707335     37.1713448607 1.75496132097e-08
    "BPM.15R1.B1"       24167.46321                 1     165.255779495 1.48323969742e-08       171.6894719       56.21323315     195.529759339 1.75496132097e-08
    "BPM.16R1.B1"       24220.91469                 1     32.7815664513 1.48323969742e-08       33.48813219       56.32707736     38.7869750673 1.75496132097e-08
    "BPM.17R1.B1"       24274.36618                 1     163.803303394 1.48323969742e-08       171.6914662       56.46323761     193.811197343 1.75496132097e-08
    "BPM.18R1.B1"       24327.81766                 1     32.5082247081 1.48323969742e-08       33.48868442       56.57707988     38.4635585707 1.75496132097e-08
    "BPM.19R1.B1"       24381.26915                 1     158.249646011 1.48323969742e-08       171.6894718       56.71323968     187.240139466 1.75496132097e-08
    "BPM.20R1.B1"       24434.72063                 1      31.256247088 1.48323969742e-08        33.4881322        56.8270839     36.9822253096 1.75496132097e-08
    "BPM.21R1.B1"       24488.17211                 1     170.233488657 1.48323969742e-08       171.6914663       56.96324415     201.419358345 1.75496132097e-08
    "BPM.22R1.B1"        24541.6236                 1     28.6855099392 1.48323969742e-08        33.4886844       57.07708642     33.9405427882 1.75496132097e-08
    "BPM.23R1.B1"       24595.07508                 1     163.717636823 1.48323969742e-08       171.6918168       57.21324503     193.709837112 1.75496132097e-08
    "BPM.24R1.B1"       24648.52657                 1     30.7382846238 1.48323969742e-08       33.48905884        57.3270864     36.3693748768 1.75496132097e-08
    "BPM.25R1.B1"       24701.97805                 1     158.355195126 1.48323969742e-08       171.6915071       57.46324415     187.365024618 1.75496132097e-08
    "BPM.26R1.B1"       24755.42954                 1     31.2558762063 1.48323969742e-08        33.4886844       57.57708642     36.9817864843 1.75496132097e-08
    "BPM.27R1.B1"       24808.88102                 1     166.091624214 1.48323969742e-08       171.6918168       57.71324503     196.518726366 1.75496132097e-08
    "BPM.28R1.B1"        24862.3325                 1     28.6656772703 1.48323969742e-08       33.48905884        57.8270864     33.9170768799 1.75496132097e-08
    "BPM.29R1.B1"       24915.78399                 1     155.927926957 1.48323969742e-08       171.6915071       57.96324415      184.49309383 1.75496132097e-08
    "BPM.30R1.B1"       24969.23547                 1     33.3113927112 1.48323969742e-08        33.4886844       58.07708642     39.4138626801 1.75496132097e-08
    "BPM.31R1.B1"       25022.68696                 1     156.522674452 1.48323969742e-08       171.6918168       58.21324503     185.196795902 1.75496132097e-08
    "BPM.33L2.B1"       25236.49289                 1     155.125905239 1.48323969742e-08       171.6918168       58.71324503     183.544145998 1.75496132097e-08
    "BPM.32L2.B1"       25289.94438                 1     30.9932035628 1.48323969742e-08       33.48905884        58.8270864     36.6709936095 1.75496132097e-08
    "BPM.31L2.B1"       25343.39586                 1     152.019665898 1.48323969742e-08       171.6915071       58.96324415     179.868860131 1.75496132097e-08
    "BPM.30L2.B1"       25396.84734                 1     31.8039892691 1.48323969742e-08        33.4886844       59.07708642     37.6303109448 1.75496132097e-08
    "BPM.29L2.B1"       25450.29883                 1     156.426782539 1.48323969742e-08       171.6918168       59.21324503     185.083337101 1.75496132097e-08
    "BPM.28L2.B1"       25503.75031                 1     30.2559227838 1.48323969742e-08       33.48905884        59.3270864     35.7986469133 1.75496132097e-08
    "BPM.27L2.B1"        25557.2018                 1     160.666294699 1.48323969742e-08       171.6915071       59.46324415     190.099505339 1.75496132097e-08
    "BPM.26L2.B1"       25610.65328                 1     31.9095231272 1.48323969742e-08        33.4886844       59.57708642     37.7551780445 1.75496132097e-08
    "BPM.25L2.B1"       25664.10477                 1     162.202802395 1.48323969742e-08       171.6918168       59.71324503     191.917493074 1.75496132097e-08
    "BPM.24L2.B1"       25717.55625                 1      30.621860185 1.48323969742e-08       33.48905884        59.8270864        36.2316221 1.75496132097e-08
    "BPM.23L2.B1"       25771.00773                 1     157.600222694 1.48323969742e-08       171.6915071       59.96324415     186.471745251 1.75496132097e-08
    "BPM.22L2.B1"       25824.45922                 1     32.1119407604 1.48323969742e-08        33.4886844       60.07708642     37.9946775115 1.75496132097e-08
    "BPM.21L2.B1"        25877.9107                 1     158.171730891 1.48323969742e-08       171.6918168       60.21324503      187.14795071 1.75496132097e-08
    "BPM.20L2.B1"       25931.36219                 1     30.6523954441 1.48323969742e-08       33.48815312       60.32708825     36.2677512562 1.75496132097e-08
    "BPM.17L2.B1"       26091.71664                 1     156.629237009 1.48323969742e-08       171.6918167       60.71325156     185.322880153 1.75496132097e-08
    "BPM.16L2.B1"       26145.16812                 1     32.5569218368 1.48323969742e-08        33.4881531       60.82709479     38.5211767544 1.75496132097e-08
    "BPM.15L2.B1"       26198.61961                 1     163.718000626 1.48323969742e-08       171.6891214       60.96325623     193.710267561 1.75496132097e-08
    "BPM.14L2.B1"       26252.07109                 1     32.4971520064 1.48323969742e-08       33.48866353       61.07709949     38.4504574089 1.75496132097e-08
    "BPM.13L2.B1"       26305.52257                 1     158.231382683 1.48323969742e-08       171.6918166        61.2132581     187.218530393 1.75496132097e-08
    "BPM.12L2.B1"       26358.97406                 1     28.3290247084 1.48323969742e-08       31.47929129       61.33145893     33.5187513592 1.75496132097e-08
    "BPM.11L2.B1"       26412.42554                 1     170.918697463 1.48323969742e-08       174.6850902       61.47187703      202.23009376 1.75496132097e-08
    "BPM.10L2.B1"       26464.26623                 1     31.1370315433 1.48323969742e-08       32.23807272       61.58317875     36.8411701111 1.75496132097e-08
     "BPM.9L2.B1"       26503.33322                 1       110.0467524 1.48323969742e-08       115.6055364       61.70563118     130.206732126 1.75496132097e-08
     "BPM.8L2.B1"       26543.79821                 1     17.6542551745 1.48323969742e-08       18.34519332       61.84459768     20.8884208235 1.75496132097e-08
     "BPM.7L2.B1"        26582.8662                 1     103.477655141 1.48323969742e-08       115.9740203       62.02647857     122.434211189 1.75496132097e-08
    "BPMR.6L2.B1"        26614.9722                 1     22.3065440126 1.48323969742e-08       24.05271479       62.12478977     26.3929842322 1.75496132097e-08