@ GetLLMVersion %s "V3.0.0 Dev"
@ Command %s "/afs/cern.ch/work/o/omc/anaconda/bin/python '/afs/cern.ch/work/e/efol/public/Beta-Beat.src/GetLLM/GetLLM.py' '--accel=LHCB1' '--model=/afs/cern.ch/work/e/efol/public/betabeatGui/temp/2017-12-20/models/LHCB1/Multiturn-model_40cm_2041/twiss.dat' '--files=/afs/cern.ch/work/e/efol/public/betabeatGui/temp/2017-12-20/LHCB1/Measurements/Beam1@Turn@2017_09_11@19_02_33_250/Beam1@Turn@2017_09_11@19_02_33_250.sdds' '--output=/afs/cern.ch/work/e/efol/public/betabeatGui/temp/2017-12-20/LHCB1/Results/40cm_cleaned' '--tbtana=SUSSIX' '--bpmu=mm' '--lhcphase=1' '--errordefs=/afs/cern.ch/work/e/efol/public/betabeatGui/temp/2017-12-20/models/LHCB1/Multiturn-model_40cm_2041/error_deff.txt'"
@ CWD %s "/home/efol/Workspaces/Accsoft-Eclipse-Pro/lhc-app-beta-beating"
@ Date %s "20. December 2017, 16:40:59"
@ Q1 %le 0.309853389971
@ Q2 %le 0.319421650825
@ RMSbetabeat %le 0.0661746435064
@ RescalingFactor %le 1.02054700127
@ FILES %s "/afs/cern.ch/work/e/efol/public/betabeatGui/temp/2017-12-20/LHCB1/Measurements/Beam1@Turn@2017_09_11@19_02_33_250/Beam1@Turn@2017_09_11@19_02_33_250.sdds.liny"
*            NAME                 S             COUNT              BETY           BETYSTD           BETYMDL            MUYMDL           BETYRES        BETYSTDRES
$              %s               %le               %le               %le               %le               %le               %le               %le               %le
   "BPMYB.5L2.B1"            28.288                 1     38.4881040742 1.48323969742e-08       38.64523318      0.1162609817     39.2789191976 1.51371582537e-08
   "BPMYB.4L2.B1"            48.858                 1     97.5519045401 1.48323969742e-08       101.2136214      0.1696003151     99.5563036469 1.51371582537e-08
   "BPMWI.4L2.B1"           73.3255                 1      100.19123861 1.48323969742e-08       104.8860506      0.2045427787     102.249868117 1.51371582537e-08
   "BPMSX.4L2.B1"          123.4825                 1     96.3958566466 1.48323969742e-08       100.2155855      0.2859021958     98.3765024359 1.51371582537e-08
    "BPMS.2L2.B1"           161.394                 1     176.043456936 1.48323969742e-08       173.4189685      0.3294328583      179.66062207 1.51371582537e-08
   "BPMSW.1L2.B1"           171.328                 1     53.6820248613 1.48323969742e-08       56.63204898      0.3473795232     54.7850294945 1.51371582537e-08
   "BPMSW.1R2.B1"           214.518                 1     56.6622726929 1.48323969742e-08        56.6339459      0.7093334983     57.8265124821 1.51371582537e-08
    "BPMS.2R2.B1"           224.452                 1     61.2951268798 1.48323969742e-08       63.40233304      0.7327587614     62.5545579299 1.51371582537e-08
   "BPMSX.4R2.B1"          262.3635                 1     164.265391467 1.48323969742e-08       170.5322612      0.7831637028     167.640552675 1.51371582537e-08
   "BPMWB.4R2.B1"          312.5965                 1     76.4546308663 1.48323969742e-08       83.36829239      0.8523756946      78.025544264 1.51371582537e-08
   "BPMYB.4R2.B1"           336.988                 1     80.0014940343 1.48323969742e-08        84.3514057      0.9035045484     81.6452848341 1.51371582537e-08
    "BPMR.5R2.B1"           366.522                 1     168.645935667 1.48323969742e-08       177.6713376      0.9382608249     172.111103922 1.51371582537e-08
     "BPM.6R2.B1"           439.818                 1     39.4069272497 1.48323969742e-08       41.49103593       1.202622917     40.2166214341 1.51371582537e-08
   "BPM_A.7R2.B1"           452.693                 1     99.4697723093 1.48323969742e-08       104.5241018       1.233940504     101.513577848 1.51371582537e-08
     "BPM.8R2.B1"       494.1300106                 1     39.8528812999 1.48323969742e-08       37.19868334       1.328247327     40.6717385027 1.51371582537e-08
     "BPM.9R2.B1"       533.1950212                 1     135.661390627 1.48323969742e-08       129.4722727       1.433617497     138.448825393 1.51371582537e-08
    "BPM.10R2.B1"       573.6580318                 1      24.092992769 1.48323969742e-08       23.62376198       1.545209058     24.5880315221 1.51371582537e-08
    "BPM.11R2.B1"       625.4967424                 1     185.943299629 1.48323969742e-08       177.7202555       1.717704706     189.763876843 1.51371582537e-08
    "BPM.14R2.B1"       787.1172901                 1     35.7185467209 1.48323969742e-08       34.91220257       2.092608637     36.4524557458 1.51371582537e-08
    "BPM.15R2.B1"        840.565806                 1      174.24812984 1.48323969742e-08       173.2968611       2.224249713     177.828406385 1.51371582537e-08
    "BPM.16R2.B1"       894.0143219                 1     38.7893244347 1.48323969742e-08       36.76838923       2.331482339     39.5863287333 1.51371582537e-08
    "BPM.17R2.B1"       947.4628378                 1     169.604847627 1.48323969742e-08        171.291828       2.459722589     173.089718647 1.51371582537e-08
    "BPM.18R2.B1"       1000.911354                 1     35.2885657838 1.48323969742e-08       34.88902532       2.571138337     36.0136399899 1.51371582537e-08
    "BPM.19R2.B1"        1054.35987                 1     172.015948661 1.48323969742e-08       172.1263455       2.703425811     175.550360577 1.51371582537e-08
    "BPM.20R2.B1"       1107.808386                 1     38.6644820583 1.48323969742e-08       36.75915125       2.811106284     39.4589212203 1.51371582537e-08
    "BPM.21R2.B1"       1161.256901                 1     174.987842031 1.48323969742e-08       172.4767374       2.938797872     178.583317444 1.51371582537e-08
    "BPM.22R2.B1"       1214.705417                 1     33.5828104956 1.48323969742e-08       34.93051921       3.049673702     34.2728365456 1.51371582537e-08
    "BPM.23R2.B1"       1268.153933                 1     175.419417256 1.48323969742e-08         172.39216        3.18175462     179.023760246 1.51371582537e-08
    "BPM.24R2.B1"       1321.602449                 1     37.3264082848 1.48323969742e-08       34.92687363       3.292640446     38.0933540434 1.51371582537e-08
    "BPM.25R2.B1"       1375.050965                 1     177.174685709 1.48323969742e-08       172.3981218       3.424727436     180.815094202 1.51371582537e-08
    "BPM.26R2.B1"       1428.499481                 1     36.2068713638 1.48323969742e-08       34.93058331       3.535603889     36.9508139958 1.51371582537e-08
    "BPM.27R2.B1"       1481.947997                 1     170.960447865 1.48323969742e-08       172.3937313       3.667683855     174.473172405 1.51371582537e-08
    "BPM.28R2.B1"       1535.396513                 1     35.1271040367 1.48323969742e-08        34.9268385       3.778569141      35.848860688 1.51371582537e-08
    "BPM.29R2.B1"       1588.845029                 1     183.085664516 1.48323969742e-08       172.3965162       3.910657029     186.847525897 1.51371582537e-08
    "BPM.30R2.B1"       1642.293545                 1     35.1013265007 1.48323969742e-08       34.93058919        4.02153409      35.822553501 1.51371582537e-08
    "BPM.31R2.B1"        1695.74206                 1     165.523254616 1.48323969742e-08       172.3953586       4.153613221     168.924261139 1.51371582537e-08
    "BPM.32R2.B1"       1749.190576                 1     34.5417558906 1.48323969742e-08       34.92686191       4.264497834     35.2514853928 1.51371582537e-08
    "BPM.33R2.B1"       1802.639092                 1     176.124476278 1.48323969742e-08       172.3948798       4.396586489     179.743306116 1.51371582537e-08
    "BPM.33L3.B1"       1909.536124                 1     170.131567194 1.48323969742e-08       172.3969913       4.639542719     173.627260722 1.51371582537e-08
    "BPM.32L3.B1"        1962.98464                 1     35.3595337829 1.48323969742e-08       34.92694315       4.750426547     36.0860661686 1.51371582537e-08
    "BPM.31L3.B1"       2016.433156                 1      166.98479824 1.48323969742e-08       172.3932637       4.882515816     170.415835102 1.51371582537e-08
    "BPM.30L3.B1"       2069.881672                 1     34.2736403434 1.48323969742e-08       34.93042737       4.993394442     34.9778608752 1.51371582537e-08
    "BPM.29L3.B1"       2123.330188                 1     176.344393668 1.48323969742e-08       172.3985783        5.12547235     179.967742149 1.51371582537e-08
    "BPM.26L3.B1"       2283.675735                 1     36.9477973241 1.48323969742e-08        34.9302647       5.479324546     37.7069637628 1.51371582537e-08
    "BPM.25L3.B1"       2337.124251                 1     187.102604599 1.48323969742e-08       172.4000702       5.611402107     190.947002054 1.51371582537e-08
    "BPM.24L3.B1"       2390.572767                 1     32.1675231574 1.48323969742e-08        34.9272672       5.722284128     32.8284692967 1.51371582537e-08
    "BPM.23L3.B1"       2444.021283                 1     164.651005004 1.48323969742e-08       172.3902915       5.854374089     168.034089414 1.51371582537e-08
    "BPM.22L3.B1"       2497.469799                 1     35.0675999695 1.48323969742e-08       34.93005375       5.965254575     35.7881339907 1.51371582537e-08
    "BPM.21L3.B1"       2550.918315                 1     173.744062613 1.48323969742e-08       172.4014206        6.09733198     177.313982089 1.51371582537e-08
    "BPM.20L3.B1"       2604.366831                 1     38.3851128495 1.48323969742e-08       36.73757379       6.204947961     39.1738118121 1.51371582537e-08
    "BPM.19L3.B1"       2657.815347                 1      171.55739623 1.48323969742e-08       172.1761995       6.332831672     175.082386268 1.51371582537e-08
    "BPM.18L3.B1"       2711.263863                 1     34.5555437549 1.48323969742e-08       34.94210476       6.443801585     35.2655565565 1.51371582537e-08
    "BPM.17L3.B1"       2764.712379                 1     173.021703926 1.48323969742e-08       171.2538155        6.57640033     176.576781097 1.51371582537e-08
    "BPM.16L3.B1"       2818.160894                 1     37.8172524356 1.48323969742e-08       36.68170673       6.684541688     38.5942835696 1.51371582537e-08
    "BPM.14L3.B1"       2925.057926                 1     36.7606501934 1.48323969742e-08       35.02797645       6.922383399     37.5159713197 1.51371582537e-08
    "BPM.13L3.B1"       2978.506442                 1     170.803766656 1.48323969742e-08       170.1575485       7.055330313     174.313271867 1.51371582537e-08
    "BPM.12L3.B1"       3031.954958                 1     36.0815832588 1.48323969742e-08       33.59156211       7.169737579     36.8229515959 1.51371582537e-08
    "BPM.11L3.B1"       3085.403474                 1      183.91968422 1.48323969742e-08       179.5494178       7.301795446     187.698682206 1.51371582537e-08
    "BPM.10L3.B1"       3138.184185                 1      35.961326433 1.48323969742e-08       34.50689136       7.409621911      36.700223853 1.51371582537e-08
     "BPM.9L3.B1"       3177.249195                 1     111.151555623 1.48323969742e-08        111.608586        7.52721441     113.435386778 1.51371582537e-08
     "BPM.8L3.B1"       3217.712206                 1     15.3643787864 1.48323969742e-08       15.18648925       7.693751159     15.6800706969 1.51371582537e-08
     "BPM.7L3.B1"       3256.776216                 1     144.481786784 1.48323969742e-08       145.3515986       7.866931697     147.450454241 1.51371582537e-08
     "BPM.6L3.B1"       3329.415216                 1     73.4058162605 1.48323969742e-08       80.21117239       7.986287904     74.9140856607 1.51371582537e-08
  "BPMWG.A5L3.B1"       3371.119716                 1     239.719282744 1.48323969742e-08       258.4111636       8.033061368     244.644795152 1.51371582537e-08
    "BPMW.5L3.B1"       3400.089716                 1     265.673797325 1.48323969742e-08       293.4058189       8.048660806     271.132597177 1.51371582537e-08
   "BPMWE.4L3.B1"       3475.217716                 1     91.7557335616 1.48323969742e-08       97.07790712        8.12208579      93.641038736 1.51371582537e-08
    "BPMW.4L3.B1"       3502.762716                 1     104.485662155 1.48323969742e-08       118.3475155       8.167712979     106.632529188 1.51371582537e-08
    "BPMW.4R3.B1"       3547.727716                 1     330.170663604 1.48323969742e-08       356.1379191       8.202856154      336.95468065 1.51371582537e-08
   "BPMWE.4R3.B1"       3575.272716                 1     341.832571016 1.48323969742e-08       367.4677756       8.214145088     348.856205288 1.51371582537e-08
    "BPMW.5R3.B1"       3650.400716                 1     71.6486821408 1.48323969742e-08       77.58919075       8.287530793      73.120847704 1.51371582537e-08
  "BPMWJ.A5R3.B1"       3679.118716                 1     90.0809110304 1.48323969742e-08       87.49877352       8.350892092      91.931803624 1.51371582537e-08
   "BPMWC.6R3.B1"       3718.936716                 1     223.293167263 1.48323969742e-08       233.2218455       8.395849882     227.881172255 1.51371582537e-08
    "BPMR.6R3.B1"       3731.015216                 1     249.217401638 1.48323969742e-08        244.974992        8.40352483     254.338071906 1.51371582537e-08
   "BPM_A.7R3.B1"       3786.839216                 1     74.2733836037 1.48323969742e-08       67.42378392       8.475038195     75.7994789112 1.51371582537e-08
     "BPM.8R3.B1"       3825.903227                 1     183.846065277 1.48323969742e-08       179.5009916       8.537054472     187.623550615 1.51371582537e-08
     "BPM.9R3.B1"       3864.968238                 1     76.8606539741 1.48323969742e-08       72.67252719       8.589817924     78.4399099291 1.51371582537e-08
    "BPM.10R3.B1"       3905.431248                 1     165.117159445 1.48323969742e-08       170.3706474       8.653033727      168.50982193 1.51371582537e-08
    "BPM.11R3.B1"       3958.211959                 1     39.3052334673 1.48323969742e-08       41.73516558       8.754732451     40.1128381494 1.51371582537e-08
    "BPM.12R3.B1"       4012.935475                 1     169.424602861 1.48323969742e-08       162.4919066       8.876804075     172.905770391 1.51371582537e-08
    "BPM.13R3.B1"       4066.383991                 1     38.9071433744 1.48323969742e-08       34.98876353       8.991775721     39.7065684988 1.51371582537e-08
    "BPM.14R3.B1"       4119.832506                 1     169.829947041 1.48323969742e-08       174.5302343       9.122466035     173.319443179 1.51371582537e-08
    "BPM.15R3.B1"       4173.281022                 1     35.1924855896 1.48323969742e-08        36.6631262       9.229430697     35.9155856358 1.51371582537e-08
    "BPM.17R3.B1"       4280.178054                 1     37.0804045444 1.48323969742e-08       34.95471978       9.470372048     37.8422956638 1.51371582537e-08
    "BPM.19R3.B1"       4387.075086                 1      35.434197448 1.48323969742e-08        36.7311209       9.709017423     36.1622639481 1.51371582537e-08
    "BPM.20R3.B1"       4440.523602                 1     170.781677836 1.48323969742e-08       171.0402801       9.837463804     174.290729188 1.51371582537e-08
    "BPM.21R3.B1"       4493.972118                 1     40.8587708591 1.48323969742e-08       34.91736442       9.948923651     41.6982960759 1.51371582537e-08
    "BPM.22R3.B1"       4547.420634                 1     166.067850377 1.48323969742e-08       172.3935382       10.08100529      169.48004671 1.51371582537e-08
    "BPM.23R3.B1"        4600.86915                 1     35.0425712947 1.48323969742e-08       34.92720164       10.19188996     35.7625910517 1.51371582537e-08
    "BPM.24R3.B1"       4654.317666                 1     169.847388651 1.48323969742e-08       172.3968723       10.32397676     173.337243162 1.51371582537e-08
    "BPM.25R3.B1"       4707.766181                 1     34.1413562347 1.48323969742e-08        34.9302367       10.43485436     34.8428587247 1.51371582537e-08
    "BPM.26R3.B1"       4761.214697                 1     178.605136537 1.48323969742e-08       172.3948421       10.56693462     182.274936505 1.51371582537e-08
    "BPM.27R3.B1"       4814.663213                 1     38.6580580889 1.48323969742e-08       34.92720095       10.67781879     39.4523652577 1.51371582537e-08
    "BPM.28R3.B1"       4868.111729                 1     181.933795194 1.48323969742e-08       172.3955525       10.80990626     185.671989116 1.51371582537e-08
    "BPM.29R3.B1"       4921.560245                 1     33.9315397971 1.48323969742e-08       34.93021368       10.92078441     34.6287311886 1.51371582537e-08
    "BPM.30R3.B1"       4975.008761                 1     170.041202247 1.48323969742e-08       172.3961675       11.05286407     173.535039046 1.51371582537e-08
    "BPM.31R3.B1"       5028.457277                 1     35.4228417137 1.48323969742e-08        34.9272475       11.16374763     36.1506748875 1.51371582537e-08
    "BPM.32R3.B1"       5081.905793                 1     169.483928106 1.48323969742e-08       172.3942319       11.29583566     172.966314593 1.51371582537e-08
    "BPM.33R3.B1"       5135.354309                 1     37.1060048201 1.48323969742e-08       34.93014395       11.40671445     37.8684219484 1.51371582537e-08
    "BPM.34R3.B1"       5188.802825                 1     174.152933671 1.48323969742e-08       172.3974729       11.53879362     177.731254221 1.51371582537e-08
    "BPM.33L4.B1"        5242.25134                 1     36.5361664024 1.48323969742e-08       34.92733985       11.64967651       37.28687506 1.51371582537e-08
    "BPM.32L4.B1"       5295.699856                 1      176.99469695 1.48323969742e-08       172.3929518       11.78176494     180.631407214 1.51371582537e-08
    "BPM.31L4.B1"       5349.148372                 1     35.3785622423 1.48323969742e-08       34.93002971       11.89264445     36.1054856057 1.51371582537e-08
    "BPM.30L4.B1"       5402.596888                 1       183.9751683 1.48323969742e-08       172.3987177       12.02472328     187.755306318 1.51371582537e-08
    "BPM.29L4.B1"       5456.045404                 1     35.1411365841 1.48323969742e-08        34.9274751       12.13560542     35.8631815622 1.51371582537e-08
    "BPM.28L4.B1"        5509.49392                 1     178.087110687 1.48323969742e-08        172.391752       12.26769413     181.746266778 1.51371582537e-08
    "BPM.27L4.B1"       5562.942436                 1     33.4220712563 1.48323969742e-08        34.9298745       12.37857439      34.108794597 1.51371582537e-08
    "BPM.26L4.B1"       5616.390952                 1     181.192229497 1.48323969742e-08       172.3998631       12.51065303     184.915186468 1.51371582537e-08
    "BPM.25L4.B1"       5669.839468                 1     36.3883019924 1.48323969742e-08       34.92764906        12.6215344     37.1359724798 1.51371582537e-08
    "BPM.24L4.B1"       5723.287984                 1     175.775765806 1.48323969742e-08         172.39067       12.75362322      179.38743069 1.51371582537e-08
    "BPM.23L4.B1"         5776.7365                 1     34.1605622044 1.48323969742e-08       34.92968316       12.86450427     34.8624593195 1.51371582537e-08
    "BPM.22L4.B1"       5830.185015                 1      170.91079858 1.48323969742e-08       172.4008733       12.99658287     174.422502976 1.51371582537e-08
    "BPM.21L4.B1"       5883.633531                 1     36.0733596589 1.48323969742e-08       34.92785628       13.10746346     36.8145590257 1.51371582537e-08
    "BPM.20L4.B1"       5937.082047                 1      169.23184843 1.48323969742e-08       170.9451972        13.2402561     172.709055435 1.51371582537e-08
    "BPM.19L4.B1"       5990.530563                 1     36.0914721621 1.48323969742e-08       36.68881019       13.34850102     36.8330436865 1.51371582537e-08
    "BPM.17L4.B1"       6097.427595                 1     34.4884691235 1.48323969742e-08       35.03145393       13.58604195     35.1971037425 1.51371582537e-08
    "BPM.16L4.B1"       6150.876111                 1     174.749954692 1.48323969742e-08       169.8355877       13.71914686     178.340542233 1.51371582537e-08
    "BPM.15L4.B1"       6204.324627                 1     36.6585056817 1.48323969742e-08       36.55662649       13.82804602     37.4117280446 1.51371582537e-08
    "BPM.14L4.B1"       6257.773143                 1     173.065155788 1.48323969742e-08       174.6780453       13.95515061     176.621125764 1.51371582537e-08
    "BPM.13L4.B1"       6311.221659                 1     34.5449969567 1.48323969742e-08       35.18994378       14.06470084     35.2547930531 1.51371582537e-08
    "BPM.12L4.B1"       6364.670174                 1     170.241238871 1.48323969742e-08       169.7550071       14.19746998     173.739185822 1.51371582537e-08
    "BPM.11L4.B1"        6418.11869                 1     39.8513780085 1.48323969742e-08       38.84974355       14.30258266     40.6702043232 1.51371582537e-08
    "BPM.10L4.B1"       6469.957401                 1     173.689226076 1.48323969742e-08       175.3024595         14.419632     177.258018825 1.51371582537e-08
     "BPM.9L4.B1"       6509.022412                 1     51.8596111052 1.48323969742e-08       53.72387578       14.48026195     52.9251706006 1.51371582537e-08
     "BPM.7L4.B1"       6588.549433                 1     86.3648524668 1.48323969742e-08       84.07281104       14.61796582     88.1393912004 1.51371582537e-08
   "BPMYB.6L4.B1"       6685.153433                 1     516.777943025 1.48323969742e-08       566.5931612        14.6956054     527.396180079 1.51371582537e-08
   "BPMYA.5L4.B1"       6722.153433                 1     239.857859979 1.48323969742e-08       246.7046717       14.71069821     244.786219734 1.51371582537e-08
  "BPMWI.A5L4.B1"       6798.755933                 1     194.645036274 1.48323969742e-08       215.0565958       14.76688731     198.644408082 1.51371582537e-08
  "BPMWA.B5L4.B1"       6824.619933                 1     210.082022917 1.48323969742e-08       223.2694205       14.78571677      214.39857851 1.51371582537e-08
  "BPMWA.A5L4.B1"       6833.504933                 1     209.241432886 1.48323969742e-08        227.539923       14.79199225     213.540716874 1.51371582537e-08
  "BPMWA.A5R4.B1"       6881.553933                 1     248.499823522 1.48323969742e-08       263.4769839       14.82342859     253.605749713 1.51371582537e-08
  "BPMWA.B5R4.B1"       6890.438933                 1     251.630297946 1.48323969742e-08       272.4971133       14.82870702     256.800545998 1.51371582537e-08
   "BPMYB.5R4.B1"       6992.829433                 1      371.56461423 1.48323969742e-08       396.0176765       14.87710599     379.199152832 1.51371582537e-08
   "BPMYA.6R4.B1"       7024.393433                 1     146.331048783 1.48323969742e-08       140.9661806       14.89843142     149.337713029 1.51371582537e-08
     "BPM.7R4.B1"       7120.909433                 1     156.467219562 1.48323969742e-08       158.1455156       15.01762451     159.682151722 1.51371582537e-08
     "BPM.8R4.B1"       7158.698443                 1     15.4379031987 1.48323969742e-08       14.53076802       15.14998494     15.7551058154 1.51371582537e-08
     "BPM.9R4.B1"       7197.763454                 1     148.113516866 1.48323969742e-08       143.6414199       15.35269025     151.156805485 1.51371582537e-08
    "BPM.10R4.B1"       7238.226465                 1     43.0102128947 1.48323969742e-08       46.24042887       15.42406791     43.8939437938 1.51371582537e-08
    "BPM.11R4.B1"       7290.065175                 1       179.1290188 1.48323969742e-08        179.296869       15.53198227     182.809582978 1.51371582537e-08
    "BPM.12R4.B1"       7344.788691                 1     36.7946726029 1.48323969742e-08        34.9523856       15.64495876     37.5506927877 1.51371582537e-08
    "BPM.13R4.B1"       7398.237207                 1     168.674721148 1.48323969742e-08       171.7501434       15.77719422     172.140480858 1.51371582537e-08
    "BPM.14R4.B1"       7451.685723                 1     33.8385021864 1.48323969742e-08       33.49341217       15.89102747     34.5337819339 1.51371582537e-08
    "BPM.15R4.B1"       7505.134239                 1     174.179033509 1.48323969742e-08       171.6990416       16.02716683     177.757890333 1.51371582537e-08
    "BPM.16R4.B1"       7558.582755                 1     33.2121735936 1.48323969742e-08       33.49256446       16.14099622     33.8945841667 1.51371582537e-08
    "BPM.17R4.B1"       7612.031271                 1     168.113473878 1.48323969742e-08        171.684774       16.27714552      171.56770164 1.51371582537e-08
    "BPM.18R4.B1"       7665.479786                 1     33.7743324044 1.48323969742e-08       33.49341127        16.3909789     34.4682936554 1.51371582537e-08
    "BPM.19R4.B1"       7718.928302                 1     171.922718328 1.48323969742e-08       171.6990436       16.52711827      175.45521464 1.51371582537e-08
    "BPM.20R4.B1"       7772.376818                 1     35.4004362905 1.48323969742e-08       33.49256535       16.64094765     36.1278091001 1.51371582537e-08
    "BPM.21R4.B1"       7825.825334                 1     173.970350099 1.48323969742e-08        171.684772       16.77709695     177.544919104 1.51371582537e-08
    "BPM.22R4.B1"        7879.27385                 1     32.9171811198 1.48323969742e-08       33.49341038       16.89093033     33.5935304822 1.51371582537e-08
    "BPM.23R4.B1"       7932.722366                 1     179.977278031 1.48323969742e-08       171.6981728       17.02707015     183.675271392 1.51371582537e-08
    "BPM.24R4.B1"       7986.170882                 1     32.7142968623 1.48323969742e-08       33.49012381       17.14090488     33.3864775616 1.51371582537e-08
    "BPM.25R4.B1"       8039.619398                 1     164.096792383 1.48323969742e-08        171.684658       17.27706089     167.468489385 1.51371582537e-08
    "BPM.26R4.B1"       8093.067914                 1     35.4761587339 1.48323969742e-08       33.49340967       17.39089428     36.2050874126 1.51371582537e-08
    "BPM.27R4.B1"        8146.51643                 1     174.071158637 1.48323969742e-08       171.6981771       17.52703409     177.647798955 1.51371582537e-08
    "BPM.28R4.B1"       8199.964946                 1     32.0890205773 1.48323969742e-08       33.49012451       17.64086882      32.748353724 1.51371582537e-08
    "BPM.29R4.B1"       8253.413461                 1     166.866796508 1.48323969742e-08       171.6846538       17.77702483     170.295408789 1.51371582537e-08
    "BPM.30R4.B1"       8306.861977                 1     33.2918363255 1.48323969742e-08       33.49340896       17.89085822     33.9758837288 1.51371582537e-08
    "BPM.31R4.B1"       8360.310493                 1      159.96695114 1.48323969742e-08       171.6981814       18.02699803     163.253792288 1.51371582537e-08
    "BPM.32R4.B1"       8413.759009                 1     32.9457092685 1.48323969742e-08       33.49012522       18.14083276     33.6226447988 1.51371582537e-08
    "BPM.33R4.B1"       8467.207525                 1     170.575181217 1.48323969742e-08       171.6846495       18.27698877     174.079989683 1.51371582537e-08
    "BPM.34R4.B1"       8520.656041                 1     33.1725236557 1.48323969742e-08       33.49340825       18.39082217     33.8541195415 1.51371582537e-08
    "BPM.33L5.B1"       8574.104557                 1     176.206484189 1.48323969742e-08       171.6981857       18.52696198     179.826999044 1.51371582537e-08
    "BPM.32L5.B1"       8627.553073                 1     34.9501747592 1.48323969742e-08       33.49012593        18.6407967     35.6682960445 1.51371582537e-08
    "BPM.31L5.B1"       8681.001589                 1     172.574067754 1.48323969742e-08       171.6846452       18.77695271     176.119947344 1.51371582537e-08
    "BPM.30L5.B1"       8734.450105                 1     31.9833563559 1.48323969742e-08       33.49340754       18.89078611     32.6405184197 1.51371582537e-08
    "BPM.29L5.B1"        8787.89862                 1     176.938797723 1.48323969742e-08         171.69819       19.02692592     180.574359425 1.51371582537e-08
    "BPM.28L5.B1"       8841.347136                 1     33.7545908375 1.48323969742e-08       33.49012664       19.14076064     34.4481464584 1.51371582537e-08
    "BPM.27L5.B1"       8894.795652                 1     173.803996962 1.48323969742e-08       171.6846409       19.27691665     177.375147909 1.51371582537e-08
    "BPM.26L5.B1"       8948.244168                 1     33.1444994151 1.48323969742e-08       33.49340683       19.39075006     33.8255194867 1.51371582537e-08
    "BPM.25L5.B1"       9001.692684                 1     172.516773886 1.48323969742e-08       171.6981943       19.52688987     176.061476259 1.51371582537e-08
    "BPM.24L5.B1"         9055.1412                 1     32.3612203072 1.48323969742e-08       33.49012735       19.64072458     33.0261463421 1.51371582537e-08
    "BPM.23L5.B1"       9108.589716                 1     165.715559978 1.48323969742e-08       171.6846366       19.77688059     169.120517799 1.51371582537e-08
    "BPM.22L5.B1"       9162.038232                 1     33.9937345162 1.48323969742e-08       33.49340612         19.890714     34.6922038226 1.51371582537e-08
    "BPM.21L5.B1"       9215.486748                 1     171.984160068 1.48323969742e-08       171.6981985       20.02685381     175.517918824 1.51371582537e-08
    "BPM.20L5.B1"       9268.935264                 1     33.0405417041 1.48323969742e-08       33.49256265       20.14068354     33.7194257566 1.51371582537e-08
    "BPM.19L5.B1"       9322.383779                 1      182.08127581 1.48323969742e-08       171.6856171       20.27683239     185.822500016 1.51371582537e-08
    "BPM.18L5.B1"       9375.832295                 1     33.9746211588 1.48323969742e-08       33.49341312       20.39066543      34.672697743 1.51371582537e-08
    "BPM.17L5.B1"       9429.280811                 1     175.433515614 1.48323969742e-08       171.6982004       20.52680524     179.038148282 1.51371582537e-08
    "BPM.16L5.B1"       9482.729327                 1     35.3742597982 1.48323969742e-08       33.49256344       20.64063497     36.1010947593 1.51371582537e-08
    "BPM.15L5.B1"       9536.177843                 1     169.219875728 1.48323969742e-08       171.6856152       20.77678382      172.69683673 1.51371582537e-08
    "BPM.14L5.B1"       9589.626359                 1     34.0584296177 1.48323969742e-08       33.49341232       20.89061687     34.7582282144 1.51371582537e-08
    "BPM.13L5.B1"       9643.074875                 1     170.612007852 1.48323969742e-08       171.6982023       21.02675668     174.117572995 1.51371582537e-08
    "BPM.12L5.B1"       9696.523391                 1     36.3975892705 1.48323969742e-08       37.37326424       21.13341341     37.1454505836 1.51371582537e-08
    "BPM.11L5.B1"       9749.971907                 1     175.638278432 1.48323969742e-08       169.7543913       21.26095278     179.247118362 1.51371582537e-08
    "BPM.10L5.B1"       9802.752617                 1     57.6478707186 1.48323969742e-08       59.12476159       21.34475036     58.8323615917 1.51371582537e-08
     "BPM.9L5.B1"       9841.817628                 1     224.299457924 1.48323969742e-08       219.6812157       21.40603613     228.908139171 1.51371582537e-08
     "BPM.8L5.B1"       9882.280639                 1     10.0555750714 1.48323969742e-08       11.06935453       21.53265896     10.2621869852 1.51371582537e-08
    "BPMR.5L5.B1"       9990.140649                 1      110.74222014 1.48323969742e-08       118.2163979       22.23328728     113.017640678 1.51371582537e-08
   "BPMYA.4L5.B1"       10017.54665                 1     335.038433377 1.48323969742e-08       369.5478179       22.25380832     341.922468494 1.51371582537e-08
   "BPMWB.4L5.B1"       10038.68115                 1     728.108587543 1.48323969742e-08       817.2762409       22.26004595     743.069035619 1.51371582537e-08
   "BPMSY.4L5.B1"       10131.46115                 1     4854.13882874 1.48323969742e-08       5153.353933       22.26724363     4953.87682544 1.51371582537e-08
    "BPMS.2L5.B1"       10158.24665                 1     1358.37513072 1.48323969742e-08        1466.51234       22.26890073     1386.28566626 1.51371582537e-08
   "BPMSW.1L5.B1"       10168.21165                 1     1089.57248874 1.48323969742e-08       1162.864002       22.26997571     1111.95993606 1.51371582537e-08
   "BPMSW.1R5.B1"       10211.33965                 1     1113.29810879 1.48323969742e-08       1162.859714       22.76407165     1136.17304645 1.51371582537e-08
    "BPMS.2R5.B1"       10221.30465                 1     905.405308235 1.48323969742e-08       3889.735265       22.76490831     924.008672256 1.51371582537e-08
   "BPMSY.4R5.B1"       10248.09015                 1     2230.73546886 1.48323969742e-08       2484.962953       22.76605049     2276.57039338 1.51371582537e-08
   "BPMWB.4R5.B1"       10340.87015                 1     1216.58832441 1.48323969742e-08       1315.797268       22.77422027     1241.58556626 1.51371582537e-08
   "BPMYA.4R5.B1"       10362.00265                 1     980.976240735 1.48323969742e-08        1054.03612       22.77702284      1001.1323608 1.51371582537e-08
     "BPM.5R5.B1"       10383.12065                 1     523.892518769 1.48323969742e-08       557.7326851       22.78140701     534.656939019 1.51371582537e-08
    "BPMR.6R5.B1"       10415.02065                 1     202.230499114 1.48323969742e-08       199.8506058       22.79688794     206.385729437 1.51371582537e-08
   "BPM_A.7R5.B1"       10449.03465                 1     21.0225612467 1.48323969742e-08       21.35448744       22.88362654     21.4545118394 1.51371582537e-08
     "BPM.8R5.B1"       10490.47364                 1     129.413246309 1.48323969742e-08       122.8584708       23.09302801     132.072300446 1.51371582537e-08
     "BPM.9R5.B1"       10529.54063                 1     44.7699228093 1.48323969742e-08       42.96798859       23.17322829     45.6898104703 1.51371582537e-08
    "BPM.10R5.B1"       10570.00562                 1     170.928500053 1.48323969742e-08       166.3139272       23.26437707     174.440568161 1.51371582537e-08
    "BPM.11R5.B1"       10622.78831                 1     22.2381176967 1.48323969742e-08       31.29957213       23.38103112     22.6950443294 1.51371582537e-08
    "BPM.12R5.B1"       10677.51479                 1     180.941353807 1.48323969742e-08       170.4616741       23.52745829     184.659156034 1.51371582537e-08
    "BPM.13R5.B1"       10730.96627                 1     33.8110977409 1.48323969742e-08       33.47654539       23.64181628     34.5058144093 1.51371582537e-08
    "BPM.14R5.B1"       10784.41776                 1      172.96680095 1.48323969742e-08       171.6983294       23.77798319      176.52075003 1.51371582537e-08
    "BPM.15R5.B1"       10837.86924                 1     31.6637673988 1.48323969742e-08       33.49318309       23.89181923     32.3143628679 1.51371582537e-08
    "BPM.16R5.B1"       10891.32073                 1     171.931873236 1.48323969742e-08       171.7125965        24.0279622     175.464557654 1.51371582537e-08
    "BPM.17R5.B1"       10944.77221                 1     34.0655987066 1.48323969742e-08       33.48743432       24.14180437     34.7655446066 1.51371582537e-08
    "BPM.18R5.B1"        10998.2237                 1     176.422515875 1.48323969742e-08       171.6983269       24.27797067     180.047469534 1.51371582537e-08
    "BPM.19R5.B1"       11051.67518                 1     33.3099952949 1.48323969742e-08       33.49318281       24.39180672     33.9944158107 1.51371582537e-08
    "BPM.20R5.B1"       11105.12666                 1     177.799966675 1.48323969742e-08        171.712599       24.52794969     181.453222816 1.51371582537e-08
    "BPM.21R5.B1"       11158.57815                 1      33.324736305 1.48323969742e-08        33.4874346       24.64179185     34.0094597042 1.51371582537e-08
    "BPM.22R5.B1"       11212.02963                 1     165.278147855 1.48323969742e-08       171.6983244       24.77795816     168.674118169 1.51371582537e-08
    "BPM.23R5.B1"       11265.48112                 1      34.876964315 1.48323969742e-08       33.49074786       24.89179919     35.5935813452 1.51371582537e-08
    "BPM.24R5.B1"        11318.9326                 1     175.765013316 1.48323969742e-08       171.7116167       25.02794932     179.376457269 1.51371582537e-08
    "BPM.25R5.B1"       11372.38408                 1      33.969109991 1.48323969742e-08       33.48742682       25.14179185     34.6670733372 1.51371582537e-08
    "BPM.26R5.B1"       11425.83557                 1     178.738432153 1.48323969742e-08       171.6983244       25.27795816     182.410970946 1.51371582537e-08
    "BPM.27R5.B1"       11479.28705                 1     32.7206272994 1.48323969742e-08       33.49074786       25.39179919     33.3929380702 1.51371582537e-08
    "BPM.28R5.B1"       11532.73854                 1     176.552294299 1.48323969742e-08       171.7116167       25.52794932     180.179914515 1.51371582537e-08
    "BPM.29R5.B1"       11586.19002                 1     34.4545167602 1.48323969742e-08       33.48742682       25.64179185     35.1624537599 1.51371582537e-08
    "BPM.30R5.B1"        11639.6415                 1     170.757630059 1.48323969742e-08       171.6983244       25.77795816     174.266187301 1.51371582537e-08
    "BPM.31R5.B1"       11693.09299                 1      33.435021804 1.48323969742e-08       33.49074786       25.89179919     34.1220112396 1.51371582537e-08
    "BPM.32R5.B1"       11746.54447                 1     175.112820461 1.48323969742e-08       171.7116167       26.02794932     178.710863806 1.51371582537e-08
    "BPM.33R5.B1"       11799.99596                 1      32.741828152 1.48323969742e-08       33.48742682       26.14179185     33.4145745367 1.51371582537e-08
    "BPM.34R5.B1"       11853.44744                 1     159.706941604 1.48323969742e-08       171.6983244       26.27795816     162.988440337 1.51371582537e-08
    "BPM.33L6.B1"       11906.89893                 1     35.5748013673 1.48323969742e-08       33.49074786       26.39179919     36.3057568563 1.51371582537e-08
    "BPM.32L6.B1"       11960.35041                 1     178.242770189 1.48323969742e-08       171.7116167       26.52794932     181.905124615 1.51371582537e-08
    "BPM.31L6.B1"       12013.80189                 1      36.406757547 1.48323969742e-08       33.48742682       26.64179185     37.1548072407 1.51371582537e-08
    "BPM.30L6.B1"       12067.25338                 1     172.921599939 1.48323969742e-08       171.6983244       26.77795816     176.474620273 1.51371582537e-08
    "BPM.29L6.B1"       12120.70486                 1     32.1767707592 1.48323969742e-08       33.49074786       26.89179919      32.837906909 1.51371582537e-08
    "BPM.28L6.B1"       12174.15635                 1     191.016097686 1.48323969742e-08       171.7116167       27.02794932     194.940905688 1.51371582537e-08
    "BPM.27L6.B1"       12227.60783                 1     34.9305428788 1.48323969742e-08       33.48742682       27.14179185     35.6482607878 1.51371582537e-08
    "BPM.26L6.B1"       12281.05931                 1     165.861064735 1.48323969742e-08       171.6983244       27.27795816     169.269012243 1.51371582537e-08
    "BPM.25L6.B1"        12334.5108                 1     35.6027051731 1.48323969742e-08       33.49074786       27.39179919     36.3342340016 1.51371582537e-08
    "BPM.24L6.B1"       12387.96228                 1     183.504236072 1.48323969742e-08       171.7116167       27.52794932     187.274697844 1.51371582537e-08
    "BPM.23L6.B1"       12441.41377                 1     34.3824565211 1.48323969742e-08       33.48742682       27.64179185      35.088912899 1.51371582537e-08
    "BPM.22L6.B1"       12494.86525                 1     173.811068201 1.48323969742e-08       171.6983244       27.77795816     177.382364441 1.51371582537e-08
    "BPM.21L6.B1"       12548.31673                 1     33.8711661259 1.48323969742e-08       33.49074786       27.89179919     34.5671170195 1.51371582537e-08
    "BPM.20L6.B1"       12601.76822                 1     180.109101046 1.48323969742e-08       171.7124894       28.02794888     183.809802975 1.51371582537e-08
    "BPM.19L6.B1"        12655.2197                 1     32.0389525239 1.48323969742e-08       33.48986925       28.14178606     32.6972569222 1.51371582537e-08
    "BPM.18L6.B1"       12708.67119                 1     166.710073271 1.48323969742e-08       171.6984336       28.27794565     170.135465359 1.51371582537e-08
    "BPM.17L6.B1"       12762.12267                 1     35.6305925832 1.48323969742e-08       33.49074763       28.39178668     36.3626944144 1.51371582537e-08
    "BPM.16L6.B1"       12815.57415                 1     181.522837053 1.48323969742e-08       171.7124899       28.52793637     185.252587017 1.51371582537e-08
    "BPM.15L6.B1"       12869.02564                 1      34.354533942 1.48323969742e-08       33.48986947       28.64177355     35.0604165946 1.51371582537e-08
    "BPM.14L6.B1"       12922.47712                 1     171.914487702 1.48323969742e-08       171.6984331       28.77793314       175.4468149 1.51371582537e-08
    "BPM.13L6.B1"       12975.92861                 1     33.9053811438 1.48323969742e-08        33.4907474       28.89177417     34.6020350534 1.51371582537e-08
    "BPM.12L6.B1"       13029.38009                 1     178.196013115 1.48323969742e-08       172.3301133       29.02761038     181.857406823 1.51371582537e-08
    "BPM.11L6.B1"       13082.83158                 1     29.1293270684 1.48323969742e-08       28.00013899       29.15448507     29.7278473888 1.51371582537e-08
    "BPM.10L6.B1"       13134.67226                 1     173.709429911 1.48323969742e-08       173.2591773       29.30126285     177.278637788 1.51371582537e-08
     "BPM.9L6.B1"       13173.73925                 1     18.4338185994 1.48323969742e-08       16.60612193       29.41453321     18.8125782936 1.51371582537e-08
     "BPM.8L6.B1"       13214.20424                 1     132.310809696 1.48323969742e-08       130.3694074       29.64014429     135.029400071 1.51371582537e-08
   "BPMYA.5L6.B1"       13311.29423                 1     166.092661389 1.48323969742e-08       173.7940381       29.74224023     169.505367514 1.51371582537e-08
   "BPMYB.4L6.B1"       13347.69423                 1     553.695221835 1.48323969742e-08       602.0958877       29.76118221     565.071998263 1.51371582537e-08
   "BPMSA.4R6.B1"       13568.51473                 1     124.240567468 1.48323969742e-08       131.4608183       29.89620361     126.793338566 1.51371582537e-08
   "BPMYA.4R6.B1"       13691.29423                 1     175.406273823 1.48323969742e-08       185.2031533       30.04035375     179.010346754 1.51371582537e-08
   "BPMYB.5R6.B1"       13727.69423                 1     579.963769506 1.48323969742e-08       616.4975055       30.05837476     591.880285817 1.51371582537e-08
    "BPM.11R6.B1"       13954.79389                 1     183.981740602 1.48323969742e-08        177.270474       30.61535096     187.762013661 1.51371582537e-08
    "BPM.12R6.B1"       14009.52037                 1     38.1179948466 1.48323969742e-08       34.19120251       30.72900997     38.9012053352 1.51371582537e-08
    "BPM.13R6.B1"       14062.97186                 1     174.566352533 1.48323969742e-08       170.1924123        30.8641026     178.153167601 1.51371582537e-08
    "BPM.14R6.B1"       14116.42334                 1     34.3107100354 1.48323969742e-08       31.88949484       30.98188857     35.0156922382 1.51371582537e-08
    "BPM.17R6.B1"       14276.77779                 1     187.088335765 1.48323969742e-08       171.0099726       31.38428663     190.932440038 1.51371582537e-08
    "BPM.19R6.B1"       14383.68076                 1     177.568708055 1.48323969742e-08       174.6438469       31.64024116     181.217212525 1.51371582537e-08
    "BPM.20R6.B1"       14437.13225                 1     28.8356846404 1.48323969742e-08       30.51864144       31.75928499     29.4281714894 1.51371582537e-08
    "BPM.21R6.B1"       14490.58373                 1     169.834427134 1.48323969742e-08       172.1192995       31.90434748     173.324015325 1.51371582537e-08
    "BPM.22R6.B1"       14544.03522                 1     31.0608211534 1.48323969742e-08       32.10913155       32.02075961     31.6990278852 1.51371582537e-08
    "BPM.23R6.B1"        14597.4867                 1     183.093928341 1.48323969742e-08       172.1866152        32.1607023      186.85595952 1.51371582537e-08
    "BPM.24R6.B1"       14650.93818                 1     33.4892980122 1.48323969742e-08       32.10637593       32.27712494     34.1774026611 1.51371582537e-08
    "BPM.25R6.B1"       14704.38967                 1     173.085329317 1.48323969742e-08       172.1986226       32.41706918     176.641713799 1.51371582537e-08
    "BPM.26R6.B1"       14757.84115                 1     33.5333461223 1.48323969742e-08       32.10898259       32.53348104     34.2223558278 1.51371582537e-08
    "BPM.27R6.B1"       14811.29264                 1     175.796181591 1.48323969742e-08       172.1856345       32.67342473     179.408265958 1.51371582537e-08
    "BPM.29R6.B1"        14918.1956                 1     177.009952532 1.48323969742e-08       172.1995203       32.92979065     180.646976253 1.51371582537e-08
    "BPM.30R6.B1"       14971.64709                 1     32.7263299163 1.48323969742e-08       32.10880139       33.04620254     33.3987578587 1.51371582537e-08
    "BPM.31R6.B1"       15025.09857                 1      172.94897238 1.48323969742e-08       172.1848256       33.18614723     176.502555135 1.51371582537e-08
    "BPM.33R6.B1"       15132.00154                 1     181.247213255 1.48323969742e-08       172.2002354       33.44251206     184.971299976 1.51371582537e-08
    "BPM.34R6.B1"       15185.45302                 1      34.386286079 1.48323969742e-08       32.10859258       33.55892412     35.0928211429 1.51371582537e-08
    "BPM.33L7.B1"       15238.90451                 1     178.138345525 1.48323969742e-08       172.1842088       33.69886977     181.798554337 1.51371582537e-08
    "BPM.32L7.B1"       15292.35599                 1     33.8410539299 1.48323969742e-08       32.10695784       33.81529211     34.5363861081 1.51371582537e-08
    "BPM.31L7.B1"       15345.80748                 1     179.616741137 1.48323969742e-08       172.2007498       33.95523343     183.307326546 1.51371582537e-08
    "BPM.30L7.B1"       15399.25896                 1     32.6903006645 1.48323969742e-08       32.10836147       34.07164578     33.3619883138 1.51371582537e-08
    "BPM.29L7.B1"       15452.71045                 1     170.782851506 1.48323969742e-08          172.1838       34.21159236     174.291926973 1.51371582537e-08
    "BPM.28L7.B1"       15506.16193                 1     33.6660281168 1.48323969742e-08       32.10719791       34.32801433     34.3577640394 1.51371582537e-08
    "BPM.27L7.B1"       15559.61341                 1     177.971709508 1.48323969742e-08       172.2010504       34.46795476      181.62849445 1.51371582537e-08
    "BPM.26L7.B1"        15613.0649                 1     33.6473604359 1.48323969742e-08       32.10811398       34.58436754     34.3387127937 1.51371582537e-08
    "BPM.25L7.B1"       15666.51638                 1     190.888665482 1.48323969742e-08       172.1836097       34.72431496     194.810855135 1.51371582537e-08
    "BPM.24L7.B1"       15719.96787                 1     29.8496388882 1.48323969742e-08       32.10745125       34.84073646     30.4629594564 1.51371582537e-08
    "BPM.23L7.B1"       15773.41935                 1      172.90560302 1.48323969742e-08       172.2011293       34.98067608     176.458294665 1.51371582537e-08
    "BPM.22L7.B1"       15826.87083                 1     34.2684427966 1.48323969742e-08        32.1078564        35.0970894     34.9725565344 1.51371582537e-08
    "BPM.21L7.B1"       15880.32232                 1     173.411287998 1.48323969742e-08       172.1836426       35.23703758     176.974369953 1.51371582537e-08
    "BPM.20L7.B1"        15933.7738                 1     32.0250437268 1.48323969742e-08       30.47435327       35.35724459     32.6830623411 1.51371582537e-08
    "BPM.17L7.B1"       16094.12825                 1     173.513839127 1.48323969742e-08       171.1056937       35.75708902       177.0790282 1.51371582537e-08
    "BPM.16L7.B1"       16147.57974                 1     30.9396689148 1.48323969742e-08       30.52259439       35.87764884     31.5753863314 1.51371582537e-08
    "BPM.15L7.B1"       16201.03122                 1     175.117121082 1.48323969742e-08       175.5794501       36.02068135     178.715252791 1.51371582537e-08
    "BPM.14L7.B1"       16254.48271                 1     34.9758570046 1.48323969742e-08       32.02378287        36.1358715      35.694505983 1.51371582537e-08
    "BPM.13L7.B1"       16307.93419                 1     174.595290769 1.48323969742e-08       170.1513258        36.2772605      178.18270043 1.51371582537e-08
    "BPM.12L7.B1"       16361.38567                 1     38.1742316839 1.48323969742e-08       36.24459573        36.3863031     38.9585976709 1.51371582537e-08
    "BPM.11L7.B1"       16414.83716                 1     176.299156034 1.48323969742e-08       177.0550772       36.51311475     179.921575018 1.51371582537e-08
    "BPM.10L7.B1"       16467.61985                 1     47.0149033371 1.48323969742e-08       47.38131886         36.605004     47.9809186158 1.51371582537e-08
     "BPM.9L7.B1"       16506.68684                 1     178.289445072 1.48323969742e-08       166.3521056       36.68466988     181.952758527 1.51371582537e-08
     "BPM.7L7.B1"       16586.21782                 1     132.275537928 1.48323969742e-08       134.7712352       36.82220919     134.993403574 1.51371582537e-08
     "BPM.6L7.B1"       16621.03582                 1      51.864978553 1.48323969742e-08       49.81548872       36.88797155     52.9306483334 1.51371582537e-08
   "BPMWC.6L7.B1"       16633.13832                 1     41.5811402832 1.48323969742e-08       49.69190068       36.92958517     42.4355080256 1.51371582537e-08
   "BPMWE.5L7.B1"       16710.19232                 1     294.655927462 1.48323969742e-08       314.1349118       37.03535636     300.710223178 1.51371582537e-08
    "BPMW.5L7.B1"       16733.39732                 1     262.686954637 1.48323969742e-08       285.6063477       37.04678483     268.084383829 1.51371582537e-08
   "BPMWE.4L7.B1"       16768.48232                 1     85.0179568541 1.48323969742e-08       93.22011178       37.08127598     86.7648209219 1.51371582537e-08
    "BPMW.4R7.B1"       16912.63432                 1     359.533615158 1.48323969742e-08       375.7351914       37.30278616     366.920952807 1.51371582537e-08
   "BPMWE.4R7.B1"       16940.73932                 1     294.324659257 1.48323969742e-08       317.8299468       37.31478815     300.372148406 1.51371582537e-08
    "BPMW.5R7.B1"       16975.82432                 1     94.7545691165 1.48323969742e-08       93.03514539       37.34749066     96.7014913687 1.51371582537e-08
   "BPMWE.5R7.B1"       16999.02932                 1     44.9020456873 1.48323969742e-08       47.57653895       37.40873517     45.8246480773 1.51371582537e-08
    "BPMR.6R7.B1"       17078.24482                 1      166.21910576 1.48323969742e-08       168.9596418       37.58115555     169.634409938 1.51371582537e-08
   "BPM_A.7R7.B1"       17116.28082                 1     52.8056886229 1.48323969742e-08        57.2560675       37.63773019     53.8906871743 1.51371582537e-08
     "BPM.8R7.B1"       17155.34681                 1     142.155504354 1.48323969742e-08       133.4952572       37.71898544     145.076373683 1.51371582537e-08
     "BPM.9R7.B1"        17194.4138                 1     45.1126913077 1.48323969742e-08       44.58287063        37.7980369     46.0396218334 1.51371582537e-08
    "BPM.10R7.B1"       17234.87878                 1     183.196224723 1.48323969742e-08       174.6728833       37.88340212     186.960357786 1.51371582537e-08
    "BPM.11R7.B1"       17287.66147                 1     35.5765926021 1.48323969742e-08       34.43815155        37.9924227     36.3075848956 1.51371582537e-08
    "BPM.12R7.B1"       17342.38796                 1     181.201144312 1.48323969742e-08       172.0481003       38.12925375     184.924284455 1.51371582537e-08
    "BPM.13R7.B1"       17395.83944                 1     33.0134229383 1.48323969742e-08       32.01668561       38.24600156     33.6917497814 1.51371582537e-08
    "BPM.14R7.B1"       17449.29093                 1     183.069832161 1.48323969742e-08       174.4542144       38.38501933     186.831368236 1.51371582537e-08
    "BPM.15R7.B1"       17502.74241                 1     32.3691240526 1.48323969742e-08       30.53226609       38.50411043     33.0342124857 1.51371582537e-08
    "BPM.16R7.B1"       17556.19389                 1     169.321560377 1.48323969742e-08       172.2874727       38.64902696     172.800610693 1.51371582537e-08
    "BPM.17R7.B1"       17609.64538                 1     34.2471680097 1.48323969742e-08       32.08981069       38.76541233     34.9508446144 1.51371582537e-08
    "BPM.18R7.B1"       17663.09686                 1     182.530657995 1.48323969742e-08       173.3350917       38.90480998     186.281115657 1.51371582537e-08
    "BPM.19R7.B1"       17716.54835                 1       30.53693485 1.48323969742e-08       30.47804305       39.02451018     31.1643772892 1.51371582537e-08
    "BPM.20R7.B1"       17769.99983                 1     166.390414006 1.48323969742e-08       173.4229352       39.16893725     169.809238054 1.51371582537e-08
    "BPM.23R7.B1"       17930.35428                 1      33.001888788 1.48323969742e-08       32.10807333       39.54114326      33.679978639 1.51371582537e-08
    "BPM.24R7.B1"       17983.80577                 1     174.691137645 1.48323969742e-08       172.1836777       39.68109076     178.280516672 1.51371582537e-08
    "BPM.25R7.B1"       18037.25725                 1     34.3038098435 1.48323969742e-08       32.10749135       39.79751214      35.008650268 1.51371582537e-08
    "BPM.26R7.B1"       18090.70874                 1     172.000507903 1.48323969742e-08       172.2010449       39.93745169     175.534602558 1.51371582537e-08
    "BPM.28R7.B1"        18197.6117                 1     188.412303536 1.48323969742e-08        172.183743       40.19381337     192.283611377 1.51371582537e-08
    "BPM.29R7.B1"       18251.06319                 1     31.8627176175 1.48323969742e-08       32.10774967       40.31023415      32.517400917 1.51371582537e-08
    "BPM.30R7.B1"       18304.51467                 1     178.613702856 1.48323969742e-08       172.2008691       40.45017302     182.283678836 1.51371582537e-08
    "BPM.31R7.B1"       18357.96616                 1     33.6934266558 1.48323969742e-08       32.10755835       40.56658712     34.3857255362 1.51371582537e-08
    "BPM.32R7.B1"       18411.41764                 1     175.932117802 1.48323969742e-08       172.1840281       40.70653596     179.546995251 1.51371582537e-08
    "BPM.33R7.B1"       18464.86912                 1     41.7166653779 1.48323969742e-08       32.10800719       40.82295605     42.5738177546 1.51371582537e-08
    "BPM.34R7.B1"       18518.32061                 1     175.219826668 1.48323969742e-08       172.2004764       40.96289437     178.820068669 1.51371582537e-08
    "BPM.33L8.B1"       18571.77209                 1     32.5304215221 1.48323969742e-08       32.10730369        41.0793092     33.1988241346 1.51371582537e-08
    "BPM.32L8.B1"       18625.22358                 1     164.622798659 1.48323969742e-08       172.1845259       41.21925853     168.005303513 1.51371582537e-08
    "BPM.31L8.B1"       18678.67506                 1     32.4212466183 1.48323969742e-08       32.10825736       41.33567785     33.0874060138 1.51371582537e-08
    "BPM.30L8.B1"       18732.12654                 1      171.76416239 1.48323969742e-08       172.1998768       41.47561576     175.293400853 1.51371582537e-08
    "BPM.29L8.B1"       18785.57803                 1     34.0337141084 1.48323969742e-08       32.10705961       41.59203137     34.7330048756 1.51371582537e-08
    "BPM.28L8.B1"       18839.02951                 1     168.359282458 1.48323969742e-08       172.1852235       41.73198105     171.818560849 1.51371582537e-08
    "BPM.27L8.B1"         18892.481                 1     32.2965941361 1.48323969742e-08       32.10849379       41.84839955      32.960192297 1.51371582537e-08
    "BPM.25L8.B1"       18999.38397                 1     33.3310676863 1.48323969742e-08       32.10683234       42.10475365     34.0159211765 1.51371582537e-08
    "BPM.22L8.B1"       19159.73842                 1     183.502238203 1.48323969742e-08       172.1981229        42.5010587     187.272658925 1.51371582537e-08
    "BPM.21L8.B1"        19213.1899                 1     34.1688417897 1.48323969742e-08       32.10662768         42.617476     34.8709090255 1.51371582537e-08
    "BPM.20L8.B1"       19266.64139                 1     182.986663876 1.48323969742e-08       173.4955575       42.75673544     186.746491091 1.51371582537e-08
    "BPM.19L8.B1"       19320.09287                 1     29.7432033407 1.48323969742e-08       30.45861329       42.87641422     30.3543369776 1.51371582537e-08
    "BPM.18L8.B1"       19373.54435                 1     185.538182033 1.48323969742e-08       173.2866211       43.02098645     189.350435295 1.51371582537e-08
    "BPM.15L8.B1"       19533.89881                 1     29.5964775124 1.48323969742e-08       30.44826064        43.3968488     30.2045963735 1.51371582537e-08
    "BPM.14L8.B1"       19587.35029                 1     183.769419143 1.48323969742e-08        174.441654        43.5407806     187.545329632 1.51371582537e-08
    "BPM.13L8.B1"       19640.80177                 1     32.7898038031 1.48323969742e-08        32.1271715       43.65620162     33.4635359436 1.51371582537e-08
    "BPM.12L8.B1"       19694.25326                 1      171.58418474 1.48323969742e-08       171.3860819       43.79657847     175.109725203 1.51371582537e-08
    "BPM.11L8.B1"       19747.70474                 1      31.287238577 1.48323969742e-08       33.96764082       43.90942579     31.9300975079 1.51371582537e-08
    "BPM.10L8.B1"       19799.54543                 1     172.608825688 1.48323969742e-08       165.0751083       44.04149357     176.155419449 1.51371582537e-08
     "BPM.9L8.B1"       19838.61242                 1      48.912373299 1.48323969742e-08       48.29558998       44.10743533     49.9173758954 1.51371582537e-08
     "BPM.8L8.B1"       19879.07741                 1     146.830848898 1.48323969742e-08        149.137966       44.19856933     149.847782538 1.51371582537e-08
     "BPM.7L8.B1"        19918.1454                 1      24.541152287 1.48323969742e-08       25.12412413        44.2966103     25.0453993743 1.51371582537e-08
    "BPMR.6L8.B1"        19950.6144                 1     69.3617977999 1.48323969742e-08       72.12776635       44.43087555     70.7869747476 1.51371582537e-08
     "BPM.5L8.B1"        20011.0334                 1     63.0770003566 1.48323969742e-08       64.38639469       44.71535482     64.3730435633 1.51371582537e-08
   "BPMYB.4L8.B1"        20031.8004                 1     194.332264036 1.48323969742e-08       223.2242958       44.74306391     198.325209313 1.51371582537e-08
   "BPMWB.4L8.B1"        20056.1919                 1     246.266210515 1.48323969742e-08       285.9018256       44.75737744     251.326242656 1.51371582537e-08
   "BPMSX.4L8.B1"        20106.4249                 1     238.814890257 1.48323969742e-08       333.3860327       44.78338874     243.721820111 1.51371582537e-08
    "BPMS.2L8.B1"        20144.3364                 1     489.253291094 1.48323969742e-08       525.7560619       44.79694195     499.305979089 1.51371582537e-08
   "BPMSW.1L8.B1"        20154.2704                 1     145.932408035 1.48323969742e-08       158.4512884       44.80309245     148.930881408 1.51371582537e-08
   "BPMSW.1R8.B1"        20197.4604                 1     154.680974558 1.48323969742e-08       158.4475621       45.25915413     157.859204739 1.51371582537e-08
    "BPMS.2R8.B1"        20207.3944                 1     186.800702536 1.48323969742e-08         195.98793       45.26709429     190.638896809 1.51371582537e-08
   "BPMWB.4R8.B1"        20295.4629                 1     186.820087101 1.48323969742e-08       227.4346668        45.3048489     190.658679668 1.51371582537e-08
   "BPMYB.4R8.B1"        20319.9304                 1     135.008363176 1.48323969742e-08       147.7602251       45.32769508     137.782380186 1.51371582537e-08
   "BPMYB.5R8.B1"        20340.5074                 1      178.97755479 1.48323969742e-08       195.0056676       45.34703565     182.655006836 1.51371582537e-08
     "BPM.6R8.B1"        20424.6154                 1     42.0912966295 1.48323969742e-08        42.6376099       45.58519154     42.9561465549 1.51371582537e-08
   "BPM_A.7R8.B1"        20446.8554                 1      161.23203502 1.48323969742e-08       160.6274635       45.62849476     164.544869849 1.51371582537e-08
    "BPM.10R8.B1"       20567.82043                 1     27.2401432564 1.48323969742e-08       24.77543335       46.07412945     27.7998465145 1.51371582537e-08
    "BPM.11R8.B1"       20619.65914                 1     177.438170426 1.48323969742e-08       183.2044262       46.23601302      181.08399274 1.51371582537e-08
    "BPM.12R8.B1"       20674.38266                 1     41.3746138711 1.48323969742e-08       43.27590768       46.33313795      42.224738115 1.51371582537e-08
    "BPM.13R8.B1"       20727.83117                 1     170.956551682 1.48323969742e-08       172.0826476       46.44848118     174.469196167 1.51371582537e-08
    "BPM.14R8.B1"       20781.27969                 1     33.5543368693 1.48323969742e-08       33.49092722       46.56231394     34.2437778717 1.51371582537e-08
    "BPM.15R8.B1"       20834.72821                 1     111.494789109 1.48323969742e-08       171.6867158       46.69846668     113.785672682 1.51371582537e-08
    "BPM.16R8.B1"       20888.17672                 1     35.6319803132 1.48323969742e-08       33.49504866        46.8122959     36.3641106581 1.51371582537e-08
    "BPM.17R8.B1"       20941.62524                 1     180.036843159 1.48323969742e-08       171.6971048       46.94843182     183.736060405 1.51371582537e-08
    "BPM.18R8.B1"       20995.07375                 1     32.8632421828 1.48323969742e-08       33.49092802       47.06226537     33.5384832617 1.51371582537e-08
    "BPM.19R8.B1"       21048.52227                 1     175.925191297 1.48323969742e-08       171.6867089       47.19841811     179.539926427 1.51371582537e-08
    "BPM.22R8.B1"       21208.86782                 1     22.6210110424 1.48323969742e-08       33.49092882        47.5622168     23.0858049851 1.51371582537e-08
    "BPM.23R8.B1"       21262.31633                 1     172.804722002 1.48323969742e-08       171.6858294       47.69836998     176.355340845 1.51371582537e-08
    "BPM.24R8.B1"       21315.76485                 1     33.7560834049 1.48323969742e-08       33.49260464       47.81220456     34.4496696936 1.51371582537e-08
    "BPM.25R8.B1"       21369.21337                 1     176.322514876 1.48323969742e-08       171.6970044        47.9483472     179.945413814 1.51371582537e-08
    "BPM.26R8.B1"       21422.66188                 1      34.275939086 1.48323969742e-08       33.49092938       48.06218074     34.9802068501 1.51371582537e-08
    "BPM.27R8.B1"        21476.1104                 1     172.099093551 1.48323969742e-08       171.6858271       48.19833392     175.635213845 1.51371582537e-08
    "BPM.29R8.B1"       21583.00743                 1     169.770058486 1.48323969742e-08       171.6970067       48.44831114     173.258324094 1.51371582537e-08
    "BPM.30R8.B1"       21636.45594                 1     34.0857612298 1.48323969742e-08       33.49092993       48.56214468     34.7861214092 1.51371582537e-08
    "BPM.31R8.B1"       21689.90446                 1     170.036538696 1.48323969742e-08       171.6858247       48.69829786     173.530279673 1.51371582537e-08
    "BPM.32R8.B1"       21743.35298                 1     34.6355084661 1.48323969742e-08       33.49260354       48.81213245     35.3471643027 1.51371582537e-08
    "BPM.33R8.B1"       21796.80149                 1     170.466417286 1.48323969742e-08        171.697009       48.94827509     173.968990979 1.51371582537e-08
    "BPM.34R8.B1"       21850.25001                 1      34.881728544 1.48323969742e-08       33.49093048       49.06210862     35.5984434648 1.51371582537e-08
    "BPM.33L1.B1"       21903.69852                 1     167.067453634 1.48323969742e-08       171.6858224        49.1982618     170.500188817 1.51371582537e-08
    "BPM.32L1.B1"       21957.14704                 1     33.8995745644 1.48323969742e-08       33.49260298       49.31209639     34.5961091662 1.51371582537e-08
    "BPM.31L1.B1"       22010.59556                 1     176.325204517 1.48323969742e-08       171.6970113       49.44823903     179.948158719 1.51371582537e-08
    "BPM.30L1.B1"       22064.04407                 1     35.0322739306 1.48323969742e-08       33.49093104       49.56207257     35.7520821077 1.51371582537e-08
    "BPM.29L1.B1"       22117.49259                 1     176.226930328 1.48323969742e-08       171.6858201       49.69822575      179.84786529 1.51371582537e-08
    "BPM.28L1.B1"        22170.9411                 1     34.5868987845 1.48323969742e-08       33.49260243       49.81206034     35.2975558378 1.51371582537e-08
    "BPM.27L1.B1"       22224.38962                 1     180.544007829 1.48323969742e-08       171.6970136       49.94820298     184.253645788 1.51371582537e-08
    "BPM.26L1.B1"       22277.83814                 1     34.2062447521 1.48323969742e-08       33.49093159       50.06203651     34.9090805066 1.51371582537e-08
    "BPM.25L1.B1"       22331.28665                 1     179.700807016 1.48323969742e-08       171.6858178       50.19818969     183.393119727 1.51371582537e-08
    "BPM.24L1.B1"       22384.73517                 1     33.4707989458 1.48323969742e-08       33.49260188       50.31202428     34.1585234944 1.51371582537e-08
    "BPM.23L1.B1"       22438.18368                 1     168.717278469 1.48323969742e-08        171.697016       50.44816692     172.183912604 1.51371582537e-08
    "BPM.22L1.B1"        22491.6322                 1     33.5024752716 1.48323969742e-08       33.49093214       50.56200045     34.1908506737 1.51371582537e-08
    "BPM.21L1.B1"       22545.08071                 1     179.599798096 1.48323969742e-08       171.6858155       50.69815363     183.290035377 1.51371582537e-08
    "BPM.20L1.B1"       22598.52923                 1      33.532899575 1.48323969742e-08       33.49503592       50.81198324     34.2219001052 1.51371582537e-08
    "BPM.19L1.B1"       22651.97775                 1      173.36250116 1.48323969742e-08       171.6971325       50.94811916     176.924580693 1.51371582537e-08
    "BPM.18L1.B1"       22705.42626                 1     33.1743467716 1.48323969742e-08       33.49093298       51.06195269     33.8559801169 1.51371582537e-08
    "BPM.17L1.B1"       22758.87478                 1     170.075683175 1.48323969742e-08       171.6858086       51.19810587     173.570228454 1.51371582537e-08
    "BPM.16L1.B1"       22812.32329                 1     35.4721147291 1.48323969742e-08       33.49503507       51.31193549     36.2009603156 1.51371582537e-08
    "BPM.15L1.B1"       22865.77181                 1     177.469781594 1.48323969742e-08       171.6971394       51.44807141     181.116253422 1.51371582537e-08
    "BPM.14L1.B1"       22919.22033                 1     34.7644432391 1.48323969742e-08       33.49093383       51.56190493     35.4787482986 1.51371582537e-08
    "BPM.13L1.B1"       22972.66884                 1     175.302803186 1.48323969742e-08       171.6858018       51.69805811     178.904750107 1.51371582537e-08
    "BPM.12L1.B1"       23026.11736                 1      36.175377409 1.48323969742e-08       37.37572878       51.80471524     36.9186729347 1.51371582537e-08
    "BPM.11L1.B1"       23079.56587                 1     171.329684864 1.48323969742e-08       169.7692486         51.932242     174.849996117 1.51371582537e-08
    "BPM.10L1.B1"       23132.34658                 1     58.4408410154 1.48323969742e-08       59.12379015        52.0160363     59.6416250501 1.51371582537e-08
     "BPM.9L1.B1"        23171.4116                 1     220.758646655 1.48323969742e-08       219.6617885       52.07732545     225.294574849 1.51371582537e-08
    "BPMR.7L1.B1"       23250.94062                 1     185.458451138 1.48323969742e-08       171.6793461       52.46908789      189.26906617 1.51371582537e-08
   "BPMYA.4L1.B1"       23347.14262                 1      327.73435889 1.48323969742e-08       369.6052291       52.92509906      334.46831718 1.51371582537e-08
   "BPMWB.4L1.B1"       23368.27512                 1     747.909511317 1.48323969742e-08       817.3484068       52.93133526     763.276808998 1.51371582537e-08
   "BPMSY.4L1.B1"       23461.05512                 1     4774.45086252 1.48323969742e-08       5153.775574       52.93853233     4872.55151047 1.51371582537e-08
    "BPMS.2L1.B1"       23487.84062                 1     1397.70799816 1.48323969742e-08       1466.629998       52.94018929     1426.42670618 1.51371582537e-08
   "BPMSW.1L1.B1"       23497.79062                 1     1144.37313764 1.48323969742e-08       1164.573998       52.94126213     1167.88657396 1.51371582537e-08
   "BPMSW.1R1.B1"       23540.93362                 1      1088.2669336 1.48323969742e-08       1162.958279        53.4353606     1110.62755567 1.51371582537e-08
    "BPMS.2R1.B1"       23550.89862                 1     3981.53763854 1.48323969742e-08       3890.061994        53.4361972     4063.34629746 1.51371582537e-08
   "BPMSY.4R1.B1"       23577.68412                 1     2439.26488542 1.48323969742e-08       2485.169058       53.43733928     2489.38446413 1.51371582537e-08
   "BPMWB.4R1.B1"       23670.46412                 1     1264.86390473 1.48323969742e-08       1315.895817       53.44550841     1290.85306499 1.51371582537e-08
   "BPMYA.4R1.B1"       23691.59662                 1     1021.12620143 1.48323969742e-08        1054.11196       53.44831078     1042.10728279 1.51371582537e-08
     "BPM.5R1.B1"       23719.00462                 1     464.466739022 1.48323969742e-08       458.2183966       53.45468971       474.0101377 1.51371582537e-08
    "BPMR.6R1.B1"       23750.90462                 1     141.952697528 1.48323969742e-08       151.6213247       53.47391543     144.869399785 1.51371582537e-08
   "BPMSX.7R1.B1"       23757.12012                 1     105.664076954 1.48323969742e-08        109.615477       53.48159167     107.835156878 1.51371582537e-08
   "BPM_A.7R1.B1"       23778.62862                 1     20.5685939928 1.48323969742e-08       21.35307438       53.55491412     20.9912169198 1.51371582537e-08
     "BPM.8R1.B1"       23820.06761                 1     129.823902391 1.48323969742e-08       122.8601978       53.76433149     132.491394278 1.51371582537e-08
     "BPM.9R1.B1"        23859.1346                 1      45.801465475 1.48323969742e-08       42.97232301       53.84452673     46.7425482444 1.51371582537e-08
    "BPM.10R1.B1"       23899.59958                 1     168.640531542 1.48323969742e-08       166.3279779       53.93566601     172.105588759 1.51371582537e-08
    "BPM.11R1.B1"       23952.38227                 1     31.6590149517 1.48323969742e-08       31.29759343       54.05231853     32.3095127722 1.51371582537e-08
    "BPM.12R1.B1"       24007.10876                 1     167.992519797 1.48323969742e-08       170.4494906       54.19875978     171.444262315 1.51371582537e-08
    "BPM.13R1.B1"       24060.56024                 1     33.0263220903 1.48323969742e-08       33.47905705       54.31311752     33.7049139723 1.51371582537e-08
    "BPM.14R1.B1"       24114.01173                 1     175.017085045 1.48323969742e-08       171.7105065       54.44927106     178.613161314 1.51371582537e-08
    "BPM.15R1.B1"       24167.46321                 1     33.0899901948 1.48323969742e-08        33.4906705       54.56310739     33.7698902655 1.51371582537e-08
    "BPM.16R1.B1"       24220.91469                 1     172.193430918 1.48323969742e-08       171.7004166       54.69926373     175.731489562 1.51371582537e-08
    "BPM.17R1.B1"       24274.36618                 1      33.721413095 1.48323969742e-08       33.48994637       54.81310561     34.4142870128 1.51371582537e-08
    "BPM.18R1.B1"       24327.81766                 1     172.538239722 1.48323969742e-08       171.7105063       54.94925855     176.083383153 1.51371582537e-08
    "BPM.19R1.B1"       24381.26915                 1     32.7605422719 1.48323969742e-08       33.49067065       55.06309487     33.4336731757 1.51371582537e-08
    "BPM.20R1.B1"       24434.72063                 1     177.708232808 1.48323969742e-08       171.7004168       55.19925121     181.359604093 1.51371582537e-08
    "BPM.21R1.B1"       24488.17211                 1     34.0197715843 1.48323969742e-08       33.48994622        55.3130931     34.7187758744 1.51371582537e-08
    "BPM.22R1.B1"        24541.6236                 1     174.074136897 1.48323969742e-08       171.7105062       55.44924604      177.65083841 1.51371582537e-08
    "BPM.23R1.B1"       24595.07508                 1     34.2053859157 1.48323969742e-08       33.48823615       55.56308734     34.9082040236 1.51371582537e-08
    "BPM.24R1.B1"       24648.52657                 1     174.335752845 1.48323969742e-08       171.6994345       55.69925085      177.91782978 1.51371582537e-08
    "BPM.25R1.B1"       24701.97805                 1     32.2450354465 1.48323969742e-08       33.48993844        55.8130931     32.9075742309 1.51371582537e-08
    "BPM.26R1.B1"       24755.42954                 1     174.299432439 1.48323969742e-08       171.7105062       55.94924604     177.880763099 1.51371582537e-08
    "BPM.27R1.B1"       24808.88102                 1     33.7864946098 1.48323969742e-08       33.48823615       56.06308734     34.4807057576 1.51371582537e-08
    "BPM.28R1.B1"        24862.3325                 1     168.729602932 1.48323969742e-08       171.6994345       56.19925085     172.196490298 1.51371582537e-08
    "BPM.29R1.B1"       24915.78399                 1     34.3162518731 1.48323969742e-08       33.48993844        56.3130931      35.021347944 1.51371582537e-08
    "BPM.30R1.B1"       24969.23547                 1     175.259785667 1.48323969742e-08       171.7105062       56.44924604     178.860848706 1.51371582537e-08
    "BPM.31R1.B1"       25022.68696                 1     34.8474527102 1.48323969742e-08       33.48823615       56.56308734     35.5634633654 1.51371582537e-08
    "BPM.34R1.B1"       25183.04141                 1     178.844842778 1.48323969742e-08       171.7105062       56.94924604      182.51956799 1.51371582537e-08
    "BPM.33L2.B1"       25236.49289                 1      34.287517136 1.48323969742e-08       33.48823615       57.06308734     34.9920227942 1.51371582537e-08
    "BPM.32L2.B1"       25289.94438                 1     172.533905098 1.48323969742e-08       171.6994345       57.19925085     176.078959466 1.51371582537e-08
    "BPM.31L2.B1"       25343.39586                 1     34.1938721604 1.48323969742e-08       33.48993844        57.3130931     34.8964536953 1.51371582537e-08
    "BPM.30L2.B1"       25396.84734                 1     173.375004247 1.48323969742e-08       171.7105062       57.44924604      176.93734068 1.51371582537e-08
    "BPM.29L2.B1"       25450.29883                 1      34.734273985 1.48323969742e-08       33.48823615       57.56308734     35.4479591568 1.51371582537e-08
    "BPM.28L2.B1"       25503.75031                 1     177.774782255 1.48323969742e-08       171.6994345       57.69925085     181.427520933 1.51371582537e-08
    "BPM.27L2.B1"        25557.2018                 1     33.7886203336 1.48323969742e-08       33.48993844        57.8130931     34.4828751586 1.51371582537e-08
    "BPM.26L2.B1"       25610.65328                 1     176.281811178 1.48323969742e-08       171.7105062       57.94924604     179.903873777 1.51371582537e-08
    "BPM.25L2.B1"       25664.10477                 1     35.1091517811 1.48323969742e-08       33.48823615       58.06308734     35.8305395675 1.51371582537e-08
    "BPM.24L2.B1"       25717.55625                 1     177.236201366 1.48323969742e-08       171.6994345       58.19925085     180.877873821 1.51371582537e-08
    "BPM.23L2.B1"       25771.00773                 1     32.7159092741 1.48323969742e-08       33.48993844        58.3130931     33.3881231036 1.51371582537e-08
    "BPM.22L2.B1"       25824.45922                 1     172.060377115 1.48323969742e-08       171.7105062       58.44924604     175.595701903 1.51371582537e-08
    "BPM.21L2.B1"        25877.9107                 1     37.4198139636 1.48323969742e-08       33.48823615       58.56308734     38.1886789288 1.51371582537e-08
    "BPM.20L2.B1"       25931.36219                 1      174.89221784 1.48323969742e-08        171.700307        58.6992504     178.485728463 1.51371582537e-08
    "BPM.17L2.B1"       26091.71664                 1     33.0322669255 1.48323969742e-08       33.48823635       59.06307483     33.7109809561 1.51371582537e-08
    "BPM.16L2.B1"       26145.16812                 1     179.078967847 1.48323969742e-08       171.7003052       59.19923789     182.758503627 1.51371582537e-08
    "BPM.15L2.B1"       26198.61961                 1     34.8773719328 1.48323969742e-08       33.49238065       59.31307479     35.5939973383 1.51371582537e-08
    "BPM.14L2.B1"       26252.07109                 1     178.349323862 1.48323969742e-08       171.7106195       59.44922101     182.013867646 1.51371582537e-08
    "BPM.13L2.B1"       26305.52257                 1     35.2885183971 1.48323969742e-08       33.48823656       59.56306232     36.0135916296 1.51371582537e-08
    "BPM.12L2.B1"       26358.97406                 1      177.60362145 1.48323969742e-08       173.7017891       59.69821776     181.252843286 1.51371582537e-08
    "BPM.11L2.B1"       26412.42554                 1      31.244157466 1.48323969742e-08       30.91271351       59.81689121     31.8861312092 1.51371582537e-08
    "BPM.10L2.B1"       26464.26623                 1     178.869877152 1.48323969742e-08       167.4647348       59.95693287     182.545116746 1.51371582537e-08
     "BPM.9L2.B1"       26503.33322                 1     43.9963617776 1.48323969742e-08       42.40535464       60.02668153      44.900355079 1.51371582537e-08
     "BPM.8L2.B1"       26543.79821                 1     110.307362405 1.48323969742e-08         121.45002       60.13706873     112.573847921 1.51371582537e-08
     "BPM.7L2.B1"        26582.8662                 1     62.2782345463 1.48323969742e-08       61.09021609       60.20618479     63.5578655108 1.51371582537e-08
    "BPMR.6L2.B1"        26614.9722                 1     203.836535199 1.48323969742e-08       205.6559978       60.25327776     208.024764748 1.51371582537e-08