@ GetLLMVersion %s "V3.0.0 Dev"
@ Command %s "/afs/cern.ch/work/o/omc/anaconda/bin/python '/afs/cern.ch/work/e/efol/public/Beta-Beat.src/GetLLM/GetLLM.py' '--accel=LHCB1' '--model=/afs/cern.ch/work/e/efol/public/betabeatGui/temp/2017-12-20/models/LHCB1/Multiturn-model_40cm_2041/twiss.dat' '--files=/afs/cern.ch/work/e/efol/public/betabeatGui/temp/2017-12-20/LHCB1/Measurements/Beam1@Turn@2017_09_11@19_02_33_250/Beam1@Turn@2017_09_11@19_02_33_250.sdds' '--output=/afs/cern.ch/work/e/efol/public/betabeatGui/temp/2017-12-20/LHCB1/Results/40cm_cleaned' '--tbtana=SUSSIX' '--bpmu=mm' '--lhcphase=1' '--errordefs=/afs/cern.ch/work/e/efol/public/betabeatGui/temp/2017-12-20/models/LHCB1/Multiturn-model_40cm_2041/error_deff.txt'"
@ CWD %s "/home/efol/Workspaces/Accsoft-Eclipse-Pro/lhc-app-beta-beating"
@ Date %s "20. December 2017, 16:40:59"
@ DQMIN %le 0.00205526951478
@ DQMINE %le 0.00119392984192
@ FILES %s ""
*            NAME                 S              DETC             DETCE             GAMMA            GAMMAE               C11               C12               C21               C22
$              %s               %le               %le               %le               %le               %le               %le               %le               %le               %le
     BPMYB.5L2.B1            28.288   0.0132057938322               0.0     1.00666902239               0.0   0.0927136340163  -0.0554603205874   0.0554603205874  -0.0927136340163
     BPMYB.4L2.B1            48.858   0.0140883399094               0.0      1.0071194852               0.0   0.0371730346262  -0.0977732817959   0.0977732817959  -0.0371730346262
     BPMWI.4L2.B1           73.3255   0.0272032389912               0.0     1.01388556996               0.0    0.114230429162   0.0402475436023  -0.0402475436023   -0.114230429162
     BPMSX.4L2.B1          123.4825   0.0302892061395               0.0     1.01549756205               0.0    0.189304423398   -0.224527603867    0.224527603867   -0.189304423398
      BPMS.2L2.B1           161.394   -0.046060300337                -1    0.977736076062                -1  -0.0141602839959    0.405256921014   -0.405256921014   0.0141602839959
     BPMSW.1L2.B1           171.328   0.0571541488566               0.0     1.02986346796               0.0    0.229936893083   -0.280698975984    0.280698975984   -0.229936893083
     BPMSW.1R2.B1           214.518  0.00493360796605               0.0     1.00247596936               0.0     0.27477356587   0.0960266169981  -0.0960266169981    -0.27477356587
      BPMS.2R2.B1           224.452   0.0273425373424               0.0     1.01395816876               0.0     0.14560569097 -0.000710201053284 0.000710201053284    -0.14560569097
     BPMSX.4R2.B1          262.3635   0.0232897454426               0.0     1.01185230718               0.0    0.187172387248  -0.0121496141992   0.0121496141992   -0.187172387248
     BPMWB.4R2.B1          312.5965    0.021641152474               0.0     1.01099943202               0.0     0.17410066607 -0.00402442205717  0.00402442205717    -0.17410066607
     BPMYB.4R2.B1           336.988   0.0247087958232               0.0     1.01258816304               0.0    0.192629756619  -0.0304131155892   0.0304131155892   -0.192629756619
       BPM.6R2.B1           439.818   0.0252001708377               0.0     1.01284334252               0.0    0.120722382498  -0.0771846149667   0.0771846149667   -0.120722382498
     BPM_A.7R2.B1           452.693   0.0221402004694               0.0     1.01125737947               0.0    0.117609370282  -0.0441171977928   0.0441171977928   -0.117609370282
       BPM.8R2.B1       494.1300106    0.023182055557               0.0     1.01179652951               0.0     0.15033808299  -0.0609404280207   0.0609404280207    -0.15033808299
       BPM.9R2.B1       533.1950212   0.0224652741584               0.0     1.01142550948               0.0    0.180986101019   -0.065308257747    0.065308257747   -0.180986101019
      BPM.10R2.B1       573.6580318   0.0183951190823               0.0      1.0093264292               0.0    0.108174921281  -0.0134595977589   0.0134595977589   -0.108174921281
      BPM.11R2.B1       625.4967424   0.0204468906134               0.0      1.0103829436               0.0    0.120362778109  -0.0229156276176   0.0229156276176   -0.120362778109
      BPM.14R2.B1       787.1172901    0.024482413947               0.0     1.01247066392               0.0    0.131412725716  -0.0711603378374   0.0711603378374   -0.131412725716
      BPM.15R2.B1        840.565806   0.0214332906513               0.0     1.01089205082               0.0    0.131198409382  -0.0188318390594   0.0188318390594   -0.131198409382
      BPM.16R2.B1       894.0143219   0.0218231782192               0.0     1.01109349445               0.0    0.170010479946  -0.0204698517912   0.0204698517912   -0.170010479946
      BPM.17R2.B1       947.4628378   0.0240567205072               0.0     1.01224982674               0.0    0.176638299159  -0.0631813853195   0.0631813853195   -0.176638299159
      BPM.18R2.B1       1000.911354   0.0249788214034               0.0     1.01272836808               0.0     0.14179400216   -0.041884613236    0.041884613236    -0.14179400216
      BPM.19R2.B1        1054.35987   0.0226232298309               0.0     1.01150723536               0.0    0.129746791057 -0.000911852652665 0.000911852652665   -0.129746791057
      BPM.20R2.B1       1107.808386    0.022092588558               0.0     1.01123276136               0.0    0.180957135413  -0.0121489328463   0.0121489328463   -0.180957135413
      BPM.21R2.B1       1161.256901   0.0255580005218               0.0     1.01302929107               0.0    0.195800305559  -0.0648510359228   0.0648510359228   -0.195800305559
      BPM.22R2.B1       1214.705417   0.0189522281219               0.0     1.00961297237               0.0     0.11524542566 -0.00674545675114  0.00674545675114    -0.11524542566
      BPM.23R2.B1       1268.153933   0.0222976420946               0.0     1.01133879873               0.0    0.133652716839  0.00812380122484 -0.00812380122484   -0.133652716839
      BPM.24R2.B1       1321.602449   0.0217720304619               0.0     1.01106706102               0.0     0.18085281075    0.041660965569   -0.041660965569    -0.18085281075
      BPM.26R2.B1       1428.499481   0.0201580210541               0.0     1.01023399592               0.0    0.113987407692  0.00169157895026 -0.00169157895026   -0.113987407692
      BPM.27R2.B1       1481.947997   0.0196012733408               0.0     1.00994710992               0.0    0.129445179642   0.0385347584052  -0.0385347584052   -0.129445179642
      BPM.28R2.B1       1535.396513   0.0213721812485               0.0     1.01086048827               0.0    0.174952747683    0.059842647847   -0.059842647847   -0.174952747683
      BPM.29R2.B1       1588.845029   0.0216948465637               0.0      1.0110271759               0.0    0.181499596179 -0.00457686351685  0.00457686351685   -0.181499596179
      BPM.30R2.B1       1642.293545   0.0219923696105               0.0     1.01118094822               0.0    0.124126431017   0.0146342807424  -0.0146342807424   -0.124126431017
      BPM.31R2.B1        1695.74206   0.0221451024659               0.0     1.01125991419               0.0    0.129907553723   0.0445126227189  -0.0445126227189   -0.129907553723
      BPM.33R2.B1       1802.639092   0.0217525556676               0.0     1.01105699689               0.0    0.173907772796   0.0124740565695  -0.0124740565695   -0.173907772796
      BPM.33L3.B1       1909.536124   0.0206780735658               0.0     1.01050219424               0.0    0.114393131933   0.0699676950338  -0.0699676950338   -0.114393131933
      BPM.32L3.B1        1962.98464   0.0194283733113               0.0     1.00985806615               0.0    0.164237168591    0.076448218139   -0.076448218139   -0.164237168591
      BPM.31L3.B1       2016.433156   0.0197990915959               0.0      1.0100490155               0.0    0.163899275767   0.0131551019221  -0.0131551019221   -0.163899275767
      BPM.30L3.B1       2069.881672   0.0188693990822               0.0     1.00957035468               0.0   0.0986021826568   0.0476458093175  -0.0476458093175  -0.0986021826568
      BPM.29L3.B1       2123.330188   0.0190136372354               0.0     1.00964457243               0.0    0.111248488254   0.0795892756305  -0.0795892756305   -0.111248488254
      BPM.26L3.B1       2283.675735   0.0202351913636               0.0     1.01027378023               0.0    0.102828556825   0.0579236325226  -0.0579236325226   -0.102828556825
      BPM.25L3.B1       2337.124251   0.0221297967011               0.0     1.01125199997               0.0     0.11199422621   0.0920760158839  -0.0920760158839    -0.11199422621
      BPM.24L3.B1       2390.572767   0.0204944321149               0.0     1.01040746339               0.0    0.148332216658    0.114301852072   -0.114301852072   -0.148332216658
      BPM.23L3.B1       2444.021283   0.0180627699625               0.0     1.00915560507               0.0    0.152264302733   0.0315506160021  -0.0315506160021   -0.152264302733
      BPM.22L3.B1       2497.469799   0.0205277712927               0.0     1.01042465932               0.0    0.094658768247   0.0764749026106  -0.0764749026106   -0.094658768247
      BPM.21L3.B1       2550.918315    0.022416983751               0.0      1.0114005281               0.0    0.110592513401   0.0967561149021  -0.0967561149021   -0.110592513401
      BPM.20L3.B1       2604.366831   0.0184874933535               0.0     1.00937392406               0.0    0.139827191044   0.0964408502168  -0.0964408502168   -0.139827191044
      BPM.19L3.B1       2657.815347   0.0231737685535               0.0     1.01179223766               0.0    0.145923603721     0.08398516706    -0.08398516706   -0.145923603721
      BPM.18L3.B1       2711.263863   0.0196743700253               0.0      1.0099847619               0.0   0.0820805308594   0.0717316688734  -0.0717316688734  -0.0820805308594
      BPM.17L3.B1       2764.712379   0.0180749782499               0.0     1.00916187848               0.0    0.087075746671    0.119606435505   -0.119606435505   -0.087075746671
      BPM.16L3.B1       2818.160894   0.0175146049256               0.0     1.00887404313               0.0    0.116725694022    0.120111693065   -0.120111693065   -0.116725694022
      BPM.13L3.B1       2978.506442   0.0192887844499               0.0     1.00978619486               0.0   0.0789504528462     0.13395769983    -0.13395769983  -0.0789504528462
      BPM.12L3.B1       3031.954958   0.0161188127422               0.0     1.00815816488               0.0     0.12088220925    0.121438986726   -0.121438986726    -0.12088220925
      BPM.11L3.B1       3085.403474   0.0207944163946               0.0      1.0105622231               0.0    0.102859873836    0.101911346882   -0.101911346882   -0.102859873836
      BPM.10L3.B1       3138.184185   0.0167635194059               0.0      1.0084886346               0.0   0.0159155351917    0.104431848539   -0.104431848539  -0.0159155351917
       BPM.9L3.B1       3177.249195   0.0189986013122               0.0     1.00963683493               0.0   0.0663392446917     0.12245364488    -0.12245364488  -0.0663392446917
       BPM.8L3.B1       3217.712206   0.0180918589045               0.0     1.00917055304               0.0    0.142865309679   0.0671355109655  -0.0671355109655   -0.142865309679
       BPM.7L3.B1       3256.776216   0.0184526952191               0.0     1.00935603158               0.0    0.158280189338  -0.0760659696649   0.0760659696649   -0.158280189338
       BPM.6L3.B1       3329.415216   0.0187977089319               0.0     1.00953347259               0.0    0.119541001959   -0.104375954052    0.104375954052   -0.119541001959
    BPMWG.A5L3.B1       3371.119716    0.021481370636               0.0     1.01091688585               0.0    0.091371135507   -0.132341345947    0.132341345947   -0.091371135507
      BPMW.5L3.B1       3400.089716   0.0191819870631               0.0     1.00973121756               0.0    0.115485938357 -0.00833512382451  0.00833512382451   -0.115485938357
     BPMWE.4L3.B1       3475.217716   0.0179921361738               0.0     1.00911931119               0.0    0.102809720734  -0.0340936809186   0.0340936809186   -0.102809720734
      BPMW.4L3.B1       3502.762716   0.0189932866709               0.0     1.00963410006               0.0     0.13582403318    0.103300236275   -0.103300236275    -0.13582403318
      BPMW.4R3.B1       3547.727716 -0.00376218321876                -1    0.998124199563                -1   0.0970574971464     0.02707955227    -0.02707955227  -0.0970574971464
     BPMWE.4R3.B1       3575.272716   0.0233092556863               0.0     1.01186241345               0.0    0.112057976536    0.148705477522   -0.148705477522   -0.112057976536
      BPMW.5R3.B1       3650.400716   0.0232218550626               0.0     1.01181714248               0.0 -0.00889956512995    0.132438289219   -0.132438289219  0.00889956512995
    BPMWJ.A5R3.B1       3679.118716   0.0129672915787               0.0      1.0065473915               0.0   0.0651171867369   0.0744034987137  -0.0744034987137  -0.0651171867369
     BPMWC.6R3.B1       3718.936716   0.0216966520096               0.0     1.01102810882               0.0    0.058445879616    0.117407592128   -0.117407592128   -0.058445879616
      BPMR.6R3.B1       3731.015216   0.0173889315509               0.0     1.00880952489               0.0  0.00317759271756    0.109059972228   -0.109059972228 -0.00317759271756
       BPM.8R3.B1       3825.903227   0.0164024733802               0.0     1.00830352625               0.0  -0.0806507906742    0.125768772377   -0.125768772377   0.0806507906742
       BPM.9R3.B1       3864.968238   0.0193431865383               0.0      1.0098142035               0.0   -0.102093310124   0.0621060094898  -0.0621060094898    0.102093310124
      BPM.10R3.B1       3905.431248    0.022950056867               0.0     1.01167639778               0.0   -0.113332197434   0.0281610413348  -0.0281610413348    0.113332197434
      BPM.11R3.B1       3958.211959    0.018353968888               0.0     1.00930527371               0.0    -0.15039390459   0.0309594791587  -0.0309594791587     0.15039390459
      BPM.12R3.B1       4012.935475   0.0195240404642               0.0     1.00990733196               0.0   -0.157182365021   0.0721334093927  -0.0721334093927    0.157182365021
      BPM.13R3.B1       4066.383991   0.0191420267756               0.0     1.00971064905               0.0   -0.119515889148    0.120881317607   -0.120881317607    0.119515889148
      BPM.14R3.B1       4119.832506   0.0200706536573               0.0     1.01018896028               0.0  -0.0931584544779   0.0861984165247  -0.0861984165247   0.0931584544779
      BPM.15R3.B1       4173.281022   0.0084049303771               0.0     1.00422914318               0.0   -0.044233100361   0.0254158230944  -0.0254158230944    0.044233100361
      BPM.17R3.B1       4280.178054  0.00814827562529               0.0     1.00409920599               0.0   -0.130604561405    0.100391333364   -0.100391333364    0.130604561405
      BPM.19R3.B1       4387.075086   0.0197356022217               0.0     1.01001630575               0.0   -0.136222679757   0.0157849536468  -0.0157849536468    0.136222679757
      BPM.20R3.B1       4440.523602   0.0196027278324               0.0     1.00994785908               0.0   -0.167088671392    0.050338126215   -0.050338126215    0.167088671392
      BPM.22R3.B1       4547.420634   0.0196289226984               0.0     1.00996135156               0.0   -0.105376529797   0.0569310306136  -0.0569310306136    0.105376529797
      BPM.23R3.B1        4600.86915   0.0177380155724               0.0     1.00898876832               0.0   -0.133001019391  -0.0147446895357   0.0147446895357    0.133001019391
      BPM.25R3.B1       4707.766181   0.0187385896654               0.0     1.00950306083               0.0   -0.149950825639   0.0451798867293  -0.0451798867293    0.149950825639
      BPM.27R3.B1       4814.663213   0.0184981765028               0.0     1.00937941731               0.0   -0.129146819793  -0.0361813578998   0.0361813578998    0.129146819793
      BPM.28R3.B1       4868.111729   0.0178365804902               0.0     1.00903939553               0.0   -0.176278466503  0.00214475360399 -0.00214475360399    0.176278466503
      BPM.30R3.B1       4975.008761   0.0176700708134               0.0     1.00895387338               0.0   -0.102830768534   0.0201720861567  -0.0201720861567    0.102830768534
      BPM.31R3.B1       5028.457277   0.0183099199001               0.0      1.0092826294               0.0   -0.128041868663  -0.0466807395058   0.0466807395058    0.128041868663
      BPM.32R3.B1       5081.905793   0.0176962524147               0.0     1.00896731925               0.0   -0.178025405074  -0.0115025031266   0.0115025031266    0.178025405074
      BPM.33R3.B1       5135.354309   0.0183095488111               0.0     1.00928243864               0.0   -0.158865602001   0.0168422692509  -0.0168422692509    0.158865602001
      BPM.34R3.B1       5188.802825   0.0161147400559               0.0     1.00815607829               0.0  -0.0976082389124  0.00726250054524 -0.00726250054524   0.0976082389124
      BPM.33L4.B1        5242.25134   0.0164663629099               0.0       1.008336275               0.0   -0.116000351826  -0.0697767979102   0.0697767979102    0.116000351826
      BPM.32L4.B1       5295.699856   0.0206898807045               0.0     1.01050828583               0.0   -0.175551512757  -0.0541968821499   0.0541968821499    0.175551512757
      BPM.31L4.B1       5349.148372   0.0200368610832               0.0      1.0101715427               0.0   -0.180003928311 0.000577096277442 -0.000577096277442    0.180003928311
      BPM.30L4.B1       5402.596888   0.0177322093726               0.0     1.00898578624               0.0   -0.101083335856 -0.00828219261951  0.00828219261951    0.101083335856
      BPM.29L4.B1       5456.045404   0.0156783440913               0.0     1.00793257208               0.0   -0.101675511585  -0.0963436677168   0.0963436677168    0.101675511585
      BPM.28L4.B1        5509.49392   0.0157697372661               0.0     1.00797936805               0.0   -0.168765750231  -0.0416211993432   0.0416211993432    0.168765750231
      BPM.27L4.B1       5562.942436   0.0181902835669               0.0     1.00922113554               0.0   -0.145839450571  -0.0325568814935   0.0325568814935    0.145839450571
      BPM.26L4.B1       5616.390952   0.0176385993165               0.0     1.00893771154               0.0   -0.101096971961  -0.0212218067053   0.0212218067053    0.101096971961
      BPM.25L4.B1       5669.839468   0.0155030812671               0.0     1.00784285063               0.0  -0.0953892652175   -0.106254834114    0.106254834114   0.0953892652175
      BPM.24L4.B1       5723.287984    0.014105070252               0.0     1.00712803042               0.0   -0.160700364452  -0.0562738828612   0.0562738828612    0.160700364452
      BPM.23L4.B1         5776.7365   0.0185849678553               0.0     1.00942404851               0.0   -0.114162594892   -0.067797746457    0.067797746457    0.114162594892
      BPM.22L4.B1       5830.185015   0.0205772534202               0.0      1.0104501832               0.0   -0.112484396135  -0.0640312924753   0.0640312924753    0.112484396135
      BPM.21L4.B1       5883.633531   0.0209846787512               0.0     1.01066041493               0.0   -0.100790603349    -0.10816303609     0.10816303609    0.100790603349
      BPM.20L4.B1       5937.082047   0.0217601081923               0.0     1.01106089982               0.0   -0.142754213581  -0.0978703274283   0.0978703274283    0.142754213581
      BPM.19L4.B1       5990.530563   0.0201458794383               0.0     1.01022773687               0.0   -0.133757617595  -0.0731119701352   0.0731119701352    0.133757617595
      BPM.17L4.B1       6097.427595    0.018134728636               0.0     1.00919258376               0.0  -0.0655097353411   -0.137455335267    0.137455335267   0.0655097353411
      BPM.16L4.B1       6150.876111    0.017940656663               0.0     1.00909286184               0.0    -0.13294301679   -0.110435252004    0.110435252004     0.13294301679
      BPM.15L4.B1       6204.324627   0.0206088578455               0.0     1.01046648641               0.0   -0.127443526744  -0.0928822612506   0.0928822612506    0.127443526744
      BPM.14L4.B1       6257.773143   0.0209587881923               0.0     1.01064705148               0.0  -0.0862551154766   -0.104047375744    0.104047375744   0.0862551154766
      BPM.13L4.B1       6311.221659   0.0227958400772               0.0     1.01159656613               0.0  -0.0723296508464   -0.133870274475    0.133870274475   0.0723296508464
      BPM.12L4.B1       6364.670174   0.0235196695713               0.0     1.01197142662               0.0   -0.111088624164   -0.153338406304    0.153338406304    0.111088624164
      BPM.11L4.B1        6418.11869   0.0217091935971               0.0     1.01103458943               0.0   -0.111526623058   -0.120354682672    0.120354682672    0.111526623058
      BPM.10L4.B1       6469.957401   0.0211055937344               0.0      1.0107228324               0.0  -0.0666773515225  -0.0957786697842   0.0957786697842   0.0666773515225
       BPM.9L4.B1       6509.022412   0.0214176776219               0.0     1.01088398653               0.0  0.00111324957282   -0.146107502937    0.146107502937 -0.00111324957282
       BPM.7L4.B1       6588.549433   0.0235452311517               0.0      1.0119846722               0.0    0.107620205185   -0.118651113799    0.118651113799   -0.107620205185
     BPMYB.6L4.B1       6685.153433   0.0275711074431               0.0     1.01407732756               0.0    0.134903660047   -0.071720180109    0.071720180109   -0.134903660047
     BPMYA.5L4.B1       6722.153433    0.020458363771               0.0     1.01038886078               0.0    0.119469692493    0.029148271576   -0.029148271576   -0.119469692493
    BPMWI.A5L4.B1       6798.755933   0.0206198032114               0.0     1.01047213278               0.0    0.172957445706  -0.0889691246627   0.0889691246627   -0.172957445706
    BPMWA.B5L4.B1       6824.619933    0.029900775835               0.0     1.01529423774               0.0    0.138900665703  -0.0280719744316   0.0280719744316   -0.138900665703
    BPMWA.A5L4.B1       6833.504933   0.0227108683845               0.0     1.01155258787               0.0     0.14831346807   0.0339611197746  -0.0339611197746    -0.14831346807
    BPMWA.A5R4.B1       6881.553933   0.0351329072478               0.0     1.01804330592               0.0   0.0546002940234    -0.17644910325     0.17644910325  -0.0546002940234
    BPMWA.B5R4.B1       6890.438933   0.0222943980765               0.0     1.01133712092               0.0     0.16422018554  -0.0332512548965   0.0332512548965    -0.16422018554
     BPMYB.5R4.B1       6992.829433   0.0177477256503               0.0      1.0089937555               0.0    0.238069813642 -0.00888442650208  0.00888442650208   -0.238069813642
     BPMYA.6R4.B1       7024.393433   0.0242852946101               0.0     1.01236838627               0.0     0.18553136842 -0.00254611122239  0.00254611122239    -0.18553136842
       BPM.7R4.B1       7120.909433   0.0237408785626               0.0     1.01208607062               0.0    0.145264312992   0.0250676512966  -0.0250676512966   -0.145264312992
       BPM.8R4.B1       7158.698443    0.022776972444               0.0     1.01158680043               0.0     0.11557358295   0.0606832399915  -0.0606832399915    -0.11557358295
       BPM.9R4.B1       7197.763454   0.0209385164575               0.0     1.01063658857               0.0    0.173436912286  0.00142517074203 -0.00142517074203   -0.173436912286
      BPM.10R4.B1       7238.226465   0.0232053699558               0.0     1.01180860436               0.0     0.16742609569   0.0333102518217  -0.0333102518217    -0.16742609569
      BPM.11R4.B1       7290.065175   0.0218814738873               0.0     1.01112362448               0.0     0.12037898137   0.0351755909271  -0.0351755909271    -0.12037898137
      BPM.12R4.B1       7344.788691   0.0210411387888               0.0      1.0106895587               0.0    0.105545731896    0.105470294037   -0.105470294037   -0.105545731896
      BPM.13R4.B1       7398.237207   0.0233089644534               0.0     1.01186226259               0.0    0.158894250238    0.100903952803   -0.100903952803   -0.158894250238
      BPM.14R4.B1       7451.685723   0.0192353800202               0.0     1.00975870213               0.0    0.143486961415   0.0494758462859  -0.0494758462859   -0.143486961415
      BPM.15R4.B1       7505.134239   0.0205907539795               0.0     1.01045714739               0.0    0.112152015268   0.0446397456217  -0.0446397456217   -0.112152015268
      BPM.16R4.B1       7558.582755   0.0203270458389               0.0     1.01032114093               0.0   0.0972061750155    0.112652600149   -0.112652600149  -0.0972061750155
      BPM.17R4.B1       7612.031271   0.0194932127588               0.0      1.0098914558               0.0    0.157032296137   0.0806154113635  -0.0806154113635   -0.157032296137
      BPM.18R4.B1       7665.479786   0.0212956419426               0.0     1.01082096047               0.0    0.144438217102    0.065426308116   -0.065426308116   -0.144438217102
      BPM.19R4.B1       7718.928302   0.0202940037969               0.0     1.01030410349               0.0    0.103807987329   0.0506700697015  -0.0506700697015   -0.103807987329
      BPM.20R4.B1       7772.376818   0.0193184386719               0.0      1.0098014619               0.0    0.098936137667    0.109928701412   -0.109928701412   -0.098936137667
      BPM.21R4.B1       7825.825334   0.0206823185959               0.0     1.01050438434               0.0    0.155326310388    0.089081058851   -0.089081058851   -0.155326310388
      BPM.22R4.B1        7879.27385   0.0193557714161               0.0     1.00982068309               0.0    0.135100096432   0.0611677635413  -0.0611677635413   -0.135100096432
      BPM.23R4.B1       7932.722366   0.0185967816003               0.0     1.00943012402               0.0   0.0934372400216   0.0763756743272  -0.0763756743272  -0.0934372400216
      BPM.24R4.B1       7986.170882   0.0202362861004               0.0     1.01027434464               0.0   0.0977003529757    0.113165504717   -0.113165504717  -0.0977003529757
      BPM.25R4.B1       8039.619398   0.0165864596179               0.0     1.00839784328               0.0    0.147143520456   0.0642037500156  -0.0642037500156   -0.147143520456
      BPM.26R4.B1       8093.067914   0.0192708045295               0.0     1.00977693851               0.0    0.119622711671   0.0647388714094  -0.0647388714094   -0.119622711671
      BPM.27R4.B1        8146.51643   0.0186994225783               0.0     1.00948291426               0.0   0.0996922485494   0.0692418984555  -0.0692418984555  -0.0996922485494
      BPM.28R4.B1       8199.964946   0.0191158247625               0.0     1.00969716294               0.0    0.110103012396    0.109543954165   -0.109543954165   -0.110103012396
      BPM.29R4.B1       8253.413461   0.0198780394259               0.0      1.0100896939               0.0    0.159915912547   0.0788244972469  -0.0788244972469   -0.159915912547
      BPM.30R4.B1       8306.861977    0.017711171784               0.0      1.0089749815               0.0   0.0975327030655   0.0643048799571  -0.0643048799571  -0.0975327030655
      BPM.31R4.B1       8360.310493   0.0180647536194               0.0      1.0091566244               0.0   0.0976368017855   0.0745508794591  -0.0745508794591  -0.0976368017855
      BPM.32R4.B1       8413.759009   0.0196136966128               0.0     1.00995350883               0.0    0.117516919693   0.0910194599088  -0.0910194599088   -0.117516919693
      BPM.33R4.B1       8467.207525    0.018666656378               0.0     1.00946606107               0.0    0.151128084532   0.0619367962617  -0.0619367962617   -0.151128084532
      BPM.34R4.B1       8520.656041   0.0169966005106               0.0     1.00860818948               0.0    0.115880315626   0.0467818138449  -0.0467818138449   -0.115880315626
      BPM.33L5.B1       8574.104557   0.0159811916725               0.0     1.00808766386               0.0   0.0893463867034   0.0579299535803  -0.0579299535803  -0.0893463867034
      BPM.32L5.B1       8627.553073   0.0163017767403               0.0     1.00825191724               0.0     0.11406709731   0.0903160461137  -0.0903160461137    -0.11406709731
      BPM.31L5.B1       8681.001589   0.0205264837455               0.0      1.0104239952               0.0     0.14941772464   0.0719795480604  -0.0719795480604    -0.14941772464
      BPM.30L5.B1       8734.450105   0.0145389268534               0.0     1.00734970384               0.0    0.118290026507   0.0229969428587  -0.0229969428587   -0.118290026507
      BPM.29L5.B1        8787.89862   0.0162607667866               0.0     1.00823090111               0.0   0.0945054603031   0.0433487747318  -0.0433487747318  -0.0945054603031
      BPM.28L5.B1       8841.347136   0.0151851601623               0.0     1.00768015996               0.0    0.107844217453   0.0948942273612  -0.0948942273612   -0.107844217453
      BPM.27L5.B1       8894.795652    0.015823812162               0.0     1.00800705904               0.0     0.15959386782   0.0481493697473  -0.0481493697473    -0.15959386782
      BPM.26L5.B1       8948.244168   0.0142901869054               0.0     1.00722259548               0.0     0.10654556105   0.0348360227613  -0.0348360227613    -0.10654556105
      BPM.25L5.B1       9001.692684   0.0260862539206               0.0     1.01330398871               0.0    0.117778732522    0.132788002174   -0.132788002174   -0.117778732522
      BPM.24L5.B1         9055.1412   0.0189847886404               0.0     1.00962972708               0.0    0.121053659843   0.0794329792744  -0.0794329792744   -0.121053659843
      BPM.23L5.B1       9108.589716   0.0186894548643               0.0     1.00947778731               0.0    0.170535164714   0.0789218042421  -0.0789218042421   -0.170535164714
      BPM.22L5.B1       9162.038232   0.0216048703135               0.0     1.01098068623               0.0    0.120419957315   0.0800753966117  -0.0800753966117   -0.120419957315
      BPM.21L5.B1       9215.486748   0.0200587058295               0.0     1.01018280195               0.0    0.109397380524   0.0271540508673  -0.0271540508673   -0.109397380524
      BPM.20L5.B1       9268.935264   0.0181529425964               0.0     1.00920194433               0.0     0.10146610437    0.111712305015   -0.111712305015    -0.10146610437
      BPM.19L5.B1       9322.383779   0.0192036651672               0.0     1.00974237632               0.0    0.155969710613    0.084194119107   -0.084194119107   -0.155969710613
      BPM.17L5.B1       9429.280811   0.0202892071576               0.0     1.01030163028               0.0    0.109780607824   0.0347669169483  -0.0347669169483   -0.109780607824
      BPM.16L5.B1       9482.729327   0.0183020238374               0.0     1.00927857043               0.0   0.0947597894888    0.112390743813   -0.112390743813  -0.0947597894888
      BPM.15L5.B1       9536.177843   0.0185287566577               0.0     1.00939514204               0.0    0.158687515613   0.0781651043261  -0.0781651043261   -0.158687515613
      BPM.14L5.B1       9589.626359   0.0198134922747               0.0     1.01005643518               0.0    0.144700507956   0.0584366118074  -0.0584366118074   -0.144700507956
      BPM.13L5.B1       9643.074875   0.0181994156181               0.0     1.00922582908               0.0   0.0906961881389    0.049135034328   -0.049135034328  -0.0906961881389
      BPM.12L5.B1       9696.523391   0.0186117205271               0.0     1.00943780688               0.0    0.106951926351     0.10206246558    -0.10206246558   -0.106951926351
      BPM.11L5.B1       9749.971907   0.0187661748082               0.0     1.00951725067               0.0    0.151613215202   0.0984752328414  -0.0984752328414   -0.151613215202
      BPM.10L5.B1       9802.752617   0.0216610289008               0.0     1.01100970196               0.0    0.109446609442    0.104523077066   -0.104523077066   -0.109446609442
       BPM.9L5.B1       9841.817628   0.0210290606269               0.0     1.01068332393               0.0   0.0518015245039     0.12243225318    -0.12243225318  -0.0518015245039
       BPM.8L5.B1       9882.280639   0.0207165369565               0.0     1.01052203883               0.0  -0.0238351077005    0.160488898445   -0.160488898445   0.0238351077005
      BPMR.5L5.B1       9990.140649   0.0341089909602               0.0     1.01750356204               0.0 0.000428564691477   -0.242639225539    0.242639225539 -0.000428564691477
     BPMYA.4L5.B1       10017.54665   0.0166070889939               0.0     1.00840842019               0.0   0.0309274246452   -0.104909363866    0.104909363866  -0.0309274246452
     BPMWB.4L5.B1       10038.68115   0.0312736492083               0.0     1.01601341758               0.0   0.0366909847609   -0.242691774872    0.242691774872  -0.0366909847609
     BPMSY.4L5.B1       10131.46115  -0.0685026773432                -1    0.967413609339                -1 -0.00129209174243    0.479258385444   -0.479258385444  0.00129209174243
      BPMS.2L5.B1       10158.24665   0.0278711861359               0.0      1.0142338292               0.0   0.0240732369637   -0.303881327823    0.303881327823  -0.0240732369637
     BPMSW.1L5.B1       10168.21165  -0.0087811639456                -1     0.99563812386                -1  -0.0861325978976   0.0942367509492  -0.0942367509492   0.0861325978976
     BPMSW.1R5.B1       10211.33965   0.0016934563566               0.0     1.00084780512               0.0  -0.0628111268357  -0.0238012734721   0.0238012734721   0.0628111268357
     BPMWB.4R5.B1       10340.87015   0.0681352413148               0.0     1.03591365085               0.0  -0.0365808243213   -0.417892075738    0.417892075738   0.0365808243213
     BPMYA.4R5.B1       10362.00265  -0.0123230457993                -1    0.993894845088                -1  -0.0112087032311   0.0740587242117  -0.0740587242117   0.0112087032311
       BPM.5R5.B1       10383.12065   0.0124505553232               0.0     1.00628401857               0.0  -0.0239848175169  -0.0990199480825   0.0990199480825   0.0239848175169
      BPMR.6R5.B1       10415.02065  0.00542287861808               0.0     1.00272251724               0.0    0.133216841311  -0.0131340369426   0.0131340369426   -0.133216841311
     BPM_A.7R5.B1       10449.03465   0.0067050863791               0.0     1.00336949727               0.0   0.0831155560494 -0.00723697582537  0.00723697582537  -0.0831155560494
       BPM.8R5.B1       10490.47364   0.0109195775066               0.0      1.0055049135               0.0   0.0730061366436  0.00626120228998 -0.00626120228998  -0.0730061366436
       BPM.9R5.B1       10529.54063   0.0109177250708               0.0      1.0055039719               0.0    0.107926342342    0.128608876962   -0.128608876962   -0.107926342342
      BPM.10R5.B1       10570.00562   0.0143641398247               0.0     1.00726038106               0.0    0.129768590701    0.102993040294   -0.102993040294   -0.129768590701
      BPM.11R5.B1       10622.78831   0.0114214458362               0.0     1.00576011175               0.0    0.111915104917   0.0238895500106  -0.0238895500106   -0.111915104917
      BPM.12R5.B1       10677.51479  0.00806287899799               0.0     1.00405598322               0.0   0.0349737799185   0.0535960965366  -0.0535960965366  -0.0349737799185
      BPM.13R5.B1       10730.96627    0.007821968581               0.0     1.00393407857               0.0   0.0897344710777    0.122485393791   -0.122485393791  -0.0897344710777
      BPM.14R5.B1       10784.41776  0.00459917417361               0.0     1.00230754976               0.0    0.149215368292   0.0202867280146  -0.0202867280146   -0.149215368292
      BPM.15R5.B1       10837.86924   0.0100778334535               0.0     1.00507732545               0.0   0.0818532948298   0.0164780520437  -0.0164780520437  -0.0818532948298
      BPM.16R5.B1       10891.32073  0.00614786491818               0.0     1.00308817906               0.0    0.028133793748   0.0552072989181  -0.0552072989181   -0.028133793748
      BPM.17R5.B1       10944.77221  0.00729635582106               0.0     1.00366826388               0.0   0.0937364913514    0.116874917678   -0.116874917678  -0.0937364913514
      BPM.18R5.B1        10998.2237  0.00250796725858               0.0     1.00125634728               0.0     0.15257306954  0.00759270661015 -0.00759270661015    -0.15257306954
      BPM.19R5.B1       11051.67518  0.00636459315488               0.0     1.00319756811               0.0   0.0584707925145  0.00406274019617 -0.00406274019617  -0.0584707925145
      BPM.20R5.B1       11105.12666  0.00570968502256               0.0     1.00286712616               0.0   0.0309636888152   0.0438565903569  -0.0438565903569  -0.0309636888152
      BPM.21R5.B1       11158.57815  0.00622734449374               0.0     1.00312829056               0.0    0.105098019702    0.103795284587   -0.103795284587   -0.105098019702
      BPM.22R5.B1       11212.02963  0.00609380778677               0.0     1.00306090042               0.0    0.153644350502   0.0156396609613  -0.0156396609613   -0.153644350502
      BPM.23R5.B1       11265.48112  0.00555849643244               0.0     1.00279088848               0.0   0.0694626585211  -0.0188276248015   0.0188276248015  -0.0694626585211
      BPM.24R5.B1        11318.9326  0.00683596400432               0.0     1.00343560633               0.0   0.0428108301835   0.0339013705869  -0.0339013705869  -0.0428108301835
      BPM.25R5.B1       11372.38408   0.0060868914774               0.0     1.00305741043               0.0    0.103293377139    0.103195981712   -0.103195981712   -0.103293377139
      BPM.26R5.B1       11425.83557  0.00401318622588               0.0     1.00201265301               0.0    0.156742639108 0.000385207505466 -0.000385207505466   -0.156742639108
      BPM.27R5.B1       11479.28705  0.00719922273139               0.0     1.00361916451               0.0   0.0633591055228  0.00216341181445 -0.00216341181445  -0.0633591055228
      BPM.28R5.B1       11532.73854  0.00835716128385               0.0     1.00420495519               0.0   0.0500185841813   0.0427875871262  -0.0427875871262  -0.0500185841813
      BPM.29R5.B1       11586.19002  0.00747032739053               0.0       1.003756222               0.0    0.106001790644     0.10742915095    -0.10742915095   -0.106001790644
      BPM.30R5.B1        11639.6415  0.00791288526021               0.0      1.0039800787               0.0    0.148254083604   0.0168706226233  -0.0168706226233   -0.148254083604
      BPM.31R5.B1       11693.09299  0.00888216575617               0.0      1.0044708884               0.0   0.0882438970686 -0.00655704963608  0.00655704963608  -0.0882438970686
      BPM.32R5.B1       11746.54447  0.00694126776547               0.0     1.00348880698               0.0   0.0393482055468   0.0361167930833  -0.0361167930833  -0.0393482055468
      BPM.33R5.B1       11799.99596   0.0055282392724               0.0     1.00277563323               0.0    0.105363751809    0.106250544923   -0.106250544923   -0.105363751809
      BPM.34R5.B1       11853.44744   0.0091076670354               0.0      1.0045851776               0.0    0.148583425751    0.022456067172   -0.022456067172   -0.148583425751
      BPM.33L6.B1       11906.89893  0.00794483614241               0.0     1.00399624604               0.0   0.0813854033642  -0.0109234796251   0.0109234796251  -0.0813854033642
      BPM.32L6.B1       11960.35041  0.00798387596115               0.0     1.00401600149               0.0   0.0477538579541   0.0511863334819  -0.0511863334819  -0.0477538579541
      BPM.30L6.B1       12067.25338  0.00857579227038               0.0      1.0043156738               0.0     0.14778127842   0.0254217534555  -0.0254217534555    -0.14778127842
      BPM.29L6.B1       12120.70486  0.00579846942427               0.0     1.00291190429               0.0   0.0668189787244  -0.0130193308032   0.0130193308032  -0.0668189787244
      BPM.28L6.B1       12174.15635   0.0078759835791               0.0     1.00396140719               0.0   0.0489849724256   0.0399958555722  -0.0399958555722  -0.0489849724256
      BPM.27L6.B1       12227.60783  0.00757697727759               0.0     1.00381015445               0.0    0.102843477213    0.106392515245   -0.106392515245   -0.102843477213
      BPM.26L6.B1       12281.05931   0.0044567126602               0.0     1.00223583246               0.0    0.154786016312   0.0113396377942  -0.0113396377942   -0.154786016312
      BPM.25L6.B1        12334.5108  0.00600181709322               0.0     1.00301448464               0.0   0.0624915726566 -0.00626348407465  0.00626348407465  -0.0624915726566
      BPM.24L6.B1       12387.96228  0.00853185671088               0.0     1.00429342111               0.0   0.0547668648444 -0.00327333646561  0.00327333646561  -0.0547668648444
      BPM.23L6.B1       12441.41377   0.0149469644914               0.0     1.00755831903               0.0    0.152851637119    0.405273292599   -0.405273292599   -0.152851637119
      BPM.22L6.B1       12494.86525   0.0028266649753               0.0     1.00141633583               0.0    0.153460758172  0.00607085497232 -0.00607085497232   -0.153460758172
      BPM.21L6.B1       12548.31673  0.00486119357357               0.0     1.00243949454               0.0   0.0615230476731  -0.0134391911811   0.0134391911811  -0.0615230476731
      BPM.20L6.B1       12601.76822  0.00435982394904               0.0       1.002187066               0.0   0.0240249229375   0.0479142477767  -0.0479142477767  -0.0240249229375
      BPM.19L6.B1        12655.2197  0.00458975705098               0.0     1.00230280856               0.0    0.103509059466    0.109526023058   -0.109526023058   -0.103509059466
      BPM.18L6.B1       12708.67119  0.00613124129001               0.0     1.00307979011               0.0    0.148883683408   0.0178650110277  -0.0178650110277   -0.148883683408
      BPM.17L6.B1       12762.12267  0.00362235268631               0.0     1.00181611178               0.0   0.0638047600477  -0.0274010205715   0.0274010205715  -0.0638047600477
      BPM.16L6.B1       12815.57415  0.00506774533432               0.0     1.00254354429               0.0   0.0321469761698   0.0503175474667  -0.0503175474667  -0.0321469761698
      BPM.15L6.B1       12869.02564  0.00701516525265               0.0     1.00352614588               0.0   0.0972253470294    0.112929682624   -0.112929682624  -0.0972253470294
      BPM.14L6.B1       12922.47712  0.00164341816436               0.0     1.00082272328               0.0    0.153950397543 -0.00824119439632  0.00824119439632   -0.153950397543
      BPM.13L6.B1       12975.92861  0.00491561143933               0.0     1.00246690421               0.0   0.0569602804515  -0.0142252763433   0.0142252763433  -0.0569602804515
      BPM.12L6.B1       13029.38009  0.00435582644186               0.0     1.00218505411               0.0   0.0274047694806   0.0375627980212  -0.0375627980212  -0.0274047694806
      BPM.11L6.B1       13082.83158  0.00566951532046               0.0     1.00284686867               0.0    0.121323069268   0.0872049361432  -0.0872049361432   -0.121323069268
      BPM.10L6.B1       13134.67226  0.00392241367573               0.0     1.00196699526               0.0    0.151179633915  -0.0267381499474   0.0267381499474   -0.151179633915
       BPM.9L6.B1       13173.73925  0.00459587707298               0.0     1.00230588978               0.0   0.0637858205078  -0.0416188023296   0.0416188023296  -0.0637858205078
       BPM.8L6.B1       13214.20424  0.00481533077656               0.0     1.00241639571               0.0   0.0463920455419  0.00971464364056 -0.00971464364056  -0.0463920455419
     BPMYA.5L6.B1       13311.29423 0.000556273888862               0.0     1.00027825304               0.0    0.166704745909   0.0415055021243  -0.0415055021243   -0.166704745909
     BPMYB.4L6.B1       13347.69423 -5.09778792399e-05                -1    0.999974512035                -1    0.145916785715 -0.00904344272085  0.00904344272085   -0.145916785715
     BPMSA.4R6.B1       13568.51473  0.00446354377897               0.0       1.002239271               0.0  0.00907682287058   0.0346752085206  -0.0346752085206 -0.00907682287058
     BPMYA.4R6.B1       13691.29423 -0.00184858919818                -1    0.999076984911                -1 -0.00476895079306   0.0674518207017  -0.0674518207017  0.00476895079306
     BPMYB.5R6.B1       13727.69423  0.00281322367029               0.0     1.00140958665               0.0    0.037822615748   0.0703589042217  -0.0703589042217   -0.037822615748
      BPM.11R6.B1       13954.79389  0.00171452005039               0.0     1.00085836394               0.0   0.0839417093024    0.115787349551   -0.115787349551  -0.0839417093024
      BPM.12R6.B1       14009.52037  0.00387817575611               0.0     1.00194474626               0.0   0.0358394413194   0.0332113683588  -0.0332113683588  -0.0358394413194
      BPM.13R6.B1       14062.97186  0.00211296015314               0.0     1.00105815726               0.0  -0.0576812609488   0.0509859996532  -0.0509859996532   0.0576812609488
      BPM.14R6.B1       14116.42334  0.00278777134532               0.0     1.00139680684               0.0  -0.0218736803457    0.153056433134   -0.153056433134   0.0218736803457
      BPM.17R6.B1       14276.77779 0.000353567311314               0.0     1.00017683055               0.0  -0.0491576889378   0.0545585590364  -0.0545585590364   0.0491576889378
      BPM.19R6.B1       14383.68076 -0.00412549641308                -1    0.997943612325                -1   0.0990967868772   0.0614066495608  -0.0614066495608  -0.0990967868772
      BPM.20R6.B1       14437.13225  0.00393431784039               0.0     1.00197298259               0.0   0.0113384750599    0.024986244275   -0.024986244275  -0.0113384750599
      BPM.21R6.B1       14490.58373 0.000949515822413               0.0     1.00047509627               0.0  -0.0459565554495    0.070288960488   -0.070288960488   0.0459565554495
      BPM.22R6.B1       14544.03522  0.00112020946162               0.0     1.00056057575               0.0   0.0157853502817    0.158085293777   -0.158085293777  -0.0157853502817
      BPM.23R6.B1        14597.4867  0.00226696221365               0.0     1.00113541192               0.0    0.113430375061   0.0895957454001  -0.0895957454001   -0.113430375061
      BPM.24R6.B1       14650.93818  0.00454163252752               0.0     1.00227858056               0.0   0.0479700420868   0.0212068720636  -0.0212068720636  -0.0479700420868
      BPM.25R6.B1       14704.38967  0.00162891996972               0.0     1.00081545636               0.0  -0.0403421157026   0.0642376190958  -0.0642376190958   0.0403421157026
      BPM.26R6.B1       14757.84115   0.0020754194956               0.0     1.00103932781               0.0    0.027967087573    0.154689278851   -0.154689278851   -0.027967087573
      BPM.27R6.B1       14811.29264  0.00493720919409               0.0     1.00247778338               0.0    0.110854700746    0.104470046742   -0.104470046742   -0.110854700746
      BPM.29R6.B1        14918.1956  0.00572446981323               0.0     1.00287458241               0.0  -0.0215075157875   0.0793216600506  -0.0793216600506   0.0215075157875
      BPM.30R6.B1       14971.64709  0.00623565474422               0.0     1.00313248483               0.0   0.0253259998802    0.159028465549   -0.159028465549  -0.0253259998802
      BPM.31R6.B1       15025.09857  0.00493091202482               0.0     1.00247461135               0.0    0.115923723122   0.0916644564028  -0.0916644564028   -0.115923723122
      BPM.33R6.B1       15132.00154   0.0039559139074               0.0     1.00198384484               0.0  -0.0244550253617   0.0751803676619  -0.0751803676619   0.0244550253617
      BPM.34R6.B1       15185.45302  0.00413835465041               0.0      1.0020756218               0.0   0.0221545107833    0.161755536436   -0.161755536436  -0.0221545107833
      BPM.33L7.B1       15238.90451   0.0029343488945               0.0     1.00147041126               0.0    0.117862818026   0.0787532342736  -0.0787532342736   -0.117862818026
      BPM.32L7.B1       15292.35599  0.00450272807575               0.0     1.00225899564               0.0   0.0427995668615   0.0156777237267  -0.0156777237267  -0.0427995668615
      BPM.31L7.B1       15345.80748   0.0027589894476               0.0     1.00138235581               0.0  -0.0304813949826   0.0829931089026  -0.0829931089026   0.0304813949826
      BPM.30L7.B1       15399.25896  0.00347212436947               0.0     1.00174059617               0.0   0.0393235055149    0.160898172836   -0.160898172836  -0.0393235055149
      BPM.29L7.B1       15452.71045  0.00646947080255               0.0     1.00325051577               0.0    0.125215648367   0.0941003296942  -0.0941003296942   -0.125215648367
      BPM.28L7.B1       15506.16193   0.0028201239166               0.0      1.0014130514               0.0   0.0580611360129  -0.0025975613896   0.0025975613896  -0.0580611360129
      BPM.27L7.B1       15559.61341  0.00429004556539               0.0     1.00215194923               0.0  -0.0162835020262   0.0972497451315  -0.0972497451315   0.0162835020262
      BPM.26L7.B1        15613.0649  0.00469330981071               0.0     1.00235494753               0.0    0.055569571785    0.154176646912   -0.154176646912   -0.055569571785
      BPM.25L7.B1       15666.51638  0.00336441344048               0.0     1.00168646339               0.0     0.11967220796   0.0525737318115  -0.0525737318115    -0.11967220796
      BPM.24L7.B1       15719.96787  0.00421996204279               0.0     1.00211668262               0.0   0.0283400970151   0.0151733021884  -0.0151733021884  -0.0283400970151
      BPM.23L7.B1       15773.41935   0.0050033062191               0.0     1.00251107982               0.0 -0.00250458795705    0.104927573647   -0.104927573647  0.00250458795705
      BPM.22L7.B1       15826.87083  0.00399460074087               0.0     1.00200330417               0.0   0.0704145493458     0.14283535131    -0.14283535131  -0.0704145493458
      BPM.21L7.B1       15880.32232  0.00186230746312               0.0     1.00093245632               0.0     0.11206727194   0.0250214052059  -0.0250214052059    -0.11206727194
      BPM.20L7.B1        15933.7738  0.00201534030152               0.0     1.00100919581               0.0  0.00937102470072  0.00907960479956 -0.00907960479956 -0.00937102470072
      BPM.17L7.B1       16094.12825  0.00437166150915               0.0     1.00219302375               0.0    0.116866444907   0.0191854724602  -0.0191854724602   -0.116866444907
      BPM.16L7.B1       16147.57974  0.00398509706927               0.0     1.00199852376               0.0   0.0132874425185   0.0227517127677  -0.0227517127677  -0.0132874425185
      BPM.15L7.B1       16201.03122  0.00483353625202               0.0     1.00242556472               0.0   0.0305790823568    0.107355124726   -0.107355124726  -0.0305790823568
      BPM.14L7.B1       16254.48271  0.00364885877097               0.0     1.00182943743               0.0    0.105912653824    0.119335009611   -0.119335009611   -0.105912653824
      BPM.13L7.B1       16307.93419  0.00370404640846               0.0     1.00185718412               0.0    0.111446459301  0.00422005208472 -0.00422005208472   -0.111446459301
      BPM.12L7.B1       16361.38567   0.0055733931654               0.0     1.00279839947               0.0   0.0191629683183    0.031161112003   -0.031161112003  -0.0191629683183
      BPM.11L7.B1       16414.83716  0.00388712165987               0.0     1.00194924539               0.0  0.00811213772771    0.119422222218   -0.119422222218 -0.00811213772771
      BPM.10L7.B1       16467.61985  0.00280700442589               0.0     1.00140646387               0.0   0.0663136481083    0.138411963585   -0.138411963585  -0.0663136481083
       BPM.9L7.B1       16506.68684  0.00425277491335               0.0     1.00213319387               0.0    0.084423428358   0.0757650406282  -0.0757650406282   -0.084423428358
       BPM.7L7.B1       16586.21782 -0.000182153254479                -1    0.999908935813                -1   -0.105174596235   0.0271879765541  -0.0271879765541    0.105174596235
       BPM.6L7.B1       16621.03582  0.00164228786215               0.0     1.00082215673               0.0    -0.13521333609   0.0431695196348  -0.0431695196348     0.13521333609
     BPMWC.6L7.B1       16633.13832   0.0019369239141               0.0     1.00096987111               0.0  -0.0767769316602    0.126241921724   -0.126241921724   0.0767769316602
     BPMWE.5L7.B1       16710.19232   -0.032859502636                -1    0.983964375927                -1    0.109073346854    0.148580867851   -0.148580867851   -0.109073346854
      BPMW.5L7.B1       16733.39732  0.00902214243592               0.0     1.00454182719               0.0  -0.0409695398071   0.0614651048256  -0.0614651048256   0.0409695398071
     BPMWE.4L7.B1       16768.48232  0.00414368702891               0.0     1.00207830463               0.0  -0.0404034336503   -0.024673066079    0.024673066079   0.0404034336503
      BPMW.4R7.B1       16912.63432   0.0078010991988               0.0     1.00392352041               0.0   -0.145451002485   0.0401005551278  -0.0401005551278    0.145451002485
      BPMW.5R7.B1       16975.82432   0.0120453667382               0.0     1.00607764441               0.0   -0.206579538258  0.00796541800917 -0.00796541800917    0.206579538258
     BPMWE.5R7.B1       16999.02932  0.00383918638163               0.0     1.00192513819               0.0  -0.0974500922223   0.0950202390533  -0.0950202390533   0.0974500922223
      BPMR.6R7.B1       17078.24482  0.00209453230347               0.0     1.00104891418               0.0  0.00673072447142   0.0475796837951  -0.0475796837951 -0.00673072447142
     BPM_A.7R7.B1       17116.28082  0.00479145966713               0.0     1.00240437364               0.0  -0.0377269428693  0.00353659895178 -0.00353659895178   0.0377269428693
       BPM.9R7.B1        17194.4138  0.00194909955696               0.0     1.00097597672               0.0   -0.134618237916    0.034213661387   -0.034213661387    0.134618237916
      BPM.10R7.B1       17234.87878  0.00382733843076               0.0     1.00191917999               0.0  -0.0551392124684   0.0210133845818  -0.0210133845818   0.0551392124684
      BPM.11R7.B1       17287.66147  0.00419993722346               0.0     1.00210660665               0.0  -0.0140278308359  -0.0721185041894   0.0721185041894   0.0140278308359
      BPM.12R7.B1       17342.38796  0.00515831505425               0.0     1.00258917869               0.0   -0.102323169674    -0.11367352598     0.11367352598    0.102323169674
      BPM.13R7.B1       17395.83944  0.00383411565288               0.0     1.00192258817               0.0   -0.136005976309  -0.0255905646613   0.0255905646613    0.136005976309
      BPM.14R7.B1       17449.29093  0.00496399777232               0.0     1.00249127776               0.0  -0.0543369383188  0.00888682790138 -0.00888682790138   0.0543369383188
      BPM.15R7.B1       17502.74241  0.00496472492512               0.0     1.00249164406               0.0  -0.0203807409487   -0.087559442506    0.087559442506   0.0203807409487
      BPM.16R7.B1       17556.19389    0.006025814491               0.0      1.0030265924               0.0   -0.118397988262  -0.0943679178183   0.0943679178183    0.118397988262
      BPM.17R7.B1       17609.64538  0.00438244415787               0.0     1.00219845066               0.0   -0.136067998001  -0.0153185722989   0.0153185722989    0.136067998001
      BPM.18R7.B1       17663.09686  0.00462278433469               0.0     1.00231943697               0.0  -0.0498704995673    0.013221726554   -0.013221726554   0.0498704995673
      BPM.19R7.B1       17716.54835  0.00468618616673               0.0      1.0023513605               0.0  -0.0261862626654  -0.0936259941644   0.0936259941644   0.0261862626654
      BPM.20R7.B1       17769.99983  0.00635217592229               0.0     1.00319129981               0.0   -0.129157919387   -0.081205579189    0.081205579189    0.129157919387
      BPM.23R7.B1       17930.35428  0.00558973540309               0.0     1.00280663948               0.0  -0.0375617368929  -0.0889861925145   0.0889861925145   0.0375617368929
      BPM.24R7.B1       17983.80577  0.00533349877634               0.0     1.00267746435               0.0   -0.142098767976  -0.0628881151654   0.0628881151654    0.142098767976
      BPM.25R7.B1       18037.25725  0.00898903781914               0.0     1.00452504874               0.0   -0.126962823616  -0.0154512663361   0.0154512663361    0.126962823616
      BPM.26R7.B1       18090.70874  0.00648314115904               0.0     1.00325741789               0.0  -0.0574254437938   0.0195585293927  -0.0195585293927   0.0574254437938
      BPM.28R7.B1        18197.6117  0.00778830779073               0.0     1.00391704919               0.0   -0.146607358718  -0.0527107779484   0.0527107779484    0.146607358718
      BPM.29R7.B1       18251.06319  0.00815055233985               0.0      1.0041003584               0.0   -0.140620532629   0.0100713722142  -0.0100713722142    0.140620532629
      BPM.30R7.B1       18304.51467  0.00888982075666               0.0     1.00447476749               0.0  -0.0625801649044  0.00139129640098 -0.00139129640098   0.0625801649044
      BPM.31R7.B1       18357.96616  0.00723538508751               0.0     1.00363744322               0.0  -0.0526137299754  -0.0799178052974   0.0799178052974   0.0526137299754
      BPM.32R7.B1       18411.41764   0.0065829492588               0.0       1.003307815               0.0   -0.154316215208  -0.0512131510862   0.0512131510862    0.154316215208
      BPM.33R7.B1       18464.86912  0.00805585163835               0.0     1.00405242663               0.0   -0.133903949577   0.0307042257991  -0.0307042257991    0.133903949577
      BPM.34R7.B1       18518.32061  0.00859536373808               0.0     1.00432558692               0.0  -0.0637095025645   0.0142676639938  -0.0142676639938   0.0637095025645
      BPM.33L8.B1       18571.77209  0.00801491653295               0.0     1.00403170988               0.0  -0.0724790049367  -0.0819136373358   0.0819136373358   0.0724790049367
      BPM.32L8.B1       18625.22358  0.00861336177894               0.0     1.00433470335               0.0   -0.150537133551  -0.0451514106765   0.0451514106765    0.150537133551
      BPM.31L8.B1       18678.67506  0.00828065779528               0.0     1.00416622112               0.0   -0.127096741624   0.0227010745628  -0.0227010745628    0.127096741624
      BPM.30L8.B1       18732.12654   0.0091961317986               0.0     1.00463002422               0.0  -0.0631285970644  0.00560663413702 -0.00560663413702   0.0631285970644
      BPM.29L8.B1       18785.57803   0.0081732510394               0.0     1.00411184813               0.0  -0.0798707991024  -0.0834360853322   0.0834360853322   0.0798707991024
      BPM.28L8.B1       18839.02951  0.00846256309233               0.0     1.00425832796               0.0     -0.1538439005  -0.0366208839489   0.0366208839489      0.1538439005
      BPM.27L8.B1         18892.481  0.00431863652298               0.0     1.00216633751               0.0   -0.111710377551   0.0499442062039  -0.0499442062039    0.111710377551
      BPM.25L8.B1       18999.38397  0.00397200560538               0.0     1.00199193876               0.0  -0.0812176649293  -0.0776011512016   0.0776011512016   0.0812176649293
      BPM.22L8.B1       19159.73842 0.000942298260087               0.0     1.00047148236               0.0 -0.00543497631754   0.0208430515024  -0.0208430515024  0.00543497631754
      BPM.21L8.B1        19213.1899 -0.000863449548234                -1    0.999568554604                -1  -0.0631637985733  -0.0881200963663   0.0881200963663   0.0631637985733
      BPM.20L8.B1       19266.64139  0.00200929273351               0.0     1.00100616288               0.0    -0.16449988586   0.0128339251798  -0.0128339251798     0.16449988586
      BPM.19L8.B1       19320.09287 0.000113476455846               0.0     1.00005674306               0.0  -0.0891174942145    0.101009465061   -0.101009465061   0.0891174942145
      BPM.18L8.B1       19373.54435 0.000379272838812               0.0     1.00018969038               0.0  0.00200867017072   0.0202902589769  -0.0202902589769 -0.00200867017072
      BPM.15L8.B1       19533.89881  0.00228149616604               0.0     1.00114270376               0.0  -0.0716022468464   0.0848308252036  -0.0848308252036   0.0716022468464
      BPM.14L8.B1       19587.35029  0.00139843970391               0.0     1.00069995407               0.0 -0.00866676431741 0.000972192993521 -0.000972192993521  0.00866676431741
      BPM.13L8.B1       19640.80177  0.00101020167098               0.0     1.00050548385               0.0   -0.105756149293   -0.065632264711    0.065632264711    0.105756149293
      BPM.12L8.B1       19694.25326  0.00397990128126               0.0     1.00199591026               0.0   -0.153802207032   0.0361324691453  -0.0361324691453    0.153802207032
      BPM.11L8.B1       19747.70474  0.00159575207738               0.0     1.00079883222               0.0  -0.0664288644858   0.0857768906206  -0.0857768906206   0.0664288644858
      BPM.10L8.B1       19799.54543  0.00216536671526               0.0     1.00108444484               0.0  -0.0189917806312  -0.0174888875435   0.0174888875435   0.0189917806312
       BPM.9L8.B1       19838.61242  0.00518998714383               0.0     1.00260513845               0.0  -0.0873146138411  -0.0667791944826   0.0667791944826   0.0873146138411
       BPM.8L8.B1       19879.07741  0.00633346323195               0.0     1.00318185373               0.0   -0.142836850098   -0.072286602549    0.072286602549    0.142836850098
       BPM.7L8.B1        19918.1454 -0.00132392407972                -1    0.999338694526                -1  -0.0631236144761   0.0276110043807  -0.0276110043807   0.0631236144761
      BPMR.6L8.B1        19950.6144  0.00123744080957               0.0     1.00061929522               0.0   0.0210386159117  -0.0636650015123   0.0636650015123  -0.0210386159117
     BPMYB.4L8.B1        20031.8004   0.0159009017735               0.0     1.00804653949               0.0   -0.137735566791   -0.134581268982    0.134581268982    0.137735566791
     BPMWB.4L8.B1        20056.1919 -0.00318713380268                -1    0.998410232193                -1   -0.125227201479   0.0410258195831  -0.0410258195831    0.125227201479
      BPMS.2L8.B1        20144.3364   0.0885132152721               0.0     1.04742952538               0.0   -0.254338890452   -0.619014327217    0.619014327217    0.254338890452
     BPMSW.1L8.B1        20154.2704 -0.00915177337333                -1    0.995455283791                -1   -0.106659864624   0.0189953178423  -0.0189953178423    0.106659864624
     BPMSW.1R8.B1        20197.4604  -0.0252903980446                -1    0.987589706987                -1  -0.0573732054119   -0.299172257848    0.299172257848   0.0573732054119
      BPMS.2R8.B1        20207.3944  -0.0131099868501                -1     0.99350876233                -1   -0.140099730237   0.0824119816604  -0.0824119816604    0.140099730237
     BPMWB.4R8.B1        20295.4629  0.00383299726097               0.0     1.00192202574               0.0  -0.0871933105322    0.034179355197   -0.034179355197   0.0871933105322
     BPMYB.4R8.B1        20319.9304  0.00491868110898               0.0     1.00246845044               0.0  -0.0800303858987 -0.000499622032785 0.000499622032785   0.0800303858987
     BPMYB.5R8.B1        20340.5074  0.00754560631455               0.0     1.00379428937               0.0  -0.0653677625645  -0.0187360849371   0.0187360849371   0.0653677625645
       BPM.6R8.B1        20424.6154   0.0156042285244               0.0     1.00789462753               0.0   0.0207672344004   -0.227844442176    0.227844442176  -0.0207672344004
     BPM_A.7R8.B1        20446.8554  0.00412520047683               0.0     1.00206900373               0.0  -0.0560014993505   -0.128299274082    0.128299274082   0.0560014993505
      BPM.10R8.B1       20567.82043  0.00337174906098               0.0      1.0016901498               0.0  -0.0553806244314    -0.15342861381     0.15342861381   0.0553806244314
      BPM.11R8.B1       20619.65914   0.0043897970918               0.0     1.00220215145               0.0   -0.107327086513  -0.0427757930924   0.0427757930924    0.107327086513
      BPM.12R8.B1       20674.38266  0.00379124815117               0.0     1.00190103125               0.0 0.000904079996856  -0.0260720969851   0.0260720969851 -0.000904079996856
      BPM.13R8.B1       20727.83117  0.00322521765867               0.0      1.0016165201               0.0   0.0340110106381   -0.107805029847    0.107805029847  -0.0340110106381
      BPM.14R8.B1       20781.27969  0.00446676296383               0.0     1.00224089143               0.0  -0.0534959794245    -0.15041217339     0.15041217339   0.0534959794245
      BPM.15R8.B1       20834.72821   0.0225440786214               0.0     1.01146628024               0.0  -0.0546909374055  -0.0998907423756   0.0998907423756   0.0546909374055
      BPM.16R8.B1       20888.17672  0.00285625881882               0.0     1.00143119604               0.0 -0.00147852937005  -0.0174651885624   0.0174651885624  0.00147852937005
      BPM.17R8.B1       20941.62524  0.00499574440258               0.0     1.00250727038               0.0   0.0382183522956    -0.12206222362     0.12206222362  -0.0382183522956
      BPM.18R8.B1       20995.07375  0.00536774062889               0.0     1.00269472361               0.0  -0.0393709357394   -0.160004418042    0.160004418042   0.0393709357394
      BPM.19R8.B1       21048.52227   0.0116083027183               0.0     1.00585517746               0.0  -0.0900446480801   -0.154907469217    0.154907469217   0.0900446480801
      BPM.22R8.B1       21208.86782   0.0127204377377               0.0      1.0064215479               0.0   -0.101075184277   -0.252092976026    0.252092976026    0.101075184277
      BPM.23R8.B1       21262.31633  0.00396247237593               0.0     1.00198714364               0.0  -0.0777229080447  -0.0665128328264   0.0665128328264   0.0777229080447
      BPM.24R8.B1       21315.76485  0.00586237908264               0.0     1.00294414064               0.0   0.0124470935282  -0.0410943884092   0.0410943884092  -0.0124470935282
      BPM.25R8.B1       21369.21337  0.00524724344707               0.0     1.00263399217               0.0   0.0436036705843   -0.116890251183    0.116890251183  -0.0436036705843
      BPM.26R8.B1       21422.66188  0.00482417492799               0.0     1.00242084995               0.0  -0.0303779569309   -0.151928043641    0.151928043641   0.0303779569309
      BPM.27R8.B1        21476.1104  0.00310878831512               0.0     1.00155802778               0.0  -0.0764037583635  -0.0501910148939   0.0501910148939   0.0764037583635
      BPM.29R8.B1       21583.00743  0.00285086625133               0.0     1.00142848817               0.0   0.0401840407294   -0.123274198471    0.123274198471  -0.0401840407294
      BPM.30R8.B1       21636.45594  0.00230431787975               0.0     1.00115415398               0.0  -0.0428718846883   -0.143954946921    0.143954946921   0.0428718846883
      BPM.31R8.B1       21689.90446  0.00596918035101               0.0     1.00299801866               0.0  -0.0813085348127  -0.0660041649772   0.0660041649772   0.0813085348127
      BPM.32R8.B1       21743.35298  0.00106800921491               0.0     1.00053443273               0.0    0.013603400965   -0.012011867771    0.012011867771   -0.013603400965
      BPM.33R8.B1       21796.80149  0.00343084748381               0.0     1.00171985042               0.0   0.0306763930081   -0.132990477925    0.132990477925  -0.0306763930081
      BPM.34R8.B1       21850.25001  0.00417778452108               0.0     1.00209546034               0.0  -0.0362974640302    -0.14713833472     0.14713833472   0.0362974640302
      BPM.33L1.B1       21903.69852  0.00157175218227               0.0     1.00078680371               0.0  -0.0853999772262  -0.0410463718549   0.0410463718549   0.0853999772262
      BPM.32L1.B1       21957.14704   0.0033628739577               0.0     1.00168568974               0.0   0.0223920041508   -0.031983030383    0.031983030383  -0.0223920041508
      BPM.31L1.B1       22010.59556  0.00233753643386               0.0     1.00117082125               0.0   0.0358517253887   -0.124314384304    0.124314384304  -0.0358517253887
      BPM.30L1.B1       22064.04407  0.00174609168096               0.0     1.00087419082               0.0  -0.0546053096501   -0.143918129043    0.143918129043   0.0546053096501
      BPM.29L1.B1       22117.49259  0.00401089036465               0.0     1.00201149813               0.0  -0.0832405823581  -0.0541527331782   0.0541527331782   0.0832405823581
      BPM.28L1.B1        22170.9411  0.00359902110093               0.0     1.00180438252               0.0    0.024717261814  -0.0317750130972   0.0317750130972   -0.024717261814
      BPM.27L1.B1       22224.38962  0.00347144657529               0.0      1.0017402555               0.0   0.0368432462183   -0.124459711526    0.124459711526  -0.0368432462183
      BPM.26L1.B1       22277.83814  0.00379839743056               0.0     1.00190462633               0.0  -0.0460626809362   -0.153205796284    0.153205796284   0.0460626809362
      BPM.25L1.B1       22331.28665  0.00529642913332               0.0     1.00265878077               0.0  -0.0818802845728  -0.0696308094318   0.0696308094318   0.0818802845728
      BPM.24L1.B1       22384.73517  0.00538523229424               0.0     1.00270354046               0.0   0.0141805310435  -0.0385161005265   0.0385161005265  -0.0141805310435
      BPM.23L1.B1       22438.18368  0.00532065352706               0.0     1.00267099006               0.0   0.0276645727491   -0.114879642757    0.114879642757  -0.0276645727491
      BPM.22L1.B1        22491.6322  0.00583860604589               0.0     1.00293214904               0.0  -0.0413825863364    -0.15796805971     0.15796805971   0.0413825863364
      BPM.21L1.B1       22545.08071  0.00775012808624               0.0     1.00389773469               0.0  -0.0811707171028  -0.0822764384601   0.0822764384601   0.0811707171028
      BPM.20L1.B1       22598.52923  0.00589035240872               0.0      1.0029582515               0.0   0.0045632047255  -0.0387101933055   0.0387101933055  -0.0045632047255
      BPM.19L1.B1       22651.97775  0.00595091699587               0.0     1.00298880473               0.0   0.0304297750258   -0.116148152141    0.116148152141  -0.0304297750258
      BPM.18L1.B1       22705.42626  0.00578078157667               0.0       1.002902983               0.0  -0.0395639910448    -0.15708561716     0.15708561716   0.0395639910448
      BPM.17L1.B1       22758.87478 -0.000579101137182                -1     0.99971057513                -1  -0.0776989188973  -0.0420770596999   0.0420770596999   0.0776989188973
      BPM.16L1.B1       22812.32329  0.00595684740373               0.0     1.00299179661               0.0   0.0450500358394  -0.0492800562642   0.0492800562642  -0.0450500358394
      BPM.15L1.B1       22865.77181   0.0056139882675               0.0     1.00281886852               0.0   0.0294795436205   -0.123822464375    0.123822464375  -0.0294795436205
      BPM.14L1.B1       22919.22033  0.00625819880822               0.0     1.00314386332               0.0  -0.0306794565006   -0.160450673168    0.160450673168   0.0306794565006
      BPM.13L1.B1       22972.66884  0.00316939614947               0.0     1.00158847495               0.0  -0.0822936527638  -0.0598991049411   0.0598991049411   0.0822936527638
      BPM.12L1.B1       23026.11736  0.00749634609418               0.0     1.00376937876               0.0   0.0200125099012  -0.0520664151277   0.0520664151277  -0.0200125099012
      BPM.11L1.B1       23079.56587  0.00577452989609               0.0     1.00289982987               0.0   0.0389688217814   -0.107571935115    0.107571935115  -0.0389688217814
       BPM.9L1.B1        23171.4116  0.00386040544358               0.0     1.00193580928               0.0  -0.0179968189658  -0.0962568488603   0.0962568488603   0.0179968189658
      BPMR.7L1.B1       23250.94062  0.00169103368352               0.0      1.0008465907               0.0   0.0168868541381   -0.113610378508    0.113610378508  -0.0168868541381
     BPMYA.4L1.B1       23347.14262   0.0144569769586               0.0     1.00730782139               0.0   0.0257880132245    0.184070152261   -0.184070152261  -0.0257880132245
     BPMWB.4L1.B1       23368.27512  0.00348582672696               0.0     1.00174748326               0.0   -0.269049531342     0.18164223435    -0.18164223435    0.269049531342
     BPMSY.4L1.B1       23461.05512     -9.5411104583                -1    0.308004327104                -1    0.234924702669   0.0532792960203  -0.0532792960203   -0.234924702669
      BPMS.2L1.B1       23487.84062   -0.225146090167                -1    0.903454032776                -1    0.962435906537     2.10262298243    -2.10262298243   -0.962435906537
     BPMSW.1L1.B1       23497.79062 -0.000307124424199                -1    0.999846473151                -1   0.0221868174808    0.200851518239   -0.200851518239  -0.0221868174808
     BPMSW.1R1.B1       23540.93362   -0.330636831228                -1    0.866902449042                -1    0.531121472594   -0.193150135937    0.193150135937   -0.531121472594
      BPMS.2R1.B1       23550.89862 7.93230065731e-05               0.0     1.00003966386               0.0 -0.000429290555329    0.109252604753   -0.109252604753 0.000429290555329
     BPMSY.4R1.B1       23577.68412   0.0087366307876               0.0     1.00439714866               0.0   -0.073225522034    0.168157011846   -0.168157011846    0.073225522034
     BPMWB.4R1.B1       23670.46412  0.00983541049257               0.0     1.00495428089               0.0   -0.249285278003  -0.0799832262973   0.0799832262973    0.249285278003
     BPMYA.4R1.B1       23691.59662  0.00555050758048               0.0     1.00278686054               0.0   -0.100822036043    0.125098393067   -0.125098393067    0.100822036043
       BPM.5R1.B1       23719.00462  0.00681232291327               0.0     1.00342366375               0.0  -0.0849538901586    0.128326374016   -0.128326374016   0.0849538901586
      BPMR.6R1.B1       23750.90462  0.00835896541288               0.0     1.00420586868               0.0  0.00512887996748    -0.13019428551     0.13019428551 -0.00512887996748
     BPMSX.7R1.B1       23757.12012  0.00814589578604               0.0     1.00409800138               0.0   0.0146560637616   -0.144396418594    0.144396418594  -0.0146560637616
       BPM.8R1.B1       23820.06761  0.00888452707086               0.0     1.00447208497               0.0   -0.118920807884   -0.037546700975    0.037546700975    0.118920807884
       BPM.9R1.B1        23859.1346  0.00583964597416               0.0     1.00293267359               0.0   0.0442910900672   -0.061859128096    0.061859128096  -0.0442910900672
      BPM.10R1.B1       23899.59958  0.00856314685337               0.0     1.00430926894               0.0     0.04753947418   -0.137356551934    0.137356551934    -0.04753947418
      BPM.11R1.B1       23952.38227  0.00932765252142               0.0     1.00469670887               0.0  -0.0127963948027   -0.157002354113    0.157002354113   0.0127963948027
      BPM.12R1.B1       24007.10876  0.00550502737567               0.0     1.00276393057               0.0  -0.0583527338051  -0.0606287723645   0.0606287723645   0.0583527338051
      BPM.13R1.B1       24060.56024   0.0110064075586               0.0     1.00554905237               0.0   0.0320870697825  -0.0837875168471   0.0837875168471  -0.0320870697825
      BPM.14R1.B1       24114.01173  0.00923915582725               0.0     1.00465183713               0.0   0.0303891128909   -0.130893435519    0.130893435519  -0.0303891128909
      BPM.15R1.B1       24167.46321   0.0104472942182               0.0     1.00526493647               0.0  -0.0211827999878   -0.157709346769    0.157709346769   0.0211827999878
      BPM.16R1.B1       24220.91469   0.0109412158382               0.0     1.00551591251               0.0  -0.0607512971703  -0.0960806983877   0.0960806983877   0.0607512971703
      BPM.17R1.B1       24274.36618  0.00920449686991               0.0     1.00463426515               0.0  0.00717752889362  -0.0621427412567   0.0621427412567 -0.00717752889362
      BPM.18R1.B1       24327.81766   0.0093472798814               0.0     1.00470666163               0.0   0.0255223640189    -0.12514934286     0.12514934286  -0.0255223640189
      BPM.19R1.B1       24381.26915  0.00959387885048               0.0     1.00483173366               0.0  -0.0292286428707   -0.154065833335    0.154065833335   0.0292286428707
      BPM.20R1.B1       24434.72063  0.00925222443189               0.0     1.00465846312               0.0  -0.0637144879369  -0.0790840035487   0.0790840035487   0.0637144879369
      BPM.21R1.B1       24488.17211  0.00941288338383               0.0     1.00473993037               0.0   0.0237511702881  -0.0697868748224   0.0697868748224  -0.0237511702881
      BPM.22R1.B1        24541.6236   0.0109575700124               0.0     1.00552422576               0.0  0.00555436369525   -0.138354842463    0.138354842463 -0.00555436369525
      BPM.23R1.B1       24595.07508   0.0106239595339               0.0      1.0053546837               0.0  -0.0374443542655   -0.144891762552    0.144891762552   0.0374443542655
      BPM.24R1.B1       24648.52657   0.0126327310698               0.0     1.00637684729               0.0  -0.0419575161315  -0.0941165473936   0.0941165473936   0.0419575161315
      BPM.25R1.B1       24701.97805   0.0114867389441               0.0     1.00579332735               0.0    0.022595315043  -0.0843754459331   0.0843754459331   -0.022595315043
      BPM.26R1.B1       24755.42954   0.0121062779547               0.0     1.00610866013               0.0   0.0157348827151   -0.145474629116    0.145474629116  -0.0157348827151
      BPM.27R1.B1       24808.88102   0.0133988579119               0.0     1.00676751311               0.0  -0.0212530963512   -0.152854760979    0.152854760979   0.0212530963512
      BPM.28R1.B1        24862.3325   0.0106996358195               0.0     1.00539313514               0.0  -0.0493163008447  -0.0839990048875   0.0839990048875   0.0493163008447
      BPM.29R1.B1       24915.78399   0.0123320045875               0.0     1.00622362414               0.0   0.0299220432679   -0.091834618052    0.091834618052  -0.0299220432679
      BPM.30R1.B1       24969.23547   0.0119424399152               0.0     1.00602524105               0.0   0.0135841998888   -0.138687505545    0.138687505545  -0.0135841998888
      BPM.31R1.B1       25022.68696   0.0324904535148               0.0     1.01665211982               0.0    0.305584724854   -0.551750900535    0.551750900535   -0.305584724854
      BPM.33L2.B1       25236.49289   0.0126647769166               0.0      1.0063931791               0.0  -0.0165186745304   -0.149817132766    0.149817132766   0.0165186745304
      BPM.32L2.B1       25289.94438   0.0092279070852               0.0     1.00464613395               0.0  -0.0418032760119  -0.0744798610857   0.0744798610857   0.0418032760119
      BPM.31L2.B1       25343.39586   0.0125390369104               0.0     1.00632910167               0.0   0.0357501200305  -0.0963255955265   0.0963255955265  -0.0357501200305
      BPM.30L2.B1       25396.84734   0.0150619846388               0.0     1.00761714817               0.0 -0.00651399878618   -0.159444693436    0.159444693436  0.00651399878618
      BPM.29L2.B1       25450.29883   0.0149901195031               0.0     1.00758039023               0.0  -0.0232845083329   -0.144425713077    0.144425713077   0.0232845083329
      BPM.28L2.B1       25503.75031   0.0148531885154               0.0     1.00751036322               0.0  -0.0385383434837   -0.103880848089    0.103880848089   0.0385383434837
      BPM.27L2.B1        25557.2018   0.0122702619526               0.0     1.00619217431               0.0   0.0281227318202  -0.0916872836604   0.0916872836604  -0.0281227318202
      BPM.26L2.B1       25610.65328   0.0113372500824               0.0     1.00571728495               0.0   0.0138606079521   -0.138366732113    0.138366732113  -0.0138606079521
      BPM.25L2.B1       25664.10477   0.0124105862435               0.0     1.00626365552               0.0  -0.0170440914166   -0.152741996077    0.152741996077   0.0170440914166
      BPM.24L2.B1       25717.55625  0.00944042085098               0.0     1.00475389612               0.0   -0.049677305595  -0.0776705453997   0.0776705453997    0.049677305595
      BPM.23L2.B1       25771.00773  0.00878974476224               0.0      1.0044240586               0.0    0.041974461906  -0.0706316446876   0.0706316446876   -0.041974461906
      BPM.22L2.B1       25824.45922  0.00822874741907               0.0      1.0041399412               0.0   0.0252769914637   -0.127969967582    0.127969967582  -0.0252769914637
      BPM.21L2.B1        25877.9107  0.00850941112004               0.0     1.00428205334               0.0  -0.0209098467968   -0.150997117273    0.150997117273   0.0209098467968
      BPM.20L2.B1       25931.36219  0.00715623218389               0.0     1.00359743571               0.0  -0.0493492032859  -0.0689493351477   0.0689493351477   0.0493492032859
      BPM.17L2.B1       26091.71664  0.00694994886433               0.0     1.00349319315               0.0  -0.0345826772722   -0.145791460997    0.145791460997   0.0345826772722
      BPM.16L2.B1       26145.16812   0.0102410696416               0.0     1.00516020332               0.0  -0.0489912223665  -0.0831938626655   0.0831938626655   0.0489912223665
      BPM.15L2.B1       26198.61961   0.0111744088058               0.0     1.00563447003               0.0   0.0288920007184  -0.0820182012383   0.0820182012383  -0.0288920007184
      BPM.14L2.B1       26252.07109   0.0101335792593               0.0     1.00510562627               0.0   0.0244571024889   -0.133429551441    0.133429551441  -0.0244571024889
      BPM.13L2.B1       26305.52257  0.00985603395491               0.0      1.0049647468               0.0  -0.0269900086937   -0.146632726189    0.146632726189   0.0269900086937
      BPM.12L2.B1       26358.97406    0.010123393459               0.0       1.005100455               0.0  -0.0404919989231  -0.0819028034085   0.0819028034085   0.0404919989231
      BPM.11L2.B1       26412.42554    0.011201532651               0.0     1.00564826277               0.0   0.0429585396568  -0.0853830301351   0.0853830301351  -0.0429585396568
      BPM.10L2.B1       26464.26623   0.0119990378704               0.0     1.00605405588               0.0   0.0102979926887   -0.149206465845    0.149206465845  -0.0102979926887
       BPM.9L2.B1       26503.33322   0.0123763803034               0.0     1.00624622961               0.0   0.0110975595732   -0.153468891065    0.153468891065  -0.0110975595732
       BPM.8L2.B1       26543.79821   0.0132254612369               0.0      1.0066790543               0.0  0.00754596907526   -0.102417956397    0.102417956397 -0.00754596907526
       BPM.7L2.B1        26582.8662   0.0104028853882               0.0     1.00524238025               0.0    0.130348874424  -0.0101257938165   0.0101257938165   -0.130348874424
      BPMR.6L2.B1        26614.9722  -0.0324853729663                -1    0.984142633622                -1     1.16810619223    -2.19814958425     2.19814958425    -1.16810619223