@ GetLLMVersion %s "V3.0.0 Dev"
@ Command %s "/afs/cern.ch/work/o/omc/anaconda/bin/python '/afs/cern.ch/work/e/efol/public/Beta-Beat.src/GetLLM/GetLLM.py' '--accel=LHCB1' '--model=/afs/cern.ch/work/e/efol/public/betabeatGui/temp/2017-12-20/models/LHCB1/Multiturn-model_40cm_2041/twiss.dat' '--files=/afs/cern.ch/work/e/efol/public/betabeatGui/temp/2017-12-20/LHCB1/Measurements/Beam1@Turn@2017_09_11@19_02_33_250/Beam1@Turn@2017_09_11@19_02_33_250.sdds' '--output=/afs/cern.ch/work/e/efol/public/betabeatGui/temp/2017-12-20/LHCB1/Results/40cm_cleaned' '--tbtana=SUSSIX' '--bpmu=mm' '--lhcphase=1' '--errordefs=/afs/cern.ch/work/e/efol/public/betabeatGui/temp/2017-12-20/models/LHCB1/Multiturn-model_40cm_2041/error_deff.txt'"
@ CWD %s "/home/efol/Workspaces/Accsoft-Eclipse-Pro/lhc-app-beta-beating"
@ Date %s "20. December 2017, 16:40:59"
@ Q1 %le 0.299853389971
@ MUX %le 0.0
@ Q2 %le 0.331421650825
@ MUY %le 0.0
@ FILES %s "/afs/cern.ch/work/e/efol/public/betabeatGui/temp/2017-12-20/LHCB1/Measurements/Beam1@Turn@2017_09_11@19_02_33_250/Beam1@Turn@2017_09_11@19_02_33_250.sdds.liny"
*            NAME             NAME2                 S                S1             COUNT            PHASEY            STDPHY            PHYMDL            MUYMDL
$              %s                %s               %le               %le               %le               %le               %le               %le               %le
   "BPMYB.5L2.B1"    "BPMYB.4L2.B1"            28.288            48.858                 1    0.058345188721                 0      0.0545739343      0.1253734494
   "BPMYB.4L2.B1"    "BPMWI.4L2.B1"            48.858           73.3255                 1    0.031415387865                 0      0.0341459416      0.1799473837
   "BPMWI.4L2.B1"    "BPMSX.4L2.B1"           73.3255          123.4825                 1    0.080089328088                 0      0.0760101162      0.2140933253
   "BPMSX.4L2.B1"     "BPMS.2L2.B1"          123.4825           161.394                 1    0.037277469082                 0      0.0400810832      0.2901034415
    "BPMS.2L2.B1"    "BPMSW.1L2.B1"           161.394           171.328                 1    0.015312019585                 0      0.0166946579      0.3301845247
   "BPMSW.1L2.B1"    "BPMSW.1R2.B1"           171.328           214.518                 1    0.369998382376                 0      0.3718057868      0.3468791826
   "BPMSW.1R2.B1"     "BPMS.2R2.B1"           214.518           224.452                 1    0.025740122766                 0      0.0221881936      0.7186849694
    "BPMS.2R2.B1"    "BPMSX.4R2.B1"           224.452          262.3635                 1    0.045802498224                 0      0.0467133135       0.740873163
   "BPMSX.4R2.B1"    "BPMWB.4R2.B1"          262.3635          312.5965                 1    0.064943951163                 0      0.0639715056      0.7875864765
   "BPMWB.4R2.B1"    "BPMYB.4R2.B1"          312.5965           336.988                 1   0.0525274256499                 0      0.0489820427      0.8515579821
   "BPMYB.4R2.B1"     "BPMR.5R2.B1"           336.988           366.522                 1   0.0330916215604                 0      0.0347354091      0.9005400248
    "BPMR.5R2.B1"      "BPM.6R2.B1"           366.522           439.818                 1    0.272607549316                 0      0.2769721621      0.9352754339
     "BPM.6R2.B1"    "BPM_A.7R2.B1"           439.818           452.693                 1    0.032547337208                 0       0.029734517       1.212247596
   "BPM_A.7R2.B1"      "BPM.8R2.B1"           452.693       494.1300106                 1    0.085109737959                 0        0.08710482       1.241982113
     "BPM.8R2.B1"      "BPM.9R2.B1"       494.1300106       533.1950212                 1    0.103785871755                 0       0.101473418       1.329086933
     "BPM.9R2.B1"     "BPM.10R2.B1"       533.1950212       573.6580318                 1    0.119149716957                 0       0.118442334       1.430560351
    "BPM.10R2.B1"     "BPM.11R2.B1"       573.6580318       625.4967424                 1    0.180623849387                 0       0.177659421       1.549002685
    "BPM.11R2.B1"     "BPM.14R2.B1"       625.4967424       787.1172901                 1    0.371564700483                 0        0.37362494       1.726662106
    "BPM.14R2.B1"     "BPM.15R2.B1"       787.1172901        840.565806                 1    0.133078582491                 0       0.132573583       2.100287046
    "BPM.15R2.B1"     "BPM.16R2.B1"        840.565806       894.0143219                 1     0.09935160603                 0       0.099222697       2.232860629
    "BPM.16R2.B1"     "BPM.17R2.B1"       894.0143219       947.4628378                 1     0.12196978238                 0       0.125281857       2.332083326
    "BPM.17R2.B1"     "BPM.18R2.B1"       947.4628378       1000.911354                 1    0.118792929288                 0       0.119804507       2.457365183
    "BPM.18R2.B1"     "BPM.19R2.B1"       1000.911354        1054.35987                 1    0.137264852574                 0       0.135850197        2.57716969
    "BPM.19R2.B1"     "BPM.20R2.B1"        1054.35987       1107.808386                 1    0.097711187708                 0       0.100249702       2.713019887
    "BPM.20R2.B1"     "BPM.21R2.B1"       1107.808386       1161.256901                 1    0.121755494823                 0       0.122552682       2.813269589
    "BPM.21R2.B1"     "BPM.22R2.B1"       1161.256901       1214.705417                 1    0.116225788077                 0       0.118039543       2.935822271
    "BPM.22R2.B1"     "BPM.23R2.B1"       1214.705417       1268.153933                 1    0.142336548975                 0       0.138100613       3.053861814
    "BPM.23R2.B1"     "BPM.24R2.B1"       1268.153933       1321.602449                 1    0.102715312108                 0       0.104332042       3.191962427
    "BPM.24R2.B1"     "BPM.25R2.B1"       1321.602449       1375.050965                 1    0.125676812643                 0       0.125303049       3.296294469
    "BPM.25R2.B1"     "BPM.26R2.B1"       1375.050965       1428.499481                 1    0.119778597153                 0       0.116950948       3.421597518
    "BPM.26R2.B1"     "BPM.27R2.B1"       1428.499481       1481.947997                 1    0.138356543377                 0       0.139490314       3.538548466
    "BPM.27R2.B1"     "BPM.28R2.B1"       1481.947997       1535.396513                 1    0.105519548779                 0       0.105322788        3.67803878
    "BPM.28R2.B1"     "BPM.29R2.B1"       1535.396513       1588.845029                 1    0.122133875626                 0       0.124222656       3.783361568
    "BPM.29R2.B1"     "BPM.30R2.B1"       1588.845029       1642.293545                 1    0.114675713143                 0       0.115674515       3.907584224
    "BPM.30R2.B1"     "BPM.31R2.B1"       1642.293545        1695.74206                 1    0.142898689149                 0       0.140647084       4.023258739
    "BPM.31R2.B1"     "BPM.32R2.B1"        1695.74206       1749.190576                 1    0.107721383018                 0       0.106490296       4.163905823
    "BPM.32R2.B1"     "BPM.33R2.B1"       1749.190576       1802.639092                 1    0.121127439443                 0       0.123379726       4.270396119
    "BPM.33R2.B1"     "BPM.33L3.B1"       1802.639092       1909.536124                 1    0.254658208471                 0       0.255784985       4.393775845
    "BPM.33L3.B1"     "BPM.32L3.B1"       1909.536124        1962.98464                 1    0.111644523846                 0       0.107806477        4.64956083
    "BPM.32L3.B1"     "BPM.31L3.B1"        1962.98464       2016.433156                 1    0.123493712089                 0       0.122792852       4.757367307
    "BPM.31L3.B1"     "BPM.30L3.B1"       2016.433156       2069.881672                 1    0.109307206268                 0       0.112758157       4.880160159
    "BPM.30L3.B1"     "BPM.29L3.B1"       2069.881672       2123.330188                 1    0.142484289929                 0       0.142089707       4.992918316
    "BPM.29L3.B1"     "BPM.26L3.B1"       2123.330188       2283.675735                 1    0.346455434999                 0       0.342934088       5.135008023
    "BPM.26L3.B1"     "BPM.25L3.B1"       2283.675735       2337.124251                 1    0.140576104407                 0       0.142316917       5.477942111
    "BPM.25L3.B1"     "BPM.24L3.B1"       2337.124251       2390.572767                 1    0.112934046725                 0       0.110743447       5.620259028
    "BPM.24L3.B1"     "BPM.23L3.B1"       2390.572767       2444.021283                 1    0.125044192195                 0       0.122431335       5.731002475
    "BPM.23L3.B1"     "BPM.22L3.B1"       2444.021283       2497.469799                 1    0.108264329884                 0        0.10970162        5.85343381
    "BPM.22L3.B1"     "BPM.21L3.B1"       2497.469799       2550.918315                 1     0.14132092695                 0       0.142197579        5.96313543
    "BPM.21L3.B1"     "BPM.20L3.B1"       2550.918315       2604.366831                 1    0.108003776628                 0       0.109149435       6.105333009
    "BPM.20L3.B1"     "BPM.19L3.B1"       2604.366831       2657.815347                 1    0.122611173179                 0       0.118851979       6.214482444
    "BPM.19L3.B1"     "BPM.18L3.B1"       2657.815347       2711.263863                 1    0.105561465022                 0       0.107597579       6.333334423
    "BPM.18L3.B1"     "BPM.17L3.B1"       2711.263863       2764.712379                 1    0.141678075762                 0       0.141926934       6.440932002
    "BPM.17L3.B1"     "BPM.16L3.B1"       2764.712379       2818.160894                 1    0.110336161321                 0       0.111837251       6.582858936
    "BPM.16L3.B1"     "BPM.14L3.B1"       2818.160894       2925.057926                 1    0.225876556363                 0       0.224552225       6.694696187
    "BPM.14L3.B1"     "BPM.13L3.B1"       2925.057926       2978.506442                 1    0.137161522181                 0        0.14076668       6.919248412
    "BPM.13L3.B1"     "BPM.12L3.B1"       2978.506442       3031.954958                 1     0.11898680938                 0       0.120068844       7.060015092
    "BPM.12L3.B1"     "BPM.11L3.B1"       3031.954958       3085.403474                 1    0.127947535099                 0       0.124622279       7.180083936
    "BPM.11L3.B1"     "BPM.10L3.B1"       3085.403474       3138.184185                 1    0.104211824941                 0       0.101855306       7.304706215
    "BPM.10L3.B1"      "BPM.9L3.B1"       3138.184185       3177.249195                 1    0.119916360585                 0       0.122864417       7.406561521
     "BPM.9L3.B1"      "BPM.8L3.B1"       3177.249195       3217.712206                 1    0.175490568419                 0       0.174248806       7.529425938
     "BPM.8L3.B1"      "BPM.7L3.B1"       3217.712206       3256.776216                 1    0.161056410271                 0       0.161609299       7.703674744
     "BPM.7L3.B1"      "BPM.6L3.B1"       3256.776216       3329.415216                 1    0.118439242628                 0       0.120050394       7.865284043
     "BPM.6L3.B1"   "BPMWG.A5L3.B1"       3329.415216       3371.119716                 1    0.049770922983                 0       0.050448034       7.985334437
  "BPMWG.A5L3.B1"     "BPMW.5L3.B1"       3371.119716       3400.089716                 1   0.0171481021458                 0        0.01697708       8.035782471
    "BPMW.5L3.B1"    "BPMWE.4L3.B1"       3400.089716       3475.217716                 1   0.0815800779767                 0       0.078715883       8.052759551
   "BPMWE.4L3.B1"     "BPMW.4L3.B1"       3475.217716       3502.762716                 1      0.0425146252                 0        0.04659238       8.131475434
    "BPMW.4L3.B1"     "BPMW.4R3.B1"       3502.762716       3547.727716                 1    0.033385266356                 0       0.034404188       8.178067814
    "BPMW.4R3.B1"    "BPMWE.4R3.B1"       3547.727716       3575.272716                 1    0.011196467239                 0       0.010805024       8.212472002
   "BPMWE.4R3.B1"     "BPMW.5R3.B1"       3575.272716       3650.400716                 1    0.067647272769                 0       0.068322962       8.223277026
    "BPMW.5R3.B1"   "BPMWJ.A5R3.B1"       3650.400716       3679.118716                 1    0.057344882421                 0       0.058567031       8.291599988
  "BPMWJ.A5R3.B1"    "BPMWC.6R3.B1"       3679.118716       3718.936716                 1    0.043814464269                 0       0.042891385       8.350167019
   "BPMWC.6R3.B1"     "BPMR.6R3.B1"       3718.936716       3731.015216                 1    0.006499426171                 0       0.007501521       8.393058404
    "BPMR.6R3.B1"    "BPM_A.7R3.B1"       3731.015216       3786.839216                 1    0.072502129068                 0       0.072852301       8.400559925
   "BPM_A.7R3.B1"      "BPM.8R3.B1"       3786.839216       3825.903227                 1    0.065258317935                 0       0.066714684       8.473412226
     "BPM.8R3.B1"      "BPM.9R3.B1"       3825.903227       3864.968238                 1     0.05908806785                 0       0.057171274        8.54012691
     "BPM.9R3.B1"     "BPM.10R3.B1"       3864.968238       3905.431248                 1     0.06451216891                 0       0.066021025       8.597298184
    "BPM.10R3.B1"     "BPM.11R3.B1"       3905.431248       3958.211959                 1    0.094572384729                 0       0.098043539       8.663319209
    "BPM.11R3.B1"     "BPM.12R3.B1"       3958.211959       4012.935475                 1    0.116623609616                 0       0.113321595       8.761362748
    "BPM.12R3.B1"     "BPM.13R3.B1"       4012.935475       4066.383991                 1    0.115697452858                 0       0.116503205       8.874684343
    "BPM.13R3.B1"     "BPM.14R3.B1"       4066.383991       4119.832506                 1    0.140616545715                 0       0.140685089       8.991187548
    "BPM.14R3.B1"     "BPM.15R3.B1"       4119.832506       4173.281022                 1    0.106647116127                 0       0.105872555       9.131872637
    "BPM.15R3.B1"     "BPM.17R3.B1"       4173.281022       4280.178054                 1     0.23307093391                 0       0.230754522       9.237745192
    "BPM.17R3.B1"     "BPM.19R3.B1"       4280.178054       4387.075086                 1    0.255924038078                 0       0.249882923       9.468499714
    "BPM.19R3.B1"     "BPM.20R3.B1"       4387.075086       4440.523602                 1    0.117379417201                 0       0.119252923       9.718382637
    "BPM.20R3.B1"     "BPM.21R3.B1"       4440.523602       4493.972118                 1    0.112804261727                 0       0.108554536        9.83763556
    "BPM.21R3.B1"     "BPM.22R3.B1"       4493.972118       4547.420634                 1    0.136395975189                 0       0.141636304       9.946190096
    "BPM.22R3.B1"     "BPM.23R3.B1"       4547.420634        4600.86915                 1    0.114584882668                 0        0.11404047        10.0878264
    "BPM.23R3.B1"     "BPM.24R3.B1"        4600.86915       4654.317666                 1    0.123791389119                 0        0.12327069       10.20186687
    "BPM.24R3.B1"     "BPM.25R3.B1"       4654.317666       4707.766181                 1    0.108689300403                 0         0.1066765       10.32513756
    "BPM.25R3.B1"     "BPM.26R3.B1"       4707.766181       4761.214697                 1    0.139902241942                 0        0.14080193       10.43181406
    "BPM.26R3.B1"     "BPM.27R3.B1"       4761.214697       4814.663213                 1    0.115995186514                 0        0.11547245       10.57261599
    "BPM.27R3.B1"     "BPM.28R3.B1"       4814.663213       4868.111729                 1    0.122848447516                 0        0.12407667       10.68808844
    "BPM.28R3.B1"     "BPM.29R3.B1"       4868.111729       4921.560245                 1    0.108351138913                 0        0.10548422       10.81216511
    "BPM.29R3.B1"     "BPM.30R3.B1"       4921.560245       4975.008761                 1    0.137206432297                 0        0.13968356       10.91764933
    "BPM.30R3.B1"     "BPM.31R3.B1"       4975.008761       5028.457277                 1    0.117660792886                 0        0.11677357       11.05733289
    "BPM.31R3.B1"     "BPM.32R3.B1"       5028.457277       5081.905793                 1    0.123609033512                 0        0.12512343       11.17410646
    "BPM.32R3.B1"     "BPM.33R3.B1"       5081.905793       5135.354309                 1    0.108802778236                 0        0.10446496       11.29922989
    "BPM.33R3.B1"     "BPM.34R3.B1"       5135.354309       5188.802825                 1    0.134345173437                 0        0.13832477       11.40369485
    "BPM.34R3.B1"     "BPM.33L4.B1"       5188.802825        5242.25134                 1    0.116130100424                 0        0.11789402       11.54201962
    "BPM.33L4.B1"     "BPM.32L4.B1"        5242.25134       5295.699856                 1    0.127352321864                 0        0.12638692       11.65991364
    "BPM.32L4.B1"     "BPM.31L4.B1"       5295.699856       5349.148372                 1    0.102510658642                 0        0.10364193       11.78630056
    "BPM.31L4.B1"     "BPM.30L4.B1"       5349.148372       5402.596888                 1    0.138857690877                 0        0.13677763       11.88994249
    "BPM.30L4.B1"     "BPM.29L4.B1"       5402.596888       5456.045404                 1     0.11605194993                 0        0.11878901       12.02672012
    "BPM.29L4.B1"     "BPM.28L4.B1"       5456.045404        5509.49392                 1    0.130561309221                 0        0.12783656       12.14550913
    "BPM.28L4.B1"     "BPM.27L4.B1"        5509.49392       5562.942436                 1    0.103158577823                 0        0.10303283       12.27334569
    "BPM.27L4.B1"     "BPM.26L4.B1"       5562.942436       5616.390952                 1    0.134488336101                 0        0.13509916       12.37637852
    "BPM.26L4.B1"     "BPM.25L4.B1"       5616.390952       5669.839468                 1    0.119135911172                 0        0.11942153       12.51147768
    "BPM.25L4.B1"     "BPM.24L4.B1"       5669.839468       5723.287984                 1    0.129452928757                 0        0.12943507       12.63089921
    "BPM.24L4.B1"     "BPM.23L4.B1"       5723.287984         5776.7365                 1    0.100358275003                 0        0.10265017       12.76033428
    "BPM.23L4.B1"     "BPM.22L4.B1"         5776.7365       5830.185015                 1    0.135653626252                 0        0.13334843       12.86298445
    "BPM.22L4.B1"     "BPM.21L4.B1"       5830.185015       5883.633531                 1    0.117766122956                 0        0.11976476       12.99633288
    "BPM.21L4.B1"     "BPM.20L4.B1"       5883.633531       5937.082047                 1    0.132699620742                 0        0.13179637       13.11609764
    "BPM.20L4.B1"     "BPM.19L4.B1"       5937.082047       5990.530563                 1    0.101706146476                 0        0.10003411       13.24789401
    "BPM.19L4.B1"     "BPM.17L4.B1"       5990.530563       6097.427595                 1    0.249450296329                 0        0.24531762       13.34792812
    "BPM.17L4.B1"     "BPM.16L4.B1"       6097.427595       6150.876111                 1    0.132332823911                 0        0.13478497       13.59324574
    "BPM.16L4.B1"     "BPM.15L4.B1"       6150.876111       6204.324627                 1    0.101607526799                 0        0.10086991       13.72803071
    "BPM.15L4.B1"     "BPM.14L4.B1"       6204.324627       6257.773143                 1    0.127061695826                 0        0.12371875       13.82890062
    "BPM.14L4.B1"     "BPM.13L4.B1"       6257.773143       6311.221659                 1    0.117042950958                 0        0.11757413       13.95261937
    "BPM.13L4.B1"     "BPM.12L4.B1"       6311.221659       6364.670174                 1    0.135794823004                 0        0.13708366        14.0701935
    "BPM.12L4.B1"     "BPM.11L4.B1"       6364.670174        6418.11869                 1    0.100613223967                 0        0.09815262       14.20727716
    "BPM.11L4.B1"     "BPM.10L4.B1"        6418.11869       6469.957401                 1    0.110716803057                 0        0.11106877       14.30542978
    "BPM.10L4.B1"      "BPM.9L4.B1"       6469.957401       6509.022412                 1    0.063262453324                 0        0.06243636       14.41649855
     "BPM.9L4.B1"      "BPM.7L4.B1"       6509.022412       6588.549433                 1    0.142096530767                 0        0.14822786       14.47893491
     "BPM.7L4.B1"    "BPMYB.6L4.B1"       6588.549433       6685.153433                 1    0.077803542933                 0         0.0783098       14.62716277
   "BPMYB.6L4.B1"    "BPMYA.5L4.B1"       6685.153433       6722.153433                 1    0.015026331874                 0        0.01457037       14.70547257
   "BPMYA.5L4.B1"   "BPMWI.A5L4.B1"       6722.153433       6798.755933                 1    0.056563153112                 0        0.05606435       14.72004294
  "BPMWI.A5L4.B1"   "BPMWA.B5L4.B1"       6798.755933       6824.619933                 1    0.020321589691                 0        0.01953017       14.77610729
  "BPMWA.B5L4.B1"   "BPMWA.A5L4.B1"       6824.619933       6833.504933                 1    0.007252925159                 0        0.00658667       14.79563746
  "BPMWA.A5L4.B1"   "BPMWA.A5R4.B1"       6833.504933       6881.553933                 1     0.03170535592                 0        0.03349334       14.80222413
  "BPMWA.A5R4.B1"   "BPMWA.B5R4.B1"       6881.553933       6890.438933                 1    0.004751627363                 0        0.00569065       14.83571747
  "BPMWA.B5R4.B1"    "BPMYB.5R4.B1"       6890.438933       6992.829433                 1   0.0525959512762                 0         0.0525722       14.84140812
   "BPMYB.5R4.B1"    "BPMYA.6R4.B1"       6992.829433       7024.393433                 1   0.0237669637015                 0         0.0231025       14.89398032
   "BPMYA.6R4.B1"      "BPM.7R4.B1"       7024.393433       7120.909433                 1    0.119311113905                 0         0.1223304       14.91708282
     "BPM.7R4.B1"      "BPM.8R4.B1"       7120.909433       7158.698443                 1    0.119626949662                 0        0.12325317       15.03941322
     "BPM.8R4.B1"      "BPM.9R4.B1"       7158.698443       7197.763454                 1    0.207293369116                 0         0.2047475       15.16266639
     "BPM.9R4.B1"     "BPM.10R4.B1"       7197.763454       7238.226465                 1    0.078540087844                 0        0.07710979       15.36741389
    "BPM.10R4.B1"     "BPM.11R4.B1"       7238.226465       7290.065175                 1    0.107252117384                 0        0.10867318       15.44452368
    "BPM.11R4.B1"     "BPM.12R4.B1"       7290.065175       7344.788691                 1    0.103941185118                 0        0.10481803       15.55319686
    "BPM.12R4.B1"     "BPM.13R4.B1"       7344.788691       7398.237207                 1     0.12818572943                 0        0.12873836       15.65801489
    "BPM.13R4.B1"     "BPM.14R4.B1"       7398.237207       7451.685723                 1    0.123145134862                 0        0.12232938       15.78675325
    "BPM.14R4.B1"     "BPM.15R4.B1"       7451.685723       7505.134239                 1    0.140402458389                 0         0.1395114       15.90908263
    "BPM.15R4.B1"     "BPM.16R4.B1"       7505.134239       7558.582755                 1    0.100741283228                 0        0.10576018       16.04859403
    "BPM.16R4.B1"     "BPM.17R4.B1"       7558.582755       7612.031271                 1    0.132605870396                 0        0.13234848       16.15435421
    "BPM.17R4.B1"     "BPM.18R4.B1"       7612.031271       7665.479786                 1     0.12334177798                 0        0.12232737       16.28670269
    "BPM.18R4.B1"     "BPM.19R4.B1"       7665.479786       7718.928302                 1    0.139527969191                 0        0.13951744       16.40903006
    "BPM.19R4.B1"     "BPM.20R4.B1"       7718.928302       7772.376818                 1    0.103203230283                 0        0.10576187        16.5485475
    "BPM.20R4.B1"     "BPM.21R4.B1"       7772.376818       7825.825334                 1    0.130191394475                 0         0.1323429       16.65430937
    "BPM.21R4.B1"     "BPM.22R4.B1"       7825.825334        7879.27385                 1    0.121538124091                 0        0.12232523       16.78665227
    "BPM.22R4.B1"     "BPM.23R4.B1"        7879.27385       7932.722366                 1    0.142577307524                 0        0.13952391        16.9089775
    "BPM.23R4.B1"     "BPM.24R4.B1"       7932.722366       7986.170882                 1    0.104200608483                 0        0.10576847       17.04850141
    "BPM.24R4.B1"     "BPM.25R4.B1"       7986.170882       8039.619398                 1    0.132571553124                 0        0.13234496       17.15426988
    "BPM.25R4.B1"     "BPM.26R4.B1"       8039.619398       8093.067914                 1    0.123814000896                 0        0.12232364       17.28661484
    "BPM.26R4.B1"     "BPM.27R4.B1"       8093.067914        8146.51643                 1    0.140646974749                 0        0.13952838       17.40893848
    "BPM.27R4.B1"     "BPM.28R4.B1"        8146.51643       8199.964946                 1    0.107173178013                 0        0.10576974       17.54846686
    "BPM.28R4.B1"     "BPM.29R4.B1"       8199.964946       8253.413461                 1    0.130493933288                 0        0.13234081        17.6542366
    "BPM.29R4.B1"     "BPM.30R4.B1"       8253.413461       8306.861977                 1    0.124062545774                 0        0.12232204       17.78657741
    "BPM.30R4.B1"     "BPM.31R4.B1"       8306.861977       8360.310493                 1    0.137768259312                 0        0.13953287       17.90889945
    "BPM.31R4.B1"     "BPM.32R4.B1"       8360.310493       8413.759009                 1    0.107636474745                 0        0.10577099       18.04843232
    "BPM.32R4.B1"     "BPM.33R4.B1"       8413.759009       8467.207525                 1    0.134209348192                 0        0.13233667       18.15420331
    "BPM.33R4.B1"     "BPM.34R4.B1"       8467.207525       8520.656041                 1    0.122543071924                 0        0.12232045       18.28653998
    "BPM.34R4.B1"     "BPM.33L5.B1"       8520.656041       8574.104557                 1    0.138142616675                 0        0.13953735       18.40886043
    "BPM.33L5.B1"     "BPM.32L5.B1"       8574.104557       8627.553073                 1     0.10590534967                 0        0.10577224       18.54839778
    "BPM.32L5.B1"     "BPM.31L5.B1"       8627.553073       8681.001589                 1    0.134537890016                 0        0.13233253       18.65417002
    "BPM.31L5.B1"     "BPM.30L5.B1"       8681.001589       8734.450105                 1    0.118497794154                 0        0.12231885       18.78650255
    "BPM.30L5.B1"     "BPM.29L5.B1"       8734.450105        8787.89862                 1    0.141427711662                 0        0.13954183        18.9088214
    "BPM.29L5.B1"     "BPM.28L5.B1"        8787.89862       8841.347136                 1    0.106765651616                 0        0.10577351       19.04836323
    "BPM.28L5.B1"     "BPM.27L5.B1"       8841.347136       8894.795652                 1    0.133642786471                 0        0.13232838       19.15413674
    "BPM.27L5.B1"     "BPM.26L5.B1"       8894.795652       8948.244168                 1    0.120598065002                 0        0.12231726       19.28646512
    "BPM.26L5.B1"     "BPM.25L5.B1"       8948.244168       9001.692684                 1    0.141662401798                 0        0.13954631       19.40878238
    "BPM.25L5.B1"     "BPM.24L5.B1"       9001.692684         9055.1412                 1    0.106670062799                 0        0.10577476       19.54832869
    "BPM.24L5.B1"     "BPM.23L5.B1"         9055.1412       9108.589716                 1    0.132046552177                 0        0.13232425       19.65410345
    "BPM.23L5.B1"     "BPM.22L5.B1"       9108.589716       9162.038232                 1    0.120825292495                 0        0.12231565        19.7864277
    "BPM.22L5.B1"     "BPM.21L5.B1"       9162.038232       9215.486748                 1    0.139906351834                 0        0.13955079       19.90874335
    "BPM.21L5.B1"     "BPM.20L5.B1"       9215.486748       9268.935264                 1    0.102872930638                 0        0.10577143       20.04829414
    "BPM.20L5.B1"     "BPM.19L5.B1"       9268.935264       9322.383779                 1    0.131780222974                 0         0.1323121       20.15406557
    "BPM.19L5.B1"     "BPM.18L5.B1"       9322.383779       9375.832295                 1    0.120329975088                 0        0.12231311       20.28637767
    "BPM.18L5.B1"     "BPM.17L5.B1"       9375.832295       9429.280811                 1    0.140392305049                 0        0.13955682       20.40869078
    "BPM.17L5.B1"     "BPM.16L5.B1"       9429.280811       9482.729327                 1    0.106121242182                 0        0.10577313        20.5482476
    "BPM.16L5.B1"     "BPM.15L5.B1"       9482.729327       9536.177843                 1    0.128845755368                 0        0.13230654       20.65402073
    "BPM.15L5.B1"     "BPM.14L5.B1"       9536.177843       9589.626359                 1     0.12154515833                 0        0.12231094       20.78632727
    "BPM.14L5.B1"     "BPM.13L5.B1"       9589.626359       9643.074875                 1    0.140070061381                 0        0.13956286       20.90863821
    "BPM.13L5.B1"     "BPM.12L5.B1"       9643.074875       9696.523391                 1    0.100621727134                 0        0.09916121       21.04820107
    "BPM.12L5.B1"     "BPM.11L5.B1"       9696.523391       9749.971907                 1    0.123079121756                 0         0.1226657       21.14736228
    "BPM.11L5.B1"     "BPM.10L5.B1"       9749.971907       9802.752617                 1    0.086705482535                 0         0.0887559       21.27002798
    "BPM.10L5.B1"      "BPM.9L5.B1"       9802.752617       9841.817628                 1    0.065819282285                 0        0.06648533       21.35878388
     "BPM.9L5.B1"      "BPM.8L5.B1"       9841.817628       9882.280639                 1    0.129294741046                 0        0.12857291       21.42526921
     "BPM.8L5.B1"     "BPMR.5L5.B1"       9882.280639       9990.140649                 1    0.690890063289                 0        0.68834242       21.55384212
    "BPMR.5L5.B1"    "BPMYA.4L5.B1"       9990.140649       10017.54665                 1    0.019074848725                 0        0.02057448       22.24218454
   "BPMYA.4L5.B1"    "BPMWB.4L5.B1"       10017.54665       10038.68115                 1    0.007125388486                 0         0.0063433       22.26275902
   "BPMWB.4L5.B1"    "BPMSY.4L5.B1"       10038.68115       10131.46115                 1    0.007201912958                 0        0.00737118       22.26910232
   "BPMSY.4L5.B1"     "BPMS.2L5.B1"       10131.46115       10158.24665                 1    0.001927659874                 0        0.00170478        22.2764735
    "BPMS.2L5.B1"    "BPMSW.1L5.B1"       10158.24665       10168.21165                 1    0.001171408509                 0        0.00110745       22.27817828
   "BPMSW.1L5.B1"    "BPMSW.1R5.B1"       10168.21165       10211.33965                 1    0.493837641688                 0        0.49393255       22.27928573
   "BPMSW.1R5.B1"     "BPMS.2R5.B1"       10211.33965       10221.30465                 1    0.008489537638                 0 0.000857590000003       22.77321828
    "BPMS.2R5.B1"    "BPMSY.4R5.B1"       10221.30465       10248.09015                 1     0.99322512617                 0        0.00117193       22.77407587
   "BPMSY.4R5.B1"    "BPMWB.4R5.B1"       10248.09015       10340.87015                 1    0.009256872277                 0        0.00842243        22.7752478
   "BPMWB.4R5.B1"    "BPMYA.4R5.B1"       10340.87015       10362.00265                 1    0.002595525454                 0        0.00290512       22.78367023
   "BPMYA.4R5.B1"      "BPM.5R5.B1"       10362.00265       10383.12065                 1    0.005110568222                 0        0.00456048       22.78657535
     "BPM.5R5.B1"     "BPMR.6R5.B1"       10383.12065       10415.02065                 1    0.015019700792                 0        0.01625195       22.79113583
    "BPMR.6R5.B1"    "BPM_A.7R5.B1"       10415.02065       10449.03465                 1   0.0964619627714                 0        0.09367413       22.80738778
   "BPM_A.7R5.B1"      "BPM.8R5.B1"       10449.03465       10490.47364                 1    0.207450541593                 0        0.20916798       22.90106191
     "BPM.8R5.B1"      "BPM.9R5.B1"       10490.47364       10529.54063                 1    0.073470487478                 0        0.07410356       23.11022989
     "BPM.9R5.B1"     "BPM.10R5.B1"       10529.54063       10570.00562                 1    0.088471553065                 0        0.08919781       23.18433345
    "BPM.10R5.B1"     "BPM.11R5.B1"       10570.00562       10622.78831                 1    0.106663386624                 0        0.12471334       23.27353126
    "BPM.11R5.B1"     "BPM.12R5.B1"       10622.78831       10677.51479                 1    0.170365367342                 0        0.15062858        23.3982446
    "BPM.12R5.B1"     "BPM.13R5.B1"       10677.51479       10730.96627                 1    0.105632971162                 0        0.10623819       23.54887318
    "BPM.13R5.B1"     "BPM.14R5.B1"       10730.96627       10784.41776                 1    0.132206278292                 0        0.13246129       23.65511137
    "BPM.14R5.B1"     "BPM.15R5.B1"       10784.41776       10837.86924                 1    0.126310197392                 0        0.12236673       23.78757266
    "BPM.15R5.B1"     "BPM.16R5.B1"       10837.86924       10891.32073                 1    0.141064105264                 0        0.13941624       23.90993939
    "BPM.16R5.B1"     "BPM.17R5.B1"       10891.32073       10944.77221                 1    0.102381440447                 0        0.10574474       24.04935563
    "BPM.17R5.B1"     "BPM.18R5.B1"       10944.77221        10998.2237                 1    0.133922479254                 0        0.13245929       24.15510037
    "BPM.18R5.B1"     "BPM.19R5.B1"        10998.2237       11051.67518                 1    0.124547107345                 0        0.12236619       24.28755966
    "BPM.19R5.B1"     "BPM.20R5.B1"       11051.67518       11105.12666                 1     0.14271935998                 0        0.13941781       24.40992585
    "BPM.20R5.B1"     "BPM.21R5.B1"       11105.12666       11158.57815                 1    0.101723859914                 0        0.10574515       24.54934366
    "BPM.21R5.B1"     "BPM.22R5.B1"       11158.57815       11212.02963                 1    0.133632961861                 0        0.13245785       24.65508881
    "BPM.22R5.B1"     "BPM.23R5.B1"       11212.02963       11265.48112                 1    0.127735216182                 0        0.12237105       24.78754666
    "BPM.23R5.B1"     "BPM.24R5.B1"       11265.48112        11318.9326                 1    0.139576706689                 0         0.1394256       24.90991771
    "BPM.24R5.B1"     "BPM.25R5.B1"        11318.9326       11372.38408                 1    0.102359725371                 0         0.1057455       25.04934331
    "BPM.25R5.B1"     "BPM.26R5.B1"       11372.38408       11425.83557                 1    0.132709239885                 0        0.13245785       25.15508881
    "BPM.26R5.B1"     "BPM.27R5.B1"       11425.83557       11479.28705                 1    0.124575194983                 0        0.12237105       25.28754666
    "BPM.27R5.B1"     "BPM.28R5.B1"       11479.28705       11532.73854                 1    0.135322753803                 0         0.1394256       25.40991771
    "BPM.28R5.B1"     "BPM.29R5.B1"       11532.73854       11586.19002                 1    0.103770181438                 0         0.1057455       25.54934331
    "BPM.29R5.B1"     "BPM.30R5.B1"       11586.19002        11639.6415                 1    0.135925515066                 0        0.13245785       25.65508881
    "BPM.30R5.B1"     "BPM.31R5.B1"        11639.6415       11693.09299                 1    0.121675504197                 0        0.12237105       25.78754666
    "BPM.31R5.B1"     "BPM.32R5.B1"       11693.09299       11746.54447                 1    0.137744173329                 0         0.1394256       25.90991771
    "BPM.32R5.B1"     "BPM.33R5.B1"       11746.54447       11799.99596                 1    0.103012402414                 0         0.1057455       26.04934331
    "BPM.33R5.B1"     "BPM.34R5.B1"       11799.99596       11853.44744                 1    0.136344988163                 0        0.13245785       26.15508881
    "BPM.34R5.B1"     "BPM.33L6.B1"       11853.44744       11906.89893                 1    0.124738293624                 0        0.12237105       26.28754666
    "BPM.33L6.B1"     "BPM.32L6.B1"       11906.89893       11960.35041                 1    0.133234937469                 0         0.1394256       26.40991771
    "BPM.32L6.B1"     "BPM.31L6.B1"       11960.35041       12013.80189                 1    0.104561057841                 0         0.1057455       26.54934331
    "BPM.31L6.B1"     "BPM.30L6.B1"       12013.80189       12067.25338                 1    0.134844862039                 0        0.13245785       26.65508881
    "BPM.30L6.B1"     "BPM.29L6.B1"       12067.25338       12120.70486                 1    0.124140986731                 0        0.12237105       26.78754666
    "BPM.29L6.B1"     "BPM.28L6.B1"       12120.70486       12174.15635                 1    0.135147740593                 0         0.1394256       26.90991771
    "BPM.28L6.B1"     "BPM.27L6.B1"       12174.15635       12227.60783                 1    0.103644192515                 0         0.1057455       27.04934331
    "BPM.27L6.B1"     "BPM.26L6.B1"       12227.60783       12281.05931                 1    0.136256938179                 0        0.13245785       27.15508881
    "BPM.26L6.B1"     "BPM.25L6.B1"       12281.05931        12334.5108                 1    0.123456555956                 0        0.12237105       27.28754666
    "BPM.25L6.B1"     "BPM.24L6.B1"        12334.5108       12387.96228                 1    0.135067891115                 0         0.1394256       27.40991771
    "BPM.24L6.B1"     "BPM.23L6.B1"       12387.96228       12441.41377                 1    0.102567118965                 0         0.1057455       27.54934331
    "BPM.23L6.B1"     "BPM.22L6.B1"       12441.41377       12494.86525                 1     0.13578442511                 0        0.13245785       27.65508881
    "BPM.22L6.B1"     "BPM.21L6.B1"       12494.86525       12548.31673                 1    0.124838711412                 0        0.12237105       27.78754666
    "BPM.21L6.B1"     "BPM.20L6.B1"       12548.31673       12601.76822                 1    0.138328560199                 0        0.13942517       27.90991771
    "BPM.20L6.B1"     "BPM.19L6.B1"       12601.76822        12655.2197                 1    0.106932053095                 0        0.10574058       28.04934288
    "BPM.19L6.B1"     "BPM.18L6.B1"        12655.2197       12708.67119                 1    0.135438105395                 0         0.1324502       28.15508346
    "BPM.18L6.B1"     "BPM.17L6.B1"       12708.67119       12762.12267                 1    0.124977214671                 0        0.12237051       28.28753366
    "BPM.17L6.B1"     "BPM.16L6.B1"       12762.12267       12815.57415                 1    0.137652561429                 0        0.13942673       28.40990417
    "BPM.16L6.B1"     "BPM.15L6.B1"       12815.57415       12869.02564                 1    0.097633264777                 0        0.10574101        28.5493309
    "BPM.15L6.B1"     "BPM.14L6.B1"       12869.02564       12922.47712                 1    0.145482801056                 0        0.13244875       28.65507191
    "BPM.14L6.B1"     "BPM.13L6.B1"       12922.47712       12975.92861                 1    0.123857725435                 0        0.12236997       28.78752066
    "BPM.13L6.B1"     "BPM.12L6.B1"       12975.92861       13029.38009                 1    0.135639735343                 0        0.13912818       28.90989063
    "BPM.12L6.B1"     "BPM.11L6.B1"       13029.38009       13082.83158                 1    0.114832529581                 0        0.11782106       29.04901881
    "BPM.11L6.B1"     "BPM.10L6.B1"       13082.83158       13134.67226                 1    0.146619884451                 0         0.1451801       29.16683987
    "BPM.10L6.B1"      "BPM.9L6.B1"       13134.67226       13173.73925                 1    0.124375040967                 0        0.12235248       29.31201997
     "BPM.9L6.B1"      "BPM.8L6.B1"       13173.73925       13214.20424                 1     0.21409852362                 0        0.21919539       29.43437245
     "BPM.8L6.B1"    "BPMYA.5L6.B1"       13214.20424       13311.29423                 1    0.098252277519                 0        0.09753768       29.65356784
   "BPMYA.5L6.B1"    "BPMYB.4L6.B1"       13311.29423       13347.69423                 1    0.019390333081                 0        0.01915679       29.75110552
   "BPMYB.4L6.B1"    "BPMSA.4R6.B1"       13347.69423       13568.51473                 1    0.141525205531                 0        0.14441615       29.77026231
   "BPMSA.4R6.B1"    "BPMYA.4R6.B1"       13568.51473       13691.29423                 1    0.148704059051                 0         0.1464753       29.91467846
   "BPMYA.4R6.B1"    "BPMYB.5R6.B1"       13691.29423       13727.69423                 1   0.0163733852903                 0        0.01695575       30.06115376
   "BPMYB.5R6.B1"     "BPM.11R6.B1"       13727.69423       13954.79389                 1    0.548835715258                 0        0.55264257       30.07810951
    "BPM.11R6.B1"     "BPM.12R6.B1"       13954.79389       14009.52037                 1    0.103324335677                 0        0.10720018       30.63075208
    "BPM.12R6.B1"     "BPM.13R6.B1"       14009.52037       14062.97186                 1    0.144108557299                 0        0.14188145       30.73795226
    "BPM.13R6.B1"     "BPM.14R6.B1"       14062.97186       14116.42334                 1    0.126628597466                 0        0.12441094       30.87983371
    "BPM.14R6.B1"     "BPM.17R6.B1"       14116.42334       14276.77779                 1     0.39933334912                 0        0.39753344       31.00424465
    "BPM.17R6.B1"     "BPM.19R6.B1"       14276.77779       14383.68076                 1    0.254527934651                 0        0.25187916       31.40177809
    "BPM.19R6.B1"     "BPM.20R6.B1"       14383.68076       14437.13225                 1    0.114990683267                 0        0.11466898       31.65365725
    "BPM.20R6.B1"     "BPM.21R6.B1"       14437.13225       14490.58373                 1    0.158395805926                 0        0.15512816       31.76832623
    "BPM.21R6.B1"     "BPM.22R6.B1"       14490.58373       14544.03522                 1    0.119301488654                 0        0.11898418       31.92345439
    "BPM.22R6.B1"     "BPM.23R6.B1"       14544.03522        14597.4867                 1    0.131965614795                 0        0.13018278       32.04243857
    "BPM.23R6.B1"     "BPM.24R6.B1"        14597.4867       14650.93818                 1    0.113661416102                 0        0.11405998       32.17262135
    "BPM.24R6.B1"     "BPM.25R6.B1"       14650.93818       14704.38967                 1     0.14604128544                 0        0.15039801       32.28668133
    "BPM.25R6.B1"     "BPM.26R6.B1"       14704.38967       14757.84115                 1    0.119545447109                 0        0.11754618       32.43707934
    "BPM.26R6.B1"     "BPM.27R6.B1"       14757.84115       14811.29264                 1    0.129723466377                 0        0.12989237       32.55462552
    "BPM.27R6.B1"     "BPM.29R6.B1"       14811.29264        14918.1956                 1    0.263399803879                 0        0.26606263       32.68451789
    "BPM.29R6.B1"     "BPM.30R6.B1"        14918.1956       14971.64709                 1    0.117202337083                 0        0.11610066       32.95058052
    "BPM.30R6.B1"     "BPM.31R6.B1"       14971.64709       15025.09857                 1    0.130933160917                 0        0.12983834       33.06668118
    "BPM.31R6.B1"     "BPM.33R6.B1"       15025.09857       15132.00154                 1    0.265030581584                 0        0.26741886       33.19651952
    "BPM.33R6.B1"     "BPM.34R6.B1"       15132.00154       15185.45302                 1    0.114772084953                 0        0.11468473       33.46393838
    "BPM.34R6.B1"     "BPM.33L7.B1"       15185.45302       15238.90451                 1    0.128391504296                 0        0.13002161       33.57862311
    "BPM.33L7.B1"     "BPM.32L7.B1"       15238.90451       15292.35599                 1      0.1203216136                 0        0.11833352       33.70864472
    "BPM.32L7.B1"     "BPM.31L7.B1"       15292.35599       15345.80748                 1    0.149974403525                 0        0.15015976       33.82697824
    "BPM.31L7.B1"     "BPM.30L7.B1"       15345.80748       15399.25896                 1    0.108191353137                 0        0.11333277         33.977138
    "BPM.30L7.B1"     "BPM.29L7.B1"       15399.25896       15452.71045                 1    0.132429253586                 0        0.13043904       34.09047077
    "BPM.29L7.B1"     "BPM.28L7.B1"       15452.71045       15506.16193                 1    0.115042854938                 0        0.11975067       34.22090981
    "BPM.28L7.B1"     "BPM.27L7.B1"       15506.16193       15559.61341                 1    0.153777139133                 0        0.14950906       34.34066048
    "BPM.27L7.B1"     "BPM.26L7.B1"       15559.61341        15613.0649                 1     0.11298433763                 0        0.11207559       34.49016954
    "BPM.26L7.B1"     "BPM.25L7.B1"        15613.0649       15666.51638                 1    0.131732636003                 0        0.13108331       34.60224513
    "BPM.25L7.B1"     "BPM.24L7.B1"       15666.51638       15719.96787                 1    0.120498292822                 0        0.12109896       34.73332844
    "BPM.24L7.B1"     "BPM.23L7.B1"       15719.96787       15773.41935                 1    0.146110360436                 0        0.14860074        34.8544274
    "BPM.23L7.B1"     "BPM.22L7.B1"       15773.41935       15826.87083                 1    0.113072290058                 0         0.1109401       35.00302814
    "BPM.22L7.B1"     "BPM.21L7.B1"       15826.87083       15880.32232                 1    0.132226770032                 0        0.13194287       35.11396824
    "BPM.21L7.B1"     "BPM.20L7.B1"       15880.32232        15933.7738                 1    0.124931915377                 0          0.126458       35.24591111
    "BPM.20L7.B1"     "BPM.17L7.B1"        15933.7738       16094.12825                 1    0.396585250477                 0        0.39372099       35.37236911
    "BPM.17L7.B1"     "BPM.16L7.B1"       16094.12825       16147.57974                 1    0.130765714955                 0         0.1284802        35.7660901
    "BPM.16L7.B1"     "BPM.15L7.B1"       16147.57974       16201.03122                 1    0.148291039328                 0        0.14779287        35.8945703
    "BPM.15L7.B1"     "BPM.14L7.B1"       16201.03122       16254.48271                 1    0.104073394987                 0        0.10726396       36.04236317
    "BPM.14L7.B1"     "BPM.13L7.B1"       16254.48271       16307.93419                 1    0.141839175997                 0        0.13719493       36.14962713
    "BPM.13L7.B1"     "BPM.12L7.B1"       16307.93419       16361.38567                 1    0.115897085077                 0        0.11714293       36.28682206
    "BPM.12L7.B1"     "BPM.11L7.B1"       16361.38567       16414.83716                 1    0.130315038187                 0         0.1310803       36.40396499
    "BPM.11L7.B1"     "BPM.10L7.B1"       16414.83716       16467.61985                 1    0.087073929148                 0        0.08620031       36.53504529
    "BPM.10L7.B1"      "BPM.9L7.B1"       16467.61985       16506.68684                 1    0.073850359323                 0        0.07387428        36.6212456
     "BPM.9L7.B1"      "BPM.7L7.B1"       16506.68684       16586.21782                 1    0.137072126495                 0        0.13928522       36.69511988
     "BPM.7L7.B1"      "BPM.6L7.B1"       16586.21782       16621.03582                 1   0.0698158501543                 0        0.07136823        36.8344051
     "BPM.6L7.B1"    "BPMWC.6L7.B1"       16621.03582       16633.13832                 1    0.044398765163                 0        0.04459021       36.90577333
   "BPMWC.6L7.B1"    "BPMWE.5L7.B1"       16633.13832       16710.19232                 1    0.108110149317                 0          0.106047       36.95036354
   "BPMWE.5L7.B1"     "BPMW.5L7.B1"       16710.19232       16733.39732                 1   0.0101255124919                 0        0.01081959       37.05641054
    "BPMW.5L7.B1"    "BPMWE.4L7.B1"       16733.39732       16768.48232                 1   0.0321898766299                 0        0.03215925       37.06723013
   "BPMWE.4L7.B1"     "BPMW.4R7.B1"       16768.48232       16912.63432                 1    0.214702931408                 0        0.21424729       37.09938938
    "BPMW.4R7.B1"    "BPMWE.4R7.B1"       16912.63432       16940.73932                 1    0.010569484615                 0         0.0128017       37.31363667
   "BPMWE.4R7.B1"     "BPMW.5R7.B1"       16940.73932       16975.82432                 1    0.039242489101                 0        0.03532237       37.32643837
    "BPMW.5R7.B1"    "BPMWE.5R7.B1"       16975.82432       16999.02932                 1    0.063100616127                 0         0.0664054       37.36176074
   "BPMWE.5R7.B1"     "BPMR.6R7.B1"       16999.02932       17078.24482                 1    0.170159173305                 0        0.17111193       37.42816614
    "BPMR.6R7.B1"    "BPM_A.7R7.B1"       17078.24482       17116.28082                 1    0.052009870426                 0        0.05206266       37.59927807
   "BPM_A.7R7.B1"      "BPM.8R7.B1"       17116.28082       17155.34681                 1    0.078880730768                 0        0.07676608       37.65134073
     "BPM.8R7.B1"      "BPM.9R7.B1"       17155.34681        17194.4138                 1    0.082545150781                 0        0.08049591       37.72810681
     "BPM.9R7.B1"     "BPM.10R7.B1"        17194.4138       17234.87878                 1   0.0911663948776                 0        0.09221566       37.80860272
    "BPM.10R7.B1"     "BPM.11R7.B1"       17234.87878       17287.66147                 1    0.109136598439                 0        0.11392944       37.90081838
    "BPM.11R7.B1"     "BPM.12R7.B1"       17287.66147       17342.38796                 1    0.129345573338                 0        0.12878492       38.01474782
    "BPM.12R7.B1"     "BPM.13R7.B1"       17342.38796       17395.83944                 1    0.112496046464                 0        0.11134612       38.14353274
    "BPM.13R7.B1"     "BPM.14R7.B1"       17395.83944       17449.29093                 1    0.147801642777                 0        0.14769402       38.25487886
    "BPM.14R7.B1"     "BPM.15R7.B1"       17449.29093       17502.74241                 1    0.124919930508                 0        0.12369269       38.40257288
    "BPM.15R7.B1"     "BPM.16R7.B1"       17502.74241       17556.19389                 1    0.135022526064                 0         0.1355135       38.52626557
    "BPM.16R7.B1"     "BPM.17R7.B1"       17556.19389       17609.64538                 1    0.113176265708                 0        0.11281378       38.66177907
    "BPM.17R7.B1"     "BPM.18R7.B1"       17609.64538       17663.09686                 1     0.14940812007                 0        0.14935877       38.77459285
    "BPM.18R7.B1"     "BPM.19R7.B1"       17663.09686       17716.54835                 1    0.120244145707                 0        0.12209455       38.92395162
    "BPM.19R7.B1"     "BPM.20R7.B1"       17716.54835       17769.99983                 1     0.13790267807                 0        0.13426457       39.04604617
    "BPM.20R7.B1"     "BPM.23R7.B1"       17769.99983       17930.35428                 1    0.381155525224                 0        0.38159062       39.18031074
    "BPM.23R7.B1"     "BPM.24R7.B1"       17930.35428       17983.80577                 1    0.129690514615                 0         0.1298344       39.56190136
    "BPM.24R7.B1"     "BPM.25R7.B1"       17983.80577       18037.25725                 1     0.11605216163                 0        0.11631192       39.69173576
    "BPM.25R7.B1"     "BPM.26R7.B1"       18037.25725       18090.70874                 1    0.149477411134                 0        0.15059538       39.80804768
    "BPM.26R7.B1"     "BPM.28R7.B1"       18090.70874        18197.6117                 1    0.245539961812                 0        0.24516678       39.95864306
    "BPM.28R7.B1"     "BPM.29R7.B1"        18197.6117       18251.06319                 1    0.117416848782                 0        0.11775826       40.20380984
    "BPM.29R7.B1"     "BPM.30R7.B1"       18251.06319       18304.51467                 1    0.151464668886                 0        0.15033894        40.3215681
    "BPM.30R7.B1"     "BPM.31R7.B1"       18304.51467       18357.96616                 1    0.112573315225                 0        0.11386259       40.47190704
    "BPM.31R7.B1"     "BPM.32R7.B1"       18357.96616       18411.41764                 1    0.130159218356                 0        0.13024793       40.58576963
    "BPM.32R7.B1"     "BPM.33R7.B1"       18411.41764       18464.86912                 1    0.130234088793                 0        0.11919123       40.71601756
    "BPM.33R7.B1"     "BPM.34R7.B1"       18464.86912       18518.32061                 1     0.13767957112                 0        0.14979751       40.83520879
    "BPM.34R7.B1"     "BPM.33L8.B1"       18518.32061       18571.77209                 1     0.11386918627                 0        0.11256458        40.9850063
    "BPM.33L8.B1"     "BPM.32L8.B1"       18571.77209       18625.22358                 1    0.128822979251                 0        0.13080281       41.09757088
    "BPM.32L8.B1"     "BPM.31L8.B1"       18625.22358       18678.67506                 1    0.122211159296                 0        0.12057133       41.22837369
    "BPM.31L8.B1"     "BPM.30L8.B1"       18678.67506       18732.12654                 1    0.148830733784                 0        0.14898901       41.34894502
    "BPM.30L8.B1"     "BPM.29L8.B1"       18732.12654       18785.57803                 1    0.111174158665                 0        0.11137797       41.49793403
    "BPM.29L8.B1"     "BPM.28L8.B1"       18785.57803       18839.02951                 1    0.130813648645                 0        0.13157804         41.609312
    "BPM.28L8.B1"     "BPM.27L8.B1"       18839.02951         18892.481                 1    0.124975310845                 0        0.12185847       41.74089004
    "BPM.27L8.B1"     "BPM.25L8.B1"         18892.481       18999.38397                 1    0.255655877724                 0        0.25826701       41.86274851
    "BPM.25L8.B1"     "BPM.22L8.B1"       18999.38397       19159.73842                 1    0.403881166777                 0        0.40225619       42.12101552
    "BPM.22L8.B1"     "BPM.21L8.B1"       19159.73842        19213.1899                 1    0.106387803391                 0        0.10943277       42.52327171
    "BPM.21L8.B1"     "BPM.20L8.B1"        19213.1899       19266.64139                 1    0.134843047954                 0        0.13302605       42.63270448
    "BPM.20L8.B1"     "BPM.19L8.B1"       19266.64139       19320.09287                 1    0.128781247377                 0        0.12749786       42.76573053
    "BPM.19L8.B1"     "BPM.18L8.B1"       19320.09287       19373.54435                 1    0.152563525946                 0        0.14942873       42.89322839
    "BPM.18L8.B1"     "BPM.15L8.B1"       19373.54435       19533.89881                 1    0.372175751699                 0        0.37271793       43.04265712
    "BPM.15L8.B1"     "BPM.14L8.B1"       19533.89881       19587.35029                 1    0.147195686029                 0        0.14618296       43.41537505
    "BPM.14L8.B1"     "BPM.13L8.B1"       19587.35029       19640.80177                 1    0.103771970086                 0        0.10687621       43.56155801
    "BPM.13L8.B1"     "BPM.12L8.B1"       19640.80177       19694.25326                 1    0.140251952596                 0        0.13862652       43.66843422
    "BPM.12L8.B1"     "BPM.11L8.B1"       19694.25326       19747.70474                 1    0.122278829028                 0        0.12184588       43.80706074
    "BPM.11L8.B1"     "BPM.10L8.B1"       19747.70474       19799.54543                 1    0.133443873582                 0         0.1333263       43.92890662
    "BPM.10L8.B1"      "BPM.9L8.B1"       19799.54543       19838.61242                 1   0.0600015152171                 0         0.0612469       44.06223292
     "BPM.9L8.B1"      "BPM.8L8.B1"       19838.61242       19879.07741                 1    0.084225829309                 0        0.08487702       44.12347982
     "BPM.8L8.B1"      "BPM.7L8.B1"       19879.07741        19918.1454                 1    0.101071427047                 0        0.09873753       44.20835684
     "BPM.7L8.B1"     "BPMR.6L8.B1"        19918.1454        19950.6144                 1    0.143107497067                 0        0.14463116       44.30709437
    "BPMR.6L8.B1"      "BPM.5L8.B1"        19950.6144        20011.0334                 1    0.269750863038                 0        0.27284032       44.45172553
     "BPM.5L8.B1"    "BPMYB.4L8.B1"        20011.0334        20031.8004                 1    0.027782016207                 0        0.02736468       44.72456585
   "BPMYB.4L8.B1"    "BPMWB.4L8.B1"        20031.8004        20056.1919                 1    0.013787655249                 0        0.01445297       44.75193053
   "BPMWB.4L8.B1"    "BPMSX.4L8.B1"        20056.1919        20106.4249                 1    0.028811793426                 0        0.02682004        44.7663835
   "BPMSX.4L8.B1"     "BPMS.2L8.B1"        20106.4249        20144.3364                 1    0.015449642369                 0        0.01424133       44.79320354
    "BPMS.2L8.B1"    "BPMSW.1L8.B1"        20144.3364        20154.2704                 1    0.006318320556                 0         0.0065171       44.80744487
   "BPMSW.1L8.B1"    "BPMSW.1R8.B1"        20154.2704        20197.4604                 1    0.452800366126                 0        0.45423087       44.81396197
   "BPMSW.1R8.B1"     "BPMS.2R8.B1"        20197.4604        20207.3944                 1    0.006317378837                 0        0.00812715       45.26819284
    "BPMS.2R8.B1"    "BPMWB.4R8.B1"        20207.3944        20295.4629                 1    0.043855312023                 0        0.03950892       45.27631999
   "BPMWB.4R8.B1"    "BPMYB.4R8.B1"        20295.4629        20319.9304                 1    0.024639520441                 0        0.02448707       45.31582891
   "BPMYB.4R8.B1"    "BPMYB.5R8.B1"        20319.9304        20340.5074                 1    0.021033912025                 0        0.02095034       45.34031598
   "BPMYB.5R8.B1"      "BPM.6R8.B1"        20340.5074        20424.6154                 1     0.23636782709                 0        0.24173943       45.36126632
     "BPM.6R8.B1"    "BPM_A.7R8.B1"        20424.6154        20446.8554                 1    0.040307400328                 0        0.03982861       45.60300575
   "BPM_A.7R8.B1"     "BPM.10R8.B1"        20446.8554       20567.82043                 1    0.453847569215                 0        0.44994021       45.64283436
    "BPM.10R8.B1"     "BPM.11R8.B1"       20567.82043       20619.65914                 1    0.150398204299                 0          0.152117       46.09277457
    "BPM.11R8.B1"     "BPM.12R8.B1"       20619.65914       20674.38266                 1    0.104145774128                 0        0.10130469       46.24489157
    "BPM.12R8.B1"     "BPM.13R8.B1"       20674.38266       20727.83117                 1    0.123361705547                 0        0.12395606       46.34619626
    "BPM.13R8.B1"     "BPM.14R8.B1"       20727.83117       20781.27969                 1     0.11221912345                 0         0.1116361       46.47015232
    "BPM.14R8.B1"     "BPM.15R8.B1"       20781.27969       20834.72821                 1    0.231830070907                 0        0.12647007       46.58178842
    "BPM.15R8.B1"     "BPM.16R8.B1"       20834.72821       20888.17672                 1     0.00770023714                 0         0.1155127       46.70825849
    "BPM.16R8.B1"     "BPM.17R8.B1"       20888.17672       20941.62524                 1     0.14254675419                 0         0.1463299       46.82377119
    "BPM.17R8.B1"     "BPM.18R8.B1"       20941.62524       20995.07375                 1    0.112419278116                 0        0.11164203       46.97010109
    "BPM.18R8.B1"     "BPM.19R8.B1"       20995.07375       21048.52227                 1    0.124858862364                 0        0.12646884       47.08174312
    "BPM.19R8.B1"     "BPM.22R8.B1"       21048.52227       21208.86782                 1     0.47494458253                 0        0.37348584       47.20821196
    "BPM.22R8.B1"     "BPM.23R8.B1"       21208.86782       21262.31633                 1    0.020642529143                 0        0.12646806        47.5816978
    "BPM.23R8.B1"     "BPM.24R8.B1"       21262.31633       21315.76485                 1    0.114790679276                 0        0.11550766       47.70816586
    "BPM.24R8.B1"     "BPM.25R8.B1"       21315.76485       21369.21337                 1    0.147206760265                 0        0.14633972       47.82367352
    "BPM.25R8.B1"     "BPM.26R8.B1"       21369.21337       21422.66188                 1    0.111953012552                 0        0.11165093       47.97001324
    "BPM.26R8.B1"     "BPM.27R8.B1"       21422.66188        21476.1104                 1    0.127626124648                 0        0.12646715       48.08166417
    "BPM.27R8.B1"     "BPM.29R8.B1"        21476.1104       21583.00743                 1    0.261562592145                 0        0.26184448       48.20813132
    "BPM.29R8.B1"     "BPM.30R8.B1"       21583.00743       21636.45594                 1    0.110420366667                 0        0.11165473        48.4699758
    "BPM.30R8.B1"     "BPM.31R8.B1"       21636.45594       21689.90446                 1    0.130007657494                 0        0.12646625       48.58163053
    "BPM.31R8.B1"     "BPM.32R8.B1"       21689.90446       21743.35298                 1    0.112975424191                 0        0.11549964       48.70809678
    "BPM.32R8.B1"     "BPM.33R8.B1"       21743.35298       21796.80149                 1    0.147764375523                 0        0.14634195       48.82359642
    "BPM.33R8.B1"     "BPM.34R8.B1"       21796.80149       21850.25001                 1    0.111843246464                 0        0.11165852       48.96993837
    "BPM.34R8.B1"     "BPM.33L1.B1"       21850.25001       21903.69852                 1    0.127627470252                 0        0.12646535       49.08159689
    "BPM.33L1.B1"     "BPM.32L1.B1"       21903.69852       21957.14704                 1    0.116590416941                 0        0.11549563       49.20806224
    "BPM.32L1.B1"     "BPM.31L1.B1"       21957.14704       22010.59556                 1    0.145519210114                 0        0.14634307       49.32355787
    "BPM.31L1.B1"     "BPM.30L1.B1"       22010.59556       22064.04407                 1     0.11370342763                 0        0.11166231       49.46990094
    "BPM.30L1.B1"     "BPM.29L1.B1"       22064.04407       22117.49259                 1    0.126036717525                 0        0.12646445       49.58156325
    "BPM.29L1.B1"     "BPM.28L1.B1"       22117.49259        22170.9411                 1    0.112348329834                 0        0.11549162        49.7080277
    "BPM.28L1.B1"     "BPM.27L1.B1"        22170.9411       22224.38962                 1    0.148458510338                 0        0.14634418       49.82351932
    "BPM.27L1.B1"     "BPM.26L1.B1"       22224.38962       22277.83814                 1    0.113390290353                 0        0.11166611        49.9698635
    "BPM.26L1.B1"     "BPM.25L1.B1"       22277.83814       22331.28665                 1    0.123315252188                 0        0.12646356       50.08152961
    "BPM.25L1.B1"     "BPM.24L1.B1"       22331.28665       22384.73517                 1    0.115492877804                 0         0.1154876       50.20799317
    "BPM.24L1.B1"     "BPM.23L1.B1"       22384.73517       22438.18368                 1    0.148173948992                 0        0.14634529       50.32348077
    "BPM.23L1.B1"     "BPM.22L1.B1"       22438.18368        22491.6322                 1    0.112345638931                 0        0.11166991       50.46982606
    "BPM.22L1.B1"     "BPM.21L1.B1"        22491.6322       22545.08071                 1    0.125200570039                 0        0.12646266       50.58149597
    "BPM.21L1.B1"     "BPM.20L1.B1"       22545.08071       22598.52923                 1    0.112951869993                 0        0.11547827       50.70795863
    "BPM.20L1.B1"     "BPM.19L1.B1"       22598.52923       22651.97775                 1    0.146510456515                 0        0.14633957        50.8234369
    "BPM.19L1.B1"     "BPM.18L1.B1"       22651.97775       22705.42626                 1    0.114344414049                 0        0.11167494       50.96977647
    "BPM.18L1.B1"     "BPM.17L1.B1"       22705.42626       22758.87478                 1    0.123206483902                 0        0.12646148       51.08145141
    "BPM.17L1.B1"     "BPM.16L1.B1"       22758.87478       22812.32329                 1    0.110086224416                 0        0.11547296       51.20791289
    "BPM.16L1.B1"     "BPM.15L1.B1"       22812.32329       22865.77181                 1    0.148429528019                 0        0.14634104       51.32338585
    "BPM.15L1.B1"     "BPM.14L1.B1"       22865.77181       22919.22033                 1    0.112937504205                 0        0.11167996       51.46972689
    "BPM.14L1.B1"     "BPM.13L1.B1"       22919.22033       22972.66884                 1    0.124685950939                 0        0.12646031       51.58140685
    "BPM.13L1.B1"     "BPM.12L1.B1"       22972.66884       23026.11736                 1    0.107983348243                 0         0.1078196       51.70786716
    "BPM.12L1.B1"     "BPM.11L1.B1"       23026.11736       23079.56587                 1    0.138130913786                 0        0.13747943       51.81568676
    "BPM.11L1.B1"     "BPM.10L1.B1"       23079.56587       23132.34658                 1   0.0855481711661                 0        0.08471095       51.95316619
    "BPM.10L1.B1"      "BPM.9L1.B1"       23132.34658        23171.4116                 1   0.0581794922739                 0         0.0578581       52.03787714
     "BPM.9L1.B1"     "BPMR.7L1.B1"        23171.4116       23250.94062                 1    0.400842898226                 0        0.39558671       52.09573524
    "BPMR.7L1.B1"    "BPMYA.4L1.B1"       23250.94062       23347.14262                 1      0.4534276003                 0        0.45429515       52.49132195
   "BPMYA.4L1.B1"    "BPMWB.4L1.B1"       23347.14262       23368.27512                 1    0.006778654933                 0        0.00659329        52.9456171
   "BPMWB.4L1.B1"    "BPMSY.4L1.B1"       23368.27512       23461.05512                 1   0.0086191957532                 0        0.00756555       52.95221039
   "BPMSY.4L1.B1"     "BPMS.2L1.B1"       23461.05512       23487.84062                 1   0.0006480274856                 0        0.00173489       52.95977594
    "BPMS.2L1.B1"    "BPMSW.1L1.B1"       23487.84062       23497.79062                 1   0.0021623255974                 0        0.00112188       52.96151083
   "BPMSW.1L1.B1"    "BPMSW.1R1.B1"       23497.79062       23540.93362                 1    0.493738327762                 0        0.49381505       52.96263271
   "BPMSW.1R1.B1"     "BPMS.2R1.B1"       23540.93362       23550.89862                 1     0.00061802285                 0 0.000878789999994       53.45644776
    "BPMS.2R1.B1"    "BPMSY.4R1.B1"       23550.89862       23577.68412                 1    0.001129682242                 0         0.0011986       53.45732655
   "BPMSY.4R1.B1"    "BPMWB.4R1.B1"       23577.68412       23670.46412                 1     0.00878436738                 0        0.00853692       53.45852515
   "BPMWB.4R1.B1"    "BPMYA.4R1.B1"       23670.46412       23691.59662                 1    0.002545232805                 0        0.00291336       53.46706207
   "BPMYA.4R1.B1"      "BPM.5R1.B1"       23691.59662       23719.00462                 1    0.005500589655                 0         0.0066018       53.46997543
     "BPM.5R1.B1"     "BPMR.6R1.B1"       23719.00462       23750.90462                 1    0.019417013313                 0        0.01963895       53.47657723
    "BPMR.6R1.B1"    "BPMSX.7R1.B1"       23750.90462       23757.12012                 1    0.010917005611                 0  0.00773073000001       53.49621618
   "BPMSX.7R1.B1"    "BPM_A.7R1.B1"       23757.12012       23778.62862                 1    0.078267452517                 0        0.07092309       53.50394691
   "BPM_A.7R1.B1"      "BPM.8R1.B1"       23778.62862       23820.06761                 1    0.200241405499                 0        0.19861455          53.57487
     "BPM.8R1.B1"      "BPM.9R1.B1"       23820.06761        23859.1346                 1    0.082443986463                 0         0.0850565       53.77348455
     "BPM.9R1.B1"     "BPM.10R1.B1"        23859.1346       23899.59958                 1   0.0931387710883                 0        0.09822759       53.85854105
    "BPM.10R1.B1"     "BPM.11R1.B1"       23899.59958       23952.38227                 1    0.112537711085                 0        0.11566676       53.95676864
    "BPM.11R1.B1"     "BPM.12R1.B1"       23952.38227       24007.10876                 1    0.137769869472                 0        0.13610392        54.0724354
    "BPM.12R1.B1"     "BPM.13R1.B1"       24007.10876       24060.56024                 1    0.120856853914                 0        0.11611067       54.20853932
    "BPM.13R1.B1"     "BPM.14R1.B1"       24060.56024       24114.01173                 1    0.142743271795                 0        0.14632193       54.32464999
    "BPM.14R1.B1"     "BPM.15R1.B1"       24114.01173       24167.46321                 1    0.113784950835                 0        0.11155647       54.47097192
    "BPM.15R1.B1"     "BPM.16R1.B1"       24167.46321       24220.91469                 1    0.125769493842                 0        0.12649395       54.58252839
    "BPM.16R1.B1"     "BPM.17R1.B1"       24220.91469       24274.36618                 1     0.11740240313                 0        0.11561491       54.70902234
    "BPM.17R1.B1"     "BPM.18R1.B1"       24274.36618       24327.81766                 1    0.143546116857                 0        0.14632169       54.82463725
    "BPM.18R1.B1"     "BPM.19R1.B1"       24327.81766       24381.26915                 1     0.11254107616                 0        0.11155779       54.97095894
    "BPM.19R1.B1"     "BPM.20R1.B1"       24381.26915       24434.72063                 1    0.129937145878                 0        0.12649361       55.08251673
    "BPM.20R1.B1"     "BPM.21R1.B1"       24434.72063       24488.17211                 1    0.115663806179                 0        0.11561352       55.20901034
    "BPM.21R1.B1"     "BPM.22R1.B1"       24488.17211        24541.6236                 1    0.145313978323                 0         0.1463221       55.32462386
    "BPM.22R1.B1"     "BPM.23R1.B1"        24541.6236       24595.07508                 1     0.10954982035                 0        0.11156374       55.47094596
    "BPM.23R1.B1"     "BPM.24R1.B1"       24595.07508       24648.52657                 1    0.127059844716                 0        0.12650029        55.5825097
    "BPM.24R1.B1"     "BPM.25R1.B1"       24648.52657       24701.97805                 1    0.117394391681                 0        0.11561387       55.70900999
    "BPM.25R1.B1"     "BPM.26R1.B1"       24701.97805       24755.42954                 1    0.143503136726                 0         0.1463221       55.82462386
    "BPM.26R1.B1"     "BPM.27R1.B1"       24755.42954       24808.88102                 1    0.112351210545                 0        0.11156374       55.97094596
    "BPM.27R1.B1"     "BPM.28R1.B1"       24808.88102        24862.3325                 1    0.126767050654                 0        0.12650029        56.0825097
    "BPM.28R1.B1"     "BPM.29R1.B1"        24862.3325       24915.78399                 1     0.11620086619                 0        0.11561387       56.20900999
    "BPM.29R1.B1"     "BPM.30R1.B1"       24915.78399       24969.23547                 1    0.143927813596                 0         0.1463221       56.32462386
    "BPM.30R1.B1"     "BPM.31R1.B1"       24969.23547       25022.68696                 1    0.115046715461                 0        0.11156374       56.47094596
    "BPM.31R1.B1"     "BPM.34R1.B1"       25022.68696       25183.04141                 1    0.386888139384                 0        0.38843626        56.5825097
    "BPM.34R1.B1"     "BPM.33L2.B1"       25183.04141       25236.49289                 1    0.110704720597                 0        0.11156374       56.97094596
    "BPM.33L2.B1"     "BPM.32L2.B1"       25236.49289       25289.94438                 1    0.125717850815                 0        0.12650029        57.0825097
    "BPM.32L2.B1"     "BPM.31L2.B1"       25289.94438       25343.39586                 1    0.117516915982                 0        0.11561387       57.20900999
    "BPM.31L2.B1"     "BPM.30L2.B1"       25343.39586       25396.84734                 1    0.148172024601                 0         0.1463221       57.32462386
    "BPM.30L2.B1"     "BPM.29L2.B1"       25396.84734       25450.29883                 1    0.106704112858                 0        0.11156374       57.47094596
    "BPM.29L2.B1"     "BPM.28L2.B1"       25450.29883       25503.75031                 1    0.129913392352                 0        0.12650029        57.5825097
    "BPM.28L2.B1"     "BPM.27L2.B1"       25503.75031        25557.2018                 1    0.114996918861                 0        0.11561387       57.70900999
    "BPM.27L2.B1"     "BPM.26L2.B1"        25557.2018       25610.65328                 1     0.14874124382                 0         0.1463221       57.82462386
    "BPM.26L2.B1"     "BPM.25L2.B1"       25610.65328       25664.10477                 1    0.108225103872                 0        0.11156374       57.97094596
    "BPM.25L2.B1"     "BPM.24L2.B1"       25664.10477       25717.55625                 1    0.127773941422                 0        0.12650029        58.0825097
    "BPM.24L2.B1"     "BPM.23L2.B1"       25717.55625       25771.00773                 1    0.117127066736                 0        0.11561387       58.20900999
    "BPM.23L2.B1"     "BPM.22L2.B1"       25771.00773       25824.45922                 1    0.145893934631                 0         0.1463221       58.32462386
    "BPM.22L2.B1"     "BPM.21L2.B1"       25824.45922        25877.9107                 1    0.111305127776                 0        0.11156374       58.47094596
    "BPM.21L2.B1"     "BPM.20L2.B1"        25877.9107       25931.36219                 1    0.124498809742                 0        0.12649986        58.5825097
    "BPM.20L2.B1"     "BPM.17L2.B1"       25931.36219       26091.71664                 1    0.377346118793                 0        0.37348848       58.70900956
    "BPM.17L2.B1"     "BPM.16L2.B1"       26091.71664       26145.16812                 1     0.12339545247                 0        0.12649953       59.08249804
    "BPM.16L2.B1"     "BPM.15L2.B1"       26145.16812       26198.61961                 1    0.116882080899                 0        0.11560671       59.20899757
    "BPM.15L2.B1"     "BPM.14L2.B1"       26198.61961       26252.07109                 1    0.148407103785                 0        0.14631573       59.32460428
    "BPM.14L2.B1"     "BPM.13L2.B1"       26252.07109       26305.52257                 1    0.110381750447                 0        0.11156636       59.47092001
    "BPM.13L2.B1"     "BPM.12L2.B1"       26305.52257       26358.97406                 1    0.124315321166                 0        0.12553368       59.58248637
    "BPM.12L2.B1"     "BPM.11L2.B1"       26358.97406       26412.42554                 1    0.119155203626                 0        0.12067236       59.70802005
    "BPM.11L2.B1"     "BPM.10L2.B1"       26412.42554       26464.26623                 1    0.151369128831                 0        0.15019636       59.82869241
    "BPM.10L2.B1"      "BPM.9L2.B1"       26464.26623       26503.33322                 1   0.0701492224554                 0        0.06924028       59.97888877
     "BPM.9L2.B1"      "BPM.8L2.B1"       26503.33322       26543.79821                 1    0.106080015158                 0        0.10260174       60.04812905
     "BPM.8L2.B1"      "BPM.7L2.B1"       26543.79821        26582.8662                 1    0.067505223745                 0        0.06494788       60.15073079
     "BPM.7L2.B1"     "BPMR.6L2.B1"        26582.8662        26614.9722                 1    0.044991753267                 0        0.04654273       60.21567867
    "BPMR.6L2.B1"    "BPMYB.5L2.B1"        26614.9722            28.288                 1    0.187809797359                 0      0.1947520494        60.2622214