@ GetLLMVersion %s "V3.0.0 Dev"
@ Command %s "/afs/cern.ch/work/o/omc/anaconda/bin/python '/afs/cern.ch/work/e/efol/public/Beta-Beat.src/GetLLM/GetLLM.py' '--accel=LHCB1' '--model=/afs/cern.ch/work/e/efol/public/betabeatGui/temp/2017-12-20/models/LHCB1/Multiturn-model_40cm_2041/twiss.dat' '--files=/afs/cern.ch/work/e/efol/public/betabeatGui/temp/2017-12-20/LHCB1/Measurements/Beam1@Turn@2017_09_11@19_02_33_250/Beam1@Turn@2017_09_11@19_02_33_250.sdds' '--output=/afs/cern.ch/work/e/efol/public/betabeatGui/temp/2017-12-20/LHCB1/Results/40cm_cleaned' '--tbtana=SUSSIX' '--bpmu=mm' '--lhcphase=1' '--errordefs=/afs/cern.ch/work/e/efol/public/betabeatGui/temp/2017-12-20/models/LHCB1/Multiturn-model_40cm_2041/error_deff.txt'"
@ CWD %s "/home/efol/Workspaces/Accsoft-Eclipse-Pro/lhc-app-beta-beating"
@ Date %s "20. December 2017, 16:40:59"
@ Q1 %le 0.299853389971
@ MUX %le 0.0
@ Q2 %le 0.331421650825
@ MUY %le 0.0
@ FILES %s "/afs/cern.ch/work/e/efol/public/betabeatGui/temp/2017-12-20/LHCB1/Measurements/Beam1@Turn@2017_09_11@19_02_33_250/Beam1@Turn@2017_09_11@19_02_33_250.sdds.liny"
*            NAME             NAME2                 S                S1             COUNT            PHASEY            STDPHY            PHYMDL            MUYMDL
$              %s                %s               %le               %le               %le               %le               %le               %le               %le
   "BPMYB.5L2.B1"    "BPMYB.5L2.B1"            28.288            28.288                 1               0.0                 0               0.0      0.1253734494
   "BPMYB.4L2.B1"    "BPMYB.5L2.B1"            48.858            28.288                 1    0.058345188721                 0      0.0545739343      0.1799473837
   "BPMWI.4L2.B1"    "BPMYB.5L2.B1"           73.3255            28.288                 1    0.089760576586                 0      0.0887198759      0.2140933253
   "BPMSX.4L2.B1"    "BPMYB.5L2.B1"          123.4825            28.288                 1    0.169849904674                 0      0.1647299921      0.2901034415
    "BPMS.2L2.B1"    "BPMYB.5L2.B1"           161.394            28.288                 1    0.207127373756                 0      0.2048110753      0.3301845247
   "BPMSW.1L2.B1"    "BPMYB.5L2.B1"           171.328            28.288                 1    0.222439393341                 0      0.2215057332      0.3468791826
   "BPMSW.1R2.B1"    "BPMYB.5L2.B1"           214.518            28.288                 1    0.592437775717                 0        0.59331152      0.7186849694
    "BPMS.2R2.B1"    "BPMYB.5L2.B1"           224.452            28.288                 1    0.618177898483                 0      0.6154997136       0.740873163
   "BPMSX.4R2.B1"    "BPMYB.5L2.B1"          262.3635            28.288                 1    0.663980396707                 0      0.6622130271      0.7875864765
   "BPMWB.4R2.B1"    "BPMYB.5L2.B1"          312.5965            28.288                 1     0.72892434787                 0      0.7261845327      0.8515579821
   "BPMYB.4R2.B1"    "BPMYB.5L2.B1"           336.988            28.288                 1     0.78145177352                 0      0.7751665754      0.9005400248
    "BPMR.5R2.B1"    "BPMYB.5L2.B1"           366.522            28.288                 1    0.814543395081                 0      0.8099019845      0.9352754339
     "BPM.6R2.B1"    "BPMYB.5L2.B1"           439.818            28.288                 1   0.0871509443963                 0      0.0868741466       1.212247596
   "BPM_A.7R2.B1"    "BPMYB.5L2.B1"           452.693            28.288                 1    0.119698281604                 0      0.1166086636       1.241982113
     "BPM.8R2.B1"    "BPMYB.5L2.B1"       494.1300106            28.288                 1    0.204808019563                 0      0.2037134836       1.329086933
     "BPM.9R2.B1"    "BPMYB.5L2.B1"       533.1950212            28.288                 1    0.308593891318                 0      0.3051869016       1.430560351
    "BPM.10R2.B1"    "BPMYB.5L2.B1"       573.6580318            28.288                 1    0.427743608275                 0      0.4236292356       1.549002685
    "BPM.11R2.B1"    "BPMYB.5L2.B1"       625.4967424            28.288                 1    0.608367457662                 0      0.6012886566       1.726662106
    "BPM.14R2.B1"    "BPMYB.5L2.B1"       787.1172901            28.288                 1    0.979932158145                 0      0.9749135966       2.100287046
    "BPM.15R2.B1"    "BPMYB.5L2.B1"        840.565806            28.288                 1    0.113010740636                 0      0.1074871796       2.232860629
    "BPM.16R2.B1"    "BPMYB.5L2.B1"       894.0143219            28.288                 1    0.212362346666                 0      0.2067098766       2.332083326
    "BPM.17R2.B1"    "BPMYB.5L2.B1"       947.4628378            28.288                 1    0.334332129046                 0      0.3319917336       2.457365183
    "BPM.18R2.B1"    "BPMYB.5L2.B1"       1000.911354            28.288                 1    0.453125058334                 0      0.4517962406        2.57716969
    "BPM.19R2.B1"    "BPMYB.5L2.B1"        1054.35987            28.288                 1    0.590389910908                 0      0.5876464376       2.713019887
    "BPM.20R2.B1"    "BPMYB.5L2.B1"       1107.808386            28.288                 1    0.688101098616                 0      0.6878961396       2.813269589
    "BPM.21R2.B1"    "BPMYB.5L2.B1"       1161.256901            28.288                 1     0.80985659344                 0      0.8104488216       2.935822271
    "BPM.22R2.B1"    "BPMYB.5L2.B1"       1214.705417            28.288                 1    0.926082381517                 0      0.9284883646       3.053861814
    "BPM.23R2.B1"    "BPMYB.5L2.B1"       1268.153933            28.288                 1   0.0684189304923                 0      0.0665889776       3.191962427
    "BPM.24R2.B1"    "BPMYB.5L2.B1"       1321.602449            28.288                 1      0.1711342426                 0      0.1709210196       3.296294469
    "BPM.25R2.B1"    "BPMYB.5L2.B1"       1375.050965            28.288                 1    0.296811055243                 0      0.2962240686       3.421597518
    "BPM.26R2.B1"    "BPMYB.5L2.B1"       1428.499481            28.288                 1    0.416589652396                 0      0.4131750166       3.538548466
    "BPM.27R2.B1"    "BPMYB.5L2.B1"       1481.947997            28.288                 1    0.554946195773                 0      0.5526653306        3.67803878
    "BPM.28R2.B1"    "BPMYB.5L2.B1"       1535.396513            28.288                 1    0.660465744552                 0      0.6579881186       3.783361568
    "BPM.29R2.B1"    "BPMYB.5L2.B1"       1588.845029            28.288                 1    0.782599620178                 0      0.7822107746       3.907584224
    "BPM.30R2.B1"    "BPMYB.5L2.B1"       1642.293545            28.288                 1    0.897275333321                 0      0.8978852896       4.023258739
    "BPM.31R2.B1"    "BPMYB.5L2.B1"        1695.74206            28.288                 1   0.0401740224703                 0      0.0385323736       4.163905823
    "BPM.32R2.B1"    "BPMYB.5L2.B1"       1749.190576            28.288                 1    0.147895405488                 0      0.1450226696       4.270396119
    "BPM.33R2.B1"    "BPMYB.5L2.B1"       1802.639092            28.288                 1    0.269022844931                 0      0.2684023956       4.393775845
    "BPM.33L3.B1"    "BPMYB.5L2.B1"       1909.536124            28.288                 1    0.523681053402                 0      0.5241873806        4.64956083
    "BPM.32L3.B1"    "BPMYB.5L2.B1"        1962.98464            28.288                 1    0.635325577248                 0      0.6319938576       4.757367307
    "BPM.31L3.B1"    "BPMYB.5L2.B1"       2016.433156            28.288                 1    0.758819289337                 0      0.7547867096       4.880160159
    "BPM.30L3.B1"    "BPMYB.5L2.B1"       2069.881672            28.288                 1    0.868126495605                 0      0.8675448666       4.992918316
    "BPM.29L3.B1"    "BPMYB.5L2.B1"       2123.330188            28.288                 1   0.0106107855343                 0      0.0096345736       5.135008023
    "BPM.26L3.B1"    "BPMYB.5L2.B1"       2283.675735            28.288                 1    0.357066220533                 0      0.3525686616       5.477942111
    "BPM.25L3.B1"    "BPMYB.5L2.B1"       2337.124251            28.288                 1     0.49764232494                 0      0.4948855786       5.620259028
    "BPM.24L3.B1"    "BPMYB.5L2.B1"       2390.572767            28.288                 1    0.610576371665                 0      0.6056290256       5.731002475
    "BPM.23L3.B1"    "BPMYB.5L2.B1"       2444.021283            28.288                 1     0.73562056386                 0      0.7280603606        5.85343381
    "BPM.22L3.B1"    "BPMYB.5L2.B1"       2497.469799            28.288                 1    0.843884893745                 0      0.8377619806        5.96313543
    "BPM.21L3.B1"    "BPMYB.5L2.B1"       2550.918315            28.288                 1    0.985205820694                 0      0.9799595596       6.105333009
    "BPM.20L3.B1"    "BPMYB.5L2.B1"       2604.366831            28.288                 1   0.0932095973223                 0      0.0891089946       6.214482444
    "BPM.19L3.B1"    "BPMYB.5L2.B1"       2657.815347            28.288                 1    0.215820770501                 0      0.2079609736       6.333334423
    "BPM.18L3.B1"    "BPMYB.5L2.B1"       2711.263863            28.288                 1    0.321382235523                 0      0.3155585526       6.440932002
    "BPM.17L3.B1"    "BPMYB.5L2.B1"       2764.712379            28.288                 1    0.463060311285                 0      0.4574854866       6.582858936
    "BPM.16L3.B1"    "BPMYB.5L2.B1"       2818.160894            28.288                 1    0.573396472606                 0      0.5693227376       6.694696187
    "BPM.14L3.B1"    "BPMYB.5L2.B1"       2925.057926            28.288                 1     0.79927302897                 0      0.7938749626       6.919248412
    "BPM.13L3.B1"    "BPMYB.5L2.B1"       2978.506442            28.288                 1    0.936434551151                 0      0.9346416426       7.060015092
    "BPM.12L3.B1"    "BPMYB.5L2.B1"       3031.954958            28.288                 1   0.0554213605313                 0      0.0547104866       7.180083936
    "BPM.11L3.B1"    "BPMYB.5L2.B1"       3085.403474            28.288                 1     0.18336889563                 0      0.1793327656       7.304706215
    "BPM.10L3.B1"    "BPMYB.5L2.B1"       3138.184185            28.288                 1    0.287580720571                 0      0.2811880716       7.406561521
     "BPM.9L3.B1"    "BPMYB.5L2.B1"       3177.249195            28.288                 1    0.407497081156                 0      0.4040524886       7.529425938
     "BPM.8L3.B1"    "BPMYB.5L2.B1"       3217.712206            28.288                 1    0.582987649575                 0      0.5783012946       7.703674744
     "BPM.7L3.B1"    "BPMYB.5L2.B1"       3256.776216            28.288                 1    0.744044059846                 0      0.7399105936       7.865284043
     "BPM.6L3.B1"    "BPMYB.5L2.B1"       3329.415216            28.288                 1    0.862483302475                 0      0.8599609876       7.985334437
  "BPMWG.A5L3.B1"    "BPMYB.5L2.B1"       3371.119716            28.288                 1    0.912254225458                 0      0.9104090216       8.035782471
    "BPMW.5L3.B1"    "BPMYB.5L2.B1"       3400.089716            28.288                 1    0.929402327604                 0      0.9273861016       8.052759551
   "BPMWE.4L3.B1"    "BPMYB.5L2.B1"       3475.217716            28.288                 1   0.0109824055803                 0      0.0061019846       8.131475434
    "BPMW.4L3.B1"    "BPMYB.5L2.B1"       3502.762716            28.288                 1   0.0534970307803                 0      0.0526943646       8.178067814
    "BPMW.4R3.B1"    "BPMYB.5L2.B1"       3547.727716            28.288                 1   0.0868822971363                 0      0.0870985526       8.212472002
   "BPMWE.4R3.B1"    "BPMYB.5L2.B1"       3575.272716            28.288                 1   0.0980787643753                 0      0.0979035766       8.223277026
    "BPMW.5R3.B1"    "BPMYB.5L2.B1"       3650.400716            28.288                 1    0.165726037144                 0      0.1662265386       8.291599988
  "BPMWJ.A5R3.B1"    "BPMYB.5L2.B1"       3679.118716            28.288                 1    0.223070919565                 0      0.2247935696       8.350167019
   "BPMWC.6R3.B1"    "BPMYB.5L2.B1"       3718.936716            28.288                 1    0.266885383834                 0      0.2676849546       8.393058404
    "BPMR.6R3.B1"    "BPMYB.5L2.B1"       3731.015216            28.288                 1    0.273384810005                 0      0.2751864756       8.400559925
   "BPM_A.7R3.B1"    "BPMYB.5L2.B1"       3786.839216            28.288                 1    0.345886939073                 0      0.3480387766       8.473412226
     "BPM.8R3.B1"    "BPMYB.5L2.B1"       3825.903227            28.288                 1    0.411145257008                 0      0.4147534606        8.54012691
     "BPM.9R3.B1"    "BPMYB.5L2.B1"       3864.968238            28.288                 1    0.470233324858                 0      0.4719247346       8.597298184
    "BPM.10R3.B1"    "BPMYB.5L2.B1"       3905.431248            28.288                 1    0.534745493768                 0      0.5379457596       8.663319209
    "BPM.11R3.B1"    "BPMYB.5L2.B1"       3958.211959            28.288                 1    0.629317878497                 0      0.6359892986       8.761362748
    "BPM.12R3.B1"    "BPMYB.5L2.B1"       4012.935475            28.288                 1    0.745941488113                 0      0.7493108936       8.874684343
    "BPM.13R3.B1"    "BPMYB.5L2.B1"       4066.383991            28.288                 1    0.861638940971                 0      0.8658140986       8.991187548
    "BPM.14R3.B1"    "BPMYB.5L2.B1"       4119.832506            28.288                 1  0.00225548668632                 0      0.0064991876       9.131872637
    "BPM.15R3.B1"    "BPMYB.5L2.B1"       4173.281022            28.288                 1    0.108902602813                 0      0.1123717426       9.237745192
    "BPM.17R3.B1"    "BPMYB.5L2.B1"       4280.178054            28.288                 1    0.341973536723                 0      0.3431262646       9.468499714
    "BPM.19R3.B1"    "BPMYB.5L2.B1"       4387.075086            28.288                 1    0.597897574801                 0      0.5930091876       9.718382637
    "BPM.20R3.B1"    "BPMYB.5L2.B1"       4440.523602            28.288                 1    0.715276992002                 0      0.7122621106        9.83763556
    "BPM.21R3.B1"    "BPMYB.5L2.B1"       4493.972118            28.288                 1    0.828081253729                 0      0.8208166466       9.946190096
    "BPM.22R3.B1"    "BPMYB.5L2.B1"       4547.420634            28.288                 1    0.964477228918                 0      0.9624529506        10.0878264
    "BPM.23R3.B1"    "BPMYB.5L2.B1"        4600.86915            28.288                 1   0.0790621115863                 0      0.0764934206       10.20186687
    "BPM.24R3.B1"    "BPMYB.5L2.B1"       4654.317666            28.288                 1    0.202853500705                 0      0.1997641106       10.32513756
    "BPM.25R3.B1"    "BPMYB.5L2.B1"       4707.766181            28.288                 1    0.311542801108                 0      0.3064406106       10.43181406
    "BPM.26R3.B1"    "BPMYB.5L2.B1"       4761.214697            28.288                 1     0.45144504305                 0      0.4472425406       10.57261599
    "BPM.27R3.B1"    "BPMYB.5L2.B1"       4814.663213            28.288                 1    0.567440229564                 0      0.5627149906       10.68808844
    "BPM.28R3.B1"    "BPMYB.5L2.B1"       4868.111729            28.288                 1     0.69028867708                 0      0.6867916606       10.81216511
    "BPM.29R3.B1"    "BPMYB.5L2.B1"       4921.560245            28.288                 1    0.798639815993                 0      0.7922758806       10.91764933
    "BPM.30R3.B1"    "BPMYB.5L2.B1"       4975.008761            28.288                 1     0.93584624829                 0      0.9319594406       11.05733289
    "BPM.31R3.B1"    "BPMYB.5L2.B1"       5028.457277            28.288                 1   0.0535070411763                 0      0.0487330106       11.17410646
    "BPM.32R3.B1"    "BPMYB.5L2.B1"       5081.905793            28.288                 1    0.177116074688                 0      0.1738564406       11.29922989
    "BPM.33R3.B1"    "BPMYB.5L2.B1"       5135.354309            28.288                 1    0.285918852924                 0      0.2783214006       11.40369485
    "BPM.34R3.B1"    "BPMYB.5L2.B1"       5188.802825            28.288                 1    0.420264026361                 0      0.4166461706       11.54201962
    "BPM.33L4.B1"    "BPMYB.5L2.B1"        5242.25134            28.288                 1    0.536394126785                 0      0.5345401906       11.65991364
    "BPM.32L4.B1"    "BPMYB.5L2.B1"       5295.699856            28.288                 1    0.663746448649                 0      0.6609271106       11.78630056
    "BPM.31L4.B1"    "BPMYB.5L2.B1"       5349.148372            28.288                 1    0.766257107291                 0      0.7645690406       11.88994249
    "BPM.30L4.B1"    "BPMYB.5L2.B1"       5402.596888            28.288                 1    0.905114798167                 0      0.9013466706       12.02672012
    "BPM.29L4.B1"    "BPMYB.5L2.B1"       5456.045404            28.288                 1   0.0211667480973                 0      0.0201356806       12.14550913
    "BPM.28L4.B1"    "BPMYB.5L2.B1"        5509.49392            28.288                 1    0.151728057318                 0      0.1479722406       12.27334569
    "BPM.27L4.B1"    "BPMYB.5L2.B1"       5562.942436            28.288                 1    0.254886635141                 0      0.2510050706       12.37637852
    "BPM.26L4.B1"    "BPMYB.5L2.B1"       5616.390952            28.288                 1    0.389374971242                 0      0.3861042306       12.51147768
    "BPM.25L4.B1"    "BPMYB.5L2.B1"       5669.839468            28.288                 1    0.508510882414                 0      0.5055257606       12.63089921
    "BPM.24L4.B1"    "BPMYB.5L2.B1"       5723.287984            28.288                 1    0.637963811171                 0      0.6349608306       12.76033428
    "BPM.23L4.B1"    "BPMYB.5L2.B1"         5776.7365            28.288                 1    0.738322086174                 0      0.7376110006       12.86298445
    "BPM.22L4.B1"    "BPMYB.5L2.B1"       5830.185015            28.288                 1    0.873975712426                 0      0.8709594306       12.99633288
    "BPM.21L4.B1"    "BPMYB.5L2.B1"       5883.633531            28.288                 1    0.991741835382                 0      0.9907241906       13.11609764
    "BPM.20L4.B1"    "BPMYB.5L2.B1"       5937.082047            28.288                 1    0.124441456124                 0      0.1225205606       13.24789401
    "BPM.19L4.B1"    "BPMYB.5L2.B1"       5990.530563            28.288                 1      0.2261476026                 0      0.2225546706       13.34792812
    "BPM.17L4.B1"    "BPMYB.5L2.B1"       6097.427595            28.288                 1    0.475597898929                 0      0.4678722906       13.59324574
    "BPM.16L4.B1"    "BPMYB.5L2.B1"       6150.876111            28.288                 1     0.60793072284                 0      0.6026572606       13.72803071
    "BPM.15L4.B1"    "BPMYB.5L2.B1"       6204.324627            28.288                 1    0.709538249639                 0      0.7035271706       13.82890062
    "BPM.14L4.B1"    "BPMYB.5L2.B1"       6257.773143            28.288                 1    0.836599945465                 0      0.8272459206       13.95261937
    "BPM.13L4.B1"    "BPMYB.5L2.B1"       6311.221659            28.288                 1    0.953642896423                 0      0.9448200506        14.0701935
    "BPM.12L4.B1"    "BPMYB.5L2.B1"       6364.670174            28.288                 1   0.0894377194273                 0      0.0819037106       14.20727716
    "BPM.11L4.B1"    "BPMYB.5L2.B1"        6418.11869            28.288                 1    0.190050943394                 0      0.1800563306       14.30542978
    "BPM.10L4.B1"    "BPMYB.5L2.B1"       6469.957401            28.288                 1    0.300767746451                 0      0.2911251006       14.41649855
     "BPM.9L4.B1"    "BPMYB.5L2.B1"       6509.022412            28.288                 1    0.364030199775                 0      0.3535614606       14.47893491
     "BPM.7L4.B1"    "BPMYB.5L2.B1"       6588.549433            28.288                 1    0.506126730542                 0      0.5017893206       14.62716277
   "BPMYB.6L4.B1"    "BPMYB.5L2.B1"       6685.153433            28.288                 1    0.583930273475                 0      0.5800991206       14.70547257
   "BPMYA.5L4.B1"    "BPMYB.5L2.B1"       6722.153433            28.288                 1    0.598956605349                 0      0.5946694906       14.72004294
  "BPMWI.A5L4.B1"    "BPMYB.5L2.B1"       6798.755933            28.288                 1    0.655519758461                 0      0.6507338406       14.77610729
  "BPMWA.B5L4.B1"    "BPMYB.5L2.B1"       6824.619933            28.288                 1    0.675841348152                 0      0.6702640106       14.79563746
  "BPMWA.A5L4.B1"    "BPMYB.5L2.B1"       6833.504933            28.288                 1    0.683094273311                 0      0.6768506806       14.80222413
  "BPMWA.A5R4.B1"    "BPMYB.5L2.B1"       6881.553933            28.288                 1    0.714799629231                 0      0.7103440206       14.83571747
  "BPMWA.B5R4.B1"    "BPMYB.5L2.B1"       6890.438933            28.288                 1    0.719551256594                 0      0.7160346706       14.84140812
   "BPMYB.5R4.B1"    "BPMYB.5L2.B1"       6992.829433            28.288                 1    0.772147207871                 0      0.7686068706       14.89398032
   "BPMYA.6R4.B1"    "BPMYB.5L2.B1"       7024.393433            28.288                 1    0.795914171572                 0      0.7917093706       14.91708282
     "BPM.7R4.B1"    "BPMYB.5L2.B1"       7120.909433            28.288                 1    0.915225285477                 0      0.9140397706       15.03941322
     "BPM.8R4.B1"    "BPMYB.5L2.B1"       7158.698443            28.288                 1   0.0348522351393                 0      0.0372929406       15.16266639
     "BPM.9R4.B1"    "BPMYB.5L2.B1"       7197.763454            28.288                 1    0.242145604255                 0      0.2420404406       15.36741389
    "BPM.10R4.B1"    "BPMYB.5L2.B1"       7238.226465            28.288                 1    0.320685692099                 0      0.3191502306       15.44452368
    "BPM.11R4.B1"    "BPMYB.5L2.B1"       7290.065175            28.288                 1    0.427937809483                 0      0.4278234106       15.55319686
    "BPM.12R4.B1"    "BPMYB.5L2.B1"       7344.788691            28.288                 1    0.531878994601                 0      0.5326414406       15.65801489
    "BPM.13R4.B1"    "BPMYB.5L2.B1"       7398.237207            28.288                 1    0.660064724031                 0      0.6613798006       15.78675325
    "BPM.14R4.B1"    "BPMYB.5L2.B1"       7451.685723            28.288                 1    0.783209858893                 0      0.7837091806       15.90908263
    "BPM.15R4.B1"    "BPMYB.5L2.B1"       7505.134239            28.288                 1    0.923612317283                 0      0.9232205806       16.04859403
    "BPM.16R4.B1"    "BPMYB.5L2.B1"       7558.582755            28.288                 1   0.0243536005103                 0      0.0289807606       16.15435421
    "BPM.17R4.B1"    "BPMYB.5L2.B1"       7612.031271            28.288                 1    0.156959470906                 0      0.1613292406       16.28670269
    "BPM.18R4.B1"    "BPMYB.5L2.B1"       7665.479786            28.288                 1    0.280301248886                 0      0.2836566106       16.40903006
    "BPM.19R4.B1"    "BPMYB.5L2.B1"       7718.928302            28.288                 1    0.419829218077                 0      0.4231740506        16.5485475
    "BPM.20R4.B1"    "BPMYB.5L2.B1"       7772.376818            28.288                 1     0.52303244836                 0      0.5289359206       16.65430937
    "BPM.21R4.B1"    "BPMYB.5L2.B1"       7825.825334            28.288                 1    0.653223842835                 0      0.6612788206       16.78665227
    "BPM.22R4.B1"    "BPMYB.5L2.B1"        7879.27385            28.288                 1    0.774761966926                 0      0.7836040506        16.9089775
    "BPM.23R4.B1"    "BPMYB.5L2.B1"       7932.722366            28.288                 1     0.91733927445                 0      0.9231279606       17.04850141
    "BPM.24R4.B1"    "BPMYB.5L2.B1"       7986.170882            28.288                 1   0.0215398829333                 0      0.0288964306       17.15426988
    "BPM.25R4.B1"    "BPMYB.5L2.B1"       8039.619398            28.288                 1    0.154111436057                 0      0.1612413906       17.28661484
    "BPM.26R4.B1"    "BPMYB.5L2.B1"       8093.067914            28.288                 1    0.277925436953                 0      0.2835650306       17.40893848
    "BPM.27R4.B1"    "BPMYB.5L2.B1"        8146.51643            28.288                 1    0.418572411702                 0      0.4230934106       17.54846686
    "BPM.28R4.B1"    "BPMYB.5L2.B1"       8199.964946            28.288                 1    0.525745589715                 0      0.5288631506        17.6542366
    "BPM.29R4.B1"    "BPMYB.5L2.B1"       8253.413461            28.288                 1    0.656239523003                 0      0.6612039606       17.78657741
    "BPM.30R4.B1"    "BPMYB.5L2.B1"       8306.861977            28.288                 1    0.780302068777                 0      0.7835260006       17.90889945
    "BPM.31R4.B1"    "BPMYB.5L2.B1"       8360.310493            28.288                 1    0.918070328089                 0      0.9230588706       18.04843232
    "BPM.32R4.B1"    "BPMYB.5L2.B1"       8413.759009            28.288                 1   0.0257068028343                 0      0.0288298606       18.15420331
    "BPM.33R4.B1"    "BPMYB.5L2.B1"       8467.207525            28.288                 1    0.159916151026                 0      0.1611665306       18.28653998
    "BPM.34R4.B1"    "BPMYB.5L2.B1"       8520.656041            28.288                 1     0.28245922295                 0      0.2834869806       18.40886043
    "BPM.33L5.B1"    "BPMYB.5L2.B1"       8574.104557            28.288                 1    0.420601839625                 0      0.4230243306       18.54839778
    "BPM.32L5.B1"    "BPMYB.5L2.B1"       8627.553073            28.288                 1    0.526507189295                 0      0.5287965706       18.65417002
    "BPM.31L5.B1"    "BPMYB.5L2.B1"       8681.001589            28.288                 1    0.661045079311                 0      0.6611291006       18.78650255
    "BPM.30L5.B1"    "BPMYB.5L2.B1"       8734.450105            28.288                 1    0.779542873465                 0      0.7834479506        18.9088214
    "BPM.29L5.B1"    "BPMYB.5L2.B1"        8787.89862            28.288                 1    0.920970585127                 0      0.9229897806       19.04836323
    "BPM.28L5.B1"    "BPMYB.5L2.B1"       8841.347136            28.288                 1   0.0277362367433                 0      0.0287632906       19.15413674
    "BPM.27L5.B1"    "BPMYB.5L2.B1"       8894.795652            28.288                 1    0.161379023214                 0      0.1610916706       19.28646512
    "BPM.26L5.B1"    "BPMYB.5L2.B1"       8948.244168            28.288                 1    0.281977088216                 0      0.2834089306       19.40878238
    "BPM.25L5.B1"    "BPMYB.5L2.B1"       9001.692684            28.288                 1    0.423639490014                 0      0.4229552406       19.54832869
    "BPM.24L5.B1"    "BPMYB.5L2.B1"         9055.1412            28.288                 1    0.530309552813                 0      0.5287300006       19.65410345
    "BPM.23L5.B1"    "BPMYB.5L2.B1"       9108.589716            28.288                 1     0.66235610499                 0      0.6610542506        19.7864277
    "BPM.22L5.B1"    "BPMYB.5L2.B1"       9162.038232            28.288                 1    0.783181397485                 0      0.7833699006       19.90874335
    "BPM.21L5.B1"    "BPMYB.5L2.B1"       9215.486748            28.288                 1     0.92308774932                 0      0.9229206906       20.04829414
    "BPM.20L5.B1"    "BPMYB.5L2.B1"       9268.935264            28.288                 1   0.0259606799573                 0      0.0286921206       20.15406557
    "BPM.19L5.B1"    "BPMYB.5L2.B1"       9322.383779            28.288                 1    0.157740902931                 0      0.1610042206       20.28637767
    "BPM.18L5.B1"    "BPMYB.5L2.B1"       9375.832295            28.288                 1    0.278070878019                 0      0.2833173306       20.40869078
    "BPM.17L5.B1"    "BPMYB.5L2.B1"       9429.280811            28.288                 1    0.418463183068                 0      0.4228741506        20.5482476
    "BPM.16L5.B1"    "BPMYB.5L2.B1"       9482.729327            28.288                 1     0.52458442525                 0      0.5286472806       20.65402073
    "BPM.15L5.B1"    "BPMYB.5L2.B1"       9536.177843            28.288                 1    0.653430180618                 0      0.6609538206       20.78632727
    "BPM.14L5.B1"    "BPMYB.5L2.B1"       9589.626359            28.288                 1    0.774975338948                 0      0.7832647606       20.90863821
    "BPM.13L5.B1"    "BPMYB.5L2.B1"       9643.074875            28.288                 1    0.915045400329                 0      0.9228276206       21.04820107
    "BPM.12L5.B1"    "BPMYB.5L2.B1"       9696.523391            28.288                 1   0.0156671274633                 0      0.0219888306       21.14736228
    "BPM.11L5.B1"    "BPMYB.5L2.B1"       9749.971907            28.288                 1    0.138746249219                 0      0.1446545306       21.27002798
    "BPM.10L5.B1"    "BPMYB.5L2.B1"       9802.752617            28.288                 1    0.225451731754                 0      0.2334104306       21.35878388
     "BPM.9L5.B1"    "BPMYB.5L2.B1"       9841.817628            28.288                 1    0.291271014039                 0      0.2998957606       21.42526921
     "BPM.8L5.B1"    "BPMYB.5L2.B1"       9882.280639            28.288                 1    0.420565755085                 0      0.4284686706       21.55384212
    "BPMR.5L5.B1"    "BPMYB.5L2.B1"       9990.140649            28.288                 1    0.111455818374                 0      0.1168110906       22.24218454
   "BPMYA.4L5.B1"    "BPMYB.5L2.B1"       10017.54665            28.288                 1    0.130530667099                 0      0.1373855706       22.26275902
   "BPMWB.4L5.B1"    "BPMYB.5L2.B1"       10038.68115            28.288                 1    0.137656055585                 0      0.1437288706       22.26910232
   "BPMSY.4L5.B1"    "BPMYB.5L2.B1"       10131.46115            28.288                 1    0.144857968543                 0      0.1511000506        22.2764735
    "BPMS.2L5.B1"    "BPMYB.5L2.B1"       10158.24665            28.288                 1    0.146785628417                 0      0.1528048306       22.27817828
   "BPMSW.1L5.B1"    "BPMYB.5L2.B1"       10168.21165            28.288                 1    0.147957036926                 0      0.1539122806       22.27928573
   "BPMSW.1R5.B1"    "BPMYB.5L2.B1"       10211.33965            28.288                 1    0.641794678614                 0      0.6478448306       22.77321828
    "BPMS.2R5.B1"    "BPMYB.5L2.B1"       10221.30465            28.288                 1    0.650284216252                 0      0.6487024206       22.77407587
   "BPMSY.4R5.B1"    "BPMYB.5L2.B1"       10248.09015            28.288                 1    0.643509342422                 0      0.6498743506        22.7752478
   "BPMWB.4R5.B1"    "BPMYB.5L2.B1"       10340.87015            28.288                 1    0.652766214699                 0      0.6582967806       22.78367023
   "BPMYA.4R5.B1"    "BPMYB.5L2.B1"       10362.00265            28.288                 1    0.655361740153                 0      0.6612019006       22.78657535
     "BPM.5R5.B1"    "BPMYB.5L2.B1"       10383.12065            28.288                 1    0.660472308375                 0      0.6657623806       22.79113583
    "BPMR.6R5.B1"    "BPMYB.5L2.B1"       10415.02065            28.288                 1    0.675492009167                 0      0.6820143306       22.80738778
   "BPM_A.7R5.B1"    "BPMYB.5L2.B1"       10449.03465            28.288                 1    0.771953971939                 0      0.7756884606       22.90106191
     "BPM.8R5.B1"    "BPMYB.5L2.B1"       10490.47364            28.288                 1    0.979404513531                 0      0.9848564406       23.11022989
     "BPM.9R5.B1"    "BPMYB.5L2.B1"       10529.54063            28.288                 1   0.0528750010093                 0      0.0589600006       23.18433345
    "BPM.10R5.B1"    "BPMYB.5L2.B1"       10570.00562            28.288                 1    0.141346554074                 0      0.1481578106       23.27353126
    "BPM.11R5.B1"    "BPMYB.5L2.B1"       10622.78831            28.288                 1    0.248009940698                 0      0.2728711506        23.3982446
    "BPM.12R5.B1"    "BPMYB.5L2.B1"       10677.51479            28.288                 1     0.41837530804                 0      0.4234997306       23.54887318
    "BPM.13R5.B1"    "BPMYB.5L2.B1"       10730.96627            28.288                 1    0.524008279202                 0      0.5297379206       23.65511137
    "BPM.14R5.B1"    "BPMYB.5L2.B1"       10784.41776            28.288                 1    0.656214557494                 0      0.6621992106       23.78757266
    "BPM.15R5.B1"    "BPMYB.5L2.B1"       10837.86924            28.288                 1    0.782524754886                 0      0.7845659406       23.90993939
    "BPM.16R5.B1"    "BPMYB.5L2.B1"       10891.32073            28.288                 1     0.92358886015                 0      0.9239821806       24.04935563
    "BPM.17R5.B1"    "BPMYB.5L2.B1"       10944.77221            28.288                 1   0.0259703005973                 0      0.0297269206       24.15510037
    "BPM.18R5.B1"    "BPMYB.5L2.B1"        10998.2237            28.288                 1    0.159892779851                 0      0.1621862106       24.28755966
    "BPM.19R5.B1"    "BPMYB.5L2.B1"       11051.67518            28.288                 1    0.284439887196                 0      0.2845524006       24.40992585
    "BPM.20R5.B1"    "BPMYB.5L2.B1"       11105.12666            28.288                 1    0.427159247176                 0      0.4239702106       24.54934366
    "BPM.21R5.B1"    "BPMYB.5L2.B1"       11158.57815            28.288                 1     0.52888310709                 0      0.5297153606       24.65508881
    "BPM.22R5.B1"    "BPMYB.5L2.B1"       11212.02963            28.288                 1    0.662516068951                 0      0.6621732106       24.78754666
    "BPM.23R5.B1"    "BPMYB.5L2.B1"       11265.48112            28.288                 1    0.790251285134                 0      0.7845442606       24.90991771
    "BPM.24R5.B1"    "BPMYB.5L2.B1"        11318.9326            28.288                 1    0.929827991822                 0      0.9239698606       25.04934331
    "BPM.25R5.B1"    "BPMYB.5L2.B1"       11372.38408            28.288                 1   0.0321877171933                 0      0.0297153606       25.15508881
    "BPM.26R5.B1"    "BPMYB.5L2.B1"       11425.83557            28.288                 1    0.164896957078                 0      0.1621732106       25.28754666
    "BPM.27R5.B1"    "BPMYB.5L2.B1"       11479.28705            28.288                 1    0.289472152061                 0      0.2845442606       25.40991771
    "BPM.28R5.B1"    "BPMYB.5L2.B1"       11532.73854            28.288                 1    0.424794905864                 0      0.4239698606       25.54934331
    "BPM.29R5.B1"    "BPMYB.5L2.B1"       11586.19002            28.288                 1    0.528565087302                 0      0.5297153606       25.65508881
    "BPM.30R5.B1"    "BPMYB.5L2.B1"        11639.6415            28.288                 1    0.664490602368                 0      0.6621732106       25.78754666
    "BPM.31R5.B1"    "BPMYB.5L2.B1"       11693.09299            28.288                 1    0.786166106566                 0      0.7845442606       25.90991771
    "BPM.32R5.B1"    "BPMYB.5L2.B1"       11746.54447            28.288                 1    0.923910279895                 0      0.9239698606       26.04934331
    "BPM.33R5.B1"    "BPMYB.5L2.B1"       11799.99596            28.288                 1   0.0269226823093                 0      0.0297153606       26.15508881
    "BPM.34R5.B1"    "BPMYB.5L2.B1"       11853.44744            28.288                 1    0.163267670472                 0      0.1621732106       26.28754666
    "BPM.33L6.B1"    "BPMYB.5L2.B1"       11906.89893            28.288                 1    0.288005964096                 0      0.2845442606       26.40991771
    "BPM.32L6.B1"    "BPMYB.5L2.B1"       11960.35041            28.288                 1    0.421240901565                 0      0.4239698606       26.54934331
    "BPM.31L6.B1"    "BPMYB.5L2.B1"       12013.80189            28.288                 1    0.525801959406                 0      0.5297153606       26.65508881
    "BPM.30L6.B1"    "BPMYB.5L2.B1"       12067.25338            28.288                 1    0.660646821445                 0      0.6621732106       26.78754666
    "BPM.29L6.B1"    "BPMYB.5L2.B1"       12120.70486            28.288                 1    0.784787808176                 0      0.7845442606       26.90991771
    "BPM.28L6.B1"    "BPMYB.5L2.B1"       12174.15635            28.288                 1     0.91993554877                 0      0.9239698606       27.04934331
    "BPM.27L6.B1"    "BPMYB.5L2.B1"       12227.60783            28.288                 1   0.0235797412843                 0      0.0297153606       27.15508881
    "BPM.26L6.B1"    "BPMYB.5L2.B1"       12281.05931            28.288                 1    0.159836679463                 0      0.1621732106       27.28754666
    "BPM.25L6.B1"    "BPMYB.5L2.B1"        12334.5108            28.288                 1    0.283293235419                 0      0.2845442606       27.40991771
    "BPM.24L6.B1"    "BPMYB.5L2.B1"       12387.96228            28.288                 1    0.418361126534                 0      0.4239698606       27.54934331
    "BPM.23L6.B1"    "BPMYB.5L2.B1"       12441.41377            28.288                 1    0.520928245499                 0      0.5297153606       27.65508881
    "BPM.22L6.B1"    "BPMYB.5L2.B1"       12494.86525            28.288                 1    0.656712670609                 0      0.6621732106       27.78754666
    "BPM.21L6.B1"    "BPMYB.5L2.B1"       12548.31673            28.288                 1    0.781551382021                 0      0.7845442606       27.90991771
    "BPM.20L6.B1"    "BPMYB.5L2.B1"       12601.76822            28.288                 1     0.91987994222                 0      0.9239694306       28.04934288
    "BPM.19L6.B1"    "BPMYB.5L2.B1"        12655.2197            28.288                 1   0.0268119953153                 0      0.0297100106       28.15508346
    "BPM.18L6.B1"    "BPMYB.5L2.B1"       12708.67119            28.288                 1     0.16225010071                 0      0.1621602106       28.28753366
    "BPM.17L6.B1"    "BPMYB.5L2.B1"       12762.12267            28.288                 1    0.287227315381                 0      0.2845307206       28.40990417
    "BPM.16L6.B1"    "BPMYB.5L2.B1"       12815.57415            28.288                 1     0.42487987681                 0      0.4239574506        28.5493309
    "BPM.15L6.B1"    "BPMYB.5L2.B1"       12869.02564            28.288                 1    0.522513141587                 0      0.5296984606       28.65507191
    "BPM.14L6.B1"    "BPMYB.5L2.B1"       12922.47712            28.288                 1    0.667995942643                 0      0.6621472106       28.78752066
    "BPM.13L6.B1"    "BPMYB.5L2.B1"       12975.92861            28.288                 1    0.791853668078                 0      0.7845171806       28.90989063
    "BPM.12L6.B1"    "BPMYB.5L2.B1"       13029.38009            28.288                 1    0.927493403421                 0      0.9236453606       29.04901881
    "BPM.11L6.B1"    "BPMYB.5L2.B1"       13082.83158            28.288                 1   0.0423259330023                 0      0.0414664206       29.16683987
    "BPM.10L6.B1"    "BPMYB.5L2.B1"       13134.67226            28.288                 1    0.188945817453                 0      0.1866465206       29.31201997
     "BPM.9L6.B1"    "BPMYB.5L2.B1"       13173.73925            28.288                 1     0.31332085842                 0      0.3089990006       29.43437245
     "BPM.8L6.B1"    "BPMYB.5L2.B1"       13214.20424            28.288                 1     0.52741938204                 0      0.5281943906       29.65356784
   "BPMYA.5L6.B1"    "BPMYB.5L2.B1"       13311.29423            28.288                 1    0.625671659559                 0      0.6257320706       29.75110552
   "BPMYB.4L6.B1"    "BPMYB.5L2.B1"       13347.69423            28.288                 1     0.64506199264                 0      0.6448888606       29.77026231
   "BPMSA.4R6.B1"    "BPMYB.5L2.B1"       13568.51473            28.288                 1    0.786587198172                 0      0.7893050106       29.91467846
   "BPMYA.4R6.B1"    "BPMYB.5L2.B1"       13691.29423            28.288                 1    0.935291257223                 0      0.9357803106       30.06115376
   "BPMYB.5R6.B1"    "BPMYB.5L2.B1"       13727.69423            28.288                 1    0.951664642513                 0      0.9527360606       30.07810951
    "BPM.11R6.B1"    "BPMYB.5L2.B1"       13954.79389            28.288                 1     0.50050035777                 0      0.5053786306       30.63075208
    "BPM.12R6.B1"    "BPMYB.5L2.B1"       14009.52037            28.288                 1    0.603824693447                 0      0.6125788106       30.73795226
    "BPM.13R6.B1"    "BPMYB.5L2.B1"       14062.97186            28.288                 1    0.747933250746                 0      0.7544602606       30.87983371
    "BPM.14R6.B1"    "BPMYB.5L2.B1"       14116.42334            28.288                 1    0.874561848212                 0      0.8788712006       31.00424465
    "BPM.17R6.B1"    "BPMYB.5L2.B1"       14276.77779            28.288                 1    0.273895197332                 0      0.2764046406       31.40177809
    "BPM.19R6.B1"    "BPMYB.5L2.B1"       14383.68076            28.288                 1    0.528423131983                 0      0.5282838006       31.65365725
    "BPM.20R6.B1"    "BPMYB.5L2.B1"       14437.13225            28.288                 1     0.64341381525                 0      0.6429527806       31.76832623
    "BPM.21R6.B1"    "BPMYB.5L2.B1"       14490.58373            28.288                 1    0.801809621176                 0      0.7980809406       31.92345439
    "BPM.22R6.B1"    "BPMYB.5L2.B1"       14544.03522            28.288                 1     0.92111110983                 0      0.9170651206       32.04243857
    "BPM.23R6.B1"    "BPMYB.5L2.B1"        14597.4867            28.288                 1   0.0530767246253                 0      0.0472479006       32.17262135
    "BPM.24R6.B1"    "BPMYB.5L2.B1"       14650.93818            28.288                 1    0.166738140727                 0      0.1613078806       32.28668133
    "BPM.25R6.B1"    "BPMYB.5L2.B1"       14704.38967            28.288                 1    0.312779426167                 0      0.3117058906       32.43707934
    "BPM.26R6.B1"    "BPMYB.5L2.B1"       14757.84115            28.288                 1    0.432324873276                 0      0.4292520706       32.55462552
    "BPM.27R6.B1"    "BPMYB.5L2.B1"       14811.29264            28.288                 1    0.562048339653                 0      0.5591444406       32.68451789
    "BPM.29R6.B1"    "BPMYB.5L2.B1"        14918.1956            28.288                 1    0.825448143532                 0      0.8252070706       32.95058052
    "BPM.30R6.B1"    "BPMYB.5L2.B1"       14971.64709            28.288                 1    0.942650480615                 0      0.9413077306       33.06668118
    "BPM.31R6.B1"    "BPMYB.5L2.B1"       15025.09857            28.288                 1   0.0735836415323                 0      0.0711460706       33.19651952
    "BPM.33R6.B1"    "BPMYB.5L2.B1"       15132.00154            28.288                 1    0.338614223116                 0      0.3385649306       33.46393838
    "BPM.34R6.B1"    "BPMYB.5L2.B1"       15185.45302            28.288                 1    0.453386308069                 0      0.4532496606       33.57862311
    "BPM.33L7.B1"    "BPMYB.5L2.B1"       15238.90451            28.288                 1    0.581777812365                 0      0.5832712706       33.70864472
    "BPM.32L7.B1"    "BPMYB.5L2.B1"       15292.35599            28.288                 1    0.702099425965                 0      0.7016047906       33.82697824
    "BPM.31L7.B1"    "BPMYB.5L2.B1"       15345.80748            28.288                 1    0.852073829491                 0      0.8517645506         33.977138
    "BPM.30L7.B1"    "BPMYB.5L2.B1"       15399.25896            28.288                 1    0.960265182628                 0      0.9650973206       34.09047077
    "BPM.29L7.B1"    "BPMYB.5L2.B1"       15452.71045            28.288                 1   0.0926944362143                 0      0.0955363606       34.22090981
    "BPM.28L7.B1"    "BPMYB.5L2.B1"       15506.16193            28.288                 1    0.207737291152                 0      0.2152870306       34.34066048
    "BPM.27L7.B1"    "BPMYB.5L2.B1"       15559.61341            28.288                 1    0.361514430285                 0      0.3647960906       34.49016954
    "BPM.26L7.B1"    "BPMYB.5L2.B1"        15613.0649            28.288                 1    0.474498767915                 0      0.4768716806       34.60224513
    "BPM.25L7.B1"    "BPMYB.5L2.B1"       15666.51638            28.288                 1    0.606231403918                 0      0.6079549906       34.73332844
    "BPM.24L7.B1"    "BPMYB.5L2.B1"       15719.96787            28.288                 1     0.72672969674                 0      0.7290539506        34.8544274
    "BPM.23L7.B1"    "BPMYB.5L2.B1"       15773.41935            28.288                 1    0.872840057176                 0      0.8776546906       35.00302814
    "BPM.22L7.B1"    "BPMYB.5L2.B1"       15826.87083            28.288                 1    0.985912347234                 0      0.9885947906       35.11396824
    "BPM.21L7.B1"    "BPMYB.5L2.B1"       15880.32232            28.288                 1    0.118139117266                 0      0.1205376606       35.24591111
    "BPM.20L7.B1"    "BPMYB.5L2.B1"        15933.7738            28.288                 1    0.243071032643                 0      0.2469956606       35.37236911
    "BPM.17L7.B1"    "BPMYB.5L2.B1"       16094.12825            28.288                 1     0.63965628312                 0      0.6407166506        35.7660901
    "BPM.16L7.B1"    "BPMYB.5L2.B1"       16147.57974            28.288                 1    0.770421998075                 0      0.7691968506        35.8945703
    "BPM.15L7.B1"    "BPMYB.5L2.B1"       16201.03122            28.288                 1    0.918713037403                 0      0.9169897206       36.04236317
    "BPM.14L7.B1"    "BPMYB.5L2.B1"       16254.48271            28.288                 1   0.0227864323903                 0      0.0242536806       36.14962713
    "BPM.13L7.B1"    "BPMYB.5L2.B1"       16307.93419            28.288                 1    0.164625608387                 0      0.1614486106       36.28682206
    "BPM.12L7.B1"    "BPMYB.5L2.B1"       16361.38567            28.288                 1    0.280522693464                 0      0.2785915406       36.40396499
    "BPM.11L7.B1"    "BPMYB.5L2.B1"       16414.83716            28.288                 1    0.410837731651                 0      0.4096718406       36.53504529
    "BPM.10L7.B1"    "BPMYB.5L2.B1"       16467.61985            28.288                 1    0.497911660799                 0      0.4958721506        36.6212456
     "BPM.9L7.B1"    "BPMYB.5L2.B1"       16506.68684            28.288                 1    0.571762020122                 0      0.5697464306       36.69511988
     "BPM.7L7.B1"    "BPMYB.5L2.B1"       16586.21782            28.288                 1    0.708834146617                 0      0.7090316506        36.8344051
     "BPM.6L7.B1"    "BPMYB.5L2.B1"       16621.03582            28.288                 1    0.778649996772                 0      0.7803998806       36.90577333
   "BPMWC.6L7.B1"    "BPMYB.5L2.B1"       16633.13832            28.288                 1    0.823048761935                 0      0.8249900906       36.95036354
   "BPMWE.5L7.B1"    "BPMYB.5L2.B1"       16710.19232            28.288                 1    0.931158911252                 0      0.9310370906       37.05641054
    "BPMW.5L7.B1"    "BPMYB.5L2.B1"       16733.39732            28.288                 1    0.941284423743                 0      0.9418566806       37.06723013
   "BPMWE.4L7.B1"    "BPMYB.5L2.B1"       16768.48232            28.288                 1    0.973474300373                 0      0.9740159306       37.09938938
    "BPMW.4R7.B1"    "BPMYB.5L2.B1"       16912.63432            28.288                 1    0.188177231781                 0      0.1882632206       37.31363667
   "BPMWE.4R7.B1"    "BPMYB.5L2.B1"       16940.73932            28.288                 1    0.198746716396                 0      0.2010649206       37.32643837
    "BPMW.5R7.B1"    "BPMYB.5L2.B1"       16975.82432            28.288                 1    0.237989205497                 0      0.2363872906       37.36176074
   "BPMWE.5R7.B1"    "BPMYB.5L2.B1"       16999.02932            28.288                 1    0.301089821624                 0      0.3027926906       37.42816614
    "BPMR.6R7.B1"    "BPMYB.5L2.B1"       17078.24482            28.288                 1    0.471248994929                 0      0.4739046206       37.59927807
   "BPM_A.7R7.B1"    "BPMYB.5L2.B1"       17116.28082            28.288                 1    0.523258865355                 0      0.5259672806       37.65134073
     "BPM.8R7.B1"    "BPMYB.5L2.B1"       17155.34681            28.288                 1    0.602139596123                 0      0.6027333606       37.72810681
     "BPM.9R7.B1"    "BPMYB.5L2.B1"        17194.4138            28.288                 1    0.684684746904                 0      0.6832292706       37.80860272
    "BPM.10R7.B1"    "BPMYB.5L2.B1"       17234.87878            28.288                 1    0.775851141782                 0      0.7754449306       37.90081838
    "BPM.11R7.B1"    "BPMYB.5L2.B1"       17287.66147            28.288                 1    0.884987740221                 0      0.8893743706       38.01474782
    "BPM.12R7.B1"    "BPMYB.5L2.B1"       17342.38796            28.288                 1   0.0143333135583                 0      0.0181592906       38.14353274
    "BPM.13R7.B1"    "BPMYB.5L2.B1"       17395.83944            28.288                 1    0.126829360022                 0      0.1295054106       38.25487886
    "BPM.14R7.B1"    "BPMYB.5L2.B1"       17449.29093            28.288                 1    0.274631002799                 0      0.2771994306       38.40257288
    "BPM.15R7.B1"    "BPMYB.5L2.B1"       17502.74241            28.288                 1    0.399550933307                 0      0.4008921206       38.52626557
    "BPM.16R7.B1"    "BPMYB.5L2.B1"       17556.19389            28.288                 1    0.534573459371                 0      0.5364056206       38.66177907
    "BPM.17R7.B1"    "BPMYB.5L2.B1"       17609.64538            28.288                 1    0.647749725079                 0      0.6492194006       38.77459285
    "BPM.18R7.B1"    "BPMYB.5L2.B1"       17663.09686            28.288                 1    0.797157845149                 0      0.7985781706       38.92395162
    "BPM.19R7.B1"    "BPMYB.5L2.B1"       17716.54835            28.288                 1    0.917401990856                 0      0.9206727206       39.04604617
    "BPM.20R7.B1"    "BPMYB.5L2.B1"       17769.99983            28.288                 1   0.0553046689253                 0      0.0549372906       39.18031074
    "BPM.23R7.B1"    "BPMYB.5L2.B1"       17930.35428            28.288                 1    0.436460194149                 0      0.4365279106       39.56190136
    "BPM.24R7.B1"    "BPMYB.5L2.B1"       17983.80577            28.288                 1    0.566150708764                 0      0.5663623106       39.69173576
    "BPM.25R7.B1"    "BPMYB.5L2.B1"       18037.25725            28.288                 1    0.682202870394                 0      0.6826742306       39.80804768
    "BPM.26R7.B1"    "BPMYB.5L2.B1"       18090.70874            28.288                 1    0.831680281528                 0      0.8332696106       39.95864306
    "BPM.28R7.B1"    "BPMYB.5L2.B1"        18197.6117            28.288                 1   0.0772202433403                 0      0.0784363906       40.20380984
    "BPM.29R7.B1"    "BPMYB.5L2.B1"       18251.06319            28.288                 1    0.194637092122                 0      0.1961946506        40.3215681
    "BPM.30R7.B1"    "BPMYB.5L2.B1"       18304.51467            28.288                 1    0.346101761008                 0      0.3465335906       40.47190704
    "BPM.31R7.B1"    "BPMYB.5L2.B1"       18357.96616            28.288                 1    0.458675076233                 0      0.4603961806       40.58576963
    "BPM.32R7.B1"    "BPMYB.5L2.B1"       18411.41764            28.288                 1    0.588834294589                 0      0.5906441106       40.71601756
    "BPM.33R7.B1"    "BPMYB.5L2.B1"       18464.86912            28.288                 1    0.719068383382                 0      0.7098353406       40.83520879
    "BPM.34R7.B1"    "BPMYB.5L2.B1"       18518.32061            28.288                 1    0.856747954502                 0      0.8596328506        40.9850063
    "BPM.33L8.B1"    "BPMYB.5L2.B1"       18571.77209            28.288                 1    0.970617140772                 0      0.9721974306       41.09757088
    "BPM.32L8.B1"    "BPMYB.5L2.B1"       18625.22358            28.288                 1   0.0994401200233                 0      0.1030002406       41.22837369
    "BPM.31L8.B1"    "BPMYB.5L2.B1"       18678.67506            28.288                 1    0.221651279319                 0      0.2235715706       41.34894502
    "BPM.30L8.B1"    "BPMYB.5L2.B1"       18732.12654            28.288                 1    0.370482013103                 0      0.3725605806       41.49793403
    "BPM.29L8.B1"    "BPMYB.5L2.B1"       18785.57803            28.288                 1    0.481656171768                 0      0.4839385506         41.609312
    "BPM.28L8.B1"    "BPMYB.5L2.B1"       18839.02951            28.288                 1    0.612469820413                 0      0.6155165906       41.74089004
    "BPM.27L8.B1"    "BPMYB.5L2.B1"         18892.481            28.288                 1    0.737445131258                 0      0.7373750606       41.86274851
    "BPM.25L8.B1"    "BPMYB.5L2.B1"       18999.38397            28.288                 1    0.993101008982                 0      0.9956420706       42.12101552
    "BPM.22L8.B1"    "BPMYB.5L2.B1"       19159.73842            28.288                 1    0.396982175759                 0      0.3978982606       42.52327171
    "BPM.21L8.B1"    "BPMYB.5L2.B1"        19213.1899            28.288                 1     0.50336997915                 0      0.5073310306       42.63270448
    "BPM.20L8.B1"    "BPMYB.5L2.B1"       19266.64139            28.288                 1    0.638213027104                 0      0.6403570806       42.76573053
    "BPM.19L8.B1"    "BPMYB.5L2.B1"       19320.09287            28.288                 1    0.766994274481                 0      0.7678549406       42.89322839
    "BPM.18L8.B1"    "BPMYB.5L2.B1"       19373.54435            28.288                 1    0.919557800427                 0      0.9172836706       43.04265712
    "BPM.15L8.B1"    "BPMYB.5L2.B1"       19533.89881            28.288                 1    0.291733552126                 0      0.2900016006       43.41537505
    "BPM.14L8.B1"    "BPMYB.5L2.B1"       19587.35029            28.288                 1    0.438929238155                 0      0.4361845606       43.56155801
    "BPM.13L8.B1"    "BPMYB.5L2.B1"       19640.80177            28.288                 1    0.542701208241                 0      0.5430607706       43.66843422
    "BPM.12L8.B1"    "BPMYB.5L2.B1"       19694.25326            28.288                 1    0.682953160837                 0      0.6816872906       43.80706074
    "BPM.11L8.B1"    "BPMYB.5L2.B1"       19747.70474            28.288                 1    0.805231989865                 0      0.8035331706       43.92890662
    "BPM.10L8.B1"    "BPMYB.5L2.B1"       19799.54543            28.288                 1    0.938675863447                 0      0.9368594706       44.06223292
     "BPM.9L8.B1"    "BPMYB.5L2.B1"       19838.61242            28.288                 1    0.998677378664                 0      0.9981063706       44.12347982
     "BPM.8L8.B1"    "BPMYB.5L2.B1"       19879.07741            28.288                 1   0.0829032079733                 0      0.0829833906       44.20835684
     "BPM.7L8.B1"    "BPMYB.5L2.B1"        19918.1454            28.288                 1     0.18397463502                 0      0.1817209206       44.30709437
    "BPMR.6L8.B1"    "BPMYB.5L2.B1"        19950.6144            28.288                 1    0.327082132087                 0      0.3263520806       44.45172553
     "BPM.5L8.B1"    "BPMYB.5L2.B1"        20011.0334            28.288                 1    0.596832995125                 0      0.5991924006       44.72456585
   "BPMYB.4L8.B1"    "BPMYB.5L2.B1"        20031.8004            28.288                 1    0.624615011332                 0      0.6265570806       44.75193053
   "BPMWB.4L8.B1"    "BPMYB.5L2.B1"        20056.1919            28.288                 1    0.638402666581                 0      0.6410100506        44.7663835
   "BPMSX.4L8.B1"    "BPMYB.5L2.B1"        20106.4249            28.288                 1    0.667214460007                 0      0.6678300906       44.79320354
    "BPMS.2L8.B1"    "BPMYB.5L2.B1"        20144.3364            28.288                 1    0.682664102376                 0      0.6820714206       44.80744487
   "BPMSW.1L8.B1"    "BPMYB.5L2.B1"        20154.2704            28.288                 1    0.688982422932                 0      0.6885885206       44.81396197
   "BPMSW.1R8.B1"    "BPMYB.5L2.B1"        20197.4604            28.288                 1    0.141782789058                 0      0.1428193906       45.26819284
    "BPMS.2R8.B1"    "BPMYB.5L2.B1"        20207.3944            28.288                 1    0.148100167895                 0      0.1509465406       45.27631999
   "BPMWB.4R8.B1"    "BPMYB.5L2.B1"        20295.4629            28.288                 1    0.191955479918                 0      0.1904554606       45.31582891
   "BPMYB.4R8.B1"    "BPMYB.5L2.B1"        20319.9304            28.288                 1    0.216595000359                 0      0.2149425306       45.34031598
   "BPMYB.5R8.B1"    "BPMYB.5L2.B1"        20340.5074            28.288                 1    0.237628912384                 0      0.2358928706       45.36126632
     "BPM.6R8.B1"    "BPMYB.5L2.B1"        20424.6154            28.288                 1    0.473996739474                 0      0.4776323006       45.60300575
   "BPM_A.7R8.B1"    "BPMYB.5L2.B1"        20446.8554            28.288                 1    0.514304139802                 0      0.5174609106       45.64283436
    "BPM.10R8.B1"    "BPMYB.5L2.B1"       20567.82043            28.288                 1    0.968151709017                 0      0.9674011206       46.09277457
    "BPM.11R8.B1"    "BPMYB.5L2.B1"       20619.65914            28.288                 1    0.118549913316                 0      0.1195181206       46.24489157
    "BPM.12R8.B1"    "BPMYB.5L2.B1"       20674.38266            28.288                 1    0.222695687444                 0      0.2208228106       46.34619626
    "BPM.13R8.B1"    "BPMYB.5L2.B1"       20727.83117            28.288                 1    0.346057392991                 0      0.3447788706       46.47015232
    "BPM.14R8.B1"    "BPMYB.5L2.B1"       20781.27969            28.288                 1    0.458276516441                 0      0.4564149706       46.58178842
    "BPM.15R8.B1"    "BPMYB.5L2.B1"       20834.72821            28.288                 1    0.690106587348                 0      0.5828850406       46.70825849
    "BPM.16R8.B1"    "BPMYB.5L2.B1"       20888.17672            28.288                 1    0.697806824488                 0      0.6983977406       46.82377119
    "BPM.17R8.B1"    "BPMYB.5L2.B1"       20941.62524            28.288                 1    0.840353578678                 0      0.8447276406       46.97010109
    "BPM.18R8.B1"    "BPMYB.5L2.B1"       20995.07375            28.288                 1    0.952772856794                 0      0.9563696706       47.08174312
    "BPM.19R8.B1"    "BPMYB.5L2.B1"       21048.52227            28.288                 1   0.0776317191583                 0      0.0828385106       47.20821196
    "BPM.22R8.B1"    "BPMYB.5L2.B1"       21208.86782            28.288                 1    0.552576301688                 0      0.4563243506        47.5816978
    "BPM.23R8.B1"    "BPMYB.5L2.B1"       21262.31633            28.288                 1    0.573218830831                 0      0.5827924106       47.70816586
    "BPM.24R8.B1"    "BPMYB.5L2.B1"       21315.76485            28.288                 1    0.688009510107                 0      0.6983000706       47.82367352
    "BPM.25R8.B1"    "BPMYB.5L2.B1"       21369.21337            28.288                 1    0.835216270373                 0      0.8446397906       47.97001324
    "BPM.26R8.B1"    "BPMYB.5L2.B1"       21422.66188            28.288                 1    0.947169282924                 0      0.9562907206       48.08166417
    "BPM.27R8.B1"    "BPMYB.5L2.B1"        21476.1104            28.288                 1   0.0747954075723                 0      0.0827578706       48.20813132
    "BPM.29R8.B1"    "BPMYB.5L2.B1"       21583.00743            28.288                 1    0.336357999717                 0      0.3446023506        48.4699758
    "BPM.30R8.B1"    "BPMYB.5L2.B1"       21636.45594            28.288                 1    0.446778366384                 0      0.4562570806       48.58163053
    "BPM.31R8.B1"    "BPMYB.5L2.B1"       21689.90446            28.288                 1    0.576786023878                 0      0.5827233306       48.70809678
    "BPM.32R8.B1"    "BPMYB.5L2.B1"       21743.35298            28.288                 1    0.689761448069                 0      0.6982229706       48.82359642
    "BPM.33R8.B1"    "BPMYB.5L2.B1"       21796.80149            28.288                 1    0.837525823593                 0      0.8445649206       48.96993837
    "BPM.34R8.B1"    "BPMYB.5L2.B1"       21850.25001            28.288                 1    0.949369070057                 0      0.9562234406       49.08159689
    "BPM.33L1.B1"    "BPMYB.5L2.B1"       21903.69852            28.288                 1   0.0769965403093                 0      0.0826887906       49.20806224
    "BPM.32L1.B1"    "BPMYB.5L2.B1"       21957.14704            28.288                 1     0.19358695725                 0      0.1981844206       49.32355787
    "BPM.31L1.B1"    "BPMYB.5L2.B1"       22010.59556            28.288                 1    0.339106167364                 0      0.3445274906       49.46990094
    "BPM.30L1.B1"    "BPMYB.5L2.B1"       22064.04407            28.288                 1    0.452809594994                 0      0.4561898006       49.58156325
    "BPM.29L1.B1"    "BPMYB.5L2.B1"       22117.49259            28.288                 1    0.578846312519                 0      0.5826542506        49.7080277
    "BPM.28L1.B1"    "BPMYB.5L2.B1"        22170.9411            28.288                 1    0.691194642353                 0      0.6981458706       49.82351932
    "BPM.27L1.B1"    "BPMYB.5L2.B1"       22224.38962            28.288                 1    0.839653152691                 0      0.8444900506        49.9698635
    "BPM.26L1.B1"    "BPMYB.5L2.B1"       22277.83814            28.288                 1    0.953043443044                 0      0.9561561606       50.08152961
    "BPM.25L1.B1"    "BPMYB.5L2.B1"       22331.28665            28.288                 1   0.0763586952313                 0      0.0826197206       50.20799317
    "BPM.24L1.B1"    "BPMYB.5L2.B1"       22384.73517            28.288                 1    0.191851573035                 0      0.1981073206       50.32348077
    "BPM.23L1.B1"    "BPMYB.5L2.B1"       22438.18368            28.288                 1    0.340025522027                 0      0.3444526106       50.46982606
    "BPM.22L1.B1"    "BPMYB.5L2.B1"        22491.6322            28.288                 1    0.452371160958                 0      0.4561225206       50.58149597
    "BPM.21L1.B1"    "BPMYB.5L2.B1"       22545.08071            28.288                 1    0.577571730997                 0      0.5825851806       50.70795863
    "BPM.20L1.B1"    "BPMYB.5L2.B1"       22598.52923            28.288                 1     0.69052360099                 0      0.6980634506        50.8234369
    "BPM.19L1.B1"    "BPMYB.5L2.B1"       22651.97775            28.288                 1    0.837034057506                 0      0.8444030206       50.96977647
    "BPM.18L1.B1"    "BPMYB.5L2.B1"       22705.42626            28.288                 1    0.951378471555                 0      0.9560779606       51.08145141
    "BPM.17L1.B1"    "BPMYB.5L2.B1"       22758.87478            28.288                 1   0.0745849554563                 0      0.0825394406       51.20791289
    "BPM.16L1.B1"    "BPMYB.5L2.B1"       22812.32329            28.288                 1    0.184671179872                 0      0.1980124006       51.32338585
    "BPM.15L1.B1"    "BPMYB.5L2.B1"       22865.77181            28.288                 1    0.333100707891                 0      0.3443534406       51.46972689
    "BPM.14L1.B1"    "BPMYB.5L2.B1"       22919.22033            28.288                 1    0.446038212096                 0      0.4560334006       51.58140685
    "BPM.13L1.B1"    "BPMYB.5L2.B1"       22972.66884            28.288                 1    0.570724163035                 0      0.5824937106       51.70786716
    "BPM.12L1.B1"    "BPMYB.5L2.B1"       23026.11736            28.288                 1    0.678707511278                 0      0.6903133106       51.81568676
    "BPM.11L1.B1"    "BPMYB.5L2.B1"       23079.56587            28.288                 1    0.816838425064                 0      0.8277927406       51.95316619
    "BPM.10L1.B1"    "BPMYB.5L2.B1"       23132.34658            28.288                 1     0.90238659623                 0      0.9125036906       52.03787714
     "BPM.9L1.B1"    "BPMYB.5L2.B1"        23171.4116            28.288                 1    0.960566088504                 0      0.9703617906       52.09573524
    "BPMR.7L1.B1"    "BPMYB.5L2.B1"       23250.94062            28.288                 1     0.36140898673                 0      0.3659485006       52.49132195
   "BPMYA.4L1.B1"    "BPMYB.5L2.B1"       23347.14262            28.288                 1     0.81483658703                 0      0.8202436506        52.9456171
   "BPMWB.4L1.B1"    "BPMYB.5L2.B1"       23368.27512            28.288                 1    0.821615241963                 0      0.8268369406       52.95221039
   "BPMSY.4L1.B1"    "BPMYB.5L2.B1"       23461.05512            28.288                 1    0.830234437716                 0      0.8344024906       52.95977594
    "BPMS.2L1.B1"    "BPMYB.5L2.B1"       23487.84062            28.288                 1    0.830882465202                 0      0.8361373806       52.96151083
   "BPMSW.1L1.B1"    "BPMYB.5L2.B1"       23497.79062            28.288                 1    0.833044790799                 0      0.8372592606       52.96263271
   "BPMSW.1R1.B1"    "BPMYB.5L2.B1"       23540.93362            28.288                 1    0.326783118561                 0      0.3310743106       53.45644776
    "BPMS.2R1.B1"    "BPMYB.5L2.B1"       23550.89862            28.288                 1    0.327401141411                 0      0.3319531006       53.45732655
   "BPMSY.4R1.B1"    "BPMYB.5L2.B1"       23577.68412            28.288                 1    0.328530823653                 0      0.3331517006       53.45852515
   "BPMWB.4R1.B1"    "BPMYB.5L2.B1"       23670.46412            28.288                 1    0.337315191033                 0      0.3416886206       53.46706207
   "BPMYA.4R1.B1"    "BPMYB.5L2.B1"       23691.59662            28.288                 1    0.339860423838                 0      0.3446019806       53.46997543
     "BPM.5R1.B1"    "BPMYB.5L2.B1"       23719.00462            28.288                 1    0.345361013493                 0      0.3512037806       53.47657723
    "BPMR.6R1.B1"    "BPMYB.5L2.B1"       23750.90462            28.288                 1    0.364778026806                 0      0.3708427306       53.49621618
   "BPMSX.7R1.B1"    "BPMYB.5L2.B1"       23757.12012            28.288                 1    0.375695032417                 0      0.3785734606       53.50394691
   "BPM_A.7R1.B1"    "BPMYB.5L2.B1"       23778.62862            28.288                 1    0.453962484934                 0      0.4494965506          53.57487
     "BPM.8R1.B1"    "BPMYB.5L2.B1"       23820.06761            28.288                 1    0.654203890433                 0      0.6481111006       53.77348455
     "BPM.9R1.B1"    "BPMYB.5L2.B1"        23859.1346            28.288                 1    0.736647876896                 0      0.7331676006       53.85854105
    "BPM.10R1.B1"    "BPMYB.5L2.B1"       23899.59958            28.288                 1    0.829786647985                 0      0.8313951906       53.95676864
    "BPM.11R1.B1"    "BPMYB.5L2.B1"       23952.38227            28.288                 1     0.94232435907                 0      0.9470619506        54.0724354
    "BPM.12R1.B1"    "BPMYB.5L2.B1"       24007.10876            28.288                 1   0.0800942285413                 0      0.0831658706       54.20853932
    "BPM.13R1.B1"    "BPMYB.5L2.B1"       24060.56024            28.288                 1    0.200951082455                 0      0.1992765406       54.32464999
    "BPM.14R1.B1"    "BPMYB.5L2.B1"       24114.01173            28.288                 1     0.34369435425                 0      0.3455984706       54.47097192
    "BPM.15R1.B1"    "BPMYB.5L2.B1"       24167.46321            28.288                 1    0.457479305085                 0      0.4571549406       54.58252839
    "BPM.16R1.B1"    "BPMYB.5L2.B1"       24220.91469            28.288                 1    0.583248798927                 0      0.5836488906       54.70902234
    "BPM.17R1.B1"    "BPMYB.5L2.B1"       24274.36618            28.288                 1    0.700651202057                 0      0.6992638006       54.82463725
    "BPM.18R1.B1"    "BPMYB.5L2.B1"       24327.81766            28.288                 1    0.844197318915                 0      0.8455854906       54.97095894
    "BPM.19R1.B1"    "BPMYB.5L2.B1"       24381.26915            28.288                 1    0.956738395075                 0      0.9571432806       55.08251673
    "BPM.20R1.B1"    "BPMYB.5L2.B1"       24434.72063            28.288                 1   0.0866755409523                 0      0.0836368906       55.20901034
    "BPM.21R1.B1"    "BPMYB.5L2.B1"       24488.17211            28.288                 1    0.202339347131                 0      0.1992504106       55.32462386
    "BPM.22R1.B1"    "BPMYB.5L2.B1"        24541.6236            28.288                 1    0.347653325454                 0      0.3455725106       55.47094596
    "BPM.23R1.B1"    "BPMYB.5L2.B1"       24595.07508            28.288                 1    0.457203145804                 0      0.4571362506        55.5825097
    "BPM.24R1.B1"    "BPMYB.5L2.B1"       24648.52657            28.288                 1     0.58426299052                 0      0.5836365406       55.70900999
    "BPM.25R1.B1"    "BPMYB.5L2.B1"       24701.97805            28.288                 1    0.701657382201                 0      0.6992504106       55.82462386
    "BPM.26R1.B1"    "BPMYB.5L2.B1"       24755.42954            28.288                 1    0.845160518928                 0      0.8455725106       55.97094596
    "BPM.27R1.B1"    "BPMYB.5L2.B1"       24808.88102            28.288                 1    0.957511729473                 0      0.9571362506        56.0825097
    "BPM.28R1.B1"    "BPMYB.5L2.B1"        24862.3325            28.288                 1   0.0842787801263                 0      0.0836365406       56.20900999
    "BPM.29R1.B1"    "BPMYB.5L2.B1"       24915.78399            28.288                 1    0.200479646316                 0      0.1992504106       56.32462386
    "BPM.30R1.B1"    "BPMYB.5L2.B1"       24969.23547            28.288                 1    0.344407459912                 0      0.3455725106       56.47094596
    "BPM.31R1.B1"    "BPMYB.5L2.B1"       25022.68696            28.288                 1    0.459454175373                 0      0.4571362506        56.5825097
    "BPM.34R1.B1"    "BPMYB.5L2.B1"       25183.04141            28.288                 1    0.846342314757                 0      0.8455725106       56.97094596
    "BPM.33L2.B1"    "BPMYB.5L2.B1"       25236.49289            28.288                 1    0.957047035354                 0      0.9571362506        57.0825097
    "BPM.32L2.B1"    "BPMYB.5L2.B1"       25289.94438            28.288                 1   0.0827648861693                 0      0.0836365406       57.20900999
    "BPM.31L2.B1"    "BPMYB.5L2.B1"       25343.39586            28.288                 1    0.200281802151                 0      0.1992504106       57.32462386
    "BPM.30L2.B1"    "BPMYB.5L2.B1"       25396.84734            28.288                 1    0.348453826752                 0      0.3455725106       57.47094596
    "BPM.29L2.B1"    "BPMYB.5L2.B1"       25450.29883            28.288                 1     0.45515793961                 0      0.4571362506        57.5825097
    "BPM.28L2.B1"    "BPMYB.5L2.B1"       25503.75031            28.288                 1    0.585071331962                 0      0.5836365406       57.70900999
    "BPM.27L2.B1"    "BPMYB.5L2.B1"        25557.2018            28.288                 1    0.700068250823                 0      0.6992504106       57.82462386
    "BPM.26L2.B1"    "BPMYB.5L2.B1"       25610.65328            28.288                 1    0.848809494644                 0      0.8455725106       57.97094596
    "BPM.25L2.B1"    "BPMYB.5L2.B1"       25664.10477            28.288                 1    0.957034598515                 0      0.9571362506        58.0825097
    "BPM.24L2.B1"    "BPMYB.5L2.B1"       25717.55625            28.288                 1   0.0848085399373                 0      0.0836365406       58.20900999
    "BPM.23L2.B1"    "BPMYB.5L2.B1"       25771.00773            28.288                 1    0.201935606673                 0      0.1992504106       58.32462386
    "BPM.22L2.B1"    "BPMYB.5L2.B1"       25824.45922            28.288                 1    0.347829541304                 0      0.3455725106       58.47094596
    "BPM.21L2.B1"    "BPMYB.5L2.B1"        25877.9107            28.288                 1     0.45913466908                 0      0.4571362506        58.5825097
    "BPM.20L2.B1"    "BPMYB.5L2.B1"       25931.36219            28.288                 1    0.583633478822                 0      0.5836361106       58.70900956
    "BPM.17L2.B1"    "BPMYB.5L2.B1"       26091.71664            28.288                 1    0.960979597616                 0      0.9571245906       59.08249804
    "BPM.16L2.B1"    "BPMYB.5L2.B1"       26145.16812            28.288                 1   0.0843750500863                 0      0.0836241206       59.20899757
    "BPM.15L2.B1"    "BPMYB.5L2.B1"       26198.61961            28.288                 1    0.201257130985                 0      0.1992308306       59.32460428
    "BPM.14L2.B1"    "BPMYB.5L2.B1"       26252.07109            28.288                 1     0.34966423477                 0      0.3455465606       59.47092001
    "BPM.13L2.B1"    "BPMYB.5L2.B1"       26305.52257            28.288                 1    0.460045985217                 0      0.4571129206       59.58248637
    "BPM.12L2.B1"    "BPMYB.5L2.B1"       26358.97406            28.288                 1    0.584361306383                 0      0.5826466006       59.70802005
    "BPM.11L2.B1"    "BPMYB.5L2.B1"       26412.42554            28.288                 1    0.703516510009                 0      0.7033189606       59.82869241
    "BPM.10L2.B1"    "BPMYB.5L2.B1"       26464.26623            28.288                 1    0.854885638841                 0      0.8535153206       59.97888877
     "BPM.9L2.B1"    "BPMYB.5L2.B1"       26503.33322            28.288                 1    0.925034861296                 0      0.9227556006       60.04812905
     "BPM.8L2.B1"    "BPMYB.5L2.B1"       26543.79821            28.288                 1   0.0311148764543                 0      0.0253573406       60.15073079
     "BPM.7L2.B1"    "BPMYB.5L2.B1"        26582.8662            28.288                 1   0.0986201001993                 0      0.0903052206       60.21567867
    "BPMR.6L2.B1"    "BPMYB.5L2.B1"        26614.9722            28.288                 1    0.143611853466                 0      0.1368479506        60.2622214