@ GetLLMVersion %s "V3.0.0 Dev"
@ Command %s "/afs/cern.ch/work/o/omc/anaconda/bin/python '/afs/cern.ch/work/e/efol/public/Beta-Beat.src/GetLLM/GetLLM.py' '--accel=LHCB1' '--model=/afs/cern.ch/work/e/efol/public/betabeatGui/temp/2017-12-20/models/LHCB1/Multiturn-model_40cm_2041/twiss.dat' '--files=/afs/cern.ch/work/e/efol/public/betabeatGui/temp/2017-12-20/LHCB1/Measurements/Beam1@Turn@2017_09_11@19_02_33_250/Beam1@Turn@2017_09_11@19_02_33_250.sdds' '--output=/afs/cern.ch/work/e/efol/public/betabeatGui/temp/2017-12-20/LHCB1/Results/40cm_cleaned' '--tbtana=SUSSIX' '--bpmu=mm' '--lhcphase=1' '--errordefs=/afs/cern.ch/work/e/efol/public/betabeatGui/temp/2017-12-20/models/LHCB1/Multiturn-model_40cm_2041/error_deff.txt'"
@ CWD %s "/home/efol/Workspaces/Accsoft-Eclipse-Pro/lhc-app-beta-beating"
@ Date %s "20. December 2017, 16:40:59"
@ Q1 %le 0.309853389971
@ MUX %le 64.30985339
@ Q2 %le 0.319421650825
@ MUY %le 61.3194216508
@ FILES %s "/afs/cern.ch/work/e/efol/public/betabeatGui/temp/2017-12-20/LHCB1/Measurements/Beam1@Turn@2017_09_11@19_02_33_250/Beam1@Turn@2017_09_11@19_02_33_250.sdds.liny"
*            NAME             NAME2                 S                S1             COUNT            PHASEY            STDPHY            PHYMDL            MUYMDL
$              %s                %s               %le               %le               %le               %le               %le               %le               %le
   "BPMYB.5L2.B1"    "BPMYB.5L2.B1"            28.288            28.288                 1               0.0                 0               0.0      0.1162609817
   "BPMYB.4L2.B1"    "BPMYB.5L2.B1"            48.858            28.288                 1    0.057110587821                 0      0.0533393334      0.1696003151
   "BPMWI.4L2.B1"    "BPMYB.5L2.B1"           73.3255            28.288                 1    0.089322497686                 0       0.088281797      0.2045427787
   "BPMSX.4L2.B1"    "BPMYB.5L2.B1"          123.4825            28.288                 1    0.174761126674                 0      0.1696412141      0.2859021958
    "BPMS.2L2.B1"    "BPMYB.5L2.B1"           161.394            28.288                 1    0.215488175056                 0      0.2131718766      0.3294328583
   "BPMSW.1L2.B1"    "BPMYB.5L2.B1"           171.328            28.288                 1    0.232052201641                 0      0.2311185415      0.3473795232
   "BPMSW.1R2.B1"    "BPMYB.5L2.B1"           214.518            28.288                 1    0.592198772317                 0      0.5930725166      0.7093334983
    "BPMS.2R2.B1"    "BPMYB.5L2.B1"           224.452            28.288                 1    0.619175964583                 0      0.6164977797      0.7327587614
   "BPMSX.4R2.B1"    "BPMYB.5L2.B1"          262.3635            28.288                 1    0.668670090707                 0      0.6669027211      0.7831637028
   "BPMWB.4R2.B1"    "BPMYB.5L2.B1"          312.5965            28.288                 1     0.73885452807                 0      0.7361147129      0.8523756946
   "BPMYB.4R2.B1"    "BPMYB.5L2.B1"           336.988            28.288                 1     0.79352876482                 0      0.7872435667      0.9035045484
    "BPMR.5R2.B1"    "BPMYB.5L2.B1"           366.522            28.288                 1    0.826641253781                 0      0.8219998432      0.9382608249
     "BPM.6R2.B1"    "BPMYB.5L2.B1"           439.818            28.288                 1   0.0866387330963                 0      0.0863619353       1.202622917
   "BPM_A.7R2.B1"    "BPMYB.5L2.B1"           452.693            28.288                 1    0.120769140304                 0      0.1176795223       1.233940504
     "BPM.8R2.B1"    "BPMYB.5L2.B1"       494.1300106            28.288                 1    0.213080881263                 0      0.2119863453       1.328247327
     "BPM.9R2.B1"    "BPMYB.5L2.B1"       533.1950212            28.288                 1    0.320763505018                 0      0.3173565153       1.433617497
    "BPM.10R2.B1"    "BPMYB.5L2.B1"       573.6580318            28.288                 1    0.433062448975                 0      0.4289480763       1.545209058
    "BPM.11R2.B1"    "BPMYB.5L2.B1"       625.4967424            28.288                 1    0.608522525362                 0      0.6014437243       1.717704706
    "BPM.14R2.B1"    "BPMYB.5L2.B1"       787.1172901            28.288                 1    0.981366216845                 0      0.9763476553       2.092608637
    "BPM.15R2.B1"    "BPMYB.5L2.B1"        840.565806            28.288                 1    0.113512292336                 0      0.1079887313       2.224249713
    "BPM.16R2.B1"    "BPMYB.5L2.B1"       894.0143219            28.288                 1    0.220873827366                 0      0.2152213573       2.331482339
    "BPM.17R2.B1"    "BPMYB.5L2.B1"       947.4628378            28.288                 1    0.345802002746                 0      0.3434616073       2.459722589
    "BPM.18R2.B1"    "BPMYB.5L2.B1"       1000.911354            28.288                 1    0.456206173034                 0      0.4548773553       2.571138337
    "BPM.19R2.B1"    "BPMYB.5L2.B1"        1054.35987            28.288                 1    0.589908302608                 0      0.5871648293       2.703425811
    "BPM.20R2.B1"    "BPMYB.5L2.B1"       1107.808386            28.288                 1    0.695050261316                 0      0.6948453023       2.811106284
    "BPM.21R2.B1"    "BPMYB.5L2.B1"       1161.256901            28.288                 1     0.82194466214                 0      0.8225368903       2.938797872
    "BPM.22R2.B1"    "BPMYB.5L2.B1"       1214.705417            28.288                 1    0.931006737217                 0      0.9334127203       3.049673702
    "BPM.23R2.B1"    "BPMYB.5L2.B1"       1268.153933            28.288                 1   0.0673235911923                 0      0.0654936383        3.18175462
    "BPM.24R2.B1"    "BPMYB.5L2.B1"       1321.602449            28.288                 1      0.1765926873                 0      0.1763794643       3.292640446
    "BPM.25R2.B1"    "BPMYB.5L2.B1"       1375.050965            28.288                 1    0.309053440943                 0      0.3084664543       3.424727436
    "BPM.26R2.B1"    "BPMYB.5L2.B1"       1428.499481            28.288                 1    0.422757543096                 0      0.4193429073       3.535603889
    "BPM.27R2.B1"    "BPMYB.5L2.B1"       1481.947997            28.288                 1    0.553703738473                 0      0.5514228733       3.667683855
    "BPM.28R2.B1"    "BPMYB.5L2.B1"       1535.396513            28.288                 1    0.664785785252                 0      0.6623081593       3.778569141
    "BPM.29R2.B1"    "BPMYB.5L2.B1"       1588.845029            28.288                 1    0.794784892878                 0      0.7943960473       3.910657029
    "BPM.30R2.B1"    "BPMYB.5L2.B1"       1642.293545            28.288                 1    0.904663152021                 0      0.9052731083        4.02153409
    "BPM.31R2.B1"    "BPMYB.5L2.B1"        1695.74206            28.288                 1   0.0389938881703                 0      0.0373522393       4.153613221
    "BPM.32R2.B1"    "BPMYB.5L2.B1"       1749.190576            28.288                 1    0.151109588188                 0      0.1482368523       4.264497834
    "BPM.33R2.B1"    "BPMYB.5L2.B1"       1802.639092            28.288                 1    0.280945956631                 0      0.2803255073       4.396586489
    "BPM.33L3.B1"    "BPMYB.5L2.B1"       1909.536124            28.288                 1    0.522775410102                 0      0.5232817373       4.639542719
    "BPM.32L3.B1"    "BPMYB.5L2.B1"        1962.98464            28.288                 1    0.637497284948                 0      0.6341655653       4.750426547
    "BPM.31L3.B1"    "BPMYB.5L2.B1"       2016.433156            28.288                 1    0.770287414037                 0      0.7662548343       4.882515816
    "BPM.30L3.B1"    "BPMYB.5L2.B1"       2069.881672            28.288                 1    0.877715089305                 0      0.8771334603       4.993394442
    "BPM.29L3.B1"    "BPMYB.5L2.B1"       2123.330188            28.288                 1   0.0101875802343                 0      0.0092113683        5.12547235
    "BPM.26L3.B1"    "BPMYB.5L2.B1"       2283.675735            28.288                 1    0.367561123233                 0      0.3630635643       5.479324546
    "BPM.25L3.B1"    "BPMYB.5L2.B1"       2337.124251            28.288                 1     0.49789787164                 0      0.4951411253       5.611402107
    "BPM.24L3.B1"    "BPMYB.5L2.B1"       2390.572767            28.288                 1    0.610970492365                 0      0.6060231463       5.722284128
    "BPM.23L3.B1"    "BPMYB.5L2.B1"       2444.021283            28.288                 1     0.74567331056                 0      0.7381131073       5.854374089
    "BPM.22L3.B1"    "BPMYB.5L2.B1"       2497.469799            28.288                 1    0.855116506445                 0      0.8489935933       5.965254575
    "BPM.21L3.B1"    "BPMYB.5L2.B1"       2550.918315            28.288                 1    0.986317259394                 0      0.9810709983        6.09733198
    "BPM.20L3.B1"    "BPMYB.5L2.B1"       2604.366831            28.288                 1   0.0927875820223                 0      0.0886869793       6.204947961
    "BPM.19L3.B1"    "BPMYB.5L2.B1"       2657.815347            28.288                 1    0.224430487201                 0      0.2165706903       6.332831672
    "BPM.18L3.B1"    "BPMYB.5L2.B1"       2711.263863            28.288                 1    0.333364286223                 0      0.3275406033       6.443801585
    "BPM.17L3.B1"    "BPMYB.5L2.B1"       2764.712379            28.288                 1    0.465714172985                 0      0.4601393483        6.57640033
    "BPM.16L3.B1"    "BPMYB.5L2.B1"       2818.160894            28.288                 1    0.572354441306                 0      0.5682807063       6.684541688
    "BPM.14L3.B1"    "BPMYB.5L2.B1"       2925.057926            28.288                 1     0.81152048367                 0      0.8061224173       6.922383399
    "BPM.13L3.B1"    "BPMYB.5L2.B1"       2978.506442            28.288                 1    0.940862239851                 0      0.9390693313       7.055330313
    "BPM.12L3.B1"    "BPMYB.5L2.B1"       3031.954958            28.288                 1   0.0541874712313                 0      0.0534765973       7.169737579
    "BPM.11L3.B1"    "BPMYB.5L2.B1"       3085.403474            28.288                 1     0.18957059433                 0      0.1855344643       7.301795446
    "BPM.10L3.B1"    "BPMYB.5L2.B1"       3138.184185            28.288                 1    0.299753578271                 0      0.2933609293       7.409621911
     "BPM.9L3.B1"    "BPMYB.5L2.B1"       3177.249195            28.288                 1    0.414398020856                 0      0.4109534283        7.52721441
     "BPM.8L3.B1"    "BPMYB.5L2.B1"       3217.712206            28.288                 1    0.582176532275                 0      0.5774901773       7.693751159
     "BPM.7L3.B1"    "BPMYB.5L2.B1"       3256.776216            28.288                 1    0.754804181546                 0      0.7506707153       7.866931697
     "BPM.6L3.B1"    "BPMYB.5L2.B1"       3329.415216            28.288                 1    0.872549237175                 0      0.8700269223       7.986287904
  "BPMWG.A5L3.B1"    "BPMYB.5L2.B1"       3371.119716            28.288                 1    0.918645590158                 0      0.9168003863       8.033061368
    "BPMW.5L3.B1"    "BPMYB.5L2.B1"       3400.089716            28.288                 1    0.934416050304                 0      0.9323998243       8.048660806
   "BPMWE.4L3.B1"    "BPMYB.5L2.B1"       3475.217716            28.288                 1   0.0107052292803                 0      0.0058248083        8.12208579
    "BPMW.4L3.B1"    "BPMYB.5L2.B1"       3502.762716            28.288                 1   0.0522546634803                 0      0.0514519973       8.167712979
    "BPMW.4R3.B1"    "BPMYB.5L2.B1"       3547.727716            28.288                 1   0.0863789168363                 0      0.0865951723       8.202856154
   "BPMWE.4R3.B1"    "BPMYB.5L2.B1"       3575.272716            28.288                 1   0.0980592940753                 0      0.0978841063       8.214145088
    "BPMW.5R3.B1"    "BPMYB.5L2.B1"       3650.400716            28.288                 1    0.170769309844                 0      0.1712698113       8.287530793
  "BPMWJ.A5R3.B1"    "BPMYB.5L2.B1"       3679.118716            28.288                 1    0.232908460265                 0      0.2346311103       8.350892092
   "BPMWC.6R3.B1"    "BPMYB.5L2.B1"       3718.936716            28.288                 1    0.278789329534                 0      0.2795889003       8.395849882
    "BPMR.6R3.B1"    "BPMYB.5L2.B1"       3731.015216            28.288                 1    0.285462182705                 0      0.2872638483        8.40352483
   "BPM_A.7R3.B1"    "BPMYB.5L2.B1"       3786.839216            28.288                 1    0.356625375773                 0      0.3587772133       8.475038195
     "BPM.8R3.B1"    "BPMYB.5L2.B1"       3825.903227            28.288                 1    0.417185286708                 0      0.4207934903       8.537054472
     "BPM.9R3.B1"    "BPMYB.5L2.B1"       3864.968238            28.288                 1    0.471865532558                 0      0.4735569423       8.589817924
    "BPM.10R3.B1"    "BPMYB.5L2.B1"       3905.431248            28.288                 1    0.533572479468                 0      0.5367727453       8.653033727
    "BPM.11R3.B1"    "BPMYB.5L2.B1"       3958.211959            28.288                 1    0.631800049197                 0      0.6384714693       8.754732451
    "BPM.12R3.B1"    "BPMYB.5L2.B1"       4012.935475            28.288                 1    0.757173687813                 0      0.7605430933       8.876804075
    "BPM.13R3.B1"    "BPMYB.5L2.B1"       4066.383991            28.288                 1    0.871339581671                 0      0.8755147393       8.991775721
    "BPM.14R3.B1"    "BPMYB.5L2.B1"       4119.832506            28.288                 1  0.00196135238631                 0      0.0062050533       9.122466035
    "BPM.15R3.B1"    "BPMYB.5L2.B1"       4173.281022            28.288                 1    0.109700575513                 0      0.1131697153       9.229430697
    "BPM.17R3.B1"    "BPMYB.5L2.B1"       4280.178054            28.288                 1    0.352958338423                 0      0.3541110663       9.470372048
    "BPM.19R3.B1"    "BPMYB.5L2.B1"       4387.075086            28.288                 1    0.597644828501                 0      0.5927564413       9.709017423
    "BPM.20R3.B1"    "BPMYB.5L2.B1"       4440.523602            28.288                 1    0.724217703702                 0      0.7212028223       9.837463804
    "BPM.21R3.B1"    "BPMYB.5L2.B1"       4493.972118            28.288                 1    0.839927276429                 0      0.8326626693       9.948923651
    "BPM.22R3.B1"    "BPMYB.5L2.B1"       4547.420634            28.288                 1    0.966768586618                 0      0.9647443083       10.08100529
    "BPM.23R3.B1"    "BPMYB.5L2.B1"        4600.86915            28.288                 1   0.0781976692863                 0      0.0756289783       10.19188996
    "BPM.24R3.B1"    "BPMYB.5L2.B1"       4654.317666            28.288                 1    0.210805168405                 0      0.2077157783       10.32397676
    "BPM.25R3.B1"    "BPMYB.5L2.B1"       4707.766181            28.288                 1    0.323695568808                 0      0.3185933783       10.43485436
    "BPM.26R3.B1"    "BPMYB.5L2.B1"       4761.214697            28.288                 1     0.45487614075                 0      0.4506736383       10.56693462
    "BPM.27R3.B1"    "BPMYB.5L2.B1"       4814.663213            28.288                 1    0.566283047264                 0      0.5615578083       10.67781879
    "BPM.28R3.B1"    "BPMYB.5L2.B1"       4868.111729            28.288                 1     0.69714229478                 0      0.6936452783       10.80990626
    "BPM.29R3.B1"    "BPMYB.5L2.B1"       4921.560245            28.288                 1    0.810887363693                 0      0.8045234283       10.92078441
    "BPM.30R3.B1"    "BPMYB.5L2.B1"       4975.008761            28.288                 1     0.94048989599                 0      0.9366030883       11.05286407
    "BPM.31R3.B1"    "BPMYB.5L2.B1"       5028.457277            28.288                 1   0.0522606788763                 0      0.0474866483       11.16374763
    "BPM.32R3.B1"    "BPMYB.5L2.B1"       5081.905793            28.288                 1    0.182834312388                 0      0.1795746783       11.29583566
    "BPM.33R3.B1"    "BPMYB.5L2.B1"       5135.354309            28.288                 1    0.298050920624                 0      0.2904534683       11.40671445
    "BPM.34R3.B1"    "BPMYB.5L2.B1"       5188.802825            28.288                 1    0.426150494061                 0      0.4225326383       11.53879362
    "BPM.33L4.B1"    "BPMYB.5L2.B1"        5242.25134            28.288                 1    0.535269464485                 0      0.5334155283       11.64967651
    "BPM.32L4.B1"    "BPMYB.5L2.B1"       5295.699856            28.288                 1    0.668323296349                 0      0.6655039583       11.78176494
    "BPM.31L4.B1"    "BPMYB.5L2.B1"       5349.148372            28.288                 1    0.778071534991                 0      0.7763834683       11.89264445
    "BPM.30L4.B1"    "BPMYB.5L2.B1"       5402.596888            28.288                 1    0.912230425867                 0      0.9084622983       12.02472328
    "BPM.29L4.B1"    "BPMYB.5L2.B1"       5456.045404            28.288                 1   0.0203755057973                 0      0.0193444383       12.13560542
    "BPM.28L4.B1"    "BPMYB.5L2.B1"        5509.49392            28.288                 1    0.155188965018                 0      0.1514331483       12.26769413
    "BPM.27L4.B1"    "BPMYB.5L2.B1"       5562.942436            28.288                 1    0.266194972841                 0      0.2623134083       12.37857439
    "BPM.26L4.B1"    "BPMYB.5L2.B1"       5616.390952            28.288                 1    0.397662788942                 0      0.3943920483       12.51065303
    "BPM.25L4.B1"    "BPMYB.5L2.B1"       5669.839468            28.288                 1    0.508258540114                 0      0.5052734183        12.6215344
    "BPM.24L4.B1"    "BPMYB.5L2.B1"       5723.287984            28.288                 1    0.640365218871                 0      0.6373622383       12.75362322
    "BPM.23L4.B1"    "BPMYB.5L2.B1"         5776.7365            28.288                 1    0.748954373874                 0      0.7482432883       12.86450427
    "BPM.22L4.B1"    "BPMYB.5L2.B1"       5830.185015            28.288                 1    0.883338170126                 0      0.8803218883       12.99658287
    "BPM.21L4.B1"    "BPMYB.5L2.B1"       5883.633531            28.288                 1    0.992220123082                 0      0.9912024783       13.10746346
    "BPM.20L4.B1"    "BPMYB.5L2.B1"       5937.082047            28.288                 1    0.125916013824                 0      0.1239951183        13.2402561
    "BPM.19L4.B1"    "BPMYB.5L2.B1"       5990.530563            28.288                 1      0.2358329703                 0      0.2322400383       13.34850102
    "BPM.17L4.B1"    "BPMYB.5L2.B1"       6097.427595            28.288                 1    0.477506576629                 0      0.4697809683       13.58604195
    "BPM.16L4.B1"    "BPMYB.5L2.B1"       6150.876111            28.288                 1     0.60815934054                 0      0.6028858783       13.71914686
    "BPM.15L4.B1"    "BPMYB.5L2.B1"       6204.324627            28.288                 1    0.717796117339                 0      0.7117850383       13.82804602
    "BPM.14L4.B1"    "BPMYB.5L2.B1"       6257.773143            28.288                 1    0.848243653165                 0      0.8388896283       13.95515061
    "BPM.13L4.B1"    "BPMYB.5L2.B1"       6311.221659            28.288                 1    0.957262704123                 0      0.9484398583       14.06470084
    "BPM.12L4.B1"    "BPMYB.5L2.B1"       6364.670174            28.288                 1   0.0887430071273                 0      0.0812089983       14.19746998
    "BPM.11L4.B1"    "BPMYB.5L2.B1"        6418.11869            28.288                 1    0.196316291094                 0      0.1863216783       14.30258266
    "BPM.10L4.B1"    "BPMYB.5L2.B1"       6469.957401            28.288                 1    0.313013664151                 0      0.3033710183         14.419632
     "BPM.9L4.B1"    "BPMYB.5L2.B1"       6509.022412            28.288                 1    0.374469707475                 0      0.3640009683       14.48026195
     "BPM.7L4.B1"    "BPMYB.5L2.B1"       6588.549433            28.288                 1    0.506042248242                 0      0.5017048383       14.61796582
   "BPMYB.6L4.B1"    "BPMYB.5L2.B1"       6685.153433            28.288                 1    0.583175571175                 0      0.5793444183        14.6956054
   "BPMYA.5L4.B1"    "BPMYB.5L2.B1"       6722.153433            28.288                 1    0.598724343049                 0      0.5944372283       14.71069821
  "BPMWI.A5L4.B1"    "BPMYB.5L2.B1"       6798.755933            28.288                 1    0.655412246161                 0      0.6506263283       14.76688731
  "BPMWA.B5L4.B1"    "BPMYB.5L2.B1"       6824.619933            28.288                 1    0.675033125852                 0      0.6694557883       14.78571677
  "BPMWA.A5L4.B1"    "BPMYB.5L2.B1"       6833.504933            28.288                 1    0.681974861011                 0      0.6757312683       14.79199225
  "BPMWA.A5R4.B1"    "BPMYB.5L2.B1"       6881.553933            28.288                 1    0.711623216931                 0      0.7071676083       14.82342859
  "BPMWA.B5R4.B1"    "BPMYB.5L2.B1"       6890.438933            28.288                 1    0.715962624294                 0      0.7124460383       14.82870702
   "BPMYB.5R4.B1"    "BPMYB.5L2.B1"       6992.829433            28.288                 1    0.764385345571                 0      0.7608450083       14.87710599
   "BPMYA.6R4.B1"    "BPMYB.5L2.B1"       7024.393433            28.288                 1    0.786375239272                 0      0.7821704383       14.89843142
     "BPM.7R4.B1"    "BPMYB.5L2.B1"       7120.909433            28.288                 1    0.902549043177                 0      0.9013635283       15.01762451
     "BPM.8R4.B1"    "BPMYB.5L2.B1"       7158.698443            28.288                 1   0.0312832528393                 0      0.0337239583       15.14998494
     "BPM.9R4.B1"    "BPMYB.5L2.B1"       7197.763454            28.288                 1    0.236534431955                 0      0.2364292683       15.35269025
    "BPM.10R4.B1"    "BPMYB.5L2.B1"       7238.226465            28.288                 1    0.309342389799                 0      0.3078069283       15.42406791
    "BPM.11R4.B1"    "BPMYB.5L2.B1"       7290.065175            28.288                 1    0.415835687183                 0      0.4157212883       15.53198227
    "BPM.12R4.B1"    "BPMYB.5L2.B1"       7344.788691            28.288                 1    0.527935332301                 0      0.5286977783       15.64495876
    "BPM.13R4.B1"    "BPMYB.5L2.B1"       7398.237207            28.288                 1    0.659618161731                 0      0.6609332383       15.77719422
    "BPM.14R4.B1"    "BPMYB.5L2.B1"       7451.685723            28.288                 1    0.774267166593                 0      0.7747664883       15.89102747
    "BPM.15R4.B1"    "BPMYB.5L2.B1"       7505.134239            28.288                 1    0.911297584983                 0      0.9109058483       16.02716683
    "BPM.16R4.B1"    "BPMYB.5L2.B1"       7558.582755            28.288                 1   0.0201080782103                 0      0.0247352383       16.14099622
    "BPM.17R4.B1"    "BPMYB.5L2.B1"       7612.031271            28.288                 1    0.156514768606                 0      0.1608845383       16.27714552
    "BPM.18R4.B1"    "BPMYB.5L2.B1"       7665.479786            28.288                 1    0.271362556586                 0      0.2747179183        16.3909789
    "BPM.19R4.B1"    "BPMYB.5L2.B1"       7718.928302            28.288                 1    0.407512455777                 0      0.4108572883       16.52711827
    "BPM.20R4.B1"    "BPMYB.5L2.B1"       7772.376818            28.288                 1     0.51878319606                 0      0.5246866683       16.64094765
    "BPM.21R4.B1"    "BPMYB.5L2.B1"       7825.825334            28.288                 1    0.652780990535                 0      0.6608359683       16.77709695
    "BPM.22R4.B1"    "BPMYB.5L2.B1"        7879.27385            28.288                 1    0.765827264626                 0      0.7746693483       16.89093033
    "BPM.23R4.B1"    "BPMYB.5L2.B1"       7932.722366            28.288                 1     0.90502048215                 0      0.9108091683       17.02707015
    "BPM.24R4.B1"    "BPMYB.5L2.B1"       7986.170882            28.288                 1   0.0172873506333                 0      0.0246438983       17.14090488
    "BPM.25R4.B1"    "BPMYB.5L2.B1"       8039.619398            28.288                 1    0.153669953757                 0      0.1607999083       17.27706089
    "BPM.26R4.B1"    "BPMYB.5L2.B1"       8093.067914            28.288                 1    0.268993704653                 0      0.2746332983       17.39089428
    "BPM.27R4.B1"    "BPMYB.5L2.B1"        8146.51643            28.288                 1    0.406252109402                 0      0.4107731083       17.52703409
    "BPM.28R4.B1"    "BPMYB.5L2.B1"       8199.964946            28.288                 1    0.521490277415                 0      0.5246078383       17.64086882
    "BPM.29R4.B1"    "BPMYB.5L2.B1"       8253.413461            28.288                 1    0.655799410703                 0      0.6607638483       17.77702483
    "BPM.30R4.B1"    "BPMYB.5L2.B1"       8306.861977            28.288                 1    0.771373306477                 0      0.7745972383       17.89085822
    "BPM.31R4.B1"    "BPMYB.5L2.B1"       8360.310493            28.288                 1    0.905748505789                 0      0.9107370483       18.02699803
    "BPM.32R4.B1"    "BPMYB.5L2.B1"       8413.759009            28.288                 1   0.0214487205343                 0      0.0245717783       18.14083276
    "BPM.33R4.B1"    "BPMYB.5L2.B1"       8467.207525            28.288                 1    0.159477408726                 0      0.1607277883       18.27698877
    "BPM.34R4.B1"    "BPMYB.5L2.B1"       8520.656041            28.288                 1     0.27353343065                 0      0.2745611883       18.39082217
    "BPM.33L5.B1"    "BPMYB.5L2.B1"       8574.104557            28.288                 1    0.408278507325                 0      0.4107009983       18.52696198
    "BPM.32L5.B1"    "BPMYB.5L2.B1"       8627.553073            28.288                 1    0.522246336995                 0      0.5245357183        18.6407967
    "BPM.31L5.B1"    "BPMYB.5L2.B1"       8681.001589            28.288                 1    0.660607707011                 0      0.6606917283       18.77695271
    "BPM.30L5.B1"    "BPMYB.5L2.B1"       8734.450105            28.288                 1    0.770620051165                 0      0.7745251283       18.89078611
    "BPM.29L5.B1"    "BPMYB.5L2.B1"        8787.89862            28.288                 1    0.908645742827                 0      0.9106649383       19.02692592
    "BPM.28L5.B1"    "BPMYB.5L2.B1"       8841.347136            28.288                 1   0.0234726044433                 0      0.0244996583       19.14076064
    "BPM.27L5.B1"    "BPMYB.5L2.B1"       8894.795652            28.288                 1    0.160943020914                 0      0.1606556683       19.27691665
    "BPM.26L5.B1"    "BPMYB.5L2.B1"       8948.244168            28.288                 1    0.273057235916                 0      0.2744890783       19.39075006
    "BPM.25L5.B1"    "BPMYB.5L2.B1"       9001.692684            28.288                 1    0.411313137714                 0      0.4106288883       19.52688987
    "BPM.24L5.B1"    "BPMYB.5L2.B1"         9055.1412            28.288                 1    0.526043150513                 0      0.5244635983       19.64072458
    "BPM.23L5.B1"    "BPMYB.5L2.B1"       9108.589716            28.288                 1     0.66192146269                 0      0.6606196083       19.77688059
    "BPM.22L5.B1"    "BPMYB.5L2.B1"       9162.038232            28.288                 1    0.774264515185                 0      0.7744530183         19.890714
    "BPM.21L5.B1"    "BPMYB.5L2.B1"       9215.486748            28.288                 1     0.91075988702                 0      0.9105928283       20.02685381
    "BPM.20L5.B1"    "BPMYB.5L2.B1"       9268.935264            28.288                 1   0.0216911176573                 0      0.0244225583       20.14068354
    "BPM.19L5.B1"    "BPMYB.5L2.B1"       9322.383779            28.288                 1    0.157308090631                 0      0.1605714083       20.27683239
    "BPM.18L5.B1"    "BPMYB.5L2.B1"       9375.832295            28.288                 1    0.269157995719                 0      0.2744044483       20.39066543
    "BPM.17L5.B1"    "BPMYB.5L2.B1"       9429.280811            28.288                 1    0.406133290768                 0      0.4105442583       20.52680524
    "BPM.16L5.B1"    "BPMYB.5L2.B1"       9482.729327            28.288                 1     0.52031113295                 0      0.5243739883       20.64063497
    "BPM.15L5.B1"    "BPMYB.5L2.B1"       9536.177843            28.288                 1    0.652999198318                 0      0.6605228383       20.77678382
    "BPM.14L5.B1"    "BPMYB.5L2.B1"       9589.626359            28.288                 1    0.766066466648                 0      0.7743558883       20.89061687
    "BPM.13L5.B1"    "BPMYB.5L2.B1"       9643.074875            28.288                 1    0.902713478029                 0      0.9104956983       21.02675668
    "BPM.12L5.B1"    "BPMYB.5L2.B1"       9696.523391            28.288                 1   0.0108307251633                 0      0.0171524283       21.13341341
    "BPM.11L5.B1"    "BPMYB.5L2.B1"       9749.971907            28.288                 1    0.138783516919                 0      0.1446917983       21.26095278
    "BPM.10L5.B1"    "BPMYB.5L2.B1"       9802.752617            28.288                 1    0.220530679454                 0      0.2284893783       21.34475036
     "BPM.9L5.B1"    "BPMYB.5L2.B1"       9841.817628            28.288                 1    0.281150401739                 0      0.2897751483       21.40603613
     "BPM.8L5.B1"    "BPMYB.5L2.B1"       9882.280639            28.288                 1    0.408495062785                 0      0.4163979783       21.53265896
    "BPMR.5L5.B1"    "BPMYB.5L2.B1"       9990.140649            28.288                 1    0.111671026074                 0      0.1170262983       22.23328728
   "BPMYA.4L5.B1"    "BPMYB.5L2.B1"       10017.54665            28.288                 1    0.130692434799                 0      0.1375473383       22.25380832
   "BPMWB.4L5.B1"    "BPMYB.5L2.B1"       10038.68115            28.288                 1    0.137712153285                 0      0.1437849683       22.26004595
   "BPMSY.4L5.B1"    "BPMYB.5L2.B1"       10131.46115            28.288                 1    0.144740566243                 0      0.1509826483       22.26724363
    "BPMS.2L5.B1"    "BPMYB.5L2.B1"       10158.24665            28.288                 1    0.146620546117                 0      0.1526397483       22.26890073
   "BPMSW.1L5.B1"    "BPMYB.5L2.B1"       10168.21165            28.288                 1    0.147759484626                 0      0.1537147283       22.26997571
   "BPMSW.1R5.B1"    "BPMYB.5L2.B1"       10211.33965            28.288                 1    0.641760516314                 0      0.6478106683       22.76407165
    "BPMS.2R5.B1"    "BPMYB.5L2.B1"       10221.30465            28.288                 1    0.650229123952                 0      0.6486473283       22.76490831
   "BPMSY.4R5.B1"    "BPMYB.5L2.B1"       10248.09015            28.288                 1    0.643424500122                 0      0.6497895083       22.76605049
   "BPMWB.4R5.B1"    "BPMYB.5L2.B1"       10340.87015            28.288                 1    0.652428722399                 0      0.6579592883       22.77422027
   "BPMYA.4R5.B1"    "BPMYB.5L2.B1"       10362.00265            28.288                 1    0.654921697853                 0      0.6607618583       22.77702284
     "BPM.5R5.B1"    "BPMYB.5L2.B1"       10383.12065            28.288                 1    0.659855956075                 0      0.6651460283       22.78140701
    "BPMR.6R5.B1"    "BPMYB.5L2.B1"       10415.02065            28.288                 1    0.674104636867                 0      0.6806269583       22.79688794
   "BPM_A.7R5.B1"    "BPMYB.5L2.B1"       10449.03465            28.288                 1    0.763631069639                 0      0.7673655583       22.88362654
     "BPM.8R5.B1"    "BPMYB.5L2.B1"       10490.47364            28.288                 1    0.971315101231                 0      0.9767670283       23.09302801
     "BPM.9R5.B1"    "BPMYB.5L2.B1"       10529.54063            28.288                 1   0.0508823087093                 0      0.0569673083       23.17322829
    "BPM.10R5.B1"    "BPMYB.5L2.B1"       10570.00562            28.288                 1    0.141304831774                 0      0.1481160883       23.26437707
    "BPM.11R5.B1"    "BPMYB.5L2.B1"       10622.78831            28.288                 1    0.239908928398                 0      0.2647701383       23.38103112
    "BPM.12R5.B1"    "BPMYB.5L2.B1"       10677.51479            28.288                 1     0.40607288574                 0      0.4111973083       23.52745829
    "BPM.13R5.B1"    "BPMYB.5L2.B1"       10730.96627            28.288                 1    0.519825656902                 0      0.5255552983       23.64181628
    "BPM.14R5.B1"    "BPMYB.5L2.B1"       10784.41776            28.288                 1    0.655737555194                 0      0.6617222083       23.77798319
    "BPM.15R5.B1"    "BPMYB.5L2.B1"       10837.86924            28.288                 1    0.773517062586                 0      0.7755582483       23.89181923
    "BPM.16R5.B1"    "BPMYB.5L2.B1"       10891.32073            28.288                 1     0.91130789785                 0      0.9117012183        24.0279622
    "BPM.17R5.B1"    "BPMYB.5L2.B1"       10944.77221            28.288                 1   0.0217867682973                 0      0.0255433883       24.14180437
    "BPM.18R5.B1"    "BPMYB.5L2.B1"        10998.2237            28.288                 1    0.159416257551                 0      0.1617096883       24.27797067
    "BPM.19R5.B1"    "BPMYB.5L2.B1"       11051.67518            28.288                 1    0.275433224896                 0      0.2755457383       24.39180672
    "BPM.20R5.B1"    "BPMYB.5L2.B1"       11105.12666            28.288                 1    0.414877744876                 0      0.4116887083       24.52794969
    "BPM.21R5.B1"    "BPMYB.5L2.B1"       11158.57815            28.288                 1     0.52469861479                 0      0.5255308683       24.64179185
    "BPM.22R5.B1"    "BPMYB.5L2.B1"       11212.02963            28.288                 1    0.662040036651                 0      0.6616971783       24.77795816
    "BPM.23R5.B1"    "BPMYB.5L2.B1"       11265.48112            28.288                 1    0.781245232834                 0      0.7755382083       24.89179919
    "BPM.24R5.B1"    "BPMYB.5L2.B1"        11318.9326            28.288                 1    0.917546469522                 0      0.9116883383       25.02794932
    "BPM.25R5.B1"    "BPMYB.5L2.B1"       11372.38408            28.288                 1   0.0280032248933                 0      0.0255308683       25.14179185
    "BPM.26R5.B1"    "BPMYB.5L2.B1"       11425.83557            28.288                 1    0.164420924778                 0      0.1616971783       25.27795816
    "BPM.27R5.B1"    "BPMYB.5L2.B1"       11479.28705            28.288                 1    0.280466099761                 0      0.2755382083       25.39179919
    "BPM.28R5.B1"    "BPMYB.5L2.B1"       11532.73854            28.288                 1    0.412513383564                 0      0.4116883383       25.52794932
    "BPM.29R5.B1"    "BPMYB.5L2.B1"       11586.19002            28.288                 1    0.524380595002                 0      0.5255308683       25.64179185
    "BPM.30R5.B1"    "BPMYB.5L2.B1"        11639.6415            28.288                 1    0.664014570068                 0      0.6616971783       25.77795816
    "BPM.31R5.B1"    "BPMYB.5L2.B1"       11693.09299            28.288                 1    0.777160054266                 0      0.7755382083       25.89179919
    "BPM.32R5.B1"    "BPMYB.5L2.B1"       11746.54447            28.288                 1    0.911628757595                 0      0.9116883383       26.02794932
    "BPM.33R5.B1"    "BPMYB.5L2.B1"       11799.99596            28.288                 1   0.0227381900093                 0      0.0255308683       26.14179185
    "BPM.34R5.B1"    "BPMYB.5L2.B1"       11853.44744            28.288                 1    0.162791638172                 0      0.1616971783       26.27795816
    "BPM.33L6.B1"    "BPMYB.5L2.B1"       11906.89893            28.288                 1    0.278999911796                 0      0.2755382083       26.39179919
    "BPM.32L6.B1"    "BPMYB.5L2.B1"       11960.35041            28.288                 1    0.408959379265                 0      0.4116883383       26.52794932
    "BPM.31L6.B1"    "BPMYB.5L2.B1"       12013.80189            28.288                 1    0.521617467106                 0      0.5255308683       26.64179185
    "BPM.30L6.B1"    "BPMYB.5L2.B1"       12067.25338            28.288                 1    0.660170789145                 0      0.6616971783       26.77795816
    "BPM.29L6.B1"    "BPMYB.5L2.B1"       12120.70486            28.288                 1    0.775781755876                 0      0.7755382083       26.89179919
    "BPM.28L6.B1"    "BPMYB.5L2.B1"       12174.15635            28.288                 1     0.90765402647                 0      0.9116883383       27.02794932
    "BPM.27L6.B1"    "BPMYB.5L2.B1"       12227.60783            28.288                 1   0.0193952489843                 0      0.0255308683       27.14179185
    "BPM.26L6.B1"    "BPMYB.5L2.B1"       12281.05931            28.288                 1    0.159360647163                 0      0.1616971783       27.27795816
    "BPM.25L6.B1"    "BPMYB.5L2.B1"        12334.5108            28.288                 1    0.274287183119                 0      0.2755382083       27.39179919
    "BPM.24L6.B1"    "BPMYB.5L2.B1"       12387.96228            28.288                 1    0.406079604234                 0      0.4116883383       27.52794932
    "BPM.23L6.B1"    "BPMYB.5L2.B1"       12441.41377            28.288                 1    0.516743753199                 0      0.5255308683       27.64179185
    "BPM.22L6.B1"    "BPMYB.5L2.B1"       12494.86525            28.288                 1    0.656236638309                 0      0.6616971783       27.77795816
    "BPM.21L6.B1"    "BPMYB.5L2.B1"       12548.31673            28.288                 1    0.772545329721                 0      0.7755382083       27.89179919
    "BPM.20L6.B1"    "BPMYB.5L2.B1"       12601.76822            28.288                 1     0.90759840992                 0      0.9116878983       28.02794888
    "BPM.19L6.B1"    "BPMYB.5L2.B1"        12655.2197            28.288                 1   0.0226270630153                 0      0.0255250783       28.14178606
    "BPM.18L6.B1"    "BPMYB.5L2.B1"       12708.67119            28.288                 1     0.16177455841                 0      0.1616846683       28.27794565
    "BPM.17L6.B1"    "BPMYB.5L2.B1"       12762.12267            28.288                 1    0.278222293081                 0      0.2755256983       28.39178668
    "BPM.16L6.B1"    "BPMYB.5L2.B1"       12815.57415            28.288                 1     0.41259781451                 0      0.4116753883       28.52793637
    "BPM.15L6.B1"    "BPMYB.5L2.B1"       12869.02564            28.288                 1    0.518327249287                 0      0.5255125683       28.64177355
    "BPM.14L6.B1"    "BPMYB.5L2.B1"       12922.47712            28.288                 1    0.667520890343                 0      0.6616721583       28.77793314
    "BPM.13L6.B1"    "BPMYB.5L2.B1"       12975.92861            28.288                 1    0.782849675778                 0      0.7755131883       28.89177417
    "BPM.12L6.B1"    "BPMYB.5L2.B1"       13029.38009            28.288                 1    0.915197441121                 0      0.9113493983       29.02761038
    "BPM.11L6.B1"    "BPMYB.5L2.B1"       13082.83158            28.288                 1   0.0390836007023                 0      0.0382240883       29.15448507
    "BPM.10L6.B1"    "BPMYB.5L2.B1"       13134.67226            28.288                 1    0.187301165153                 0      0.1850018683       29.30126285
     "BPM.9L6.B1"    "BPMYB.5L2.B1"       13173.73925            28.288                 1     0.30259408612                 0      0.2982722283       29.41453321
     "BPM.8L6.B1"    "BPMYB.5L2.B1"       13214.20424            28.288                 1     0.52310829974                 0      0.5238833083       29.64014429
   "BPMYA.5L6.B1"    "BPMYB.5L2.B1"       13311.29423            28.288                 1    0.625918837259                 0      0.6259792483       29.74224023
   "BPMYB.4L6.B1"    "BPMYB.5L2.B1"       13347.69423            28.288                 1     0.64509436034                 0      0.6449212283       29.76118221
   "BPMSA.4R6.B1"    "BPMYB.5L2.B1"       13568.51473            28.288                 1    0.777224815872                 0      0.7799426283       29.89620361
   "BPMYA.4R6.B1"    "BPMYB.5L2.B1"       13691.29423            28.288                 1    0.923603714923                 0      0.9240927683       30.04035375
   "BPMYB.5R6.B1"    "BPMYB.5L2.B1"       13727.69423            28.288                 1    0.941042360213                 0      0.9421137783       30.05837476
    "BPM.11R6.B1"    "BPMYB.5L2.B1"       13954.79389            28.288                 1     0.49421170547                 0      0.4990899783       30.61535096
    "BPM.12R6.B1"    "BPMYB.5L2.B1"       14009.52037            28.288                 1    0.603994871147                 0      0.6127489883       30.72900997
    "BPM.13R6.B1"    "BPMYB.5L2.B1"       14062.97186            28.288                 1    0.741314608446                 0      0.7478416183        30.8641026
    "BPM.14R6.B1"    "BPMYB.5L2.B1"       14116.42334            28.288                 1    0.861318235912                 0      0.8656275883       30.98188857
    "BPM.17R6.B1"    "BPMYB.5L2.B1"       14276.77779            28.288                 1    0.265516205032                 0      0.2680256483       31.38428663
    "BPM.19R6.B1"    "BPMYB.5L2.B1"       14383.68076            28.288                 1    0.524119509683                 0      0.5239801783       31.64024116
    "BPM.20R6.B1"    "BPMYB.5L2.B1"       14437.13225            28.288                 1     0.64348504295                 0      0.6430240083       31.75928499
    "BPM.21R6.B1"    "BPMYB.5L2.B1"       14490.58373            28.288                 1    0.791815178876                 0      0.7880864983       31.90434748
    "BPM.22R6.B1"    "BPMYB.5L2.B1"       14544.03522            28.288                 1     0.90854461753                 0      0.9044986283       32.02075961
    "BPM.23R6.B1"    "BPMYB.5L2.B1"        14597.4867            28.288                 1   0.0502701423253                 0      0.0444413183        32.1607023
    "BPM.24R6.B1"    "BPMYB.5L2.B1"       14650.93818            28.288                 1    0.166294218427                 0      0.1608639583       32.27712494
    "BPM.25R6.B1"    "BPMYB.5L2.B1"       14704.38967            28.288                 1    0.301881733867                 0      0.3008081983       32.41706918
    "BPM.26R6.B1"    "BPMYB.5L2.B1"       14757.84115            28.288                 1    0.420292860976                 0      0.4172200583       32.53348104
    "BPM.27R6.B1"    "BPMYB.5L2.B1"       14811.29264            28.288                 1    0.560067647353                 0      0.5571637483       32.67342473
    "BPM.29R6.B1"    "BPMYB.5L2.B1"        14918.1956            28.288                 1    0.813770741232                 0      0.8135296683       32.92979065
    "BPM.30R6.B1"    "BPMYB.5L2.B1"       14971.64709            28.288                 1    0.931284308315                 0      0.9299415583       33.04620254
    "BPM.31R6.B1"    "BPMYB.5L2.B1"       15025.09857            28.288                 1   0.0723238192323                 0      0.0698862483       33.18614723
    "BPM.33R6.B1"    "BPMYB.5L2.B1"       15132.00154            28.288                 1    0.326300370816                 0      0.3262510783       33.44251206
    "BPM.34R6.B1"    "BPMYB.5L2.B1"       15185.45302            28.288                 1    0.442799785769                 0      0.4426631383       33.55892412
    "BPM.33L7.B1"    "BPMYB.5L2.B1"       15238.90451            28.288                 1    0.581115330065                 0      0.5826087883       33.69886977
    "BPM.32L7.B1"    "BPMYB.5L2.B1"       15292.35599            28.288                 1    0.699525763665                 0      0.6990311283       33.81529211
    "BPM.31L7.B1"    "BPMYB.5L2.B1"       15345.80748            28.288                 1    0.839281727191                 0      0.8389724483       33.95523343
    "BPM.30L7.B1"    "BPMYB.5L2.B1"       15399.25896            28.288                 1    0.950552660328                 0      0.9553847983       34.07164578
    "BPM.29L7.B1"    "BPMYB.5L2.B1"       15452.71045            28.288                 1   0.0924894539143                 0      0.0953313783       34.21159236
    "BPM.28L7.B1"    "BPMYB.5L2.B1"       15506.16193            28.288                 1    0.204203608852                 0      0.2117533483       34.32801433
    "BPM.27L7.B1"    "BPMYB.5L2.B1"       15559.61341            28.288                 1    0.348412117985                 0      0.3516937783       34.46795476
    "BPM.26L7.B1"    "BPMYB.5L2.B1"        15613.0649            28.288                 1    0.465733645615                 0      0.4681065583       34.58436754
    "BPM.25L7.B1"    "BPMYB.5L2.B1"       15666.51638            28.288                 1    0.606330391618                 0      0.6080539783       34.72431496
    "BPM.24L7.B1"    "BPMYB.5L2.B1"       15719.96787            28.288                 1     0.72215122444                 0      0.7244754783       34.84073646
    "BPM.23L7.B1"    "BPMYB.5L2.B1"       15773.41935            28.288                 1    0.859600464876                 0      0.8644150983       34.98067608
    "BPM.22L7.B1"    "BPMYB.5L2.B1"       15826.87083            28.288                 1    0.978145974934                 0      0.9808284183        35.0970894
    "BPM.21L7.B1"    "BPMYB.5L2.B1"       15880.32232            28.288                 1    0.118378054966                 0      0.1207765983       35.23703758
    "BPM.20L7.B1"    "BPMYB.5L2.B1"        15933.7738            28.288                 1    0.237058980343                 0      0.2409836083       35.35724459
    "BPM.17L7.B1"    "BPMYB.5L2.B1"       16094.12825            28.288                 1     0.63976767082                 0      0.6408280383       35.75708902
    "BPM.16L7.B1"    "BPMYB.5L2.B1"       16147.57974            28.288                 1    0.762613005775                 0      0.7613878583       35.87764884
    "BPM.15L7.B1"    "BPMYB.5L2.B1"       16201.03122            28.288                 1    0.906143685103                 0      0.9044203683       36.02068135
    "BPM.14L7.B1"    "BPMYB.5L2.B1"       16254.48271            28.288                 1   0.0181432700903                 0      0.0196105183        36.1358715
    "BPM.13L7.B1"    "BPMYB.5L2.B1"       16307.93419            28.288                 1    0.164176516087                 0      0.1609995183        36.2772605
    "BPM.12L7.B1"    "BPMYB.5L2.B1"       16361.38567            28.288                 1    0.271973271164                 0      0.2700421183        36.3863031
    "BPM.11L7.B1"    "BPMYB.5L2.B1"       16414.83716            28.288                 1    0.398019659351                 0      0.3968537683       36.51311475
    "BPM.10L7.B1"    "BPMYB.5L2.B1"       16467.61985            28.288                 1    0.490782528499                 0      0.4887430183         36.605004
     "BPM.9L7.B1"    "BPMYB.5L2.B1"       16506.68684            28.288                 1    0.570424487822                 0      0.5684088983       36.68466988
     "BPM.7L7.B1"    "BPMYB.5L2.B1"       16586.21782            28.288                 1    0.705750704317                 0      0.7059482083       36.82220919
     "BPM.6L7.B1"    "BPMYB.5L2.B1"       16621.03582            28.288                 1    0.769960684472                 0      0.7717105683       36.88797155
   "BPMWC.6L7.B1"    "BPMYB.5L2.B1"       16633.13832            28.288                 1    0.811382859635                 0      0.8133241883       36.92958517
   "BPMWE.5L7.B1"    "BPMYB.5L2.B1"       16710.19232            28.288                 1    0.919217198952                 0      0.9190953783       37.03535636
    "BPMW.5L7.B1"    "BPMYB.5L2.B1"       16733.39732            28.288                 1    0.929951591443                 0      0.9305238483       37.04678483
   "BPMWE.4L7.B1"    "BPMYB.5L2.B1"       16768.48232            28.288                 1    0.964473368073                 0      0.9650149983       37.08127598
    "BPMW.4R7.B1"    "BPMYB.5L2.B1"       16912.63432            28.288                 1    0.186439189481                 0      0.1865251783       37.30278616
   "BPMWE.4R7.B1"    "BPMYB.5L2.B1"       16940.73932            28.288                 1    0.196208964096                 0      0.1985271683       37.31478815
    "BPMW.5R7.B1"    "BPMYB.5L2.B1"       16975.82432            28.288                 1    0.232831593197                 0      0.2312296783       37.34749066
   "BPMWE.5R7.B1"    "BPMYB.5L2.B1"       16999.02932            28.288                 1    0.290771319324                 0      0.2924741883       37.40873517
    "BPMR.6R7.B1"    "BPMYB.5L2.B1"       17078.24482            28.288                 1    0.462238942629                 0      0.4648945683       37.58115555
   "BPM_A.7R7.B1"    "BPMYB.5L2.B1"       17116.28082            28.288                 1    0.518760793055                 0      0.5214692083       37.63773019
     "BPM.8R7.B1"    "BPMYB.5L2.B1"       17155.34681            28.288                 1    0.602130693823                 0      0.6027244583       37.71898544
     "BPM.9R7.B1"    "BPMYB.5L2.B1"        17194.4138            28.288                 1    0.683231394604                 0      0.6817759183        37.7980369
    "BPM.10R7.B1"    "BPMYB.5L2.B1"       17234.87878            28.288                 1    0.767547349482                 0      0.7671411383       37.88340212
    "BPM.11R7.B1"    "BPMYB.5L2.B1"       17287.66147            28.288                 1    0.871775087921                 0      0.8761617183        37.9924227
    "BPM.12R7.B1"    "BPMYB.5L2.B1"       17342.38796            28.288                 1  0.00916679125831                 0      0.0129927683       38.12925375
    "BPM.13R7.B1"    "BPMYB.5L2.B1"       17395.83944            28.288                 1    0.127064527722                 0      0.1297405783       38.24600156
    "BPM.14R7.B1"    "BPMYB.5L2.B1"       17449.29093            28.288                 1    0.266189920499                 0      0.2687583483       38.38501933
    "BPM.15R7.B1"    "BPMYB.5L2.B1"       17502.74241            28.288                 1    0.386508261007                 0      0.3878494483       38.50411043
    "BPM.16R7.B1"    "BPMYB.5L2.B1"       17556.19389            28.288                 1    0.530933817071                 0      0.5327659783       38.64902696
    "BPM.17R7.B1"    "BPMYB.5L2.B1"       17609.64538            28.288                 1    0.647681672779                 0      0.6491513483       38.76541233
    "BPM.18R7.B1"    "BPMYB.5L2.B1"       17663.09686            28.288                 1    0.787128672849                 0      0.7885489983       38.90480998
    "BPM.19R7.B1"    "BPMYB.5L2.B1"       17716.54835            28.288                 1    0.904978468556                 0      0.9082491983       39.02451018
    "BPM.20R7.B1"    "BPMYB.5L2.B1"       17769.99983            28.288                 1   0.0530436466253                 0      0.0526762683       39.16893725
    "BPM.23R7.B1"    "BPMYB.5L2.B1"       17930.35428            28.288                 1    0.424814561849                 0      0.4248822783       39.54114326
    "BPM.24R7.B1"    "BPMYB.5L2.B1"       17983.80577            28.288                 1    0.564618176464                 0      0.5648297783       39.68109076
    "BPM.25R7.B1"    "BPMYB.5L2.B1"       18037.25725            28.288                 1    0.680779798094                 0      0.6812511583       39.79751214
    "BPM.26R7.B1"    "BPMYB.5L2.B1"       18090.70874            28.288                 1    0.819601379228                 0      0.8211907083       39.93745169
    "BPM.28R7.B1"    "BPMYB.5L2.B1"        18197.6117            28.288                 1   0.0763362410403                 0      0.0775523883       40.19381337
    "BPM.29R7.B1"    "BPMYB.5L2.B1"       18251.06319            28.288                 1    0.192415609822                 0      0.1939731683       40.31023415
    "BPM.30R7.B1"    "BPMYB.5L2.B1"       18304.51467            28.288                 1    0.333480208708                 0      0.3339120383       40.45017302
    "BPM.31R7.B1"    "BPMYB.5L2.B1"       18357.96616            28.288                 1    0.448605033933                 0      0.4503261383       40.56658712
    "BPM.32R7.B1"    "BPMYB.5L2.B1"       18411.41764            28.288                 1    0.588465162289                 0      0.5902749783       40.70653596
    "BPM.33R7.B1"    "BPMYB.5L2.B1"       18464.86912            28.288                 1    0.715928111082                 0      0.7066950683       40.82295605
    "BPM.34R7.B1"    "BPMYB.5L2.B1"       18518.32061            28.288                 1    0.843748492202                 0      0.8466333883       40.96289437
    "BPM.33L8.B1"    "BPMYB.5L2.B1"       18571.77209            28.288                 1    0.961467928472                 0      0.9630482183        41.0793092
    "BPM.32L8.B1"    "BPMYB.5L2.B1"       18625.22358            28.288                 1   0.0994374277233                 0      0.1029975483       41.21925853
    "BPM.31L8.B1"    "BPMYB.5L2.B1"       18678.67506            28.288                 1    0.217496577019                 0      0.2194168683       41.33567785
    "BPM.30L8.B1"    "BPMYB.5L2.B1"       18732.12654            28.288                 1    0.357276210803                 0      0.3593547783       41.47561576
    "BPM.29L8.B1"    "BPMYB.5L2.B1"       18785.57803            28.288                 1    0.473488009468                 0      0.4757703883       41.59203137
    "BPM.28L8.B1"    "BPMYB.5L2.B1"       18839.02951            28.288                 1    0.612673298113                 0      0.6157200683       41.73198105
    "BPM.27L8.B1"    "BPMYB.5L2.B1"         18892.481            28.288                 1    0.732208638958                 0      0.7321385683       41.84839955
    "BPM.25L8.B1"    "BPMYB.5L2.B1"       18999.38397            28.288                 1    0.985951606682                 0      0.9884926683       42.10475365
    "BPM.22L8.B1"    "BPMYB.5L2.B1"       19159.73842            28.288                 1    0.383881633459                 0      0.3847977183        42.5010587
    "BPM.21L8.B1"    "BPMYB.5L2.B1"        19213.1899            28.288                 1     0.49725396685                 0      0.5012150183         42.617476
    "BPM.20L8.B1"    "BPMYB.5L2.B1"       19266.64139            28.288                 1    0.638330404804                 0      0.6404744583       42.75673544
    "BPM.19L8.B1"    "BPMYB.5L2.B1"       19320.09287            28.288                 1    0.759292572181                 0      0.7601532383       42.87641422
    "BPM.18L8.B1"    "BPMYB.5L2.B1"       19373.54435            28.288                 1    0.906999598127                 0      0.9047254683       43.02098645
    "BPM.15L8.B1"    "BPMYB.5L2.B1"       19533.89881            28.288                 1    0.282319769826                 0      0.2805878183        43.3968488
    "BPM.14L8.B1"    "BPMYB.5L2.B1"       19587.35029            28.288                 1    0.427264295855                 0      0.4245196183        43.5407806
    "BPM.13L8.B1"    "BPMYB.5L2.B1"       19640.80177            28.288                 1    0.539581075941                 0      0.5399406383       43.65620162
    "BPM.12L8.B1"    "BPMYB.5L2.B1"       19694.25326            28.288                 1    0.681583358537                 0      0.6803174883       43.79657847
    "BPM.11L8.B1"    "BPMYB.5L2.B1"       19747.70474            28.288                 1    0.794863627565                 0      0.7931648083       43.90942579
    "BPM.10L8.B1"    "BPMYB.5L2.B1"       19799.54543            28.288                 1    0.927048981147                 0      0.9252325883       44.04149357
     "BPM.9L8.B1"    "BPMYB.5L2.B1"       19838.61242            28.288                 1    0.991745356364                 0      0.9911743483       44.10743533
     "BPM.8L8.B1"    "BPMYB.5L2.B1"       19879.07741            28.288                 1   0.0822281656733                 0      0.0823083483       44.19856933
     "BPM.7L8.B1"    "BPMYB.5L2.B1"        19918.1454            28.288                 1     0.18260303272                 0      0.1803493183        44.2966103
    "BPMR.6L8.B1"    "BPMYB.5L2.B1"        19950.6144            28.288                 1    0.315344619787                 0      0.3146145683       44.43087555
     "BPM.5L8.B1"    "BPMYB.5L2.B1"        20011.0334            28.288                 1    0.596734432825                 0      0.5990938383       44.71535482
   "BPMYB.4L8.B1"    "BPMYB.5L2.B1"        20031.8004            28.288                 1    0.624860859032                 0      0.6268029283       44.74306391
   "BPMWB.4L8.B1"    "BPMYB.5L2.B1"        20056.1919            28.288                 1    0.638509074281                 0      0.6411164583       44.75737744
   "BPMSX.4L8.B1"    "BPMYB.5L2.B1"        20106.4249            28.288                 1    0.666512127707                 0      0.6671277583       44.78338874
    "BPMS.2L8.B1"    "BPMYB.5L2.B1"        20144.3364            28.288                 1    0.681273650076                 0      0.6806809683       44.79694195
   "BPMSW.1L8.B1"    "BPMYB.5L2.B1"        20154.2704            28.288                 1    0.687225370632                 0      0.6868314683       44.80309245
   "BPMSW.1R8.B1"    "BPMYB.5L2.B1"        20197.4604            28.288                 1    0.141856546758                 0      0.1428931483       45.25915413
    "BPMS.2R8.B1"    "BPMYB.5L2.B1"        20207.3944            28.288                 1    0.147986935595                 0      0.1508333083       45.26709429
   "BPMWB.4R8.B1"    "BPMYB.5L2.B1"        20295.4629            28.288                 1    0.190087937618                 0      0.1885879183        45.3048489
   "BPMYB.4R8.B1"    "BPMYB.5L2.B1"        20319.9304            28.288                 1    0.213086568059                 0      0.2114340983       45.32769508
   "BPMYB.5R8.B1"    "BPMYB.5L2.B1"        20340.5074            28.288                 1    0.232510710084                 0      0.2307746683       45.34703565
     "BPM.6R8.B1"    "BPMYB.5L2.B1"        20424.6154            28.288                 1    0.465294997174                 0      0.4689305583       45.58519154
   "BPM_A.7R8.B1"    "BPMYB.5L2.B1"        20446.8554            28.288                 1    0.509077007502                 0      0.5122337783       45.62849476
    "BPM.10R8.B1"    "BPMYB.5L2.B1"       20567.82043            28.288                 1    0.958619056717                 0      0.9578684683       46.07412945
    "BPM.11R8.B1"    "BPMYB.5L2.B1"       20619.65914            28.288                 1    0.118783831016                 0      0.1197520383       46.23601302
    "BPM.12R8.B1"    "BPMYB.5L2.B1"       20674.38266            28.288                 1    0.218749845144                 0      0.2168769683       46.33313795
    "BPM.13R8.B1"    "BPMYB.5L2.B1"       20727.83117            28.288                 1    0.333498720691                 0      0.3322201983       46.44848118
    "BPM.14R8.B1"    "BPMYB.5L2.B1"       20781.27969            28.288                 1    0.447914504141                 0      0.4460529583       46.56231394
    "BPM.15R8.B1"    "BPMYB.5L2.B1"       20834.72821            28.288                 1    0.689427245048                 0      0.5822056983       46.69846668
    "BPM.16R8.B1"    "BPMYB.5L2.B1"       20888.17672            28.288                 1    0.695444002188                 0      0.6960349183        46.8122959
    "BPM.17R8.B1"    "BPMYB.5L2.B1"       20941.62524            28.288                 1    0.827796776378                 0      0.8321708383       46.94843182
    "BPM.18R8.B1"    "BPMYB.5L2.B1"       20995.07375            28.288                 1    0.942407574494                 0      0.9460043883       47.06226537
    "BPM.19R8.B1"    "BPMYB.5L2.B1"       21048.52227            28.288                 1   0.0769503368583                 0      0.0821571283       47.19841811
    "BPM.22R8.B1"    "BPMYB.5L2.B1"       21208.86782            28.288                 1    0.542207769388                 0      0.4459558183        47.5622168
    "BPM.23R8.B1"    "BPMYB.5L2.B1"       21262.31633            28.288                 1    0.572535418531                 0      0.5821089983       47.69836998
    "BPM.24R8.B1"    "BPMYB.5L2.B1"       21315.76485            28.288                 1    0.685653017807                 0      0.6959435783       47.81220456
    "BPM.25R8.B1"    "BPMYB.5L2.B1"       21369.21337            28.288                 1    0.822662698073                 0      0.8320862183        47.9483472
    "BPM.26R8.B1"    "BPMYB.5L2.B1"       21422.66188            28.288                 1    0.936798320624                 0      0.9459197583       48.06218074
    "BPM.27R8.B1"    "BPMYB.5L2.B1"        21476.1104            28.288                 1   0.0741104752723                 0      0.0820729383       48.19833392
    "BPM.29R8.B1"    "BPMYB.5L2.B1"       21583.00743            28.288                 1    0.323805807417                 0      0.3320501583       48.44831114
    "BPM.30R8.B1"    "BPMYB.5L2.B1"       21636.45594            28.288                 1    0.436404984084                 0      0.4458836983       48.56214468
    "BPM.31R8.B1"    "BPMYB.5L2.B1"       21689.90446            28.288                 1    0.576099571578                 0      0.5820368783       48.69829786
    "BPM.32R8.B1"    "BPMYB.5L2.B1"       21743.35298            28.288                 1    0.687409945769                 0      0.6958714683       48.81213245
    "BPM.33R8.B1"    "BPMYB.5L2.B1"       21796.80149            28.288                 1    0.824975011293                 0      0.8320141083       48.94827509
    "BPM.34R8.B1"    "BPMYB.5L2.B1"       21850.25001            28.288                 1    0.938993267757                 0      0.9458476383       49.06210862
    "BPM.33L1.B1"    "BPMYB.5L2.B1"       21903.69852            28.288                 1   0.0763085680093                 0      0.0820008183        49.1982618
    "BPM.32L1.B1"    "BPMYB.5L2.B1"       21957.14704            28.288                 1     0.19123794495                 0      0.1958354083       49.31209639
    "BPM.31L1.B1"    "BPMYB.5L2.B1"       22010.59556            28.288                 1    0.326556725064                 0      0.3319780483       49.44823903
    "BPM.30L1.B1"    "BPMYB.5L2.B1"       22064.04407            28.288                 1    0.442431382694                 0      0.4458115883       49.56207257
    "BPM.29L1.B1"    "BPMYB.5L2.B1"       22117.49259            28.288                 1    0.578156830219                 0      0.5819647683       49.69822575
    "BPM.28L1.B1"    "BPMYB.5L2.B1"        22170.9411            28.288                 1    0.688848130053                 0      0.6957993583       49.81206034
    "BPM.27L1.B1"    "BPMYB.5L2.B1"       22224.38962            28.288                 1    0.827105100391                 0      0.8319419983       49.94820298
    "BPM.26L1.B1"    "BPMYB.5L2.B1"       22277.83814            28.288                 1    0.942662810744                 0      0.9457755283       50.06203651
    "BPM.25L1.B1"    "BPMYB.5L2.B1"       22331.28665            28.288                 1   0.0756676829313                 0      0.0819287083       50.19818969
    "BPM.24L1.B1"    "BPMYB.5L2.B1"       22384.73517            28.288                 1    0.189507550735                 0      0.1957632983       50.31202428
    "BPM.23L1.B1"    "BPMYB.5L2.B1"       22438.18368            28.288                 1    0.327478849727                 0      0.3319059383       50.44816692
    "BPM.22L1.B1"    "BPMYB.5L2.B1"        22491.6322            28.288                 1    0.441988108658                 0      0.4457394683       50.56200045
    "BPM.21L1.B1"    "BPMYB.5L2.B1"       22545.08071            28.288                 1    0.576879198697                 0      0.5818926483       50.69815363
    "BPM.20L1.B1"    "BPMYB.5L2.B1"       22598.52923            28.288                 1     0.68818240869                 0      0.6957222583       50.81198324
    "BPM.19L1.B1"    "BPMYB.5L2.B1"       22651.97775            28.288                 1    0.824489215206                 0      0.8318581783       50.94811916
    "BPM.18L1.B1"    "BPMYB.5L2.B1"       22705.42626            28.288                 1    0.940992219255                 0      0.9456917083       51.06195269
    "BPM.17L1.B1"    "BPMYB.5L2.B1"       22758.87478            28.288                 1   0.0738904031563                 0      0.0818448883       51.19810587
    "BPM.16L1.B1"    "BPMYB.5L2.B1"       22812.32329            28.288                 1    0.182333287572                 0      0.1956745083       51.31193549
    "BPM.15L1.B1"    "BPMYB.5L2.B1"       22865.77181            28.288                 1    0.320557695591                 0      0.3318104283       51.44807141
    "BPM.14L1.B1"    "BPMYB.5L2.B1"       22919.22033            28.288                 1    0.435648759796                 0      0.4456439483       51.56190493
    "BPM.13L1.B1"    "BPMYB.5L2.B1"       22972.66884            28.288                 1    0.570027580735                 0      0.5817971283       51.69805811
    "BPM.12L1.B1"    "BPMYB.5L2.B1"       23026.11736            28.288                 1    0.676848458978                 0      0.6884542583       51.80471524
    "BPM.11L1.B1"    "BPMYB.5L2.B1"       23079.56587            28.288                 1    0.805026702764                 0      0.8159810183         51.932242
    "BPM.10L1.B1"    "BPMYB.5L2.B1"       23132.34658            28.288                 1     0.88965822393                 0      0.8997753183        52.0160363
     "BPM.9L1.B1"    "BPMYB.5L2.B1"        23171.4116            28.288                 1    0.951268766204                 0      0.9610644683       52.07732545
    "BPMR.7L1.B1"    "BPMYB.5L2.B1"       23250.94062            28.288                 1     0.34828739443                 0      0.3528269083       52.46908789
   "BPMYA.4L1.B1"    "BPMYB.5L2.B1"       23347.14262            28.288                 1     0.80343101473                 0      0.8088380783       52.92509906
   "BPMWB.4L1.B1"    "BPMYB.5L2.B1"       23368.27512            28.288                 1    0.809852579663                 0      0.8150742783       52.93133526
   "BPMSY.4L1.B1"    "BPMYB.5L2.B1"       23461.05512            28.288                 1    0.818103295416                 0      0.8222713483       52.93853233
    "BPMS.2L1.B1"    "BPMYB.5L2.B1"       23487.84062            28.288                 1    0.818673392902                 0      0.8239283083       52.94018929
   "BPMSW.1L1.B1"    "BPMYB.5L2.B1"       23497.79062            28.288                 1    0.820786678499                 0      0.8250011483       52.94126213
   "BPMSW.1R1.B1"    "BPMYB.5L2.B1"       23540.93362            28.288                 1    0.314808426261                 0      0.3190996183        53.4353606
    "BPMS.2R1.B1"    "BPMYB.5L2.B1"       23550.89862            28.288                 1    0.315384259111                 0      0.3199362183        53.4361972
   "BPMSY.4R1.B1"    "BPMYB.5L2.B1"       23577.68412            28.288                 1    0.316457421353                 0      0.3210782983       53.43733928
   "BPMWB.4R1.B1"    "BPMYB.5L2.B1"       23670.46412            28.288                 1    0.324873998733                 0      0.3292474283       53.44550841
   "BPMYA.4R1.B1"    "BPMYB.5L2.B1"       23691.59662            28.288                 1    0.327308241538                 0      0.3320497983       53.44831078
     "BPM.5R1.B1"    "BPMYB.5L2.B1"       23719.00462            28.288                 1    0.332585961193                 0      0.3384287283       53.45468971
    "BPMR.6R1.B1"    "BPMYB.5L2.B1"       23750.90462            28.288                 1    0.351589744506                 0      0.3576544483       53.47391543
   "BPMSX.7R1.B1"    "BPMYB.5L2.B1"       23757.12012            28.288                 1    0.362452260117                 0      0.3653306883       53.48159167
   "BPM_A.7R1.B1"    "BPMYB.5L2.B1"       23778.62862            28.288                 1    0.443119072634                 0      0.4386531383       53.55491412
     "BPM.8R1.B1"    "BPMYB.5L2.B1"       23820.06761            28.288                 1    0.654163298133                 0      0.6480705083       53.76433149
     "BPM.9R1.B1"    "BPMYB.5L2.B1"        23859.1346            28.288                 1    0.731746024596                 0      0.7282657483       53.84452673
    "BPM.10R1.B1"    "BPMYB.5L2.B1"       23899.59958            28.288                 1    0.817796485685                 0      0.8194050283       53.93566601
    "BPM.11R1.B1"    "BPMYB.5L2.B1"       23952.38227            28.288                 1     0.93131995677                 0      0.9360575483       54.05231853
    "BPM.12R1.B1"    "BPMYB.5L2.B1"       24007.10876            28.288                 1   0.0794271562413                 0      0.0824987983       54.19875978
    "BPM.13R1.B1"    "BPMYB.5L2.B1"       24060.56024            28.288                 1    0.198531080155                 0      0.1968565383       54.31311752
    "BPM.14R1.B1"    "BPMYB.5L2.B1"       24114.01173            28.288                 1     0.33110596195                 0      0.3330100783       54.44927106
    "BPM.15R1.B1"    "BPMYB.5L2.B1"       24167.46321            28.288                 1    0.447170772785                 0      0.4468464083       54.56310739
    "BPM.16R1.B1"    "BPMYB.5L2.B1"       24220.91469            28.288                 1    0.582602656627                 0      0.5830027483       54.69926373
    "BPM.17R1.B1"    "BPMYB.5L2.B1"       24274.36618            28.288                 1    0.698232029757                 0      0.6968446283       54.81310561
    "BPM.18R1.B1"    "BPMYB.5L2.B1"       24327.81766            28.288                 1    0.831609396615                 0      0.8329975683       54.94925855
    "BPM.19R1.B1"    "BPMYB.5L2.B1"       24381.26915            28.288                 1    0.946429002775                 0      0.9468338883       55.06309487
    "BPM.20R1.B1"    "BPMYB.5L2.B1"       24434.72063            28.288                 1   0.0860288786523                 0      0.0829902283       55.19925121
    "BPM.21R1.B1"    "BPMYB.5L2.B1"       24488.17211            28.288                 1    0.199921054831                 0      0.1968321183        55.3130931
    "BPM.22R1.B1"    "BPMYB.5L2.B1"        24541.6236            28.288                 1    0.335065873154                 0      0.3329850583       55.44924604
    "BPM.23R1.B1"    "BPMYB.5L2.B1"       24595.07508            28.288                 1    0.446893253504                 0      0.4468263583       55.56308734
    "BPM.24R1.B1"    "BPMYB.5L2.B1"       24648.52657            28.288                 1     0.58361631822                 0      0.5829898683       55.69925085
    "BPM.25R1.B1"    "BPMYB.5L2.B1"       24701.97805            28.288                 1    0.699239089901                 0      0.6968321183        55.8130931
    "BPM.26R1.B1"    "BPMYB.5L2.B1"       24755.42954            28.288                 1    0.832573066628                 0      0.8329850583       55.94924604
    "BPM.27R1.B1"    "BPMYB.5L2.B1"       24808.88102            28.288                 1    0.947201837173                 0      0.9468263583       56.06308734
    "BPM.28R1.B1"    "BPMYB.5L2.B1"        24862.3325            28.288                 1   0.0836321078263                 0      0.0829898683       56.19925085
    "BPM.29R1.B1"    "BPMYB.5L2.B1"       24915.78399            28.288                 1    0.198061354016                 0      0.1968321183        56.3130931
    "BPM.30R1.B1"    "BPMYB.5L2.B1"       24969.23547            28.288                 1    0.331820007612                 0      0.3329850583       56.44924604
    "BPM.31R1.B1"    "BPMYB.5L2.B1"       25022.68696            28.288                 1    0.449144283073                 0      0.4468263583       56.56308734
    "BPM.34R1.B1"    "BPMYB.5L2.B1"       25183.04141            28.288                 1    0.833754862457                 0      0.8329850583       56.94924604
    "BPM.33L2.B1"    "BPMYB.5L2.B1"       25236.49289            28.288                 1    0.946737143054                 0      0.9468263583       57.06308734
    "BPM.32L2.B1"    "BPMYB.5L2.B1"       25289.94438            28.288                 1   0.0821182138693                 0      0.0829898683       57.19925085
    "BPM.31L2.B1"    "BPMYB.5L2.B1"       25343.39586            28.288                 1    0.197863509851                 0      0.1968321183        57.3130931
    "BPM.30L2.B1"    "BPMYB.5L2.B1"       25396.84734            28.288                 1    0.335866374452                 0      0.3329850583       57.44924604
    "BPM.29L2.B1"    "BPMYB.5L2.B1"       25450.29883            28.288                 1     0.44484804731                 0      0.4468263583       57.56308734
    "BPM.28L2.B1"    "BPMYB.5L2.B1"       25503.75031            28.288                 1    0.584424659662                 0      0.5829898683       57.69925085
    "BPM.27L2.B1"    "BPMYB.5L2.B1"        25557.2018            28.288                 1    0.697649958523                 0      0.6968321183        57.8130931
    "BPM.26L2.B1"    "BPMYB.5L2.B1"       25610.65328            28.288                 1    0.836222042344                 0      0.8329850583       57.94924604
    "BPM.25L2.B1"    "BPMYB.5L2.B1"       25664.10477            28.288                 1    0.946724706215                 0      0.9468263583       58.06308734
    "BPM.24L2.B1"    "BPMYB.5L2.B1"       25717.55625            28.288                 1   0.0841618676373                 0      0.0829898683       58.19925085
    "BPM.23L2.B1"    "BPMYB.5L2.B1"       25771.00773            28.288                 1    0.199517314373                 0      0.1968321183        58.3130931
    "BPM.22L2.B1"    "BPMYB.5L2.B1"       25824.45922            28.288                 1    0.335242089004                 0      0.3329850583       58.44924604
    "BPM.21L2.B1"    "BPMYB.5L2.B1"        25877.9107            28.288                 1     0.44882477678                 0      0.4468263583       58.56308734
    "BPM.20L2.B1"    "BPMYB.5L2.B1"       25931.36219            28.288                 1    0.582986786522                 0      0.5829894183        58.6992504
    "BPM.17L2.B1"    "BPMYB.5L2.B1"       26091.71664            28.288                 1    0.950668855316                 0      0.9468138483       59.06307483
    "BPM.16L2.B1"    "BPMYB.5L2.B1"       26145.16812            28.288                 1   0.0837278377863                 0      0.0829769083       59.19923789
    "BPM.15L2.B1"    "BPMYB.5L2.B1"       26198.61961            28.288                 1    0.198840108685                 0      0.1968138083       59.31307479
    "BPM.14L2.B1"    "BPMYB.5L2.B1"       26252.07109            28.288                 1     0.33707770247                 0      0.3329600283       59.44922101
    "BPM.13L2.B1"    "BPMYB.5L2.B1"       26305.52257            28.288                 1    0.449734402917                 0      0.4468013383       59.56306232
    "BPM.12L2.B1"    "BPMYB.5L2.B1"       26358.97406            28.288                 1    0.583671484083                 0      0.5819567783       59.69821776
    "BPM.11L2.B1"    "BPMYB.5L2.B1"       26412.42554            28.288                 1    0.700827777709                 0      0.7006302283       59.81689121
    "BPM.10L2.B1"    "BPMYB.5L2.B1"       26464.26623            28.288                 1    0.842042206541                 0      0.8406718883       59.95693287
     "BPM.9L2.B1"    "BPMYB.5L2.B1"       26503.33322            28.288                 1    0.912699808996                 0      0.9104205483       60.02668153
     "BPM.8L2.B1"    "BPMYB.5L2.B1"       26543.79821            28.288                 1   0.0265652841543                 0      0.0208077483       60.13706873
     "BPM.7L2.B1"    "BPMYB.5L2.B1"        26582.8662            28.288                 1   0.0982386878993                 0      0.0899238083       60.20618479
    "BPMR.6L2.B1"    "BPMYB.5L2.B1"        26614.9722            28.288                 1    0.143780681166                 0      0.1370167783       60.25327776